Running in fitting mode

Reading "/home/boittier/pydcm/models/fbutadiene-5/ref/B.p.cube"...

  B.pdb Potential
  Electrostatic potential from Total SCF Density
   10   -9.523505   -7.980533   -7.103730
  119    0.166667    0.000000    0.000000
   91    0.000000    0.166667    0.000000
   86    0.000000    0.000000    0.166667
    6    6.000000   -3.010753   -1.467781    0.411389
    6    6.000000   -0.986749   -0.122455   -0.217071
    6    6.000000    1.601222   -1.053695   -0.590978
    6    6.000000    3.633552   -0.023214    0.486105
    1    1.000000   -4.798379   -0.560773    0.811121
    1    1.000000   -2.897238   -3.506380    0.487381
    9    9.000000   -1.166171    2.450557   -0.229039
    1    1.000000    1.766796   -2.828174   -1.608960
    1    1.000000    3.515233    1.709731    1.572033
    1    1.000000    5.485495   -0.866552    0.263106
  3.31692E-03  3.41411E-03  3.50260E-03  3.58165E-03  3.65062E-03  3.70898E-03
       .            .            .            .            .            .
       .            .            .            .            .            .
       .            .            .            .            .            .
  3.60191E-03  3.68247E-03  3.75480E-03  3.81850E-03  3.87330E-03  3.91898E-03

431831 out of 931294 gridpoints are considered ( 46.4%).

...done!




 Refining solution from file/home/boittier/pydcm/models/fbutadiene-5/4-combine/13-combined.xyz
 Contains     13 charges
      Initial RMSE =         6.210241702E-01 kcal/mol
Running DE in parallel with 1 thread(s)!


User requested refinement using simplex algorithm (no DE)

 performing expansion, best =    9.4575308089796630E-004
 performing expansion, best =    9.3898856189974275E-004
 performing expansion, best =    9.3639160111516238E-004
 performing expansion, best =    9.3619477210781594E-004
 performing expansion, best =    9.2359782053552978E-004
 performing expansion, best =    9.1870030562632486E-004
 performing expansion, best =    9.1595154225523098E-004
 performing expansion, best =    9.1475956942726816E-004
 performing expansion, best =    9.1339928163122882E-004
 performing expansion, best =    9.1163791204298169E-004
 performing expansion, best =    9.1100145759813499E-004
 performing expansion, best =    9.0933298412454390E-004
 performing expansion, best =    9.0928310110263135E-004
 performing expansion, best =    9.0908621775023649E-004
 performing expansion, best =    9.0705699534407934E-004
 performing expansion, best =    9.0640183411606521E-004
 performing expansion, best =    9.0470511631470050E-004
 performing expansion, best =    9.0324363786522329E-004
 performing expansion, best =    9.0102663049483459E-004
 performing expansion, best =    8.9956517207554008E-004
 performing expansion, best =    8.9897726255029349E-004
 performing expansion, best =    8.9819801133919944E-004
 performing expansion, best =    8.9740781653063707E-004
 performing expansion, best =    8.9672042378421881E-004
 performing expansion, best =    8.9668586252931331E-004
 performing expansion, best =    8.9656968377552194E-004
 performing expansion, best =    8.9643732180248845E-004
 performing expansion, best =    8.9566286745487841E-004
 performing expansion, best =    8.9539107866279301E-004
 performing expansion, best =    8.9508476970363436E-004
 performing expansion, best =    8.9500367395889294E-004
 performing expansion, best =    8.9492914916048207E-004
 performing expansion, best =    8.9491550898817196E-004
 performing expansion, best =    8.9488739938585742E-004
 performing expansion, best =    8.9459137117445871E-004
 performing expansion, best =    8.9450572540283294E-004
 performing expansion, best =    8.9409951082525068E-004
 performing expansion, best =    8.9406816976770958E-004
 performing expansion, best =    8.9390278073684824E-004
 performing expansion, best =    8.9386423348928408E-004
 performing expansion, best =    8.9374125464512636E-004
 performing expansion, best =    8.9361236524824941E-004
 performing expansion, best =    8.9351314173332849E-004
 performing expansion, best =    8.9322515208499292E-004
 performing expansion, best =    8.9301600662015142E-004
 performing expansion, best =    8.9275108886345848E-004
 performing expansion, best =    8.9244777073923208E-004
 performing expansion, best =    8.9185890910231744E-004
 performing expansion, best =    8.9185278390934537E-004
 performing expansion, best =    8.9185012332244700E-004
 performing expansion, best =    8.9165763908442049E-004
 performing expansion, best =    8.9164437901733209E-004
 performing expansion, best =    8.9129723590285008E-004
 performing expansion, best =    8.9123039178825691E-004
 performing expansion, best =    8.9115513694354085E-004
 performing expansion, best =    8.9089409880310051E-004
 performing expansion, best =    8.9058868989581983E-004
 performing expansion, best =    8.9053656551968028E-004
 performing expansion, best =    8.9041422675056425E-004
 performing expansion, best =    8.8997761964202890E-004
 performing expansion, best =    8.8980360526503654E-004
 performing expansion, best =    8.8979408757070943E-004
 performing expansion, best =    8.8953618506449586E-004
 performing expansion, best =    8.8953534438541515E-004
 performing expansion, best =    8.8930283383862132E-004
 performing expansion, best =    8.8917806829093759E-004
 performing expansion, best =    8.8911500536946876E-004
 performing expansion, best =    8.8876239961541593E-004
 performing expansion, best =    8.8833090633372075E-004
 performing expansion, best =    8.8832502108378969E-004
 performing expansion, best =    8.8801828734259825E-004
 performing expansion, best =    8.8775893491406359E-004
 performing expansion, best =    8.8729953286795541E-004
 performing expansion, best =    8.8680546415149204E-004
 performing expansion, best =    8.8680331618282246E-004
 performing expansion, best =    8.8660604743313897E-004
 performing expansion, best =    8.8634874063577669E-004
 performing expansion, best =    8.8579415473938545E-004
 performing expansion, best =    8.8544702924402401E-004
 performing expansion, best =    8.8526471072287918E-004
 performing expansion, best =    8.8521291565912417E-004
 performing expansion, best =    8.8474625637528304E-004
 performing expansion, best =    8.8452643384044551E-004
 performing expansion, best =    8.8444760299800007E-004
 performing expansion, best =    8.8431529817979086E-004
 performing expansion, best =    8.8421998591632167E-004
 performing expansion, best =    8.8391268389458966E-004
 performing expansion, best =    8.8370061139545332E-004
 performing expansion, best =    8.8362351680286661E-004
 performing expansion, best =    8.8357088331762084E-004
 performing expansion, best =    8.8353296877254160E-004
 performing expansion, best =    8.8340621833763919E-004
 performing expansion, best =    8.8339224934964530E-004
 performing expansion, best =    8.8328900518980745E-004
 performing expansion, best =    8.8325052611386724E-004
 performing expansion, best =    8.8324025620894683E-004
 performing expansion, best =    8.8322326466803546E-004
 performing expansion, best =    8.8317000833644087E-004
 performing expansion, best =    8.8314777618992216E-004
 performing expansion, best =    8.8313276904954867E-004
 performing expansion, best =    8.8311071118493602E-004
 performing expansion, best =    8.8299731523849585E-004
 performing expansion, best =    8.8291447736740531E-004
 performing expansion, best =    8.8278070593006039E-004
 performing expansion, best =    8.8254742798341392E-004
 performing expansion, best =    8.8226653762630799E-004
 performing expansion, best =    8.8205083472022198E-004
 performing expansion, best =    8.8193578539011701E-004
 performing expansion, best =    8.8175974910998300E-004
 performing expansion, best =    8.8162188162875510E-004
 performing expansion, best =    8.8143751387011573E-004
 performing expansion, best =    8.8140897955757869E-004
 performing expansion, best =    8.8125190466727978E-004
 performing expansion, best =    8.8112734176724091E-004
 performing expansion, best =    8.8099111606057166E-004
 performing expansion, best =    8.8086077128584326E-004
 performing expansion, best =    8.8073669415380889E-004
 performing expansion, best =    8.8049821415044397E-004
 performing expansion, best =    8.8041615612700387E-004
 performing expansion, best =    8.8021497200705464E-004
 performing expansion, best =    8.8017660379199187E-004
 performing expansion, best =    8.8009780137630748E-004
 performing expansion, best =    8.8006456048741620E-004
 performing expansion, best =    8.7988868076497684E-004
 performing expansion, best =    8.7984800377035601E-004
 performing expansion, best =    8.7981980268111222E-004
 performing expansion, best =    8.7969521536571853E-004
 performing expansion, best =    8.7955977442086134E-004
 performing expansion, best =    8.7951833529090998E-004
 performing expansion, best =    8.7944531770323988E-004
 performing expansion, best =    8.7944323948409156E-004
 performing expansion, best =    8.7929255904476995E-004
 performing expansion, best =    8.7909844455037484E-004
 performing expansion, best =    8.7887300040108483E-004
 performing expansion, best =    8.7861464077828807E-004
 performing expansion, best =    8.7848359722176130E-004
 performing expansion, best =    8.7845696866783399E-004
 performing expansion, best =    8.7835660514238992E-004
 performing expansion, best =    8.7835280633178638E-004
 performing expansion, best =    8.7830056805210659E-004
 performing expansion, best =    8.7820886043053932E-004
 performing expansion, best =    8.7798763415487856E-004
 performing expansion, best =    8.7797474376374775E-004
 performing expansion, best =    8.7773634979687782E-004
 performing expansion, best =    8.7752084971602271E-004
 performing expansion, best =    8.7732165163525815E-004
 performing expansion, best =    8.7708828206987726E-004
 performing expansion, best =    8.7680898470685379E-004
 performing expansion, best =    8.7676576190485198E-004
 performing expansion, best =    8.7664306100966941E-004
 performing expansion, best =    8.7651548609736442E-004
 performing expansion, best =    8.7628238403198106E-004
 performing expansion, best =    8.7627713069642868E-004
 performing expansion, best =    8.7623556862361071E-004
 performing expansion, best =    8.7609395970556230E-004
 performing expansion, best =    8.7598440681618491E-004
 performing expansion, best =    8.7586059602545079E-004
 performing expansion, best =    8.7563091966297226E-004
 performing expansion, best =    8.7561160519487326E-004
 performing expansion, best =    8.7549713771653504E-004
 performing expansion, best =    8.7529360664754770E-004
 performing expansion, best =    8.7514853215297963E-004
 performing expansion, best =    8.7509861036961373E-004
 performing expansion, best =    8.7505781893050495E-004
 performing expansion, best =    8.7501508996106565E-004
 performing expansion, best =    8.7483315203542732E-004
 performing expansion, best =    8.7478893399964535E-004
 performing expansion, best =    8.7461424188179510E-004
 performing expansion, best =    8.7455841191037462E-004
 performing expansion, best =    8.7453108581401974E-004
 performing expansion, best =    8.7446606108046519E-004
 performing expansion, best =    8.7434610801320506E-004
 performing expansion, best =    8.7420288184467576E-004
 performing expansion, best =    8.7405061515936282E-004
 performing expansion, best =    8.7399216693663387E-004
 performing expansion, best =    8.7397158408367018E-004
 performing expansion, best =    8.7386974196345356E-004
 performing expansion, best =    8.7376753673658477E-004
 performing expansion, best =    8.7362592927660114E-004
 performing expansion, best =    8.7352205525276553E-004
 performing expansion, best =    8.7329788632739601E-004
 performing expansion, best =    8.7327705019124330E-004
 performing expansion, best =    8.7326002562783844E-004
 performing expansion, best =    8.7308686067484598E-004
 performing expansion, best =    8.7290042842982462E-004
 performing expansion, best =    8.7271920090163505E-004
 performing expansion, best =    8.7261351037006332E-004
 performing expansion, best =    8.7260405014182431E-004
 performing expansion, best =    8.7251428953492058E-004
 performing expansion, best =    8.7246786469955906E-004
 performing expansion, best =    8.7237883932478062E-004
 performing expansion, best =    8.7231892201021033E-004
 performing expansion, best =    8.7226467271137183E-004
 performing expansion, best =    8.7216598844672242E-004
 performing expansion, best =    8.7208983840550783E-004
 performing expansion, best =    8.7188873752122500E-004
 performing expansion, best =    8.7167928905577724E-004
 performing expansion, best =    8.7160362401566096E-004
 performing expansion, best =    8.7147111295818661E-004
 performing expansion, best =    8.7144856832582643E-004
 performing expansion, best =    8.7132219878995726E-004
 performing expansion, best =    8.7117691371474176E-004
 performing expansion, best =    8.7111056040840699E-004
 performing expansion, best =    8.7109642355636644E-004
 performing expansion, best =    8.7106025666263125E-004
 performing expansion, best =    8.7085280370707363E-004
 performing expansion, best =    8.7072738985774511E-004
 performing expansion, best =    8.7072381559156694E-004
 performing expansion, best =    8.7066979672757716E-004
 performing expansion, best =    8.7052681642747353E-004
 performing expansion, best =    8.7042598540611573E-004
 performing expansion, best =    8.7037198184101744E-004
 performing expansion, best =    8.7028866368438597E-004
 performing expansion, best =    8.7011979554082357E-004
 performing expansion, best =    8.7002258645661214E-004
 performing expansion, best =    8.6994643498261332E-004
 performing expansion, best =    8.6987732814717330E-004
 performing expansion, best =    8.6984517928299725E-004
 performing expansion, best =    8.6976921773010169E-004
 performing expansion, best =    8.6968364945831948E-004
 performing expansion, best =    8.6967696147488105E-004
 performing expansion, best =    8.6962639224946378E-004
 performing expansion, best =    8.6957017739630290E-004
 performing expansion, best =    8.6951626165441675E-004
 performing expansion, best =    8.6945507620777901E-004
 performing expansion, best =    8.6941580949602469E-004
 performing expansion, best =    8.6933301205368760E-004
 performing expansion, best =    8.6931425258738248E-004
 performing expansion, best =    8.6930190370860573E-004
 performing expansion, best =    8.6923802303609304E-004
 performing expansion, best =    8.6921498255550114E-004
 performing expansion, best =    8.6916898290432653E-004
 performing expansion, best =    8.6901152819300305E-004
 performing expansion, best =    8.6897996075173509E-004
 performing expansion, best =    8.6893155865245815E-004
 performing expansion, best =    8.6882914701348905E-004
 performing expansion, best =    8.6881971455113165E-004
 performing expansion, best =    8.6867309470101942E-004
 performing expansion, best =    8.6859775882183526E-004
 performing expansion, best =    8.6847897541433990E-004
 performing expansion, best =    8.6847891581127697E-004
 performing expansion, best =    8.6841004083193485E-004
 performing expansion, best =    8.6836810197255497E-004
 performing expansion, best =    8.6830693940649563E-004
 performing expansion, best =    8.6830252227381680E-004
 performing expansion, best =    8.6827809582621740E-004
 performing expansion, best =    8.6819986561303410E-004
 performing expansion, best =    8.6810793692984514E-004
 performing expansion, best =    8.6809852592448981E-004
 performing expansion, best =    8.6800903622594129E-004
 performing expansion, best =    8.6795155114511820E-004
 performing expansion, best =    8.6788856019652863E-004
 performing expansion, best =    8.6765599010675868E-004
 performing expansion, best =    8.6752924774601687E-004
 performing expansion, best =    8.6749564960637794E-004
 performing expansion, best =    8.6748264113041345E-004
 performing expansion, best =    8.6742917598034062E-004
 performing expansion, best =    8.6740458278848349E-004
 performing expansion, best =    8.6736500889816534E-004
 performing expansion, best =    8.6729238897909956E-004
 performing expansion, best =    8.6714964991950689E-004
 performing expansion, best =    8.6713943649491894E-004
 performing expansion, best =    8.6707964451304687E-004
 performing expansion, best =    8.6706653714375905E-004
 performing expansion, best =    8.6705004118237887E-004
 performing expansion, best =    8.6701467723197822E-004
 performing expansion, best =    8.6698403250175411E-004
 performing expansion, best =    8.6696267831684495E-004
 performing expansion, best =    8.6694289858796488E-004
 performing expansion, best =    8.6692024211563025E-004
 performing expansion, best =    8.6682703347173420E-004
 performing expansion, best =    8.6680259557628421E-004
 performing expansion, best =    8.6674963869172298E-004
 performing expansion, best =    8.6669074399829931E-004
 performing expansion, best =    8.6666858944979704E-004
 performing expansion, best =    8.6662630105277690E-004
 performing expansion, best =    8.6662011758289082E-004
 performing expansion, best =    8.6660045761950038E-004
 performing expansion, best =    8.6659451521430497E-004
 performing expansion, best =    8.6656229734108944E-004
 performing expansion, best =    8.6654057912412730E-004
 performing expansion, best =    8.6650115022044111E-004
 performing expansion, best =    8.6645517886056430E-004
 performing expansion, best =    8.6642990635793580E-004
 performing expansion, best =    8.6637259121365477E-004
 performing expansion, best =    8.6636986669471532E-004
 performing expansion, best =    8.6632566168821381E-004
 performing expansion, best =    8.6632166609012552E-004
 performing expansion, best =    8.6630863503810987E-004
 performing expansion, best =    8.6626497903039034E-004
 performing expansion, best =    8.6626094912232640E-004
 performing expansion, best =    8.6624822503822646E-004
 performing expansion, best =    8.6624091205765911E-004
 performing expansion, best =    8.6619509961317898E-004
 performing expansion, best =    8.6618544407160750E-004
 performing expansion, best =    8.6614827950138088E-004
 performing expansion, best =    8.6613189447583402E-004
 performing expansion, best =    8.6611954189732491E-004
 performing expansion, best =    8.6609281354232037E-004
 performing expansion, best =    8.6602281126903408E-004
 performing expansion, best =    8.6600812936285477E-004
 performing expansion, best =    8.6595270167281124E-004
 performing expansion, best =    8.6587497974657715E-004
 performing expansion, best =    8.6579327832873247E-004
 performing expansion, best =    8.6575161454407904E-004
 performing expansion, best =    8.6571414626337247E-004
 performing expansion, best =    8.6561616990016353E-004
 performing expansion, best =    8.6552624639054992E-004
 performing expansion, best =    8.6544358769242416E-004
 performing expansion, best =    8.6536899352813914E-004
 performing expansion, best =    8.6532284901921536E-004
 performing expansion, best =    8.6524988451839788E-004
 performing expansion, best =    8.6517555696405694E-004
 performing expansion, best =    8.6507063893638786E-004
 performing expansion, best =    8.6495318116087407E-004
 performing expansion, best =    8.6488220178654264E-004
 performing expansion, best =    8.6477556779482540E-004
 performing expansion, best =    8.6465374221327191E-004
 performing expansion, best =    8.6456308893531034E-004
 performing expansion, best =    8.6447075883738626E-004
 performing expansion, best =    8.6446039741820181E-004
 performing expansion, best =    8.6445880468223471E-004
 performing expansion, best =    8.6443904468746840E-004
 performing expansion, best =    8.6441284310475577E-004
 performing expansion, best =    8.6436538599325664E-004
 performing expansion, best =    8.6429010713989741E-004
 performing expansion, best =    8.6423574310882305E-004
 performing expansion, best =    8.6416153752138841E-004
 performing expansion, best =    8.6409573935461806E-004
 performing expansion, best =    8.6409245644056298E-004
 performing expansion, best =    8.6405888164793458E-004
 performing expansion, best =    8.6400623512862659E-004
 performing expansion, best =    8.6394160784629772E-004
 performing expansion, best =    8.6393507417838124E-004
 performing expansion, best =    8.6391263856141934E-004
 performing expansion, best =    8.6388613364165115E-004
 performing expansion, best =    8.6385004344009700E-004
 performing expansion, best =    8.6380750826116120E-004
 performing expansion, best =    8.6375918434468781E-004
 performing expansion, best =    8.6368261962886726E-004
 performing expansion, best =    8.6361163889026699E-004
 performing expansion, best =    8.6349112580146970E-004
 performing expansion, best =    8.6338478815679463E-004
 performing expansion, best =    8.6330432912183044E-004
 performing expansion, best =    8.6329987724907177E-004
 performing expansion, best =    8.6329700480762626E-004
 performing expansion, best =    8.6320760679754554E-004
 performing expansion, best =    8.6319823561241816E-004
 performing expansion, best =    8.6315278823594478E-004
 performing expansion, best =    8.6310165290139193E-004
 performing expansion, best =    8.6308850348489703E-004
 performing expansion, best =    8.6302848568279948E-004
 performing expansion, best =    8.6301046736296039E-004
 performing expansion, best =    8.6299833281211187E-004
 performing expansion, best =    8.6297147635103569E-004
 performing expansion, best =    8.6290313760575854E-004
 performing expansion, best =    8.6280408850710475E-004
 performing expansion, best =    8.6277317297557207E-004
 performing expansion, best =    8.6276335925228786E-004
 performing expansion, best =    8.6273638054106656E-004
 performing expansion, best =    8.6272203258300586E-004
 performing expansion, best =    8.6271469857698456E-004
 performing expansion, best =    8.6269409734014495E-004
 performing expansion, best =    8.6266640931865265E-004
 performing expansion, best =    8.6266440288007161E-004
 performing expansion, best =    8.6259900285967693E-004
 performing expansion, best =    8.6259622182591569E-004
 performing expansion, best =    8.6258723083734409E-004
 performing expansion, best =    8.6257352431285653E-004
 performing expansion, best =    8.6256360434520756E-004
 performing expansion, best =    8.6253128064525480E-004
 performing expansion, best =    8.6252807640112262E-004
 performing expansion, best =    8.6250621493647072E-004
 performing expansion, best =    8.6248687918414777E-004
 performing expansion, best =    8.6247055859047645E-004
 performing expansion, best =    8.6244466731243228E-004
 performing expansion, best =    8.6239177526462865E-004
 performing expansion, best =    8.6235804599446271E-004
 performing expansion, best =    8.6231615242824452E-004
 performing expansion, best =    8.6230704039813610E-004
 performing expansion, best =    8.6227126865535378E-004
 performing expansion, best =    8.6221896370244845E-004
 performing expansion, best =    8.6218512788314376E-004
 performing expansion, best =    8.6212520176858301E-004
 performing expansion, best =    8.6210752358013604E-004
 performing expansion, best =    8.6205463800266135E-004
 performing expansion, best =    8.6201439764861546E-004
 performing expansion, best =    8.6201162434714775E-004
 performing expansion, best =    8.6195248937261158E-004
 performing expansion, best =    8.6195128271245166E-004
 performing expansion, best =    8.6189925282623896E-004
 performing expansion, best =    8.6188599570370412E-004
 performing expansion, best =    8.6186787618065472E-004
 performing expansion, best =    8.6180247388249580E-004
 performing expansion, best =    8.6179892668562786E-004
 performing expansion, best =    8.6179703177194237E-004
 performing expansion, best =    8.6175863534681553E-004
 performing expansion, best =    8.6175184397794364E-004
 performing expansion, best =    8.6174642129047845E-004
 performing expansion, best =    8.6174595945443498E-004
 performing expansion, best =    8.6173275072324272E-004
 performing expansion, best =    8.6171658510293605E-004
 performing expansion, best =    8.6171535962085337E-004
 performing expansion, best =    8.6168339729300787E-004
 performing expansion, best =    8.6167945625221696E-004
 performing expansion, best =    8.6164429930291075E-004
 performing expansion, best =    8.6158984297790759E-004
 performing expansion, best =    8.6154148783310709E-004
 performing expansion, best =    8.6153857320756607E-004
 performing expansion, best =    8.6149991626074853E-004
 performing expansion, best =    8.6146112913025195E-004
 performing expansion, best =    8.6145886490702757E-004
 performing expansion, best =    8.6145115088355896E-004
 performing expansion, best =    8.6144876881014739E-004
 performing expansion, best =    8.6140520228243850E-004
 performing expansion, best =    8.6136310743119152E-004
 performing expansion, best =    8.6132682578269346E-004
 performing expansion, best =    8.6128493418296138E-004
 performing expansion, best =    8.6126598006771996E-004
 performing expansion, best =    8.6125665680190716E-004
 performing expansion, best =    8.6121181677886228E-004
 performing expansion, best =    8.6120306735198906E-004
 performing expansion, best =    8.6119436725287906E-004
 performing expansion, best =    8.6119078438888453E-004
 performing expansion, best =    8.6118914190948606E-004
 performing expansion, best =    8.6118397915754862E-004
 performing expansion, best =    8.6114818053930210E-004
 performing expansion, best =    8.6111241770788882E-004
 performing expansion, best =    8.6107692186509848E-004
 performing expansion, best =    8.6107484316992958E-004
 performing expansion, best =    8.6105904971824467E-004
 performing expansion, best =    8.6102761226179811E-004
 performing expansion, best =    8.6098150299731072E-004
 performing expansion, best =    8.6093038326173744E-004
 performing expansion, best =    8.6086584644205831E-004
 performing expansion, best =    8.6082147185829766E-004
 performing expansion, best =    8.6081999663833596E-004
 performing expansion, best =    8.6079563423705873E-004
 performing expansion, best =    8.6073326207693277E-004
 performing expansion, best =    8.6070025450512276E-004
 performing expansion, best =    8.6065967144056629E-004
 performing expansion, best =    8.6064914425054359E-004
 performing expansion, best =    8.6060800990890747E-004
 performing expansion, best =    8.6058339883818887E-004
 performing expansion, best =    8.6053641367338923E-004
 performing expansion, best =    8.6051241533695517E-004
 performing expansion, best =    8.6046084801936942E-004
 performing expansion, best =    8.6045397210206547E-004
 performing expansion, best =    8.6044068265298196E-004
 performing expansion, best =    8.6043154003703748E-004
 performing expansion, best =    8.6042376955617901E-004
 performing expansion, best =    8.6040294160826187E-004
 performing expansion, best =    8.6035922046749397E-004
 performing expansion, best =    8.6033921255655233E-004
 performing expansion, best =    8.6033365111478819E-004
 performing expansion, best =    8.6030527472502009E-004
 performing expansion, best =    8.6030036970000936E-004
 performing expansion, best =    8.6029808289380001E-004
 performing expansion, best =    8.6029773237360370E-004
 performing expansion, best =    8.6029479448782855E-004
 performing expansion, best =    8.6027754145822722E-004
 performing expansion, best =    8.6027733671036402E-004
 performing expansion, best =    8.6027279386069802E-004
 performing expansion, best =    8.6026413078081545E-004
 performing expansion, best =    8.6026103311401671E-004
 performing expansion, best =    8.6025928944780659E-004
 performing expansion, best =    8.6025846736923438E-004
 performing expansion, best =    8.6025133624595027E-004
 performing expansion, best =    8.6024641371684567E-004
 performing expansion, best =    8.6024380832020451E-004
 performing expansion, best =    8.6023853289884824E-004
 performing expansion, best =    8.6023535468342260E-004
 performing expansion, best =    8.6023365402160127E-004
 performing expansion, best =    8.6023363566990264E-004
 performing expansion, best =    8.6022848085543326E-004
 performing expansion, best =    8.6022820132389017E-004
 performing expansion, best =    8.6022138716005487E-004
 performing expansion, best =    8.6021110920330378E-004
 performing expansion, best =    8.6020874409642781E-004
 performing expansion, best =    8.6020163318608852E-004
 performing expansion, best =    8.6019255683877894E-004
 performing expansion, best =    8.6018352987347522E-004
 performing expansion, best =    8.6018132093747420E-004
 performing expansion, best =    8.6018092914189352E-004
 performing expansion, best =    8.6017799793815838E-004
 performing expansion, best =    8.6017412300814524E-004
 performing expansion, best =    8.6016994791508381E-004
 performing expansion, best =    8.6016032382708418E-004
 performing expansion, best =    8.6014688515884368E-004
 performing expansion, best =    8.6013966043747424E-004
 performing expansion, best =    8.6013801418820160E-004
 performing expansion, best =    8.6013360703032077E-004
 performing expansion, best =    8.6012770873998491E-004
 performing expansion, best =    8.6012150796113587E-004
 performing expansion, best =    8.6010874337453603E-004
 performing expansion, best =    8.6008927883790250E-004
 performing expansion, best =    8.6006971784539400E-004
 performing expansion, best =    8.6006897648757349E-004
 performing expansion, best =    8.6006115467924453E-004
 performing expansion, best =    8.6005461482004705E-004
 performing expansion, best =    8.6004484328059262E-004
 performing expansion, best =    8.6003108560238264E-004
 performing expansion, best =    8.6001751232888052E-004
 performing expansion, best =    8.6001019782124802E-004
 performing expansion, best =    8.5999757801262760E-004
 performing expansion, best =    8.5998490728338129E-004
 performing expansion, best =    8.5998231617464703E-004
 performing expansion, best =    8.5997711726635195E-004
 performing expansion, best =    8.5997552473254400E-004
 performing expansion, best =    8.5997095048158151E-004
 performing expansion, best =    8.5996960385185072E-004
 performing expansion, best =    8.5996733338498260E-004
 performing expansion, best =    8.5996451576531821E-004
 performing expansion, best =    8.5996383784589308E-004
 performing expansion, best =    8.5996362224370062E-004
 performing expansion, best =    8.5995974455816088E-004
 performing expansion, best =    8.5995890876873623E-004
 performing expansion, best =    8.5995515572632824E-004
 performing expansion, best =    8.5995350992976074E-004
 performing expansion, best =    8.5995292655431232E-004
 performing expansion, best =    8.5994867766495651E-004
 performing expansion, best =    8.5994609602808500E-004
 performing expansion, best =    8.5993931975287294E-004
 performing expansion, best =    8.5993278134916451E-004
 performing expansion, best =    8.5992694100466504E-004
 performing expansion, best =    8.5991799780747627E-004
 performing expansion, best =    8.5991604330284781E-004
 performing expansion, best =    8.5991385050959972E-004
 performing expansion, best =    8.5990437192383275E-004
 performing expansion, best =    8.5989699168591456E-004
 performing expansion, best =    8.5989017708625872E-004
 performing expansion, best =    8.5988019367645859E-004
 performing expansion, best =    8.5987449563738254E-004
 performing expansion, best =    8.5986884667159477E-004
 performing expansion, best =    8.5986735749495535E-004
 performing expansion, best =    8.5985928034279133E-004
 performing expansion, best =    8.5984968470425313E-004
 performing expansion, best =    8.5984421532132903E-004
 performing expansion, best =    8.5984264027636316E-004
 performing expansion, best =    8.5984154700547127E-004
 performing expansion, best =    8.5983199866798915E-004
 performing expansion, best =    8.5982537925404217E-004
 performing expansion, best =    8.5981976993171404E-004
 performing expansion, best =    8.5981093359501165E-004
 performing expansion, best =    8.5980240325460918E-004
 performing expansion, best =    8.5978228272124476E-004
 performing expansion, best =    8.5976237872991443E-004
 performing expansion, best =    8.5975501802714816E-004
 performing expansion, best =    8.5974971225937055E-004
 performing expansion, best =    8.5974332446711805E-004
 performing expansion, best =    8.5973729068806526E-004
 performing expansion, best =    8.5973530723579186E-004
 performing expansion, best =    8.5973011283943751E-004
 performing expansion, best =    8.5972863670291666E-004
 performing expansion, best =    8.5971716607852384E-004
 performing expansion, best =    8.5971114159832734E-004
 performing expansion, best =    8.5970094563500295E-004
 performing expansion, best =    8.5968905881972845E-004
 performing expansion, best =    8.5968306589688417E-004
 performing expansion, best =    8.5968134646701127E-004
 performing expansion, best =    8.5968060785459786E-004
 performing expansion, best =    8.5968027058364981E-004
 performing expansion, best =    8.5967669610147353E-004
 performing expansion, best =    8.5967398452649140E-004
 performing expansion, best =    8.5967197662863430E-004
 performing expansion, best =    8.5967020260179893E-004
 performing expansion, best =    8.5966743464388116E-004
 performing expansion, best =    8.5966626854050855E-004
 performing expansion, best =    8.5966003033133721E-004
 performing expansion, best =    8.5965427475338016E-004
 performing expansion, best =    8.5964951925058598E-004
 performing expansion, best =    8.5964942500970970E-004
 performing expansion, best =    8.5964590355704833E-004
 performing expansion, best =    8.5963596541982316E-004
 performing expansion, best =    8.5962641922214208E-004
 performing expansion, best =    8.5962598124636502E-004
 performing expansion, best =    8.5962369472727962E-004
 performing expansion, best =    8.5961960195073725E-004
 performing expansion, best =    8.5961918953588313E-004
 performing expansion, best =    8.5961372127539505E-004
 performing expansion, best =    8.5961307065390141E-004
 performing expansion, best =    8.5961180415048929E-004
 performing expansion, best =    8.5960990746378272E-004
 performing expansion, best =    8.5960616281309293E-004
 performing expansion, best =    8.5960328976402464E-004
 performing expansion, best =    8.5959852168984577E-004
 performing expansion, best =    8.5959431672643228E-004
 performing expansion, best =    8.5959387827943753E-004
 performing expansion, best =    8.5959003282761370E-004
 performing expansion, best =    8.5958762013102236E-004
 performing expansion, best =    8.5958314304697078E-004
 performing expansion, best =    8.5958161972665606E-004
 performing expansion, best =    8.5957473934943442E-004
 performing expansion, best =    8.5957208402316914E-004
 performing expansion, best =    8.5956625575754283E-004
 performing expansion, best =    8.5956580356158041E-004
 performing expansion, best =    8.5956258064030951E-004
 performing expansion, best =    8.5956036391509835E-004
 performing expansion, best =    8.5955605937587535E-004
 performing expansion, best =    8.5955522324154257E-004
 performing expansion, best =    8.5955144572254173E-004
 performing expansion, best =    8.5954754518758681E-004
 performing expansion, best =    8.5954734383932648E-004
 performing expansion, best =    8.5954322048081876E-004
 performing expansion, best =    8.5954299573531520E-004
 performing expansion, best =    8.5954144422928337E-004
 performing expansion, best =    8.5953915105566677E-004
 performing expansion, best =    8.5953869569485141E-004
 performing expansion, best =    8.5953833171353530E-004
 performing expansion, best =    8.5953790669638795E-004
 performing expansion, best =    8.5953642835872169E-004
 performing expansion, best =    8.5953580787025868E-004
 performing expansion, best =    8.5953535712479277E-004
 performing expansion, best =    8.5953356353306852E-004
 performing expansion, best =    8.5953312734819904E-004
 performing expansion, best =    8.5953280591461085E-004
 performing expansion, best =    8.5953276294933629E-004
 performing expansion, best =    8.5952980297039118E-004
 performing expansion, best =    8.5952964854577225E-004
 performing expansion, best =    8.5952746098190771E-004
 performing expansion, best =    8.5952533935547220E-004
 performing expansion, best =    8.5952501067823226E-004
 performing expansion, best =    8.5952476753537149E-004
 performing expansion, best =    8.5952425267033102E-004
 performing expansion, best =    8.5952277740960342E-004
 performing expansion, best =    8.5952115070887705E-004
 performing expansion, best =    8.5952067488017042E-004
 performing expansion, best =    8.5951989885443185E-004
 performing expansion, best =    8.5951751194200915E-004
 performing expansion, best =    8.5951580850086439E-004
 performing expansion, best =    8.5951522710493136E-004
 performing expansion, best =    8.5951481801536315E-004
 performing expansion, best =    8.5951319324812888E-004
 performing expansion, best =    8.5951159771555921E-004
 performing expansion, best =    8.5950770069090604E-004
 performing expansion, best =    8.5950315717591027E-004
 performing expansion, best =    8.5950239542854012E-004
 performing expansion, best =    8.5949834757101048E-004
 performing expansion, best =    8.5949666745554478E-004
 performing expansion, best =    8.5949580609048608E-004
 performing expansion, best =    8.5949547225707724E-004
 performing expansion, best =    8.5949541820785739E-004
 performing expansion, best =    8.5949291708800168E-004
 performing expansion, best =    8.5948946506220962E-004
 performing expansion, best =    8.5948596537763385E-004
 performing expansion, best =    8.5948294064462042E-004
 performing expansion, best =    8.5948003369344292E-004
 performing expansion, best =    8.5947935677874599E-004
 performing expansion, best =    8.5947709704564939E-004
 performing expansion, best =    8.5947373923188082E-004
 performing expansion, best =    8.5947101151342812E-004
 performing expansion, best =    8.5946911948845859E-004
 performing expansion, best =    8.5946724273827820E-004
 performing expansion, best =    8.5946648524293592E-004
 performing expansion, best =    8.5946621398596396E-004
 performing expansion, best =    8.5946396593566347E-004
 performing expansion, best =    8.5946063816814088E-004
 performing expansion, best =    8.5945987613614023E-004
Exiting simplex optimization after 10001 iterations
RMSE         8.594569580E-04 Hartree
NEW BEST!
Best found solution for 13 charges:
        RMSE         5.393169763E-01 kcal/mol
         MAE         3.086586211E-01 kcal/mol
     max. AE         4.753120630E+00 kcal/mol

       x[bohr]       y[bohr]       z[bohr]          q[e]
     3.3212199     1.6269219     1.4540848     0.2034607
     5.2899291    -0.9651480     0.1792662     0.2027437
     3.4785883    -0.0881252     0.3713926    -0.4004855
     0.9177696    -0.7693213    -0.3679078     0.6529441
     1.5485881    -1.2378081    -0.5545136    -0.9613352
     2.0308864    -2.4733563    -1.3034711     0.3325261
    -0.7596560    -1.1688697    -0.2290135     0.7282846
    -1.1674961     2.0519152    -0.2279451    -0.5794763
    -1.2308721    -0.7583089    -0.1968336    -0.9996647
    -1.2355256     0.7353089    -0.2010346     0.9431574
    -2.8328308    -1.4660637     0.3849480    -0.6469069
    -4.6539056    -0.4755318     0.7982365     0.2398928
    -2.8410375    -3.2232579     0.4589821     0.2848595

