Running in fitting mode

Reading "/home/boittier/pydcm/models/fbutadiene-13/ref/B.p.cube"...

  B.pdb Potential
  Electrostatic potential from Total SCF Density
   10   -8.360715   -7.298961   -6.932054
  113    0.166667    0.000000    0.000000
   98    0.000000    0.166667    0.000000
   85    0.000000    0.000000    0.166667
    6    6.000000   -1.847963    2.397208    0.183078
    6    6.000000   -0.908503    0.072307    0.094995
    6    6.000000    1.674861   -0.786209    0.600111
    6    6.000000    3.737446    0.240262   -0.419302
    1    1.000000   -3.824263    2.748546   -0.205164
    1    1.000000   -0.630670    3.969761    0.646521
    9    9.000000   -2.502978   -1.907973   -0.368372
    1    1.000000    1.821906   -2.438251    1.813066
    1    1.000000    3.618739    1.814754   -1.725458
    1    1.000000    5.606043   -0.464465    0.033093
 -1.11736E-02 -1.12419E-02 -1.51931E-02 -1.48762E-02 -1.43029E-02 -1.38525E-02
       .            .            .            .            .            .
       .            .            .            .            .            .
       .            .            .            .            .            .
  6.93613E-03  6.92271E-03  6.89882E-03  6.86455E-03  6.82007E-03  6.76569E-03

202483 out of 941290 gridpoints are considered ( 21.5%).

...done!




USING GREEDY MODE
File "multipole9_1charges.xyz" already exists. Fitting procedure is skipped.
File "multipole9_2charges.xyz" already exists. Fitting procedure is skipped.
File "multipole9_3charges.xyz" already exists. Fitting procedure is skipped.
File "multipole9_4charges.xyz" already exists. Fitting procedure is skipped.
File "multipole10_1charges.xyz" already exists. Fitting procedure is skipped.
File "multipole10_2charges.xyz" already exists. Fitting procedure is skipped.
File "multipole10_3charges.xyz" already exists. Fitting procedure is skipped.
File "multipole10_4charges.xyz" already exists. Fitting procedure is skipped.
File "multipole4_1charges.xyz" already exists. Fitting procedure is skipped.
File "multipole4_2charges.xyz" already exists. Fitting procedure is skipped.
File "multipole4_3charges.xyz" already exists. Fitting procedure is skipped.
File "multipole4_4charges.xyz" already exists. Fitting procedure is skipped.
Fragment fit detected
Fitting to MTP grid, discarding reference MEP cube data
Subsequent stats etc. are compared to MTP data, not the
MEP from the reference cube file
Total fragment charge (a.u.):         5.544890610E-03
Running DE in parallel with 1 thread(s)!

Starting fitting procedure for 3 charges, trial 1
gen      0/6000      elitist  5.1472162E-03 feasible? T
gen    100/6000      elitist  6.5793680E-04 feasible? T
gen    200/6000      elitist  5.0585268E-04 feasible? T
gen    300/6000      elitist  5.0414949E-04 feasible? T
gen    400/6000      elitist  5.0411170E-04 feasible? T
gen    500/6000      elitist  5.0410472E-04 feasible? T
gen    600/6000      elitist  5.0410470E-04 feasible? T
gen    700/6000      elitist  5.0410470E-04 feasible? T
gen    800/6000      elitist  5.0410456E-04 feasible? T
gen    900/6000      elitist  5.0410431E-04 feasible? T
gen   1000/6000      elitist  5.0410347E-04 feasible? T
gen   1100/6000      elitist  5.0410338E-04 feasible? T
gen   1200/6000      elitist  5.0410338E-04 feasible? T
gen   1300/6000      elitist  5.0410283E-04 feasible? T
gen   1400/6000      elitist  5.0410283E-04 feasible? T
gen   1500/6000      elitist  5.0410263E-04 feasible? T
gen   1600/6000      elitist  5.0410235E-04 feasible? T
gen   1700/6000      elitist  5.0410176E-04 feasible? T
gen   1800/6000      elitist  5.0410156E-04 feasible? T
gen   1900/6000      elitist  5.0410152E-04 feasible? T
gen   2000/6000      elitist  5.0410147E-04 feasible? T
gen   2100/6000      elitist  5.0410146E-04 feasible? T
gen   2200/6000      elitist  5.0410143E-04 feasible? T
gen   2300/6000      elitist  5.0410142E-04 feasible? T
gen   2400/6000      elitist  5.0410142E-04 feasible? T
gen   2500/6000      elitist  5.0410142E-04 feasible? T
gen   2600/6000      elitist  5.0410141E-04 feasible? T
gen   2700/6000      elitist  5.0410141E-04 feasible? T
gen   2800/6000      elitist  5.0410141E-04 feasible? T
gen   2900/6000      elitist  5.0410141E-04 feasible? T
gen   3000/6000      elitist  5.0410141E-04 feasible? T
gen   3100/6000      elitist  5.0410141E-04 feasible? T
gen   3200/6000      elitist  5.0410141E-04 feasible? T
gen   3300/6000      elitist  5.0410141E-04 feasible? T
gen   3400/6000      elitist  5.0410141E-04 feasible? T
gen   3500/6000      elitist  5.0410141E-04 feasible? T
gen   3600/6000      elitist  5.0410141E-04 feasible? T
gen   3700/6000      elitist  5.0410141E-04 feasible? T
gen   3800/6000      elitist  5.0410141E-04 feasible? T
gen   3900/6000      elitist  5.0410141E-04 feasible? T
gen   4000/6000      elitist  5.0410141E-04 feasible? T
gen   4100/6000      elitist  5.0410141E-04 feasible? T
gen   4200/6000      elitist  5.0410141E-04 feasible? T
gen   4300/6000      elitist  5.0410141E-04 feasible? T
gen   4400/6000      elitist  5.0410141E-04 feasible? T
gen   4500/6000      elitist  5.0410141E-04 feasible? T
gen   4600/6000      elitist  5.0410141E-04 feasible? T
gen   4700/6000      elitist  5.0410141E-04 feasible? T
gen   4800/6000      elitist  5.0410141E-04 feasible? T
gen   4900/6000      elitist  5.0410141E-04 feasible? T
gen   5000/6000      elitist  5.0410141E-04 feasible? T
gen   5100/6000      elitist  5.0410141E-04 feasible? T
gen   5200/6000      elitist  5.0410141E-04 feasible? T
gen   5300/6000      elitist  5.0410141E-04 feasible? T
gen   5400/6000      elitist  5.0410141E-04 feasible? T
gen   5500/6000      elitist  5.0410141E-04 feasible? T
gen   5600/6000      elitist  5.0410141E-04 feasible? T
gen   5700/6000      elitist  5.0410141E-04 feasible? T
gen   5800/6000      elitist  5.0410141E-04 feasible? T
gen   5900/6000      elitist  5.0410141E-04 feasible? T
gen   6000/6000      elitist  5.0410141E-04 feasible? T
Starting local simplex optimization:
Solution before refinement:      5.0410141478E-04
Exiting simplex optimization after   446 iterations
Solution after  refinement:      5.0410141478E-04
RMSE         5.041014148E-04 Hartree
NEW BEST!

Starting fitting procedure for 3 charges, trial 2
gen      0/6000      elitist  2.6866933E-03 feasible? T
gen    100/6000      elitist  7.0303941E-04 feasible? T
gen    200/6000      elitist  5.2552258E-04 feasible? T
gen    300/6000      elitist  5.0472216E-04 feasible? T
gen    400/6000      elitist  5.0412566E-04 feasible? T
gen    500/6000      elitist  5.0410185E-04 feasible? T
gen    600/6000      elitist  5.0410143E-04 feasible? T
population converged towards a single solution after 658 generations.
Starting local simplex optimization:
Solution before refinement:      5.0410141758E-04
 performing expansion, best =    5.0410141700430768E-004
 performing expansion, best =    5.0410141699150346E-004
 performing expansion, best =    5.0410141690170334E-004
 performing expansion, best =    5.0410141656753846E-004
Exiting simplex optimization after   422 iterations
Solution after  refinement:      5.0410141657E-04
RMSE         5.041014166E-04 Hartree

Starting fitting procedure for 3 charges, trial 3
gen      0/6000      elitist  7.1968786E-03 feasible? T
gen    100/6000      elitist  1.1301292E-03 feasible? T
gen    200/6000      elitist  5.7936307E-04 feasible? T
gen    300/6000      elitist  5.1825575E-04 feasible? T
gen    400/6000      elitist  5.0444077E-04 feasible? T
gen    500/6000      elitist  5.0410613E-04 feasible? T
gen    600/6000      elitist  5.0410157E-04 feasible? T
gen    700/6000      elitist  5.0410142E-04 feasible? T
population converged towards a single solution after 733 generations.
Starting local simplex optimization:
Solution before refinement:      5.0410141755E-04
 performing expansion, best =    5.0410141716735542E-004
 performing expansion, best =    5.0410141690850454E-004
Exiting simplex optimization after   420 iterations
Solution after  refinement:      5.0410141691E-04
RMSE         5.041014169E-04 Hartree

Starting fitting procedure for 3 charges, trial 4
gen      0/6000      elitist  2.7956084E-03 feasible? T
gen    100/6000      elitist  6.2682970E-04 feasible? T
gen    200/6000      elitist  4.6992895E-04 feasible? T
gen    300/6000      elitist  4.6512687E-04 feasible? T
gen    400/6000      elitist  4.6504125E-04 feasible? T
gen    500/6000      elitist  4.6503952E-04 feasible? T
population converged towards a single solution after 501 generations.
Starting local simplex optimization:
Solution before refinement:      4.6503952029E-04
Exiting simplex optimization after   270 iterations
Solution after  refinement:      4.6503951967E-04
RMSE         4.650395197E-04 Hartree
NEW BEST!

Best found solution for 3 charges:
        RMSE         2.918164839E-01 kcal/mol
         MAE         1.830608910E-01 kcal/mol
     max. AE         2.451607997E+00 kcal/mol

       x[bohr]       y[bohr]       z[bohr]          q[e]
     3.3858610     1.5783012    -1.6011760     0.2095881
     3.5367455     0.1144849    -0.2636879    -0.4086635
     5.3396995    -0.5212372     0.1644721     0.2046203

