Running in fitting mode

Running in fitting mode

Running in fitting mode

Reading "/home/boittier/pydcm/models/azide/ref/azide.chk.p.cube"...

Reading "/home/boittier/pydcm/models/azide/ref/azide.chk.p.cube"...

Reading "/home/boittier/pydcm/models/azide/ref/azide.chk.p.cube"...

Running in fitting mode

Reading "/home/boittier/pydcm/models/azide/ref/azide.chk.p.cube"...

  amide1.pdb Potential
  Electrostatic potential from Total SCF Density
  amide1.pdb Potential
  Electrostatic potential from Total SCF Density
  amide1.pdb Potential
  Electrostatic potential from Total SCF Density
  amide1.pdb Potential
  Electrostatic potential from Total SCF Density
    7   -9.437794   -6.672116   -6.512793
    7   -9.437794   -6.672116   -6.512793
   98    0.187907    0.000000    0.000000
   74    0.000000    0.187907    0.000000
   70    0.000000    0.000000    0.187907
   98    0.187907    0.000000    0.000000
   74    0.000000    0.187907    0.000000
   70    0.000000    0.000000    0.187907
    7   -9.437794   -6.672116   -6.512793
   98    0.187907    0.000000    0.000000
   74    0.000000    0.187907    0.000000
    7   -9.437794   -6.672116   -6.512793
   98    0.187907    0.000000    0.000000
   74    0.000000    0.187907    0.000000
   70    0.000000    0.000000    0.187907
   70    0.000000    0.000000    0.187907
    6    6.000000   -2.925042    0.532862   -0.000041
    6    6.000000   -2.925042    0.532862   -0.000041
    6    6.000000   -2.925042    0.532862   -0.000041
    7    7.000000    3.386795    0.512788    0.000035
    7    7.000000    3.386795    0.512788    0.000035
    7    7.000000   -0.735568   -1.188887    0.000007
    7    7.000000    3.386795    0.512788    0.000035
    7    7.000000   -0.735568   -1.188887    0.000007
    7    7.000000   -0.735568   -1.188887    0.000007
    7    7.000000    1.356392   -0.181713   -0.000042
    6    6.000000   -2.925042    0.532862   -0.000041
    7    7.000000    3.386795    0.512788    0.000035
    7    7.000000   -0.735568   -1.188887    0.000007
    7    7.000000    1.356392   -0.181713   -0.000042
    1    1.000000   -4.604313   -0.652051   -0.000112
    1    1.000000   -2.949546    1.729574    1.687820
    7    7.000000    1.356392   -0.181713   -0.000042
    1    1.000000   -4.604313   -0.652051   -0.000112
    1    1.000000   -2.949546    1.729574    1.687820
    1    1.000000   -4.604313   -0.652051   -0.000112
    1    1.000000   -2.949546    1.729574    1.687820
    1    1.000000   -2.949221    1.729984   -1.687456
    7    7.000000    1.356392   -0.181713   -0.000042
    1    1.000000   -4.604313   -0.652051   -0.000112
    1    1.000000   -2.949546    1.729574    1.687820
    1    1.000000   -2.949221    1.729984   -1.687456
    1    1.000000   -2.949221    1.729984   -1.687456
    1    1.000000   -2.949221    1.729984   -1.687456
  1.54084E-02  1.57457E-02  1.52484E-02  1.55631E-02  1.58365E-02  1.64155E-02
       .            .            .            .            .            .
       .            .            .            .            .            .
       .            .            .            .            .            .
  9.33160E-03  1.06343E-02  9.24347E-03  1.04242E-02  1.00429E-02  1.12175E-02

38320 out of 507640 gridpoints are considered (  7.5%).

...done!




USING GREEDY MODE
  1.54084E-02  1.57457E-02  1.52484E-02  1.55631E-02  1.58365E-02  1.64155E-02
       .            .            .            .            .            .
       .            .            .            .            .            .
       .            .            .            .            .            .
  9.33160E-03  1.06343E-02  9.24347E-03  1.04242E-02  1.00429E-02  1.12175E-02

38320 out of 507640 gridpoints are considered (  7.5%).

...done!




USING GREEDY MODE
  1.54084E-02  1.57457E-02  1.52484E-02  1.55631E-02  1.58365E-02  1.64155E-02
       .            .            .            .            .            .
       .            .            .            .            .            .
       .            .            .            .            .            .
  9.33160E-03  1.06343E-02  9.24347E-03  1.04242E-02  1.00429E-02  1.12175E-02

38320 out of 507640 gridpoints are considered (  7.5%).

...done!




USING GREEDY MODE
  1.54084E-02  1.57457E-02  1.52484E-02  1.55631E-02  1.58365E-02  1.64155E-02
       .            .            .            .            .            .
       .            .            .            .            .            .
       .            .            .            .            .            .
  9.33160E-03  1.06343E-02  9.24347E-03  1.04242E-02  1.00429E-02  1.12175E-02

38320 out of 507640 gridpoints are considered (  7.5%).

...done!




USING GREEDY MODE
Running DE in parallel with 16 thread(s)!

Starting fitting procedure for multipole expansion of atom 7 with 1 charges, trial 1
Running DE in parallel with 16 thread(s)!

Starting fitting procedure for multipole expansion of atom 7 with 1 charges, trial 1
Running DE in parallel with 16 thread(s)!

Starting fitting procedure for multipole expansion of atom 7 with 1 charges, trial 1
gen      0/2000      elitist  2.4227374E-03 feasible? T
Running DE in parallel with 16 thread(s)!

Starting fitting procedure for multipole expansion of atom 7 with 1 charges, trial 1
gen      0/2000      elitist  2.4227374E-03 feasible? T
gen      0/2000      elitist  2.4227374E-03 feasible? T
gen      0/2000      elitist  2.4227374E-03 feasible? T
gen    100/2000      elitist  2.3762374E-03 feasible? T
gen    100/2000      elitist  2.3730568E-03 feasible? T
gen    100/2000      elitist  2.3758033E-03 feasible? T
gen    100/2000      elitist  2.3746164E-03 feasible? T
gen    200/2000      elitist  2.3762374E-03 feasible? T
gen    200/2000      elitist  2.3715241E-03 feasible? T
gen    200/2000      elitist  2.3739378E-03 feasible? T
gen    200/2000      elitist  2.3719673E-03 feasible? T
gen    300/2000      elitist  2.3759547E-03 feasible? T
gen    300/2000      elitist  2.3708877E-03 feasible? T
gen    300/2000      elitist  2.3725195E-03 feasible? T
gen    300/2000      elitist  2.3719673E-03 feasible? T
gen    400/2000      elitist  2.3705297E-03 feasible? T
gen    400/2000      elitist  2.3705154E-03 feasible? T
gen    400/2000      elitist  2.3708789E-03 feasible? T
gen    400/2000      elitist  2.3719673E-03 feasible? T
gen    500/2000      elitist  2.3705030E-03 feasible? T
population converged towards a single solution after 524 generations.
Starting local simplex optimization:
Solution before refinement:      2.3705029664E-03
Exiting simplex optimization after   108 iterations
Solution after  refinement:      2.3705029664E-03
RMSE         2.370502966E-03Hartree
NEW BEST!
gen    500/2000      elitist  2.3705030E-03 feasible? T

Best found solution for 1 charges:
        RMSE         1.487511946E+00 kcal/mol
         MAE         1.242961332E+00 kcal/mol
     max. AE         5.272788954E+00 kcal/mol

       x[bohr]       y[bohr]       z[bohr]          q[e]
    -2.5862614     2.2987267    -2.0282822     0.0047388

Running DE in parallel with 16 thread(s)!

Starting fitting procedure for multipole expansion of atom 7 with 2 charges, trial 1
gen      0/4000      elitist  2.2672554E-03 feasible? T
population converged towards a single solution after 533 generations.
Starting local simplex optimization:
Solution before refinement:      2.3705029666E-03
 performing expansion, best =    2.3705029664453444E-003
Exiting simplex optimization after   111 iterations
Solution after  refinement:      2.3705029664E-03
RMSE         2.370502966E-03Hartree
NEW BEST!
gen    500/2000      elitist  2.3705030E-03 feasible? T

Best found solution for 1 charges:
        RMSE         1.487511946E+00 kcal/mol
         MAE         1.242960878E+00 kcal/mol
     max. AE         5.272803648E+00 kcal/mol

       x[bohr]       y[bohr]       z[bohr]          q[e]
    -2.5862150     2.2987073    -2.0282652     0.0047388

Running DE in parallel with 16 thread(s)!

Starting fitting procedure for multipole expansion of atom 7 with 2 charges, trial 1
gen      0/4000      elitist  2.2672554E-03 feasible? T
population converged towards a single solution after 524 generations.
Starting local simplex optimization:
Solution before refinement:      2.3705029664E-03
Exiting simplex optimization after   111 iterations
Solution after  refinement:      2.3705029664E-03
RMSE         2.370502966E-03Hartree
NEW BEST!
gen    500/2000      elitist  2.3705030E-03 feasible? T

Best found solution for 1 charges:
        RMSE         1.487511946E+00 kcal/mol
         MAE         1.242960694E+00 kcal/mol
     max. AE         5.272812180E+00 kcal/mol

       x[bohr]       y[bohr]       z[bohr]          q[e]
    -2.5862481     2.2987493    -2.0282302     0.0047388

Running DE in parallel with 16 thread(s)!

Starting fitting procedure for multipole expansion of atom 7 with 2 charges, trial 1
gen      0/4000      elitist  2.2672554E-03 feasible? T
population converged towards a single solution after 529 generations.
Starting local simplex optimization:
Solution before refinement:      2.3705029663E-03
Exiting simplex optimization after   109 iterations
Solution after  refinement:      2.3705029663E-03
RMSE         2.370502966E-03Hartree
NEW BEST!

Best found solution for 1 charges:
        RMSE         1.487511946E+00 kcal/mol
         MAE         1.242960919E+00 kcal/mol
     max. AE         5.272803870E+00 kcal/mol

       x[bohr]       y[bohr]       z[bohr]          q[e]
    -2.5862503     2.2987389    -2.0282498     0.0047388

Running DE in parallel with 16 thread(s)!

Starting fitting procedure for multipole expansion of atom 7 with 2 charges, trial 1
gen      0/4000      elitist  2.2672554E-03 feasible? T
gen    100/4000      elitist  6.1745920E-04 feasible? T
gen    100/4000      elitist  6.1397223E-04 feasible? T
gen    100/4000      elitist  6.1649425E-04 feasible? T
gen    100/4000      elitist  6.1354956E-04 feasible? T
gen    200/4000      elitist  6.1343007E-04 feasible? T
gen    200/4000      elitist  6.1342657E-04 feasible? T
gen    200/4000      elitist  6.1341840E-04 feasible? T
gen    200/4000      elitist  6.1341694E-04 feasible? T
gen    300/4000      elitist  6.1341692E-04 feasible? T
gen    300/4000      elitist  6.1341693E-04 feasible? T
gen    300/4000      elitist  6.1341692E-04 feasible? T
population converged towards a single solution after 326 generations.
Starting local simplex optimization:
Solution before refinement:      6.1341692187E-04
population converged towards a single solution after 250 generations.
Starting local simplex optimization:
Solution before refinement:      6.1341692114E-04
population converged towards a single solution after 307 generations.
Starting local simplex optimization:
Solution before refinement:      6.1341692110E-04
 performing expansion, best =    6.1341692136320392E-004
Exiting simplex optimization after   199 iterations
Solution after  refinement:      6.1341692136E-04
RMSE         6.134169214E-04Hartree
NEW BEST!
 performing expansion, best =    6.1341692110752325E-004
Exiting simplex optimization after   216 iterations
Solution after  refinement:      6.1341692111E-04
RMSE         6.134169211E-04Hartree
NEW BEST!

Best found solution for 2 charges:
        RMSE         3.849246389E-01 kcal/mol
         MAE         2.567104505E-01 kcal/mol
     max. AE         2.318857644E+00 kcal/mol

       x[bohr]       y[bohr]       z[bohr]          q[e]
    -3.6112393     1.8942051    -2.0099982    -0.1339097
    -3.3436229     2.1662913    -2.1622752     0.1386485


Best found solution for 2 charges:
        RMSE         3.849246387E-01 kcal/mol
         MAE         2.567096890E-01 kcal/mol
     max. AE         2.318832915E+00 kcal/mol

       x[bohr]       y[bohr]       z[bohr]          q[e]
    -3.6112572     1.8941630    -2.0099907    -0.1338875
    -3.3435979     2.1662967    -2.1622912     0.1386263

 performing expansion, best =    6.1341692103557147E-004
Exiting simplex optimization after   199 iterations
Solution after  refinement:      6.1341692104E-04
RMSE         6.134169210E-04Hartree
NEW BEST!
population converged towards a single solution after 343 generations.
Starting local simplex optimization:
Solution before refinement:      6.1341692118E-04

Best found solution for 2 charges:
        RMSE         3.849246387E-01 kcal/mol
         MAE         2.567093618E-01 kcal/mol
     max. AE         2.318817194E+00 kcal/mol

       x[bohr]       y[bohr]       z[bohr]          q[e]
    -3.6111924     1.8942428    -2.0100467    -0.1339438
    -3.3436473     2.1662594    -2.1622843     0.1386826

 performing expansion, best =    6.1341692107965947E-004
Exiting simplex optimization after   206 iterations
Solution after  refinement:      6.1341692108E-04
RMSE         6.134169211E-04Hartree
NEW BEST!

Best found solution for 2 charges:
        RMSE         3.849246387E-01 kcal/mol
         MAE         2.567090817E-01 kcal/mol
     max. AE         2.318837517E+00 kcal/mol

       x[bohr]       y[bohr]       z[bohr]          q[e]
    -3.6112077     1.8942380    -2.0100389    -0.1339451
    -3.3436639     2.1662537    -2.1622757     0.1386840

