Running in fitting mode

Reading "/home/boittier/pydcm/models/fbutadiene-5/ref/B.p.cube"...

  B.pdb Potential
  Electrostatic potential from Total SCF Density
   10   -9.523505   -7.980533   -7.103730
  119    0.166667    0.000000    0.000000
   91    0.000000    0.166667    0.000000
   86    0.000000    0.000000    0.166667
    6    6.000000   -3.010753   -1.467781    0.411389
    6    6.000000   -0.986749   -0.122455   -0.217071
    6    6.000000    1.601222   -1.053695   -0.590978
    6    6.000000    3.633552   -0.023214    0.486105
    1    1.000000   -4.798379   -0.560773    0.811121
    1    1.000000   -2.897238   -3.506380    0.487381
    9    9.000000   -1.166171    2.450557   -0.229039
    1    1.000000    1.766796   -2.828174   -1.608960
    1    1.000000    3.515233    1.709731    1.572033
    1    1.000000    5.485495   -0.866552    0.263106
 -1.07044E-02 -1.10666E-02 -1.13574E-02 -1.15743E-02 -1.17163E-02 -1.17849E-02
       .            .            .            .            .            .
       .            .            .            .            .            .
       .            .            .            .            .            .
  1.50131E-02  1.55585E-02  1.60153E-02  1.39214E-02  1.45256E-02  1.50615E-02

177972 out of 931294 gridpoints are considered ( 19.1%).

...done!




USING GREEDY MODE
File "multipole3_1charges.xyz" already exists. Fitting procedure is skipped.
File "multipole3_2charges.xyz" already exists. Fitting procedure is skipped.
File "multipole3_3charges.xyz" already exists. Fitting procedure is skipped.
File "multipole3_4charges.xyz" already exists. Fitting procedure is skipped.
File "multipole8_1charges.xyz" already exists. Fitting procedure is skipped.
File "multipole8_2charges.xyz" already exists. Fitting procedure is skipped.
File "multipole8_3charges.xyz" already exists. Fitting procedure is skipped.
File "multipole8_4charges.xyz" already exists. Fitting procedure is skipped.
Fragment fit detected
Fitting to MTP grid, discarding reference MEP cube data
Subsequent stats etc. are compared to MTP data, not the
MEP from the reference cube file
Total fragment charge (a.u.):         1.182165448E-02
Running DE in parallel with 1 thread(s)!

Starting fitting procedure for 2 charges, trial 1
gen      0/4000      elitist  3.7977872E-03 feasible? T
gen    100/4000      elitist  1.7759573E-03 feasible? T
gen    200/4000      elitist  1.7704342E-03 feasible? T
gen    300/4000      elitist  1.7703462E-03 feasible? T
gen    400/4000      elitist  1.7703459E-03 feasible? T
population converged towards a single solution after 467 generations.
Starting local simplex optimization:
Solution before refinement:      1.7703459311E-03
Exiting simplex optimization after   230 iterations
Solution after  refinement:      1.7703459311E-03
RMSE         1.770345931E-03 Hartree
NEW BEST!

Starting fitting procedure for 2 charges, trial 2
gen      0/4000      elitist  2.7614500E-03 feasible? T
gen    100/4000      elitist  1.7736597E-03 feasible? T
gen    200/4000      elitist  1.7703483E-03 feasible? T
gen    300/4000      elitist  1.7703459E-03 feasible? T
population converged towards a single solution after 329 generations.
Starting local simplex optimization:
Solution before refinement:      1.7703459312E-03
Exiting simplex optimization after   218 iterations
Solution after  refinement:      1.7703459312E-03
RMSE         1.770345931E-03 Hartree

Starting fitting procedure for 2 charges, trial 3
gen      0/4000      elitist  3.0650309E-03 feasible? T
gen    100/4000      elitist  1.7738453E-03 feasible? T
gen    200/4000      elitist  1.7703474E-03 feasible? T
gen    300/4000      elitist  1.7703459E-03 feasible? T
population converged towards a single solution after 325 generations.
Starting local simplex optimization:
Solution before refinement:      1.7703459313E-03
 performing expansion, best =    1.7703459312175878E-003
 performing expansion, best =    1.7703459310944192E-003
Exiting simplex optimization after   241 iterations
Solution after  refinement:      1.7703459311E-03
RMSE         1.770345931E-03 Hartree
NEW BEST!

Starting fitting procedure for 2 charges, trial 4
gen      0/4000      elitist  3.5182598E-03 feasible? T
gen    100/4000      elitist  1.7713015E-03 feasible? T
gen    200/4000      elitist  1.7703462E-03 feasible? T
gen    300/4000      elitist  1.7703459E-03 feasible? T
population converged towards a single solution after 306 generations.
Starting local simplex optimization:
Solution before refinement:      1.7703459308E-03
Exiting simplex optimization after   235 iterations
Solution after  refinement:      1.7703459308E-03
RMSE         1.770345931E-03 Hartree
NEW BEST!

Best found solution for 2 charges:
        RMSE         1.110908005E+00 kcal/mol
         MAE         8.615327985E-01 kcal/mol
     max. AE         5.875373692E+00 kcal/mol

       x[bohr]       y[bohr]       z[bohr]          q[e]
     2.5477296    -1.5490666    -0.6647273    -0.1723963
     1.8445325    -2.6695851    -1.4588858     0.1842180

