Running in fitting mode

Reading "/home/boittier/pydcm/models/fbutadiene-5/ref/B.p.cube"...

  B.pdb Potential
  Electrostatic potential from Total SCF Density
   10   -9.523505   -7.980533   -7.103730
  119    0.166667    0.000000    0.000000
   91    0.000000    0.166667    0.000000
   86    0.000000    0.000000    0.166667
    6    6.000000   -3.010753   -1.467781    0.411389
    6    6.000000   -0.986749   -0.122455   -0.217071
    6    6.000000    1.601222   -1.053695   -0.590978
    6    6.000000    3.633552   -0.023214    0.486105
    1    1.000000   -4.798379   -0.560773    0.811121
    1    1.000000   -2.897238   -3.506380    0.487381
    9    9.000000   -1.166171    2.450557   -0.229039
    1    1.000000    1.766796   -2.828174   -1.608960
    1    1.000000    3.515233    1.709731    1.572033
    1    1.000000    5.485495   -0.866552    0.263106
 -1.07044E-02 -1.10666E-02 -1.13574E-02 -1.15743E-02 -1.17163E-02 -1.17849E-02
       .            .            .            .            .            .
       .            .            .            .            .            .
       .            .            .            .            .            .
  1.50131E-02  1.55585E-02  1.60153E-02  1.39214E-02  1.45256E-02  1.50615E-02

177972 out of 931294 gridpoints are considered ( 19.1%).

...done!




USING GREEDY MODE
File "multipole3_1charges.xyz" already exists. Fitting procedure is skipped.
File "multipole3_2charges.xyz" already exists. Fitting procedure is skipped.
File "multipole3_3charges.xyz" already exists. Fitting procedure is skipped.
File "multipole3_4charges.xyz" already exists. Fitting procedure is skipped.
File "multipole8_1charges.xyz" already exists. Fitting procedure is skipped.
File "multipole8_2charges.xyz" already exists. Fitting procedure is skipped.
File "multipole8_3charges.xyz" already exists. Fitting procedure is skipped.
File "multipole8_4charges.xyz" already exists. Fitting procedure is skipped.
Fragment fit detected
Fitting to MTP grid, discarding reference MEP cube data
Subsequent stats etc. are compared to MTP data, not the
MEP from the reference cube file
Total fragment charge (a.u.):         1.182165448E-02
Running DE in parallel with 1 thread(s)!

Starting fitting procedure for 3 charges, trial 1
gen      0/6000      elitist  4.3552453E-03 feasible? T
gen    100/6000      elitist  9.2603393E-04 feasible? T
gen    200/6000      elitist  5.8750376E-04 feasible? T
gen    300/6000      elitist  5.7269841E-04 feasible? T
gen    400/6000      elitist  5.6818477E-04 feasible? T
gen    500/6000      elitist  5.6677315E-04 feasible? T
gen    600/6000      elitist  5.6668169E-04 feasible? T
gen    700/6000      elitist  5.6667829E-04 feasible? T
population converged towards a single solution after 756 generations.
Starting local simplex optimization:
Solution before refinement:      5.6667827488E-04
 performing expansion, best =    5.6667827462938850E-004
 performing expansion, best =    5.6667827440748733E-004
Exiting simplex optimization after   389 iterations
Solution after  refinement:      5.6667827441E-04
RMSE         5.666782744E-04 Hartree
NEW BEST!

Starting fitting procedure for 3 charges, trial 2
gen      0/6000      elitist  8.3755542E-03 feasible? T
gen    100/6000      elitist  9.0553090E-04 feasible? T
gen    200/6000      elitist  5.8346924E-04 feasible? T
gen    300/6000      elitist  5.6701777E-04 feasible? T
gen    400/6000      elitist  5.6668862E-04 feasible? T
gen    500/6000      elitist  5.6667880E-04 feasible? T
gen    600/6000      elitist  5.6667828E-04 feasible? T
population converged towards a single solution after 654 generations.
Starting local simplex optimization:
Solution before refinement:      5.6667827497E-04
 performing expansion, best =    5.6667827490574979E-004
Exiting simplex optimization after   382 iterations
Solution after  refinement:      5.6667827491E-04
RMSE         5.666782749E-04 Hartree

Starting fitting procedure for 3 charges, trial 3
gen      0/6000      elitist  3.5674359E-03 feasible? T
gen    100/6000      elitist  7.7296214E-04 feasible? T
gen    200/6000      elitist  5.8001793E-04 feasible? T
gen    300/6000      elitist  5.6756483E-04 feasible? T
gen    400/6000      elitist  5.6675967E-04 feasible? T
gen    500/6000      elitist  5.6668095E-04 feasible? T
gen    600/6000      elitist  5.6667830E-04 feasible? T
population converged towards a single solution after 672 generations.
Starting local simplex optimization:
Solution before refinement:      5.6667827494E-04
Exiting simplex optimization after   363 iterations
Solution after  refinement:      5.6667827494E-04
RMSE         5.666782749E-04 Hartree

Starting fitting procedure for 3 charges, trial 4
gen      0/6000      elitist  3.4562255E-03 feasible? F
gen    100/6000      elitist  7.4471461E-04 feasible? T
gen    200/6000      elitist  5.8865140E-04 feasible? T
gen    300/6000      elitist  5.6727290E-04 feasible? T
gen    400/6000      elitist  5.6673350E-04 feasible? T
gen    500/6000      elitist  5.6667855E-04 feasible? T
gen    600/6000      elitist  5.6667828E-04 feasible? T
population converged towards a single solution after 662 generations.
Starting local simplex optimization:
Solution before refinement:      5.6667827500E-04
 performing expansion, best =    5.6667827476171299E-004
 performing expansion, best =    5.6667827474887170E-004
Exiting simplex optimization after   374 iterations
Solution after  refinement:      5.6667827475E-04
RMSE         5.666782747E-04 Hartree

Best found solution for 3 charges:
        RMSE         3.555957175E-01 kcal/mol
         MAE         2.443589108E-01 kcal/mol
     max. AE         3.424824546E+00 kcal/mol

       x[bohr]       y[bohr]       z[bohr]          q[e]
     0.9226981    -0.8161356    -0.3609099     0.6545837
     1.4683189    -1.1763253    -0.5308775    -1.0000000
     1.8914041    -2.3621887    -1.2407354     0.3572379

