Running in fitting mode

Reading "/home/boittier/pydcm/models/fbutadiene-5/ref/B.p.cube"...

  B.pdb Potential
  Electrostatic potential from Total SCF Density
   10   -9.523505   -7.980533   -7.103730
  119    0.166667    0.000000    0.000000
   91    0.000000    0.166667    0.000000
   86    0.000000    0.000000    0.166667
    6    6.000000   -3.010753   -1.467781    0.411389
    6    6.000000   -0.986749   -0.122455   -0.217071
    6    6.000000    1.601222   -1.053695   -0.590978
    6    6.000000    3.633552   -0.023214    0.486105
    1    1.000000   -4.798379   -0.560773    0.811121
    1    1.000000   -2.897238   -3.506380    0.487381
    9    9.000000   -1.166171    2.450557   -0.229039
    1    1.000000    1.766796   -2.828174   -1.608960
    1    1.000000    3.515233    1.709731    1.572033
    1    1.000000    5.485495   -0.866552    0.263106
  3.31692E-03  3.41411E-03  3.50260E-03  3.58165E-03  3.65062E-03  3.70898E-03
       .            .            .            .            .            .
       .            .            .            .            .            .
       .            .            .            .            .            .
  3.60191E-03  3.68247E-03  3.75480E-03  3.81850E-03  3.87330E-03  3.91898E-03

431831 out of 931294 gridpoints are considered ( 46.4%).

...done!




 Refining solution from file/home/boittier/pydcm/models/fbutadiene-5/4-combine/10-combined.xyz
 Contains     10 charges
      Initial RMSE =         1.243480488E+00 kcal/mol
Running DE in parallel with 1 thread(s)!


User requested refinement using simplex algorithm (no DE)

 performing expansion, best =    1.6410386612440487E-003
 performing expansion, best =    1.5072428095587573E-003
 performing expansion, best =    1.4725123502131441E-003
 performing expansion, best =    1.4106856691726193E-003
 performing expansion, best =    1.4097267414750899E-003
 performing expansion, best =    1.3973560209513574E-003
 performing expansion, best =    1.3722813723298399E-003
 performing expansion, best =    1.3584309888247008E-003
 performing expansion, best =    1.3498920893511063E-003
 performing expansion, best =    1.3266321490003248E-003
 performing expansion, best =    1.3077738230396784E-003
 performing expansion, best =    1.2980722941455694E-003
 performing expansion, best =    1.2971037891155871E-003
 performing expansion, best =    1.2950055223963270E-003
 performing expansion, best =    1.2928281031925508E-003
 performing expansion, best =    1.2833655234961402E-003
 performing expansion, best =    1.2815349973916757E-003
 performing expansion, best =    1.2788940157447723E-003
 performing expansion, best =    1.2712998409156436E-003
 performing expansion, best =    1.2678906584460863E-003
 performing expansion, best =    1.2632111823050430E-003
 performing expansion, best =    1.2632004615330790E-003
 performing expansion, best =    1.2616530618914958E-003
 performing expansion, best =    1.2593597418808645E-003
 performing expansion, best =    1.2572885596890174E-003
 performing expansion, best =    1.2554682462724799E-003
 performing expansion, best =    1.2546730477719567E-003
 performing expansion, best =    1.2545923544382421E-003
 performing expansion, best =    1.2528454794204487E-003
 performing expansion, best =    1.2518718479480723E-003
 performing expansion, best =    1.2477471475970125E-003
 performing expansion, best =    1.2462442312582251E-003
 performing expansion, best =    1.2461237232394519E-003
 performing expansion, best =    1.2442318664478806E-003
 performing expansion, best =    1.2418991797879880E-003
 performing expansion, best =    1.2406082657792656E-003
 performing expansion, best =    1.2380339992326928E-003
 performing expansion, best =    1.2372799356165499E-003
 performing expansion, best =    1.2370245962548786E-003
 performing expansion, best =    1.2362763815814274E-003
 performing expansion, best =    1.2347476346376606E-003
 performing expansion, best =    1.2345503590534361E-003
 performing expansion, best =    1.2343667230101452E-003
 performing expansion, best =    1.2316946342207579E-003
 performing expansion, best =    1.2295614260053038E-003
 performing expansion, best =    1.2279035421668149E-003
 performing expansion, best =    1.2256847442247917E-003
 performing expansion, best =    1.2227911989258107E-003
 performing expansion, best =    1.2204595061616938E-003
 performing expansion, best =    1.2200566773549421E-003
 performing expansion, best =    1.2196361655683911E-003
 performing expansion, best =    1.2190356775113550E-003
 performing expansion, best =    1.2190011770206576E-003
 performing expansion, best =    1.2186862572394731E-003
 performing expansion, best =    1.2169983635705666E-003
 performing expansion, best =    1.2166437800886895E-003
 performing expansion, best =    1.2160855107997530E-003
 performing expansion, best =    1.2146969309115799E-003
 performing expansion, best =    1.2111236980466471E-003
 performing expansion, best =    1.2063521061238707E-003
 performing expansion, best =    1.2055046800265317E-003
 performing expansion, best =    1.2023312582696974E-003
 performing expansion, best =    1.1985460924631333E-003
 performing expansion, best =    1.1928478881415617E-003
 performing expansion, best =    1.1871497227024450E-003
 performing expansion, best =    1.1846913834281879E-003
 performing expansion, best =    1.1835552229199210E-003
 performing expansion, best =    1.1821167730221365E-003
 performing expansion, best =    1.1795534777150902E-003
 performing expansion, best =    1.1753833268737348E-003
 performing expansion, best =    1.1721865999703245E-003
 performing expansion, best =    1.1685991872480935E-003
 performing expansion, best =    1.1645313534853464E-003
 performing expansion, best =    1.1642175571212905E-003
 performing expansion, best =    1.1615561040998405E-003
 performing expansion, best =    1.1563764306930077E-003
 performing expansion, best =    1.1541643598625764E-003
 performing expansion, best =    1.1533427172372498E-003
 performing expansion, best =    1.1531488432644397E-003
 performing expansion, best =    1.1507113571188562E-003
 performing expansion, best =    1.1495766638551996E-003
 performing expansion, best =    1.1480521424916035E-003
 performing expansion, best =    1.1480126732124438E-003
 performing expansion, best =    1.1460127386844789E-003
 performing expansion, best =    1.1451198831348402E-003
 performing expansion, best =    1.1406838279676703E-003
 performing expansion, best =    1.1378280869066178E-003
 performing expansion, best =    1.1378111482409413E-003
 performing expansion, best =    1.1340653503018759E-003
 performing expansion, best =    1.1295764355911606E-003
 performing expansion, best =    1.1262941050113361E-003
 performing expansion, best =    1.1256109859019187E-003
 performing expansion, best =    1.1254725491424177E-003
 performing expansion, best =    1.1250203973216058E-003
 performing expansion, best =    1.1247497179869179E-003
 performing expansion, best =    1.1245163076929493E-003
 performing expansion, best =    1.1239835830539504E-003
 performing expansion, best =    1.1238661550361936E-003
 performing expansion, best =    1.1233180433173687E-003
 performing expansion, best =    1.1230568387126112E-003
 performing expansion, best =    1.1228992557143823E-003
 performing expansion, best =    1.1228514744423238E-003
 performing expansion, best =    1.1209707327096211E-003
 performing expansion, best =    1.1199075432449109E-003
 performing expansion, best =    1.1199041681093814E-003
 performing expansion, best =    1.1194725503933264E-003
 performing expansion, best =    1.1182195270278349E-003
 performing expansion, best =    1.1167235600152230E-003
 performing expansion, best =    1.1159851184582683E-003
 performing expansion, best =    1.1158699950628585E-003
 performing expansion, best =    1.1150279015897649E-003
 performing expansion, best =    1.1148684081740020E-003
 performing expansion, best =    1.1132933781482141E-003
 performing expansion, best =    1.1124149137039211E-003
 performing expansion, best =    1.1115074769508652E-003
 performing expansion, best =    1.1108108475206583E-003
 performing expansion, best =    1.1106832617694086E-003
 performing expansion, best =    1.1106641130622134E-003
 performing expansion, best =    1.1101232727797361E-003
 performing expansion, best =    1.1096503232331815E-003
 performing expansion, best =    1.1093969743409973E-003
 performing expansion, best =    1.1081813382039501E-003
 performing expansion, best =    1.1078849396027029E-003
 performing expansion, best =    1.1074625829555914E-003
 performing expansion, best =    1.1067663292263026E-003
 performing expansion, best =    1.1067545874779256E-003
 performing expansion, best =    1.1064379808372801E-003
 performing expansion, best =    1.1064317981186176E-003
 performing expansion, best =    1.1060758603948990E-003
 performing expansion, best =    1.1060128818658171E-003
 performing expansion, best =    1.1060072077334693E-003
 performing expansion, best =    1.1056831289468097E-003
 performing expansion, best =    1.1055555615050207E-003
 performing expansion, best =    1.1051876324090295E-003
 performing expansion, best =    1.1051659248036917E-003
 performing expansion, best =    1.1049291300536954E-003
 performing expansion, best =    1.1046597460511605E-003
 performing expansion, best =    1.1044986374692044E-003
 performing expansion, best =    1.1043696555200246E-003
 performing expansion, best =    1.1040018711264068E-003
 performing expansion, best =    1.1039825003844083E-003
 performing expansion, best =    1.1039158271890404E-003
 performing expansion, best =    1.1037566070706915E-003
 performing expansion, best =    1.1035369590829333E-003
 performing expansion, best =    1.1033313828762729E-003
 performing expansion, best =    1.1030440441353328E-003
 performing expansion, best =    1.1028476331989012E-003
 performing expansion, best =    1.1027874734923677E-003
 performing expansion, best =    1.1025248673929905E-003
 performing expansion, best =    1.1023783176748647E-003
 performing expansion, best =    1.1022826610626304E-003
 performing expansion, best =    1.1021629155718137E-003
 performing expansion, best =    1.1019730513203679E-003
 performing expansion, best =    1.1019492971673338E-003
 performing expansion, best =    1.1017813146264664E-003
 performing expansion, best =    1.1016449074518538E-003
 performing expansion, best =    1.1015530211950747E-003
 performing expansion, best =    1.1014384044808320E-003
 performing expansion, best =    1.1012649734485813E-003
 performing expansion, best =    1.1011865521817466E-003
 performing expansion, best =    1.1011315254719752E-003
 performing expansion, best =    1.1010220505771062E-003
 performing expansion, best =    1.1007837427174890E-003
 performing expansion, best =    1.1007346211327114E-003
 performing expansion, best =    1.1006875800659726E-003
 performing expansion, best =    1.1005980702522866E-003
 performing expansion, best =    1.1003877741317958E-003
 performing expansion, best =    1.1001831138651933E-003
 performing expansion, best =    1.0999418536414660E-003
 performing expansion, best =    1.0998097746079778E-003
 performing expansion, best =    1.0998000890815927E-003
 performing expansion, best =    1.0996946046125560E-003
 performing expansion, best =    1.0994511954051497E-003
 performing expansion, best =    1.0990878044284356E-003
 performing expansion, best =    1.0985665180006160E-003
 performing expansion, best =    1.0984709471783172E-003
 performing expansion, best =    1.0982805507013147E-003
 performing expansion, best =    1.0982667710976789E-003
 performing expansion, best =    1.0982457981782506E-003
 performing expansion, best =    1.0981425583501327E-003
 performing expansion, best =    1.0978660706554694E-003
 performing expansion, best =    1.0976511487524399E-003
 performing expansion, best =    1.0974590100395849E-003
 performing expansion, best =    1.0972502408241002E-003
 performing expansion, best =    1.0970994276087640E-003
 performing expansion, best =    1.0967926118617484E-003
 performing expansion, best =    1.0967910746732753E-003
 performing expansion, best =    1.0964005975779663E-003
 performing expansion, best =    1.0957820793608391E-003
 performing expansion, best =    1.0953666787919462E-003
 performing expansion, best =    1.0951610136233454E-003
 performing expansion, best =    1.0949006695259032E-003
 performing expansion, best =    1.0945227675044249E-003
 performing expansion, best =    1.0942159136615079E-003
 performing expansion, best =    1.0935390578572747E-003
 performing expansion, best =    1.0933713566306535E-003
 performing expansion, best =    1.0930468242472480E-003
 performing expansion, best =    1.0926151555235276E-003
 performing expansion, best =    1.0920990017081872E-003
 performing expansion, best =    1.0913630902116063E-003
 performing expansion, best =    1.0908974425962328E-003
 performing expansion, best =    1.0907848281685685E-003
 performing expansion, best =    1.0905212840105160E-003
 performing expansion, best =    1.0903248353127972E-003
 performing expansion, best =    1.0902261076996219E-003
 performing expansion, best =    1.0901228763421614E-003
 performing expansion, best =    1.0898426567720748E-003
 performing expansion, best =    1.0895817823233572E-003
 performing expansion, best =    1.0890738531787645E-003
 performing expansion, best =    1.0887437057507960E-003
 performing expansion, best =    1.0886899149765024E-003
 performing expansion, best =    1.0883102506113831E-003
 performing expansion, best =    1.0882213962756029E-003
 performing expansion, best =    1.0881119156254855E-003
 performing expansion, best =    1.0879762844117661E-003
 performing expansion, best =    1.0875827233291437E-003
 performing expansion, best =    1.0872450549322340E-003
 performing expansion, best =    1.0870630321509972E-003
 performing expansion, best =    1.0868554900089510E-003
 performing expansion, best =    1.0868111364223700E-003
 performing expansion, best =    1.0865312883389124E-003
 performing expansion, best =    1.0862441271558671E-003
 performing expansion, best =    1.0862011760181299E-003
 performing expansion, best =    1.0861681370237324E-003
 performing expansion, best =    1.0860258359139535E-003
 performing expansion, best =    1.0860123568924766E-003
 performing expansion, best =    1.0858790807704215E-003
 performing expansion, best =    1.0856030873060455E-003
 performing expansion, best =    1.0853846806064521E-003
 performing expansion, best =    1.0852783200350129E-003
 performing expansion, best =    1.0851732100915629E-003
 performing expansion, best =    1.0849800355890640E-003
 performing expansion, best =    1.0848079986933621E-003
 performing expansion, best =    1.0846074923203206E-003
 performing expansion, best =    1.0843106084595887E-003
 performing expansion, best =    1.0841415981022394E-003
 performing expansion, best =    1.0840386902333150E-003
 performing expansion, best =    1.0838296467988015E-003
 performing expansion, best =    1.0835966436750059E-003
 performing expansion, best =    1.0835493365093484E-003
 performing expansion, best =    1.0833191114130029E-003
 performing expansion, best =    1.0829215794417545E-003
 performing expansion, best =    1.0827778503430868E-003
 performing expansion, best =    1.0824752746318158E-003
 performing expansion, best =    1.0822675378502357E-003
 performing expansion, best =    1.0821414795491790E-003
 performing expansion, best =    1.0819605872928019E-003
 performing expansion, best =    1.0816208885100834E-003
 performing expansion, best =    1.0815535681062438E-003
 performing expansion, best =    1.0814685195488015E-003
 performing expansion, best =    1.0812799821687921E-003
 performing expansion, best =    1.0812189614637388E-003
 performing expansion, best =    1.0809532731224749E-003
 performing expansion, best =    1.0807676844181739E-003
 performing expansion, best =    1.0805517445672088E-003
 performing expansion, best =    1.0804583962356631E-003
 performing expansion, best =    1.0802380964722190E-003
 performing expansion, best =    1.0802238654509819E-003
 performing expansion, best =    1.0800432595776028E-003
 performing expansion, best =    1.0799677077026803E-003
 performing expansion, best =    1.0798330011541125E-003
 performing expansion, best =    1.0794717284423447E-003
 performing expansion, best =    1.0789357078588135E-003
 performing expansion, best =    1.0787903692424305E-003
 performing expansion, best =    1.0787683251203563E-003
 performing expansion, best =    1.0784974457475373E-003
 performing expansion, best =    1.0782288387834803E-003
 performing expansion, best =    1.0782232311802086E-003
 performing expansion, best =    1.0781563953032949E-003
 performing expansion, best =    1.0778794025902035E-003
 performing expansion, best =    1.0777180869951189E-003
 performing expansion, best =    1.0776080095541618E-003
 performing expansion, best =    1.0775445998078531E-003
 performing expansion, best =    1.0773176246281339E-003
 performing expansion, best =    1.0770759206078374E-003
 performing expansion, best =    1.0767656912971234E-003
 performing expansion, best =    1.0766098265408901E-003
 performing expansion, best =    1.0763072938998171E-003
 performing expansion, best =    1.0762288433022018E-003
 performing expansion, best =    1.0758376650802281E-003
 performing expansion, best =    1.0752953727617501E-003
 performing expansion, best =    1.0751733002457454E-003
 performing expansion, best =    1.0750581163855976E-003
 performing expansion, best =    1.0748020954610149E-003
 performing expansion, best =    1.0746015224986239E-003
 performing expansion, best =    1.0743422471460018E-003
 performing expansion, best =    1.0743200664021472E-003
 performing expansion, best =    1.0742031309829056E-003
 performing expansion, best =    1.0741481404848694E-003
 performing expansion, best =    1.0741132223215015E-003
 performing expansion, best =    1.0735790244399365E-003
 performing expansion, best =    1.0731100013889694E-003
 performing expansion, best =    1.0726740544504320E-003
 performing expansion, best =    1.0723875343568150E-003
 performing expansion, best =    1.0720746845486379E-003
 performing expansion, best =    1.0719633361923769E-003
 performing expansion, best =    1.0717495405285062E-003
 performing expansion, best =    1.0714772013149111E-003
 performing expansion, best =    1.0712182516312422E-003
 performing expansion, best =    1.0708200814951276E-003
 performing expansion, best =    1.0704911762821380E-003
 performing expansion, best =    1.0704348370315204E-003
 performing expansion, best =    1.0701521279189833E-003
 performing expansion, best =    1.0699709675931882E-003
 performing expansion, best =    1.0698621235072793E-003
 performing expansion, best =    1.0697240391838254E-003
 performing expansion, best =    1.0694517084538595E-003
 performing expansion, best =    1.0690456680415635E-003
 performing expansion, best =    1.0687088113565846E-003
 performing expansion, best =    1.0685574143410031E-003
 performing expansion, best =    1.0684292531457156E-003
 performing expansion, best =    1.0684287966411881E-003
 performing expansion, best =    1.0682581951884569E-003
 performing expansion, best =    1.0681918676147886E-003
 performing expansion, best =    1.0681878254569152E-003
 performing expansion, best =    1.0680317057069004E-003
 performing expansion, best =    1.0678829382193024E-003
 performing expansion, best =    1.0678370391636986E-003
 performing expansion, best =    1.0677908377431937E-003
 performing expansion, best =    1.0677075753698164E-003
 performing expansion, best =    1.0676327697153251E-003
 performing expansion, best =    1.0676208731623170E-003
 performing expansion, best =    1.0675421421730751E-003
 performing expansion, best =    1.0674428674773036E-003
 performing expansion, best =    1.0673952709420406E-003
 performing expansion, best =    1.0673552145810208E-003
 performing expansion, best =    1.0673236523384602E-003
 performing expansion, best =    1.0672973031206144E-003
 performing expansion, best =    1.0672933984150967E-003
 performing expansion, best =    1.0671487685049682E-003
 performing expansion, best =    1.0671069150525385E-003
 performing expansion, best =    1.0670328803483009E-003
 performing expansion, best =    1.0669693882453494E-003
 performing expansion, best =    1.0669162742279286E-003
 performing expansion, best =    1.0668730462095413E-003
 performing expansion, best =    1.0668217413124742E-003
 performing expansion, best =    1.0668167254590767E-003
 performing expansion, best =    1.0667448492464044E-003
 performing expansion, best =    1.0666639332217189E-003
 performing expansion, best =    1.0666083266161112E-003
 performing expansion, best =    1.0665288579731758E-003
 performing expansion, best =    1.0664669352313484E-003
 performing expansion, best =    1.0664658119469497E-003
 performing expansion, best =    1.0664045311076483E-003
 performing expansion, best =    1.0664034927235189E-003
 performing expansion, best =    1.0663614290329754E-003
 performing expansion, best =    1.0662903352130603E-003
 performing expansion, best =    1.0662885065724258E-003
 performing expansion, best =    1.0662390187317690E-003
 performing expansion, best =    1.0661901913751714E-003
 performing expansion, best =    1.0661830465225691E-003
 performing expansion, best =    1.0661034940333486E-003
 performing expansion, best =    1.0660533219743287E-003
 performing expansion, best =    1.0659808786716335E-003
 performing expansion, best =    1.0659616822991833E-003
 performing expansion, best =    1.0658954129978352E-003
 performing expansion, best =    1.0658576159263795E-003
 performing expansion, best =    1.0658114938589004E-003
 performing expansion, best =    1.0657752252395279E-003
 performing expansion, best =    1.0657540912574388E-003
 performing expansion, best =    1.0655859676296218E-003
 performing expansion, best =    1.0654044261296739E-003
 performing expansion, best =    1.0652798240010633E-003
 performing expansion, best =    1.0651959259953964E-003
 performing expansion, best =    1.0651156776340751E-003
 performing expansion, best =    1.0649327590088566E-003
 performing expansion, best =    1.0648221630493563E-003
 performing expansion, best =    1.0647162141106841E-003
 performing expansion, best =    1.0646868014047902E-003
 performing expansion, best =    1.0646237836551861E-003
 performing expansion, best =    1.0645088517541178E-003
 performing expansion, best =    1.0644172881142796E-003
 performing expansion, best =    1.0642459799283181E-003
 performing expansion, best =    1.0640230977047721E-003
 performing expansion, best =    1.0639940442619036E-003
 performing expansion, best =    1.0639644761289695E-003
 performing expansion, best =    1.0638888709340903E-003
 performing expansion, best =    1.0638650363809356E-003
 performing expansion, best =    1.0638151727509391E-003
 performing expansion, best =    1.0638074589271946E-003
 performing expansion, best =    1.0635711321072675E-003
 performing expansion, best =    1.0634536680465517E-003
 performing expansion, best =    1.0633390940228253E-003
 performing expansion, best =    1.0633333709481234E-003
 performing expansion, best =    1.0633118719783853E-003
 performing expansion, best =    1.0632751090475278E-003
 performing expansion, best =    1.0631284381699914E-003
 performing expansion, best =    1.0630480718398891E-003
 performing expansion, best =    1.0630019404733013E-003
 performing expansion, best =    1.0629289037372845E-003
 performing expansion, best =    1.0628857258113882E-003
 performing expansion, best =    1.0628642082411890E-003
 performing expansion, best =    1.0627650223026300E-003
 performing expansion, best =    1.0626793585695779E-003
 performing expansion, best =    1.0625389623192690E-003
 performing expansion, best =    1.0623826736116475E-003
 performing expansion, best =    1.0622161803938684E-003
 performing expansion, best =    1.0620888821659539E-003
 performing expansion, best =    1.0620335721499663E-003
 performing expansion, best =    1.0620031064400147E-003
 performing expansion, best =    1.0619589353999485E-003
 performing expansion, best =    1.0619117310972260E-003
 performing expansion, best =    1.0617224211711953E-003
 performing expansion, best =    1.0617023110306729E-003
 performing expansion, best =    1.0614131126480718E-003
 performing expansion, best =    1.0613362154563589E-003
 performing expansion, best =    1.0612498971725390E-003
 performing expansion, best =    1.0611472792024746E-003
 performing expansion, best =    1.0611440864104859E-003
 performing expansion, best =    1.0610149159869496E-003
 performing expansion, best =    1.0609187021398555E-003
 performing expansion, best =    1.0608213125169442E-003
 performing expansion, best =    1.0607447206609094E-003
 performing expansion, best =    1.0606666617602369E-003
 performing expansion, best =    1.0604293430911461E-003
 performing expansion, best =    1.0602015555325986E-003
 performing expansion, best =    1.0601357449888521E-003
 performing expansion, best =    1.0599566825353103E-003
 performing expansion, best =    1.0599545466137479E-003
 performing expansion, best =    1.0599002605417779E-003
 performing expansion, best =    1.0597677119166459E-003
 performing expansion, best =    1.0597109795279299E-003
 performing expansion, best =    1.0595574485650031E-003
 performing expansion, best =    1.0594137424755612E-003
 performing expansion, best =    1.0592583625672898E-003
 performing expansion, best =    1.0592225711050199E-003
 performing expansion, best =    1.0590675939767269E-003
 performing expansion, best =    1.0588620758473603E-003
 performing expansion, best =    1.0587771763721074E-003
 performing expansion, best =    1.0587435593987895E-003
 performing expansion, best =    1.0586462745502418E-003
 performing expansion, best =    1.0585358491335952E-003
 performing expansion, best =    1.0584736265531482E-003
 performing expansion, best =    1.0584343785010604E-003
 performing expansion, best =    1.0583059414496013E-003
 performing expansion, best =    1.0582975821820449E-003
 performing expansion, best =    1.0582603203368565E-003
 performing expansion, best =    1.0580717505166983E-003
 performing expansion, best =    1.0579700053805030E-003
 performing expansion, best =    1.0577872467423311E-003
 performing expansion, best =    1.0577778012771713E-003
 performing expansion, best =    1.0577411106286007E-003
 performing expansion, best =    1.0575243361372632E-003
 performing expansion, best =    1.0574167569228203E-003
 performing expansion, best =    1.0573792471589647E-003
 performing expansion, best =    1.0573152532019285E-003
 performing expansion, best =    1.0572378769610207E-003
 performing expansion, best =    1.0571944610453792E-003
 performing expansion, best =    1.0571089911011245E-003
 performing expansion, best =    1.0570614629913119E-003
 performing expansion, best =    1.0570300430269609E-003
 performing expansion, best =    1.0569756645890575E-003
 performing expansion, best =    1.0568777087933089E-003
 performing expansion, best =    1.0567567979058216E-003
 performing expansion, best =    1.0565910086135404E-003
 performing expansion, best =    1.0563359585835555E-003
 performing expansion, best =    1.0561581341123562E-003
 performing expansion, best =    1.0559078320980368E-003
 performing expansion, best =    1.0557884702833342E-003
 performing expansion, best =    1.0557194741574957E-003
 performing expansion, best =    1.0557152599205168E-003
 performing expansion, best =    1.0556277834396443E-003
 performing expansion, best =    1.0555481440169886E-003
 performing expansion, best =    1.0554520990543120E-003
 performing expansion, best =    1.0554516443714627E-003
 performing expansion, best =    1.0554444492254587E-003
 performing expansion, best =    1.0553511065543226E-003
 performing expansion, best =    1.0553223087399022E-003
 performing expansion, best =    1.0552106528843247E-003
 performing expansion, best =    1.0551586020580953E-003
 performing expansion, best =    1.0551141919953133E-003
 performing expansion, best =    1.0550207491390393E-003
 performing expansion, best =    1.0548118893713365E-003
 performing expansion, best =    1.0547781515214498E-003
 performing expansion, best =    1.0546449356311676E-003
 performing expansion, best =    1.0546130714885562E-003
 performing expansion, best =    1.0545256907038565E-003
 performing expansion, best =    1.0543879045999726E-003
 performing expansion, best =    1.0543120713252196E-003
 performing expansion, best =    1.0542624736235970E-003
 performing expansion, best =    1.0542414831291652E-003
 performing expansion, best =    1.0541219404805629E-003
 performing expansion, best =    1.0540701521878672E-003
 performing expansion, best =    1.0540238808576660E-003
 performing expansion, best =    1.0539165099448453E-003
 performing expansion, best =    1.0538754427795668E-003
 performing expansion, best =    1.0538015642361303E-003
 performing expansion, best =    1.0536744679419954E-003
 performing expansion, best =    1.0536554183511379E-003
 performing expansion, best =    1.0536102044435207E-003
 performing expansion, best =    1.0535675092324340E-003
 performing expansion, best =    1.0534552379703240E-003
 performing expansion, best =    1.0533928186467110E-003
 performing expansion, best =    1.0533217675763424E-003
 performing expansion, best =    1.0532906411837395E-003
 performing expansion, best =    1.0532157921716316E-003
 performing expansion, best =    1.0529619409988624E-003
 performing expansion, best =    1.0527158009212424E-003
 performing expansion, best =    1.0525152384441912E-003
 performing expansion, best =    1.0524111132179383E-003
 performing expansion, best =    1.0523138112522592E-003
 performing expansion, best =    1.0521998252006628E-003
 performing expansion, best =    1.0521109811606410E-003
 performing expansion, best =    1.0520052549920118E-003
 performing expansion, best =    1.0519494907364718E-003
 performing expansion, best =    1.0518213187997497E-003
 performing expansion, best =    1.0517923316455471E-003
 performing expansion, best =    1.0515200590409969E-003
 performing expansion, best =    1.0512533751996539E-003
 performing expansion, best =    1.0509817496605572E-003
 performing expansion, best =    1.0507919618356362E-003
 performing expansion, best =    1.0506814225118379E-003
 performing expansion, best =    1.0504148876836678E-003
 performing expansion, best =    1.0502086134477672E-003
 performing expansion, best =    1.0499729632364534E-003
 performing expansion, best =    1.0498043600110586E-003
 performing expansion, best =    1.0496505559687251E-003
 performing expansion, best =    1.0494698834246801E-003
 performing expansion, best =    1.0493021451613307E-003
 performing expansion, best =    1.0492773917666553E-003
 performing expansion, best =    1.0492103662841975E-003
 performing expansion, best =    1.0490311768458034E-003
 performing expansion, best =    1.0489071402979273E-003
 performing expansion, best =    1.0489011213246360E-003
 performing expansion, best =    1.0487615825180946E-003
 performing expansion, best =    1.0486288622013375E-003
 performing expansion, best =    1.0486253206880877E-003
 performing expansion, best =    1.0483599835840937E-003
 performing expansion, best =    1.0483506364673434E-003
 performing expansion, best =    1.0482868734369062E-003
 performing expansion, best =    1.0480813915278305E-003
 performing expansion, best =    1.0479466791503489E-003
 performing expansion, best =    1.0478536073187377E-003
 performing expansion, best =    1.0478389502014778E-003
 performing expansion, best =    1.0477280182660885E-003
 performing expansion, best =    1.0477194942131456E-003
 performing expansion, best =    1.0475862719213618E-003
 performing expansion, best =    1.0475495266078234E-003
 performing expansion, best =    1.0474768445965018E-003
 performing expansion, best =    1.0474142884450675E-003
 performing expansion, best =    1.0473802878373678E-003
 performing expansion, best =    1.0472873766834039E-003
 performing expansion, best =    1.0470332301480995E-003
 performing expansion, best =    1.0469532381786638E-003
 performing expansion, best =    1.0469436458867935E-003
 performing expansion, best =    1.0467912923768051E-003
 performing expansion, best =    1.0466872452843661E-003
 performing expansion, best =    1.0466758440221397E-003
 performing expansion, best =    1.0466736422477076E-003
 performing expansion, best =    1.0466426025981241E-003
 performing expansion, best =    1.0466087321059484E-003
 performing expansion, best =    1.0465793705124044E-003
 performing expansion, best =    1.0465256013872466E-003
 performing expansion, best =    1.0465114699536226E-003
 performing expansion, best =    1.0464859489365721E-003
 performing expansion, best =    1.0464206594858235E-003
 performing expansion, best =    1.0463278089088350E-003
 performing expansion, best =    1.0462653097935396E-003
 performing expansion, best =    1.0461625415169606E-003
 performing expansion, best =    1.0461191930796517E-003
 performing expansion, best =    1.0460231192629403E-003
 performing expansion, best =    1.0459681886976361E-003
 performing expansion, best =    1.0458257341854538E-003
 performing expansion, best =    1.0457430038278497E-003
 performing expansion, best =    1.0457096427228388E-003
 performing expansion, best =    1.0456561418491054E-003
 performing expansion, best =    1.0456204030444716E-003
 performing expansion, best =    1.0456101824593282E-003
 performing expansion, best =    1.0455944511752952E-003
 performing expansion, best =    1.0454862630985124E-003
 performing expansion, best =    1.0453035333595490E-003
 performing expansion, best =    1.0452873677688642E-003
 performing expansion, best =    1.0452548352819823E-003
 performing expansion, best =    1.0451347572406589E-003
 performing expansion, best =    1.0450922180910099E-003
 performing expansion, best =    1.0450633340087266E-003
 performing expansion, best =    1.0450551294724163E-003
 performing expansion, best =    1.0450037037949100E-003
 performing expansion, best =    1.0449815935016176E-003
 performing expansion, best =    1.0449517834067135E-003
 performing expansion, best =    1.0449226784088276E-003
 performing expansion, best =    1.0448803241206882E-003
 performing expansion, best =    1.0448534735762681E-003
 performing expansion, best =    1.0448285439798558E-003
 performing expansion, best =    1.0448116548661007E-003
 performing expansion, best =    1.0447645630134658E-003
 performing expansion, best =    1.0447278941890961E-003
 performing expansion, best =    1.0446716621786522E-003
 performing expansion, best =    1.0446601476482996E-003
 performing expansion, best =    1.0446499163860952E-003
 performing expansion, best =    1.0446023998075457E-003
 performing expansion, best =    1.0445950998644231E-003
 performing expansion, best =    1.0445453101015224E-003
 performing expansion, best =    1.0444849006720504E-003
 performing expansion, best =    1.0444389624975519E-003
 performing expansion, best =    1.0444233985564249E-003
 performing expansion, best =    1.0443555075926073E-003
 performing expansion, best =    1.0443510857020717E-003
 performing expansion, best =    1.0443079666872508E-003
 performing expansion, best =    1.0442543067635194E-003
 performing expansion, best =    1.0442369503217707E-003
 performing expansion, best =    1.0441863001390572E-003
 performing expansion, best =    1.0441443089879334E-003
 performing expansion, best =    1.0440672760163318E-003
 performing expansion, best =    1.0440651133326732E-003
 performing expansion, best =    1.0440327720788018E-003
 performing expansion, best =    1.0439466729484149E-003
 performing expansion, best =    1.0438701284463542E-003
 performing expansion, best =    1.0438214908750720E-003
 performing expansion, best =    1.0437448693388920E-003
 performing expansion, best =    1.0437102509149405E-003
 performing expansion, best =    1.0436090563566498E-003
 performing expansion, best =    1.0435435073092979E-003
 performing expansion, best =    1.0433986267352289E-003
 performing expansion, best =    1.0432682807544678E-003
 performing expansion, best =    1.0431560662259684E-003
 performing expansion, best =    1.0430188728261741E-003
 performing expansion, best =    1.0429050918541300E-003
 performing expansion, best =    1.0428394221361087E-003
 performing expansion, best =    1.0427037598549304E-003
 performing expansion, best =    1.0425396326548949E-003
 performing expansion, best =    1.0423286068255166E-003
 performing expansion, best =    1.0421058639519417E-003
 performing expansion, best =    1.0419116101382346E-003
 performing expansion, best =    1.0417496276490953E-003
 performing expansion, best =    1.0415405918852709E-003
 performing expansion, best =    1.0413528909688130E-003
 performing expansion, best =    1.0412415810239100E-003
 performing expansion, best =    1.0410457461299094E-003
 performing expansion, best =    1.0408314636699235E-003
 performing expansion, best =    1.0407098550060611E-003
 performing expansion, best =    1.0405395506070173E-003
 performing expansion, best =    1.0403390104625904E-003
 performing expansion, best =    1.0402337197808304E-003
 performing expansion, best =    1.0401367764073959E-003
 performing expansion, best =    1.0399655872776322E-003
 performing expansion, best =    1.0396932859182378E-003
 performing expansion, best =    1.0395813724884870E-003
 performing expansion, best =    1.0394766559322791E-003
 performing expansion, best =    1.0393539697946819E-003
 performing expansion, best =    1.0391105696096515E-003
 performing expansion, best =    1.0387965360489429E-003
 performing expansion, best =    1.0386002719427008E-003
 performing expansion, best =    1.0383049205441618E-003
 performing expansion, best =    1.0381484059361567E-003
 performing expansion, best =    1.0380300189317643E-003
 performing expansion, best =    1.0378868639370478E-003
 performing expansion, best =    1.0377685747229009E-003
 performing expansion, best =    1.0376070464948807E-003
 performing expansion, best =    1.0374207795444581E-003
 performing expansion, best =    1.0371859320984290E-003
 performing expansion, best =    1.0369672524231767E-003
 performing expansion, best =    1.0367854117199877E-003
 performing expansion, best =    1.0366789445457841E-003
 performing expansion, best =    1.0366084414287595E-003
 performing expansion, best =    1.0365364765313823E-003
 performing expansion, best =    1.0363659619653724E-003
 performing expansion, best =    1.0361804613393431E-003
 performing expansion, best =    1.0361506139506234E-003
 performing expansion, best =    1.0361456645002290E-003
 performing expansion, best =    1.0359809706310390E-003
 performing expansion, best =    1.0359431677495336E-003
 performing expansion, best =    1.0358734873105859E-003
 performing expansion, best =    1.0358717731168280E-003
 performing expansion, best =    1.0357733615501954E-003
 performing expansion, best =    1.0356519766043912E-003
 performing expansion, best =    1.0356097556229412E-003
 performing expansion, best =    1.0355713465606843E-003
 performing expansion, best =    1.0355514984377874E-003
 performing expansion, best =    1.0355399038508373E-003
 performing expansion, best =    1.0355051208522888E-003
 performing expansion, best =    1.0354462638045706E-003
 performing expansion, best =    1.0354361359070658E-003
 performing expansion, best =    1.0354222113462962E-003
 performing expansion, best =    1.0353309857565761E-003
 performing expansion, best =    1.0352685241277490E-003
 performing expansion, best =    1.0352336392892470E-003
 performing expansion, best =    1.0351973792564633E-003
 performing expansion, best =    1.0351719959899484E-003
 performing expansion, best =    1.0351218616315684E-003
 performing expansion, best =    1.0350964405446211E-003
 performing expansion, best =    1.0350655016199515E-003
 performing expansion, best =    1.0350120179665194E-003
 performing expansion, best =    1.0349092212747167E-003
 performing expansion, best =    1.0348927672116370E-003
 performing expansion, best =    1.0348768410699072E-003
 performing expansion, best =    1.0348499615003203E-003
 performing expansion, best =    1.0347917915362998E-003
 performing expansion, best =    1.0346691400980297E-003
 performing expansion, best =    1.0345046248036642E-003
 performing expansion, best =    1.0343855473908120E-003
 performing expansion, best =    1.0343575653133145E-003
 performing expansion, best =    1.0342891971624598E-003
 performing expansion, best =    1.0341620458710094E-003
 performing expansion, best =    1.0340446998378049E-003
 performing expansion, best =    1.0338855374138806E-003
 performing expansion, best =    1.0337418381141266E-003
 performing expansion, best =    1.0337062068461690E-003
 performing expansion, best =    1.0336259718108246E-003
 performing expansion, best =    1.0335100783464522E-003
 performing expansion, best =    1.0334676105456669E-003
 performing expansion, best =    1.0333935569420271E-003
 performing expansion, best =    1.0333347951099626E-003
 performing expansion, best =    1.0333031086945765E-003
 performing expansion, best =    1.0332491412034736E-003
 performing expansion, best =    1.0332209857551011E-003
 performing expansion, best =    1.0330909413218895E-003
 performing expansion, best =    1.0329482511794179E-003
 performing expansion, best =    1.0328999583642140E-003
 performing expansion, best =    1.0327748609914211E-003
 performing expansion, best =    1.0327132029116510E-003
 performing expansion, best =    1.0326963479506252E-003
 performing expansion, best =    1.0326025996507911E-003
 performing expansion, best =    1.0323448706834291E-003
 performing expansion, best =    1.0321537289413887E-003
 performing expansion, best =    1.0320368699170456E-003
 performing expansion, best =    1.0320104363621344E-003
 performing expansion, best =    1.0319813650843694E-003
 performing expansion, best =    1.0319068194050160E-003
 performing expansion, best =    1.0318883390569827E-003
 performing expansion, best =    1.0318394377296311E-003
 performing expansion, best =    1.0317922099138011E-003
 performing expansion, best =    1.0317604541602255E-003
 performing expansion, best =    1.0317118226017372E-003
 performing expansion, best =    1.0316947293518739E-003
 performing expansion, best =    1.0316852284450149E-003
 performing expansion, best =    1.0316040345853684E-003
 performing expansion, best =    1.0316016713466209E-003
 performing expansion, best =    1.0315734227224714E-003
 performing expansion, best =    1.0315380299339772E-003
 performing expansion, best =    1.0314462381720805E-003
 performing expansion, best =    1.0314048203468598E-003
 performing expansion, best =    1.0313580292070773E-003
 performing expansion, best =    1.0313332651799281E-003
 performing expansion, best =    1.0313115560554127E-003
 performing expansion, best =    1.0313089227947925E-003
 performing expansion, best =    1.0311731065996517E-003
 performing expansion, best =    1.0310812709700262E-003
 performing expansion, best =    1.0310763693505245E-003
 performing expansion, best =    1.0310694700861893E-003
 performing expansion, best =    1.0310157086063378E-003
 performing expansion, best =    1.0309880644453070E-003
 performing expansion, best =    1.0309552052211546E-003
 performing expansion, best =    1.0309284607845062E-003
 performing expansion, best =    1.0308827971163188E-003
 performing expansion, best =    1.0308719857024401E-003
 performing expansion, best =    1.0308678524208418E-003
 performing expansion, best =    1.0308608126268261E-003
 performing expansion, best =    1.0308524047554358E-003
 performing expansion, best =    1.0308230746110000E-003
 performing expansion, best =    1.0308068926433121E-003
 performing expansion, best =    1.0307597041480368E-003
 performing expansion, best =    1.0307374668218721E-003
 performing expansion, best =    1.0307161623414351E-003
 performing expansion, best =    1.0306910252283713E-003
 performing expansion, best =    1.0306446556361943E-003
 performing expansion, best =    1.0306030127329017E-003
 performing expansion, best =    1.0305528204921839E-003
 performing expansion, best =    1.0305273334534489E-003
 performing expansion, best =    1.0304800812538312E-003
 performing expansion, best =    1.0304589394610900E-003
 performing expansion, best =    1.0304467941325013E-003
 performing expansion, best =    1.0304263956263870E-003
 performing expansion, best =    1.0303682721329243E-003
 performing expansion, best =    1.0303603622703749E-003
 performing expansion, best =    1.0303477259462077E-003
 performing expansion, best =    1.0303225537878606E-003
 performing expansion, best =    1.0303046102181134E-003
 performing expansion, best =    1.0302766759030884E-003
 performing expansion, best =    1.0302185644203640E-003
 performing expansion, best =    1.0302084404961321E-003
 performing expansion, best =    1.0301854231410557E-003
 performing expansion, best =    1.0301848745978912E-003
 performing expansion, best =    1.0301437062770809E-003
 performing expansion, best =    1.0301152587639023E-003
 performing expansion, best =    1.0300901427082272E-003
 performing expansion, best =    1.0300754136565425E-003
 performing expansion, best =    1.0300430108897865E-003
 performing expansion, best =    1.0299978667385416E-003
 performing expansion, best =    1.0299202717640045E-003
 performing expansion, best =    1.0298728834369690E-003
 performing expansion, best =    1.0298121007714508E-003
 performing expansion, best =    1.0297415924951665E-003
 performing expansion, best =    1.0296705903144246E-003
 performing expansion, best =    1.0296060984493335E-003
 performing expansion, best =    1.0295902527941447E-003
 performing expansion, best =    1.0295612500348583E-003
 performing expansion, best =    1.0294779971339531E-003
 performing expansion, best =    1.0293645954186411E-003
 performing expansion, best =    1.0292866074466315E-003
 performing expansion, best =    1.0292382524961594E-003
 performing expansion, best =    1.0292220971359165E-003
 performing expansion, best =    1.0291079140809516E-003
 performing expansion, best =    1.0289751601372452E-003
 performing expansion, best =    1.0289547334084790E-003
 performing expansion, best =    1.0289071292212267E-003
 performing expansion, best =    1.0288309222056065E-003
 performing expansion, best =    1.0287783614919019E-003
 performing expansion, best =    1.0287261642176570E-003
 performing expansion, best =    1.0286529462578923E-003
 performing expansion, best =    1.0285962257917524E-003
 performing expansion, best =    1.0285904178005830E-003
 performing expansion, best =    1.0285328636669903E-003
 performing expansion, best =    1.0284967003689044E-003
 performing expansion, best =    1.0284474386340621E-003
 performing expansion, best =    1.0283607489317620E-003
 performing expansion, best =    1.0282459280330537E-003
 performing expansion, best =    1.0281296169591296E-003
 performing expansion, best =    1.0281134711308533E-003
 performing expansion, best =    1.0281040397276263E-003
 performing expansion, best =    1.0280633868110767E-003
 performing expansion, best =    1.0280426972086869E-003
 performing expansion, best =    1.0279906762431111E-003
 performing expansion, best =    1.0279065585606223E-003
 performing expansion, best =    1.0278299245838629E-003
 performing expansion, best =    1.0278135401746607E-003
 performing expansion, best =    1.0277976576566720E-003
 performing expansion, best =    1.0277597966310520E-003
 performing expansion, best =    1.0277316344290367E-003
 performing expansion, best =    1.0277284169076327E-003
 performing expansion, best =    1.0277251984806501E-003
 performing expansion, best =    1.0277133934596687E-003
 performing expansion, best =    1.0276885883858337E-003
 performing expansion, best =    1.0276760175560685E-003
 performing expansion, best =    1.0276700641799871E-003
 performing expansion, best =    1.0276640984775967E-003
 performing expansion, best =    1.0276577968807640E-003
 performing expansion, best =    1.0276499692866052E-003
 performing expansion, best =    1.0276314821120154E-003
 performing expansion, best =    1.0276142994438502E-003
 performing expansion, best =    1.0276101258723221E-003
 performing expansion, best =    1.0276058673717617E-003
 performing expansion, best =    1.0276040250858539E-003
 performing expansion, best =    1.0275924769512373E-003
 performing expansion, best =    1.0275735708381085E-003
 performing expansion, best =    1.0275638839162939E-003
 performing expansion, best =    1.0275588292651672E-003
 performing expansion, best =    1.0275382121364128E-003
 performing expansion, best =    1.0275193064521887E-003
 performing expansion, best =    1.0275124181836084E-003
 performing expansion, best =    1.0275093819893089E-003
 performing expansion, best =    1.0274927967241576E-003
 performing expansion, best =    1.0274697204132755E-003
 performing expansion, best =    1.0274350341703715E-003
 performing expansion, best =    1.0273910343809062E-003
 performing expansion, best =    1.0273664795151429E-003
 performing expansion, best =    1.0273550285381434E-003
 performing expansion, best =    1.0273401493608738E-003
 performing expansion, best =    1.0273021922776345E-003
 performing expansion, best =    1.0272488374892027E-003
 performing expansion, best =    1.0272228720451110E-003
 performing expansion, best =    1.0272197142850220E-003
 performing expansion, best =    1.0272125952609432E-003
 performing expansion, best =    1.0272054316077773E-003
 performing expansion, best =    1.0271997566123679E-003
 performing expansion, best =    1.0271975011776906E-003
 performing expansion, best =    1.0271786986365281E-003
 performing expansion, best =    1.0271296080487033E-003
 performing expansion, best =    1.0271018362849201E-003
 performing expansion, best =    1.0270833291766122E-003
 performing expansion, best =    1.0270774529052167E-003
 performing expansion, best =    1.0270726953694948E-003
 performing expansion, best =    1.0270294526213812E-003
 performing expansion, best =    1.0270241734389946E-003
 performing expansion, best =    1.0270234688473374E-003
 performing expansion, best =    1.0270144371349495E-003
 performing expansion, best =    1.0270017622849550E-003
 performing expansion, best =    1.0270010530736887E-003
 performing expansion, best =    1.0269841582586955E-003
 performing expansion, best =    1.0269790142150735E-003
 performing expansion, best =    1.0269685344306435E-003
 performing expansion, best =    1.0269648354321601E-003
 performing expansion, best =    1.0269624525297376E-003
 performing expansion, best =    1.0269612028509301E-003
 performing expansion, best =    1.0269585770721766E-003
 performing expansion, best =    1.0269545450665954E-003
 performing expansion, best =    1.0269395780881075E-003
 performing expansion, best =    1.0269332269277275E-003
 performing expansion, best =    1.0269216189668217E-003
 performing expansion, best =    1.0269047864054116E-003
 performing expansion, best =    1.0268870549145926E-003
 performing expansion, best =    1.0268770012638562E-003
 performing expansion, best =    1.0268727961589138E-003
 performing expansion, best =    1.0268554546256393E-003
 performing expansion, best =    1.0268545016122611E-003
 performing expansion, best =    1.0268537398961880E-003
 performing expansion, best =    1.0268405796615913E-003
 performing expansion, best =    1.0268202496823804E-003
 performing expansion, best =    1.0268133656404989E-003
 performing expansion, best =    1.0268008817525122E-003
 performing expansion, best =    1.0267890831204014E-003
 performing expansion, best =    1.0267810429478359E-003
 performing expansion, best =    1.0267769305883725E-003
 performing expansion, best =    1.0267631224513984E-003
 performing expansion, best =    1.0267541729876892E-003
 performing expansion, best =    1.0267416264878046E-003
 performing expansion, best =    1.0267248069956037E-003
 performing expansion, best =    1.0267106857767027E-003
 performing expansion, best =    1.0267001189250250E-003
 performing expansion, best =    1.0266768142011731E-003
 performing expansion, best =    1.0266500413677886E-003
 performing expansion, best =    1.0265920892834092E-003
 performing expansion, best =    1.0265603521690471E-003
 performing expansion, best =    1.0265502853222784E-003
 performing expansion, best =    1.0265254775941269E-003
 performing expansion, best =    1.0264936815332377E-003
 performing expansion, best =    1.0264882476560401E-003
 performing expansion, best =    1.0264880445807812E-003
 performing expansion, best =    1.0264493093206854E-003
 performing expansion, best =    1.0264078051391661E-003
 performing expansion, best =    1.0263165950091481E-003
 performing expansion, best =    1.0262071602162542E-003
 performing expansion, best =    1.0261461601548728E-003
 performing expansion, best =    1.0260762953529835E-003
 performing expansion, best =    1.0259953146561206E-003
 performing expansion, best =    1.0259156599866581E-003
 performing expansion, best =    1.0258075390125524E-003
 performing expansion, best =    1.0257252589196610E-003
 performing expansion, best =    1.0256577513224902E-003
 performing expansion, best =    1.0256268627081557E-003
 performing expansion, best =    1.0256185488858678E-003
 performing expansion, best =    1.0256032831407562E-003
 performing expansion, best =    1.0255742122159707E-003
 performing expansion, best =    1.0255665678225436E-003
 performing expansion, best =    1.0255598530916445E-003
 performing expansion, best =    1.0255498084796586E-003
 performing expansion, best =    1.0255446724099372E-003
 performing expansion, best =    1.0255194101061237E-003
 performing expansion, best =    1.0254785377690869E-003
 performing expansion, best =    1.0253952722633288E-003
 performing expansion, best =    1.0253418552052559E-003
 performing expansion, best =    1.0252666728665905E-003
 performing expansion, best =    1.0251470036089921E-003
 performing expansion, best =    1.0251251955922839E-003
 performing expansion, best =    1.0251136945202887E-003
 performing expansion, best =    1.0250930603610529E-003
 performing expansion, best =    1.0250760189270316E-003
 performing expansion, best =    1.0250207691355829E-003
 performing expansion, best =    1.0249747051283126E-003
 performing expansion, best =    1.0248750933916650E-003
 performing expansion, best =    1.0247653218012080E-003
 performing expansion, best =    1.0247017336967525E-003
 performing expansion, best =    1.0246039260112657E-003
 performing expansion, best =    1.0244390710087651E-003
 performing expansion, best =    1.0243833381113432E-003
 performing expansion, best =    1.0243404460839394E-003
 performing expansion, best =    1.0243025625830148E-003
 performing expansion, best =    1.0242933210021137E-003
 performing expansion, best =    1.0242711284885241E-003
 performing expansion, best =    1.0242506299868181E-003
 performing expansion, best =    1.0242264087982332E-003
 performing expansion, best =    1.0242225755593174E-003
 performing expansion, best =    1.0241798107877523E-003
 performing expansion, best =    1.0241263520840299E-003
 performing expansion, best =    1.0240592428761559E-003
 performing expansion, best =    1.0240591427143301E-003
 performing expansion, best =    1.0240391533505682E-003
 performing expansion, best =    1.0240279888714542E-003
 performing expansion, best =    1.0239556674029532E-003
 performing expansion, best =    1.0239442415832416E-003
 performing expansion, best =    1.0239312550001567E-003
 performing expansion, best =    1.0238953948595387E-003
 performing expansion, best =    1.0238866221541946E-003
 performing expansion, best =    1.0238309598738654E-003
 performing expansion, best =    1.0238296932007038E-003
 performing expansion, best =    1.0238021351095870E-003
 performing expansion, best =    1.0237897943987688E-003
 performing expansion, best =    1.0237799778746669E-003
 performing expansion, best =    1.0236790859781525E-003
 performing expansion, best =    1.0236073342162636E-003
 performing expansion, best =    1.0235795611567124E-003
 performing expansion, best =    1.0235033537326430E-003
 performing expansion, best =    1.0235011192544045E-003
 performing expansion, best =    1.0234398962579122E-003
 performing expansion, best =    1.0233709466215921E-003
 performing expansion, best =    1.0233435802192885E-003
 performing expansion, best =    1.0233279654444810E-003
 performing expansion, best =    1.0233252912969647E-003
 performing expansion, best =    1.0233006843276531E-003
 performing expansion, best =    1.0232985752161648E-003
 performing expansion, best =    1.0232627131469025E-003
 performing expansion, best =    1.0232519192389033E-003
 performing expansion, best =    1.0232497870571297E-003
 performing expansion, best =    1.0232497035104818E-003
 performing expansion, best =    1.0232417974175611E-003
 performing expansion, best =    1.0232065760304577E-003
 performing expansion, best =    1.0232060254427309E-003
 performing expansion, best =    1.0231787812478874E-003
 performing expansion, best =    1.0231747909866882E-003
 performing expansion, best =    1.0231361930575751E-003
 performing expansion, best =    1.0231179845181140E-003
 performing expansion, best =    1.0231083059115203E-003
 performing expansion, best =    1.0230826711160840E-003
 performing expansion, best =    1.0230384933386414E-003
 performing expansion, best =    1.0230323350706003E-003
 performing expansion, best =    1.0229718203425473E-003
 performing expansion, best =    1.0229489967686692E-003
 performing expansion, best =    1.0229234235934288E-003
 performing expansion, best =    1.0228988817191163E-003
 performing expansion, best =    1.0228734340222167E-003
 performing expansion, best =    1.0228698196401431E-003
 performing expansion, best =    1.0228514204367689E-003
 performing expansion, best =    1.0228362896760488E-003
 performing expansion, best =    1.0228178963700612E-003
 performing expansion, best =    1.0228123303754233E-003
 performing expansion, best =    1.0228023699134310E-003
 performing expansion, best =    1.0227938595066229E-003
 performing expansion, best =    1.0227772696538178E-003
 performing expansion, best =    1.0227704518910152E-003
 performing expansion, best =    1.0227536748775002E-003
 performing expansion, best =    1.0227342762938497E-003
 performing expansion, best =    1.0227218496560312E-003
 performing expansion, best =    1.0227044387396990E-003
 performing expansion, best =    1.0227013167267735E-003
 performing expansion, best =    1.0226997315031150E-003
 performing expansion, best =    1.0226919181627505E-003
 performing expansion, best =    1.0226828768625229E-003
 performing expansion, best =    1.0226605967214052E-003
 performing expansion, best =    1.0226563620819281E-003
 performing expansion, best =    1.0226306200598753E-003
 performing expansion, best =    1.0226102712288469E-003
 performing expansion, best =    1.0225890287473994E-003
 performing expansion, best =    1.0225699015414479E-003
 performing expansion, best =    1.0225548504678558E-003
 performing expansion, best =    1.0225442234166352E-003
 performing expansion, best =    1.0225337527825979E-003
 performing expansion, best =    1.0225290183031967E-003
 performing expansion, best =    1.0225157457766680E-003
 performing expansion, best =    1.0224944276887604E-003
 performing expansion, best =    1.0224777935605076E-003
 performing expansion, best =    1.0224666006080647E-003
 performing expansion, best =    1.0224505944623570E-003
 performing expansion, best =    1.0224139352136672E-003
 performing expansion, best =    1.0223815847981207E-003
 performing expansion, best =    1.0223684069910791E-003
 performing expansion, best =    1.0223655882722522E-003
 performing expansion, best =    1.0223542764463630E-003
 performing expansion, best =    1.0223492621170139E-003
 performing expansion, best =    1.0223327965159235E-003
 performing expansion, best =    1.0223261957243933E-003
 performing expansion, best =    1.0222889860332528E-003
 performing expansion, best =    1.0222656546015393E-003
 performing expansion, best =    1.0222649042525929E-003
 performing expansion, best =    1.0222601706398634E-003
 performing expansion, best =    1.0222409951614170E-003
 performing expansion, best =    1.0222367850471605E-003
 performing expansion, best =    1.0222212193780813E-003
 performing expansion, best =    1.0222085822110991E-003
 performing expansion, best =    1.0221861846576752E-003
 performing expansion, best =    1.0221836812013697E-003
 performing expansion, best =    1.0221691218761128E-003
 performing expansion, best =    1.0221522180775928E-003
 performing expansion, best =    1.0221035290085682E-003
 performing expansion, best =    1.0220549692588113E-003
 performing expansion, best =    1.0220448181083100E-003
 performing expansion, best =    1.0220322810780172E-003
 performing expansion, best =    1.0220302567850136E-003
 performing expansion, best =    1.0220262574738923E-003
 performing expansion, best =    1.0220088239332138E-003
 performing expansion, best =    1.0220024199733167E-003
 performing expansion, best =    1.0219748720501928E-003
 performing expansion, best =    1.0219595356666018E-003
 performing expansion, best =    1.0219430862076085E-003
 performing expansion, best =    1.0219264291246187E-003
 performing expansion, best =    1.0219134846032091E-003
 performing expansion, best =    1.0219044907935689E-003
 performing expansion, best =    1.0218836685102061E-003
 performing expansion, best =    1.0218562723076912E-003
 performing expansion, best =    1.0218469323349871E-003
 performing expansion, best =    1.0218265084756672E-003
 performing expansion, best =    1.0218227991501477E-003
 performing expansion, best =    1.0218202852490177E-003
 performing expansion, best =    1.0218105677694839E-003
 performing expansion, best =    1.0217976552587876E-003
 performing expansion, best =    1.0217518314517937E-003
 performing expansion, best =    1.0217174109159041E-003
 performing expansion, best =    1.0216796946510114E-003
 performing expansion, best =    1.0216698853444332E-003
 performing expansion, best =    1.0216518414427886E-003
 performing expansion, best =    1.0216477112923632E-003
 performing expansion, best =    1.0216046991932308E-003
 performing expansion, best =    1.0215643447767579E-003
 performing expansion, best =    1.0215603383468188E-003
 performing expansion, best =    1.0215577357474087E-003
 performing expansion, best =    1.0215231061864870E-003
 performing expansion, best =    1.0214875201068087E-003
 performing expansion, best =    1.0214479482094131E-003
 performing expansion, best =    1.0214321158508676E-003
 performing expansion, best =    1.0214299243771310E-003
 performing expansion, best =    1.0213949550587386E-003
 performing expansion, best =    1.0213766924520114E-003
 performing expansion, best =    1.0213527831211609E-003
 performing expansion, best =    1.0213322614839025E-003
 performing expansion, best =    1.0213207323474299E-003
 performing expansion, best =    1.0212824659333549E-003
 performing expansion, best =    1.0212461425504061E-003
 performing expansion, best =    1.0212165602245349E-003
 performing expansion, best =    1.0211937589087979E-003
 performing expansion, best =    1.0211427663664842E-003
 performing expansion, best =    1.0211168247264159E-003
 performing expansion, best =    1.0210969656707530E-003
 performing expansion, best =    1.0210483124893520E-003
 performing expansion, best =    1.0209965920571853E-003
 performing expansion, best =    1.0209399029102357E-003
 performing expansion, best =    1.0208956393959357E-003
 performing expansion, best =    1.0208340380122214E-003
 performing expansion, best =    1.0207311691221156E-003
 performing expansion, best =    1.0206492460423694E-003
 performing expansion, best =    1.0205981391102077E-003
 performing expansion, best =    1.0205693508263699E-003
 performing expansion, best =    1.0205085991911746E-003
 performing expansion, best =    1.0204154947292380E-003
 performing expansion, best =    1.0203321016422880E-003
 performing expansion, best =    1.0203038060410689E-003
 performing expansion, best =    1.0202863852472447E-003
 performing expansion, best =    1.0202521186518741E-003
 performing expansion, best =    1.0201725759112223E-003
 performing expansion, best =    1.0201506505599228E-003
 performing expansion, best =    1.0201236374240126E-003
 performing expansion, best =    1.0201086311290364E-003
 performing expansion, best =    1.0201046107053140E-003
 performing expansion, best =    1.0200942280287765E-003
 performing expansion, best =    1.0200728113475871E-003
 performing expansion, best =    1.0199395035506897E-003
Exiting simplex optimization after 10001 iterations
RMSE         1.019829103E-03 Hartree
NEW BEST!
Best found solution for 10 charges:
        RMSE         6.399519403E-01 kcal/mol
         MAE         3.703501109E-01 kcal/mol
     max. AE         8.304912906E+00 kcal/mol

       x[bohr]       y[bohr]       z[bohr]          q[e]
     3.3401901     1.7158604     1.5516959     0.1937323
     5.3323624    -1.0842215     0.1530691     0.1814760
     3.1245213    -0.0937342     0.3216068    -0.4831092
     2.1072680    -1.2979373    -0.6203011    -0.1435829
     2.0412117    -3.0479914    -1.6373864     0.1406193
    -0.9245130     2.6652274    -0.2413579    -0.2432810
     0.0038973     0.2642520    -0.1376448     0.4672000
    -2.7889239    -1.6545603     0.3941908    -0.6459747
    -4.7043657    -0.4465876     0.7979367     0.2202827
    -2.7105375    -3.2691940     0.4574520     0.3126376

