Running in fitting mode

Reading "/home/boittier/pydcm/models/scn/ref/scn_test.chk.p.cube"...

Running in fitting mode

  amide1.pdb Potential
  Electrostatic potential from Total SCF Density
Reading "/home/boittier/pydcm/models/scn/ref/scn_test.chk.p.cube"...

Running in fitting mode

    7   -9.547539   -9.907163   -8.571809
   84    0.227959    0.000000    0.000000
   80    0.000000    0.227959    0.000000
   76    0.000000    0.000000    0.227959
Reading "/home/boittier/pydcm/models/scn/ref/scn_test.chk.p.cube"...

    6    6.000000   -2.044175    0.014333    0.000054
   16   16.000000    0.865801   -1.335365   -0.000011
    7    7.000000   -4.064309    0.861651   -0.000028
  amide1.pdb Potential
  Electrostatic potential from Total SCF Density
    6    6.000000    2.846132    1.524855   -0.000012
    1    1.000000    2.501412    2.632432   -1.697357
    1    1.000000    2.498264    2.634736    1.695157
    1    1.000000    4.785937    0.831978    0.002316
    7   -9.547539   -9.907163   -8.571809
   84    0.227959    0.000000    0.000000
  amide1.pdb Potential
  Electrostatic potential from Total SCF Density
   80    0.000000    0.227959    0.000000
   76    0.000000    0.000000    0.227959
    7   -9.547539   -9.907163   -8.571809
   84    0.227959    0.000000    0.000000
   80    0.000000    0.227959    0.000000
   76    0.000000    0.000000    0.227959
    6    6.000000   -2.044175    0.014333    0.000054
   16   16.000000    0.865801   -1.335365   -0.000011
    7    7.000000   -4.064309    0.861651   -0.000028
    6    6.000000    2.846132    1.524855   -0.000012
    1    1.000000    2.501412    2.632432   -1.697357
    1    1.000000    2.498264    2.634736    1.695157
    1    1.000000    4.785937    0.831978    0.002316
    6    6.000000   -2.044175    0.014333    0.000054
   16   16.000000    0.865801   -1.335365   -0.000011
    7    7.000000   -4.064309    0.861651   -0.000028
    6    6.000000    2.846132    1.524855   -0.000012
    1    1.000000    2.501412    2.632432   -1.697357
    1    1.000000    2.498264    2.634736    1.695157
    1    1.000000    4.785937    0.831978    0.002316
Running in fitting mode

Reading "/home/boittier/pydcm/models/scn/ref/scn_test.chk.p.cube"...

  amide1.pdb Potential
  Electrostatic potential from Total SCF Density
    7   -9.547539   -9.907163   -8.571809
   84    0.227959    0.000000    0.000000
   80    0.000000    0.227959    0.000000
   76    0.000000    0.000000    0.227959
    6    6.000000   -2.044175    0.014333    0.000054
   16   16.000000    0.865801   -1.335365   -0.000011
    7    7.000000   -4.064309    0.861651   -0.000028
    6    6.000000    2.846132    1.524855   -0.000012
    1    1.000000    2.501412    2.632432   -1.697357
    1    1.000000    2.498264    2.634736    1.695157
    1    1.000000    4.785937    0.831978    0.002316
 -1.97184E-02 -1.98648E-02 -1.99651E-02 -2.00181E-02 -2.00231E-02 -1.99799E-02
       .            .            .            .            .            .
       .            .            .            .            .            .
       .            .            .            .            .            .
  2.79003E-02  2.42183E-02  2.97384E-02  3.05797E-02  2.66454E-02  2.90753E-02

61843 out of 510720 gridpoints are considered ( 12.1%).

...done!




USING GREEDY MODE
 -1.97184E-02 -1.98648E-02 -1.99651E-02 -2.00181E-02 -2.00231E-02 -1.99799E-02
       .            .            .            .            .            .
       .            .            .            .            .            .
       .            .            .            .            .            .
  2.79003E-02  2.42183E-02  2.97384E-02  3.05797E-02  2.66454E-02  2.90753E-02

61843 out of 510720 gridpoints are considered ( 12.1%).

...done!




USING GREEDY MODE
 -1.97184E-02 -1.98648E-02 -1.99651E-02 -2.00181E-02 -2.00231E-02 -1.99799E-02
       .            .            .            .            .            .
       .            .            .            .            .            .
       .            .            .            .            .            .
  2.79003E-02  2.42183E-02  2.97384E-02  3.05797E-02  2.66454E-02  2.90753E-02

61843 out of 510720 gridpoints are considered ( 12.1%).

...done!




USING GREEDY MODE
 -1.97184E-02 -1.98648E-02 -1.99651E-02 -2.00181E-02 -2.00231E-02 -1.99799E-02
       .            .            .            .            .            .
       .            .            .            .            .            .
       .            .            .            .            .            .
  2.79003E-02  2.42183E-02  2.97384E-02  3.05797E-02  2.66454E-02  2.90753E-02

61843 out of 510720 gridpoints are considered ( 12.1%).

...done!




USING GREEDY MODE
Running DE in parallel with 16 thread(s)!

Starting fitting procedure for multipole expansion of atom 3 with 1 charges, trial 1
Running DE in parallel with 16 thread(s)!

Starting fitting procedure for multipole expansion of atom 3 with 1 charges, trial 1
Running DE in parallel with 16 thread(s)!

Starting fitting procedure for multipole expansion of atom 3 with 1 charges, trial 1
Running DE in parallel with 16 thread(s)!

Starting fitting procedure for multipole expansion of atom 3 with 1 charges, trial 1
gen      0/2000      elitist  2.8096322E-03 feasible? T
gen      0/2000      elitist  3.0646259E-03 feasible? T
gen      0/2000      elitist  3.0646259E-03 feasible? T
gen      0/2000      elitist  3.0646259E-03 feasible? T
population converged towards a single solution after 91 generations.
Starting local simplex optimization:
Solution before refinement:      1.3400017650E-03
Exiting simplex optimization after    56 iterations
Solution after  refinement:      1.3400017650E-03
RMSE         1.340001765E-03Hartree
NEW BEST!
population converged towards a single solution after 77 generations.
Starting local simplex optimization:
Solution before refinement:      1.3400017652E-03
Exiting simplex optimization after    50 iterations
Solution after  refinement:      1.3400017652E-03
RMSE         1.340001765E-03Hartree
NEW BEST!

Best found solution for 1 charges:
        RMSE         8.408631676E-01 kcal/mol
         MAE         5.999205551E-01 kcal/mol
     max. AE         4.786312051E+00 kcal/mol

       x[bohr]       y[bohr]       z[bohr]          q[e]
    -4.7068783     1.2417177    -0.1399133    -0.2196762

Running DE in parallel with 16 thread(s)!

Starting fitting procedure for multipole expansion of atom 3 with 2 charges, trial 1
population converged towards a single solution after 80 generations.
Starting local simplex optimization:
Solution before refinement:      1.3400017651E-03
gen      0/4000      elitist  2.1555092E-03 feasible? T
Exiting simplex optimization after    51 iterations
Solution after  refinement:      1.3400017651E-03
RMSE         1.340001765E-03Hartree
NEW BEST!
population converged towards a single solution after 85 generations.
Starting local simplex optimization:
Solution before refinement:      1.3400017651E-03

Best found solution for 1 charges:
        RMSE         8.408631677E-01 kcal/mol
         MAE         5.999189778E-01 kcal/mol
     max. AE         4.786339221E+00 kcal/mol

       x[bohr]       y[bohr]       z[bohr]          q[e]
    -4.7068765     1.2417153    -0.1399107    -0.2196762

Running DE in parallel with 16 thread(s)!

Starting fitting procedure for multipole expansion of atom 3 with 2 charges, trial 1
Exiting simplex optimization after    54 iterations
Solution after  refinement:      1.3400017651E-03
RMSE         1.340001765E-03Hartree
NEW BEST!
gen      0/4000      elitist  1.6975544E-03 feasible? T

Best found solution for 1 charges:
        RMSE         8.408631676E-01 kcal/mol
         MAE         5.999206579E-01 kcal/mol
     max. AE         4.786318106E+00 kcal/mol

       x[bohr]       y[bohr]       z[bohr]          q[e]
    -4.7068768     1.2417166    -0.1399142    -0.2196762

Running DE in parallel with 16 thread(s)!

Starting fitting procedure for multipole expansion of atom 3 with 2 charges, trial 1

Best found solution for 1 charges:
        RMSE         8.408631676E-01 kcal/mol
         MAE         5.999202159E-01 kcal/mol
     max. AE         4.786305087E+00 kcal/mol

       x[bohr]       y[bohr]       z[bohr]          q[e]
    -4.7068786     1.2417188    -0.1399121    -0.2196762

Running DE in parallel with 16 thread(s)!

Starting fitting procedure for multipole expansion of atom 3 with 2 charges, trial 1
gen      0/4000      elitist  1.6975544E-03 feasible? T
gen      0/4000      elitist  1.6975544E-03 feasible? T
gen    100/4000      elitist  8.1953687E-04 feasible? T
gen    100/4000      elitist  8.6177320E-04 feasible? T
gen    100/4000      elitist  1.0406288E-03 feasible? T
gen    100/4000      elitist  1.1257733E-03 feasible? T
gen    200/4000      elitist  7.8806248E-04 feasible? T
gen    200/4000      elitist  7.8870243E-04 feasible? T
gen    200/4000      elitist  7.9332728E-04 feasible? T
gen    200/4000      elitist  1.1108380E-03 feasible? T
gen    300/4000      elitist  7.8639824E-04 feasible? T
gen    300/4000      elitist  7.8626745E-04 feasible? T
gen    300/4000      elitist  7.8641184E-04 feasible? T
gen    300/4000      elitist  1.1103421E-03 feasible? T
gen    400/4000      elitist  7.8631991E-04 feasible? T
gen    400/4000      elitist  7.8626182E-04 feasible? T
gen    400/4000      elitist  7.8625237E-04 feasible? T
gen    400/4000      elitist  1.1103421E-03 feasible? T
gen    500/4000      elitist  7.8624967E-04 feasible? T
gen    500/4000      elitist  7.8625643E-04 feasible? T
gen    500/4000      elitist  1.1100193E-03 feasible? T
gen    500/4000      elitist  7.8624260E-04 feasible? T
gen    600/4000      elitist  7.8624153E-04 feasible? T
gen    600/4000      elitist  7.8624801E-04 feasible? T
gen    600/4000      elitist  1.1099734E-03 feasible? T
gen    600/4000      elitist  7.8623577E-04 feasible? T
gen    700/4000      elitist  7.8623975E-04 feasible? T
gen    700/4000      elitist  1.1099697E-03 feasible? T
gen    700/4000      elitist  7.8623409E-04 feasible? T
gen    700/4000      elitist  7.8623452E-04 feasible? T
gen    800/4000      elitist  7.8623378E-04 feasible? T
gen    800/4000      elitist  1.1099696E-03 feasible? T
gen    800/4000      elitist  7.8623361E-04 feasible? T
population converged towards a single solution after 818 generations.
Starting local simplex optimization:
Solution before refinement:      1.1099695576E-03
Exiting simplex optimization after   276 iterations
Solution after  refinement:      1.1099695576E-03
RMSE         1.109969558E-03Hartree
NEW BEST!
gen    800/4000      elitist  7.8623362E-04 feasible? T
population converged towards a single solution after 869 generations.
Starting local simplex optimization:
Solution before refinement:      7.8623360658E-04

Best found solution for 2 charges:
        RMSE         6.965158871E-01 kcal/mol
         MAE         4.940584751E-01 kcal/mol
     max. AE         4.332620501E+00 kcal/mol

       x[bohr]       y[bohr]       z[bohr]          q[e]
    -4.9291268     1.3129723     0.0409007    -0.1724789
    -3.6822192     0.9007782    -0.8976651    -0.0471973

Exiting simplex optimization after   288 iterations
Solution after  refinement:      7.8623360658E-04
RMSE         7.862336066E-04Hartree
NEW BEST!

Best found solution for 2 charges:
        RMSE         4.933686642E-01 kcal/mol
         MAE         3.534730051E-01 kcal/mol
     max. AE         3.499209231E+00 kcal/mol

       x[bohr]       y[bohr]       z[bohr]          q[e]
    -4.7858254     0.2039256    -0.0093687     0.7803238
    -4.7552538     0.4374631    -0.0382195    -1.0000000

population converged towards a single solution after 853 generations.
Starting local simplex optimization:
Solution before refinement:      7.8623360541E-04
Exiting simplex optimization after   283 iterations
Solution after  refinement:      7.8623360541E-04
RMSE         7.862336054E-04Hartree
NEW BEST!

Best found solution for 2 charges:
        RMSE         4.933686635E-01 kcal/mol
         MAE         3.534747275E-01 kcal/mol
     max. AE         3.499214374E+00 kcal/mol

       x[bohr]       y[bohr]       z[bohr]          q[e]
    -4.7552374     0.4374466    -0.0382424    -1.0000000
    -4.7858061     0.2039048    -0.0093982     0.7803238

population converged towards a single solution after 867 generations.
Starting local simplex optimization:
Solution before refinement:      7.8623360583E-04
 performing expansion, best =    7.8623360572408689E-004
 performing expansion, best =    7.8623360555257250E-004
Exiting simplex optimization after   281 iterations
Solution after  refinement:      7.8623360555E-04
RMSE         7.862336056E-04Hartree
NEW BEST!

Best found solution for 2 charges:
        RMSE         4.933686636E-01 kcal/mol
         MAE         3.534733843E-01 kcal/mol
     max. AE         3.499211930E+00 kcal/mol

       x[bohr]       y[bohr]       z[bohr]          q[e]
    -4.7858174     0.2039168    -0.0093663     0.7803238
    -4.7552465     0.4374557    -0.0382169    -1.0000000

