Running in fitting mode

Reading "/home/boittier/pydcm/models/fbutadiene-5/ref/B.p.cube"...

  B.pdb Potential
  Electrostatic potential from Total SCF Density
   10   -9.523505   -7.980533   -7.103730
  119    0.166667    0.000000    0.000000
   91    0.000000    0.166667    0.000000
   86    0.000000    0.000000    0.166667
    6    6.000000   -3.010753   -1.467781    0.411389
    6    6.000000   -0.986749   -0.122455   -0.217071
    6    6.000000    1.601222   -1.053695   -0.590978
    6    6.000000    3.633552   -0.023214    0.486105
    1    1.000000   -4.798379   -0.560773    0.811121
    1    1.000000   -2.897238   -3.506380    0.487381
    9    9.000000   -1.166171    2.450557   -0.229039
    1    1.000000    1.766796   -2.828174   -1.608960
    1    1.000000    3.515233    1.709731    1.572033
    1    1.000000    5.485495   -0.866552    0.263106
 -1.11920E-02 -1.06957E-02 -1.11897E-02 -1.03225E-02 -1.09579E-02 -1.02275E-02
       .            .            .            .            .            .
       .            .            .            .            .            .
       .            .            .            .            .            .
  3.60191E-03  3.68247E-03  3.75480E-03  3.81850E-03  3.87330E-03  3.91898E-03

204137 out of 931294 gridpoints are considered ( 21.9%).

...done!




USING GREEDY MODE
File "multipole9_1charges.xyz" already exists. Fitting procedure is skipped.
File "multipole9_2charges.xyz" already exists. Fitting procedure is skipped.
File "multipole9_3charges.xyz" already exists. Fitting procedure is skipped.
File "multipole9_4charges.xyz" already exists. Fitting procedure is skipped.
File "multipole10_1charges.xyz" already exists. Fitting procedure is skipped.
File "multipole10_2charges.xyz" already exists. Fitting procedure is skipped.
File "multipole10_3charges.xyz" already exists. Fitting procedure is skipped.
File "multipole10_4charges.xyz" already exists. Fitting procedure is skipped.
File "multipole4_1charges.xyz" already exists. Fitting procedure is skipped.
File "multipole4_2charges.xyz" already exists. Fitting procedure is skipped.
File "multipole4_3charges.xyz" already exists. Fitting procedure is skipped.
File "multipole4_4charges.xyz" already exists. Fitting procedure is skipped.
Fragment fit detected
Fitting to MTP grid, discarding reference MEP cube data
Subsequent stats etc. are compared to MTP data, not the
MEP from the reference cube file
Total fragment charge (a.u.):         3.831443714E-03
Running DE in parallel with 1 thread(s)!

Starting fitting procedure for 3 charges, trial 1
gen      0/6000      elitist  2.8033951E-03 feasible? T
gen    100/6000      elitist  1.4478031E-03 feasible? T
gen    200/6000      elitist  4.5601950E-04 feasible? T
gen    300/6000      elitist  4.4524683E-04 feasible? T
gen    400/6000      elitist  4.3216770E-04 feasible? T
gen    500/6000      elitist  4.2905186E-04 feasible? T
gen    600/6000      elitist  4.2898741E-04 feasible? T
population converged towards a single solution after 689 generations.
Starting local simplex optimization:
Solution before refinement:      4.2898733131E-04
Exiting simplex optimization after   249 iterations
Solution after  refinement:      4.2898733131E-04
RMSE         4.289873313E-04 Hartree
NEW BEST!

Starting fitting procedure for 3 charges, trial 2
gen      0/6000      elitist  5.0660495E-03 feasible? T
gen    100/6000      elitist  6.7572863E-04 feasible? T
gen    200/6000      elitist  4.4687591E-04 feasible? T
gen    300/6000      elitist  4.2931465E-04 feasible? T
gen    400/6000      elitist  4.2898774E-04 feasible? T
gen    500/6000      elitist  4.2898733E-04 feasible? T
population converged towards a single solution after 516 generations.
Starting local simplex optimization:
Solution before refinement:      4.2898733302E-04
Exiting simplex optimization after   264 iterations
Solution after  refinement:      4.2898733142E-04
RMSE         4.289873314E-04 Hartree

Starting fitting procedure for 3 charges, trial 3
gen      0/6000      elitist  9.5386726E-03 feasible? F
gen    100/6000      elitist  6.8486271E-04 feasible? T
gen    200/6000      elitist  4.6335874E-04 feasible? T
gen    300/6000      elitist  4.2916046E-04 feasible? T
gen    400/6000      elitist  4.2898787E-04 feasible? T
gen    500/6000      elitist  4.2898734E-04 feasible? T
population converged towards a single solution after 537 generations.
Starting local simplex optimization:
Solution before refinement:      4.2898733145E-04
Exiting simplex optimization after   255 iterations
Solution after  refinement:      4.2898733135E-04
RMSE         4.289873313E-04 Hartree

Starting fitting procedure for 3 charges, trial 4
gen      0/6000      elitist  2.8407036E-03 feasible? T
gen    100/6000      elitist  1.2242910E-03 feasible? T
gen    200/6000      elitist  4.9736274E-04 feasible? T
gen    300/6000      elitist  4.9057715E-04 feasible? T
gen    400/6000      elitist  4.9025445E-04 feasible? T
gen    500/6000      elitist  4.9025179E-04 feasible? T
gen    600/6000      elitist  4.9025165E-04 feasible? T
population converged towards a single solution after 645 generations.
Starting local simplex optimization:
Solution before refinement:      4.9025164754E-04
 performing expansion, best =    4.9025164735426907E-004
Exiting simplex optimization after   453 iterations
Solution after  refinement:      4.9025164735E-04
RMSE         4.902516474E-04 Hartree

Best found solution for 3 charges:
        RMSE         3.076373210E-01 kcal/mol
         MAE         1.676365658E-01 kcal/mol
     max. AE         2.427493685E+00 kcal/mol

       x[bohr]       y[bohr]       z[bohr]          q[e]
     3.2950033     1.6100548     1.4289137     0.2077654
     5.2693192    -0.9117207     0.1757418     0.1989783
     3.4969754    -0.0878920     0.3546686    -0.4029123

