Running in analysis mode

Reading "/home/boittier/pydcm/models/amide1/ref/amide1.pdb.chk.p.cube"...

  amide1.pdb Potential
  Electrostatic potential from Total SCF Density
   12  -10.223254   -7.531078   -6.514600
  102    0.200530    0.000000    0.000000
   76    0.000000    0.200530    0.000000
   66    0.000000    0.000000    0.200530
    6    6.000000    3.459052   -1.018326   -0.001098
    6    6.000000    0.912949    0.306382    0.002044
    1    1.000000    4.539280   -0.375166    1.634531
    1    1.000000   -0.922347   -3.113256    0.004047
    1    1.000000    3.325783   -3.077563    0.045150
    1    1.000000   -4.034328    0.971752    1.669280
    1    1.000000   -4.025496    0.977610   -1.670480
    7    7.000000   -1.159429   -1.226811    0.002654
    8    8.000000    0.727988    2.607744    0.000511
    6    6.000000   -3.710502   -0.196658   -0.001848
    1    1.000000    4.496715   -0.449918   -1.691790
    1    1.000000   -5.056509   -1.756118   -0.007992
  4.97776E-03  5.09158E-03  5.20664E-03  5.32280E-03  5.43989E-03  5.55773E-03
       .            .            .            .            .            .
       .            .            .            .            .            .
       .            .            .            .            .            .
 -5.47787E-03 -5.37128E-03 -5.26496E-03 -5.15909E-03 -5.05383E-03 -4.94933E-03

511632 out of 511632 gridpoints are considered (100.0%).

...done!

Reading "monopole_expansion.cube"...

  Fitted ESP
  Electrostatic potential fitted from monopole expansion.
   12  -10.223254   -7.531078   -6.514600
  102    0.200530    0.000000    0.000000
   76    0.000000    0.200530    0.000000
   66    0.000000    0.000000    0.200530
    6    6.000000    3.459052   -1.018326   -0.001098
    6    6.000000    0.912949    0.306382    0.002044
    1    1.000000    4.539280   -0.375166    1.634531
    1    1.000000   -0.922347   -3.113256    0.004047
    1    1.000000    3.325783   -3.077563    0.045150
    1    1.000000   -4.034328    0.971752    1.669280
    1    1.000000   -4.025496    0.977610   -1.670480
    7    7.000000   -1.159429   -1.226811    0.002654
    8    8.000000    0.727988    2.607744    0.000511
    6    6.000000   -3.710502   -0.196658   -0.001848
    1    1.000000    4.496715   -0.449918   -1.691790
    1    1.000000   -5.056509   -1.756118   -0.007992
  4.92707E-03  5.03547E-03  5.14479E-03  5.25487E-03  5.36555E-03  5.47665E-03
       .            .            .            .            .            .
       .            .            .            .            .            .
       .            .            .            .            .            .
 -5.38722E-03 -5.28396E-03 -5.18090E-03 -5.07821E-03 -4.97604E-03 -4.87455E-03

511632 out of 511632 gridpoints are considered (100.0%).

...done!

                       Measure       RMSE[kcal/mol/e]   MaxError[kcal/mol/e]   NPoints
                         Total        8.029232540E-01        1.129724122E+01    419616
Close (  1.20 < r <   1.66 )          1.586146251E+00        1.129724122E+01     88134
Mid-range ( 1.66 < r <  2.20)         5.155074333E-01        2.847135963E+00    155275
Far-range (  2.20         < r)        2.066344430E-01        1.049635089E+00    176207
Did analysis and wrote slice data
