Running in fitting mode

Reading "/home/boittier/pydcm/models/fbutadiene-5/ref/B.p.cube"...

  B.pdb Potential
  Electrostatic potential from Total SCF Density
   10   -9.523505   -7.980533   -7.103730
  119    0.166667    0.000000    0.000000
   91    0.000000    0.166667    0.000000
   86    0.000000    0.000000    0.166667
    6    6.000000   -3.010753   -1.467781    0.411389
    6    6.000000   -0.986749   -0.122455   -0.217071
    6    6.000000    1.601222   -1.053695   -0.590978
    6    6.000000    3.633552   -0.023214    0.486105
    1    1.000000   -4.798379   -0.560773    0.811121
    1    1.000000   -2.897238   -3.506380    0.487381
    9    9.000000   -1.166171    2.450557   -0.229039
    1    1.000000    1.766796   -2.828174   -1.608960
    1    1.000000    3.515233    1.709731    1.572033
    1    1.000000    5.485495   -0.866552    0.263106
  3.31692E-03  3.41411E-03  3.50260E-03  3.58165E-03  3.65062E-03  3.70898E-03
       .            .            .            .            .            .
       .            .            .            .            .            .
       .            .            .            .            .            .
  3.60191E-03  3.68247E-03  3.75480E-03  3.81850E-03  3.87330E-03  3.91898E-03

431831 out of 931294 gridpoints are considered ( 46.4%).

...done!




 Refining solution from file/home/boittier/pydcm/models/fbutadiene-5/4-combine/17-combined.xyz
 Contains     17 charges
      Initial RMSE =         5.669736304E-01 kcal/mol
Running DE in parallel with 1 thread(s)!


User requested refinement using simplex algorithm (no DE)

 performing expansion, best =    8.5591546213365790E-004
 performing expansion, best =    8.5519084366246468E-004
 performing expansion, best =    8.5434743358856597E-004
 performing expansion, best =    8.5376714520293080E-004
 performing expansion, best =    8.5360121228976492E-004
 performing expansion, best =    8.5220051887066183E-004
 performing expansion, best =    8.5202076171924648E-004
 performing expansion, best =    8.5196315758270563E-004
 performing expansion, best =    8.5175634509650504E-004
 performing expansion, best =    8.5170111669689678E-004
 performing expansion, best =    8.4938061350647300E-004
 performing expansion, best =    8.4894946596870188E-004
 performing expansion, best =    8.4863786192896555E-004
 performing expansion, best =    8.4564008182210198E-004
 performing expansion, best =    8.4555774395955123E-004
 performing expansion, best =    8.4537791625088530E-004
 performing expansion, best =    8.4341584018411133E-004
 performing expansion, best =    8.4263181770628435E-004
 performing expansion, best =    8.3956065720566905E-004
 performing expansion, best =    8.3738514723122727E-004
 performing expansion, best =    8.3715519225551773E-004
 performing expansion, best =    8.3625078879517368E-004
 performing expansion, best =    8.3455932726977109E-004
 performing expansion, best =    8.3419785167812197E-004
 performing expansion, best =    8.3341412425052901E-004
 performing expansion, best =    8.3293154728547548E-004
 performing expansion, best =    8.3113222627172623E-004
 performing expansion, best =    8.2968016932841952E-004
 performing expansion, best =    8.2844437047026038E-004
 performing expansion, best =    8.2812907214776469E-004
 performing expansion, best =    8.2652405888394105E-004
 performing expansion, best =    8.2634945873915765E-004
 performing expansion, best =    8.2620314789967619E-004
 performing expansion, best =    8.2574699127355535E-004
 performing expansion, best =    8.2555327207367015E-004
 performing expansion, best =    8.2530315237174358E-004
 performing expansion, best =    8.2520317266776783E-004
 performing expansion, best =    8.2486076131278198E-004
 performing expansion, best =    8.2483947546061452E-004
 performing expansion, best =    8.2426738000473162E-004
 performing expansion, best =    8.2415462555966398E-004
 performing expansion, best =    8.2377271907898598E-004
 performing expansion, best =    8.2365227272945005E-004
 performing expansion, best =    8.2362266083272034E-004
 performing expansion, best =    8.2361016895090157E-004
 performing expansion, best =    8.2335727745518788E-004
 performing expansion, best =    8.2319801668604450E-004
 performing expansion, best =    8.2275342582392719E-004
 performing expansion, best =    8.2272939061633031E-004
 performing expansion, best =    8.2269281611561658E-004
 performing expansion, best =    8.2257427810821361E-004
 performing expansion, best =    8.2251630962929998E-004
 performing expansion, best =    8.2243782750330316E-004
 performing expansion, best =    8.2238716005742223E-004
 performing expansion, best =    8.2231993312010144E-004
 performing expansion, best =    8.2209260262201800E-004
 performing expansion, best =    8.2206909114163301E-004
 performing expansion, best =    8.2194951424773000E-004
 performing expansion, best =    8.2181291217461926E-004
 performing expansion, best =    8.2159249988872254E-004
 performing expansion, best =    8.2142018406205705E-004
 performing expansion, best =    8.2127504891357404E-004
 performing expansion, best =    8.2126664509693309E-004
 performing expansion, best =    8.2110525527066716E-004
 performing expansion, best =    8.2089260266178868E-004
 performing expansion, best =    8.2086293749328515E-004
 performing expansion, best =    8.2083314488589417E-004
 performing expansion, best =    8.2071582300723589E-004
 performing expansion, best =    8.2065237097051933E-004
 performing expansion, best =    8.2061742825559380E-004
 performing expansion, best =    8.2059445602066514E-004
 performing expansion, best =    8.2049774826256769E-004
 performing expansion, best =    8.2041404746158696E-004
 performing expansion, best =    8.2032637581906306E-004
 performing expansion, best =    8.2012995977345229E-004
 performing expansion, best =    8.1993885663457576E-004
 performing expansion, best =    8.1975907922107228E-004
 performing expansion, best =    8.1953235987026194E-004
 performing expansion, best =    8.1924933053950590E-004
 performing expansion, best =    8.1898851605941556E-004
 performing expansion, best =    8.1897617692988959E-004
 performing expansion, best =    8.1878396870874398E-004
 performing expansion, best =    8.1874259102734047E-004
 performing expansion, best =    8.1866851098057517E-004
 performing expansion, best =    8.1863009466203850E-004
 performing expansion, best =    8.1858408602710939E-004
 performing expansion, best =    8.1848047609484889E-004
 performing expansion, best =    8.1838210596997963E-004
 performing expansion, best =    8.1831010970541092E-004
 performing expansion, best =    8.1822756641842370E-004
 performing expansion, best =    8.1819459842435202E-004
 performing expansion, best =    8.1818517380526806E-004
 performing expansion, best =    8.1810655657194226E-004
 performing expansion, best =    8.1808174474843460E-004
 performing expansion, best =    8.1804595243780223E-004
 performing expansion, best =    8.1801724050252554E-004
 performing expansion, best =    8.1793687131235442E-004
 performing expansion, best =    8.1785817867408332E-004
 performing expansion, best =    8.1780558882334556E-004
 performing expansion, best =    8.1779507739181134E-004
 performing expansion, best =    8.1762113939458283E-004
 performing expansion, best =    8.1760731907185957E-004
 performing expansion, best =    8.1759049762938842E-004
 performing expansion, best =    8.1752755895964102E-004
 performing expansion, best =    8.1752477967791319E-004
 performing expansion, best =    8.1742922667736237E-004
 performing expansion, best =    8.1725811078002216E-004
 performing expansion, best =    8.1718216078603635E-004
 performing expansion, best =    8.1711583182572959E-004
 performing expansion, best =    8.1697647102104191E-004
 performing expansion, best =    8.1683159665750385E-004
 performing expansion, best =    8.1666756261291750E-004
 performing expansion, best =    8.1653825497667466E-004
 performing expansion, best =    8.1638543393639017E-004
 performing expansion, best =    8.1630007042507913E-004
 performing expansion, best =    8.1601134755647888E-004
 performing expansion, best =    8.1578508160759923E-004
 performing expansion, best =    8.1559022010220224E-004
 performing expansion, best =    8.1558972634974806E-004
 performing expansion, best =    8.1549623938384117E-004
 performing expansion, best =    8.1531415627657451E-004
 performing expansion, best =    8.1514376628150391E-004
 performing expansion, best =    8.1502116515308064E-004
 performing expansion, best =    8.1489498845236567E-004
 performing expansion, best =    8.1483250842304025E-004
 performing expansion, best =    8.1478308339901406E-004
 performing expansion, best =    8.1477149748365567E-004
 performing expansion, best =    8.1461143966111689E-004
 performing expansion, best =    8.1459405468249711E-004
 performing expansion, best =    8.1450913385096519E-004
 performing expansion, best =    8.1447785465054942E-004
 performing expansion, best =    8.1445373029152368E-004
 performing expansion, best =    8.1439971377625224E-004
 performing expansion, best =    8.1426347515039100E-004
 performing expansion, best =    8.1409873592779686E-004
 performing expansion, best =    8.1389566332530096E-004
 performing expansion, best =    8.1384449332439683E-004
 performing expansion, best =    8.1362746338599704E-004
 performing expansion, best =    8.1343947409358373E-004
 performing expansion, best =    8.1341821106235726E-004
 performing expansion, best =    8.1341712777077766E-004
 performing expansion, best =    8.1341161787671875E-004
 performing expansion, best =    8.1338981516869294E-004
 performing expansion, best =    8.1336093676975005E-004
 performing expansion, best =    8.1335002853308649E-004
 performing expansion, best =    8.1328384761966774E-004
 performing expansion, best =    8.1324106564890095E-004
 performing expansion, best =    8.1323764150362850E-004
 performing expansion, best =    8.1322753760011256E-004
 performing expansion, best =    8.1322396784137331E-004
 performing expansion, best =    8.1319876897466043E-004
 performing expansion, best =    8.1318358988709499E-004
 performing expansion, best =    8.1317326407712165E-004
 performing expansion, best =    8.1317116840028223E-004
 performing expansion, best =    8.1316841719695099E-004
 performing expansion, best =    8.1315356810582730E-004
 performing expansion, best =    8.1310074372346268E-004
 performing expansion, best =    8.1309852282333936E-004
 performing expansion, best =    8.1309807594004923E-004
 performing expansion, best =    8.1305804749081604E-004
 performing expansion, best =    8.1305640578348498E-004
 performing expansion, best =    8.1304246922701579E-004
 performing expansion, best =    8.1299240842212708E-004
 performing expansion, best =    8.1298602034737301E-004
 performing expansion, best =    8.1295467269907793E-004
 performing expansion, best =    8.1294712157275377E-004
 performing expansion, best =    8.1289015920055262E-004
 performing expansion, best =    8.1285011869227882E-004
 performing expansion, best =    8.1280719315321253E-004
 performing expansion, best =    8.1275004978340515E-004
 performing expansion, best =    8.1269711407461404E-004
 performing expansion, best =    8.1264146320203783E-004
 performing expansion, best =    8.1263848143059772E-004
 performing expansion, best =    8.1262475127390026E-004
 performing expansion, best =    8.1258098137897681E-004
 performing expansion, best =    8.1256933629022111E-004
 performing expansion, best =    8.1256175701300301E-004
 performing expansion, best =    8.1252603190073850E-004
 performing expansion, best =    8.1248792315648157E-004
 performing expansion, best =    8.1247739360307410E-004
 performing expansion, best =    8.1242033549319920E-004
 performing expansion, best =    8.1236513061654840E-004
 performing expansion, best =    8.1234491672089960E-004
 performing expansion, best =    8.1233775818076372E-004
 performing expansion, best =    8.1228754767494399E-004
 performing expansion, best =    8.1224572661609050E-004
 performing expansion, best =    8.1223928940064231E-004
 performing expansion, best =    8.1220084388241112E-004
 performing expansion, best =    8.1218315556723548E-004
 performing expansion, best =    8.1217909250591493E-004
 performing expansion, best =    8.1217125791756804E-004
 performing expansion, best =    8.1215880176843008E-004
 performing expansion, best =    8.1212495967530342E-004
 performing expansion, best =    8.1208891990112541E-004
 performing expansion, best =    8.1208494530775701E-004
 performing expansion, best =    8.1206932199181419E-004
 performing expansion, best =    8.1206462957181930E-004
 performing expansion, best =    8.1206310316762637E-004
 performing expansion, best =    8.1206025780940802E-004
 performing expansion, best =    8.1205799049095004E-004
 performing expansion, best =    8.1203188437483081E-004
 performing expansion, best =    8.1199457350534002E-004
 performing expansion, best =    8.1195509379686475E-004
 performing expansion, best =    8.1194759056179883E-004
 performing expansion, best =    8.1191989651260106E-004
 performing expansion, best =    8.1188101562272466E-004
 performing expansion, best =    8.1184081070803877E-004
 performing expansion, best =    8.1182141714563813E-004
 performing expansion, best =    8.1180257767210647E-004
 performing expansion, best =    8.1179852738206106E-004
 performing expansion, best =    8.1176696208653826E-004
 performing expansion, best =    8.1172949108984898E-004
 performing expansion, best =    8.1169668866898305E-004
 performing expansion, best =    8.1167283374767359E-004
 performing expansion, best =    8.1163422250291701E-004
 performing expansion, best =    8.1159316198117218E-004
 performing expansion, best =    8.1157434842014280E-004
 performing expansion, best =    8.1153995648183233E-004
 performing expansion, best =    8.1150651513696112E-004
 performing expansion, best =    8.1146704645647892E-004
 performing expansion, best =    8.1141595872590044E-004
 performing expansion, best =    8.1137874129314023E-004
 performing expansion, best =    8.1134444513507634E-004
 performing expansion, best =    8.1131123154551713E-004
 performing expansion, best =    8.1126997712772204E-004
 performing expansion, best =    8.1122922740031625E-004
 performing expansion, best =    8.1117634723159660E-004
 performing expansion, best =    8.1113243340742952E-004
 performing expansion, best =    8.1107106513537280E-004
 performing expansion, best =    8.1101484131731170E-004
 performing expansion, best =    8.1095111271087001E-004
 performing expansion, best =    8.1087507121639863E-004
 performing expansion, best =    8.1078395515719371E-004
 performing expansion, best =    8.1069931683544125E-004
 performing expansion, best =    8.1062139378684480E-004
 performing expansion, best =    8.1055569082667345E-004
 performing expansion, best =    8.1053012295209746E-004
 performing expansion, best =    8.1046750083175589E-004
 performing expansion, best =    8.1040011853419263E-004
 performing expansion, best =    8.1033112231892405E-004
 performing expansion, best =    8.1025585324972702E-004
 performing expansion, best =    8.1014904254393693E-004
 performing expansion, best =    8.1002783471938210E-004
 performing expansion, best =    8.0995202877763616E-004
 performing expansion, best =    8.0987871932673174E-004
 performing expansion, best =    8.0978864293446183E-004
 performing expansion, best =    8.0968165743060933E-004
 performing expansion, best =    8.0963353848675793E-004
 performing expansion, best =    8.0955036144730592E-004
 performing expansion, best =    8.0947368807155644E-004
 performing expansion, best =    8.0941062559564429E-004
 performing expansion, best =    8.0929789582622987E-004
 performing expansion, best =    8.0922078065613916E-004
 performing expansion, best =    8.0915085151903260E-004
 performing expansion, best =    8.0911877767597359E-004
 performing expansion, best =    8.0907080891930367E-004
 performing expansion, best =    8.0900224305328113E-004
 performing expansion, best =    8.0889362273065294E-004
 performing expansion, best =    8.0877288611741179E-004
 performing expansion, best =    8.0870941239922730E-004
 performing expansion, best =    8.0866063006220781E-004
 performing expansion, best =    8.0861128835971131E-004
 performing expansion, best =    8.0851887245542370E-004
 performing expansion, best =    8.0847960770943266E-004
 performing expansion, best =    8.0846418288890894E-004
 performing expansion, best =    8.0840257636874196E-004
 performing expansion, best =    8.0835759192325965E-004
 performing expansion, best =    8.0831352738333292E-004
 performing expansion, best =    8.0830213195931078E-004
 performing expansion, best =    8.0827561883419375E-004
 performing expansion, best =    8.0824570844299922E-004
 performing expansion, best =    8.0822728451299965E-004
 performing expansion, best =    8.0822393425599424E-004
 performing expansion, best =    8.0821583859320176E-004
 performing expansion, best =    8.0817786197642089E-004
 performing expansion, best =    8.0815130746330049E-004
 performing expansion, best =    8.0813414058307931E-004
 performing expansion, best =    8.0810705586386081E-004
 performing expansion, best =    8.0806235439697782E-004
 performing expansion, best =    8.0798729072249407E-004
 performing expansion, best =    8.0792173147979272E-004
 performing expansion, best =    8.0789203609076801E-004
 performing expansion, best =    8.0784992924347852E-004
 performing expansion, best =    8.0782662610669740E-004
 performing expansion, best =    8.0778968732854895E-004
 performing expansion, best =    8.0777689601935242E-004
 performing expansion, best =    8.0776323350514596E-004
 performing expansion, best =    8.0772649828623046E-004
 performing expansion, best =    8.0770307543465006E-004
 performing expansion, best =    8.0768204163650847E-004
 performing expansion, best =    8.0766006040289815E-004
 performing expansion, best =    8.0763688874792067E-004
 performing expansion, best =    8.0761389915359955E-004
 performing expansion, best =    8.0759330964047364E-004
 performing expansion, best =    8.0758705608566543E-004
 performing expansion, best =    8.0758373052649374E-004
 performing expansion, best =    8.0755584679868006E-004
 performing expansion, best =    8.0751941093017631E-004
 performing expansion, best =    8.0747574910451853E-004
 performing expansion, best =    8.0744534707770442E-004
 performing expansion, best =    8.0744033145739222E-004
 performing expansion, best =    8.0742012424059252E-004
 performing expansion, best =    8.0737405133059225E-004
 performing expansion, best =    8.0733578934389749E-004
 performing expansion, best =    8.0729656915577567E-004
 performing expansion, best =    8.0729408983798185E-004
 performing expansion, best =    8.0728408845806023E-004
 performing expansion, best =    8.0723713778030554E-004
 performing expansion, best =    8.0718982868789699E-004
 performing expansion, best =    8.0714296474634450E-004
 performing expansion, best =    8.0704519962163752E-004
 performing expansion, best =    8.0703539138242246E-004
 performing expansion, best =    8.0702926049816624E-004
 performing expansion, best =    8.0700433693539229E-004
 performing expansion, best =    8.0693406602712543E-004
 performing expansion, best =    8.0690282411136223E-004
 performing expansion, best =    8.0689035650729287E-004
 performing expansion, best =    8.0687882448950284E-004
 performing expansion, best =    8.0679918335944869E-004
 performing expansion, best =    8.0676815565500280E-004
 performing expansion, best =    8.0665537664827559E-004
 performing expansion, best =    8.0664366472001938E-004
 performing expansion, best =    8.0663714712944309E-004
 performing expansion, best =    8.0663526748908003E-004
 performing expansion, best =    8.0655535815204983E-004
 performing expansion, best =    8.0648868874790686E-004
 performing expansion, best =    8.0638166802463171E-004
 performing expansion, best =    8.0627246438099288E-004
 performing expansion, best =    8.0616836112958599E-004
 performing expansion, best =    8.0615715087162785E-004
 performing expansion, best =    8.0610870512829694E-004
 performing expansion, best =    8.0601602933555883E-004
 performing expansion, best =    8.0596256013166600E-004
 performing expansion, best =    8.0594792157763018E-004
 performing expansion, best =    8.0594638262120911E-004
 performing expansion, best =    8.0593502174280116E-004
 performing expansion, best =    8.0591325603351525E-004
 performing expansion, best =    8.0590592583400667E-004
 performing expansion, best =    8.0584599739187289E-004
 performing expansion, best =    8.0572635848145740E-004
 performing expansion, best =    8.0572300710875439E-004
 performing expansion, best =    8.0572240805707926E-004
 performing expansion, best =    8.0567455246762442E-004
 performing expansion, best =    8.0563996616991092E-004
 performing expansion, best =    8.0560151922522204E-004
 performing expansion, best =    8.0557899145643685E-004
 performing expansion, best =    8.0551862838837136E-004
 performing expansion, best =    8.0545071027431200E-004
 performing expansion, best =    8.0536868090814312E-004
 performing expansion, best =    8.0532359392573047E-004
 performing expansion, best =    8.0529794236992055E-004
 performing expansion, best =    8.0526690075710195E-004
 performing expansion, best =    8.0526437490638012E-004
 performing expansion, best =    8.0526384700108360E-004
 performing expansion, best =    8.0524475622356824E-004
 performing expansion, best =    8.0522072872487227E-004
 performing expansion, best =    8.0515762751332139E-004
 performing expansion, best =    8.0506278256733694E-004
 performing expansion, best =    8.0499902798161218E-004
 performing expansion, best =    8.0495697236223956E-004
 performing expansion, best =    8.0489991311677130E-004
 performing expansion, best =    8.0482616673624994E-004
 performing expansion, best =    8.0477621991824734E-004
 performing expansion, best =    8.0473182136454511E-004
 performing expansion, best =    8.0468734897242160E-004
 performing expansion, best =    8.0468432949798224E-004
 performing expansion, best =    8.0466293104741531E-004
 performing expansion, best =    8.0464476286663182E-004
 performing expansion, best =    8.0461545919234502E-004
 performing expansion, best =    8.0456023173347080E-004
 performing expansion, best =    8.0447422671446047E-004
 performing expansion, best =    8.0440184351937040E-004
 performing expansion, best =    8.0437876387342655E-004
 performing expansion, best =    8.0436913961910608E-004
 performing expansion, best =    8.0432700209461211E-004
 performing expansion, best =    8.0427121313254662E-004
 performing expansion, best =    8.0426164810111793E-004
 performing expansion, best =    8.0422265557868850E-004
 performing expansion, best =    8.0419912241608401E-004
 performing expansion, best =    8.0418277737873915E-004
 performing expansion, best =    8.0414889738175687E-004
 performing expansion, best =    8.0407788338545923E-004
 performing expansion, best =    8.0401634946235495E-004
 performing expansion, best =    8.0394129174110335E-004
 performing expansion, best =    8.0393620644023762E-004
 performing expansion, best =    8.0393451351197845E-004
 performing expansion, best =    8.0393223870539479E-004
 performing expansion, best =    8.0392829552064689E-004
 performing expansion, best =    8.0392349738503518E-004
 performing expansion, best =    8.0390764185038813E-004
 performing expansion, best =    8.0390049457473389E-004
 performing expansion, best =    8.0385334018090546E-004
 performing expansion, best =    8.0381892795175470E-004
 performing expansion, best =    8.0377375650400129E-004
 performing expansion, best =    8.0377281278371134E-004
 performing expansion, best =    8.0372651614846831E-004
 performing expansion, best =    8.0366578375709976E-004
 performing expansion, best =    8.0364326128513344E-004
 performing expansion, best =    8.0363921393751417E-004
 performing expansion, best =    8.0361991133351624E-004
 performing expansion, best =    8.0361418508774929E-004
 performing expansion, best =    8.0361119400895970E-004
 performing expansion, best =    8.0358073294707361E-004
 performing expansion, best =    8.0357496501453545E-004
 performing expansion, best =    8.0356246432293011E-004
 performing expansion, best =    8.0355991033653296E-004
 performing expansion, best =    8.0349526908649884E-004
 performing expansion, best =    8.0345621511216682E-004
 performing expansion, best =    8.0345031575970467E-004
 performing expansion, best =    8.0342864844323836E-004
 performing expansion, best =    8.0341870443231649E-004
 performing expansion, best =    8.0337955111693324E-004
 performing expansion, best =    8.0335832525581968E-004
 performing expansion, best =    8.0330677850650367E-004
 performing expansion, best =    8.0327267316015506E-004
 performing expansion, best =    8.0327077143623892E-004
 performing expansion, best =    8.0323982955042691E-004
 performing expansion, best =    8.0322358995252774E-004
 performing expansion, best =    8.0315111344139581E-004
 performing expansion, best =    8.0313040543187708E-004
 performing expansion, best =    8.0311856243234681E-004
 performing expansion, best =    8.0308475768220389E-004
 performing expansion, best =    8.0303974429276541E-004
 performing expansion, best =    8.0301387234580084E-004
 performing expansion, best =    8.0300565780644796E-004
 performing expansion, best =    8.0300558311833267E-004
 performing expansion, best =    8.0296107526643841E-004
 performing expansion, best =    8.0288591499701244E-004
 performing expansion, best =    8.0283449767156432E-004
 performing expansion, best =    8.0282455056158281E-004
 performing expansion, best =    8.0276096256701418E-004
 performing expansion, best =    8.0275214565809507E-004
 performing expansion, best =    8.0273748318076307E-004
 performing expansion, best =    8.0269794532392212E-004
 performing expansion, best =    8.0268725672193110E-004
 performing expansion, best =    8.0267251182767957E-004
 performing expansion, best =    8.0264866568458362E-004
 performing expansion, best =    8.0264672247264775E-004
 performing expansion, best =    8.0263200455357243E-004
 performing expansion, best =    8.0259356917646105E-004
 performing expansion, best =    8.0259020671310936E-004
 performing expansion, best =    8.0255469776888534E-004
 performing expansion, best =    8.0254454262480477E-004
 performing expansion, best =    8.0252972026075182E-004
 performing expansion, best =    8.0249530622310923E-004
 performing expansion, best =    8.0247739324164141E-004
 performing expansion, best =    8.0247521756059430E-004
 performing expansion, best =    8.0247445703468198E-004
 performing expansion, best =    8.0244647861311947E-004
 performing expansion, best =    8.0243754091276502E-004
 performing expansion, best =    8.0243117595844924E-004
 performing expansion, best =    8.0239534024054225E-004
 performing expansion, best =    8.0239264208868981E-004
 performing expansion, best =    8.0235874526715309E-004
 performing expansion, best =    8.0234726982108900E-004
 performing expansion, best =    8.0233199670398658E-004
 performing expansion, best =    8.0230888035146886E-004
 performing expansion, best =    8.0229823363624306E-004
 performing expansion, best =    8.0229480921410984E-004
 performing expansion, best =    8.0228130348470521E-004
 performing expansion, best =    8.0227773421071024E-004
 performing expansion, best =    8.0227158697884066E-004
 performing expansion, best =    8.0227109270807116E-004
 performing expansion, best =    8.0226197902021502E-004
 performing expansion, best =    8.0223977846112700E-004
 performing expansion, best =    8.0223531019242068E-004
 performing expansion, best =    8.0222925567039198E-004
 performing expansion, best =    8.0221964600139133E-004
 performing expansion, best =    8.0221822868137348E-004
 performing expansion, best =    8.0220386227178525E-004
 performing expansion, best =    8.0219577504942352E-004
 performing expansion, best =    8.0218965863837781E-004
 performing expansion, best =    8.0216729787687692E-004
 performing expansion, best =    8.0212415375935993E-004
 performing expansion, best =    8.0209487273325095E-004
 performing expansion, best =    8.0206310585937714E-004
 performing expansion, best =    8.0200460414966599E-004
 performing expansion, best =    8.0199586314460701E-004
 performing expansion, best =    8.0197795374188608E-004
 performing expansion, best =    8.0195013481816125E-004
 performing expansion, best =    8.0192638363307616E-004
 performing expansion, best =    8.0191677958957341E-004
 performing expansion, best =    8.0190941726376885E-004
 performing expansion, best =    8.0188497236695659E-004
 performing expansion, best =    8.0184692872272703E-004
 performing expansion, best =    8.0181118081772476E-004
 performing expansion, best =    8.0180732013875424E-004
 performing expansion, best =    8.0179105752667835E-004
 performing expansion, best =    8.0178209500684095E-004
 performing expansion, best =    8.0174560238201154E-004
 performing expansion, best =    8.0171109838106207E-004
 performing expansion, best =    8.0168208638492814E-004
 performing expansion, best =    8.0163620604433111E-004
 performing expansion, best =    8.0161143418405810E-004
 performing expansion, best =    8.0158882072477796E-004
 performing expansion, best =    8.0154706661403428E-004
 performing expansion, best =    8.0154665768905500E-004
 performing expansion, best =    8.0153366475901118E-004
 performing expansion, best =    8.0148526877782010E-004
 performing expansion, best =    8.0146458547245393E-004
 performing expansion, best =    8.0144515461323337E-004
 performing expansion, best =    8.0141411007695750E-004
 performing expansion, best =    8.0140125327687211E-004
 performing expansion, best =    8.0137305987125116E-004
 performing expansion, best =    8.0136026071891920E-004
 performing expansion, best =    8.0135248889564811E-004
 performing expansion, best =    8.0131779258212099E-004
 performing expansion, best =    8.0129295514489482E-004
 performing expansion, best =    8.0128868200668620E-004
 performing expansion, best =    8.0127368683527054E-004
 performing expansion, best =    8.0126006669036583E-004
 performing expansion, best =    8.0125635671382002E-004
 performing expansion, best =    8.0124514482603833E-004
 performing expansion, best =    8.0123884413522072E-004
 performing expansion, best =    8.0122869983971338E-004
 performing expansion, best =    8.0119592269499527E-004
 performing expansion, best =    8.0116441012854163E-004
 performing expansion, best =    8.0114441688940901E-004
 performing expansion, best =    8.0114248663967498E-004
 performing expansion, best =    8.0112723721845246E-004
 performing expansion, best =    8.0111979039753777E-004
 performing expansion, best =    8.0110643947145033E-004
 performing expansion, best =    8.0110083731791900E-004
 performing expansion, best =    8.0109911580169971E-004
 performing expansion, best =    8.0109452721276013E-004
 performing expansion, best =    8.0107917030637665E-004
 performing expansion, best =    8.0107611776552201E-004
 performing expansion, best =    8.0106483110919805E-004
 performing expansion, best =    8.0106208176025087E-004
 performing expansion, best =    8.0105819225768861E-004
 performing expansion, best =    8.0105551391488564E-004
 performing expansion, best =    8.0105508581730189E-004
 performing expansion, best =    8.0105035914014935E-004
 performing expansion, best =    8.0104614575572945E-004
 performing expansion, best =    8.0104320779940321E-004
 performing expansion, best =    8.0103966774709321E-004
 performing expansion, best =    8.0102214614834806E-004
 performing expansion, best =    8.0101619340636166E-004
 performing expansion, best =    8.0101447716045791E-004
Exiting simplex optimization after 10001 iterations
RMSE         8.010144772E-04 Hartree
NEW BEST!
Best found solution for 17 charges:
        RMSE         5.026437935E-01 kcal/mol
         MAE         3.016975734E-01 kcal/mol
     max. AE         4.695661975E+00 kcal/mol

       x[bohr]       y[bohr]       z[bohr]          q[e]
     3.4114280     1.5797226     1.4337479     0.2102824
     5.3652950    -0.9023287     0.1876697     0.1920034
     3.5744369    -0.0920381     0.3485370    -0.4298645
     1.6386823    -0.7076423    -0.1264123     0.9062598
     2.6003942    -1.2638208    -0.8295562     0.7413575
     2.3183866    -0.9388921    -0.8254150    -0.9864599
     1.8910299    -0.9630706     0.1654759    -0.6779827
     1.6914036    -3.4611630    -1.9796126     0.0611815
    -0.5627105     1.7775064    -0.2343730     0.1955428
    -1.1681878     3.3368096    -0.2538078     0.2929435
    -1.1106393     2.5655715    -0.2389886    -0.9945699
    -0.7617699    -1.1071637    -0.2223561     0.5853731
    -1.3301414    -0.5961216    -0.1704793    -0.9881166
    -1.3151683     0.8176092    -0.1899232     0.9790434
    -2.9047135    -1.4596647     0.3860647    -0.5965737
    -4.6854391    -0.5155334     0.7920890     0.2353139
    -2.8674405    -3.2278955     0.4491730     0.2742661

