Running in fitting mode

Reading "/home/boittier/pydcm/models/fbutadiene-5/ref/B.p.cube"...

  B.pdb Potential
  Electrostatic potential from Total SCF Density
   10   -9.523505   -7.980533   -7.103730
  119    0.166667    0.000000    0.000000
   91    0.000000    0.166667    0.000000
   86    0.000000    0.000000    0.166667
    6    6.000000   -3.010753   -1.467781    0.411389
    6    6.000000   -0.986749   -0.122455   -0.217071
    6    6.000000    1.601222   -1.053695   -0.590978
    6    6.000000    3.633552   -0.023214    0.486105
    1    1.000000   -4.798379   -0.560773    0.811121
    1    1.000000   -2.897238   -3.506380    0.487381
    9    9.000000   -1.166171    2.450557   -0.229039
    1    1.000000    1.766796   -2.828174   -1.608960
    1    1.000000    3.515233    1.709731    1.572033
    1    1.000000    5.485495   -0.866552    0.263106
  7.14804E-03  7.99322E-03  8.82409E-03  9.62258E-03  1.03694E-02  6.29654E-03
       .            .            .            .            .            .
       .            .            .            .            .            .
       .            .            .            .            .            .
 -3.15832E-03 -4.02149E-03 -4.79938E-03 -5.48742E-03 -6.08401E-03 -6.57137E-03

197754 out of 931294 gridpoints are considered ( 21.2%).

...done!




USING GREEDY MODE
File "multipole7_1charges.xyz" already exists. Fitting procedure is skipped.
File "multipole7_2charges.xyz" already exists. Fitting procedure is skipped.
File "multipole7_3charges.xyz" already exists. Fitting procedure is skipped.
File "multipole7_4charges.xyz" already exists. Fitting procedure is skipped.
File "multipole2_1charges.xyz" already exists. Fitting procedure is skipped.
File "multipole2_2charges.xyz" already exists. Fitting procedure is skipped.
File "multipole2_3charges.xyz" already exists. Fitting procedure is skipped.
File "multipole2_4charges.xyz" already exists. Fitting procedure is skipped.
Fragment fit detected
Fitting to MTP grid, discarding reference MEP cube data
Subsequent stats etc. are compared to MTP data, not the
MEP from the reference cube file
Total fragment charge (a.u.):         8.342734405E-02
Running DE in parallel with 1 thread(s)!

Starting fitting procedure for 3 charges, trial 1
gen      0/6000      elitist  4.3373083E-03 feasible? T
gen    100/6000      elitist  1.6372690E-03 feasible? T
gen    200/6000      elitist  9.7483584E-04 feasible? T
gen    300/6000      elitist  9.7248480E-04 feasible? T
gen    400/6000      elitist  9.7241516E-04 feasible? T
gen    500/6000      elitist  9.7241221E-04 feasible? T
population converged towards a single solution after 592 generations.
Starting local simplex optimization:
Solution before refinement:      9.7241212471E-04
Exiting simplex optimization after   371 iterations
Solution after  refinement:      9.7241212471E-04
RMSE         9.724121247E-04 Hartree
NEW BEST!

Starting fitting procedure for 3 charges, trial 2
gen      0/6000      elitist  5.0309411E-03 feasible? T
gen    100/6000      elitist  1.0495399E-03 feasible? T
gen    200/6000      elitist  9.7319696E-04 feasible? T
gen    300/6000      elitist  9.7244461E-04 feasible? T
gen    400/6000      elitist  9.7241359E-04 feasible? T
gen    500/6000      elitist  9.7241215E-04 feasible? T
gen    600/6000      elitist  9.7241213E-04 feasible? T
population converged towards a single solution after 603 generations.
Starting local simplex optimization:
Solution before refinement:      9.7241212665E-04
 performing expansion, best =    9.7241212648602562E-004
 performing expansion, best =    9.7241212593129954E-004
 performing expansion, best =    9.7241212579601095E-004
Exiting simplex optimization after   343 iterations
Solution after  refinement:      9.7241212580E-04
RMSE         9.724121258E-04 Hartree

Starting fitting procedure for 3 charges, trial 3
gen      0/6000      elitist  7.0834552E-03 feasible? T
gen    100/6000      elitist  1.7063410E-03 feasible? T
gen    200/6000      elitist  1.5234559E-03 feasible? T
gen    300/6000      elitist  1.5186225E-03 feasible? T
gen    400/6000      elitist  1.5177784E-03 feasible? T
gen    500/6000      elitist  1.5177147E-03 feasible? T
gen    600/6000      elitist  1.5177128E-03 feasible? T
gen    700/6000      elitist  1.5177127E-03 feasible? T
population converged towards a single solution after 716 generations.
Starting local simplex optimization:
Solution before refinement:      1.5177127132E-03
 performing expansion, best =    1.5177127130357700E-003
 performing expansion, best =    1.5177127128050958E-003
 performing expansion, best =    1.5177127122169114E-003
 performing expansion, best =    1.5177127116855842E-003
 performing expansion, best =    1.5177127115855835E-003
 performing expansion, best =    1.5177127112288478E-003
 performing expansion, best =    1.5177127110967987E-003
 performing expansion, best =    1.5177127110892565E-003
 performing expansion, best =    1.5177127109042945E-003
Exiting simplex optimization after   396 iterations
Solution after  refinement:      1.5177127109E-03
RMSE         1.517712711E-03 Hartree

Starting fitting procedure for 3 charges, trial 4
gen      0/6000      elitist  4.8259535E-03 feasible? T
gen    100/6000      elitist  1.0698830E-03 feasible? T
gen    200/6000      elitist  9.7358773E-04 feasible? T
gen    300/6000      elitist  9.7241501E-04 feasible? T
gen    400/6000      elitist  9.7241303E-04 feasible? T
gen    500/6000      elitist  9.7241213E-04 feasible? T
population converged towards a single solution after 558 generations.
Starting local simplex optimization:
Solution before refinement:      9.7241212652E-04
 performing expansion, best =    9.7241212648560527E-004
 performing expansion, best =    9.7241212596013444E-004
 performing expansion, best =    9.7241212546247090E-004
Exiting simplex optimization after   379 iterations
Solution after  refinement:      9.7241212546E-04
RMSE         9.724121255E-04 Hartree

Best found solution for 3 charges:
        RMSE         6.101973604E-01 kcal/mol
         MAE         4.167268177E-01 kcal/mol
     max. AE         5.371695985E+00 kcal/mol

       x[bohr]       y[bohr]       z[bohr]          q[e]
    -0.9936216     2.8787890    -0.2638190    -0.2067404
    -1.6036800    -0.9976711    -0.2069967    -0.2936764
    -0.7296748    -0.3742734    -0.2534123     0.5838441

