Running in fitting mode

Reading "/home/boittier/pydcm/models/fbutadiene-5/ref/B.p.cube"...

  B.pdb Potential
  Electrostatic potential from Total SCF Density
   10   -9.523505   -7.980533   -7.103730
  119    0.166667    0.000000    0.000000
   91    0.000000    0.166667    0.000000
   86    0.000000    0.000000    0.166667
    6    6.000000   -3.010753   -1.467781    0.411389
    6    6.000000   -0.986749   -0.122455   -0.217071
    6    6.000000    1.601222   -1.053695   -0.590978
    6    6.000000    3.633552   -0.023214    0.486105
    1    1.000000   -4.798379   -0.560773    0.811121
    1    1.000000   -2.897238   -3.506380    0.487381
    9    9.000000   -1.166171    2.450557   -0.229039
    1    1.000000    1.766796   -2.828174   -1.608960
    1    1.000000    3.515233    1.709731    1.572033
    1    1.000000    5.485495   -0.866552    0.263106
  7.14804E-03  7.99322E-03  8.82409E-03  9.62258E-03  1.03694E-02  6.29654E-03
       .            .            .            .            .            .
       .            .            .            .            .            .
       .            .            .            .            .            .
 -3.15832E-03 -4.02149E-03 -4.79938E-03 -5.48742E-03 -6.08401E-03 -6.57137E-03

197754 out of 931294 gridpoints are considered ( 21.2%).

...done!




USING GREEDY MODE
File "multipole7_1charges.xyz" already exists. Fitting procedure is skipped.
File "multipole7_2charges.xyz" already exists. Fitting procedure is skipped.
File "multipole7_3charges.xyz" already exists. Fitting procedure is skipped.
File "multipole7_4charges.xyz" already exists. Fitting procedure is skipped.
File "multipole2_1charges.xyz" already exists. Fitting procedure is skipped.
File "multipole2_2charges.xyz" already exists. Fitting procedure is skipped.
File "multipole2_3charges.xyz" already exists. Fitting procedure is skipped.
File "multipole2_4charges.xyz" already exists. Fitting procedure is skipped.
Fragment fit detected
Fitting to MTP grid, discarding reference MEP cube data
Subsequent stats etc. are compared to MTP data, not the
MEP from the reference cube file
Total fragment charge (a.u.):         8.342734405E-02
Running DE in parallel with 1 thread(s)!

Starting fitting procedure for 5 charges, trial 1
gen      0/10000      elitist  1.9725627E-03 feasible? T
gen    100/10000      elitist  8.8553487E-04 feasible? T
gen    200/10000      elitist  7.8333202E-04 feasible? T
gen    300/10000      elitist  7.2340353E-04 feasible? T
gen    400/10000      elitist  6.3148244E-04 feasible? T
gen    500/10000      elitist  5.5399819E-04 feasible? T
gen    600/10000      elitist  5.3129482E-04 feasible? T
gen    700/10000      elitist  5.2853061E-04 feasible? T
gen    800/10000      elitist  5.2757201E-04 feasible? T
gen    900/10000      elitist  5.2757025E-04 feasible? T
gen   1000/10000      elitist  5.2744575E-04 feasible? T
gen   1100/10000      elitist  5.2742795E-04 feasible? T
gen   1200/10000      elitist  5.2726869E-04 feasible? T
gen   1300/10000      elitist  5.2725107E-04 feasible? T
gen   1400/10000      elitist  5.2722117E-04 feasible? T
gen   1500/10000      elitist  5.2721921E-04 feasible? T
gen   1600/10000      elitist  5.2721921E-04 feasible? T
gen   1700/10000      elitist  5.2720825E-04 feasible? T
gen   1800/10000      elitist  5.2720392E-04 feasible? T
gen   1900/10000      elitist  5.2719989E-04 feasible? T
gen   2000/10000      elitist  5.2715039E-04 feasible? T
gen   2100/10000      elitist  5.2714804E-04 feasible? T
gen   2200/10000      elitist  5.2714676E-04 feasible? T
gen   2300/10000      elitist  5.2714657E-04 feasible? T
gen   2400/10000      elitist  5.2709027E-04 feasible? T
gen   2500/10000      elitist  5.2702999E-04 feasible? T
gen   2600/10000      elitist  5.2700302E-04 feasible? T
gen   2700/10000      elitist  5.2699452E-04 feasible? T
gen   2800/10000      elitist  5.2697336E-04 feasible? T
gen   2900/10000      elitist  5.2696456E-04 feasible? T
gen   3000/10000      elitist  5.2696038E-04 feasible? T
gen   3100/10000      elitist  5.2695843E-04 feasible? T
gen   3200/10000      elitist  5.2695431E-04 feasible? T
gen   3300/10000      elitist  5.2695014E-04 feasible? T
gen   3400/10000      elitist  5.2690701E-04 feasible? T
gen   3500/10000      elitist  5.2650979E-04 feasible? T
gen   3600/10000      elitist  5.2418852E-04 feasible? T
gen   3700/10000      elitist  5.1894802E-04 feasible? T
gen   3800/10000      elitist  5.0856536E-04 feasible? T
gen   3900/10000      elitist  5.0127992E-04 feasible? T
gen   4000/10000      elitist  4.9367028E-04 feasible? T
gen   4100/10000      elitist  4.9200879E-04 feasible? T
gen   4200/10000      elitist  4.9144525E-04 feasible? T
gen   4300/10000      elitist  4.9129113E-04 feasible? T
gen   4400/10000      elitist  4.9114294E-04 feasible? T
gen   4500/10000      elitist  4.8904130E-04 feasible? T
gen   4600/10000      elitist  4.8868188E-04 feasible? T
gen   4700/10000      elitist  4.8864977E-04 feasible? T
gen   4800/10000      elitist  4.8864067E-04 feasible? T
gen   4900/10000      elitist  4.8863964E-04 feasible? T
gen   5000/10000      elitist  4.8863954E-04 feasible? T
gen   5100/10000      elitist  4.8863947E-04 feasible? T
population converged towards a single solution after 5169 generations.
Starting local simplex optimization:
Solution before refinement:      4.8863945792E-04
 performing expansion, best =    4.8845049409736803E-004
 performing expansion, best =    4.8841797543030228E-004
 performing expansion, best =    4.8837819009427564E-004
 performing expansion, best =    4.8833335216804318E-004
 performing expansion, best =    4.8831886291604240E-004
 performing expansion, best =    4.8831495589199349E-004
 performing expansion, best =    4.8831078174154795E-004
 performing expansion, best =    4.8829605359538338E-004
 performing expansion, best =    4.8829122523946951E-004
 performing expansion, best =    4.8828212457153347E-004
 performing expansion, best =    4.8827011678874178E-004
 performing expansion, best =    4.8826431480939532E-004
 performing expansion, best =    4.8825154857820406E-004
 performing expansion, best =    4.8823645170257120E-004
 performing expansion, best =    4.8822038133563113E-004
 performing expansion, best =    4.8821435400853922E-004
 performing expansion, best =    4.8819406855837594E-004
 performing expansion, best =    4.8816758373200763E-004
 performing expansion, best =    4.8814898712153538E-004
 performing expansion, best =    4.8814447513685015E-004
 performing expansion, best =    4.8813480366403814E-004
 performing expansion, best =    4.8811780916855225E-004
 performing expansion, best =    4.8811609784019328E-004
 performing expansion, best =    4.8811496905902388E-004
 performing expansion, best =    4.8809993579467800E-004
 performing expansion, best =    4.8808062848828079E-004
 performing expansion, best =    4.8807182044468639E-004
 performing expansion, best =    4.8807161391557226E-004
 performing expansion, best =    4.8806181382184181E-004
 performing expansion, best =    4.8805215498815100E-004
 performing expansion, best =    4.8803600342833960E-004
 performing expansion, best =    4.8803561380656162E-004
 performing expansion, best =    4.8802720683606014E-004
 performing expansion, best =    4.8800587765151132E-004
 performing expansion, best =    4.8796714259386435E-004
 performing expansion, best =    4.8793521646699585E-004
 performing expansion, best =    4.8790131312473198E-004
 performing expansion, best =    4.8786681573674356E-004
 performing expansion, best =    4.8785609481048965E-004
 performing expansion, best =    4.8780032716210501E-004
 performing expansion, best =    4.8776079414324217E-004
 performing expansion, best =    4.8768416529478828E-004
 performing expansion, best =    4.8761138421184001E-004
 performing expansion, best =    4.8754609067128027E-004
 performing expansion, best =    4.8746660611918873E-004
 performing expansion, best =    4.8744619302212280E-004
 performing expansion, best =    4.8734333764715687E-004
 performing expansion, best =    4.8724184636078725E-004
 performing expansion, best =    4.8713824346931423E-004
 performing expansion, best =    4.8701169837363922E-004
 performing expansion, best =    4.8696321502211131E-004
 performing expansion, best =    4.8690397504287815E-004
 performing expansion, best =    4.8679657871388812E-004
 performing expansion, best =    4.8675053839287790E-004
 performing expansion, best =    4.8670453827723216E-004
 performing expansion, best =    4.8664824334982012E-004
 performing expansion, best =    4.8659921481593457E-004
 performing expansion, best =    4.8651730823867835E-004
 performing expansion, best =    4.8650016041424477E-004
 performing expansion, best =    4.8643360061186751E-004
 performing expansion, best =    4.8637514136751073E-004
 performing expansion, best =    4.8625793766220052E-004
 performing expansion, best =    4.8614890597052998E-004
 performing expansion, best =    4.8610784254496907E-004
 performing expansion, best =    4.8604513971188843E-004
 performing expansion, best =    4.8593082389593951E-004
 performing expansion, best =    4.8578814881543048E-004
 performing expansion, best =    4.8568398988553578E-004
 performing expansion, best =    4.8568370615188148E-004
 performing expansion, best =    4.8559086055014562E-004
 performing expansion, best =    4.8550874964654764E-004
 performing expansion, best =    4.8541251587392616E-004
 performing expansion, best =    4.8533455501592414E-004
 performing expansion, best =    4.8527759866085889E-004
 performing expansion, best =    4.8526297071145114E-004
 performing expansion, best =    4.8525328657552730E-004
 performing expansion, best =    4.8523638675992574E-004
 performing expansion, best =    4.8521988159399215E-004
 performing expansion, best =    4.8521314456053045E-004
 performing expansion, best =    4.8519523652904809E-004
 performing expansion, best =    4.8518002254897439E-004
 performing expansion, best =    4.8517145086620608E-004
 performing expansion, best =    4.8516244257989610E-004
 performing expansion, best =    4.8516084487628926E-004
 performing expansion, best =    4.8512772165993653E-004
 performing expansion, best =    4.8512470179341415E-004
 performing expansion, best =    4.8511908870700919E-004
 performing expansion, best =    4.8511262360025423E-004
 performing expansion, best =    4.8510838290364216E-004
 performing expansion, best =    4.8510563157324975E-004
 performing expansion, best =    4.8509831064100630E-004
 performing expansion, best =    4.8509586615883135E-004
 performing expansion, best =    4.8509107035238786E-004
 performing expansion, best =    4.8508688669307408E-004
 performing expansion, best =    4.8508583488604361E-004
 performing expansion, best =    4.8508430630390492E-004
 performing expansion, best =    4.8507859733572034E-004
 performing expansion, best =    4.8507850563492369E-004
 performing expansion, best =    4.8507767077920902E-004
 performing expansion, best =    4.8507725882040574E-004
 performing expansion, best =    4.8507403422344602E-004
 performing expansion, best =    4.8506907934650650E-004
 performing expansion, best =    4.8506750561238551E-004
 performing expansion, best =    4.8505811293209696E-004
 performing expansion, best =    4.8505183565031708E-004
 performing expansion, best =    4.8504908839616824E-004
 performing expansion, best =    4.8504530912769092E-004
 performing expansion, best =    4.8504356718936351E-004
 performing expansion, best =    4.8504064379053277E-004
 performing expansion, best =    4.8503826695766265E-004
 performing expansion, best =    4.8503777515396712E-004
 performing expansion, best =    4.8503571530777881E-004
 performing expansion, best =    4.8503467423080597E-004
 performing expansion, best =    4.8503350863941878E-004
 performing expansion, best =    4.8503143850081625E-004
 performing expansion, best =    4.8503138324853000E-004
 performing expansion, best =    4.8502849953893721E-004
 performing expansion, best =    4.8502219297860450E-004
 performing expansion, best =    4.8501671341500248E-004
 performing expansion, best =    4.8501491085398661E-004
 performing expansion, best =    4.8501211326712772E-004
 performing expansion, best =    4.8500773320508966E-004
 performing expansion, best =    4.8499940280169224E-004
 performing expansion, best =    4.8499068995578118E-004
 performing expansion, best =    4.8498672810834957E-004
 performing expansion, best =    4.8498038588703140E-004
 performing expansion, best =    4.8497168519927796E-004
 performing expansion, best =    4.8496435072630580E-004
 performing expansion, best =    4.8496428122738502E-004
 performing expansion, best =    4.8496427191705853E-004
 performing expansion, best =    4.8495782087536139E-004
 performing expansion, best =    4.8495625955499380E-004
 performing expansion, best =    4.8495615406558178E-004
 performing expansion, best =    4.8495434941017625E-004
 performing expansion, best =    4.8494578040026386E-004
 performing expansion, best =    4.8493546670465428E-004
 performing expansion, best =    4.8492345972195024E-004
 performing expansion, best =    4.8491312656605230E-004
 performing expansion, best =    4.8490004113776824E-004
 performing expansion, best =    4.8488964205506039E-004
 performing expansion, best =    4.8488059019189588E-004
 performing expansion, best =    4.8486709231591180E-004
 performing expansion, best =    4.8485572240346514E-004
 performing expansion, best =    4.8484228285810367E-004
 performing expansion, best =    4.8482176965895427E-004
 performing expansion, best =    4.8480233300228492E-004
 performing expansion, best =    4.8478547568238942E-004
 performing expansion, best =    4.8476879006939641E-004
 performing expansion, best =    4.8474573796321107E-004
 performing expansion, best =    4.8473079231425804E-004
 performing expansion, best =    4.8470555565811429E-004
 performing expansion, best =    4.8469622282343435E-004
 performing expansion, best =    4.8467022791543390E-004
 performing expansion, best =    4.8464801776460995E-004
 performing expansion, best =    4.8463088065643612E-004
 performing expansion, best =    4.8460047257517367E-004
 performing expansion, best =    4.8457029355819108E-004
 performing expansion, best =    4.8456352519220665E-004
 performing expansion, best =    4.8454785161476335E-004
 performing expansion, best =    4.8451829218489241E-004
 performing expansion, best =    4.8450522824005721E-004
 performing expansion, best =    4.8447354328523285E-004
 performing expansion, best =    4.8444248402121034E-004
 performing expansion, best =    4.8441824775207718E-004
 performing expansion, best =    4.8440769260049704E-004
 performing expansion, best =    4.8440028319974730E-004
 performing expansion, best =    4.8438174574648847E-004
 performing expansion, best =    4.8435814442185566E-004
 performing expansion, best =    4.8432537550712796E-004
 performing expansion, best =    4.8432002612348326E-004
 performing expansion, best =    4.8427245429475752E-004
 performing expansion, best =    4.8424771193028218E-004
 performing expansion, best =    4.8423576706407948E-004
 performing expansion, best =    4.8423524120205812E-004
 performing expansion, best =    4.8420981934851773E-004
 performing expansion, best =    4.8420892342342477E-004
 performing expansion, best =    4.8419802084960793E-004
 performing expansion, best =    4.8419763065956164E-004
 performing expansion, best =    4.8418854493862703E-004
 performing expansion, best =    4.8418758034312232E-004
 performing expansion, best =    4.8418620842750985E-004
 performing expansion, best =    4.8417060615226366E-004
 performing expansion, best =    4.8416958547075364E-004
 performing expansion, best =    4.8415833559418221E-004
 performing expansion, best =    4.8415706985540752E-004
 performing expansion, best =    4.8414989574332128E-004
 performing expansion, best =    4.8413250183300052E-004
 performing expansion, best =    4.8412806209355725E-004
 performing expansion, best =    4.8412053101655846E-004
 performing expansion, best =    4.8410097601127495E-004
 performing expansion, best =    4.8408950485583638E-004
 performing expansion, best =    4.8406959774217477E-004
 performing expansion, best =    4.8404360241881983E-004
 performing expansion, best =    4.8402057825025008E-004
 performing expansion, best =    4.8398953987366578E-004
 performing expansion, best =    4.8394856699723789E-004
 performing expansion, best =    4.8394238867269462E-004
 performing expansion, best =    4.8393017206366446E-004
 performing expansion, best =    4.8392927641299397E-004
 performing expansion, best =    4.8392227994450287E-004
 performing expansion, best =    4.8389984499659156E-004
 performing expansion, best =    4.8387365013390467E-004
 performing expansion, best =    4.8385596889925997E-004
 performing expansion, best =    4.8383701693409191E-004
 performing expansion, best =    4.8380896005007336E-004
 performing expansion, best =    4.8377401871930564E-004
 performing expansion, best =    4.8373882137775937E-004
 performing expansion, best =    4.8370318277870980E-004
 performing expansion, best =    4.8366269789780697E-004
 performing expansion, best =    4.8363843254957021E-004
 performing expansion, best =    4.8359855233350154E-004
 performing expansion, best =    4.8356422264140354E-004
 performing expansion, best =    4.8353407984776017E-004
 performing expansion, best =    4.8352167663779695E-004
 performing expansion, best =    4.8350178870730666E-004
 performing expansion, best =    4.8348139122970490E-004
 performing expansion, best =    4.8346541173277551E-004
 performing expansion, best =    4.8346153601108092E-004
 performing expansion, best =    4.8345967952128120E-004
 performing expansion, best =    4.8345864997697793E-004
 performing expansion, best =    4.8345794361919631E-004
 performing expansion, best =    4.8345681247520268E-004
 performing expansion, best =    4.8345679155069251E-004
 performing expansion, best =    4.8345634196653788E-004
 performing expansion, best =    4.8345531360076340E-004
 performing expansion, best =    4.8345429985233190E-004
 performing expansion, best =    4.8345404273806387E-004
 performing expansion, best =    4.8345291278486835E-004
 performing expansion, best =    4.8345136086749656E-004
 performing expansion, best =    4.8345093037120387E-004
 performing expansion, best =    4.8344982314188912E-004
 performing expansion, best =    4.8344863345803623E-004
 performing expansion, best =    4.8344661593785606E-004
 performing expansion, best =    4.8344424640574984E-004
 performing expansion, best =    4.8344082429206767E-004
 performing expansion, best =    4.8343769390615175E-004
 performing expansion, best =    4.8343560982359423E-004
 performing expansion, best =    4.8343020505362493E-004
 performing expansion, best =    4.8342512992796525E-004
 performing expansion, best =    4.8342255157881459E-004
 performing expansion, best =    4.8341952629274215E-004
 performing expansion, best =    4.8341637332101464E-004
 performing expansion, best =    4.8341535748333070E-004
 performing expansion, best =    4.8341286990808828E-004
 performing expansion, best =    4.8340802145138120E-004
 performing expansion, best =    4.8340737140016636E-004
 performing expansion, best =    4.8340729341193867E-004
 performing expansion, best =    4.8340552555940346E-004
 performing expansion, best =    4.8340226711301185E-004
 performing expansion, best =    4.8340136604507836E-004
 performing expansion, best =    4.8340021290413029E-004
 performing expansion, best =    4.8340005865078094E-004
 performing expansion, best =    4.8339832214643584E-004
 performing expansion, best =    4.8339537302418507E-004
 performing expansion, best =    4.8339452118320721E-004
 performing expansion, best =    4.8339414426471210E-004
 performing expansion, best =    4.8339302735533142E-004
 performing expansion, best =    4.8338978652660315E-004
 performing expansion, best =    4.8338677824338731E-004
 performing expansion, best =    4.8338546291788688E-004
 performing expansion, best =    4.8338224869478609E-004
 performing expansion, best =    4.8337790846884659E-004
 performing expansion, best =    4.8337417253997217E-004
 performing expansion, best =    4.8337122926647800E-004
 performing expansion, best =    4.8336770568618522E-004
 performing expansion, best =    4.8336764294817995E-004
 performing expansion, best =    4.8336168077341347E-004
 performing expansion, best =    4.8335705802890488E-004
 performing expansion, best =    4.8335139731256986E-004
 performing expansion, best =    4.8334789387151876E-004
 performing expansion, best =    4.8334214909911787E-004
 performing expansion, best =    4.8333582188430963E-004
 performing expansion, best =    4.8332794852155235E-004
 performing expansion, best =    4.8331835458072724E-004
 performing expansion, best =    4.8331279511730095E-004
 performing expansion, best =    4.8330049412012382E-004
 performing expansion, best =    4.8328780634411479E-004
 performing expansion, best =    4.8327847649051899E-004
 performing expansion, best =    4.8327594099467489E-004
 performing expansion, best =    4.8327177599205768E-004
 performing expansion, best =    4.8326668309935322E-004
 performing expansion, best =    4.8326570631012364E-004
 performing expansion, best =    4.8325629068824848E-004
 performing expansion, best =    4.8324834572555255E-004
 performing expansion, best =    4.8324457734194955E-004
 performing expansion, best =    4.8324135374369393E-004
 performing expansion, best =    4.8323988712993846E-004
 performing expansion, best =    4.8323319313666878E-004
 performing expansion, best =    4.8322464814229004E-004
 performing expansion, best =    4.8321575162745857E-004
 performing expansion, best =    4.8321474894069032E-004
 performing expansion, best =    4.8321393384295394E-004
 performing expansion, best =    4.8321130907524374E-004
 performing expansion, best =    4.8320782738279437E-004
 performing expansion, best =    4.8320711526005886E-004
 performing expansion, best =    4.8320367832206500E-004
 performing expansion, best =    4.8320150690700199E-004
 performing expansion, best =    4.8319918891463900E-004
 performing expansion, best =    4.8319735302743616E-004
 performing expansion, best =    4.8319627601160168E-004
 performing expansion, best =    4.8319516965154483E-004
 performing expansion, best =    4.8319372427677130E-004
 performing expansion, best =    4.8319263140802164E-004
 performing expansion, best =    4.8319251175971074E-004
 performing expansion, best =    4.8319123804517960E-004
 performing expansion, best =    4.8319037475329978E-004
 performing expansion, best =    4.8318930584036630E-004
 performing expansion, best =    4.8318849553706208E-004
 performing expansion, best =    4.8318752190172225E-004
 performing expansion, best =    4.8318658269132578E-004
 performing expansion, best =    4.8318651726185469E-004
 performing expansion, best =    4.8318633887028793E-004
 performing expansion, best =    4.8318568853854721E-004
 performing expansion, best =    4.8318556238807943E-004
 performing expansion, best =    4.8318490444557735E-004
 performing expansion, best =    4.8318461039164375E-004
 performing expansion, best =    4.8318408846921210E-004
 performing expansion, best =    4.8318355624212179E-004
 performing expansion, best =    4.8318281231963655E-004
 performing expansion, best =    4.8318226042473313E-004
 performing expansion, best =    4.8318182945664606E-004
 performing expansion, best =    4.8318181117093734E-004
 performing expansion, best =    4.8318080134364123E-004
 performing expansion, best =    4.8318048661090640E-004
 performing expansion, best =    4.8317907219128076E-004
 performing expansion, best =    4.8317687016525803E-004
 performing expansion, best =    4.8317514173120459E-004
 performing expansion, best =    4.8317394579027616E-004
 performing expansion, best =    4.8317165612682785E-004
 performing expansion, best =    4.8317096940470456E-004
 performing expansion, best =    4.8316871977966856E-004
 performing expansion, best =    4.8316666527357260E-004
 performing expansion, best =    4.8316533700984150E-004
 performing expansion, best =    4.8316176192836574E-004
 performing expansion, best =    4.8315927173953066E-004
 performing expansion, best =    4.8315718927541664E-004
 performing expansion, best =    4.8315365466198136E-004
 performing expansion, best =    4.8314742613933005E-004
 performing expansion, best =    4.8314346097331974E-004
 performing expansion, best =    4.8313843277863507E-004
 performing expansion, best =    4.8313153615699915E-004
 performing expansion, best =    4.8312707591676151E-004
 performing expansion, best =    4.8312054059211228E-004
 performing expansion, best =    4.8311348386309734E-004
 performing expansion, best =    4.8311310063025805E-004
 performing expansion, best =    4.8311258802875536E-004
 performing expansion, best =    4.8310974701188856E-004
 performing expansion, best =    4.8310747122949377E-004
 performing expansion, best =    4.8310454534459944E-004
 performing expansion, best =    4.8310232238156817E-004
 performing expansion, best =    4.8309745595033699E-004
 performing expansion, best =    4.8309446824542642E-004
 performing expansion, best =    4.8309284858503375E-004
 performing expansion, best =    4.8309123671066225E-004
 performing expansion, best =    4.8309074166052009E-004
 performing expansion, best =    4.8309052211772697E-004
 performing expansion, best =    4.8309051573117292E-004
 performing expansion, best =    4.8308879791828511E-004
 performing expansion, best =    4.8308780625457313E-004
 performing expansion, best =    4.8308665530171532E-004
 performing expansion, best =    4.8308523341928598E-004
 performing expansion, best =    4.8308423748915480E-004
 performing expansion, best =    4.8308350684779972E-004
 performing expansion, best =    4.8308347088265929E-004
 performing expansion, best =    4.8308243795415208E-004
 performing expansion, best =    4.8308029529311786E-004
 performing expansion, best =    4.8307991492825146E-004
 performing expansion, best =    4.8307936923931195E-004
 performing expansion, best =    4.8307864159024416E-004
 performing expansion, best =    4.8307676441396678E-004
 performing expansion, best =    4.8307593424250716E-004
 performing expansion, best =    4.8307407077500999E-004
 performing expansion, best =    4.8307373860005681E-004
 performing expansion, best =    4.8307287596996039E-004
 performing expansion, best =    4.8307261146632828E-004
 performing expansion, best =    4.8307225476588360E-004
 performing expansion, best =    4.8307187505416770E-004
 performing expansion, best =    4.8307183956554421E-004
 performing expansion, best =    4.8307159125838851E-004
 performing expansion, best =    4.8307104621006383E-004
 performing expansion, best =    4.8307063944851188E-004
 performing expansion, best =    4.8307006259116483E-004
 performing expansion, best =    4.8306986635531760E-004
 performing expansion, best =    4.8306953006015167E-004
 performing expansion, best =    4.8306952495845846E-004
 performing expansion, best =    4.8306902537432892E-004
 performing expansion, best =    4.8306889214015566E-004
 performing expansion, best =    4.8306872913135991E-004
 performing expansion, best =    4.8306798686485752E-004
 performing expansion, best =    4.8306738557357556E-004
 performing expansion, best =    4.8306681167006865E-004
 performing expansion, best =    4.8306653071772106E-004
 performing expansion, best =    4.8306624118350111E-004
 performing expansion, best =    4.8306609295239924E-004
 performing expansion, best =    4.8306590458830614E-004
 performing expansion, best =    4.8306553604520391E-004
 performing expansion, best =    4.8306471676364492E-004
 performing expansion, best =    4.8306379193422462E-004
 performing expansion, best =    4.8306370959522307E-004
 performing expansion, best =    4.8306307971602007E-004
 performing expansion, best =    4.8306301276395064E-004
 performing expansion, best =    4.8306218291151978E-004
 performing expansion, best =    4.8306164912816763E-004
 performing expansion, best =    4.8306072799579993E-004
 performing expansion, best =    4.8305960072622759E-004
 performing expansion, best =    4.8305896811546195E-004
 performing expansion, best =    4.8305818975692016E-004
 performing expansion, best =    4.8305773684536273E-004
 performing expansion, best =    4.8305709064396212E-004
 performing expansion, best =    4.8305571405886280E-004
 performing expansion, best =    4.8305467519059388E-004
 performing expansion, best =    4.8305274366318944E-004
 performing expansion, best =    4.8304983846521652E-004
 performing expansion, best =    4.8304513508775677E-004
 performing expansion, best =    4.8304097282372366E-004
 performing expansion, best =    4.8303794659512880E-004
 performing expansion, best =    4.8303697162773384E-004
 performing expansion, best =    4.8303241959595736E-004
 performing expansion, best =    4.8303168530963915E-004
 performing expansion, best =    4.8302733727140592E-004
 performing expansion, best =    4.8302239103079693E-004
 performing expansion, best =    4.8302035463570201E-004
 performing expansion, best =    4.8301834877647362E-004
 performing expansion, best =    4.8301497250868158E-004
 performing expansion, best =    4.8301337611404173E-004
 performing expansion, best =    4.8301019129567220E-004
 performing expansion, best =    4.8300972559900510E-004
 performing expansion, best =    4.8300934012137053E-004
 performing expansion, best =    4.8300546107110914E-004
 performing expansion, best =    4.8299954494751746E-004
 performing expansion, best =    4.8299367368379086E-004
 performing expansion, best =    4.8298998505327047E-004
 performing expansion, best =    4.8298860859771227E-004
 performing expansion, best =    4.8298796354651188E-004
 performing expansion, best =    4.8298070222653803E-004
 performing expansion, best =    4.8297932893562014E-004
 performing expansion, best =    4.8297760951580149E-004
 performing expansion, best =    4.8297640675579217E-004
 performing expansion, best =    4.8297622119611126E-004
 performing expansion, best =    4.8297323595713706E-004
 performing expansion, best =    4.8297008720949260E-004
 performing expansion, best =    4.8296719802345733E-004
 performing expansion, best =    4.8296601330104504E-004
 performing expansion, best =    4.8296402280485377E-004
 performing expansion, best =    4.8295965450256422E-004
 performing expansion, best =    4.8295499277873700E-004
 performing expansion, best =    4.8295061113387609E-004
 performing expansion, best =    4.8294790528888255E-004
 performing expansion, best =    4.8294417957546563E-004
 performing expansion, best =    4.8293954194013003E-004
 performing expansion, best =    4.8292999705611372E-004
 performing expansion, best =    4.8292423867444552E-004
 performing expansion, best =    4.8291890251989848E-004
 performing expansion, best =    4.8291155326062436E-004
 performing expansion, best =    4.8290671054423441E-004
 performing expansion, best =    4.8289895710280510E-004
 performing expansion, best =    4.8288719204430509E-004
 performing expansion, best =    4.8288426965078872E-004
 performing expansion, best =    4.8287902876337132E-004
 performing expansion, best =    4.8286582156978515E-004
 performing expansion, best =    4.8285309505409865E-004
 performing expansion, best =    4.8284835692014396E-004
 performing expansion, best =    4.8284393429431981E-004
 performing expansion, best =    4.8284164903010036E-004
 performing expansion, best =    4.8283705212391452E-004
 performing expansion, best =    4.8283644851741342E-004
 performing expansion, best =    4.8283563479123350E-004
 performing expansion, best =    4.8282773492127262E-004
 performing expansion, best =    4.8282671953416896E-004
 performing expansion, best =    4.8282384339736633E-004
 performing expansion, best =    4.8282320017335717E-004
 performing expansion, best =    4.8281782395534392E-004
 performing expansion, best =    4.8281577925487687E-004
 performing expansion, best =    4.8281451856473925E-004
 performing expansion, best =    4.8281233641503472E-004
 performing expansion, best =    4.8281087827639542E-004
 performing expansion, best =    4.8280656053741570E-004
 performing expansion, best =    4.8279906415837806E-004
 performing expansion, best =    4.8279343037630282E-004
 performing expansion, best =    4.8279006107107835E-004
 performing expansion, best =    4.8278753613048076E-004
 performing expansion, best =    4.8278449561517628E-004
 performing expansion, best =    4.8278343468374834E-004
 performing expansion, best =    4.8277649145209872E-004
 performing expansion, best =    4.8277478273502474E-004
 performing expansion, best =    4.8276827276050462E-004
 performing expansion, best =    4.8276466054810385E-004
 performing expansion, best =    4.8276434482246117E-004
 performing expansion, best =    4.8275739819096702E-004
 performing expansion, best =    4.8274609407631427E-004
 performing expansion, best =    4.8274478584522067E-004
 performing expansion, best =    4.8273938970288204E-004
 performing expansion, best =    4.8273676207631080E-004
 performing expansion, best =    4.8273622100744183E-004
 performing expansion, best =    4.8273434626461368E-004
 performing expansion, best =    4.8273153988052659E-004
 performing expansion, best =    4.8272713082062486E-004
 performing expansion, best =    4.8272128544832711E-004
 performing expansion, best =    4.8271423889844901E-004
 performing expansion, best =    4.8270529217694615E-004
 performing expansion, best =    4.8269827672946356E-004
 performing expansion, best =    4.8268958700728112E-004
 performing expansion, best =    4.8268480865094584E-004
 performing expansion, best =    4.8267932716166318E-004
 performing expansion, best =    4.8267711905023472E-004
 performing expansion, best =    4.8266679369235091E-004
 performing expansion, best =    4.8265697188922728E-004
 performing expansion, best =    4.8265381483631538E-004
 performing expansion, best =    4.8264929795939460E-004
 performing expansion, best =    4.8264640035871828E-004
 performing expansion, best =    4.8264309489374357E-004
 performing expansion, best =    4.8263956653422886E-004
 performing expansion, best =    4.8263804307422021E-004
 performing expansion, best =    4.8263710192040691E-004
 performing expansion, best =    4.8263426634155733E-004
 performing expansion, best =    4.8263066345199306E-004
 performing expansion, best =    4.8262791587872379E-004
 performing expansion, best =    4.8262515263999497E-004
 performing expansion, best =    4.8262375933443886E-004
 performing expansion, best =    4.8262125800807983E-004
 performing expansion, best =    4.8262079111803947E-004
 performing expansion, best =    4.8262053058340865E-004
 performing expansion, best =    4.8261956432963841E-004
 performing expansion, best =    4.8261725641262677E-004
 performing expansion, best =    4.8261667103435580E-004
 performing expansion, best =    4.8261256903401077E-004
 performing expansion, best =    4.8261200248736952E-004
 performing expansion, best =    4.8260786676423035E-004
 performing expansion, best =    4.8260570145488359E-004
 performing expansion, best =    4.8260205718812592E-004
 performing expansion, best =    4.8259762293930786E-004
 performing expansion, best =    4.8259465939928619E-004
 performing expansion, best =    4.8259115936153383E-004
 performing expansion, best =    4.8258963394100718E-004
 performing expansion, best =    4.8258917590605004E-004
 performing expansion, best =    4.8258539427425620E-004
 performing expansion, best =    4.8258284029911865E-004
 performing expansion, best =    4.8258153361073664E-004
 performing expansion, best =    4.8257368054582372E-004
 performing expansion, best =    4.8257174920013368E-004
 performing expansion, best =    4.8256889615264201E-004
 performing expansion, best =    4.8256569906978298E-004
 performing expansion, best =    4.8255453675831380E-004
 performing expansion, best =    4.8255422398935333E-004
 performing expansion, best =    4.8255209322377638E-004
 performing expansion, best =    4.8254322501001723E-004
 performing expansion, best =    4.8254134180744662E-004
 performing expansion, best =    4.8253324016135597E-004
 performing expansion, best =    4.8252079456524081E-004
 performing expansion, best =    4.8251000057053593E-004
 performing expansion, best =    4.8250850254597996E-004
 performing expansion, best =    4.8249633280987293E-004
 performing expansion, best =    4.8248412933901295E-004
 performing expansion, best =    4.8246807652579964E-004
 performing expansion, best =    4.8244883744822075E-004
 performing expansion, best =    4.8243021596617751E-004
 performing expansion, best =    4.8241022502964998E-004
 performing expansion, best =    4.8238534346515768E-004
 performing expansion, best =    4.8236548584792776E-004
 performing expansion, best =    4.8232460857115729E-004
 performing expansion, best =    4.8228739565485271E-004
 performing expansion, best =    4.8223585765063906E-004
 performing expansion, best =    4.8220459838405207E-004
 performing expansion, best =    4.8215797739103999E-004
 performing expansion, best =    4.8209972577241417E-004
 performing expansion, best =    4.8204749915214360E-004
 performing expansion, best =    4.8201756650052667E-004
 performing expansion, best =    4.8195254962451383E-004
 performing expansion, best =    4.8191913619087176E-004
 performing expansion, best =    4.8189450597827807E-004
 performing expansion, best =    4.8185606903269738E-004
 performing expansion, best =    4.8183559810859955E-004
 performing expansion, best =    4.8180167360011646E-004
 performing expansion, best =    4.8174820046246791E-004
 performing expansion, best =    4.8168669583862603E-004
 performing expansion, best =    4.8163972336519979E-004
 performing expansion, best =    4.8158454127697595E-004
 performing expansion, best =    4.8151179219571989E-004
 performing expansion, best =    4.8146942991443326E-004
 performing expansion, best =    4.8142822552184962E-004
 performing expansion, best =    4.8138892290617690E-004
 performing expansion, best =    4.8137046869792553E-004
 performing expansion, best =    4.8136419838800548E-004
 performing expansion, best =    4.8134729317383528E-004
 performing expansion, best =    4.8132849738959690E-004
 performing expansion, best =    4.8131927277346778E-004
 performing expansion, best =    4.8129779041835219E-004
 performing expansion, best =    4.8126806309718549E-004
 performing expansion, best =    4.8123854808794524E-004
 performing expansion, best =    4.8123336846427891E-004
 performing expansion, best =    4.8122275555278484E-004
 performing expansion, best =    4.8122134470959869E-004
 performing expansion, best =    4.8121993972506124E-004
 performing expansion, best =    4.8121047274944201E-004
 performing expansion, best =    4.8120642040938799E-004
 performing expansion, best =    4.8120411336725227E-004
 performing expansion, best =    4.8120195843597403E-004
 performing expansion, best =    4.8120183616781565E-004
 performing expansion, best =    4.8119262709390824E-004
 performing expansion, best =    4.8118919722546304E-004
 performing expansion, best =    4.8118783643546245E-004
 performing expansion, best =    4.8118299539346061E-004
 performing expansion, best =    4.8118096998413750E-004
 performing expansion, best =    4.8117724549232987E-004
 performing expansion, best =    4.8117538969945085E-004
 performing expansion, best =    4.8117342506900657E-004
 performing expansion, best =    4.8117120988382204E-004
 performing expansion, best =    4.8116868192218655E-004
 performing expansion, best =    4.8116340549078846E-004
 performing expansion, best =    4.8115910921436037E-004
 performing expansion, best =    4.8115832459068037E-004
 performing expansion, best =    4.8115519354451780E-004
 performing expansion, best =    4.8115393680093588E-004
 performing expansion, best =    4.8114665535577974E-004
 performing expansion, best =    4.8114223245085440E-004
 performing expansion, best =    4.8113577327680884E-004
 performing expansion, best =    4.8113180009785991E-004
 performing expansion, best =    4.8112461379433782E-004
 performing expansion, best =    4.8111624830983089E-004
 performing expansion, best =    4.8111179816413819E-004
 performing expansion, best =    4.8110951002363028E-004
 performing expansion, best =    4.8109880427765598E-004
 performing expansion, best =    4.8108797374381973E-004
 performing expansion, best =    4.8107478781462100E-004
 performing expansion, best =    4.8106495720418209E-004
 performing expansion, best =    4.8106429797583098E-004
 performing expansion, best =    4.8106248268213182E-004
 performing expansion, best =    4.8105345646760178E-004
 performing expansion, best =    4.8104803349964314E-004
 performing expansion, best =    4.8103548184217124E-004
 performing expansion, best =    4.8102337332679479E-004
 performing expansion, best =    4.8102259760216318E-004
 performing expansion, best =    4.8102197502524732E-004
 performing expansion, best =    4.8101872207727335E-004
 performing expansion, best =    4.8101550367767677E-004
 performing expansion, best =    4.8099756790577258E-004
 performing expansion, best =    4.8099191283280127E-004
 performing expansion, best =    4.8098119097263073E-004
 performing expansion, best =    4.8097434687773439E-004
 performing expansion, best =    4.8097320798003331E-004
 performing expansion, best =    4.8095646283588149E-004
 performing expansion, best =    4.8095477966085038E-004
 performing expansion, best =    4.8095274397578011E-004
 performing expansion, best =    4.8095129634544886E-004
 performing expansion, best =    4.8094973211558110E-004
 performing expansion, best =    4.8094789746598685E-004
 performing expansion, best =    4.8094705091409896E-004
 performing expansion, best =    4.8094540220273340E-004
 performing expansion, best =    4.8094492197359227E-004
 performing expansion, best =    4.8094032451325065E-004
 performing expansion, best =    4.8093930223246366E-004
 performing expansion, best =    4.8093505257268849E-004
 performing expansion, best =    4.8093430691247490E-004
 performing expansion, best =    4.8093011175805904E-004
 performing expansion, best =    4.8092779461481663E-004
 performing expansion, best =    4.8092409722321486E-004
 performing expansion, best =    4.8092196858695623E-004
 performing expansion, best =    4.8092028642973396E-004
 performing expansion, best =    4.8092011788094597E-004
 performing expansion, best =    4.8091954463877685E-004
 performing expansion, best =    4.8091524581449040E-004
 performing expansion, best =    4.8091470647129649E-004
 performing expansion, best =    4.8091414278247783E-004
 performing expansion, best =    4.8091347010540444E-004
 performing expansion, best =    4.8091213910611606E-004
 performing expansion, best =    4.8091009747965383E-004
 performing expansion, best =    4.8090815537121931E-004
 performing expansion, best =    4.8090631167664442E-004
 performing expansion, best =    4.8090544034246345E-004
 performing expansion, best =    4.8090327665772605E-004
 performing expansion, best =    4.8090000297184562E-004
 performing expansion, best =    4.8089672737490523E-004
 performing expansion, best =    4.8089485301652232E-004
 performing expansion, best =    4.8089220604734262E-004
 performing expansion, best =    4.8088417736023229E-004
 performing expansion, best =    4.8087524966831604E-004
 performing expansion, best =    4.8087269211869653E-004
 performing expansion, best =    4.8087140592110674E-004
 performing expansion, best =    4.8087107821199570E-004
 performing expansion, best =    4.8086686729950098E-004
 performing expansion, best =    4.8086547784930220E-004
 performing expansion, best =    4.8086412624195218E-004
 performing expansion, best =    4.8086311107024615E-004
 performing expansion, best =    4.8086126626075917E-004
 performing expansion, best =    4.8086125453219395E-004
 performing expansion, best =    4.8086053349773996E-004
 performing expansion, best =    4.8085953507016622E-004
 performing expansion, best =    4.8085824074128804E-004
 performing expansion, best =    4.8085751192968572E-004
 performing expansion, best =    4.8085718906097619E-004
 performing expansion, best =    4.8085674450924683E-004
 performing expansion, best =    4.8085664953300772E-004
 performing expansion, best =    4.8085652583377436E-004
 performing expansion, best =    4.8085617403873112E-004
 performing expansion, best =    4.8085579499018547E-004
 performing expansion, best =    4.8085574052132880E-004
 performing expansion, best =    4.8085568393799074E-004
 performing expansion, best =    4.8085544380854442E-004
 performing expansion, best =    4.8085526243353132E-004
 performing expansion, best =    4.8085512736806372E-004
 performing expansion, best =    4.8085503806641008E-004
 performing expansion, best =    4.8085491381152283E-004
 performing expansion, best =    4.8085484245330732E-004
 performing expansion, best =    4.8085484061565983E-004
 performing expansion, best =    4.8085483953239452E-004
 performing expansion, best =    4.8085483857567772E-004
 performing expansion, best =    4.8085483848339428E-004
 performing expansion, best =    4.8085483767314012E-004
 performing expansion, best =    4.8085483757492653E-004
 performing expansion, best =    4.8085483727187007E-004
 performing expansion, best =    4.8085483724311968E-004
 performing expansion, best =    4.8085483674377601E-004
 performing expansion, best =    4.8085483622808749E-004
 performing expansion, best =    4.8085483611269971E-004
 performing expansion, best =    4.8085483589829027E-004
 performing expansion, best =    4.8085483585320562E-004
 performing expansion, best =    4.8085483553712068E-004
Exiting simplex optimization after  4982 iterations
Solution after  refinement:      4.8085483554E-04
RMSE         4.808548355E-04 Hartree
NEW BEST!

Starting fitting procedure for 5 charges, trial 2
gen      0/10000      elitist  1.1304699E-03 feasible? T
gen    100/10000      elitist  8.8626536E-04 feasible? T
gen    200/10000      elitist  5.1293592E-04 feasible? T
gen    300/10000      elitist  5.0008938E-04 feasible? T
gen    400/10000      elitist  4.9942861E-04 feasible? T
gen    500/10000      elitist  4.9878328E-04 feasible? T
gen    600/10000      elitist  4.9865818E-04 feasible? T
gen    700/10000      elitist  4.9818415E-04 feasible? T
gen    800/10000      elitist  4.9135085E-04 feasible? T
gen    900/10000      elitist  4.8571938E-04 feasible? T
gen   1000/10000      elitist  4.8444125E-04 feasible? T
gen   1100/10000      elitist  4.8401858E-04 feasible? T
gen   1200/10000      elitist  4.8314672E-04 feasible? T
gen   1300/10000      elitist  4.8285837E-04 feasible? T
gen   1400/10000      elitist  4.8276508E-04 feasible? T
gen   1500/10000      elitist  4.8274956E-04 feasible? T
gen   1600/10000      elitist  4.8274406E-04 feasible? T
gen   1700/10000      elitist  4.8274256E-04 feasible? T
gen   1800/10000      elitist  4.8273834E-04 feasible? T
gen   1900/10000      elitist  4.8267217E-04 feasible? T
gen   2000/10000      elitist  4.8253637E-04 feasible? T
gen   2100/10000      elitist  4.8253395E-04 feasible? T
gen   2200/10000      elitist  4.8253260E-04 feasible? T
gen   2300/10000      elitist  4.8253222E-04 feasible? T
gen   2400/10000      elitist  4.8252938E-04 feasible? T
gen   2500/10000      elitist  4.8252452E-04 feasible? T
gen   2600/10000      elitist  4.8248008E-04 feasible? T
gen   2700/10000      elitist  4.8244227E-04 feasible? T
gen   2800/10000      elitist  4.8242251E-04 feasible? T
gen   2900/10000      elitist  4.8241584E-04 feasible? T
gen   3000/10000      elitist  4.8241480E-04 feasible? T
gen   3100/10000      elitist  4.8241436E-04 feasible? T
gen   3200/10000      elitist  4.8241414E-04 feasible? T
gen   3300/10000      elitist  4.8241394E-04 feasible? T
gen   3400/10000      elitist  4.8241375E-04 feasible? T
gen   3500/10000      elitist  4.8241367E-04 feasible? T
gen   3600/10000      elitist  4.8241366E-04 feasible? T
population converged towards a single solution after 3601 generations.
Starting local simplex optimization:
Solution before refinement:      4.8241366417E-04
 performing expansion, best =    4.8241134932354061E-004
 performing expansion, best =    4.8241061076612199E-004
 performing expansion, best =    4.8241011689866009E-004
 performing expansion, best =    4.8240962230446799E-004
 performing expansion, best =    4.8240879492285804E-004
 performing expansion, best =    4.8240836469665296E-004
 performing expansion, best =    4.8240761128781162E-004
 performing expansion, best =    4.8240711972547060E-004
 performing expansion, best =    4.8240695993216414E-004
 performing expansion, best =    4.8240688209369919E-004
 performing expansion, best =    4.8240678025717728E-004
 performing expansion, best =    4.8240639654282804E-004
 performing expansion, best =    4.8240627977110250E-004
 performing expansion, best =    4.8240619104099195E-004
 performing expansion, best =    4.8240613477135407E-004
 performing expansion, best =    4.8240601516744554E-004
 performing expansion, best =    4.8240592698695821E-004
 performing expansion, best =    4.8240592046138060E-004
 performing expansion, best =    4.8240587199164923E-004
 performing expansion, best =    4.8240582562400323E-004
 performing expansion, best =    4.8240576305644018E-004
 performing expansion, best =    4.8240569893902768E-004
 performing expansion, best =    4.8240568005635155E-004
 performing expansion, best =    4.8240566720561008E-004
 performing expansion, best =    4.8240562756082041E-004
 performing expansion, best =    4.8240562614087915E-004
 performing expansion, best =    4.8240560173411884E-004
 performing expansion, best =    4.8240559619180056E-004
 performing expansion, best =    4.8240556208792795E-004
 performing expansion, best =    4.8240554563148529E-004
 performing expansion, best =    4.8240550907283606E-004
 performing expansion, best =    4.8240549963008425E-004
 performing expansion, best =    4.8240548048933391E-004
 performing expansion, best =    4.8240547394697963E-004
 performing expansion, best =    4.8240535897412401E-004
 performing expansion, best =    4.8240535620259789E-004
 performing expansion, best =    4.8240534445189429E-004
 performing expansion, best =    4.8240532807903262E-004
 performing expansion, best =    4.8240532188635940E-004
 performing expansion, best =    4.8240531269788835E-004
 performing expansion, best =    4.8240529609029241E-004
 performing expansion, best =    4.8240528941185948E-004
 performing expansion, best =    4.8240519912968191E-004
 performing expansion, best =    4.8240519265913006E-004
 performing expansion, best =    4.8240517925813935E-004
 performing expansion, best =    4.8240517025601332E-004
 performing expansion, best =    4.8240516635984776E-004
 performing expansion, best =    4.8240511336969459E-004
 performing expansion, best =    4.8240510506212023E-004
 performing expansion, best =    4.8240509694760927E-004
 performing expansion, best =    4.8240505628542601E-004
 performing expansion, best =    4.8240504563552275E-004
 performing expansion, best =    4.8240504137917324E-004
 performing expansion, best =    4.8240503523845781E-004
 performing expansion, best =    4.8240498381816346E-004
 performing expansion, best =    4.8240497951467176E-004
 performing expansion, best =    4.8240492815895337E-004
 performing expansion, best =    4.8240486832228075E-004
 performing expansion, best =    4.8240481243978670E-004
 performing expansion, best =    4.8240480430783786E-004
 performing expansion, best =    4.8240479145125975E-004
 performing expansion, best =    4.8240478965877063E-004
 performing expansion, best =    4.8240478089950708E-004
 performing expansion, best =    4.8240477961233365E-004
 performing expansion, best =    4.8240477032302387E-004
 performing expansion, best =    4.8240476519059570E-004
 performing expansion, best =    4.8240470693740312E-004
 performing expansion, best =    4.8240470171343147E-004
 performing expansion, best =    4.8240468613790157E-004
 performing expansion, best =    4.8240468179633372E-004
 performing expansion, best =    4.8240466761879751E-004
 performing expansion, best =    4.8240466470942858E-004
 performing expansion, best =    4.8240465791771924E-004
 performing expansion, best =    4.8240465716005459E-004
 performing expansion, best =    4.8240465302650133E-004
 performing expansion, best =    4.8240461806139300E-004
 performing expansion, best =    4.8240457210594473E-004
 performing expansion, best =    4.8240453480872533E-004
 performing expansion, best =    4.8240453020231881E-004
 performing expansion, best =    4.8240452641549829E-004
 performing expansion, best =    4.8240452050659445E-004
 performing expansion, best =    4.8240451466940873E-004
 performing expansion, best =    4.8240451145845011E-004
 performing expansion, best =    4.8240450670854380E-004
 performing expansion, best =    4.8240450551637743E-004
 performing expansion, best =    4.8240449701616447E-004
 performing expansion, best =    4.8240449048391810E-004
 performing expansion, best =    4.8240448844872843E-004
 performing expansion, best =    4.8240448633932658E-004
 performing expansion, best =    4.8240448416331640E-004
 performing expansion, best =    4.8240446606263447E-004
 performing expansion, best =    4.8240446579852223E-004
 performing expansion, best =    4.8240444792700785E-004
 performing expansion, best =    4.8240444483025371E-004
 performing expansion, best =    4.8240444214797727E-004
 performing expansion, best =    4.8240443808790680E-004
 performing expansion, best =    4.8240443660401870E-004
 performing expansion, best =    4.8240443242291445E-004
 performing expansion, best =    4.8240440982949952E-004
 performing expansion, best =    4.8240440693732696E-004
 performing expansion, best =    4.8240440680388233E-004
 performing expansion, best =    4.8240439114602721E-004
 performing expansion, best =    4.8240437714490881E-004
 performing expansion, best =    4.8240437625611207E-004
 performing expansion, best =    4.8240436385925319E-004
 performing expansion, best =    4.8240434920741773E-004
 performing expansion, best =    4.8240434721480213E-004
 performing expansion, best =    4.8240433206736110E-004
 performing expansion, best =    4.8240431467952270E-004
 performing expansion, best =    4.8240429700381116E-004
 performing expansion, best =    4.8240427653467040E-004
 performing expansion, best =    4.8240425590688658E-004
 performing expansion, best =    4.8240423877645919E-004
 performing expansion, best =    4.8240422266049808E-004
 performing expansion, best =    4.8240421694774067E-004
 performing expansion, best =    4.8240419153810382E-004
 performing expansion, best =    4.8240416856552837E-004
 performing expansion, best =    4.8240415013118073E-004
 performing expansion, best =    4.8240412949269361E-004
 performing expansion, best =    4.8240410874518974E-004
 performing expansion, best =    4.8240410688336091E-004
 performing expansion, best =    4.8240410469376546E-004
 performing expansion, best =    4.8240410437443387E-004
 performing expansion, best =    4.8240409249320567E-004
 performing expansion, best =    4.8240409095252370E-004
 performing expansion, best =    4.8240408330982933E-004
 performing expansion, best =    4.8240407459367631E-004
 performing expansion, best =    4.8240406588780983E-004
 performing expansion, best =    4.8240405608844663E-004
 performing expansion, best =    4.8240404712823613E-004
 performing expansion, best =    4.8240403525878485E-004
 performing expansion, best =    4.8240403413922907E-004
 performing expansion, best =    4.8240402340784611E-004
 performing expansion, best =    4.8240400570395285E-004
 performing expansion, best =    4.8240400482802711E-004
 performing expansion, best =    4.8240398633291428E-004
 performing expansion, best =    4.8240398435369503E-004
 performing expansion, best =    4.8240398233888841E-004
 performing expansion, best =    4.8240398167324444E-004
 performing expansion, best =    4.8240396420564931E-004
 performing expansion, best =    4.8240396420277931E-004
 performing expansion, best =    4.8240395639875420E-004
 performing expansion, best =    4.8240395527562077E-004
 performing expansion, best =    4.8240395439609087E-004
 performing expansion, best =    4.8240394815172077E-004
 performing expansion, best =    4.8240394600291474E-004
 performing expansion, best =    4.8240393539988440E-004
 performing expansion, best =    4.8240393415537508E-004
 performing expansion, best =    4.8240393269636151E-004
 performing expansion, best =    4.8240392291964073E-004
 performing expansion, best =    4.8240392179942705E-004
 performing expansion, best =    4.8240391443409183E-004
 performing expansion, best =    4.8240391276004589E-004
 performing expansion, best =    4.8240390996403409E-004
 performing expansion, best =    4.8240390884031541E-004
 performing expansion, best =    4.8240389634730357E-004
 performing expansion, best =    4.8240389414081229E-004
 performing expansion, best =    4.8240388111624481E-004
 performing expansion, best =    4.8240386505736202E-004
 performing expansion, best =    4.8240386253303453E-004
 performing expansion, best =    4.8240384586000520E-004
 performing expansion, best =    4.8240383073448344E-004
 performing expansion, best =    4.8240382999652557E-004
 performing expansion, best =    4.8240381375050281E-004
 performing expansion, best =    4.8240379623175074E-004
 performing expansion, best =    4.8240379380689571E-004
 performing expansion, best =    4.8240379342915724E-004
 performing expansion, best =    4.8240378940255142E-004
 performing expansion, best =    4.8240378594936322E-004
 performing expansion, best =    4.8240378557512395E-004
 performing expansion, best =    4.8240378512060059E-004
 performing expansion, best =    4.8240378404550637E-004
 performing expansion, best =    4.8240378253067070E-004
 performing expansion, best =    4.8240378022877580E-004
 performing expansion, best =    4.8240376913491625E-004
 performing expansion, best =    4.8240375951055250E-004
 performing expansion, best =    4.8240374833568488E-004
 performing expansion, best =    4.8240373812525949E-004
 performing expansion, best =    4.8240372622610021E-004
 performing expansion, best =    4.8240372394456007E-004
 performing expansion, best =    4.8240372296779702E-004
 performing expansion, best =    4.8240372284201027E-004
 performing expansion, best =    4.8240372084158473E-004
 performing expansion, best =    4.8240372069302182E-004
 performing expansion, best =    4.8240371895498101E-004
 performing expansion, best =    4.8240371890313300E-004
 performing expansion, best =    4.8240371794391890E-004
 performing expansion, best =    4.8240371775901461E-004
 performing expansion, best =    4.8240371726904256E-004
 performing expansion, best =    4.8240371715775246E-004
 performing expansion, best =    4.8240371714277936E-004
 performing expansion, best =    4.8240371483640975E-004
 performing expansion, best =    4.8240371479122297E-004
 performing expansion, best =    4.8240371460680430E-004
 performing expansion, best =    4.8240371345338411E-004
 performing expansion, best =    4.8240371255541605E-004
 performing expansion, best =    4.8240371042381294E-004
 performing expansion, best =    4.8240371022575306E-004
 performing expansion, best =    4.8240370979905721E-004
 performing expansion, best =    4.8240370827515127E-004
 performing expansion, best =    4.8240370722928545E-004
 performing expansion, best =    4.8240370714175684E-004
 performing expansion, best =    4.8240370705511927E-004
 performing expansion, best =    4.8240370616732200E-004
 performing expansion, best =    4.8240370589038690E-004
 performing expansion, best =    4.8240370588332511E-004
 performing expansion, best =    4.8240370559671399E-004
 performing expansion, best =    4.8240370475598329E-004
 performing expansion, best =    4.8240370466219070E-004
 performing expansion, best =    4.8240370452932887E-004
 performing expansion, best =    4.8240370432202828E-004
 performing expansion, best =    4.8240370419611956E-004
Exiting simplex optimization after  1631 iterations
Solution after  refinement:      4.8240370348E-04
RMSE         4.824037035E-04 Hartree

Starting fitting procedure for 5 charges, trial 3
gen      0/10000      elitist  5.5676579E-03 feasible? T
gen    100/10000      elitist  5.7194726E-04 feasible? T
gen    200/10000      elitist  4.5597341E-04 feasible? T
gen    300/10000      elitist  4.2328257E-04 feasible? T
gen    400/10000      elitist  4.1801307E-04 feasible? T
gen    500/10000      elitist  4.1666797E-04 feasible? T
gen    600/10000      elitist  4.1621326E-04 feasible? T
gen    700/10000      elitist  4.1608403E-04 feasible? T
gen    800/10000      elitist  4.1605655E-04 feasible? T
gen    900/10000      elitist  4.1605092E-04 feasible? T
gen   1000/10000      elitist  4.1585957E-04 feasible? T
gen   1100/10000      elitist  4.1582573E-04 feasible? T
gen   1200/10000      elitist  4.1581786E-04 feasible? T
gen   1300/10000      elitist  4.1581673E-04 feasible? T
gen   1400/10000      elitist  4.1581624E-04 feasible? T
gen   1500/10000      elitist  4.1581620E-04 feasible? T
gen   1600/10000      elitist  4.1581589E-04 feasible? T
gen   1700/10000      elitist  4.1581444E-04 feasible? T
gen   1800/10000      elitist  4.1581209E-04 feasible? T
gen   1900/10000      elitist  4.1580741E-04 feasible? T
gen   2000/10000      elitist  4.1580676E-04 feasible? T
gen   2100/10000      elitist  4.1580667E-04 feasible? T
gen   2200/10000      elitist  4.1580665E-04 feasible? T
population converged towards a single solution after 2261 generations.
Starting local simplex optimization:
Solution before refinement:      4.1580664950E-04
 performing expansion, best =    4.1580664871250159E-004
 performing expansion, best =    4.1580664754104570E-004
 performing expansion, best =    4.1580664232170896E-004
 performing expansion, best =    4.1580664020254084E-004
 performing expansion, best =    4.1580663868294161E-004
 performing expansion, best =    4.1580663867246280E-004
 performing expansion, best =    4.1580663785087331E-004
 performing expansion, best =    4.1580663731306718E-004
 performing expansion, best =    4.1580663658704535E-004
 performing expansion, best =    4.1580663650994974E-004
 performing expansion, best =    4.1580663645070676E-004
 performing expansion, best =    4.1580663641265105E-004
 performing expansion, best =    4.1580663585443303E-004
 performing expansion, best =    4.1580663552130063E-004
 performing expansion, best =    4.1580663462882866E-004
 performing expansion, best =    4.1580663439940379E-004
 performing expansion, best =    4.1580663429712362E-004
 performing expansion, best =    4.1580663402097999E-004
 performing expansion, best =    4.1580663395932558E-004
 performing expansion, best =    4.1580663392307474E-004
 performing expansion, best =    4.1580663353357663E-004
 performing expansion, best =    4.1580663326170274E-004
 performing expansion, best =    4.1580663320614627E-004
 performing expansion, best =    4.1580663314486478E-004
 performing expansion, best =    4.1580663313874695E-004
 performing expansion, best =    4.1580663296894680E-004
Exiting simplex optimization after   784 iterations
Solution after  refinement:      4.1580663297E-04
RMSE         4.158066330E-04 Hartree
NEW BEST!

Starting fitting procedure for 5 charges, trial 4
gen      0/10000      elitist  2.2513077E-03 feasible? T
gen    100/10000      elitist  1.2017716E-03 feasible? T
gen    200/10000      elitist  8.8762550E-04 feasible? T
gen    300/10000      elitist  7.6089683E-04 feasible? T
gen    400/10000      elitist  6.8726444E-04 feasible? T
gen    500/10000      elitist  6.7581170E-04 feasible? T
gen    600/10000      elitist  6.6700595E-04 feasible? T
gen    700/10000      elitist  6.6475963E-04 feasible? T
gen    800/10000      elitist  6.4782417E-04 feasible? T
gen    900/10000      elitist  6.4052448E-04 feasible? T
gen   1000/10000      elitist  6.3986344E-04 feasible? T
gen   1100/10000      elitist  6.3968136E-04 feasible? T
gen   1200/10000      elitist  6.3923853E-04 feasible? T
gen   1300/10000      elitist  6.3867758E-04 feasible? T
gen   1400/10000      elitist  6.3851082E-04 feasible? T
gen   1500/10000      elitist  6.3810293E-04 feasible? T
gen   1600/10000      elitist  6.3721925E-04 feasible? T
gen   1700/10000      elitist  6.3629884E-04 feasible? T
gen   1800/10000      elitist  6.3565234E-04 feasible? T
gen   1900/10000      elitist  6.3372284E-04 feasible? T
gen   2000/10000      elitist  6.3315601E-04 feasible? T
gen   2100/10000      elitist  6.3294799E-04 feasible? T
gen   2200/10000      elitist  6.3275568E-04 feasible? T
gen   2300/10000      elitist  6.3266034E-04 feasible? T
gen   2400/10000      elitist  6.3173341E-04 feasible? T
gen   2500/10000      elitist  6.3154801E-04 feasible? T
gen   2600/10000      elitist  6.3144790E-04 feasible? T
gen   2700/10000      elitist  6.3127011E-04 feasible? T
gen   2800/10000      elitist  6.3122736E-04 feasible? T
gen   2900/10000      elitist  6.3115451E-04 feasible? T
gen   3000/10000      elitist  6.3113699E-04 feasible? T
gen   3100/10000      elitist  6.3113607E-04 feasible? T
gen   3200/10000      elitist  6.3098652E-04 feasible? T
gen   3300/10000      elitist  6.3095929E-04 feasible? T
gen   3400/10000      elitist  6.3085197E-04 feasible? T
gen   3500/10000      elitist  6.3081768E-04 feasible? T
gen   3600/10000      elitist  6.3081345E-04 feasible? T
gen   3700/10000      elitist  6.3081149E-04 feasible? T
gen   3800/10000      elitist  6.3081010E-04 feasible? T
gen   3900/10000      elitist  6.3080972E-04 feasible? T
gen   4000/10000      elitist  6.3080968E-04 feasible? T
population converged towards a single solution after 4058 generations.
Starting local simplex optimization:
Solution before refinement:      6.3080967910E-04
 performing expansion, best =    6.3080967772616509E-004
 performing expansion, best =    6.3080967651429508E-004
 performing expansion, best =    6.3080967626694638E-004
 performing expansion, best =    6.3080967398807810E-004
 performing expansion, best =    6.3080967024173470E-004
 performing expansion, best =    6.3080966935814484E-004
 performing expansion, best =    6.3080966566526431E-004
 performing expansion, best =    6.3080966368064654E-004
 performing expansion, best =    6.3080966315130738E-004
 performing expansion, best =    6.3080966189518414E-004
 performing expansion, best =    6.3080966030860052E-004
 performing expansion, best =    6.3080965765677374E-004
 performing expansion, best =    6.3080965640668852E-004
 performing expansion, best =    6.3080965535778786E-004
 performing expansion, best =    6.3080965501398009E-004
 performing expansion, best =    6.3080964493731620E-004
 performing expansion, best =    6.3080964370222984E-004
 performing expansion, best =    6.3080964293863080E-004
 performing expansion, best =    6.3080964272438117E-004
 performing expansion, best =    6.3080964261040713E-004
 performing expansion, best =    6.3080964223033149E-004
 performing expansion, best =    6.3080963804788522E-004
 performing expansion, best =    6.3080963398888296E-004
 performing expansion, best =    6.3080963315715222E-004
 performing expansion, best =    6.3080963279476404E-004
 performing expansion, best =    6.3080962910647001E-004
 performing expansion, best =    6.3080962892301986E-004
 performing expansion, best =    6.3080962588086783E-004
 performing expansion, best =    6.3080962552465646E-004
 performing expansion, best =    6.3080962194628405E-004
 performing expansion, best =    6.3080962187779153E-004
 performing expansion, best =    6.3080962187157179E-004
 performing expansion, best =    6.3080962013501135E-004
 performing expansion, best =    6.3080961992746025E-004
 performing expansion, best =    6.3080961964932770E-004
 performing expansion, best =    6.3080961826058538E-004
 performing expansion, best =    6.3080961808619992E-004
 performing expansion, best =    6.3080961600173494E-004
 performing expansion, best =    6.3080961589839866E-004
 performing expansion, best =    6.3080961577389018E-004
 performing expansion, best =    6.3080961561704668E-004
 performing expansion, best =    6.3080961561456169E-004
 performing expansion, best =    6.3080961541303344E-004
 performing expansion, best =    6.3080961530618857E-004
 performing expansion, best =    6.3080961522775120E-004
 performing expansion, best =    6.3080961514167119E-004
 performing expansion, best =    6.3080961502562621E-004
 performing expansion, best =    6.3080961496054003E-004
 performing expansion, best =    6.3080961490309521E-004
Exiting simplex optimization after   950 iterations
Solution after  refinement:      6.3080961490E-04
RMSE         6.308096149E-04 Hartree

Best found solution for 5 charges:
        RMSE         3.958387106E-01 kcal/mol
         MAE         1.637974496E-01 kcal/mol
     max. AE         2.347080869E+00 kcal/mol

       x[bohr]       y[bohr]       z[bohr]          q[e]
    -0.9485465     0.8140563    -0.2222151     0.9999999
    -1.1429936     1.7875073    -0.2223417    -0.9999994
    -0.8142031    -1.1792923    -0.2114680     0.4799423
    -1.3937308    -0.5581549    -0.1660278    -1.0000000
    -1.5555460     0.7622070    -0.1646834     0.6034845

