Running in fitting mode

Reading "/home/boittier/pydcm/models/fbutadiene-9/ref/B.p.cube"...

  B.pdb Potential
  Electrostatic potential from Total SCF Density
   10   -8.963761   -6.906993   -7.147215
  116    0.166667    0.000000    0.000000
   94    0.000000    0.166667    0.000000
   89    0.000000    0.000000    0.166667
    6    6.000000   -2.451009    2.070219   -0.093423
    6    6.000000   -0.935804    0.091752    0.132037
    6    6.000000    1.735923    0.020368    0.947527
    6    6.000000    3.679089    0.227463   -0.634462
    1    1.000000   -4.413669    1.842751   -0.622655
    1    1.000000   -1.720742    3.950739    0.226720
    9    9.000000   -1.900428   -2.280943   -0.227446
    1    1.000000    2.057303   -0.375645    2.939019
    1    1.000000    3.399753    0.560525   -2.637548
    1    1.000000    5.612014    0.091306    0.031400
 -3.30349E-03 -4.47345E-03 -5.56847E-03 -6.56728E-03 -2.10601E-03 -3.53963E-03
       .            .            .            .            .            .
       .            .            .            .            .            .
       .            .            .            .            .            .
  1.71549E-02  1.69428E-02  1.66482E-02  1.62826E-02  1.58587E-02  1.53898E-02

178096 out of 970456 gridpoints are considered ( 18.4%).

...done!




USING GREEDY MODE
File "multipole3_1charges.xyz" already exists. Fitting procedure is skipped.
File "multipole3_2charges.xyz" already exists. Fitting procedure is skipped.
File "multipole3_3charges.xyz" already exists. Fitting procedure is skipped.
File "multipole3_4charges.xyz" already exists. Fitting procedure is skipped.
File "multipole8_1charges.xyz" already exists. Fitting procedure is skipped.
File "multipole8_2charges.xyz" already exists. Fitting procedure is skipped.
File "multipole8_3charges.xyz" already exists. Fitting procedure is skipped.
File "multipole8_4charges.xyz" already exists. Fitting procedure is skipped.
Fragment fit detected
Fitting to MTP grid, discarding reference MEP cube data
Subsequent stats etc. are compared to MTP data, not the
MEP from the reference cube file
Total fragment charge (a.u.):         7.550031525E-03
Running DE in parallel with 1 thread(s)!

Starting fitting procedure for 4 charges, trial 1
gen      0/8000      elitist  6.1401683E-03 feasible? T
gen    100/8000      elitist  1.1515529E-03 feasible? T
gen    200/8000      elitist  5.9534079E-04 feasible? T
gen    300/8000      elitist  5.0864338E-04 feasible? T
gen    400/8000      elitist  5.0336082E-04 feasible? T
gen    500/8000      elitist  4.9288434E-04 feasible? T
gen    600/8000      elitist  4.7066914E-04 feasible? T
gen    700/8000      elitist  4.6614686E-04 feasible? T
gen    800/8000      elitist  4.6582547E-04 feasible? T
gen    900/8000      elitist  4.6517466E-04 feasible? T
gen   1000/8000      elitist  4.6507736E-04 feasible? T
gen   1100/8000      elitist  4.6506602E-04 feasible? T
gen   1200/8000      elitist  4.6499297E-04 feasible? T
gen   1300/8000      elitist  4.6496012E-04 feasible? T
gen   1400/8000      elitist  4.6495467E-04 feasible? T
gen   1500/8000      elitist  4.6495431E-04 feasible? T
gen   1600/8000      elitist  4.6495425E-04 feasible? T
population converged towards a single solution after 1612 generations.
Starting local simplex optimization:
Solution before refinement:      4.6495424723E-04
 performing expansion, best =    4.6495424652805660E-004
 performing expansion, best =    4.6495424385494303E-004
 performing expansion, best =    4.6495424327688633E-004
 performing expansion, best =    4.6495424230369637E-004
 performing expansion, best =    4.6495424179780526E-004
 performing expansion, best =    4.6495424108986802E-004
 performing expansion, best =    4.6495424108172008E-004
 performing expansion, best =    4.6495424097691437E-004
Exiting simplex optimization after   554 iterations
Solution after  refinement:      4.6495424098E-04
RMSE         4.649542410E-04 Hartree
NEW BEST!

Starting fitting procedure for 4 charges, trial 2
gen      0/8000      elitist  4.2596733E-03 feasible? T
gen    100/8000      elitist  8.7225741E-04 feasible? T
gen    200/8000      elitist  5.8737527E-04 feasible? T
gen    300/8000      elitist  5.4302001E-04 feasible? T
gen    400/8000      elitist  4.8242829E-04 feasible? T
gen    500/8000      elitist  4.7853652E-04 feasible? T
gen    600/8000      elitist  4.7462737E-04 feasible? T
gen    700/8000      elitist  4.7336737E-04 feasible? T
gen    800/8000      elitist  4.6561881E-04 feasible? T
gen    900/8000      elitist  4.6528218E-04 feasible? T
gen   1000/8000      elitist  4.6502270E-04 feasible? T
gen   1100/8000      elitist  4.6497055E-04 feasible? T
gen   1200/8000      elitist  4.6496251E-04 feasible? T
gen   1300/8000      elitist  4.6495619E-04 feasible? T
gen   1400/8000      elitist  4.6495439E-04 feasible? T
gen   1500/8000      elitist  4.6495426E-04 feasible? T
population converged towards a single solution after 1574 generations.
Starting local simplex optimization:
Solution before refinement:      4.6495424261E-04
 performing expansion, best =    4.6495424242215999E-004
 performing expansion, best =    4.6495424166527634E-004
 performing expansion, best =    4.6495424098229082E-004
 performing expansion, best =    4.6495424082515442E-004
 performing expansion, best =    4.6495424029061901E-004
 performing expansion, best =    4.6495424027899235E-004
 performing expansion, best =    4.6495424007306137E-004
 performing expansion, best =    4.6495423987669664E-004
 performing expansion, best =    4.6495423985927329E-004
 performing expansion, best =    4.6495423976356307E-004
 performing expansion, best =    4.6495423974869540E-004
Exiting simplex optimization after   547 iterations
Solution after  refinement:      4.6495423975E-04
RMSE         4.649542397E-04 Hartree
NEW BEST!

Starting fitting procedure for 4 charges, trial 3
gen      0/8000      elitist  3.6257512E-03 feasible? T
gen    100/8000      elitist  1.3926394E-03 feasible? T
gen    200/8000      elitist  6.2984691E-04 feasible? T
gen    300/8000      elitist  5.7264474E-04 feasible? T
gen    400/8000      elitist  5.1304156E-04 feasible? T
gen    500/8000      elitist  4.9962539E-04 feasible? T
gen    600/8000      elitist  4.8501376E-04 feasible? T
gen    700/8000      elitist  4.7594726E-04 feasible? T
gen    800/8000      elitist  4.7494209E-04 feasible? T
gen    900/8000      elitist  4.7028296E-04 feasible? T
gen   1000/8000      elitist  4.6562016E-04 feasible? T
gen   1100/8000      elitist  4.6502275E-04 feasible? T
gen   1200/8000      elitist  4.6496196E-04 feasible? T
gen   1300/8000      elitist  4.6495526E-04 feasible? T
gen   1400/8000      elitist  4.6495432E-04 feasible? T
gen   1500/8000      elitist  4.6495425E-04 feasible? T
population converged towards a single solution after 1530 generations.
Starting local simplex optimization:
Solution before refinement:      4.6495424070E-04
 performing expansion, best =    4.6495424046790737E-004
Exiting simplex optimization after   560 iterations
Solution after  refinement:      4.6495424047E-04
RMSE         4.649542405E-04 Hartree

Starting fitting procedure for 4 charges, trial 4
gen      0/8000      elitist  7.7032237E-03 feasible? T
gen    100/8000      elitist  1.3365376E-03 feasible? T
gen    200/8000      elitist  5.7295784E-04 feasible? T
gen    300/8000      elitist  4.9638627E-04 feasible? T
gen    400/8000      elitist  4.7980014E-04 feasible? T
gen    500/8000      elitist  4.7702486E-04 feasible? T
gen    600/8000      elitist  4.7613220E-04 feasible? T
gen    700/8000      elitist  4.7476795E-04 feasible? T
gen    800/8000      elitist  4.7388743E-04 feasible? T
gen    900/8000      elitist  4.7361060E-04 feasible? T
gen   1000/8000      elitist  4.6946554E-04 feasible? T
gen   1100/8000      elitist  4.6724195E-04 feasible? T
gen   1200/8000      elitist  4.6707927E-04 feasible? T
gen   1300/8000      elitist  4.6522950E-04 feasible? T
gen   1400/8000      elitist  4.6496585E-04 feasible? T
gen   1500/8000      elitist  4.6495468E-04 feasible? T
gen   1600/8000      elitist  4.6495433E-04 feasible? T
gen   1700/8000      elitist  4.6495426E-04 feasible? T
population converged towards a single solution after 1762 generations.
Starting local simplex optimization:
Solution before refinement:      4.6495424487E-04
 performing expansion, best =    4.6495424444954617E-004
 performing expansion, best =    4.6495424416433475E-004
 performing expansion, best =    4.6495424409712528E-004
 performing expansion, best =    4.6495424407264459E-004
Exiting simplex optimization after   522 iterations
Solution after  refinement:      4.6495424407E-04
RMSE         4.649542441E-04 Hartree

Best found solution for 4 charges:
        RMSE         2.917629727E-01 kcal/mol
         MAE         1.875763936E-01 kcal/mol
     max. AE         2.413426166E+00 kcal/mol

       x[bohr]       y[bohr]       z[bohr]          q[e]
     1.5891827     0.0703436     1.0140774    -1.0000000
     2.1719177     0.1212320    -0.0253263    -0.2545074
     0.9899588     0.0796786     0.6010573     0.9948945
     2.3383714    -0.2482528     2.5257568     0.2671629

