Running in fitting mode

Reading "/home/boittier/pydcm/models/fbutadiene-18/ref/B.p.cube"...

  B.pdb Potential
  Electrostatic potential from Total SCF Density
   10  -10.324647   -7.560558   -6.513059
  112    0.166667    0.000000    0.000000
  100    0.000000    0.166667    0.000000
   79    0.000000    0.000000    0.166667
    6    6.000000    1.620043    2.491185   -0.000082
    6    6.000000    0.908110    0.081892   -0.000240
    6    6.000000   -1.616645   -1.047806   -0.000306
    6    6.000000   -3.811895    0.194664    0.000259
    1    1.000000    3.599860    2.995094    0.001207
    1    1.000000    0.226637    3.984252   -0.001820
    9    9.000000    2.743594   -1.735320    0.000204
    1    1.000000   -1.607877   -3.099400   -0.000380
    1    1.000000   -3.921420    2.240822    0.001916
    1    1.000000   -5.587219   -0.822496   -0.000537
  1.61493E-02  1.62216E-02  1.66747E-02  1.83444E-02  1.87965E-02  2.03071E-02
       .            .            .            .            .            .
       .            .            .            .            .            .
       .            .            .            .            .            .
  3.17478E-03  3.48248E-03  3.51730E-03  3.53037E-03  3.52145E-03  3.49070E-03

192550 out of 884800 gridpoints are considered ( 21.8%).

...done!




USING GREEDY MODE
File "multipole5_1charges.xyz" already exists. Fitting procedure is skipped.
File "multipole5_2charges.xyz" already exists. Fitting procedure is skipped.
File "multipole5_3charges.xyz" already exists. Fitting procedure is skipped.
File "multipole5_4charges.xyz" already exists. Fitting procedure is skipped.
File "multipole1_1charges.xyz" already exists. Fitting procedure is skipped.
File "multipole1_2charges.xyz" already exists. Fitting procedure is skipped.
File "multipole1_3charges.xyz" already exists. Fitting procedure is skipped.
File "multipole1_4charges.xyz" already exists. Fitting procedure is skipped.
File "multipole6_1charges.xyz" already exists. Fitting procedure is skipped.
File "multipole6_2charges.xyz" already exists. Fitting procedure is skipped.
File "multipole6_3charges.xyz" already exists. Fitting procedure is skipped.
File "multipole6_4charges.xyz" already exists. Fitting procedure is skipped.
Fragment fit detected
Fitting to MTP grid, discarding reference MEP cube data
Subsequent stats etc. are compared to MTP data, not the
MEP from the reference cube file
Total fragment charge (a.u.):        -4.661762149E-02
Running DE in parallel with 1 thread(s)!

Starting fitting procedure for 3 charges, trial 1
gen      0/6000      elitist  3.4000886E-03 feasible? T
gen    100/6000      elitist  9.2579053E-04 feasible? T
gen    200/6000      elitist  8.2719822E-04 feasible? T
gen    300/6000      elitist  8.2168622E-04 feasible? T
gen    400/6000      elitist  8.2053705E-04 feasible? T
gen    500/6000      elitist  8.2042234E-04 feasible? T
gen    600/6000      elitist  8.2042182E-04 feasible? T
population converged towards a single solution after 642 generations.
Starting local simplex optimization:
Solution before refinement:      8.2042181275E-04
Exiting simplex optimization after   265 iterations
Solution after  refinement:      8.2042181275E-04
RMSE         8.204218127E-04 Hartree
NEW BEST!

Starting fitting procedure for 3 charges, trial 2
gen      0/6000      elitist  3.5190572E-03 feasible? T
gen    100/6000      elitist  1.2855216E-03 feasible? T
gen    200/6000      elitist  8.2399025E-04 feasible? T
gen    300/6000      elitist  8.2084780E-04 feasible? T
gen    400/6000      elitist  8.2046992E-04 feasible? T
gen    500/6000      elitist  8.2042288E-04 feasible? T
gen    600/6000      elitist  8.2042181E-04 feasible? T
population converged towards a single solution after 620 generations.
Starting local simplex optimization:
Solution before refinement:      8.2042181282E-04
Exiting simplex optimization after   282 iterations
Solution after  refinement:      8.2042181282E-04
RMSE         8.204218128E-04 Hartree

Starting fitting procedure for 3 charges, trial 3
gen      0/6000      elitist  3.8551654E-03 feasible? T
gen    100/6000      elitist  9.8379755E-04 feasible? T
gen    200/6000      elitist  8.3540565E-04 feasible? T
gen    300/6000      elitist  8.2070060E-04 feasible? T
gen    400/6000      elitist  8.2062764E-04 feasible? T
gen    500/6000      elitist  8.2043337E-04 feasible? T
gen    600/6000      elitist  8.2042189E-04 feasible? T
population converged towards a single solution after 696 generations.
Starting local simplex optimization:
Solution before refinement:      8.2042181521E-04
Exiting simplex optimization after   256 iterations
Solution after  refinement:      8.2042181369E-04
RMSE         8.204218137E-04 Hartree

Starting fitting procedure for 3 charges, trial 4
gen      0/6000      elitist  3.2272333E-03 feasible? T
gen    100/6000      elitist  9.5628177E-04 feasible? T
gen    200/6000      elitist  8.3085755E-04 feasible? T
gen    300/6000      elitist  8.2142478E-04 feasible? T
gen    400/6000      elitist  8.2058550E-04 feasible? T
gen    500/6000      elitist  8.2043509E-04 feasible? T
gen    600/6000      elitist  8.2042189E-04 feasible? T
population converged towards a single solution after 688 generations.
Starting local simplex optimization:
Solution before refinement:      8.2042181363E-04
Exiting simplex optimization after   287 iterations
Solution after  refinement:      8.2042181363E-04
RMSE         8.204218136E-04 Hartree

Best found solution for 3 charges:
        RMSE         5.148220718E-01 kcal/mol
         MAE         3.695684161E-01 kcal/mol
     max. AE         3.651117562E+00 kcal/mol

       x[bohr]       y[bohr]       z[bohr]          q[e]
     3.1834692     3.0179334    -0.1041548     0.3684634
     1.5934349     3.0111507    -0.1529372    -0.9431435
     0.7204508     3.6743908    -0.1172402     0.5280624

