Running in fitting mode

Reading "/home/boittier/pydcm/models/water_2_2_2/ref/2_2_2_new.com.chk.p.cube"...

  mol.pdb Potential
  Electrostatic potential from Total SCF Density
    3   -4.970736   -4.970736   -4.749478
   80    0.125841    0.000000    0.000000
   80    0.000000    0.125841    0.000000
   80    0.000000    0.000000    0.125841
    8    8.000000    0.000000    0.000000    0.221258
    1    1.000000    0.000000    1.442786   -0.885031
    1    1.000000    0.000000   -1.442786   -0.885031
 -2.60514E-03 -3.33696E-03 -4.07404E-03 -2.21661E-03 -2.96004E-03 -3.71196E-03
       .            .            .            .            .            .
       .            .            .            .            .            .
       .            .            .            .            .            .
 -5.12092E-03 -5.94915E-03 -6.77596E-03 -4.59095E-03 -5.43197E-03 -6.27556E-03

137917 out of 512000 gridpoints are considered ( 26.9%).

...done!




USING GREEDY MODE
File "multipole3_1charges.xyz" already exists. Fitting procedure is skipped.
File "multipole3_2charges.xyz" already exists. Fitting procedure is skipped.
File "multipole3_3charges.xyz" already exists. Fitting procedure is skipped.
File "multipole3_4charges.xyz" already exists. Fitting procedure is skipped.
Fragment fit detected
Fitting to MTP grid, discarding reference MEP cube data
Subsequent stats etc. are compared to MTP data, not the
MEP from the reference cube file
Total fragment charge (a.u.):         2.164968172E-01
