Running in fitting mode

Reading "/home/boittier/pydcm/models/fbutadiene-0/ref/B.p.cube"...

  B.pdb Potential
  Electrostatic potential from Total SCF Density
   10  -10.199900   -7.816226   -6.512944
  101    0.198782    0.000000    0.000000
   76    0.000000    0.198782    0.000000
   67    0.000000    0.000000    0.198782
    6    6.000000    3.226547   -1.246303    0.000176
    6    6.000000    0.984868   -0.101378    0.000081
    6    6.000000   -1.486643   -1.303474   -0.000192
    6    6.000000   -3.687148   -0.065831    0.000212
    1    1.000000    4.964658   -0.172077    0.000364
    1    1.000000    3.325524   -3.286591   -0.000146
    9    9.000000    0.906338    2.468472   -0.000183
    1    1.000000   -1.443026   -3.354081   -0.000742
    1    1.000000   -3.765969    1.979293    0.000539
    1    1.000000   -5.463972   -1.080873   -0.000037
  7.10735E-03  7.21198E-03  7.28603E-03  7.32789E-03  7.33665E-03  7.31211E-03
       .            .            .            .            .            .
       .            .            .            .            .            .
       .            .            .            .            .            .
 -1.17171E-02 -1.19371E-02 -1.21871E-02 -1.25130E-02 -1.36017E-02 -1.33408E-02

120539 out of 514292 gridpoints are considered ( 23.4%).

...done!




USING GREEDY MODE
File "multipole9_1charges.xyz" already exists. Fitting procedure is skipped.
File "multipole9_2charges.xyz" already exists. Fitting procedure is skipped.
File "multipole9_3charges.xyz" already exists. Fitting procedure is skipped.
File "multipole9_4charges.xyz" already exists. Fitting procedure is skipped.
File "multipole10_1charges.xyz" already exists. Fitting procedure is skipped.
File "multipole10_2charges.xyz" already exists. Fitting procedure is skipped.
File "multipole10_3charges.xyz" already exists. Fitting procedure is skipped.
File "multipole10_4charges.xyz" already exists. Fitting procedure is skipped.
File "multipole4_1charges.xyz" already exists. Fitting procedure is skipped.
File "multipole4_2charges.xyz" already exists. Fitting procedure is skipped.
File "multipole4_3charges.xyz" already exists. Fitting procedure is skipped.
File "multipole4_4charges.xyz" already exists. Fitting procedure is skipped.
Fragment fit detected
Fitting to MTP grid, discarding reference MEP cube data
Subsequent stats etc. are compared to MTP data, not the
MEP from the reference cube file
Total fragment charge (a.u.):         1.496913783E-03
Running DE in parallel with 1 thread(s)!

Starting fitting procedure for 3 charges, trial 1
gen      0/6000      elitist  3.4875865E-03 feasible? T
gen    100/6000      elitist  1.0627260E-03 feasible? T
gen    200/6000      elitist  6.6901507E-04 feasible? T
gen    300/6000      elitist  6.2896344E-04 feasible? T
gen    400/6000      elitist  6.2816970E-04 feasible? T
gen    500/6000      elitist  6.2812129E-04 feasible? T
gen    600/6000      elitist  6.2812002E-04 feasible? T
gen    700/6000      elitist  6.2811989E-04 feasible? T
population converged towards a single solution after 709 generations.
Starting local simplex optimization:
Solution before refinement:      6.2811989379E-04
 performing expansion, best =    6.2811989291983454E-004
 performing expansion, best =    6.2811989287477976E-004
 performing expansion, best =    6.2811989253400407E-004
Exiting simplex optimization after   358 iterations
Solution after  refinement:      6.2811989253E-04
RMSE         6.281198925E-04 Hartree
NEW BEST!

Starting fitting procedure for 3 charges, trial 2
gen      0/6000      elitist  3.9246608E-03 feasible? T
gen    100/6000      elitist  9.0441892E-04 feasible? T
gen    200/6000      elitist  6.4780447E-04 feasible? T
gen    300/6000      elitist  6.3351512E-04 feasible? T
gen    400/6000      elitist  6.2953332E-04 feasible? T
gen    500/6000      elitist  6.2819078E-04 feasible? T
gen    600/6000      elitist  6.2812009E-04 feasible? T
gen    700/6000      elitist  6.2811990E-04 feasible? T
population converged towards a single solution after 763 generations.
Starting local simplex optimization:
Solution before refinement:      6.2811988834E-04
Exiting simplex optimization after   337 iterations
Solution after  refinement:      6.2811988834E-04
RMSE         6.281198883E-04 Hartree
NEW BEST!

Starting fitting procedure for 3 charges, trial 3
gen      0/6000      elitist  3.7628051E-03 feasible? T
gen    100/6000      elitist  1.1071416E-03 feasible? T
gen    200/6000      elitist  6.8714002E-04 feasible? T
gen    300/6000      elitist  6.4251152E-04 feasible? T
gen    400/6000      elitist  6.3172126E-04 feasible? T
gen    500/6000      elitist  6.2887671E-04 feasible? T
gen    600/6000      elitist  6.2817727E-04 feasible? T
gen    700/6000      elitist  6.2812062E-04 feasible? T
gen    800/6000      elitist  6.2811991E-04 feasible? T
population converged towards a single solution after 868 generations.
Starting local simplex optimization:
Solution before refinement:      6.2811988978E-04
 performing expansion, best =    6.2811988962552560E-004
 performing expansion, best =    6.2811988887322850E-004
 performing expansion, best =    6.2811988868404921E-004
Exiting simplex optimization after   351 iterations
Solution after  refinement:      6.2811988868E-04
RMSE         6.281198887E-04 Hartree

Starting fitting procedure for 3 charges, trial 4
gen      0/6000      elitist  4.6323927E-03 feasible? T
gen    100/6000      elitist  6.7816272E-04 feasible? T
gen    200/6000      elitist  6.3232335E-04 feasible? T
gen    300/6000      elitist  6.3000714E-04 feasible? T
gen    400/6000      elitist  6.2828335E-04 feasible? T
gen    500/6000      elitist  6.2812764E-04 feasible? T
gen    600/6000      elitist  6.2811998E-04 feasible? T
population converged towards a single solution after 698 generations.
Starting local simplex optimization:
Solution before refinement:      6.2811989157E-04
 performing expansion, best =    6.2811989110260859E-004
 performing expansion, best =    6.2811989061586058E-004
 performing expansion, best =    6.2811989032416889E-004
Exiting simplex optimization after   340 iterations
Solution after  refinement:      6.2811989032E-04
RMSE         6.281198903E-04 Hartree

Best found solution for 3 charges:
        RMSE         3.941508843E-01 kcal/mol
         MAE         2.630885387E-01 kcal/mol
     max. AE         3.739645416E+00 kcal/mol

       x[bohr]       y[bohr]       z[bohr]          q[e]
    -3.4793215     1.7356601    -0.0100625     0.2636823
    -4.8284822    -0.7080865     0.0278896     0.7378146
    -4.2378498    -0.3705074     0.0376307    -1.0000000

