Running in fitting mode

Reading "/home/boittier/pydcm/models/amide1_repeat/ref/1_1_new-0.chk.p.cube"...

  mol.pdb Potential
  Electrostatic potential from Total SCF Density
   12   -9.955504   -7.513236   -6.512752
  102    0.200250    0.000000    0.000000
   76    0.000000    0.200250    0.000000
   66    0.000000    0.000000    0.200250
    6    6.000000   -0.908958    0.280655    0.000342
    6    6.000000   -3.442752   -1.000483    0.000000
    7    7.000000    1.150813   -1.227893   -0.000144
    6    6.000000    3.690134   -0.187521    0.000125
    8    8.000000   -0.720887    2.593738   -0.000240
    1    1.000000   -4.491836   -0.395695   -1.641581
    1    1.000000   -3.314583   -3.036319   -0.007599
    1    1.000000   -4.486047   -0.407878    1.649807
    1    1.000000    0.935915   -3.080856   -0.001480
    1    1.000000    5.027170   -1.725800    0.005467
    1    1.000000    4.007247    0.964119   -1.652858
    1    1.000000    4.002990    0.971880    1.648374
Running in fitting mode

Reading "/home/boittier/pydcm/models/amide1_repeat/ref/1_1_new-0.chk.p.cube"...

  mol.pdb Potential
  Electrostatic potential from Total SCF Density
   12   -9.955504   -7.513236   -6.512752
  102    0.200250    0.000000    0.000000
   76    0.000000    0.200250    0.000000
   66    0.000000    0.000000    0.200250
    6    6.000000   -0.908958    0.280655    0.000342
    6    6.000000   -3.442752   -1.000483    0.000000
    7    7.000000    1.150813   -1.227893   -0.000144
    6    6.000000    3.690134   -0.187521    0.000125
    8    8.000000   -0.720887    2.593738   -0.000240
    1    1.000000   -4.491836   -0.395695   -1.641581
    1    1.000000   -3.314583   -3.036319   -0.007599
    1    1.000000   -4.486047   -0.407878    1.649807
    1    1.000000    0.935915   -3.080856   -0.001480
    1    1.000000    5.027170   -1.725800    0.005467
    1    1.000000    4.007247    0.964119   -1.652858
    1    1.000000    4.002990    0.971880    1.648374
  4.12509E-03  3.97256E-03  3.96784E-03  3.95440E-03  3.93422E-03  3.90951E-03
       .            .            .            .            .            .
       .            .            .            .            .            .
       .            .            .            .            .            .
  8.47906E-03  8.52647E-03  8.55096E-03  8.55200E-03  8.52956E-03  8.48412E-03

106371 out of 511632 gridpoints are considered ( 20.8%).

...done!




USING GREEDY MODE
  4.12509E-03  3.97256E-03  3.96784E-03  3.95440E-03  3.93422E-03  3.90951E-03
       .            .            .            .            .            .
       .            .            .            .            .            .
       .            .            .            .            .            .
  8.47906E-03  8.52647E-03  8.55096E-03  8.55200E-03  8.52956E-03  8.48412E-03

106371 out of 511632 gridpoints are considered ( 20.8%).

...done!




USING GREEDY MODE
File "multipole10_1charges.xyz" already exists. Fitting procedure is skipped.
File "multipole10_2charges.xyz" already exists. Fitting procedure is skipped.
File "multipole10_3charges.xyz" already exists. Fitting procedure is skipped.
File "multipole10_4charges.xyz" already exists. Fitting procedure is skipped.
File "multipole10_1charges.xyz" already exists. Fitting procedure is skipped.
File "multipole10_2charges.xyz" already exists. Fitting procedure is skipped.
File "multipole10_3charges.xyz" already exists. Fitting procedure is skipped.
File "multipole10_4charges.xyz" already exists. Fitting procedure is skipped.
File "multipole6_1charges.xyz" already exists. Fitting procedure is skipped.
File "multipole6_2charges.xyz" already exists. Fitting procedure is skipped.
File "multipole6_3charges.xyz" already exists. Fitting procedure is skipped.
File "multipole6_4charges.xyz" already exists. Fitting procedure is skipped.
File "multipole6_1charges.xyz" already exists. Fitting procedure is skipped.
File "multipole6_2charges.xyz" already exists. Fitting procedure is skipped.
File "multipole6_3charges.xyz" already exists. Fitting procedure is skipped.
File "multipole6_4charges.xyz" already exists. Fitting procedure is skipped.
File "multipole12_1charges.xyz" already exists. Fitting procedure is skipped.
File "multipole12_2charges.xyz" already exists. Fitting procedure is skipped.
File "multipole12_3charges.xyz" already exists. Fitting procedure is skipped.
File "multipole12_4charges.xyz" already exists. Fitting procedure is skipped.
File "multipole12_1charges.xyz" already exists. Fitting procedure is skipped.
File "multipole12_2charges.xyz" already exists. Fitting procedure is skipped.
File "multipole12_3charges.xyz" already exists. Fitting procedure is skipped.
File "multipole12_4charges.xyz" already exists. Fitting procedure is skipped.
File "multipole7_1charges.xyz" already exists. Fitting procedure is skipped.
File "multipole7_2charges.xyz" already exists. Fitting procedure is skipped.
File "multipole7_3charges.xyz" already exists. Fitting procedure is skipped.
File "multipole7_4charges.xyz" already exists. Fitting procedure is skipped.
Fragment fit detected
Fitting to MTP grid, discarding reference MEP cube data
Subsequent stats etc. are compared to MTP data, not the
MEP from the reference cube file
File "multipole7_1charges.xyz" already exists. Fitting procedure is skipped.
File "multipole7_2charges.xyz" already exists. Fitting procedure is skipped.
File "multipole7_3charges.xyz" already exists. Fitting procedure is skipped.
File "multipole7_4charges.xyz" already exists. Fitting procedure is skipped.
Fragment fit detected
Fitting to MTP grid, discarding reference MEP cube data
Subsequent stats etc. are compared to MTP data, not the
MEP from the reference cube file
Total fragment charge (a.u.):        -1.757603092E-01
Running DE in parallel with 2 thread(s)!

Starting fitting procedure for 9 charges, trial 1
Total fragment charge (a.u.):        -1.757603092E-01
Running DE in parallel with 2 thread(s)!

Starting fitting procedure for 9 charges, trial 1
gen      0/18000      elitist  1.8602508E-03 feasible? F
gen      0/18000      elitist  4.2897410E-03 feasible? F
gen    100/18000      elitist  8.4443445E-03 feasible? T
gen    100/18000      elitist  8.8830499E-03 feasible? T
gen    200/18000      elitist  4.9199279E-03 feasible? T
gen    200/18000      elitist  3.6093856E-03 feasible? T
gen    300/18000      elitist  1.3313996E-03 feasible? T
gen    300/18000      elitist  2.3568496E-03 feasible? T
gen    400/18000      elitist  1.0133892E-03 feasible? T
gen    400/18000      elitist  7.7335282E-04 feasible? T
gen    500/18000      elitist  9.7039434E-04 feasible? T
gen    500/18000      elitist  6.2403536E-04 feasible? T
gen    600/18000      elitist  9.3888424E-04 feasible? T
gen    600/18000      elitist  5.6764911E-04 feasible? T
gen    700/18000      elitist  9.1655500E-04 feasible? T
gen    700/18000      elitist  5.5453731E-04 feasible? T
gen    800/18000      elitist  9.1103327E-04 feasible? T
gen    800/18000      elitist  5.5444273E-04 feasible? T
gen    900/18000      elitist  9.0797978E-04 feasible? T
gen    900/18000      elitist  5.5441570E-04 feasible? T
gen   1000/18000      elitist  9.0675043E-04 feasible? T
gen   1000/18000      elitist  5.5394348E-04 feasible? T
gen   1100/18000      elitist  9.0401857E-04 feasible? T
gen   1100/18000      elitist  5.5311798E-04 feasible? T
gen   1200/18000      elitist  9.0299566E-04 feasible? T
gen   1200/18000      elitist  5.5311798E-04 feasible? T
gen   1300/18000      elitist  9.0281833E-04 feasible? T
gen   1300/18000      elitist  5.5074366E-04 feasible? T
gen   1400/18000      elitist  9.0161176E-04 feasible? T
gen   1400/18000      elitist  5.4965631E-04 feasible? T
gen   1500/18000      elitist  9.0032734E-04 feasible? T
gen   1500/18000      elitist  5.4906612E-04 feasible? T
gen   1600/18000      elitist  8.8602336E-04 feasible? T
gen   1600/18000      elitist  5.4767335E-04 feasible? T
