Running in fitting mode

Reading "/home/boittier/pydcm/models/co2/ref/co2.chk.p.cube"...

  amide1.pdb Potential
  Electrostatic potential from Total SCF Density
    3   -6.512752   -6.512752   -7.164323
   78    0.170204    0.000000    0.000000
   78    0.000000    0.170204    0.000000
   85    0.000000    0.000000    0.170204
    6    6.000000    0.000000    0.000000   -0.000001
    8    8.000000    0.000000    0.000000    2.193588
    8    8.000000    0.000000    0.000000   -2.193587
Running in fitting mode

Reading "/home/boittier/pydcm/models/co2/ref/co2.chk.p.cube"...

  amide1.pdb Potential
  Electrostatic potential from Total SCF Density
    3   -6.512752   -6.512752   -7.164323
   78    0.170204    0.000000    0.000000
   78    0.000000    0.170204    0.000000
   85    0.000000    0.000000    0.170204
    6    6.000000    0.000000    0.000000   -0.000001
    8    8.000000    0.000000    0.000000    2.193588
    8    8.000000    0.000000    0.000000   -2.193587
Running in fitting mode

Reading "/home/boittier/pydcm/models/co2/ref/co2.chk.p.cube"...

  amide1.pdb Potential
  Electrostatic potential from Total SCF Density
    3   -6.512752   -6.512752   -7.164323
   78    0.170204    0.000000    0.000000
   78    0.000000    0.170204    0.000000
   85    0.000000    0.000000    0.170204
    6    6.000000    0.000000    0.000000   -0.000001
    8    8.000000    0.000000    0.000000    2.193588
    8    8.000000    0.000000    0.000000   -2.193587
Running in fitting mode

Reading "/home/boittier/pydcm/models/co2/ref/co2.chk.p.cube"...

  amide1.pdb Potential
  Electrostatic potential from Total SCF Density
    3   -6.512752   -6.512752   -7.164323
   78    0.170204    0.000000    0.000000
   78    0.000000    0.170204    0.000000
   85    0.000000    0.000000    0.170204
    6    6.000000    0.000000    0.000000   -0.000001
    8    8.000000    0.000000    0.000000    2.193588
    8    8.000000    0.000000    0.000000   -2.193587
  4.76531E-03  4.87584E-03  4.96386E-03  5.02825E-03  5.06816E-03  5.08308E-03
       .            .            .            .            .            .
       .            .            .            .            .            .
       .            .            .            .            .            .
  4.69027E-03  4.94112E-03  4.97991E-03  4.99441E-03  4.98443E-03  4.95010E-03

265663 out of 517140 gridpoints are considered ( 51.4%).

...done!




USING GREEDY MODE
  4.76531E-03  4.87584E-03  4.96386E-03  5.02825E-03  5.06816E-03  5.08308E-03
       .            .            .            .            .            .
       .            .            .            .            .            .
       .            .            .            .            .            .
  4.69027E-03  4.94112E-03  4.97991E-03  4.99441E-03  4.98443E-03  4.95010E-03

265663 out of 517140 gridpoints are considered ( 51.4%).

...done!




USING GREEDY MODE
  4.76531E-03  4.87584E-03  4.96386E-03  5.02825E-03  5.06816E-03  5.08308E-03
       .            .            .            .            .            .
       .            .            .            .            .            .
       .            .            .            .            .            .
  4.69027E-03  4.94112E-03  4.97991E-03  4.99441E-03  4.98443E-03  4.95010E-03

265663 out of 517140 gridpoints are considered ( 51.4%).

...done!

  4.76531E-03  4.87584E-03  4.96386E-03  5.02825E-03  5.06816E-03  5.08308E-03
       .            .            .            .            .            .
       .            .            .            .            .            .
       .            .            .            .            .            .
  4.69027E-03  4.94112E-03  4.97991E-03  4.99441E-03  4.98443E-03  4.95010E-03

265663 out of 517140 gridpoints are considered ( 51.4%).

...done!




USING GREEDY MODE



USING GREEDY MODE
File "multipole1_1charges.xyz" already exists. Fitting procedure is skipped.
File "multipole1_2charges.xyz" already exists. Fitting procedure is skipped.
File "multipole1_1charges.xyz" already exists. Fitting procedure is skipped.
File "multipole1_2charges.xyz" already exists. Fitting procedure is skipped.
File "multipole1_1charges.xyz" already exists. Fitting procedure is skipped.
File "multipole1_2charges.xyz" already exists. Fitting procedure is skipped.
File "multipole1_1charges.xyz" already exists. Fitting procedure is skipped.
File "multipole1_2charges.xyz" already exists. Fitting procedure is skipped.
File "multipole2_1charges.xyz" already exists. Fitting procedure is skipped.
File "multipole2_1charges.xyz" already exists. Fitting procedure is skipped.
File "multipole2_2charges.xyz" already exists. Fitting procedure is skipped.
File "multipole2_2charges.xyz" already exists. Fitting procedure is skipped.
File "multipole2_1charges.xyz" already exists. Fitting procedure is skipped.
File "multipole2_2charges.xyz" already exists. Fitting procedure is skipped.
File "multipole2_1charges.xyz" already exists. Fitting procedure is skipped.
File "multipole2_2charges.xyz" already exists. Fitting procedure is skipped.
File "multipole3_1charges.xyz" already exists. Fitting procedure is skipped.
File "multipole3_1charges.xyz" already exists. Fitting procedure is skipped.
File "multipole3_2charges.xyz" already exists. Fitting procedure is skipped.
File "multipole3_2charges.xyz" already exists. Fitting procedure is skipped.
File "multipole3_1charges.xyz" already exists. Fitting procedure is skipped.
Total fragment charge (a.u.):        -5.551115123E-17
Running DE in parallel with 20 thread(s)!

Starting fitting procedure for 6 charges, trial 1
File "multipole3_2charges.xyz" already exists. Fitting procedure is skipped.
Total fragment charge (a.u.):        -5.551115123E-17
Running DE in parallel with 20 thread(s)!

Starting fitting procedure for 6 charges, trial 1
Total fragment charge (a.u.):        -5.551115123E-17
Running DE in parallel with 20 thread(s)!

Starting fitting procedure for 6 charges, trial 1
File "multipole3_1charges.xyz" already exists. Fitting procedure is skipped.
File "multipole3_2charges.xyz" already exists. Fitting procedure is skipped.
Total fragment charge (a.u.):        -5.551115123E-17
Running DE in parallel with 20 thread(s)!

Starting fitting procedure for 6 charges, trial 1
gen      0/12000      elitist  7.0181931E-03 feasible? T
gen      0/12000      elitist  9.5503381E-04 feasible? T
gen      0/12000      elitist  1.9220098E-03 feasible? T
gen      0/12000      elitist  1.8795042E-03 feasible? T
gen    100/12000      elitist  4.5679362E-04 feasible? T
gen    100/12000      elitist  6.8033109E-04 feasible? T
gen    100/12000      elitist  6.9638930E-04 feasible? T
gen    100/12000      elitist  8.7423289E-04 feasible? T
gen    200/12000      elitist  3.9269528E-04 feasible? T
gen    200/12000      elitist  4.3199631E-04 feasible? T
gen    200/12000      elitist  3.8901569E-04 feasible? T
gen    200/12000      elitist  4.6967324E-04 feasible? T
gen    300/12000      elitist  3.7981687E-04 feasible? T
gen    300/12000      elitist  3.7440066E-04 feasible? T
gen    300/12000      elitist  4.0306884E-04 feasible? T
gen    300/12000      elitist  3.7872216E-04 feasible? T
gen    400/12000      elitist  3.7523152E-04 feasible? T
gen    400/12000      elitist  3.7511046E-04 feasible? T
gen    400/12000      elitist  3.7262803E-04 feasible? T
gen    400/12000      elitist  3.7765679E-04 feasible? T
gen    500/12000      elitist  3.7448193E-04 feasible? T
gen    500/12000      elitist  3.7335859E-04 feasible? T
gen    500/12000      elitist  3.7215121E-04 feasible? T
gen    500/12000      elitist  3.7363833E-04 feasible? T
gen    600/12000      elitist  3.7441526E-04 feasible? T
gen    600/12000      elitist  3.7269743E-04 feasible? T
gen    600/12000      elitist  3.7169899E-04 feasible? T
gen    600/12000      elitist  3.7021629E-04 feasible? T
gen    700/12000      elitist  3.7431659E-04 feasible? T
gen    700/12000      elitist  3.7249822E-04 feasible? T
gen    700/12000      elitist  3.7150991E-04 feasible? T
gen    700/12000      elitist  3.6875629E-04 feasible? T
gen    800/12000      elitist  3.7386125E-04 feasible? T
gen    800/12000      elitist  3.7207050E-04 feasible? T
gen    800/12000      elitist  3.7139837E-04 feasible? T
gen    800/12000      elitist  3.6600039E-04 feasible? T
gen    900/12000      elitist  3.7242890E-04 feasible? T
gen    900/12000      elitist  3.6357778E-04 feasible? T
gen    900/12000      elitist  3.7193577E-04 feasible? T
gen    900/12000      elitist  3.7132571E-04 feasible? T
gen   1000/12000      elitist  3.7099727E-04 feasible? T
gen   1000/12000      elitist  3.6215141E-04 feasible? T
gen   1000/12000      elitist  3.7184546E-04 feasible? T
gen   1000/12000      elitist  3.7101557E-04 feasible? T
gen   1100/12000      elitist  3.7064234E-04 feasible? T
gen   1100/12000      elitist  3.6095307E-04 feasible? T
gen   1100/12000      elitist  3.7158717E-04 feasible? T
gen   1100/12000      elitist  3.7086202E-04 feasible? T
gen   1200/12000      elitist  3.7049765E-04 feasible? T
gen   1200/12000      elitist  3.7084467E-04 feasible? T
gen   1200/12000      elitist  3.5964492E-04 feasible? T
gen   1200/12000      elitist  3.7140310E-04 feasible? T
gen   1300/12000      elitist  3.7037684E-04 feasible? T
gen   1300/12000      elitist  3.5943495E-04 feasible? T
gen   1300/12000      elitist  3.7082848E-04 feasible? T
gen   1300/12000      elitist  3.7117232E-04 feasible? T
gen   1400/12000      elitist  3.7004687E-04 feasible? T
gen   1400/12000      elitist  3.5928676E-04 feasible? T
gen   1400/12000      elitist  3.7046740E-04 feasible? T
gen   1400/12000      elitist  3.7108522E-04 feasible? T
gen   1500/12000      elitist  3.6987078E-04 feasible? T
gen   1500/12000      elitist  3.5926561E-04 feasible? T
gen   1500/12000      elitist  3.7105254E-04 feasible? T
gen   1500/12000      elitist  3.7036765E-04 feasible? T
gen   1600/12000      elitist  3.6983580E-04 feasible? T
gen   1600/12000      elitist  3.5925773E-04 feasible? T
gen   1600/12000      elitist  3.7103227E-04 feasible? T
gen   1600/12000      elitist  3.7020091E-04 feasible? T
gen   1700/12000      elitist  3.6982943E-04 feasible? T
gen   1700/12000      elitist  3.5925542E-04 feasible? T
gen   1700/12000      elitist  3.7101831E-04 feasible? T
gen   1700/12000      elitist  3.7010490E-04 feasible? T
gen   1800/12000      elitist  3.6980295E-04 feasible? T
gen   1800/12000      elitist  3.5923510E-04 feasible? T
gen   1800/12000      elitist  3.7101442E-04 feasible? T
gen   1800/12000      elitist  3.7008396E-04 feasible? T
gen   1900/12000      elitist  3.6965747E-04 feasible? T
gen   1900/12000      elitist  3.5920736E-04 feasible? T
gen   1900/12000      elitist  3.7007512E-04 feasible? T
gen   1900/12000      elitist  3.7101348E-04 feasible? T
gen   2000/12000      elitist  3.6962723E-04 feasible? T
gen   2000/12000      elitist  3.5920166E-04 feasible? T
gen   2000/12000      elitist  3.7000970E-04 feasible? T
gen   2000/12000      elitist  3.7097793E-04 feasible? T
gen   2100/12000      elitist  3.6962263E-04 feasible? T
gen   2100/12000      elitist  3.5919924E-04 feasible? T
gen   2100/12000      elitist  3.6993504E-04 feasible? T
gen   2100/12000      elitist  3.7094668E-04 feasible? T
gen   2200/12000      elitist  3.6957806E-04 feasible? T
gen   2200/12000      elitist  3.5913160E-04 feasible? T
gen   2200/12000      elitist  3.6963700E-04 feasible? T
gen   2200/12000      elitist  3.7094000E-04 feasible? T
gen   2300/12000      elitist  3.6942654E-04 feasible? T
gen   2300/12000      elitist  3.5784679E-04 feasible? T
gen   2300/12000      elitist  3.6944655E-04 feasible? T
gen   2300/12000      elitist  3.7093626E-04 feasible? T
gen   2400/12000      elitist  3.6936327E-04 feasible? T
gen   2400/12000      elitist  3.5740208E-04 feasible? T
gen   2400/12000      elitist  3.6933106E-04 feasible? T
gen   2400/12000      elitist  3.7091342E-04 feasible? T
gen   2500/12000      elitist  3.6934588E-04 feasible? T
gen   2500/12000      elitist  3.5733366E-04 feasible? T
gen   2500/12000      elitist  3.6932601E-04 feasible? T
gen   2500/12000      elitist  3.7089495E-04 feasible? T
gen   2600/12000      elitist  3.6933187E-04 feasible? T
gen   2600/12000      elitist  3.5731295E-04 feasible? T
gen   2600/12000      elitist  3.6932361E-04 feasible? T
gen   2600/12000      elitist  3.7087686E-04 feasible? T
gen   2700/12000      elitist  3.6932548E-04 feasible? T
gen   2700/12000      elitist  3.5729591E-04 feasible? T
gen   2700/12000      elitist  3.6932062E-04 feasible? T
gen   2700/12000      elitist  3.7087022E-04 feasible? T
gen   2800/12000      elitist  3.6932477E-04 feasible? T
gen   2800/12000      elitist  3.6931869E-04 feasible? T
gen   2800/12000      elitist  3.5728444E-04 feasible? T
gen   2800/12000      elitist  3.7085197E-04 feasible? T
gen   2900/12000      elitist  3.6932464E-04 feasible? T
gen   2900/12000      elitist  3.6931825E-04 feasible? T
gen   2900/12000      elitist  3.5727538E-04 feasible? T
gen   2900/12000      elitist  3.7084488E-04 feasible? T
gen   3000/12000      elitist  3.6932457E-04 feasible? T
gen   3000/12000      elitist  3.6931816E-04 feasible? T
gen   3000/12000      elitist  3.5727141E-04 feasible? T
gen   3000/12000      elitist  3.7083286E-04 feasible? T
gen   3100/12000      elitist  3.6932447E-04 feasible? T
gen   3100/12000      elitist  3.6931815E-04 feasible? T
gen   3100/12000      elitist  3.7082772E-04 feasible? T
gen   3100/12000      elitist  3.5726653E-04 feasible? T
gen   3200/12000      elitist  3.6932444E-04 feasible? T
population converged towards a single solution after 3172 generations.
Starting local simplex optimization:
Solution before refinement:      3.6931814087E-04
gen   3200/12000      elitist  3.7081910E-04 feasible? T
gen   3200/12000      elitist  3.5726500E-04 feasible? T
 performing expansion, best =    3.6931813919732575E-004
 performing expansion, best =    3.6931813874222706E-004
 performing expansion, best =    3.6931813847219334E-004
 performing expansion, best =    3.6931813789169583E-004
 performing expansion, best =    3.6931813741825965E-004
 performing expansion, best =    3.6931813686450789E-004
 performing expansion, best =    3.6931813680921618E-004
 performing expansion, best =    3.6931813673188432E-004
 performing expansion, best =    3.6931813660361768E-004
 performing expansion, best =    3.6931813659302177E-004
 performing expansion, best =    3.6931813656272889E-004
Exiting simplex optimization after   789 iterations
Solution after  refinement:      3.6931813656E-04
RMSE         3.693181366E-04 Hartree
NEW BEST!

Best found solution for 6 charges:
        RMSE         2.317504546E-01 kcal/mol
         MAE         1.106518536E-01 kcal/mol
     max. AE         1.691052847E+00 kcal/mol

       x[bohr]       y[bohr]       z[bohr]          q[e]
     0.0008961    -0.0014388     0.6859249     1.0000000
     0.2404581     0.2073043     1.6424117    -0.0105329
     0.2487933    -0.2149544     1.3084623    -0.0078762
    -0.0039694    -0.0015571     1.5151496    -0.9840760
    -0.0004212     0.0007234    -0.6792060     0.9999999
    -0.0000649     0.0003739    -1.5156335    -0.9975149

gen   3300/12000      elitist  3.6932435E-04 feasible? T
gen   3300/12000      elitist  3.7081238E-04 feasible? T
gen   3300/12000      elitist  3.5726486E-04 feasible? T
gen   3400/12000      elitist  3.6932429E-04 feasible? T
gen   3400/12000      elitist  3.7077087E-04 feasible? T
gen   3400/12000      elitist  3.5726455E-04 feasible? T
gen   3500/12000      elitist  3.6932403E-04 feasible? T
gen   3500/12000      elitist  3.7070232E-04 feasible? T
gen   3500/12000      elitist  3.5726449E-04 feasible? T
gen   3600/12000      elitist  3.6932378E-04 feasible? T
gen   3600/12000      elitist  3.5726447E-04 feasible? T
gen   3600/12000      elitist  3.7066747E-04 feasible? T
gen   3700/12000      elitist  3.6932349E-04 feasible? T
population converged towards a single solution after 3689 generations.
Starting local simplex optimization:
Solution before refinement:      3.5726446351E-04
gen   3700/12000      elitist  3.7056570E-04 feasible? T
 performing expansion, best =    3.5726444106922735E-004
 performing expansion, best =    3.5726441801744698E-004
 performing expansion, best =    3.5726441204099934E-004
 performing expansion, best =    3.5726440137087728E-004
 performing expansion, best =    3.5726440123508675E-004
 performing expansion, best =    3.5726439992592927E-004
gen   3800/12000      elitist  3.6932331E-04 feasible? T
 performing expansion, best =    3.5726439418838385E-004
 performing expansion, best =    3.5726439395040413E-004
 performing expansion, best =    3.5726439161646732E-004
 performing expansion, best =    3.5726439052552401E-004
 performing expansion, best =    3.5726439012950556E-004
 performing expansion, best =    3.5726438999402686E-004
 performing expansion, best =    3.5726438899291832E-004
 performing expansion, best =    3.5726438191403695E-004
 performing expansion, best =    3.5726437537020984E-004
 performing expansion, best =    3.5726436747207321E-004
 performing expansion, best =    3.5726435942210594E-004
 performing expansion, best =    3.5726435277904311E-004
 performing expansion, best =    3.5726434436807674E-004
 performing expansion, best =    3.5726434372171416E-004
 performing expansion, best =    3.5726434338767521E-004
 performing expansion, best =    3.5726433608280242E-004
 performing expansion, best =    3.5726432742294465E-004
 performing expansion, best =    3.5726431712551203E-004
 performing expansion, best =    3.5726430896474142E-004
 performing expansion, best =    3.5726430022049770E-004
 performing expansion, best =    3.5726428722340444E-004
 performing expansion, best =    3.5726427374874588E-004
 performing expansion, best =    3.5726426340518903E-004
 performing expansion, best =    3.5726425070157635E-004
 performing expansion, best =    3.5726423136904614E-004
 performing expansion, best =    3.5726421571464275E-004
 performing expansion, best =    3.5726420125253318E-004
 performing expansion, best =    3.5726418551494020E-004
 performing expansion, best =    3.5726416914655049E-004
 performing expansion, best =    3.5726415254287030E-004
 performing expansion, best =    3.5726413701404116E-004
 performing expansion, best =    3.5726412088289044E-004
 performing expansion, best =    3.5726411905993193E-004
 performing expansion, best =    3.5726411160391783E-004
gen   3800/12000      elitist  3.7048843E-04 feasible? T
 performing expansion, best =    3.5726411123692970E-004
 performing expansion, best =    3.5726411011456275E-004
 performing expansion, best =    3.5726410974261965E-004
 performing expansion, best =    3.5726410884237049E-004
 performing expansion, best =    3.5726410870154661E-004
 performing expansion, best =    3.5726410848281636E-004
 performing expansion, best =    3.5726410757597096E-004
 performing expansion, best =    3.5726410739569822E-004
 performing expansion, best =    3.5726410736019516E-004
 performing expansion, best =    3.5726410704289981E-004
 performing expansion, best =    3.5726410540489519E-004
 performing expansion, best =    3.5726410513964860E-004
 performing expansion, best =    3.5726410476151580E-004
 performing expansion, best =    3.5726410440133853E-004
 performing expansion, best =    3.5726410243655174E-004
 performing expansion, best =    3.5726410238341776E-004
 performing expansion, best =    3.5726410123742614E-004
 performing expansion, best =    3.5726410112209858E-004
 performing expansion, best =    3.5726410107231831E-004
 performing expansion, best =    3.5726410089149702E-004
 performing expansion, best =    3.5726409982446118E-004
 performing expansion, best =    3.5726409967688387E-004
 performing expansion, best =    3.5726409957521807E-004
 performing expansion, best =    3.5726409935487864E-004
 performing expansion, best =    3.5726409828835953E-004
 performing expansion, best =    3.5726409815494352E-004
 performing expansion, best =    3.5726409719912065E-004
 performing expansion, best =    3.5726409587017398E-004
 performing expansion, best =    3.5726409459323834E-004
 performing expansion, best =    3.5726409291769761E-004
 performing expansion, best =    3.5726409106529554E-004
 performing expansion, best =    3.5726408909437992E-004
 performing expansion, best =    3.5726408682836328E-004
 performing expansion, best =    3.5726408437617942E-004
 performing expansion, best =    3.5726408152227020E-004
 performing expansion, best =    3.5726407824809950E-004
 performing expansion, best =    3.5726407468547529E-004
 performing expansion, best =    3.5726407066284926E-004
 performing expansion, best =    3.5726406531752064E-004
 performing expansion, best =    3.5726405995050586E-004
 performing expansion, best =    3.5726405369069044E-004
 performing expansion, best =    3.5726404814214672E-004
 performing expansion, best =    3.5726404093824687E-004
 performing expansion, best =    3.5726403298222046E-004
 performing expansion, best =    3.5726402441619773E-004
 performing expansion, best =    3.5726401486665038E-004
 performing expansion, best =    3.5726400473651997E-004
 performing expansion, best =    3.5726399672860511E-004
 performing expansion, best =    3.5726398554749661E-004
 performing expansion, best =    3.5726397501390829E-004
 performing expansion, best =    3.5726396375955954E-004
 performing expansion, best =    3.5726395547518744E-004
 performing expansion, best =    3.5726394822015054E-004
 performing expansion, best =    3.5726393705215887E-004
 performing expansion, best =    3.5726392958483437E-004
 performing expansion, best =    3.5726391991535941E-004
 performing expansion, best =    3.5726391358467907E-004
 performing expansion, best =    3.5726390296246432E-004
 performing expansion, best =    3.5726389132437056E-004
 performing expansion, best =    3.5726388221217969E-004
 performing expansion, best =    3.5726387613800099E-004
 performing expansion, best =    3.5726386991124522E-004
 performing expansion, best =    3.5726386704696740E-004
 performing expansion, best =    3.5726386219319040E-004
 performing expansion, best =    3.5726385943701946E-004
 performing expansion, best =    3.5726385654810173E-004
 performing expansion, best =    3.5726385493755377E-004
 performing expansion, best =    3.5726385145392112E-004
 performing expansion, best =    3.5726384969562628E-004
 performing expansion, best =    3.5726384741635966E-004
 performing expansion, best =    3.5726384093873306E-004
 performing expansion, best =    3.5726383403706296E-004
 performing expansion, best =    3.5726382683484096E-004
 performing expansion, best =    3.5726382328458181E-004
 performing expansion, best =    3.5726381874718954E-004
 performing expansion, best =    3.5726381709055204E-004
 performing expansion, best =    3.5726381554956719E-004
 performing expansion, best =    3.5726381146671552E-004
 performing expansion, best =    3.5726380896610821E-004
 performing expansion, best =    3.5726380596609814E-004
 performing expansion, best =    3.5726380115375198E-004
 performing expansion, best =    3.5726379968953136E-004
 performing expansion, best =    3.5726379761850306E-004
 performing expansion, best =    3.5726379738537900E-004
 performing expansion, best =    3.5726379724780588E-004
 performing expansion, best =    3.5726379696000030E-004
 performing expansion, best =    3.5726379689223907E-004
 performing expansion, best =    3.5726379614030177E-004
 performing expansion, best =    3.5726379548973726E-004
 performing expansion, best =    3.5726379336668043E-004
gen   3900/12000      elitist  3.6932301E-04 feasible? T
 performing expansion, best =    3.5726379046026904E-004
 performing expansion, best =    3.5726378982223222E-004
 performing expansion, best =    3.5726378869147554E-004
 performing expansion, best =    3.5726378649218954E-004
 performing expansion, best =    3.5726378536516344E-004
 performing expansion, best =    3.5726378456388985E-004
 performing expansion, best =    3.5726378214622704E-004
 performing expansion, best =    3.5726378019532889E-004
 performing expansion, best =    3.5726377557345298E-004
 performing expansion, best =    3.5726377433020035E-004
 performing expansion, best =    3.5726377364274836E-004
 performing expansion, best =    3.5726377238766541E-004
 performing expansion, best =    3.5726376866849639E-004
 performing expansion, best =    3.5726376799868301E-004
 performing expansion, best =    3.5726376698258245E-004
 performing expansion, best =    3.5726376605760247E-004
 performing expansion, best =    3.5726376459071406E-004
 performing expansion, best =    3.5726376139283113E-004
 performing expansion, best =    3.5726375754626299E-004
 performing expansion, best =    3.5726375707830372E-004
 performing expansion, best =    3.5726375693448013E-004
 performing expansion, best =    3.5726375689636554E-004
 performing expansion, best =    3.5726375535639616E-004
 performing expansion, best =    3.5726375435285538E-004
 performing expansion, best =    3.5726375406397735E-004
 performing expansion, best =    3.5726375382974859E-004
 performing expansion, best =    3.5726375364207911E-004
 performing expansion, best =    3.5726375316220347E-004
 performing expansion, best =    3.5726375283544733E-004
Exiting simplex optimization after  2083 iterations
Solution after  refinement:      3.5726375237E-04
RMSE         3.572637524E-04 Hartree
NEW BEST!

Best found solution for 6 charges:
        RMSE         2.241862200E-01 kcal/mol
         MAE         1.097531014E-01 kcal/mol
     max. AE         1.700447290E+00 kcal/mol

       x[bohr]       y[bohr]       z[bohr]          q[e]
    -0.0538359     0.1414351     0.0719830     0.3685078
    -0.3103064    -0.1409767    -1.3006053     0.1138105
     0.0432556    -0.0641808     0.6450058     1.0000000
     0.0157234    -0.0206832     1.5211158    -0.9995366
    -0.1278102    -0.0416374    -3.1411687     0.1300257
    -0.0720084    -0.0211346    -2.2926405    -0.6128075

gen   3900/12000      elitist  3.7037262E-04 feasible? T
gen   4000/12000      elitist  3.6932275E-04 feasible? T
gen   4000/12000      elitist  3.7034536E-04 feasible? T
gen   4100/12000      elitist  3.6932253E-04 feasible? T
gen   4100/12000      elitist  3.7027718E-04 feasible? T
gen   4200/12000      elitist  3.6932206E-04 feasible? T
gen   4200/12000      elitist  3.7023641E-04 feasible? T
gen   4300/12000      elitist  3.6932197E-04 feasible? T
gen   4300/12000      elitist  3.7021308E-04 feasible? T
population converged towards a single solution after 4358 generations.
Starting local simplex optimization:
Solution before refinement:      3.6932197162E-04
gen   4400/12000      elitist  3.7020640E-04 feasible? T
Exiting simplex optimization after   798 iterations
Solution after  refinement:      3.6932197162E-04
RMSE         3.693219716E-04 Hartree
NEW BEST!

Best found solution for 6 charges:
        RMSE         2.317528611E-01 kcal/mol
         MAE         1.106534125E-01 kcal/mol
     max. AE         1.691423865E+00 kcal/mol

       x[bohr]       y[bohr]       z[bohr]          q[e]
     0.0012654     0.0005295     0.6774687     0.9999975
     0.0004683     0.0001474     1.5144791    -1.0000000
     0.2543984    -0.0422492     0.0291573    -0.0069192
     0.0256433    -0.0656926     0.6979976     0.0075419
     0.0010813    -0.0001162    -0.6838415     0.9993797
     0.0003562     0.0001079    -1.5153272    -1.0000000

gen   4500/12000      elitist  3.7020312E-04 feasible? T
gen   4600/12000      elitist  3.7016814E-04 feasible? T
gen   4700/12000      elitist  3.7015022E-04 feasible? T
gen   4800/12000      elitist  3.7014706E-04 feasible? T
gen   4900/12000      elitist  3.7014583E-04 feasible? T
gen   5000/12000      elitist  3.7014561E-04 feasible? T
gen   5100/12000      elitist  3.7014555E-04 feasible? T
gen   5200/12000      elitist  3.7014533E-04 feasible? T
gen   5300/12000      elitist  3.7014490E-04 feasible? T
gen   5400/12000      elitist  3.7014452E-04 feasible? T
gen   5500/12000      elitist  3.7014375E-04 feasible? T
gen   5600/12000      elitist  3.7014290E-04 feasible? T
gen   5700/12000      elitist  3.7014241E-04 feasible? T
gen   5800/12000      elitist  3.7014059E-04 feasible? T
gen   5900/12000      elitist  3.7013913E-04 feasible? T
gen   6000/12000      elitist  3.7013657E-04 feasible? T
gen   6100/12000      elitist  3.7013268E-04 feasible? T
gen   6200/12000      elitist  3.7012985E-04 feasible? T
gen   6300/12000      elitist  3.7012603E-04 feasible? T
gen   6400/12000      elitist  3.7012331E-04 feasible? T
gen   6500/12000      elitist  3.7011779E-04 feasible? T
gen   6600/12000      elitist  3.7009143E-04 feasible? T
gen   6700/12000      elitist  3.7003884E-04 feasible? T
gen   6800/12000      elitist  3.7002860E-04 feasible? T
gen   6900/12000      elitist  3.6999008E-04 feasible? T
gen   7000/12000      elitist  3.6994494E-04 feasible? T
gen   7100/12000      elitist  3.6992045E-04 feasible? T
gen   7200/12000      elitist  3.6990474E-04 feasible? T
gen   7300/12000      elitist  3.6990355E-04 feasible? T
gen   7400/12000      elitist  3.6990277E-04 feasible? T
gen   7500/12000      elitist  3.6989868E-04 feasible? T
gen   7600/12000      elitist  3.6989772E-04 feasible? T
gen   7700/12000      elitist  3.6989675E-04 feasible? T
gen   7800/12000      elitist  3.6989037E-04 feasible? T
gen   7900/12000      elitist  3.6988178E-04 feasible? T
gen   8000/12000      elitist  3.6988004E-04 feasible? T
gen   8100/12000      elitist  3.6987775E-04 feasible? T
gen   8200/12000      elitist  3.6986439E-04 feasible? T
gen   8300/12000      elitist  3.6983705E-04 feasible? T
gen   8400/12000      elitist  3.6982454E-04 feasible? T
gen   8500/12000      elitist  3.6982227E-04 feasible? T
gen   8600/12000      elitist  3.6982182E-04 feasible? T
gen   8700/12000      elitist  3.6982173E-04 feasible? T
gen   8800/12000      elitist  3.6982168E-04 feasible? T
gen   8900/12000      elitist  3.6982166E-04 feasible? T
gen   9000/12000      elitist  3.6982000E-04 feasible? T
gen   9100/12000      elitist  3.6981962E-04 feasible? T
gen   9200/12000      elitist  3.6981955E-04 feasible? T
gen   9300/12000      elitist  3.6981954E-04 feasible? T
gen   9400/12000      elitist  3.6981404E-04 feasible? T
gen   9500/12000      elitist  3.6981038E-04 feasible? T
gen   9600/12000      elitist  3.6980994E-04 feasible? T
gen   9700/12000      elitist  3.6980471E-04 feasible? T
gen   9800/12000      elitist  3.6980392E-04 feasible? T
gen   9900/12000      elitist  3.6980375E-04 feasible? T
gen  10000/12000      elitist  3.6980370E-04 feasible? T
gen  10100/12000      elitist  3.6980369E-04 feasible? T
population converged towards a single solution after 10174 generations.
Starting local simplex optimization:
Solution before refinement:      3.6980367878E-04
 performing expansion, best =    3.6980327744273359E-004
 performing expansion, best =    3.6980320568797347E-004
 performing expansion, best =    3.6980311556199789E-004
 performing expansion, best =    3.6980309968276891E-004
 performing expansion, best =    3.6980308928328089E-004
 performing expansion, best =    3.6980305884112992E-004
 performing expansion, best =    3.6980290272492549E-004
 performing expansion, best =    3.6980270750753956E-004
 performing expansion, best =    3.6980253322406703E-004
 performing expansion, best =    3.6980230415364749E-004
 performing expansion, best =    3.6980198703659271E-004
 performing expansion, best =    3.6980168159726442E-004
 performing expansion, best =    3.6980166548583983E-004
 performing expansion, best =    3.6980126701310407E-004
 performing expansion, best =    3.6980088159114632E-004
 performing expansion, best =    3.6980045791196040E-004
 performing expansion, best =    3.6980016407392609E-004
 performing expansion, best =    3.6979975808405091E-004
 performing expansion, best =    3.6979913630079224E-004
 performing expansion, best =    3.6979902981441095E-004
 performing expansion, best =    3.6979883770332821E-004
 performing expansion, best =    3.6979816862108418E-004
 performing expansion, best =    3.6979816369717334E-004
 performing expansion, best =    3.6979776929097711E-004
 performing expansion, best =    3.6979706113032758E-004
 performing expansion, best =    3.6979638253157660E-004
 performing expansion, best =    3.6979568191974850E-004
 performing expansion, best =    3.6979502144394896E-004
 performing expansion, best =    3.6979424980204282E-004
 performing expansion, best =    3.6979345060743498E-004
 performing expansion, best =    3.6979277667535221E-004
 performing expansion, best =    3.6979214797649843E-004
 performing expansion, best =    3.6979143991216731E-004
 performing expansion, best =    3.6979091134540316E-004
 performing expansion, best =    3.6979037462167363E-004
 performing expansion, best =    3.6979009897689189E-004
 performing expansion, best =    3.6978965804733541E-004
 performing expansion, best =    3.6978950656686591E-004
 performing expansion, best =    3.6978928506655308E-004
 performing expansion, best =    3.6978901560223910E-004
 performing expansion, best =    3.6978889485343475E-004
 performing expansion, best =    3.6978859081239642E-004
 performing expansion, best =    3.6978809948803789E-004
 performing expansion, best =    3.6978751016509973E-004
 performing expansion, best =    3.6978673886732723E-004
 performing expansion, best =    3.6978640063520057E-004
 performing expansion, best =    3.6978574877969024E-004
 performing expansion, best =    3.6978469236189086E-004
 performing expansion, best =    3.6978445677266739E-004
 performing expansion, best =    3.6978424379668722E-004
 performing expansion, best =    3.6978413804403265E-004
 performing expansion, best =    3.6978380811671481E-004
 performing expansion, best =    3.6978314307312333E-004
 performing expansion, best =    3.6978308435282761E-004
 performing expansion, best =    3.6978307585080008E-004
 performing expansion, best =    3.6978297308057139E-004
 performing expansion, best =    3.6978296862757109E-004
 performing expansion, best =    3.6978284537486861E-004
 performing expansion, best =    3.6978272848756279E-004
 performing expansion, best =    3.6978265664530582E-004
 performing expansion, best =    3.6978263169613765E-004
 performing expansion, best =    3.6978238473485642E-004
 performing expansion, best =    3.6978207238687333E-004
 performing expansion, best =    3.6978187718685236E-004
 performing expansion, best =    3.6978186644963222E-004
 performing expansion, best =    3.6978153199873946E-004
 performing expansion, best =    3.6978151148109128E-004
 performing expansion, best =    3.6978150073333844E-004
 performing expansion, best =    3.6978124106756209E-004
 performing expansion, best =    3.6978095354213517E-004
 performing expansion, best =    3.6978070111335027E-004
 performing expansion, best =    3.6978066396039773E-004
 performing expansion, best =    3.6978046073380094E-004
 performing expansion, best =    3.6978021193276751E-004
 performing expansion, best =    3.6978020261948586E-004
 performing expansion, best =    3.6977995363611326E-004
 performing expansion, best =    3.6977993859925250E-004
 performing expansion, best =    3.6977983805649045E-004
 performing expansion, best =    3.6977982527698221E-004
 performing expansion, best =    3.6977969645916322E-004
 performing expansion, best =    3.6977943017986724E-004
 performing expansion, best =    3.6977907666471005E-004
 performing expansion, best =    3.6977889921777004E-004
 performing expansion, best =    3.6977871025350610E-004
 performing expansion, best =    3.6977847177866916E-004
 performing expansion, best =    3.6977811028257671E-004
 performing expansion, best =    3.6977795575727438E-004
 performing expansion, best =    3.6977787295511689E-004
 performing expansion, best =    3.6977775500773234E-004
 performing expansion, best =    3.6977757969613404E-004
 performing expansion, best =    3.6977746773352081E-004
 performing expansion, best =    3.6977746397370159E-004
 performing expansion, best =    3.6977745280247933E-004
 performing expansion, best =    3.6977743317352223E-004
 performing expansion, best =    3.6977742253687100E-004
 performing expansion, best =    3.6977738991313797E-004
 performing expansion, best =    3.6977738478986697E-004
 performing expansion, best =    3.6977738098924640E-004
 performing expansion, best =    3.6977736845112059E-004
 performing expansion, best =    3.6977736476153685E-004
 performing expansion, best =    3.6977735651134541E-004
 performing expansion, best =    3.6977734975446536E-004
 performing expansion, best =    3.6977734871593417E-004
 performing expansion, best =    3.6977733805706754E-004
 performing expansion, best =    3.6977733454298729E-004
 performing expansion, best =    3.6977732451762041E-004
 performing expansion, best =    3.6977731824544395E-004
 performing expansion, best =    3.6977729413107953E-004
 performing expansion, best =    3.6977726813802850E-004
 performing expansion, best =    3.6977724423181197E-004
 performing expansion, best =    3.6977722490306981E-004
 performing expansion, best =    3.6977719281261099E-004
 performing expansion, best =    3.6977715485643964E-004
 performing expansion, best =    3.6977714552539589E-004
 performing expansion, best =    3.6977709366530626E-004
 performing expansion, best =    3.6977704440963413E-004
 performing expansion, best =    3.6977698738433547E-004
 performing expansion, best =    3.6977693845579711E-004
 performing expansion, best =    3.6977688645068639E-004
 performing expansion, best =    3.6977681454370385E-004
 performing expansion, best =    3.6977672760322110E-004
 performing expansion, best =    3.6977662635273313E-004
 performing expansion, best =    3.6977649969521483E-004
 performing expansion, best =    3.6977638536429938E-004
 performing expansion, best =    3.6977622167152000E-004
 performing expansion, best =    3.6977603315927301E-004
 performing expansion, best =    3.6977586947353769E-004
 performing expansion, best =    3.6977568826178006E-004
 performing expansion, best =    3.6977549372443024E-004
 performing expansion, best =    3.6977522431937127E-004
 performing expansion, best =    3.6977490500729763E-004
 performing expansion, best =    3.6977456228367108E-004
 performing expansion, best =    3.6977423437548458E-004
 performing expansion, best =    3.6977385344008791E-004
 performing expansion, best =    3.6977344969655273E-004
 performing expansion, best =    3.6977306313139426E-004
 performing expansion, best =    3.6977259740010371E-004
 performing expansion, best =    3.6977205321238262E-004
 performing expansion, best =    3.6977130760822824E-004
 performing expansion, best =    3.6977062615786845E-004
 performing expansion, best =    3.6976984577601074E-004
 performing expansion, best =    3.6976901871427572E-004
 performing expansion, best =    3.6976826243092316E-004
 performing expansion, best =    3.6976717008924614E-004
 performing expansion, best =    3.6976600709578506E-004
 performing expansion, best =    3.6976507499319826E-004
 performing expansion, best =    3.6976494511921029E-004
 performing expansion, best =    3.6976480028769974E-004
 performing expansion, best =    3.6976468792161325E-004
 performing expansion, best =    3.6976451659742306E-004
 performing expansion, best =    3.6976438258810683E-004
 performing expansion, best =    3.6976342694590143E-004
 performing expansion, best =    3.6976239592290973E-004
 performing expansion, best =    3.6976146680139059E-004
 performing expansion, best =    3.6976065024300198E-004
 performing expansion, best =    3.6975949011721927E-004
 performing expansion, best =    3.6975872239478563E-004
 performing expansion, best =    3.6975864922667663E-004
 performing expansion, best =    3.6975754732329028E-004
 performing expansion, best =    3.6975662746862231E-004
 performing expansion, best =    3.6975559838809389E-004
 performing expansion, best =    3.6975552711537727E-004
 performing expansion, best =    3.6975540934825672E-004
 performing expansion, best =    3.6975497694507396E-004
 performing expansion, best =    3.6975489677357730E-004
 performing expansion, best =    3.6975482406014865E-004
 performing expansion, best =    3.6975475932800610E-004
 performing expansion, best =    3.6975461436134340E-004
 performing expansion, best =    3.6975394191716027E-004
 performing expansion, best =    3.6975390196390619E-004
 performing expansion, best =    3.6975362675871178E-004
 performing expansion, best =    3.6975286085924830E-004
 performing expansion, best =    3.6975216384034558E-004
 performing expansion, best =    3.6975161045311013E-004
 performing expansion, best =    3.6975141446655133E-004
 performing expansion, best =    3.6975131375530129E-004
 performing expansion, best =    3.6975125849306802E-004
 performing expansion, best =    3.6975117915953690E-004
 performing expansion, best =    3.6975116443659350E-004
 performing expansion, best =    3.6975111053263982E-004
 performing expansion, best =    3.6975110386734732E-004
 performing expansion, best =    3.6975109632199853E-004
 performing expansion, best =    3.6975108434306674E-004
 performing expansion, best =    3.6975107897108524E-004
 performing expansion, best =    3.6975107588683672E-004
 performing expansion, best =    3.6975106088469006E-004
 performing expansion, best =    3.6975104639571239E-004
 performing expansion, best =    3.6975103943988038E-004
 performing expansion, best =    3.6975103089518412E-004
 performing expansion, best =    3.6975102704215441E-004
 performing expansion, best =    3.6975102077563699E-004
 performing expansion, best =    3.6975101710690127E-004
 performing expansion, best =    3.6975099416732514E-004
 performing expansion, best =    3.6975098931930396E-004
 performing expansion, best =    3.6975096683195354E-004
 performing expansion, best =    3.6975094130215576E-004
 performing expansion, best =    3.6975090930045087E-004
 performing expansion, best =    3.6975086635497687E-004
 performing expansion, best =    3.6975082328722086E-004
 performing expansion, best =    3.6975078181920249E-004
 performing expansion, best =    3.6975073936096781E-004
 performing expansion, best =    3.6975067206784464E-004
 performing expansion, best =    3.6975060585602015E-004
 performing expansion, best =    3.6975054520014248E-004
 performing expansion, best =    3.6975046351955023E-004
 performing expansion, best =    3.6975039566307133E-004
 performing expansion, best =    3.6975028689538632E-004
 performing expansion, best =    3.6975016313192091E-004
 performing expansion, best =    3.6975003250836201E-004
 performing expansion, best =    3.6974988561366769E-004
 performing expansion, best =    3.6974970787223159E-004
 performing expansion, best =    3.6974951824416487E-004
 performing expansion, best =    3.6974930623324373E-004
 performing expansion, best =    3.6974908123203233E-004
 performing expansion, best =    3.6974882656524337E-004
 performing expansion, best =    3.6974855005041845E-004
 performing expansion, best =    3.6974829004853964E-004
 performing expansion, best =    3.6974796618271047E-004
 performing expansion, best =    3.6974756094086832E-004
 performing expansion, best =    3.6974717047991336E-004
 performing expansion, best =    3.6974677993236046E-004
 performing expansion, best =    3.6974627145091031E-004
 performing expansion, best =    3.6974583953558395E-004
 performing expansion, best =    3.6974539029263024E-004
 performing expansion, best =    3.6974478321145693E-004
 performing expansion, best =    3.6974408058085522E-004
 performing expansion, best =    3.6974339894053291E-004
 performing expansion, best =    3.6974273573469723E-004
 performing expansion, best =    3.6974194345929141E-004
 performing expansion, best =    3.6974088878233481E-004
 performing expansion, best =    3.6974020951084121E-004
 performing expansion, best =    3.6973935417379154E-004
 performing expansion, best =    3.6973865552933539E-004
 performing expansion, best =    3.6973764108235829E-004
 performing expansion, best =    3.6973658383989159E-004
 performing expansion, best =    3.6973547602718587E-004
 performing expansion, best =    3.6973414684074142E-004
 performing expansion, best =    3.6973278347370985E-004
 performing expansion, best =    3.6973182916615277E-004
 performing expansion, best =    3.6973111844440358E-004
 performing expansion, best =    3.6973069158738081E-004
 performing expansion, best =    3.6973036750224920E-004
 performing expansion, best =    3.6973025737241448E-004
 performing expansion, best =    3.6973020336650818E-004
 performing expansion, best =    3.6973017643843073E-004
 performing expansion, best =    3.6973008440183087E-004
 performing expansion, best =    3.6973004432364791E-004
 performing expansion, best =    3.6972994897875339E-004
 performing expansion, best =    3.6972993519590429E-004
 performing expansion, best =    3.6972981496891918E-004
 performing expansion, best =    3.6972980952338443E-004
 performing expansion, best =    3.6972969563378984E-004
 performing expansion, best =    3.6972958992349440E-004
 performing expansion, best =    3.6972946886133236E-004
 performing expansion, best =    3.6972929759726970E-004
 performing expansion, best =    3.6972893422920663E-004
 performing expansion, best =    3.6972855125287207E-004
 performing expansion, best =    3.6972828497596350E-004
 performing expansion, best =    3.6972789475811637E-004
 performing expansion, best =    3.6972751090168433E-004
 performing expansion, best =    3.6972712183232898E-004
 performing expansion, best =    3.6972660963543086E-004
 performing expansion, best =    3.6972606607364039E-004
 performing expansion, best =    3.6972534905255780E-004
 performing expansion, best =    3.6972479485910571E-004
 performing expansion, best =    3.6972368359131731E-004
 performing expansion, best =    3.6972262051681936E-004
 performing expansion, best =    3.6972147157721331E-004
 performing expansion, best =    3.6972031451613528E-004
 performing expansion, best =    3.6971930012173607E-004
 performing expansion, best =    3.6971816411675301E-004
 performing expansion, best =    3.6971806511480152E-004
 performing expansion, best =    3.6971789694015728E-004
 performing expansion, best =    3.6971763790378929E-004
 performing expansion, best =    3.6971750644711529E-004
 performing expansion, best =    3.6971742334632114E-004
 performing expansion, best =    3.6971710446063327E-004
 performing expansion, best =    3.6971698389746526E-004
 performing expansion, best =    3.6971682066796546E-004
 performing expansion, best =    3.6971672557125414E-004
 performing expansion, best =    3.6971663819784290E-004
 performing expansion, best =    3.6971650719286710E-004
 performing expansion, best =    3.6971642018510207E-004
 performing expansion, best =    3.6971633224737899E-004
 performing expansion, best =    3.6971621418730274E-004
 performing expansion, best =    3.6971618781697581E-004
 performing expansion, best =    3.6971584759400801E-004
 performing expansion, best =    3.6971569876739676E-004
 performing expansion, best =    3.6971561605523748E-004
 performing expansion, best =    3.6971560940228575E-004
 performing expansion, best =    3.6971559716383304E-004
 performing expansion, best =    3.6971545738800991E-004
 performing expansion, best =    3.6971545666690688E-004
 performing expansion, best =    3.6971543716410375E-004
 performing expansion, best =    3.6971536455807541E-004
 performing expansion, best =    3.6971513764468673E-004
 performing expansion, best =    3.6971511167857427E-004
 performing expansion, best =    3.6971509913120276E-004
 performing expansion, best =    3.6971505584233798E-004
 performing expansion, best =    3.6971503098787568E-004
 performing expansion, best =    3.6971501806187920E-004
 performing expansion, best =    3.6971500162046592E-004
 performing expansion, best =    3.6971498301946980E-004
 performing expansion, best =    3.6971496079923883E-004
 performing expansion, best =    3.6971493451000399E-004
 performing expansion, best =    3.6971492688860498E-004
 performing expansion, best =    3.6971492077910844E-004
 performing expansion, best =    3.6971491036419407E-004
 performing expansion, best =    3.6971490605480420E-004
 performing expansion, best =    3.6971489663582840E-004
 performing expansion, best =    3.6971487418127695E-004
 performing expansion, best =    3.6971487379235389E-004
 performing expansion, best =    3.6971486835579514E-004
 performing expansion, best =    3.6971486714628760E-004
 performing expansion, best =    3.6971483552458755E-004
 performing expansion, best =    3.6971482870211528E-004
 performing expansion, best =    3.6971478706691668E-004
 performing expansion, best =    3.6971478689279478E-004
 performing expansion, best =    3.6971477370516872E-004
 performing expansion, best =    3.6971477083950295E-004
 performing expansion, best =    3.6971476812004841E-004
 performing expansion, best =    3.6971476311549418E-004
 performing expansion, best =    3.6971474830168574E-004
 performing expansion, best =    3.6971474554736797E-004
 performing expansion, best =    3.6971471961391771E-004
 performing expansion, best =    3.6971471848812717E-004
 performing expansion, best =    3.6971469988005961E-004
 performing expansion, best =    3.6971469976913575E-004
 performing expansion, best =    3.6971468244783142E-004
 performing expansion, best =    3.6971465204694480E-004
 performing expansion, best =    3.6971464602056266E-004
 performing expansion, best =    3.6971462582692619E-004
 performing expansion, best =    3.6971460943674114E-004
 performing expansion, best =    3.6971460607464023E-004
 performing expansion, best =    3.6971460309387355E-004
 performing expansion, best =    3.6971460135810642E-004
 performing expansion, best =    3.6971459642145719E-004
 performing expansion, best =    3.6971457216258510E-004
 performing expansion, best =    3.6971456184501668E-004
 performing expansion, best =    3.6971455422056228E-004
 performing expansion, best =    3.6971453526331164E-004
 performing expansion, best =    3.6971452846524595E-004
 performing expansion, best =    3.6971452775282608E-004
 performing expansion, best =    3.6971451635872378E-004
 performing expansion, best =    3.6971451238800365E-004
 performing expansion, best =    3.6971449556402606E-004
 performing expansion, best =    3.6971447971495118E-004
 performing expansion, best =    3.6971444372753658E-004
 performing expansion, best =    3.6971441208036071E-004
 performing expansion, best =    3.6971440530152719E-004
 performing expansion, best =    3.6971439453275623E-004
 performing expansion, best =    3.6971435121978442E-004
 performing expansion, best =    3.6971434855708737E-004
 performing expansion, best =    3.6971433973094302E-004
 performing expansion, best =    3.6971433814830487E-004
 performing expansion, best =    3.6971433318813809E-004
 performing expansion, best =    3.6971430835565269E-004
 performing expansion, best =    3.6971430667268984E-004
 performing expansion, best =    3.6971429979398829E-004
 performing expansion, best =    3.6971427476551009E-004
 performing expansion, best =    3.6971424351851676E-004
 performing expansion, best =    3.6971421737072216E-004
 performing expansion, best =    3.6971418251404792E-004
 performing expansion, best =    3.6971413980519123E-004
 performing expansion, best =    3.6971409712962698E-004
 performing expansion, best =    3.6971405102342658E-004
 performing expansion, best =    3.6971404516513725E-004
 performing expansion, best =    3.6971397961408769E-004
 performing expansion, best =    3.6971390297780454E-004
 performing expansion, best =    3.6971380053919193E-004
 performing expansion, best =    3.6971369541142211E-004
 performing expansion, best =    3.6971362018674921E-004
 performing expansion, best =    3.6971352423313642E-004
 performing expansion, best =    3.6971341422602553E-004
 performing expansion, best =    3.6971325060672263E-004
 performing expansion, best =    3.6971305300963057E-004
 performing expansion, best =    3.6971285233156369E-004
 performing expansion, best =    3.6971260309678872E-004
 performing expansion, best =    3.6971231445892468E-004
 performing expansion, best =    3.6971193108511905E-004
 performing expansion, best =    3.6971166161020900E-004
 performing expansion, best =    3.6971127338829773E-004
 performing expansion, best =    3.6971093795739945E-004
 performing expansion, best =    3.6971038483068873E-004
 performing expansion, best =    3.6970988537244671E-004
 performing expansion, best =    3.6970928474947895E-004
 performing expansion, best =    3.6970875236314564E-004
 performing expansion, best =    3.6970824460170673E-004
 performing expansion, best =    3.6970778108060161E-004
 performing expansion, best =    3.6970716060142256E-004
 performing expansion, best =    3.6970661123240245E-004
 performing expansion, best =    3.6970616543345884E-004
 performing expansion, best =    3.6970588716129041E-004
 performing expansion, best =    3.6970545556523659E-004
 performing expansion, best =    3.6970525558940989E-004
 performing expansion, best =    3.6970484174898122E-004
 performing expansion, best =    3.6970430770032214E-004
 performing expansion, best =    3.6970394387123598E-004
 performing expansion, best =    3.6970359109853132E-004
 performing expansion, best =    3.6970309028457656E-004
 performing expansion, best =    3.6970305537195602E-004
 performing expansion, best =    3.6970278138376245E-004
 performing expansion, best =    3.6970222611282423E-004
 performing expansion, best =    3.6970194867462139E-004
 performing expansion, best =    3.6970150418503254E-004
 performing expansion, best =    3.6970124438582722E-004
 performing expansion, best =    3.6970098695713292E-004
 performing expansion, best =    3.6970051207146828E-004
 performing expansion, best =    3.6970033184451821E-004
 performing expansion, best =    3.6970010574625240E-004
 performing expansion, best =    3.6969962352937703E-004
 performing expansion, best =    3.6969916949756526E-004
 performing expansion, best =    3.6969846777759011E-004
 performing expansion, best =    3.6969808516892509E-004
 performing expansion, best =    3.6969797899935770E-004
 performing expansion, best =    3.6969794243087200E-004
 performing expansion, best =    3.6969775853137453E-004
 performing expansion, best =    3.6969772696442837E-004
 performing expansion, best =    3.6969770232096375E-004
 performing expansion, best =    3.6969764573224127E-004
 performing expansion, best =    3.6969762431606309E-004
 performing expansion, best =    3.6969759095754375E-004
 performing expansion, best =    3.6969756206966771E-004
 performing expansion, best =    3.6969752960555260E-004
 performing expansion, best =    3.6969737656134552E-004
 performing expansion, best =    3.6969735021263108E-004
 performing expansion, best =    3.6969733341082471E-004
 performing expansion, best =    3.6969732178185447E-004
 performing expansion, best =    3.6969731671117806E-004
 performing expansion, best =    3.6969730508779443E-004
 performing expansion, best =    3.6969730214271763E-004
 performing expansion, best =    3.6969730205521753E-004
 performing expansion, best =    3.6969730111469968E-004
 performing expansion, best =    3.6969729868010316E-004
 performing expansion, best =    3.6969729827655910E-004
 performing expansion, best =    3.6969729786633847E-004
 performing expansion, best =    3.6969729755054377E-004
 performing expansion, best =    3.6969729687299802E-004
 performing expansion, best =    3.6969729612144160E-004
 performing expansion, best =    3.6969729561733762E-004
 performing expansion, best =    3.6969729554269535E-004
 performing expansion, best =    3.6969729459894235E-004
 performing expansion, best =    3.6969729354412075E-004
 performing expansion, best =    3.6969729294544394E-004
 performing expansion, best =    3.6969729187659537E-004
 performing expansion, best =    3.6969729168639064E-004
 performing expansion, best =    3.6969729164349293E-004
 performing expansion, best =    3.6969729092688083E-004
 performing expansion, best =    3.6969729055000077E-004
 performing expansion, best =    3.6969728991242278E-004
 performing expansion, best =    3.6969728847418393E-004
 performing expansion, best =    3.6969728725741246E-004
 performing expansion, best =    3.6969728572790536E-004
 performing expansion, best =    3.6969728570978514E-004
 performing expansion, best =    3.6969728510386575E-004
 performing expansion, best =    3.6969728485741472E-004
 performing expansion, best =    3.6969728435809701E-004
 performing expansion, best =    3.6969728423743122E-004
 performing expansion, best =    3.6969728392867494E-004
 performing expansion, best =    3.6969728378045865E-004
 performing expansion, best =    3.6969728363818037E-004
 performing expansion, best =    3.6969728343507781E-004
 performing expansion, best =    3.6969728326230727E-004
Exiting simplex optimization after  4529 iterations
Solution after  refinement:      3.6969728326E-04
RMSE         3.696972833E-04 Hartree
NEW BEST!

Best found solution for 6 charges:
        RMSE         2.319883725E-01 kcal/mol
         MAE         1.111945752E-01 kcal/mol
     max. AE         1.704301155E+00 kcal/mol

       x[bohr]       y[bohr]       z[bohr]          q[e]
    -0.3109166    -0.7540576    -0.6156074    -0.0001980
     0.0161993     0.0019157    -0.6560898     0.9532059
    -0.0141459     0.0002075     0.6744510     0.9748941
    -0.0107575    -0.0027894     1.5163774    -0.9999415
    -0.2195042    -0.1646891     1.0350854     0.0235896
     0.0076296     0.0011529    -1.5339044    -0.9515500

