Running in fitting mode

Reading "/home/boittier/pydcm/models/fbutadiene-18/ref/B.p.cube"...

  B.pdb Potential
  Electrostatic potential from Total SCF Density
   10  -10.324647   -7.560558   -6.513059
  112    0.166667    0.000000    0.000000
  100    0.000000    0.166667    0.000000
   79    0.000000    0.000000    0.166667
    6    6.000000    1.620043    2.491185   -0.000082
    6    6.000000    0.908110    0.081892   -0.000240
    6    6.000000   -1.616645   -1.047806   -0.000306
    6    6.000000   -3.811895    0.194664    0.000259
    1    1.000000    3.599860    2.995094    0.001207
    1    1.000000    0.226637    3.984252   -0.001820
    9    9.000000    2.743594   -1.735320    0.000204
    1    1.000000   -1.607877   -3.099400   -0.000380
    1    1.000000   -3.921420    2.240822    0.001916
    1    1.000000   -5.587219   -0.822496   -0.000537
  1.93096E-02  1.93928E-02  1.93306E-02  1.91257E-02  1.93580E-02  1.95914E-02
       .            .            .            .            .            .
       .            .            .            .            .            .
       .            .            .            .            .            .
 -1.50756E-03 -1.39729E-03 -1.47328E-03 -1.73039E-03 -2.15176E-03 -2.71089E-03

176503 out of 884800 gridpoints are considered ( 19.9%).

...done!




USING GREEDY MODE
File "multipole3_1charges.xyz" already exists. Fitting procedure is skipped.
File "multipole3_2charges.xyz" already exists. Fitting procedure is skipped.
File "multipole3_3charges.xyz" already exists. Fitting procedure is skipped.
File "multipole3_4charges.xyz" already exists. Fitting procedure is skipped.
File "multipole8_1charges.xyz" already exists. Fitting procedure is skipped.
File "multipole8_2charges.xyz" already exists. Fitting procedure is skipped.
File "multipole8_3charges.xyz" already exists. Fitting procedure is skipped.
File "multipole8_4charges.xyz" already exists. Fitting procedure is skipped.
Fragment fit detected
Fitting to MTP grid, discarding reference MEP cube data
Subsequent stats etc. are compared to MTP data, not the
MEP from the reference cube file
Total fragment charge (a.u.):        -9.297256860E-04
Running DE in parallel with 1 thread(s)!

Starting fitting procedure for 5 charges, trial 1
gen      0/10000      elitist  1.0288817E-02 feasible? T
gen    100/10000      elitist  1.0661281E-03 feasible? T
gen    200/10000      elitist  9.5360700E-04 feasible? T
gen    300/10000      elitist  8.0942688E-04 feasible? T
gen    400/10000      elitist  6.6952432E-04 feasible? T
gen    500/10000      elitist  6.0251710E-04 feasible? T
gen    600/10000      elitist  5.7954443E-04 feasible? T
gen    700/10000      elitist  5.6498769E-04 feasible? T
gen    800/10000      elitist  5.4813882E-04 feasible? T
gen    900/10000      elitist  5.1209935E-04 feasible? T
gen   1000/10000      elitist  3.6995563E-04 feasible? T
gen   1100/10000      elitist  3.5516108E-04 feasible? T
gen   1200/10000      elitist  3.3415300E-04 feasible? T
gen   1300/10000      elitist  3.2607496E-04 feasible? T
gen   1400/10000      elitist  3.2573153E-04 feasible? T
gen   1500/10000      elitist  3.2509310E-04 feasible? T
gen   1600/10000      elitist  3.2338076E-04 feasible? T
gen   1700/10000      elitist  3.2284195E-04 feasible? T
gen   1800/10000      elitist  3.2260784E-04 feasible? T
gen   1900/10000      elitist  3.2215654E-04 feasible? T
gen   2000/10000      elitist  3.2199906E-04 feasible? T
gen   2100/10000      elitist  3.2176286E-04 feasible? T
gen   2200/10000      elitist  3.2167823E-04 feasible? T
gen   2300/10000      elitist  3.2165153E-04 feasible? T
gen   2400/10000      elitist  3.2164334E-04 feasible? T
gen   2500/10000      elitist  3.2164011E-04 feasible? T
gen   2600/10000      elitist  3.2163775E-04 feasible? T
gen   2700/10000      elitist  3.2163730E-04 feasible? T
gen   2800/10000      elitist  3.2163725E-04 feasible? T
population converged towards a single solution after 2843 generations.
Starting local simplex optimization:
Solution before refinement:      3.2163724741E-04
 performing expansion, best =    3.2163723517928273E-004
 performing expansion, best =    3.2163719859625977E-004
 performing expansion, best =    3.2163717049199910E-004
 performing expansion, best =    3.2163716887522055E-004
 performing expansion, best =    3.2163716467304977E-004
 performing expansion, best =    3.2163715417735339E-004
 performing expansion, best =    3.2163713273995629E-004
 performing expansion, best =    3.2163712655597273E-004
 performing expansion, best =    3.2163709004935946E-004
 performing expansion, best =    3.2163705659996354E-004
 performing expansion, best =    3.2163702039227283E-004
 performing expansion, best =    3.2163701198043167E-004
 performing expansion, best =    3.2163700182472949E-004
 performing expansion, best =    3.2163699607296714E-004
 performing expansion, best =    3.2163699345360604E-004
 performing expansion, best =    3.2163698688764141E-004
 performing expansion, best =    3.2163696706152204E-004
 performing expansion, best =    3.2163696660011222E-004
 performing expansion, best =    3.2163696345595161E-004
 performing expansion, best =    3.2163694191268439E-004
 performing expansion, best =    3.2163691432420346E-004
 performing expansion, best =    3.2163688868501857E-004
 performing expansion, best =    3.2163687014096713E-004
 performing expansion, best =    3.2163683654519849E-004
 performing expansion, best =    3.2163682249744020E-004
 performing expansion, best =    3.2163677693415501E-004
 performing expansion, best =    3.2163674254324795E-004
 performing expansion, best =    3.2163672741278808E-004
 performing expansion, best =    3.2163669630002315E-004
 performing expansion, best =    3.2163665544196192E-004
 performing expansion, best =    3.2163660413004724E-004
 performing expansion, best =    3.2163660046468073E-004
 performing expansion, best =    3.2163657030335259E-004
 performing expansion, best =    3.2163650831277369E-004
 performing expansion, best =    3.2163644448562190E-004
 performing expansion, best =    3.2163638768088450E-004
 performing expansion, best =    3.2163635050985940E-004
 performing expansion, best =    3.2163633799598914E-004
 performing expansion, best =    3.2163632429078724E-004
 performing expansion, best =    3.2163630162469737E-004
 performing expansion, best =    3.2163630035956484E-004
 performing expansion, best =    3.2163629938483190E-004
 performing expansion, best =    3.2163628590440609E-004
 performing expansion, best =    3.2163628146980388E-004
 performing expansion, best =    3.2163625229319207E-004
 performing expansion, best =    3.2163624522813357E-004
 performing expansion, best =    3.2163620698406718E-004
 performing expansion, best =    3.2163615000574571E-004
 performing expansion, best =    3.2163608965347332E-004
 performing expansion, best =    3.2163602453040769E-004
 performing expansion, best =    3.2163596902675740E-004
 performing expansion, best =    3.2163590308154213E-004
 performing expansion, best =    3.2163588692386369E-004
 performing expansion, best =    3.2163583373149369E-004
 performing expansion, best =    3.2163579364400866E-004
 performing expansion, best =    3.2163579116144318E-004
 performing expansion, best =    3.2163575853115907E-004
 performing expansion, best =    3.2163567488258609E-004
 performing expansion, best =    3.2163563697698387E-004
 performing expansion, best =    3.2163556796064116E-004
 performing expansion, best =    3.2163555513871784E-004
 performing expansion, best =    3.2163551054962213E-004
 performing expansion, best =    3.2163550562030216E-004
 performing expansion, best =    3.2163545131640457E-004
 performing expansion, best =    3.2163543079808088E-004
 performing expansion, best =    3.2163539956438697E-004
 performing expansion, best =    3.2163537324777071E-004
 performing expansion, best =    3.2163531607121208E-004
 performing expansion, best =    3.2163528572804460E-004
 performing expansion, best =    3.2163523264982385E-004
 performing expansion, best =    3.2163516146183730E-004
 performing expansion, best =    3.2163514054927477E-004
 performing expansion, best =    3.2163509696575023E-004
 performing expansion, best =    3.2163503839987493E-004
 performing expansion, best =    3.2163503728122121E-004
 performing expansion, best =    3.2163502097399226E-004
 performing expansion, best =    3.2163501204549423E-004
 performing expansion, best =    3.2163500003860775E-004
 performing expansion, best =    3.2163499707018169E-004
 performing expansion, best =    3.2163497747298700E-004
 performing expansion, best =    3.2163495604463794E-004
 performing expansion, best =    3.2163495376526675E-004
 performing expansion, best =    3.2163494277337277E-004
 performing expansion, best =    3.2163493802132175E-004
 performing expansion, best =    3.2163493528435577E-004
 performing expansion, best =    3.2163492204994942E-004
 performing expansion, best =    3.2163491749908013E-004
 performing expansion, best =    3.2163490545163034E-004
 performing expansion, best =    3.2163489916205694E-004
 performing expansion, best =    3.2163489020278459E-004
 performing expansion, best =    3.2163488885980640E-004
 performing expansion, best =    3.2163487816612131E-004
 performing expansion, best =    3.2163486446755050E-004
 performing expansion, best =    3.2163485162853891E-004
 performing expansion, best =    3.2163485112668151E-004
 performing expansion, best =    3.2163483116956417E-004
 performing expansion, best =    3.2163480693900108E-004
 performing expansion, best =    3.2163479727814027E-004
 performing expansion, best =    3.2163478410951267E-004
 performing expansion, best =    3.2163476393707902E-004
 performing expansion, best =    3.2163474507741101E-004
 performing expansion, best =    3.2163470675497464E-004
 performing expansion, best =    3.2163464446460251E-004
 performing expansion, best =    3.2163458489057044E-004
 performing expansion, best =    3.2163454669934503E-004
 performing expansion, best =    3.2163449861110477E-004
 performing expansion, best =    3.2163446319004427E-004
 performing expansion, best =    3.2163443286806328E-004
 performing expansion, best =    3.2163439679882346E-004
 performing expansion, best =    3.2163434656070315E-004
 performing expansion, best =    3.2163429867784098E-004
 performing expansion, best =    3.2163428114653287E-004
 performing expansion, best =    3.2163425715224519E-004
 performing expansion, best =    3.2163423225371475E-004
 performing expansion, best =    3.2163422827964150E-004
 performing expansion, best =    3.2163422822640842E-004
 performing expansion, best =    3.2163422804765027E-004
 performing expansion, best =    3.2163422544203793E-004
 performing expansion, best =    3.2163421931017912E-004
 performing expansion, best =    3.2163421407325853E-004
 performing expansion, best =    3.2163420749213697E-004
 performing expansion, best =    3.2163420457603298E-004
 performing expansion, best =    3.2163419786427499E-004
 performing expansion, best =    3.2163419362432871E-004
 performing expansion, best =    3.2163419195645377E-004
 performing expansion, best =    3.2163418603166208E-004
 performing expansion, best =    3.2163418089154394E-004
 performing expansion, best =    3.2163417217261834E-004
 performing expansion, best =    3.2163415987742353E-004
 performing expansion, best =    3.2163413628787866E-004
 performing expansion, best =    3.2163412369177959E-004
 performing expansion, best =    3.2163411075289465E-004
 performing expansion, best =    3.2163410504778954E-004
 performing expansion, best =    3.2163409376132667E-004
 performing expansion, best =    3.2163408720415574E-004
 performing expansion, best =    3.2163408712095710E-004
 performing expansion, best =    3.2163408525024041E-004
 performing expansion, best =    3.2163408300500982E-004
 performing expansion, best =    3.2163408131800474E-004
 performing expansion, best =    3.2163408042498861E-004
 performing expansion, best =    3.2163407897938093E-004
 performing expansion, best =    3.2163407815872277E-004
 performing expansion, best =    3.2163407536550740E-004
 performing expansion, best =    3.2163407291685057E-004
 performing expansion, best =    3.2163407279525138E-004
 performing expansion, best =    3.2163407065509837E-004
 performing expansion, best =    3.2163406705352907E-004
 performing expansion, best =    3.2163406321793697E-004
 performing expansion, best =    3.2163406216610696E-004
 performing expansion, best =    3.2163406146541653E-004
 performing expansion, best =    3.2163405755311869E-004
 performing expansion, best =    3.2163405142890227E-004
 performing expansion, best =    3.2163404670049092E-004
 performing expansion, best =    3.2163403848012892E-004
 performing expansion, best =    3.2163403234596922E-004
 performing expansion, best =    3.2163402310847971E-004
 performing expansion, best =    3.2163401606681786E-004
 performing expansion, best =    3.2163400613575619E-004
 performing expansion, best =    3.2163399636425514E-004
 performing expansion, best =    3.2163398296745769E-004
 performing expansion, best =    3.2163396661666647E-004
 performing expansion, best =    3.2163395401150894E-004
 performing expansion, best =    3.2163394102339250E-004
 performing expansion, best =    3.2163391489036208E-004
 performing expansion, best =    3.2163390695634823E-004
 performing expansion, best =    3.2163388084960673E-004
 performing expansion, best =    3.2163387677070572E-004
 performing expansion, best =    3.2163387125717262E-004
 performing expansion, best =    3.2163385929750852E-004
 performing expansion, best =    3.2163385180823261E-004
 performing expansion, best =    3.2163384213779021E-004
 performing expansion, best =    3.2163382843690544E-004
 performing expansion, best =    3.2163381811180431E-004
 performing expansion, best =    3.2163381809374871E-004
 performing expansion, best =    3.2163381603446660E-004
 performing expansion, best =    3.2163380505422938E-004
 performing expansion, best =    3.2163380466544651E-004
 performing expansion, best =    3.2163379568816801E-004
 performing expansion, best =    3.2163378911289958E-004
 performing expansion, best =    3.2163378845489381E-004
 performing expansion, best =    3.2163378829529659E-004
 performing expansion, best =    3.2163378776631934E-004
 performing expansion, best =    3.2163378772518027E-004
 performing expansion, best =    3.2163378690258881E-004
 performing expansion, best =    3.2163378663915165E-004
 performing expansion, best =    3.2163378650303196E-004
 performing expansion, best =    3.2163378646999654E-004
 performing expansion, best =    3.2163378588845722E-004
 performing expansion, best =    3.2163378553919168E-004
 performing expansion, best =    3.2163378548731065E-004
 performing expansion, best =    3.2163378521741018E-004
 performing expansion, best =    3.2163378505969552E-004
 performing expansion, best =    3.2163378462551711E-004
 performing expansion, best =    3.2163378458693626E-004
 performing expansion, best =    3.2163378397580348E-004
 performing expansion, best =    3.2163378382556586E-004
 performing expansion, best =    3.2163378372611172E-004
Exiting simplex optimization after  2019 iterations
Solution after  refinement:      3.2163378373E-04
RMSE         3.216337837E-04 Hartree
NEW BEST!

Starting fitting procedure for 5 charges, trial 2
gen      0/10000      elitist  8.2492761E-03 feasible? F
gen    100/10000      elitist  5.4505094E-04 feasible? T
gen    200/10000      elitist  3.8052526E-04 feasible? T
gen    300/10000      elitist  3.5187963E-04 feasible? T
gen    400/10000      elitist  3.4576557E-04 feasible? T
gen    500/10000      elitist  3.4059821E-04 feasible? T
gen    600/10000      elitist  3.3117218E-04 feasible? T
gen    700/10000      elitist  3.2950313E-04 feasible? T
gen    800/10000      elitist  3.1940212E-04 feasible? T
gen    900/10000      elitist  3.1764696E-04 feasible? T
gen   1000/10000      elitist  3.1190279E-04 feasible? T
gen   1100/10000      elitist  3.1005414E-04 feasible? T
gen   1200/10000      elitist  3.0964916E-04 feasible? T
gen   1300/10000      elitist  3.0851840E-04 feasible? T
gen   1400/10000      elitist  3.0834378E-04 feasible? T
gen   1500/10000      elitist  3.0833225E-04 feasible? T
gen   1600/10000      elitist  3.0831641E-04 feasible? T
gen   1700/10000      elitist  3.0329082E-04 feasible? T
gen   1800/10000      elitist  3.0095632E-04 feasible? T
gen   1900/10000      elitist  3.0072884E-04 feasible? T
gen   2000/10000      elitist  2.9881224E-04 feasible? T
gen   2100/10000      elitist  2.9764762E-04 feasible? T
gen   2200/10000      elitist  2.9725239E-04 feasible? T
gen   2300/10000      elitist  2.9682121E-04 feasible? T
gen   2400/10000      elitist  2.9512486E-04 feasible? T
gen   2500/10000      elitist  2.9483123E-04 feasible? T
gen   2600/10000      elitist  2.9451632E-04 feasible? T
gen   2700/10000      elitist  2.9358047E-04 feasible? T
gen   2800/10000      elitist  2.9343670E-04 feasible? T
gen   2900/10000      elitist  2.9340726E-04 feasible? T
gen   3000/10000      elitist  2.9331018E-04 feasible? T
gen   3100/10000      elitist  2.9280835E-04 feasible? T
gen   3200/10000      elitist  2.9276659E-04 feasible? T
gen   3300/10000      elitist  2.9274973E-04 feasible? T
gen   3400/10000      elitist  2.9274547E-04 feasible? T
gen   3500/10000      elitist  2.9274293E-04 feasible? T
gen   3600/10000      elitist  2.9274239E-04 feasible? T
gen   3700/10000      elitist  2.9274221E-04 feasible? T
gen   3800/10000      elitist  2.9274218E-04 feasible? T
population converged towards a single solution after 3896 generations.
Starting local simplex optimization:
Solution before refinement:      2.9274217709E-04
 performing expansion, best =    2.9274179748268694E-004
 performing expansion, best =    2.9274085943219598E-004
 performing expansion, best =    2.9274031047887703E-004
 performing expansion, best =    2.9274020774720078E-004
 performing expansion, best =    2.9274020317572933E-004
 performing expansion, best =    2.9274009289573895E-004
 performing expansion, best =    2.9274007165692773E-004
 performing expansion, best =    2.9274003200029200E-004
 performing expansion, best =    2.9274002691475107E-004
 performing expansion, best =    2.9274001613671652E-004
 performing expansion, best =    2.9274000308347065E-004
 performing expansion, best =    2.9273999258471795E-004
 performing expansion, best =    2.9273998802414642E-004
 performing expansion, best =    2.9273998176385134E-004
 performing expansion, best =    2.9273997564494057E-004
 performing expansion, best =    2.9273996757703166E-004
 performing expansion, best =    2.9273996422095317E-004
 performing expansion, best =    2.9273992361424436E-004
 performing expansion, best =    2.9273992308417591E-004
 performing expansion, best =    2.9273989539782016E-004
 performing expansion, best =    2.9273984957573510E-004
 performing expansion, best =    2.9273980696372401E-004
 performing expansion, best =    2.9273979445918619E-004
 performing expansion, best =    2.9273975219366936E-004
 performing expansion, best =    2.9273972299457711E-004
 performing expansion, best =    2.9273972210335923E-004
 performing expansion, best =    2.9273969817100894E-004
 performing expansion, best =    2.9273968867833694E-004
 performing expansion, best =    2.9273968689137221E-004
 performing expansion, best =    2.9273968202483491E-004
 performing expansion, best =    2.9273967607704014E-004
 performing expansion, best =    2.9273967082836983E-004
 performing expansion, best =    2.9273966350565881E-004
 performing expansion, best =    2.9273963596860799E-004
 performing expansion, best =    2.9273963037107308E-004
 performing expansion, best =    2.9273962508884682E-004
 performing expansion, best =    2.9273962420278514E-004
 performing expansion, best =    2.9273959181540314E-004
 performing expansion, best =    2.9273959093296909E-004
 performing expansion, best =    2.9273958298007690E-004
 performing expansion, best =    2.9273955287427959E-004
 performing expansion, best =    2.9273955162074765E-004
 performing expansion, best =    2.9273955019771348E-004
 performing expansion, best =    2.9273954817745035E-004
 performing expansion, best =    2.9273954372366844E-004
 performing expansion, best =    2.9273954297088584E-004
 performing expansion, best =    2.9273953194729115E-004
 performing expansion, best =    2.9273953050115513E-004
 performing expansion, best =    2.9273952150478535E-004
 performing expansion, best =    2.9273952127510981E-004
 performing expansion, best =    2.9273951969191822E-004
 performing expansion, best =    2.9273951764496685E-004
 performing expansion, best =    2.9273951701181474E-004
 performing expansion, best =    2.9273950756789508E-004
 performing expansion, best =    2.9273950729774876E-004
 performing expansion, best =    2.9273950572212339E-004
 performing expansion, best =    2.9273950263305055E-004
 performing expansion, best =    2.9273949265109313E-004
 performing expansion, best =    2.9273948483048823E-004
 performing expansion, best =    2.9273947573693745E-004
 performing expansion, best =    2.9273946616462597E-004
 performing expansion, best =    2.9273945677357825E-004
 performing expansion, best =    2.9273945466831702E-004
 performing expansion, best =    2.9273943853846371E-004
 performing expansion, best =    2.9273942369604762E-004
 performing expansion, best =    2.9273941995593068E-004
 performing expansion, best =    2.9273941477427431E-004
 performing expansion, best =    2.9273941328031625E-004
 performing expansion, best =    2.9273939443914419E-004
 performing expansion, best =    2.9273938011923787E-004
 performing expansion, best =    2.9273937911191366E-004
 performing expansion, best =    2.9273936959265973E-004
 performing expansion, best =    2.9273935165548628E-004
 performing expansion, best =    2.9273933578367303E-004
 performing expansion, best =    2.9273931723262491E-004
 performing expansion, best =    2.9273929888481667E-004
 performing expansion, best =    2.9273928212776779E-004
 performing expansion, best =    2.9273926445841429E-004
 performing expansion, best =    2.9273925221954259E-004
 performing expansion, best =    2.9273924763452110E-004
 performing expansion, best =    2.9273923639021229E-004
 performing expansion, best =    2.9273923445771803E-004
 performing expansion, best =    2.9273923292883017E-004
 performing expansion, best =    2.9273923267808663E-004
 performing expansion, best =    2.9273923032756223E-004
 performing expansion, best =    2.9273922689187560E-004
 performing expansion, best =    2.9273922352073472E-004
 performing expansion, best =    2.9273922105427637E-004
 performing expansion, best =    2.9273921963144327E-004
 performing expansion, best =    2.9273921937591932E-004
 performing expansion, best =    2.9273921920090361E-004
 performing expansion, best =    2.9273921628616311E-004
 performing expansion, best =    2.9273921594459785E-004
 performing expansion, best =    2.9273921367036756E-004
 performing expansion, best =    2.9273921282660294E-004
 performing expansion, best =    2.9273921164158574E-004
 performing expansion, best =    2.9273921139116648E-004
 performing expansion, best =    2.9273921099506628E-004
 performing expansion, best =    2.9273920938064523E-004
 performing expansion, best =    2.9273920872123195E-004
 performing expansion, best =    2.9273920539972227E-004
 performing expansion, best =    2.9273920176898534E-004
 performing expansion, best =    2.9273919702085940E-004
 performing expansion, best =    2.9273919200784390E-004
 performing expansion, best =    2.9273918858224978E-004
 performing expansion, best =    2.9273918361319076E-004
 performing expansion, best =    2.9273917633385478E-004
 performing expansion, best =    2.9273916996036645E-004
 performing expansion, best =    2.9273916169520516E-004
 performing expansion, best =    2.9273915246170497E-004
 performing expansion, best =    2.9273913897299189E-004
 performing expansion, best =    2.9273912745007938E-004
 performing expansion, best =    2.9273911542044938E-004
 performing expansion, best =    2.9273909915986264E-004
 performing expansion, best =    2.9273908002752289E-004
 performing expansion, best =    2.9273906161476481E-004
 performing expansion, best =    2.9273904399122129E-004
 performing expansion, best =    2.9273902135834096E-004
 performing expansion, best =    2.9273899732910739E-004
 performing expansion, best =    2.9273898194602814E-004
 performing expansion, best =    2.9273896309656557E-004
 performing expansion, best =    2.9273894243446241E-004
 performing expansion, best =    2.9273890516324976E-004
 performing expansion, best =    2.9273887504333848E-004
 performing expansion, best =    2.9273883212838932E-004
 performing expansion, best =    2.9273879028972745E-004
 performing expansion, best =    2.9273874297187517E-004
 performing expansion, best =    2.9273869063602831E-004
 performing expansion, best =    2.9273862221240022E-004
 performing expansion, best =    2.9273852894549647E-004
 performing expansion, best =    2.9273844380034572E-004
 performing expansion, best =    2.9273835071780681E-004
 performing expansion, best =    2.9273822503069570E-004
 performing expansion, best =    2.9273803002763919E-004
 performing expansion, best =    2.9273787987380077E-004
 performing expansion, best =    2.9273766791026139E-004
 performing expansion, best =    2.9273766287252564E-004
 performing expansion, best =    2.9273764451969510E-004
 performing expansion, best =    2.9273764003820353E-004
 performing expansion, best =    2.9273763631079442E-004
 performing expansion, best =    2.9273759753622915E-004
 performing expansion, best =    2.9273758461359007E-004
 performing expansion, best =    2.9273757609140006E-004
 performing expansion, best =    2.9273756271819452E-004
 performing expansion, best =    2.9273755725981295E-004
 performing expansion, best =    2.9273755577058694E-004
 performing expansion, best =    2.9273751486844714E-004
 performing expansion, best =    2.9273745835954547E-004
 performing expansion, best =    2.9273740508942034E-004
 performing expansion, best =    2.9273740090286928E-004
 performing expansion, best =    2.9273734376153101E-004
 performing expansion, best =    2.9273734064264977E-004
 performing expansion, best =    2.9273732660204023E-004
 performing expansion, best =    2.9273732625141081E-004
 performing expansion, best =    2.9273728870288208E-004
 performing expansion, best =    2.9273727520423001E-004
 performing expansion, best =    2.9273722805784187E-004
 performing expansion, best =    2.9273721876859276E-004
 performing expansion, best =    2.9273720579232919E-004
 performing expansion, best =    2.9273720459381118E-004
 performing expansion, best =    2.9273720101751275E-004
 performing expansion, best =    2.9273718434003819E-004
 performing expansion, best =    2.9273718194438480E-004
 performing expansion, best =    2.9273717374204012E-004
 performing expansion, best =    2.9273715122530821E-004
 performing expansion, best =    2.9273715019268050E-004
 performing expansion, best =    2.9273714430594003E-004
 performing expansion, best =    2.9273714379253100E-004
 performing expansion, best =    2.9273713895347606E-004
 performing expansion, best =    2.9273712407277522E-004
 performing expansion, best =    2.9273710474073074E-004
 performing expansion, best =    2.9273709089658518E-004
 performing expansion, best =    2.9273707537727956E-004
 performing expansion, best =    2.9273704934492008E-004
 performing expansion, best =    2.9273703231429886E-004
 performing expansion, best =    2.9273702200055486E-004
 performing expansion, best =    2.9273701293972123E-004
 performing expansion, best =    2.9273699913011505E-004
 performing expansion, best =    2.9273699702631284E-004
 performing expansion, best =    2.9273698887410796E-004
 performing expansion, best =    2.9273697729632897E-004
 performing expansion, best =    2.9273694827229064E-004
 performing expansion, best =    2.9273693683721082E-004
 performing expansion, best =    2.9273692602789481E-004
 performing expansion, best =    2.9273691900715790E-004
 performing expansion, best =    2.9273691680872902E-004
 performing expansion, best =    2.9273688578638308E-004
 performing expansion, best =    2.9273688429069973E-004
 performing expansion, best =    2.9273686512180605E-004
 performing expansion, best =    2.9273685781953311E-004
 performing expansion, best =    2.9273685455392175E-004
 performing expansion, best =    2.9273684855153458E-004
 performing expansion, best =    2.9273684153059557E-004
 performing expansion, best =    2.9273682839385193E-004
 performing expansion, best =    2.9273682580285056E-004
 performing expansion, best =    2.9273682207539174E-004
 performing expansion, best =    2.9273681241133464E-004
 performing expansion, best =    2.9273679972084752E-004
 performing expansion, best =    2.9273677451407910E-004
 performing expansion, best =    2.9273673923130533E-004
 performing expansion, best =    2.9273673169340030E-004
 performing expansion, best =    2.9273668237210217E-004
 performing expansion, best =    2.9273663708303063E-004
 performing expansion, best =    2.9273658013091763E-004
 performing expansion, best =    2.9273648715945664E-004
 performing expansion, best =    2.9273641300194442E-004
 performing expansion, best =    2.9273626603302887E-004
 performing expansion, best =    2.9273611404036443E-004
 performing expansion, best =    2.9273599710790787E-004
 performing expansion, best =    2.9273585704969057E-004
 performing expansion, best =    2.9273570466894214E-004
 performing expansion, best =    2.9273557379172921E-004
 performing expansion, best =    2.9273542423243512E-004
 performing expansion, best =    2.9273525730557162E-004
 performing expansion, best =    2.9273510196993501E-004
 performing expansion, best =    2.9273489248920744E-004
 performing expansion, best =    2.9273475040326178E-004
 performing expansion, best =    2.9273462243875999E-004
 performing expansion, best =    2.9273456953203021E-004
 performing expansion, best =    2.9273449164179293E-004
 performing expansion, best =    2.9273443324815383E-004
 performing expansion, best =    2.9273443228653578E-004
 performing expansion, best =    2.9273435937011597E-004
 performing expansion, best =    2.9273431569814260E-004
 performing expansion, best =    2.9273424995803095E-004
 performing expansion, best =    2.9273414089125153E-004
 performing expansion, best =    2.9273412272295626E-004
 performing expansion, best =    2.9273408630594531E-004
 performing expansion, best =    2.9273408042348683E-004
 performing expansion, best =    2.9273407339817275E-004
 performing expansion, best =    2.9273406169805786E-004
 performing expansion, best =    2.9273405908668054E-004
 performing expansion, best =    2.9273404968058458E-004
 performing expansion, best =    2.9273402651422859E-004
 performing expansion, best =    2.9273400382862427E-004
 performing expansion, best =    2.9273398151571830E-004
 performing expansion, best =    2.9273398047584585E-004
 performing expansion, best =    2.9273397735730987E-004
 performing expansion, best =    2.9273397589685984E-004
 performing expansion, best =    2.9273395509449431E-004
 performing expansion, best =    2.9273393996676923E-004
 performing expansion, best =    2.9273391890467690E-004
 performing expansion, best =    2.9273388279335870E-004
 performing expansion, best =    2.9273383297300767E-004
 performing expansion, best =    2.9273376351030017E-004
 performing expansion, best =    2.9273371665014503E-004
 performing expansion, best =    2.9273363882336540E-004
 performing expansion, best =    2.9273356348024807E-004
 performing expansion, best =    2.9273344331890729E-004
 performing expansion, best =    2.9273331469309509E-004
 performing expansion, best =    2.9273326888378762E-004
 performing expansion, best =    2.9273324747015021E-004
 performing expansion, best =    2.9273323384335168E-004
 performing expansion, best =    2.9273322377981991E-004
 performing expansion, best =    2.9273321405609879E-004
 performing expansion, best =    2.9273320762998671E-004
 performing expansion, best =    2.9273318420859661E-004
 performing expansion, best =    2.9273317778229647E-004
 performing expansion, best =    2.9273317227883632E-004
 performing expansion, best =    2.9273316945876364E-004
 performing expansion, best =    2.9273315885353714E-004
 performing expansion, best =    2.9273315223315196E-004
 performing expansion, best =    2.9273314891736709E-004
 performing expansion, best =    2.9273314096594827E-004
 performing expansion, best =    2.9273313964623565E-004
 performing expansion, best =    2.9273312700602797E-004
 performing expansion, best =    2.9273312677242371E-004
 performing expansion, best =    2.9273312404733246E-004
 performing expansion, best =    2.9273312393816549E-004
 performing expansion, best =    2.9273312361363538E-004
 performing expansion, best =    2.9273312311448892E-004
 performing expansion, best =    2.9273312277028845E-004
 performing expansion, best =    2.9273312259928564E-004
 performing expansion, best =    2.9273312233750063E-004
 performing expansion, best =    2.9273312220687157E-004
 performing expansion, best =    2.9273312198853943E-004
 performing expansion, best =    2.9273312192624155E-004
 performing expansion, best =    2.9273312177230198E-004
 performing expansion, best =    2.9273312175855982E-004
Exiting simplex optimization after  2332 iterations
Solution after  refinement:      2.9273312144E-04
RMSE         2.927331214E-04 Hartree
NEW BEST!

Starting fitting procedure for 5 charges, trial 3
gen      0/10000      elitist  7.6951928E-04 feasible? F
gen    100/10000      elitist  7.1499910E-04 feasible? T
gen    200/10000      elitist  4.3435653E-04 feasible? T
gen    300/10000      elitist  3.4425760E-04 feasible? T
gen    400/10000      elitist  3.2294588E-04 feasible? T
gen    500/10000      elitist  3.1542348E-04 feasible? T
gen    600/10000      elitist  3.1258375E-04 feasible? T
gen    700/10000      elitist  3.1004710E-04 feasible? T
gen    800/10000      elitist  2.9526816E-04 feasible? T
gen    900/10000      elitist  2.8783296E-04 feasible? T
gen   1000/10000      elitist  2.8527391E-04 feasible? T
gen   1100/10000      elitist  2.8458161E-04 feasible? T
gen   1200/10000      elitist  2.8447332E-04 feasible? T
gen   1300/10000      elitist  2.8440647E-04 feasible? T
gen   1400/10000      elitist  2.8398101E-04 feasible? T
gen   1500/10000      elitist  2.8396225E-04 feasible? T
gen   1600/10000      elitist  2.8395838E-04 feasible? T
gen   1700/10000      elitist  2.8395781E-04 feasible? T
gen   1800/10000      elitist  2.8395676E-04 feasible? T
gen   1900/10000      elitist  2.8395644E-04 feasible? T
gen   2000/10000      elitist  2.8395637E-04 feasible? T
gen   2100/10000      elitist  2.8394105E-04 feasible? T
gen   2200/10000      elitist  2.8393972E-04 feasible? T
gen   2300/10000      elitist  2.8393912E-04 feasible? T
gen   2400/10000      elitist  2.8393844E-04 feasible? T
gen   2500/10000      elitist  2.8393834E-04 feasible? T
gen   2600/10000      elitist  2.8393831E-04 feasible? T
gen   2700/10000      elitist  2.8393828E-04 feasible? T
gen   2800/10000      elitist  2.8393742E-04 feasible? T
gen   2900/10000      elitist  2.8393703E-04 feasible? T
gen   3000/10000      elitist  2.8393656E-04 feasible? T
gen   3100/10000      elitist  2.8393605E-04 feasible? T
gen   3200/10000      elitist  2.8393595E-04 feasible? T
gen   3300/10000      elitist  2.8393589E-04 feasible? T
gen   3400/10000      elitist  2.8393587E-04 feasible? T
population converged towards a single solution after 3446 generations.
Starting local simplex optimization:
Solution before refinement:      2.8393586221E-04
 performing expansion, best =    2.8393580886750989E-004
 performing expansion, best =    2.8393577676876706E-004
 performing expansion, best =    2.8393574581498152E-004
 performing expansion, best =    2.8393563366647939E-004
 performing expansion, best =    2.8393563220394807E-004
 performing expansion, best =    2.8393562042122495E-004
 performing expansion, best =    2.8393561246563943E-004
 performing expansion, best =    2.8393560622513500E-004
 performing expansion, best =    2.8393559026790478E-004
 performing expansion, best =    2.8393557657360876E-004
 performing expansion, best =    2.8393557204969518E-004
 performing expansion, best =    2.8393556460490067E-004
 performing expansion, best =    2.8393555920300516E-004
 performing expansion, best =    2.8393555309854469E-004
 performing expansion, best =    2.8393554989925148E-004
 performing expansion, best =    2.8393554770431416E-004
 performing expansion, best =    2.8393554495364511E-004
 performing expansion, best =    2.8393552771885356E-004
 performing expansion, best =    2.8393552398312807E-004
 performing expansion, best =    2.8393550073450976E-004
 performing expansion, best =    2.8393549928845430E-004
 performing expansion, best =    2.8393549809537942E-004
 performing expansion, best =    2.8393549570637815E-004
 performing expansion, best =    2.8393549564552443E-004
 performing expansion, best =    2.8393549335309831E-004
 performing expansion, best =    2.8393549060945407E-004
 performing expansion, best =    2.8393549015309668E-004
 performing expansion, best =    2.8393548393591112E-004
 performing expansion, best =    2.8393548205476532E-004
 performing expansion, best =    2.8393548201485904E-004
 performing expansion, best =    2.8393548109002559E-004
 performing expansion, best =    2.8393548015938493E-004
 performing expansion, best =    2.8393547803838803E-004
 performing expansion, best =    2.8393547626852936E-004
 performing expansion, best =    2.8393547449016490E-004
 performing expansion, best =    2.8393547270067155E-004
 performing expansion, best =    2.8393547164541768E-004
 performing expansion, best =    2.8393547093458514E-004
 performing expansion, best =    2.8393547030254840E-004
 performing expansion, best =    2.8393546835908245E-004
 performing expansion, best =    2.8393546791227118E-004
 performing expansion, best =    2.8393546690934850E-004
 performing expansion, best =    2.8393546557116861E-004
 performing expansion, best =    2.8393546431926899E-004
 performing expansion, best =    2.8393545852242318E-004
 performing expansion, best =    2.8393545719870259E-004
 performing expansion, best =    2.8393545638160994E-004
 performing expansion, best =    2.8393545625955490E-004
 performing expansion, best =    2.8393545228006130E-004
 performing expansion, best =    2.8393545181658097E-004
 performing expansion, best =    2.8393545142242290E-004
 performing expansion, best =    2.8393545093655944E-004
 performing expansion, best =    2.8393545059640711E-004
 performing expansion, best =    2.8393545011153813E-004
 performing expansion, best =    2.8393544984643774E-004
 performing expansion, best =    2.8393544949480837E-004
 performing expansion, best =    2.8393544687378410E-004
 performing expansion, best =    2.8393544652296912E-004
 performing expansion, best =    2.8393544610037802E-004
 performing expansion, best =    2.8393544591945774E-004
 performing expansion, best =    2.8393544574017001E-004
 performing expansion, best =    2.8393544521931722E-004
 performing expansion, best =    2.8393544487672777E-004
 performing expansion, best =    2.8393544478368560E-004
 performing expansion, best =    2.8393544462185927E-004
 performing expansion, best =    2.8393544409315453E-004
 performing expansion, best =    2.8393544376758385E-004
 performing expansion, best =    2.8393544131823806E-004
 performing expansion, best =    2.8393544120274385E-004
 performing expansion, best =    2.8393544115441988E-004
 performing expansion, best =    2.8393544009100067E-004
 performing expansion, best =    2.8393543960144978E-004
 performing expansion, best =    2.8393543903955365E-004
 performing expansion, best =    2.8393543882020486E-004
 performing expansion, best =    2.8393543849475214E-004
 performing expansion, best =    2.8393543839799539E-004
 performing expansion, best =    2.8393543823285097E-004
 performing expansion, best =    2.8393543778019493E-004
 performing expansion, best =    2.8393543760947402E-004
 performing expansion, best =    2.8393543569167737E-004
 performing expansion, best =    2.8393543408908236E-004
 performing expansion, best =    2.8393543369934198E-004
 performing expansion, best =    2.8393543365580427E-004
 performing expansion, best =    2.8393543354278861E-004
 performing expansion, best =    2.8393543163618233E-004
 performing expansion, best =    2.8393543104001214E-004
 performing expansion, best =    2.8393542852113505E-004
 performing expansion, best =    2.8393542636510855E-004
 performing expansion, best =    2.8393542388531592E-004
 performing expansion, best =    2.8393542109963490E-004
 performing expansion, best =    2.8393542066529190E-004
 performing expansion, best =    2.8393542057729578E-004
 performing expansion, best =    2.8393542034586036E-004
 performing expansion, best =    2.8393541734782532E-004
 performing expansion, best =    2.8393541729531324E-004
 performing expansion, best =    2.8393541507902218E-004
 performing expansion, best =    2.8393541317555320E-004
 performing expansion, best =    2.8393541119340281E-004
 performing expansion, best =    2.8393541110455559E-004
 performing expansion, best =    2.8393541090726310E-004
 performing expansion, best =    2.8393541081568016E-004
 performing expansion, best =    2.8393541070201566E-004
 performing expansion, best =    2.8393541049990915E-004
 performing expansion, best =    2.8393541000264183E-004
 performing expansion, best =    2.8393540927523900E-004
 performing expansion, best =    2.8393540780644380E-004
 performing expansion, best =    2.8393540764554983E-004
 performing expansion, best =    2.8393540566614442E-004
 performing expansion, best =    2.8393540418629942E-004
 performing expansion, best =    2.8393540362533137E-004
 performing expansion, best =    2.8393540353183108E-004
 performing expansion, best =    2.8393540295860710E-004
 performing expansion, best =    2.8393540090054846E-004
 performing expansion, best =    2.8393540080949017E-004
 performing expansion, best =    2.8393539863309672E-004
 performing expansion, best =    2.8393539738085248E-004
 performing expansion, best =    2.8393539657347536E-004
 performing expansion, best =    2.8393539644460026E-004
 performing expansion, best =    2.8393539331401111E-004
 performing expansion, best =    2.8393539060280002E-004
 performing expansion, best =    2.8393538987750362E-004
 performing expansion, best =    2.8393538968707566E-004
 performing expansion, best =    2.8393538870312754E-004
 performing expansion, best =    2.8393538855630928E-004
 performing expansion, best =    2.8393538847531840E-004
 performing expansion, best =    2.8393538796323920E-004
 performing expansion, best =    2.8393538749072974E-004
 performing expansion, best =    2.8393538721533659E-004
 performing expansion, best =    2.8393538670542731E-004
 performing expansion, best =    2.8393538501197290E-004
 performing expansion, best =    2.8393538492263432E-004
 performing expansion, best =    2.8393538483485021E-004
 performing expansion, best =    2.8393538380753125E-004
 performing expansion, best =    2.8393538355763701E-004
 performing expansion, best =    2.8393538346001095E-004
 performing expansion, best =    2.8393538306775088E-004
 performing expansion, best =    2.8393538303233542E-004
 performing expansion, best =    2.8393538284843180E-004
 performing expansion, best =    2.8393538273496050E-004
 performing expansion, best =    2.8393538262564728E-004
 performing expansion, best =    2.8393538239987752E-004
Exiting simplex optimization after  1271 iterations
Solution after  refinement:      2.8393538240E-04
RMSE         2.839353824E-04 Hartree
NEW BEST!

Starting fitting procedure for 5 charges, trial 4
gen      0/10000      elitist  4.1343200E-03 feasible? F
gen    100/10000      elitist  9.7219472E-04 feasible? T
gen    200/10000      elitist  6.9220968E-04 feasible? T
gen    300/10000      elitist  5.8323642E-04 feasible? T
gen    400/10000      elitist  5.2207782E-04 feasible? T
gen    500/10000      elitist  4.2300565E-04 feasible? T
gen    600/10000      elitist  3.3490411E-04 feasible? T
gen    700/10000      elitist  2.9621389E-04 feasible? T
gen    800/10000      elitist  2.8871449E-04 feasible? T
gen    900/10000      elitist  2.8549140E-04 feasible? T
gen   1000/10000      elitist  2.7325768E-04 feasible? T
gen   1100/10000      elitist  2.7235688E-04 feasible? T
gen   1200/10000      elitist  2.7020614E-04 feasible? T
gen   1300/10000      elitist  2.6507779E-04 feasible? T
gen   1400/10000      elitist  2.6432469E-04 feasible? T
gen   1500/10000      elitist  2.6404921E-04 feasible? T
gen   1600/10000      elitist  2.6384585E-04 feasible? T
gen   1700/10000      elitist  2.6338811E-04 feasible? T
gen   1800/10000      elitist  2.6266178E-04 feasible? T
gen   1900/10000      elitist  2.6225597E-04 feasible? T
gen   2000/10000      elitist  2.6219586E-04 feasible? T
gen   2100/10000      elitist  2.6218601E-04 feasible? T
gen   2200/10000      elitist  2.6218521E-04 feasible? T
gen   2300/10000      elitist  2.6218511E-04 feasible? T
gen   2400/10000      elitist  2.6218508E-04 feasible? T
population converged towards a single solution after 2473 generations.
Starting local simplex optimization:
Solution before refinement:      2.6218506587E-04
 performing expansion, best =    2.6218506402491472E-004
 performing expansion, best =    2.6218505798746917E-004
 performing expansion, best =    2.6218504716512219E-004
 performing expansion, best =    2.6218503509432042E-004
 performing expansion, best =    2.6218503145947908E-004
 performing expansion, best =    2.6218501158413628E-004
 performing expansion, best =    2.6218500182337875E-004
 performing expansion, best =    2.6218499849804656E-004
 performing expansion, best =    2.6218499700912673E-004
 performing expansion, best =    2.6218499554947380E-004
 performing expansion, best =    2.6218499209420659E-004
 performing expansion, best =    2.6218498763675753E-004
 performing expansion, best =    2.6218498422272393E-004
 performing expansion, best =    2.6218497145239498E-004
 performing expansion, best =    2.6218495519012973E-004
 performing expansion, best =    2.6218493796279321E-004
 performing expansion, best =    2.6218491752962980E-004
 performing expansion, best =    2.6218489668053879E-004
 performing expansion, best =    2.6218487801112138E-004
 performing expansion, best =    2.6218486385614726E-004
 performing expansion, best =    2.6218485141784372E-004
 performing expansion, best =    2.6218483159425179E-004
 performing expansion, best =    2.6218481455500976E-004
 performing expansion, best =    2.6218479037217265E-004
 performing expansion, best =    2.6218477280900971E-004
 performing expansion, best =    2.6218476518964369E-004
 performing expansion, best =    2.6218475172400032E-004
 performing expansion, best =    2.6218474223823154E-004
 performing expansion, best =    2.6218472627287604E-004
 performing expansion, best =    2.6218472574656874E-004
 performing expansion, best =    2.6218471772853665E-004
 performing expansion, best =    2.6218471162733838E-004
 performing expansion, best =    2.6218470648150198E-004
 performing expansion, best =    2.6218470466757548E-004
 performing expansion, best =    2.6218470349254037E-004
 performing expansion, best =    2.6218470196807817E-004
 performing expansion, best =    2.6218470115724766E-004
 performing expansion, best =    2.6218469826990955E-004
 performing expansion, best =    2.6218469708845044E-004
 performing expansion, best =    2.6218469663382224E-004
 performing expansion, best =    2.6218469653540861E-004
 performing expansion, best =    2.6218469347952846E-004
 performing expansion, best =    2.6218469183760771E-004
 performing expansion, best =    2.6218469179169180E-004
 performing expansion, best =    2.6218468813668007E-004
 performing expansion, best =    2.6218468486825303E-004
 performing expansion, best =    2.6218468276897541E-004
 performing expansion, best =    2.6218468211399397E-004
 performing expansion, best =    2.6218468147055603E-004
 performing expansion, best =    2.6218468082201795E-004
 performing expansion, best =    2.6218468001822792E-004
 performing expansion, best =    2.6218467988414182E-004
 performing expansion, best =    2.6218467954550450E-004
 performing expansion, best =    2.6218467908176553E-004
 performing expansion, best =    2.6218467868045357E-004
 performing expansion, best =    2.6218467844801055E-004
 performing expansion, best =    2.6218467838386113E-004
 performing expansion, best =    2.6218467790089812E-004
 performing expansion, best =    2.6218467649938824E-004
 performing expansion, best =    2.6218467478302768E-004
 performing expansion, best =    2.6218467429580647E-004
 performing expansion, best =    2.6218467372407322E-004
 performing expansion, best =    2.6218467360147505E-004
 performing expansion, best =    2.6218467329231301E-004
 performing expansion, best =    2.6218467321584282E-004
 performing expansion, best =    2.6218467309194746E-004
 performing expansion, best =    2.6218467307412941E-004
 performing expansion, best =    2.6218467297630559E-004
 performing expansion, best =    2.6218467271790888E-004
 performing expansion, best =    2.6218467255356356E-004
 performing expansion, best =    2.6218467182821111E-004
 performing expansion, best =    2.6218467090061972E-004
 performing expansion, best =    2.6218466953683098E-004
 performing expansion, best =    2.6218466935529628E-004
 performing expansion, best =    2.6218466919972265E-004
 performing expansion, best =    2.6218466907308870E-004
 performing expansion, best =    2.6218466884027038E-004
 performing expansion, best =    2.6218466860033091E-004
 performing expansion, best =    2.6218466817716789E-004
 performing expansion, best =    2.6218466692093785E-004
 performing expansion, best =    2.6218466690164984E-004
 performing expansion, best =    2.6218466563909852E-004
 performing expansion, best =    2.6218466561610021E-004
 performing expansion, best =    2.6218466466346435E-004
 performing expansion, best =    2.6218466444793314E-004
 performing expansion, best =    2.6218466422288123E-004
 performing expansion, best =    2.6218466269955473E-004
 performing expansion, best =    2.6218466159020753E-004
 performing expansion, best =    2.6218465995101424E-004
 performing expansion, best =    2.6218465839853041E-004
 performing expansion, best =    2.6218465654673792E-004
 performing expansion, best =    2.6218465430924198E-004
 performing expansion, best =    2.6218465082466553E-004
 performing expansion, best =    2.6218464803663536E-004
 performing expansion, best =    2.6218464774232538E-004
 performing expansion, best =    2.6218464526502235E-004
 performing expansion, best =    2.6218464158550998E-004
 performing expansion, best =    2.6218463740145626E-004
 performing expansion, best =    2.6218463328043639E-004
 performing expansion, best =    2.6218462912279010E-004
 performing expansion, best =    2.6218462703121834E-004
 performing expansion, best =    2.6218462578075452E-004
 performing expansion, best =    2.6218462108639206E-004
 performing expansion, best =    2.6218461848744252E-004
 performing expansion, best =    2.6218461403576272E-004
 performing expansion, best =    2.6218460999878233E-004
 performing expansion, best =    2.6218460385151311E-004
 performing expansion, best =    2.6218459825064840E-004
 performing expansion, best =    2.6218459325517697E-004
 performing expansion, best =    2.6218459245341087E-004
 performing expansion, best =    2.6218458883760199E-004
 performing expansion, best =    2.6218458779119852E-004
 performing expansion, best =    2.6218458474401742E-004
 performing expansion, best =    2.6218458165832388E-004
 performing expansion, best =    2.6218457807885583E-004
 performing expansion, best =    2.6218457804340968E-004
 performing expansion, best =    2.6218457627384163E-004
 performing expansion, best =    2.6218457452619539E-004
 performing expansion, best =    2.6218457116136690E-004
 performing expansion, best =    2.6218456919888729E-004
 performing expansion, best =    2.6218456671312212E-004
 performing expansion, best =    2.6218456445046439E-004
 performing expansion, best =    2.6218456045506977E-004
 performing expansion, best =    2.6218455847677795E-004
 performing expansion, best =    2.6218455605044332E-004
 performing expansion, best =    2.6218455239841390E-004
 performing expansion, best =    2.6218454990118719E-004
 performing expansion, best =    2.6218454813823347E-004
 performing expansion, best =    2.6218454723137257E-004
 performing expansion, best =    2.6218454682364354E-004
 performing expansion, best =    2.6218454567089936E-004
 performing expansion, best =    2.6218454498918209E-004
 performing expansion, best =    2.6218454405961978E-004
 performing expansion, best =    2.6218454265144060E-004
 performing expansion, best =    2.6218454108122577E-004
 performing expansion, best =    2.6218453982026823E-004
 performing expansion, best =    2.6218453871180964E-004
 performing expansion, best =    2.6218453853273484E-004
 performing expansion, best =    2.6218453694346354E-004
 performing expansion, best =    2.6218453570529181E-004
 performing expansion, best =    2.6218453497027749E-004
 performing expansion, best =    2.6218453326893378E-004
 performing expansion, best =    2.6218453149079679E-004
 performing expansion, best =    2.6218452992605556E-004
 performing expansion, best =    2.6218452805829419E-004
 performing expansion, best =    2.6218452469517256E-004
 performing expansion, best =    2.6218452097347475E-004
 performing expansion, best =    2.6218451755804161E-004
 performing expansion, best =    2.6218451433661838E-004
 performing expansion, best =    2.6218450921663148E-004
 performing expansion, best =    2.6218450480693106E-004
 performing expansion, best =    2.6218450364477492E-004
 performing expansion, best =    2.6218450111287260E-004
 performing expansion, best =    2.6218450082075829E-004
 performing expansion, best =    2.6218450053222325E-004
 performing expansion, best =    2.6218449910784609E-004
 performing expansion, best =    2.6218449889976129E-004
 performing expansion, best =    2.6218449816593244E-004
 performing expansion, best =    2.6218449807098002E-004
 performing expansion, best =    2.6218449779555824E-004
 performing expansion, best =    2.6218449771832965E-004
 performing expansion, best =    2.6218449670469077E-004
 performing expansion, best =    2.6218449627627750E-004
 performing expansion, best =    2.6218449610558033E-004
 performing expansion, best =    2.6218449539844123E-004
 performing expansion, best =    2.6218449521769064E-004
 performing expansion, best =    2.6218449506070987E-004
 performing expansion, best =    2.6218449468844228E-004
 performing expansion, best =    2.6218449453241556E-004
 performing expansion, best =    2.6218449428946965E-004
Exiting simplex optimization after  1733 iterations
Solution after  refinement:      2.6218449429E-04
RMSE         2.621844943E-04 Hartree
NEW BEST!

Best found solution for 5 charges:
        RMSE         1.645231298E-01 kcal/mol
         MAE         1.052815566E-01 kcal/mol
     max. AE         1.790872193E+00 kcal/mol

       x[bohr]       y[bohr]       z[bohr]          q[e]
    -1.7156373    -0.3355315     0.1370594    -0.9989546
    -1.4921894    -0.0381332     0.1304992     0.7850995
    -1.8697669    -2.6262033    -0.0104267     1.0000000
    -1.8913144    -2.6449049    -0.5337346    -0.3971614
    -1.9648620    -2.6748396     0.4961760    -0.3899133

