Running in fitting mode

Reading "/home/boittier/pydcm/models/fbutadiene-9/ref/B.p.cube"...

  B.pdb Potential
  Electrostatic potential from Total SCF Density
   10   -8.963761   -6.906993   -7.147215
  116    0.166667    0.000000    0.000000
   94    0.000000    0.166667    0.000000
   89    0.000000    0.000000    0.166667
    6    6.000000   -2.451009    2.070219   -0.093423
    6    6.000000   -0.935804    0.091752    0.132037
    6    6.000000    1.735923    0.020368    0.947527
    6    6.000000    3.679089    0.227463   -0.634462
    1    1.000000   -4.413669    1.842751   -0.622655
    1    1.000000   -1.720742    3.950739    0.226720
    9    9.000000   -1.900428   -2.280943   -0.227446
    1    1.000000    2.057303   -0.375645    2.939019
    1    1.000000    3.399753    0.560525   -2.637548
    1    1.000000    5.612014    0.091306    0.031400
 -1.12724E-03 -1.17303E-03 -1.23131E-03 -1.30147E-03 -1.38262E-03 -1.47367E-03
       .            .            .            .            .            .
       .            .            .            .            .            .
       .            .            .            .            .            .
  7.27027E-03  7.26738E-03  6.84883E-03  6.90194E-03  6.94673E-03  6.98262E-03

434508 out of 970456 gridpoints are considered ( 44.8%).

...done!




 Refining solution from file/home/boittier/pydcm/models/fbutadiene-9/4-combine/13-combined.xyz
 Contains     13 charges
      Initial RMSE =         6.022170972E-01 kcal/mol
Running DE in parallel with 1 thread(s)!


User requested refinement using simplex algorithm (no DE)

 performing expansion, best =    9.4755257531040679E-004
 performing expansion, best =    9.4077658699871661E-004
 performing expansion, best =    9.3368114924412195E-004
 performing expansion, best =    9.2975596093511869E-004
 performing expansion, best =    9.2899911232981452E-004
 performing expansion, best =    9.2861114503353507E-004
 performing expansion, best =    9.2743698804999503E-004
 performing expansion, best =    9.2704237360856639E-004
 performing expansion, best =    9.2632120080138975E-004
 performing expansion, best =    9.2257825795229469E-004
 performing expansion, best =    9.2256801197633628E-004
 performing expansion, best =    9.2009879124723109E-004
 performing expansion, best =    9.1872425649548251E-004
 performing expansion, best =    9.1683202248338453E-004
 performing expansion, best =    9.1667794857227744E-004
 performing expansion, best =    9.1236683256755956E-004
 performing expansion, best =    9.1233338342990554E-004
 performing expansion, best =    9.1056224104276134E-004
 performing expansion, best =    9.1022632766917769E-004
 performing expansion, best =    9.0970656415035407E-004
 performing expansion, best =    9.0955690203119123E-004
 performing expansion, best =    9.0946881571369307E-004
 performing expansion, best =    9.0853060622237184E-004
 performing expansion, best =    9.0655648718662002E-004
 performing expansion, best =    9.0654122936480381E-004
 performing expansion, best =    9.0524855523095831E-004
 performing expansion, best =    9.0504967062053990E-004
 performing expansion, best =    9.0474944866864428E-004
 performing expansion, best =    9.0310002478628142E-004
 performing expansion, best =    9.0281004233813450E-004
 performing expansion, best =    9.0172655662647250E-004
 performing expansion, best =    9.0152948720562511E-004
 performing expansion, best =    9.0097262560126241E-004
 performing expansion, best =    9.0096789729077447E-004
 performing expansion, best =    9.0075740028179813E-004
 performing expansion, best =    9.0009641762764641E-004
 performing expansion, best =    8.9895169128108700E-004
 performing expansion, best =    8.9871247117342522E-004
 performing expansion, best =    8.9812764849523654E-004
 performing expansion, best =    8.9769966614659596E-004
 performing expansion, best =    8.9709942765122265E-004
 performing expansion, best =    8.9662402848977472E-004
 performing expansion, best =    8.9637925885463574E-004
 performing expansion, best =    8.9616370106657367E-004
 performing expansion, best =    8.9552348163833540E-004
 performing expansion, best =    8.9533355576043474E-004
 performing expansion, best =    8.9510521250617768E-004
 performing expansion, best =    8.9472742313944178E-004
 performing expansion, best =    8.9438554292034988E-004
 performing expansion, best =    8.9418748273588941E-004
 performing expansion, best =    8.9408467640107443E-004
 performing expansion, best =    8.9355987022312277E-004
 performing expansion, best =    8.9300524091035860E-004
 performing expansion, best =    8.9281298113832129E-004
 performing expansion, best =    8.9256868270692056E-004
 performing expansion, best =    8.9223575597104521E-004
 performing expansion, best =    8.9196278458445659E-004
 performing expansion, best =    8.9193066306500696E-004
 performing expansion, best =    8.9187805565537682E-004
 performing expansion, best =    8.9173429399356770E-004
 performing expansion, best =    8.9166761754760719E-004
 performing expansion, best =    8.9156371723724177E-004
 performing expansion, best =    8.9140747346147899E-004
 performing expansion, best =    8.9137466963771508E-004
 performing expansion, best =    8.9125336245468633E-004
 performing expansion, best =    8.9120805884044965E-004
 performing expansion, best =    8.9116101065549343E-004
 performing expansion, best =    8.9108927089224903E-004
 performing expansion, best =    8.9100646781784096E-004
 performing expansion, best =    8.9090147461734438E-004
 performing expansion, best =    8.9083155541347695E-004
 performing expansion, best =    8.9080443626565785E-004
 performing expansion, best =    8.9076985218104700E-004
 performing expansion, best =    8.9072233054399619E-004
 performing expansion, best =    8.9059385277434730E-004
 performing expansion, best =    8.9049257864539874E-004
 performing expansion, best =    8.9044132179148089E-004
 performing expansion, best =    8.9038056443836852E-004
 performing expansion, best =    8.9028065584358996E-004
 performing expansion, best =    8.9020885778269001E-004
 performing expansion, best =    8.9007532441511049E-004
 performing expansion, best =    8.8999989916948728E-004
 performing expansion, best =    8.8998662477716615E-004
 performing expansion, best =    8.8992557392614745E-004
 performing expansion, best =    8.8989387312485952E-004
 performing expansion, best =    8.8980293238873109E-004
 performing expansion, best =    8.8960627315821353E-004
 performing expansion, best =    8.8946932593659850E-004
 performing expansion, best =    8.8937818242789020E-004
 performing expansion, best =    8.8914558228778910E-004
 performing expansion, best =    8.8890017075986109E-004
 performing expansion, best =    8.8861155127977517E-004
 performing expansion, best =    8.8850152208360008E-004
 performing expansion, best =    8.8842106584597659E-004
 performing expansion, best =    8.8825560163593954E-004
 performing expansion, best =    8.8806246846438307E-004
 performing expansion, best =    8.8774712433976107E-004
 performing expansion, best =    8.8753662886609621E-004
 performing expansion, best =    8.8738337481924611E-004
 performing expansion, best =    8.8719215313113470E-004
 performing expansion, best =    8.8687235771869909E-004
 performing expansion, best =    8.8659485634468851E-004
 performing expansion, best =    8.8647831696096052E-004
 performing expansion, best =    8.8635130255447254E-004
 performing expansion, best =    8.8627503047743607E-004
 performing expansion, best =    8.8620259344521029E-004
 performing expansion, best =    8.8619523771522434E-004
 performing expansion, best =    8.8617406111079111E-004
 performing expansion, best =    8.8616100855631505E-004
 performing expansion, best =    8.8610147271601881E-004
 performing expansion, best =    8.8606182069520553E-004
 performing expansion, best =    8.8605215012933975E-004
 performing expansion, best =    8.8601680679318564E-004
 performing expansion, best =    8.8587167902663883E-004
 performing expansion, best =    8.8577072247783756E-004
 performing expansion, best =    8.8570830368253455E-004
 performing expansion, best =    8.8563316416942809E-004
 performing expansion, best =    8.8558413943497444E-004
 performing expansion, best =    8.8553962367039893E-004
 performing expansion, best =    8.8547475745710542E-004
 performing expansion, best =    8.8543306413646006E-004
 performing expansion, best =    8.8540941038135626E-004
 performing expansion, best =    8.8538098283659234E-004
 performing expansion, best =    8.8534688263588947E-004
 performing expansion, best =    8.8532448200383490E-004
 performing expansion, best =    8.8527937341029454E-004
 performing expansion, best =    8.8524411310631379E-004
 performing expansion, best =    8.8515268114733997E-004
 performing expansion, best =    8.8503745238320878E-004
 performing expansion, best =    8.8499230086088842E-004
 performing expansion, best =    8.8495933277288026E-004
 performing expansion, best =    8.8494746504792538E-004
 performing expansion, best =    8.8492091521882464E-004
 performing expansion, best =    8.8488450028768623E-004
 performing expansion, best =    8.8487453421375191E-004
 performing expansion, best =    8.8481601969776780E-004
 performing expansion, best =    8.8468639855449906E-004
 performing expansion, best =    8.8452850427404850E-004
 performing expansion, best =    8.8449892369690678E-004
 performing expansion, best =    8.8447621889943865E-004
 performing expansion, best =    8.8444617129143871E-004
 performing expansion, best =    8.8440954532386848E-004
 performing expansion, best =    8.8432229485204414E-004
 performing expansion, best =    8.8429975278853643E-004
 performing expansion, best =    8.8422787039549680E-004
 performing expansion, best =    8.8418427762925031E-004
 performing expansion, best =    8.8414244431900941E-004
 performing expansion, best =    8.8408753264304152E-004
 performing expansion, best =    8.8402580464488488E-004
 performing expansion, best =    8.8398313244617509E-004
 performing expansion, best =    8.8392706237546608E-004
 performing expansion, best =    8.8392294840070583E-004
 performing expansion, best =    8.8389405839574818E-004
 performing expansion, best =    8.8387980329466284E-004
 performing expansion, best =    8.8379363650767492E-004
 performing expansion, best =    8.8376856946911363E-004
 performing expansion, best =    8.8373308522772846E-004
 performing expansion, best =    8.8368440838399614E-004
 performing expansion, best =    8.8361624770625421E-004
 performing expansion, best =    8.8357013274273702E-004
 performing expansion, best =    8.8353494497927089E-004
 performing expansion, best =    8.8348638920482630E-004
 performing expansion, best =    8.8343944992556509E-004
 performing expansion, best =    8.8343568519182181E-004
 performing expansion, best =    8.8341729016081351E-004
 performing expansion, best =    8.8336379665416383E-004
 performing expansion, best =    8.8335484858151608E-004
 performing expansion, best =    8.8334381407990546E-004
 performing expansion, best =    8.8328405047989752E-004
 performing expansion, best =    8.8325275719249583E-004
 performing expansion, best =    8.8323512862536601E-004
 performing expansion, best =    8.8321469548305266E-004
 performing expansion, best =    8.8319548456378767E-004
 performing expansion, best =    8.8315784715488224E-004
 performing expansion, best =    8.8315405781483499E-004
 performing expansion, best =    8.8313989495944283E-004
 performing expansion, best =    8.8308383666134405E-004
 performing expansion, best =    8.8306614202417557E-004
 performing expansion, best =    8.8306271353253362E-004
 performing expansion, best =    8.8306060371027705E-004
 performing expansion, best =    8.8306019874158435E-004
 performing expansion, best =    8.8305532263316118E-004
 performing expansion, best =    8.8305100900761620E-004
 performing expansion, best =    8.8304631911434136E-004
 performing expansion, best =    8.8301446017287734E-004
 performing expansion, best =    8.8301212847498940E-004
 performing expansion, best =    8.8299354110128118E-004
 performing expansion, best =    8.8297918033613339E-004
 performing expansion, best =    8.8297139784974694E-004
 performing expansion, best =    8.8297006257370984E-004
 performing expansion, best =    8.8296789227170576E-004
 performing expansion, best =    8.8295800370306475E-004
 performing expansion, best =    8.8295411327743716E-004
 performing expansion, best =    8.8294428527483889E-004
 performing expansion, best =    8.8293196721450520E-004
 performing expansion, best =    8.8292649062439617E-004
 performing expansion, best =    8.8292485190568065E-004
 performing expansion, best =    8.8292352051194841E-004
 performing expansion, best =    8.8292125593491524E-004
 performing expansion, best =    8.8288714682853149E-004
 performing expansion, best =    8.8287404843123728E-004
 performing expansion, best =    8.8286486424240661E-004
 performing expansion, best =    8.8285710904629133E-004
 performing expansion, best =    8.8283190844838102E-004
 performing expansion, best =    8.8281971805456000E-004
 performing expansion, best =    8.8280560018611789E-004
 performing expansion, best =    8.8279273214160188E-004
 performing expansion, best =    8.8278259429330731E-004
 performing expansion, best =    8.8277878959272646E-004
 performing expansion, best =    8.8276726782388797E-004
 performing expansion, best =    8.8275289101572875E-004
 performing expansion, best =    8.8274589053146692E-004
 performing expansion, best =    8.8273986426295472E-004
 performing expansion, best =    8.8273240538731487E-004
 performing expansion, best =    8.8272718796803277E-004
 performing expansion, best =    8.8272237479163594E-004
 performing expansion, best =    8.8272020194268765E-004
 performing expansion, best =    8.8270245633594784E-004
 performing expansion, best =    8.8269358010083785E-004
 performing expansion, best =    8.8268339532740438E-004
 performing expansion, best =    8.8267584539575164E-004
 performing expansion, best =    8.8265715538935580E-004
 performing expansion, best =    8.8264955505550796E-004
 performing expansion, best =    8.8264004093823833E-004
 performing expansion, best =    8.8263366679233615E-004
 performing expansion, best =    8.8262179231768465E-004
 performing expansion, best =    8.8261355892226717E-004
 performing expansion, best =    8.8260443840410083E-004
 performing expansion, best =    8.8259041790588225E-004
 performing expansion, best =    8.8258239902774881E-004
 performing expansion, best =    8.8257103014882199E-004
 performing expansion, best =    8.8256409722790353E-004
 performing expansion, best =    8.8256097455707209E-004
 performing expansion, best =    8.8254562293765468E-004
 performing expansion, best =    8.8254166684978593E-004
 performing expansion, best =    8.8252481503592968E-004
 performing expansion, best =    8.8251489202288648E-004
 performing expansion, best =    8.8249426071492073E-004
 performing expansion, best =    8.8248609233120652E-004
 performing expansion, best =    8.8246776780026462E-004
 performing expansion, best =    8.8246289094362875E-004
 performing expansion, best =    8.8245574083090951E-004
 performing expansion, best =    8.8245551065261360E-004
 performing expansion, best =    8.8245436631643895E-004
 performing expansion, best =    8.8245108888623802E-004
 performing expansion, best =    8.8244466521067563E-004
 performing expansion, best =    8.8243446296122630E-004
 performing expansion, best =    8.8242944952936447E-004
 performing expansion, best =    8.8241581950539898E-004
 performing expansion, best =    8.8238740925663801E-004
 performing expansion, best =    8.8237843686945214E-004
 performing expansion, best =    8.8235438068221363E-004
 performing expansion, best =    8.8232553793269317E-004
 performing expansion, best =    8.8230576757557266E-004
 performing expansion, best =    8.8226005054292949E-004
 performing expansion, best =    8.8223151811482570E-004
 performing expansion, best =    8.8222257879826778E-004
 performing expansion, best =    8.8221547749719163E-004
 performing expansion, best =    8.8220850299200666E-004
 performing expansion, best =    8.8220092562237983E-004
 performing expansion, best =    8.8219845254324523E-004
 performing expansion, best =    8.8219330351397630E-004
 performing expansion, best =    8.8218697794751938E-004
 performing expansion, best =    8.8217556913669319E-004
 performing expansion, best =    8.8216923841236443E-004
 performing expansion, best =    8.8215511487470938E-004
 performing expansion, best =    8.8214570258384015E-004
 performing expansion, best =    8.8213765113101040E-004
 performing expansion, best =    8.8213426961902775E-004
 performing expansion, best =    8.8213300710128278E-004
 performing expansion, best =    8.8213217017095457E-004
 performing expansion, best =    8.8211066963891395E-004
 performing expansion, best =    8.8207975823863466E-004
 performing expansion, best =    8.8204569317424026E-004
 performing expansion, best =    8.8203871437506846E-004
 performing expansion, best =    8.8202582857286748E-004
 performing expansion, best =    8.8200272560108172E-004
 performing expansion, best =    8.8198646964451032E-004
 performing expansion, best =    8.8196900136550853E-004
 performing expansion, best =    8.8194733620150934E-004
 performing expansion, best =    8.8192352250639661E-004
 performing expansion, best =    8.8189107950764894E-004
 performing expansion, best =    8.8186594726307463E-004
 performing expansion, best =    8.8184270445103763E-004
 performing expansion, best =    8.8180636853128324E-004
 performing expansion, best =    8.8179055768612788E-004
 performing expansion, best =    8.8177342222105172E-004
 performing expansion, best =    8.8175648077648875E-004
 performing expansion, best =    8.8172685185501935E-004
 performing expansion, best =    8.8167934048063177E-004
 performing expansion, best =    8.8164789386287136E-004
 performing expansion, best =    8.8159996869406534E-004
 performing expansion, best =    8.8153961376616450E-004
 performing expansion, best =    8.8147468184986751E-004
 performing expansion, best =    8.8142010814834862E-004
 performing expansion, best =    8.8137431107613825E-004
 performing expansion, best =    8.8137255967683543E-004
 performing expansion, best =    8.8135276350359538E-004
 performing expansion, best =    8.8132142321277539E-004
 performing expansion, best =    8.8130905339021720E-004
 performing expansion, best =    8.8129012171049418E-004
 performing expansion, best =    8.8125831462008833E-004
 performing expansion, best =    8.8124061808984909E-004
 performing expansion, best =    8.8119924598052267E-004
 performing expansion, best =    8.8115352948711786E-004
 performing expansion, best =    8.8110989572614466E-004
 performing expansion, best =    8.8105844634959074E-004
 performing expansion, best =    8.8101553026676991E-004
 performing expansion, best =    8.8100087405257928E-004
 performing expansion, best =    8.8097562264114989E-004
 performing expansion, best =    8.8097052840586801E-004
 performing expansion, best =    8.8096762869464026E-004
 performing expansion, best =    8.8095882989908255E-004
 performing expansion, best =    8.8094839015574831E-004
 performing expansion, best =    8.8091945267425764E-004
 performing expansion, best =    8.8091792085434367E-004
 performing expansion, best =    8.8089215549176853E-004
 performing expansion, best =    8.8086145552455160E-004
 performing expansion, best =    8.8085353636995758E-004
 performing expansion, best =    8.8083617081851772E-004
 performing expansion, best =    8.8082632274709058E-004
 performing expansion, best =    8.8081719102389353E-004
 performing expansion, best =    8.8081212308136197E-004
 performing expansion, best =    8.8079109444320078E-004
 performing expansion, best =    8.8078391312150050E-004
 performing expansion, best =    8.8078149814977314E-004
 performing expansion, best =    8.8075412727312019E-004
 performing expansion, best =    8.8073741328917039E-004
 performing expansion, best =    8.8073722220586204E-004
 performing expansion, best =    8.8073060707923772E-004
 performing expansion, best =    8.8073003569180707E-004
 performing expansion, best =    8.8072009809905068E-004
 performing expansion, best =    8.8071003131323677E-004
 performing expansion, best =    8.8070084259124341E-004
 performing expansion, best =    8.8068723553107273E-004
 performing expansion, best =    8.8067980421117865E-004
 performing expansion, best =    8.8066985790515365E-004
 performing expansion, best =    8.8066377783328851E-004
 performing expansion, best =    8.8065234875885046E-004
 performing expansion, best =    8.8064991753295744E-004
 performing expansion, best =    8.8064870234949176E-004
 performing expansion, best =    8.8064845320646676E-004
 performing expansion, best =    8.8061020958145114E-004
 performing expansion, best =    8.8059454516849157E-004
 performing expansion, best =    8.8059402546635066E-004
 performing expansion, best =    8.8058534110557318E-004
 performing expansion, best =    8.8057568596778245E-004
 performing expansion, best =    8.8056844717934724E-004
 performing expansion, best =    8.8056394983580767E-004
 performing expansion, best =    8.8055576101991558E-004
 performing expansion, best =    8.8054393809690258E-004
 performing expansion, best =    8.8054205075488207E-004
 performing expansion, best =    8.8053113921579594E-004
 performing expansion, best =    8.8052821632128727E-004
 performing expansion, best =    8.8052349909159295E-004
 performing expansion, best =    8.8050704184908257E-004
 performing expansion, best =    8.8049018198447897E-004
 performing expansion, best =    8.8047903535318206E-004
 performing expansion, best =    8.8047398185054292E-004
 performing expansion, best =    8.8047227269427480E-004
 performing expansion, best =    8.8045735004684304E-004
 performing expansion, best =    8.8045617202196140E-004
 performing expansion, best =    8.8045601335027016E-004
 performing expansion, best =    8.8044932689571216E-004
 performing expansion, best =    8.8042802862715723E-004
 performing expansion, best =    8.8041715256857462E-004
 performing expansion, best =    8.8040701123279501E-004
 performing expansion, best =    8.8040682139886670E-004
 performing expansion, best =    8.8040400242979399E-004
 performing expansion, best =    8.8039770436720258E-004
 performing expansion, best =    8.8038080374967049E-004
 performing expansion, best =    8.8037397232588696E-004
 performing expansion, best =    8.8037184752626642E-004
 performing expansion, best =    8.8036001225725582E-004
 performing expansion, best =    8.8035174512552663E-004
 performing expansion, best =    8.8033871396893263E-004
 performing expansion, best =    8.8030982743811392E-004
 performing expansion, best =    8.8030699282805932E-004
 performing expansion, best =    8.8030202209574029E-004
 performing expansion, best =    8.8028713830185282E-004
 performing expansion, best =    8.8026526811202984E-004
 performing expansion, best =    8.8025648522608148E-004
 performing expansion, best =    8.8024093303250707E-004
 performing expansion, best =    8.8022772470884613E-004
 performing expansion, best =    8.8021499832230843E-004
 performing expansion, best =    8.8021026457143364E-004
 performing expansion, best =    8.8019924974714714E-004
 performing expansion, best =    8.8019574049182136E-004
 performing expansion, best =    8.8018787535996479E-004
 performing expansion, best =    8.8018396091361938E-004
 performing expansion, best =    8.8018250901516105E-004
 performing expansion, best =    8.8018179412307422E-004
 performing expansion, best =    8.8017919137796602E-004
 performing expansion, best =    8.8017412209495487E-004
 performing expansion, best =    8.8015425636546625E-004
 performing expansion, best =    8.8014195451342129E-004
 performing expansion, best =    8.8012186065583651E-004
 performing expansion, best =    8.8010899438468234E-004
 performing expansion, best =    8.8010341768028741E-004
 performing expansion, best =    8.8009503055533605E-004
 performing expansion, best =    8.8008671446198261E-004
 performing expansion, best =    8.8007052028918136E-004
 performing expansion, best =    8.8006303464009130E-004
 performing expansion, best =    8.8005029241751149E-004
 performing expansion, best =    8.8003549986192078E-004
 performing expansion, best =    8.8003279004587680E-004
 performing expansion, best =    8.8001559522117329E-004
 performing expansion, best =    8.8001283306126288E-004
 performing expansion, best =    8.8000488881715289E-004
 performing expansion, best =    8.7999689562175056E-004
 performing expansion, best =    8.7999582995968687E-004
 performing expansion, best =    8.7999409585996313E-004
 performing expansion, best =    8.7997385630390001E-004
 performing expansion, best =    8.7996255349179165E-004
 performing expansion, best =    8.7994019221698349E-004
 performing expansion, best =    8.7993114345288090E-004
 performing expansion, best =    8.7992885649708689E-004
 performing expansion, best =    8.7991809667230540E-004
 performing expansion, best =    8.7991241729352943E-004
 performing expansion, best =    8.7990643948541211E-004
 performing expansion, best =    8.7990042621039605E-004
 performing expansion, best =    8.7987645963086248E-004
 performing expansion, best =    8.7986310391544031E-004
 performing expansion, best =    8.7984590342340063E-004
 performing expansion, best =    8.7984475441424620E-004
 performing expansion, best =    8.7983486947209059E-004
 performing expansion, best =    8.7983459551747791E-004
 performing expansion, best =    8.7983040142579870E-004
 performing expansion, best =    8.7981870315579887E-004
 performing expansion, best =    8.7980259825837768E-004
 performing expansion, best =    8.7978752618650229E-004
 performing expansion, best =    8.7977615127258146E-004
 performing expansion, best =    8.7977483631752093E-004
 performing expansion, best =    8.7976180903677134E-004
 performing expansion, best =    8.7976144107693524E-004
 performing expansion, best =    8.7975798739584922E-004
 performing expansion, best =    8.7975626272770362E-004
 performing expansion, best =    8.7974815274642116E-004
 performing expansion, best =    8.7974415542452797E-004
 performing expansion, best =    8.7973826986430140E-004
 performing expansion, best =    8.7972684605145399E-004
 performing expansion, best =    8.7972389269667581E-004
 performing expansion, best =    8.7971259806774805E-004
 performing expansion, best =    8.7970601154267866E-004
 performing expansion, best =    8.7970416801820789E-004
 performing expansion, best =    8.7970293881549865E-004
 performing expansion, best =    8.7969432513041238E-004
 performing expansion, best =    8.7969155507299499E-004
 performing expansion, best =    8.7969087988065686E-004
 performing expansion, best =    8.7968785542934887E-004
 performing expansion, best =    8.7968422686335237E-004
 performing expansion, best =    8.7968224918310569E-004
 performing expansion, best =    8.7967735393360664E-004
 performing expansion, best =    8.7967621863785503E-004
 performing expansion, best =    8.7967025166246640E-004
 performing expansion, best =    8.7966826082395554E-004
 performing expansion, best =    8.7966209750260042E-004
 performing expansion, best =    8.7965746922762165E-004
 performing expansion, best =    8.7965013851562144E-004
 performing expansion, best =    8.7964048255700813E-004
 performing expansion, best =    8.7962899539911429E-004
 performing expansion, best =    8.7962042280770824E-004
 performing expansion, best =    8.7961082294443381E-004
 performing expansion, best =    8.7960461506756250E-004
 performing expansion, best =    8.7959466104837612E-004
 performing expansion, best =    8.7957813597114146E-004
 performing expansion, best =    8.7956582084172045E-004
 performing expansion, best =    8.7956165068088868E-004
 performing expansion, best =    8.7955712623514874E-004
 performing expansion, best =    8.7954982421778460E-004
 performing expansion, best =    8.7954175301294851E-004
 performing expansion, best =    8.7953797354644550E-004
 performing expansion, best =    8.7953073506193591E-004
 performing expansion, best =    8.7951572980213863E-004
 performing expansion, best =    8.7950911373165322E-004
 performing expansion, best =    8.7950457983907847E-004
 performing expansion, best =    8.7950302451444225E-004
 performing expansion, best =    8.7950118150534014E-004
 performing expansion, best =    8.7949629599947299E-004
 performing expansion, best =    8.7949496402736345E-004
 performing expansion, best =    8.7948028139002953E-004
 performing expansion, best =    8.7947053181004872E-004
 performing expansion, best =    8.7946107671556825E-004
 performing expansion, best =    8.7945736004267205E-004
 performing expansion, best =    8.7945131531224708E-004
 performing expansion, best =    8.7944657048874347E-004
 performing expansion, best =    8.7944472187430594E-004
 performing expansion, best =    8.7943390259823139E-004
 performing expansion, best =    8.7943109537510209E-004
 performing expansion, best =    8.7942447539124684E-004
 performing expansion, best =    8.7942341894284011E-004
 performing expansion, best =    8.7941796479994454E-004
 performing expansion, best =    8.7941564805901556E-004
 performing expansion, best =    8.7941177292972302E-004
 performing expansion, best =    8.7940059351921166E-004
 performing expansion, best =    8.7939910398413782E-004
 performing expansion, best =    8.7939784761605262E-004
 performing expansion, best =    8.7939257394790743E-004
 performing expansion, best =    8.7938457997600915E-004
 performing expansion, best =    8.7938099056698708E-004
 performing expansion, best =    8.7937588166242650E-004
 performing expansion, best =    8.7936927178268367E-004
 performing expansion, best =    8.7936433485394762E-004
 performing expansion, best =    8.7936424265635713E-004
 performing expansion, best =    8.7935464835029831E-004
 performing expansion, best =    8.7935090008524276E-004
 performing expansion, best =    8.7934823888436982E-004
 performing expansion, best =    8.7934658359488643E-004
 performing expansion, best =    8.7934544744256089E-004
 performing expansion, best =    8.7934081272114726E-004
 performing expansion, best =    8.7933599902159892E-004
 performing expansion, best =    8.7933190341444234E-004
 performing expansion, best =    8.7932903017048404E-004
 performing expansion, best =    8.7932868267380677E-004
 performing expansion, best =    8.7932101727614196E-004
 performing expansion, best =    8.7931469264222240E-004
 performing expansion, best =    8.7930627936031510E-004
 performing expansion, best =    8.7929962758627608E-004
 performing expansion, best =    8.7928656055358495E-004
 performing expansion, best =    8.7928233715674892E-004
 performing expansion, best =    8.7927556271307069E-004
 performing expansion, best =    8.7925815889231321E-004
 performing expansion, best =    8.7924155850513397E-004
 performing expansion, best =    8.7923118901280190E-004
 performing expansion, best =    8.7922818982099390E-004
 performing expansion, best =    8.7921782724002936E-004
 performing expansion, best =    8.7921510537482413E-004
 performing expansion, best =    8.7921263719650258E-004
 performing expansion, best =    8.7920852611004033E-004
 performing expansion, best =    8.7920076581927021E-004
 performing expansion, best =    8.7919599022304022E-004
 performing expansion, best =    8.7918447558548785E-004
 performing expansion, best =    8.7916954232960978E-004
 performing expansion, best =    8.7916428147486575E-004
 performing expansion, best =    8.7914833670817551E-004
 performing expansion, best =    8.7912527824965760E-004
 performing expansion, best =    8.7911609214607516E-004
 performing expansion, best =    8.7910251395471439E-004
 performing expansion, best =    8.7908556975907980E-004
 performing expansion, best =    8.7908105404776397E-004
 performing expansion, best =    8.7906729495520466E-004
 performing expansion, best =    8.7904427271265405E-004
 performing expansion, best =    8.7903417721783307E-004
 performing expansion, best =    8.7901936102714111E-004
 performing expansion, best =    8.7901315909586115E-004
 performing expansion, best =    8.7900789627267631E-004
 performing expansion, best =    8.7900339231248117E-004
 performing expansion, best =    8.7900020160873080E-004
 performing expansion, best =    8.7899848171362307E-004
 performing expansion, best =    8.7898970319702833E-004
 performing expansion, best =    8.7898764962550055E-004
 performing expansion, best =    8.7898586208767380E-004
 performing expansion, best =    8.7898281653705742E-004
 performing expansion, best =    8.7897685108794801E-004
 performing expansion, best =    8.7896840352137250E-004
 performing expansion, best =    8.7896515109127122E-004
 performing expansion, best =    8.7894376842274154E-004
 performing expansion, best =    8.7893019264536645E-004
 performing expansion, best =    8.7891743434063605E-004
 performing expansion, best =    8.7891515769818337E-004
 performing expansion, best =    8.7891408933504203E-004
 performing expansion, best =    8.7890117750473093E-004
 performing expansion, best =    8.7889436904946489E-004
 performing expansion, best =    8.7889171838492449E-004
 performing expansion, best =    8.7888154594740618E-004
 performing expansion, best =    8.7887334566722874E-004
 performing expansion, best =    8.7886745262771208E-004
 performing expansion, best =    8.7886636911628990E-004
 performing expansion, best =    8.7885951055584864E-004
 performing expansion, best =    8.7885522865654747E-004
 performing expansion, best =    8.7884792095080638E-004
 performing expansion, best =    8.7883525090982223E-004
 performing expansion, best =    8.7883284133265867E-004
 performing expansion, best =    8.7882000617310293E-004
 performing expansion, best =    8.7881486800065519E-004
 performing expansion, best =    8.7881251664191141E-004
 performing expansion, best =    8.7881003324606828E-004
 performing expansion, best =    8.7880270348233828E-004
 performing expansion, best =    8.7878426871573930E-004
 performing expansion, best =    8.7878126290479584E-004
 performing expansion, best =    8.7877296148799534E-004
 performing expansion, best =    8.7875525983250160E-004
 performing expansion, best =    8.7874652723270716E-004
 performing expansion, best =    8.7873722588048401E-004
 performing expansion, best =    8.7872810877996285E-004
 performing expansion, best =    8.7871275797763153E-004
 performing expansion, best =    8.7870692411791927E-004
 performing expansion, best =    8.7870574424118086E-004
 performing expansion, best =    8.7869150912313657E-004
 performing expansion, best =    8.7867912123200040E-004
 performing expansion, best =    8.7867183146669414E-004
 performing expansion, best =    8.7865931618289481E-004
 performing expansion, best =    8.7865118498207191E-004
 performing expansion, best =    8.7864191525708908E-004
 performing expansion, best =    8.7864180797663340E-004
 performing expansion, best =    8.7862966999021947E-004
 performing expansion, best =    8.7862355514564531E-004
 performing expansion, best =    8.7861148636458105E-004
 performing expansion, best =    8.7859517321882852E-004
 performing expansion, best =    8.7857693403631146E-004
 performing expansion, best =    8.7857474500812932E-004
 performing expansion, best =    8.7856714947223788E-004
 performing expansion, best =    8.7854579749791016E-004
 performing expansion, best =    8.7850988277979325E-004
 performing expansion, best =    8.7850014092742657E-004
 performing expansion, best =    8.7848600973147435E-004
 performing expansion, best =    8.7846894198063789E-004
 performing expansion, best =    8.7846129399190415E-004
 performing expansion, best =    8.7845032792394767E-004
 performing expansion, best =    8.7843276164014023E-004
 performing expansion, best =    8.7840707123286335E-004
 performing expansion, best =    8.7838640806404608E-004
 performing expansion, best =    8.7837239891394125E-004
 performing expansion, best =    8.7832443142683511E-004
 performing expansion, best =    8.7829602148425023E-004
 performing expansion, best =    8.7828295178584391E-004
 performing expansion, best =    8.7826259426885568E-004
 performing expansion, best =    8.7825868105812681E-004
 performing expansion, best =    8.7824314973623905E-004
 performing expansion, best =    8.7823566945024502E-004
 performing expansion, best =    8.7823397651307371E-004
 performing expansion, best =    8.7822973252212511E-004
 performing expansion, best =    8.7819371684855121E-004
 performing expansion, best =    8.7816727342125743E-004
 performing expansion, best =    8.7815842717835603E-004
 performing expansion, best =    8.7815308047942164E-004
 performing expansion, best =    8.7814950572638151E-004
 performing expansion, best =    8.7814077672223971E-004
 performing expansion, best =    8.7813840405600164E-004
 performing expansion, best =    8.7813766728045656E-004
 performing expansion, best =    8.7812476971488968E-004
 performing expansion, best =    8.7810135546310172E-004
 performing expansion, best =    8.7809017184219660E-004
 performing expansion, best =    8.7807171425128162E-004
 performing expansion, best =    8.7804746427714144E-004
 performing expansion, best =    8.7803828910783309E-004
 performing expansion, best =    8.7803192939338781E-004
 performing expansion, best =    8.7802075852906484E-004
 performing expansion, best =    8.7801979760327581E-004
 performing expansion, best =    8.7800858712935143E-004
 performing expansion, best =    8.7800317382571730E-004
 performing expansion, best =    8.7799510357185510E-004
 performing expansion, best =    8.7798381493710428E-004
 performing expansion, best =    8.7796847803705907E-004
 performing expansion, best =    8.7796702034953456E-004
 performing expansion, best =    8.7795420795479294E-004
 performing expansion, best =    8.7795290057981405E-004
 performing expansion, best =    8.7793934320961806E-004
 performing expansion, best =    8.7793104582658936E-004
 performing expansion, best =    8.7790978491182560E-004
 performing expansion, best =    8.7789771188480196E-004
 performing expansion, best =    8.7789186456354261E-004
 performing expansion, best =    8.7787171153755317E-004
 performing expansion, best =    8.7786126129301919E-004
 performing expansion, best =    8.7785777681906492E-004
 performing expansion, best =    8.7784341233592138E-004
 performing expansion, best =    8.7783974719648334E-004
 performing expansion, best =    8.7782545940583157E-004
 performing expansion, best =    8.7779467904123621E-004
 performing expansion, best =    8.7776781812851166E-004
 performing expansion, best =    8.7774002609973176E-004
 performing expansion, best =    8.7770951847239214E-004
 performing expansion, best =    8.7770077963067016E-004
 performing expansion, best =    8.7768195269981135E-004
 performing expansion, best =    8.7765151966711545E-004
 performing expansion, best =    8.7762731830381263E-004
 performing expansion, best =    8.7761954432205775E-004
 performing expansion, best =    8.7759546387048283E-004
 performing expansion, best =    8.7758452939072466E-004
 performing expansion, best =    8.7756029864044917E-004
 performing expansion, best =    8.7755205699577548E-004
 performing expansion, best =    8.7752312579647475E-004
 performing expansion, best =    8.7750264933098585E-004
 performing expansion, best =    8.7747617481744966E-004
 performing expansion, best =    8.7743191825221561E-004
 performing expansion, best =    8.7739867957845410E-004
 performing expansion, best =    8.7739515464540379E-004
 performing expansion, best =    8.7735906618162862E-004
 performing expansion, best =    8.7733880270069614E-004
 performing expansion, best =    8.7729193154820033E-004
 performing expansion, best =    8.7726002545434841E-004
 performing expansion, best =    8.7720413506530066E-004
 performing expansion, best =    8.7715879590831122E-004
 performing expansion, best =    8.7711557122666615E-004
 performing expansion, best =    8.7707737226022035E-004
 performing expansion, best =    8.7697316320771554E-004
 performing expansion, best =    8.7689633017146791E-004
 performing expansion, best =    8.7681338819013937E-004
 performing expansion, best =    8.7680803938664062E-004
 performing expansion, best =    8.7674356002434908E-004
 performing expansion, best =    8.7667884760362475E-004
 performing expansion, best =    8.7664356714658325E-004
 performing expansion, best =    8.7660645160376029E-004
 performing expansion, best =    8.7652273327006014E-004
 performing expansion, best =    8.7639309563568887E-004
 performing expansion, best =    8.7634659128390927E-004
 performing expansion, best =    8.7627798922155532E-004
 performing expansion, best =    8.7616681075738825E-004
 performing expansion, best =    8.7614199569714570E-004
 performing expansion, best =    8.7608737108068051E-004
 performing expansion, best =    8.7600604399871843E-004
 performing expansion, best =    8.7600459235153761E-004
 performing expansion, best =    8.7598323271157505E-004
 performing expansion, best =    8.7597411323406184E-004
 performing expansion, best =    8.7593180202380039E-004
 performing expansion, best =    8.7587730805032966E-004
 performing expansion, best =    8.7587135676395970E-004
 performing expansion, best =    8.7576840127146188E-004
 performing expansion, best =    8.7565330390635342E-004
 performing expansion, best =    8.7554627406528983E-004
 performing expansion, best =    8.7546838927197263E-004
 performing expansion, best =    8.7537756704469808E-004
 performing expansion, best =    8.7532063430332836E-004
 performing expansion, best =    8.7525181277220388E-004
 performing expansion, best =    8.7518887441302739E-004
 performing expansion, best =    8.7508242149350222E-004
 performing expansion, best =    8.7491811668988131E-004
 performing expansion, best =    8.7490886864817984E-004
 performing expansion, best =    8.7489748040433146E-004
 performing expansion, best =    8.7484605723325327E-004
 performing expansion, best =    8.7479651263211954E-004
 performing expansion, best =    8.7474740365534758E-004
 performing expansion, best =    8.7471072245812903E-004
 performing expansion, best =    8.7458413058965592E-004
 performing expansion, best =    8.7451185069001053E-004
 performing expansion, best =    8.7448456504879727E-004
 performing expansion, best =    8.7441943146112028E-004
 performing expansion, best =    8.7440438565714181E-004
 performing expansion, best =    8.7436820810770613E-004
 performing expansion, best =    8.7433017464127148E-004
 performing expansion, best =    8.7430092839158654E-004
 performing expansion, best =    8.7428350801840101E-004
 performing expansion, best =    8.7424916880924014E-004
 performing expansion, best =    8.7420170032741294E-004
 performing expansion, best =    8.7414204027204238E-004
 performing expansion, best =    8.7412034060460240E-004
 performing expansion, best =    8.7404621080772150E-004
 performing expansion, best =    8.7396293927977672E-004
 performing expansion, best =    8.7394255507300303E-004
 performing expansion, best =    8.7390582023639878E-004
 performing expansion, best =    8.7389158400510611E-004
 performing expansion, best =    8.7384714178608978E-004
 performing expansion, best =    8.7380750587860603E-004
 performing expansion, best =    8.7374824044529305E-004
 performing expansion, best =    8.7373196664435569E-004
 performing expansion, best =    8.7370795052088980E-004
 performing expansion, best =    8.7369988306041865E-004
 performing expansion, best =    8.7364859142590205E-004
 performing expansion, best =    8.7362951668168746E-004
 performing expansion, best =    8.7360316842675207E-004
 performing expansion, best =    8.7358343589073804E-004
 performing expansion, best =    8.7356788941075469E-004
 performing expansion, best =    8.7354956962534987E-004
 performing expansion, best =    8.7351779878882413E-004
 performing expansion, best =    8.7351403035845418E-004
 performing expansion, best =    8.7349779968652055E-004
 performing expansion, best =    8.7346386701577156E-004
 performing expansion, best =    8.7345032058266329E-004
 performing expansion, best =    8.7341546767614369E-004
 performing expansion, best =    8.7340669020395082E-004
 performing expansion, best =    8.7340269687564552E-004
 performing expansion, best =    8.7338945025404555E-004
 performing expansion, best =    8.7338376524039626E-004
 performing expansion, best =    8.7338113202331817E-004
 performing expansion, best =    8.7335175494278479E-004
 performing expansion, best =    8.7334153849253499E-004
 performing expansion, best =    8.7333690280536047E-004
 performing expansion, best =    8.7332901903092338E-004
 performing expansion, best =    8.7330099244234860E-004
 performing expansion, best =    8.7328829186495273E-004
 performing expansion, best =    8.7328636642458515E-004
 performing expansion, best =    8.7328033660952307E-004
 performing expansion, best =    8.7326922335799993E-004
 performing expansion, best =    8.7325686825911726E-004
 performing expansion, best =    8.7324675759933629E-004
 performing expansion, best =    8.7324130675192917E-004
 performing expansion, best =    8.7323339478824502E-004
 performing expansion, best =    8.7321857191076456E-004
 performing expansion, best =    8.7321354605235239E-004
 performing expansion, best =    8.7320329314978387E-004
 performing expansion, best =    8.7318874060402928E-004
 performing expansion, best =    8.7317454456350236E-004
 performing expansion, best =    8.7316105251694447E-004
 performing expansion, best =    8.7314752043787509E-004
 performing expansion, best =    8.7313887994209876E-004
 performing expansion, best =    8.7313703981714607E-004
 performing expansion, best =    8.7312700327971885E-004
 performing expansion, best =    8.7310582611367313E-004
 performing expansion, best =    8.7309128523178827E-004
 performing expansion, best =    8.7307950888670493E-004
 performing expansion, best =    8.7306541547603359E-004
 performing expansion, best =    8.7304377988733581E-004
 performing expansion, best =    8.7301065513179432E-004
 performing expansion, best =    8.7297685199141614E-004
 performing expansion, best =    8.7295505175577568E-004
 performing expansion, best =    8.7292289193816475E-004
 performing expansion, best =    8.7287637023199412E-004
 performing expansion, best =    8.7284202737911664E-004
 performing expansion, best =    8.7282531406741219E-004
 performing expansion, best =    8.7279558290182663E-004
 performing expansion, best =    8.7278252764972242E-004
 performing expansion, best =    8.7273445328876341E-004
 performing expansion, best =    8.7271219455712105E-004
 performing expansion, best =    8.7265579372764130E-004
 performing expansion, best =    8.7259185991868740E-004
 performing expansion, best =    8.7256668304907148E-004
 performing expansion, best =    8.7253459741490444E-004
 performing expansion, best =    8.7248955581335796E-004
 performing expansion, best =    8.7247014769545436E-004
 performing expansion, best =    8.7242008584931501E-004
 performing expansion, best =    8.7230419403088236E-004
 performing expansion, best =    8.7222628573965690E-004
 performing expansion, best =    8.7215477113071363E-004
 performing expansion, best =    8.7206825333406579E-004
 performing expansion, best =    8.7198378455147902E-004
 performing expansion, best =    8.7189206902119434E-004
 performing expansion, best =    8.7174853985936608E-004
 performing expansion, best =    8.7169733501017514E-004
 performing expansion, best =    8.7158515272365688E-004
 performing expansion, best =    8.7146321661897466E-004
 performing expansion, best =    8.7137760576481689E-004
 performing expansion, best =    8.7133117076113487E-004
 performing expansion, best =    8.7132007148668601E-004
 performing expansion, best =    8.7125440538087114E-004
 performing expansion, best =    8.7114307526053284E-004
 performing expansion, best =    8.7103603546336103E-004
 performing expansion, best =    8.7095907367537475E-004
 performing expansion, best =    8.7090453584362504E-004
 performing expansion, best =    8.7083431382687520E-004
 performing expansion, best =    8.7074176535012655E-004
 performing expansion, best =    8.7055527674278523E-004
 performing expansion, best =    8.7040513687467195E-004
 performing expansion, best =    8.7038738628848874E-004
 performing expansion, best =    8.7033760989179538E-004
 performing expansion, best =    8.7030140941242798E-004
 performing expansion, best =    8.7028969370550179E-004
 performing expansion, best =    8.7028029137223523E-004
 performing expansion, best =    8.7026404811635393E-004
 performing expansion, best =    8.7020120025833847E-004
 performing expansion, best =    8.7014276649419338E-004
 performing expansion, best =    8.7009989650892172E-004
 performing expansion, best =    8.7001633150549822E-004
 performing expansion, best =    8.6995662182886961E-004
 performing expansion, best =    8.6992147837510597E-004
 performing expansion, best =    8.6988243834315029E-004
 performing expansion, best =    8.6987061290992726E-004
 performing expansion, best =    8.6981304405592730E-004
 performing expansion, best =    8.6977791680217418E-004
 performing expansion, best =    8.6972872770488740E-004
 performing expansion, best =    8.6971201868339199E-004
 performing expansion, best =    8.6969141668022376E-004
 performing expansion, best =    8.6963449722552767E-004
 performing expansion, best =    8.6960028806667186E-004
 performing expansion, best =    8.6954410669030761E-004
 performing expansion, best =    8.6953955099349379E-004
 performing expansion, best =    8.6950126746448216E-004
 performing expansion, best =    8.6950124142007442E-004
 performing expansion, best =    8.6949557314340456E-004
 performing expansion, best =    8.6947013910933734E-004
 performing expansion, best =    8.6945403258299845E-004
 performing expansion, best =    8.6940812213151487E-004
 performing expansion, best =    8.6940760012094566E-004
 performing expansion, best =    8.6939642721486367E-004
 performing expansion, best =    8.6936251392991104E-004
 performing expansion, best =    8.6935062968850518E-004
 performing expansion, best =    8.6932087092965200E-004
 performing expansion, best =    8.6930185673910441E-004
 performing expansion, best =    8.6929258727954240E-004
 performing expansion, best =    8.6927455500405136E-004
 performing expansion, best =    8.6926762165494894E-004
 performing expansion, best =    8.6926458166390261E-004
 performing expansion, best =    8.6926209611800731E-004
 performing expansion, best =    8.6924824326017999E-004
 performing expansion, best =    8.6923793058198335E-004
 performing expansion, best =    8.6923247438977784E-004
 performing expansion, best =    8.6921126236290370E-004
 performing expansion, best =    8.6921032542144764E-004
 performing expansion, best =    8.6920928801890833E-004
 performing expansion, best =    8.6919487196498719E-004
 performing expansion, best =    8.6918197396302775E-004
 performing expansion, best =    8.6917780907216577E-004
 performing expansion, best =    8.6916898975273064E-004
 performing expansion, best =    8.6916401636004338E-004
 performing expansion, best =    8.6915958740149180E-004
 performing expansion, best =    8.6914443026147280E-004
 performing expansion, best =    8.6913569256098755E-004
 performing expansion, best =    8.6910562423939911E-004
 performing expansion, best =    8.6910298729931431E-004
 performing expansion, best =    8.6909427282086046E-004
 performing expansion, best =    8.6908971006484359E-004
 performing expansion, best =    8.6908437919431581E-004
 performing expansion, best =    8.6906959722062710E-004
 performing expansion, best =    8.6905235966831806E-004
 performing expansion, best =    8.6903680870821715E-004
 performing expansion, best =    8.6902908539906879E-004
 performing expansion, best =    8.6902236879141191E-004
 performing expansion, best =    8.6900604560477448E-004
 performing expansion, best =    8.6900566210833458E-004
 performing expansion, best =    8.6899750724015411E-004
 performing expansion, best =    8.6898830774544383E-004
 performing expansion, best =    8.6898185031025440E-004
Exiting simplex optimization after 10001 iterations
RMSE         8.689818503E-04 Hartree
NEW BEST!
Best found solution for 13 charges:
        RMSE         5.452939319E-01 kcal/mol
         MAE         3.141072745E-01 kcal/mol
     max. AE         5.554044354E+00 kcal/mol

       x[bohr]       y[bohr]       z[bohr]          q[e]
     3.1349690     0.1858773    -0.3987572    -0.2866222
     3.2790391     0.5224979    -2.6665857     0.1515609
     5.6083574     0.0398794     0.2919434     0.1520224
     1.7781042     0.0918759     0.4979062    -0.9387526
     0.9640859     0.0772862     0.3095077     0.8740098
     2.5953097    -0.3833723     2.8967057     0.1475064
    -1.7480675    -1.8816499    -0.1876148    -0.6258180
    -0.0771424     0.4293403     0.3518329     0.5992549
    -1.6136360    -0.6515763    -0.0560060     0.9418989
    -1.0762868     0.5013209     0.1389199    -0.8955412
    -4.3468446     1.7617676    -0.6206335     0.2157017
    -2.2003587     1.9250485    -0.0684346    -0.6118401
    -1.6586665     3.6541252     0.2168140     0.2766191

