Running in analysis mode

Reading "/home/boittier/pydcm/models/fbutadiene-18/ref/B.p.cube"...

  B.pdb Potential
  Electrostatic potential from Total SCF Density
   10  -10.324647   -7.560558   -6.513059
  112    0.166667    0.000000    0.000000
  100    0.000000    0.166667    0.000000
   79    0.000000    0.000000    0.166667
    6    6.000000    1.620043    2.491185   -0.000082
    6    6.000000    0.908110    0.081892   -0.000240
    6    6.000000   -1.616645   -1.047806   -0.000306
    6    6.000000   -3.811895    0.194664    0.000259
    1    1.000000    3.599860    2.995094    0.001207
    1    1.000000    0.226637    3.984252   -0.001820
    9    9.000000    2.743594   -1.735320    0.000204
    1    1.000000   -1.607877   -3.099400   -0.000380
    1    1.000000   -3.921420    2.240822    0.001916
    1    1.000000   -5.587219   -0.822496   -0.000537
  1.69185E-03  1.74571E-03  1.80073E-03  1.85688E-03  1.91411E-03  1.97236E-03
       .            .            .            .            .            .
       .            .            .            .            .            .
       .            .            .            .            .            .
  4.95121E-04  4.51106E-04  4.08623E-04  3.67691E-04  3.28319E-04  2.90511E-04

884800 out of 884800 gridpoints are considered (100.0%).

...done!

Reading "ditriantapole_expansion.cube"...

  Fitted ESP
  Electrostatic potential fitted from ditriantapole expansion.
   10  -10.324647   -7.560558   -6.513059
  112    0.166667    0.000000    0.000000
  100    0.000000    0.166667    0.000000
   79    0.000000    0.000000    0.166667
    6    6.000000    1.620043    2.491185   -0.000082
    6    6.000000    0.908110    0.081892   -0.000240
    6    6.000000   -1.616645   -1.047806   -0.000306
    6    6.000000   -3.811895    0.194664    0.000259
    1    1.000000    3.599860    2.995094    0.001207
    1    1.000000    0.226637    3.984252   -0.001820
    9    9.000000    2.743594   -1.735320    0.000204
    1    1.000000   -1.607877   -3.099400   -0.000380
    1    1.000000   -3.921420    2.240822    0.001916
    1    1.000000   -5.587219   -0.822496   -0.000537
  1.70928E-03  1.76193E-03  1.81567E-03  1.87048E-03  1.92629E-03  1.98306E-03
       .            .            .            .            .            .
       .            .            .            .            .            .
       .            .            .            .            .            .
  4.99506E-04  4.57387E-04  4.16694E-04  3.77449E-04  3.39661E-04  3.03337E-04

884800 out of 884800 gridpoints are considered (100.0%).

...done!

                       Measure       RMSE[kcal/mol/e]   MaxError[kcal/mol/e]   NPoints
                         Total        3.771930131E-01        4.319273177E+00    730887
Close (  1.20 < r <   1.66 )          7.584147632E-01        4.319273177E+00    154787
Mid-range ( 1.66 < r <  2.20)         2.081897376E-01        7.210711308E-01    275651
Far-range (  2.20         < r)        1.000369250E-01        3.927581766E-01    300449
Did analysis and wrote slice data
