Running in fitting mode

Reading "/home/boittier/pydcm/models/amide1/ref/amide1.pdb.chk.p.cube"...

  amide1.pdb Potential
  Electrostatic potential from Total SCF Density
   12  -10.223254   -7.531078   -6.514600
  102    0.200530    0.000000    0.000000
   76    0.000000    0.200530    0.000000
   66    0.000000    0.000000    0.200530
    6    6.000000    3.459052   -1.018326   -0.001098
    6    6.000000    0.912949    0.306382    0.002044
    1    1.000000    4.539280   -0.375166    1.634531
    1    1.000000   -0.922347   -3.113256    0.004047
    1    1.000000    3.325783   -3.077563    0.045150
    1    1.000000   -4.034328    0.971752    1.669280
    1    1.000000   -4.025496    0.977610   -1.670480
    7    7.000000   -1.159429   -1.226811    0.002654
    8    8.000000    0.727988    2.607744    0.000511
    6    6.000000   -3.710502   -0.196658   -0.001848
    1    1.000000    4.496715   -0.449918   -1.691790
    1    1.000000   -5.056509   -1.756118   -0.007992
  9.34607E-03  9.36671E-03  9.36543E-03  9.34225E-03  9.08302E-03  9.16666E-03
       .            .            .            .            .            .
       .            .            .            .            .            .
       .            .            .            .            .            .
 -9.39912E-04 -9.47358E-04 -9.48217E-04 -9.42348E-04 -9.29870E-04 -9.11157E-04

243409 out of 511632 gridpoints are considered ( 47.6%).

...done!




 Refining solution from file/home/boittier/pydcm/models/amide1/4-combine/15-combined.xyz
 Contains     15 charges
      Initial RMSE =         8.725861524E-01 kcal/mol
Running DE in parallel with 8 thread(s)!


User requested refinement using simplex algorithm (no DE)

 performing expansion, best =    1.3707931254784876E-003
 performing expansion, best =    1.3633879714685375E-003
 performing expansion, best =    1.3534645285880450E-003
 performing expansion, best =    1.3342295686111982E-003
 performing expansion, best =    1.3339852794486070E-003
 performing expansion, best =    1.3301367838065123E-003
 performing expansion, best =    1.3291830359203674E-003
 performing expansion, best =    1.3127478332852947E-003
 performing expansion, best =    1.3113827471179799E-003
 performing expansion, best =    1.3099336732438217E-003
 performing expansion, best =    1.3080147901606421E-003
 performing expansion, best =    1.3078148568524707E-003
 performing expansion, best =    1.3066607969702054E-003
 performing expansion, best =    1.3063801394377337E-003
 performing expansion, best =    1.3053030306358331E-003
 performing expansion, best =    1.3049173271582816E-003
 performing expansion, best =    1.3028351652905402E-003
 performing expansion, best =    1.3016536039160429E-003
 performing expansion, best =    1.3011785233141197E-003
 performing expansion, best =    1.3006319174308912E-003
 performing expansion, best =    1.3003846806556524E-003
 performing expansion, best =    1.3000290216931120E-003
 performing expansion, best =    1.2989919288240942E-003
 performing expansion, best =    1.2983971383341191E-003
 performing expansion, best =    1.2976284577193220E-003
 performing expansion, best =    1.2976082479025028E-003
 performing expansion, best =    1.2975394811603461E-003
 performing expansion, best =    1.2966001157517105E-003
 performing expansion, best =    1.2951246894053370E-003
 performing expansion, best =    1.2950124056629159E-003
 performing expansion, best =    1.2949555846117002E-003
 performing expansion, best =    1.2943388968109678E-003
 performing expansion, best =    1.2940652208468825E-003
 performing expansion, best =    1.2934717102265130E-003
 performing expansion, best =    1.2926482852463621E-003
 performing expansion, best =    1.2924686336078077E-003
 performing expansion, best =    1.2920628779525764E-003
 performing expansion, best =    1.2920603097578047E-003
 performing expansion, best =    1.2917531040842016E-003
 performing expansion, best =    1.2916040540208861E-003
 performing expansion, best =    1.2914071826778842E-003
 performing expansion, best =    1.2912953074690359E-003
 performing expansion, best =    1.2910676953714507E-003
 performing expansion, best =    1.2908133276328341E-003
 performing expansion, best =    1.2905031352161726E-003
 performing expansion, best =    1.2902707392512139E-003
 performing expansion, best =    1.2901460914813087E-003
 performing expansion, best =    1.2901000944988885E-003
 performing expansion, best =    1.2900783995464413E-003
 performing expansion, best =    1.2896660677958788E-003
 performing expansion, best =    1.2892353909957520E-003
 performing expansion, best =    1.2890208222602127E-003
 performing expansion, best =    1.2886710937161300E-003
 performing expansion, best =    1.2882571299482734E-003
 performing expansion, best =    1.2876554645481941E-003
 performing expansion, best =    1.2873533327415311E-003
 performing expansion, best =    1.2868474151181901E-003
 performing expansion, best =    1.2861174625636437E-003
 performing expansion, best =    1.2856560980222865E-003
 performing expansion, best =    1.2851872463017725E-003
 performing expansion, best =    1.2849710032673855E-003
 performing expansion, best =    1.2847076133082396E-003
 performing expansion, best =    1.2846434728828072E-003
 performing expansion, best =    1.2844401499074779E-003
 performing expansion, best =    1.2838118421679119E-003
 performing expansion, best =    1.2838044122933669E-003
 performing expansion, best =    1.2836885809001683E-003
 performing expansion, best =    1.2834020119196496E-003
 performing expansion, best =    1.2828476192969734E-003
 performing expansion, best =    1.2827129821398821E-003
 performing expansion, best =    1.2824758740261773E-003
 performing expansion, best =    1.2821592091535963E-003
 performing expansion, best =    1.2815334333983117E-003
 performing expansion, best =    1.2808637199641538E-003
 performing expansion, best =    1.2802384660177113E-003
 performing expansion, best =    1.2797892046972894E-003
 performing expansion, best =    1.2793752093856173E-003
 performing expansion, best =    1.2789882698711562E-003
 performing expansion, best =    1.2782471076058430E-003
 performing expansion, best =    1.2778143933318525E-003
 performing expansion, best =    1.2778127276952937E-003
 performing expansion, best =    1.2776012603339069E-003
 performing expansion, best =    1.2774407479415558E-003
 performing expansion, best =    1.2773662776312735E-003
 performing expansion, best =    1.2772586548021171E-003
 performing expansion, best =    1.2770980187411347E-003
 performing expansion, best =    1.2770124605035384E-003
 performing expansion, best =    1.2769555274780588E-003
 performing expansion, best =    1.2768755053703244E-003
 performing expansion, best =    1.2767923450705877E-003
 performing expansion, best =    1.2767082057952379E-003
 performing expansion, best =    1.2766371708066984E-003
 performing expansion, best =    1.2763806614543873E-003
 performing expansion, best =    1.2762157363953946E-003
 performing expansion, best =    1.2761326037537173E-003
 performing expansion, best =    1.2759813737954588E-003
 performing expansion, best =    1.2758208094737582E-003
 performing expansion, best =    1.2757968111135332E-003
 performing expansion, best =    1.2756951064983664E-003
 performing expansion, best =    1.2756717755127659E-003
 performing expansion, best =    1.2756112264743519E-003
 performing expansion, best =    1.2753869135123475E-003
 performing expansion, best =    1.2753027813144078E-003
 performing expansion, best =    1.2751384244758055E-003
 performing expansion, best =    1.2749366021647817E-003
 performing expansion, best =    1.2746184056545138E-003
 performing expansion, best =    1.2745533862237933E-003
 performing expansion, best =    1.2744258826848430E-003
 performing expansion, best =    1.2743239283185426E-003
 performing expansion, best =    1.2741505033587463E-003
 performing expansion, best =    1.2738491336264249E-003
 performing expansion, best =    1.2737567732855966E-003
 performing expansion, best =    1.2735954358800176E-003
 performing expansion, best =    1.2732830248091444E-003
 performing expansion, best =    1.2732172839152696E-003
 performing expansion, best =    1.2731569974009918E-003
 performing expansion, best =    1.2729296309769980E-003
 performing expansion, best =    1.2728273484732253E-003
 performing expansion, best =    1.2727615543943914E-003
 performing expansion, best =    1.2727407279564439E-003
 performing expansion, best =    1.2726635605346270E-003
 performing expansion, best =    1.2725064017455538E-003
 performing expansion, best =    1.2725009679282161E-003
 performing expansion, best =    1.2724967834778114E-003
 performing expansion, best =    1.2724432521784548E-003
 performing expansion, best =    1.2723472845313272E-003
 performing expansion, best =    1.2722938339550761E-003
 performing expansion, best =    1.2722671562700634E-003
 performing expansion, best =    1.2722646631356353E-003
 performing expansion, best =    1.2722306633112658E-003
 performing expansion, best =    1.2721714378449783E-003
 performing expansion, best =    1.2721613004683121E-003
 performing expansion, best =    1.2721173842092518E-003
 performing expansion, best =    1.2721037735839342E-003
 performing expansion, best =    1.2720779917147879E-003
 performing expansion, best =    1.2720499799938200E-003
 performing expansion, best =    1.2720136563442710E-003
 performing expansion, best =    1.2719938244784934E-003
 performing expansion, best =    1.2719185767172177E-003
 performing expansion, best =    1.2718370355544895E-003
 performing expansion, best =    1.2718202605222035E-003
 performing expansion, best =    1.2717760600633433E-003
 performing expansion, best =    1.2717389232336145E-003
 performing expansion, best =    1.2717284692884722E-003
 performing expansion, best =    1.2716648599568185E-003
 performing expansion, best =    1.2715819209637908E-003
 performing expansion, best =    1.2715336032351526E-003
 performing expansion, best =    1.2714373631163135E-003
 performing expansion, best =    1.2713866500471353E-003
 performing expansion, best =    1.2712690411409093E-003
 performing expansion, best =    1.2711526477950281E-003
 performing expansion, best =    1.2709140964895524E-003
 performing expansion, best =    1.2708157636932868E-003
 performing expansion, best =    1.2707555821191282E-003
 performing expansion, best =    1.2706274229942294E-003
 performing expansion, best =    1.2705311889497058E-003
 performing expansion, best =    1.2705086375448705E-003
 performing expansion, best =    1.2704537365889263E-003
 performing expansion, best =    1.2703594716314455E-003
 performing expansion, best =    1.2701032053719320E-003
 performing expansion, best =    1.2699138631398301E-003
 performing expansion, best =    1.2698134542090019E-003
 performing expansion, best =    1.2697119546265015E-003
 performing expansion, best =    1.2694891499525930E-003
 performing expansion, best =    1.2694334307243797E-003
 performing expansion, best =    1.2693839292648567E-003
 performing expansion, best =    1.2692252428320298E-003
 performing expansion, best =    1.2691121969347990E-003
 performing expansion, best =    1.2690364445691205E-003
 performing expansion, best =    1.2689981755547330E-003
 performing expansion, best =    1.2689540703676361E-003
 performing expansion, best =    1.2689240956684990E-003
 performing expansion, best =    1.2687158340030779E-003
 performing expansion, best =    1.2686823782029680E-003
 performing expansion, best =    1.2686359296275465E-003
 performing expansion, best =    1.2685423592377384E-003
 performing expansion, best =    1.2683190496901276E-003
 performing expansion, best =    1.2682637318298215E-003
 performing expansion, best =    1.2682440075706964E-003
 performing expansion, best =    1.2682246936270931E-003
 performing expansion, best =    1.2682213594251411E-003
 performing expansion, best =    1.2682133256397951E-003
 performing expansion, best =    1.2682122811660409E-003
 performing expansion, best =    1.2681695579708097E-003
 performing expansion, best =    1.2681251411373448E-003
 performing expansion, best =    1.2680397868023601E-003
 performing expansion, best =    1.2678645086356922E-003
 performing expansion, best =    1.2678620374792990E-003
 performing expansion, best =    1.2677873506771078E-003
 performing expansion, best =    1.2677759638580670E-003
 performing expansion, best =    1.2676205037101154E-003
 performing expansion, best =    1.2674004530039372E-003
 performing expansion, best =    1.2673931891120566E-003
 performing expansion, best =    1.2673493693862656E-003
 performing expansion, best =    1.2672608122474849E-003
 performing expansion, best =    1.2672203913659699E-003
 performing expansion, best =    1.2671696922844312E-003
 performing expansion, best =    1.2670197458887304E-003
 performing expansion, best =    1.2668839399496822E-003
 performing expansion, best =    1.2668727547914703E-003
 performing expansion, best =    1.2667501849997107E-003
 performing expansion, best =    1.2666739102104175E-003
 performing expansion, best =    1.2666305453211413E-003
 performing expansion, best =    1.2665258991951828E-003
 performing expansion, best =    1.2665218238708553E-003
 performing expansion, best =    1.2664747575228358E-003
 performing expansion, best =    1.2664152834810992E-003
 performing expansion, best =    1.2664094283134173E-003
 performing expansion, best =    1.2663770596918868E-003
 performing expansion, best =    1.2662741667337431E-003
 performing expansion, best =    1.2662729835978368E-003
 performing expansion, best =    1.2661131407740232E-003
 performing expansion, best =    1.2659751490499635E-003
 performing expansion, best =    1.2659046628175890E-003
 performing expansion, best =    1.2658759486198752E-003
 performing expansion, best =    1.2658555327584693E-003
 performing expansion, best =    1.2658327087381662E-003
 performing expansion, best =    1.2658083721409866E-003
 performing expansion, best =    1.2657722455392275E-003
 performing expansion, best =    1.2656564323350174E-003
 performing expansion, best =    1.2655211246088737E-003
 performing expansion, best =    1.2654545487856945E-003
 performing expansion, best =    1.2653004326008939E-003
 performing expansion, best =    1.2650776843459420E-003
 performing expansion, best =    1.2649016954421196E-003
 performing expansion, best =    1.2646270959308363E-003
 performing expansion, best =    1.2644293683168246E-003
 performing expansion, best =    1.2643406971022285E-003
 performing expansion, best =    1.2641211437392839E-003
 performing expansion, best =    1.2640429834077603E-003
 performing expansion, best =    1.2640191580533008E-003
 performing expansion, best =    1.2639958576207827E-003
 performing expansion, best =    1.2639867708076852E-003
 performing expansion, best =    1.2638629926775265E-003
 performing expansion, best =    1.2638460578679332E-003
 performing expansion, best =    1.2638426452335522E-003
 performing expansion, best =    1.2637073998710115E-003
 performing expansion, best =    1.2636745081164313E-003
 performing expansion, best =    1.2636522393060937E-003
 performing expansion, best =    1.2636422405006287E-003
 performing expansion, best =    1.2636049773141513E-003
 performing expansion, best =    1.2635879176598108E-003
 performing expansion, best =    1.2635646150932515E-003
 performing expansion, best =    1.2634481038090964E-003
 performing expansion, best =    1.2633846800053706E-003
 performing expansion, best =    1.2633588001268448E-003
 performing expansion, best =    1.2633455941148254E-003
 performing expansion, best =    1.2633135301467608E-003
 performing expansion, best =    1.2633120714820654E-003
 performing expansion, best =    1.2632950225929245E-003
 performing expansion, best =    1.2631502462127761E-003
 performing expansion, best =    1.2630988438475789E-003
 performing expansion, best =    1.2630881427263744E-003
 performing expansion, best =    1.2630840515507526E-003
 performing expansion, best =    1.2629756542775162E-003
 performing expansion, best =    1.2629159032430126E-003
 performing expansion, best =    1.2629091315451456E-003
 performing expansion, best =    1.2628692619819166E-003
 performing expansion, best =    1.2628429059371165E-003
 performing expansion, best =    1.2627028137273020E-003
 performing expansion, best =    1.2625438336082723E-003
 performing expansion, best =    1.2624370545902838E-003
 performing expansion, best =    1.2623690495342506E-003
 performing expansion, best =    1.2623378182110324E-003
 performing expansion, best =    1.2623076880125682E-003
 performing expansion, best =    1.2621443991447216E-003
 performing expansion, best =    1.2621179557452612E-003
 performing expansion, best =    1.2620823448290883E-003
 performing expansion, best =    1.2620560575262955E-003
 performing expansion, best =    1.2620518444627477E-003
 performing expansion, best =    1.2619753000243851E-003
 performing expansion, best =    1.2617974655294009E-003
 performing expansion, best =    1.2617855394195761E-003
 performing expansion, best =    1.2616417109041714E-003
 performing expansion, best =    1.2616367774877886E-003
 performing expansion, best =    1.2615358909867026E-003
 performing expansion, best =    1.2614148465181899E-003
 performing expansion, best =    1.2612928668814633E-003
 performing expansion, best =    1.2612927547106922E-003
 performing expansion, best =    1.2612719548032434E-003
 performing expansion, best =    1.2612603788388355E-003
 performing expansion, best =    1.2612601328416818E-003
 performing expansion, best =    1.2612514352172326E-003
 performing expansion, best =    1.2612192667982725E-003
 performing expansion, best =    1.2611933020903084E-003
 performing expansion, best =    1.2611919093075458E-003
 performing expansion, best =    1.2611782283548868E-003
 performing expansion, best =    1.2611773521748664E-003
 performing expansion, best =    1.2611040073877906E-003
 performing expansion, best =    1.2610766453832487E-003
 performing expansion, best =    1.2609939838146400E-003
 performing expansion, best =    1.2609894086485014E-003
 performing expansion, best =    1.2609748922033459E-003
 performing expansion, best =    1.2609680206975874E-003
 performing expansion, best =    1.2609671114576593E-003
 performing expansion, best =    1.2609259071026072E-003
 performing expansion, best =    1.2609120946798465E-003
 performing expansion, best =    1.2608748182668687E-003
 performing expansion, best =    1.2608718871874515E-003
 performing expansion, best =    1.2608695785500195E-003
 performing expansion, best =    1.2608600136514510E-003
 performing expansion, best =    1.2607915285406516E-003
 performing expansion, best =    1.2607856028191298E-003
 performing expansion, best =    1.2607669195122408E-003
 performing expansion, best =    1.2607586186725917E-003
 performing expansion, best =    1.2606998778071450E-003
 performing expansion, best =    1.2606974201821680E-003
 performing expansion, best =    1.2606426431046522E-003
 performing expansion, best =    1.2606399295947679E-003
 performing expansion, best =    1.2606317736005065E-003
 performing expansion, best =    1.2605864146600220E-003
 performing expansion, best =    1.2605259505763216E-003
 performing expansion, best =    1.2604481923080139E-003
 performing expansion, best =    1.2603747512855029E-003
 performing expansion, best =    1.2602916897850099E-003
 performing expansion, best =    1.2602006631007424E-003
 performing expansion, best =    1.2602002169572885E-003
 performing expansion, best =    1.2601334403166931E-003
 performing expansion, best =    1.2600513617346018E-003
 performing expansion, best =    1.2599722920097433E-003
 performing expansion, best =    1.2599659785113466E-003
 performing expansion, best =    1.2598941025826311E-003
 performing expansion, best =    1.2598372607727306E-003
 performing expansion, best =    1.2597422430110285E-003
 performing expansion, best =    1.2596435985708617E-003
 performing expansion, best =    1.2595677899151199E-003
 performing expansion, best =    1.2595632126235084E-003
 performing expansion, best =    1.2595525367500432E-003
 performing expansion, best =    1.2594731843844945E-003
 performing expansion, best =    1.2593912191841490E-003
 performing expansion, best =    1.2593885261231869E-003
 performing expansion, best =    1.2593884373567202E-003
 performing expansion, best =    1.2593866896989016E-003
 performing expansion, best =    1.2593270326375849E-003
 performing expansion, best =    1.2593151603430075E-003
 performing expansion, best =    1.2593097561316784E-003
 performing expansion, best =    1.2593016478401355E-003
 performing expansion, best =    1.2592976692024508E-003
 performing expansion, best =    1.2592882597509511E-003
 performing expansion, best =    1.2592278075242540E-003
 performing expansion, best =    1.2592213968960380E-003
 performing expansion, best =    1.2591738422297420E-003
 performing expansion, best =    1.2591032518866317E-003
 performing expansion, best =    1.2590982560809320E-003
 performing expansion, best =    1.2590330975395100E-003
 performing expansion, best =    1.2589686223072789E-003
 performing expansion, best =    1.2589119651933978E-003
 performing expansion, best =    1.2589080200060487E-003
 performing expansion, best =    1.2588998563710589E-003
 performing expansion, best =    1.2588951059594414E-003
 performing expansion, best =    1.2588516432921169E-003
 performing expansion, best =    1.2588449032682756E-003
 performing expansion, best =    1.2588416973942130E-003
 performing expansion, best =    1.2588003891701781E-003
 performing expansion, best =    1.2587951794575494E-003
 performing expansion, best =    1.2587937877364134E-003
 performing expansion, best =    1.2587858032344715E-003
 performing expansion, best =    1.2587791602890600E-003
 performing expansion, best =    1.2587759326614450E-003
 performing expansion, best =    1.2587695967674834E-003
 performing expansion, best =    1.2587251269396194E-003
 performing expansion, best =    1.2587244488829574E-003
 performing expansion, best =    1.2587206663935788E-003
 performing expansion, best =    1.2587148470612057E-003
 performing expansion, best =    1.2587102937577502E-003
 performing expansion, best =    1.2587028137235176E-003
 performing expansion, best =    1.2587023337664613E-003
 performing expansion, best =    1.2586795737059969E-003
 performing expansion, best =    1.2586758108612003E-003
 performing expansion, best =    1.2586684998021277E-003
 performing expansion, best =    1.2586659643359867E-003
 performing expansion, best =    1.2586625529719712E-003
 performing expansion, best =    1.2586599437714790E-003
 performing expansion, best =    1.2586564528328697E-003
 performing expansion, best =    1.2586555220772044E-003
 performing expansion, best =    1.2586513093363831E-003
 performing expansion, best =    1.2586501951688638E-003
 performing expansion, best =    1.2586476600332181E-003
 performing expansion, best =    1.2586194770943652E-003
 performing expansion, best =    1.2586174631948708E-003
 performing expansion, best =    1.2586123833148942E-003
 performing expansion, best =    1.2586086957138817E-003
 performing expansion, best =    1.2586084533532890E-003
 performing expansion, best =    1.2586079579052416E-003
 performing expansion, best =    1.2585880417994471E-003
 performing expansion, best =    1.2585848664988775E-003
 performing expansion, best =    1.2585841051779027E-003
 performing expansion, best =    1.2585565192426336E-003
 performing expansion, best =    1.2585360821873992E-003
 performing expansion, best =    1.2585225669066865E-003
 performing expansion, best =    1.2585202624536213E-003
 performing expansion, best =    1.2585197628841387E-003
 performing expansion, best =    1.2585160102198370E-003
 performing expansion, best =    1.2584943837257512E-003
 performing expansion, best =    1.2584937248065612E-003
 performing expansion, best =    1.2584719779313621E-003
 performing expansion, best =    1.2584692286451869E-003
 performing expansion, best =    1.2584657774546365E-003
 performing expansion, best =    1.2584471163775747E-003
 performing expansion, best =    1.2584254306655211E-003
 performing expansion, best =    1.2584233487667928E-003
 performing expansion, best =    1.2584027274442717E-003
 performing expansion, best =    1.2584017242657727E-003
 performing expansion, best =    1.2583867166046328E-003
 performing expansion, best =    1.2583690890553380E-003
 performing expansion, best =    1.2583656454355854E-003
 performing expansion, best =    1.2583634425179255E-003
 performing expansion, best =    1.2583379327187263E-003
 performing expansion, best =    1.2583363490871111E-003
 performing expansion, best =    1.2583353612759340E-003
 performing expansion, best =    1.2583346285128276E-003
 performing expansion, best =    1.2583299805899023E-003
 performing expansion, best =    1.2583274871884123E-003
 performing expansion, best =    1.2583255131594264E-003
 performing expansion, best =    1.2583026939011930E-003
 performing expansion, best =    1.2583004343184065E-003
 performing expansion, best =    1.2582788285249520E-003
 performing expansion, best =    1.2582537171375579E-003
 performing expansion, best =    1.2582533378337991E-003
 performing expansion, best =    1.2582330739319453E-003
 performing expansion, best =    1.2582289949336545E-003
 performing expansion, best =    1.2582050103609771E-003
 performing expansion, best =    1.2581973972158817E-003
 performing expansion, best =    1.2581969140306689E-003
 performing expansion, best =    1.2581765158153442E-003
 performing expansion, best =    1.2581737663058781E-003
 performing expansion, best =    1.2581512166050639E-003
 performing expansion, best =    1.2581254022377341E-003
 performing expansion, best =    1.2581237866462439E-003
 performing expansion, best =    1.2580978192333783E-003
 performing expansion, best =    1.2580715254658353E-003
 performing expansion, best =    1.2580688278193131E-003
 performing expansion, best =    1.2580464886829692E-003
 performing expansion, best =    1.2580237061818795E-003
 performing expansion, best =    1.2580228611182873E-003
 performing expansion, best =    1.2579957362851156E-003
 performing expansion, best =    1.2579946323009760E-003
 performing expansion, best =    1.2579667321165739E-003
 performing expansion, best =    1.2579407832389894E-003
 performing expansion, best =    1.2579400645555637E-003
 performing expansion, best =    1.2579194998498559E-003
 performing expansion, best =    1.2579166389185795E-003
 performing expansion, best =    1.2578929035853628E-003
 performing expansion, best =    1.2578903165546824E-003
 performing expansion, best =    1.2578650029552586E-003
 performing expansion, best =    1.2578444165666260E-003
 performing expansion, best =    1.2578108108097952E-003
 performing expansion, best =    1.2577874401091046E-003
 performing expansion, best =    1.2577575138950990E-003
 performing expansion, best =    1.2577301563252816E-003
 performing expansion, best =    1.2577005413044789E-003
 performing expansion, best =    1.2576660402174387E-003
 performing expansion, best =    1.2576394570626627E-003
 performing expansion, best =    1.2576130822183132E-003
 performing expansion, best =    1.2575831324210807E-003
 performing expansion, best =    1.2575610206467084E-003
 performing expansion, best =    1.2575560192255957E-003
 performing expansion, best =    1.2575282138374028E-003
 performing expansion, best =    1.2574930893540163E-003
 performing expansion, best =    1.2574897655004045E-003
 performing expansion, best =    1.2574581470306222E-003
 performing expansion, best =    1.2574548314278314E-003
 performing expansion, best =    1.2574335495431710E-003
 performing expansion, best =    1.2574307894640214E-003
 performing expansion, best =    1.2574276437129796E-003
 performing expansion, best =    1.2574044654827018E-003
 performing expansion, best =    1.2573843355303085E-003
 performing expansion, best =    1.2573834889145991E-003
 performing expansion, best =    1.2573649855774111E-003
 performing expansion, best =    1.2573625227441131E-003
 performing expansion, best =    1.2573614934855135E-003
 performing expansion, best =    1.2573560662543922E-003
 performing expansion, best =    1.2573236715942705E-003
 performing expansion, best =    1.2572974598909017E-003
 performing expansion, best =    1.2572696501482136E-003
 performing expansion, best =    1.2572671248289261E-003
 performing expansion, best =    1.2572641506556998E-003
 performing expansion, best =    1.2572628688233276E-003
 performing expansion, best =    1.2572595375061916E-003
 performing expansion, best =    1.2572380315142833E-003
 performing expansion, best =    1.2572157362869562E-003
 performing expansion, best =    1.2572121262532533E-003
 performing expansion, best =    1.2572081827856637E-003
 performing expansion, best =    1.2571848551760838E-003
 performing expansion, best =    1.2571831900275651E-003
 performing expansion, best =    1.2571781030666686E-003
 performing expansion, best =    1.2571759677470051E-003
 performing expansion, best =    1.2571725048692590E-003
 performing expansion, best =    1.2571709306947187E-003
 performing expansion, best =    1.2571702039797582E-003
 performing expansion, best =    1.2571698215911667E-003
 performing expansion, best =    1.2571496806225708E-003
 performing expansion, best =    1.2571305306343069E-003
 performing expansion, best =    1.2571110860191586E-003
 performing expansion, best =    1.2571105604606244E-003
 performing expansion, best =    1.2570906653667812E-003
 performing expansion, best =    1.2570883620035272E-003
 performing expansion, best =    1.2570875552504993E-003
 performing expansion, best =    1.2570692883910669E-003
 performing expansion, best =    1.2570656204911124E-003
 performing expansion, best =    1.2570655980472815E-003
 performing expansion, best =    1.2570488504166986E-003
 performing expansion, best =    1.2570472017542182E-003
 performing expansion, best =    1.2570232908863433E-003
 performing expansion, best =    1.2569943407060593E-003
 performing expansion, best =    1.2569671878155872E-003
 performing expansion, best =    1.2569389663762438E-003
 performing expansion, best =    1.2569359219981543E-003
 performing expansion, best =    1.2569121003041413E-003
 performing expansion, best =    1.2569111944353963E-003
 performing expansion, best =    1.2569080933262642E-003
 performing expansion, best =    1.2569071664109489E-003
 performing expansion, best =    1.2568818004290020E-003
 performing expansion, best =    1.2568565958147320E-003
 performing expansion, best =    1.2568312903046320E-003
 performing expansion, best =    1.2567997441384098E-003
 performing expansion, best =    1.2567683415635107E-003
 performing expansion, best =    1.2567341204646944E-003
 performing expansion, best =    1.2566970737882795E-003
 performing expansion, best =    1.2566628036729832E-003
 performing expansion, best =    1.2566211018956504E-003
 performing expansion, best =    1.2565817906997801E-003
 performing expansion, best =    1.2565408390756995E-003
 performing expansion, best =    1.2564994707384429E-003
 performing expansion, best =    1.2564633087778681E-003
 performing expansion, best =    1.2564609876975928E-003
 performing expansion, best =    1.2564249122185662E-003
 performing expansion, best =    1.2564245011110575E-003
 performing expansion, best =    1.2563847598776885E-003
 performing expansion, best =    1.2563406404647521E-003
 performing expansion, best =    1.2563369406620468E-003
 performing expansion, best =    1.2562947143787810E-003
 performing expansion, best =    1.2562572251980948E-003
 performing expansion, best =    1.2562191197454259E-003
 performing expansion, best =    1.2561837718963512E-003
 performing expansion, best =    1.2561488741541726E-003
 performing expansion, best =    1.2561476833864108E-003
 performing expansion, best =    1.2561109351641479E-003
 performing expansion, best =    1.2560696568046628E-003
 performing expansion, best =    1.2560363567172901E-003
 performing expansion, best =    1.2560036971903112E-003
 performing expansion, best =    1.2559722665105829E-003
 performing expansion, best =    1.2559632272195714E-003
 performing expansion, best =    1.2559254194241811E-003
 performing expansion, best =    1.2558955304339059E-003
 performing expansion, best =    1.2558621426956573E-003
 performing expansion, best =    1.2558342609188880E-003
 performing expansion, best =    1.2557999985506663E-003
 performing expansion, best =    1.2557981642158603E-003
 performing expansion, best =    1.2557666820951696E-003
 performing expansion, best =    1.2557593882611556E-003
 performing expansion, best =    1.2557239120658764E-003
 performing expansion, best =    1.2556816277079258E-003
 performing expansion, best =    1.2556521192918443E-003
 performing expansion, best =    1.2556199559264614E-003
 performing expansion, best =    1.2555919956509672E-003
 performing expansion, best =    1.2555629878482331E-003
 performing expansion, best =    1.2555266714613504E-003
 performing expansion, best =    1.2554924502965006E-003
 performing expansion, best =    1.2554625512247392E-003
 performing expansion, best =    1.2554388575141042E-003
 performing expansion, best =    1.2554193084227774E-003
 performing expansion, best =    1.2553875361762128E-003
 performing expansion, best =    1.2553705050216358E-003
 performing expansion, best =    1.2553568103674264E-003
 performing expansion, best =    1.2553393531197956E-003
 performing expansion, best =    1.2553277894627021E-003
Exiting simplex optimization after 10001 iterations
RMSE         1.255297763E-03 Hartree
NEW BEST!
Best found solution for 15 charges:
        RMSE         7.877106442E-01 kcal/mol
         MAE         4.796238988E-01 kcal/mol
     max. AE         6.679775238E+00 kcal/mol

       x[bohr]       y[bohr]       z[bohr]          q[e]
     3.1922456    -1.5025632    -0.8893832    -0.6165302
     4.3714990    -0.5377917     1.7384970     0.5678788
     4.0399798    -0.7242205     1.2298594    -0.9845481
     3.3373865    -1.2718783    -0.3590696     0.9999457
     1.9402632     0.5778242     0.0870740     0.5707619
    -0.1250578     0.5637083    -0.0160634     0.4064606
     1.4017066     2.2212379     0.0074782    -0.6054417
    -0.2186255     2.6136116     0.0068064    -0.2729702
    -1.2529043    -1.3447647     0.9672703    -0.4258257
    -1.3058207    -1.2354108    -0.9609992    -0.4494095
    -2.1116668    -1.3843224    -0.0304219     0.3946446
    -0.7322779    -3.7499079     0.0142813     0.1803063
    -3.4415725    -0.6974335    -0.0504796     0.6522259
    -4.8847270    -2.0092503    -0.0505181     0.5155270
    -4.4664382    -1.5860390    -0.0531221    -0.9330254

