Running in fitting mode

Reading "/home/boittier/pydcm/models/fbutadiene-0/ref/B.p.cube"...

  B.pdb Potential
  Electrostatic potential from Total SCF Density
   10  -10.199900   -7.816226   -6.512944
  101    0.198782    0.000000    0.000000
   76    0.000000    0.198782    0.000000
   67    0.000000    0.000000    0.198782
    6    6.000000    3.226547   -1.246303    0.000176
    6    6.000000    0.984868   -0.101378    0.000081
    6    6.000000   -1.486643   -1.303474   -0.000192
    6    6.000000   -3.687148   -0.065831    0.000212
    1    1.000000    4.964658   -0.172077    0.000364
    1    1.000000    3.325524   -3.286591   -0.000146
    9    9.000000    0.906338    2.468472   -0.000183
    1    1.000000   -1.443026   -3.354081   -0.000742
    1    1.000000   -3.765969    1.979293    0.000539
    1    1.000000   -5.463972   -1.080873   -0.000037
  1.55587E-02  1.57646E-02  1.58080E-02  1.56868E-02  1.54072E-02  1.53425E-02
       .            .            .            .            .            .
       .            .            .            .            .            .
       .            .            .            .            .            .
 -5.02724E-03 -3.80551E-03 -2.72135E-03 -1.01509E-03  3.38599E-04  1.70647E-03

104191 out of 514292 gridpoints are considered ( 20.3%).

...done!




USING GREEDY MODE
File "multipole3_1charges.xyz" already exists. Fitting procedure is skipped.
File "multipole3_2charges.xyz" already exists. Fitting procedure is skipped.
File "multipole3_3charges.xyz" already exists. Fitting procedure is skipped.
File "multipole3_4charges.xyz" already exists. Fitting procedure is skipped.
File "multipole8_1charges.xyz" already exists. Fitting procedure is skipped.
File "multipole8_2charges.xyz" already exists. Fitting procedure is skipped.
File "multipole8_3charges.xyz" already exists. Fitting procedure is skipped.
File "multipole8_4charges.xyz" already exists. Fitting procedure is skipped.
Fragment fit detected
Fitting to MTP grid, discarding reference MEP cube data
Subsequent stats etc. are compared to MTP data, not the
MEP from the reference cube file
Total fragment charge (a.u.):        -1.631819562E-02
Running DE in parallel with 1 thread(s)!

Starting fitting procedure for 3 charges, trial 1
gen      0/6000      elitist  3.4328773E-03 feasible? T
gen    100/6000      elitist  7.0661703E-04 feasible? T
gen    200/6000      elitist  5.1501199E-04 feasible? T
gen    300/6000      elitist  5.0271852E-04 feasible? T
gen    400/6000      elitist  4.9953734E-04 feasible? T
gen    500/6000      elitist  4.9931416E-04 feasible? T
gen    600/6000      elitist  4.9930103E-04 feasible? T
gen    700/6000      elitist  4.9929889E-04 feasible? T
population converged towards a single solution after 740 generations.
Starting local simplex optimization:
Solution before refinement:      4.9929888889E-04
 performing expansion, best =    4.9929888865434674E-004
 performing expansion, best =    4.9929888845413721E-004
 performing expansion, best =    4.9929888825153181E-004
Exiting simplex optimization after   396 iterations
Solution after  refinement:      4.9929888825E-04
RMSE         4.992988883E-04 Hartree
NEW BEST!

Starting fitting procedure for 3 charges, trial 2
gen      0/6000      elitist  4.1244796E-03 feasible? T
gen    100/6000      elitist  8.7122735E-04 feasible? T
gen    200/6000      elitist  6.2647655E-04 feasible? T
gen    300/6000      elitist  5.1690537E-04 feasible? T
gen    400/6000      elitist  5.0126070E-04 feasible? T
gen    500/6000      elitist  4.9955506E-04 feasible? T
gen    600/6000      elitist  4.9931516E-04 feasible? T
gen    700/6000      elitist  4.9929926E-04 feasible? T
gen    800/6000      elitist  4.9929889E-04 feasible? T
population converged towards a single solution after 840 generations.
Starting local simplex optimization:
Solution before refinement:      4.9929889005E-04
 performing expansion, best =    4.9929889001207675E-004
 performing expansion, best =    4.9929888958629169E-004
 performing expansion, best =    4.9929888929139987E-004
 performing expansion, best =    4.9929888918100304E-004
Exiting simplex optimization after   362 iterations
Solution after  refinement:      4.9929888918E-04
RMSE         4.992988892E-04 Hartree

Starting fitting procedure for 3 charges, trial 3
gen      0/6000      elitist  1.9427149E-03 feasible? T
gen    100/6000      elitist  1.5663783E-03 feasible? T
gen    200/6000      elitist  1.0234795E-03 feasible? T
gen    300/6000      elitist  1.0167642E-03 feasible? T
gen    400/6000      elitist  1.0110497E-03 feasible? T
gen    500/6000      elitist  1.0090624E-03 feasible? T
gen    600/6000      elitist  1.0089831E-03 feasible? T
gen    700/6000      elitist  1.0089801E-03 feasible? T
gen    800/6000      elitist  1.0089783E-03 feasible? T
gen    900/6000      elitist  1.0089779E-03 feasible? T
gen   1000/6000      elitist  1.0089779E-03 feasible? T
population converged towards a single solution after 1036 generations.
Starting local simplex optimization:
Solution before refinement:      1.0089779188E-03
 performing expansion, best =    1.0089779187500687E-003
 performing expansion, best =    1.0089779186975422E-003
Exiting simplex optimization after   456 iterations
Solution after  refinement:      1.0089779187E-03
RMSE         1.008977919E-03 Hartree

Starting fitting procedure for 3 charges, trial 4
gen      0/6000      elitist  3.2886808E-03 feasible? T
gen    100/6000      elitist  1.1722862E-03 feasible? T
gen    200/6000      elitist  1.0184345E-03 feasible? T
gen    300/6000      elitist  9.9916576E-04 feasible? T
gen    400/6000      elitist  9.9834942E-04 feasible? T
gen    500/6000      elitist  9.9832848E-04 feasible? T
gen    600/6000      elitist  9.9832810E-04 feasible? T
population converged towards a single solution after 684 generations.
Starting local simplex optimization:
Solution before refinement:      9.9832807560E-04
 performing expansion, best =    9.9832807531633730E-004
 performing expansion, best =    9.9832807530049689E-004
 performing expansion, best =    9.9832807515433148E-004
Exiting simplex optimization after   448 iterations
Solution after  refinement:      9.9832807515E-04
RMSE         9.983280752E-04 Hartree

Best found solution for 3 charges:
        RMSE         6.264598521E-01 kcal/mol
         MAE         2.090912892E-01 kcal/mol
     max. AE         2.419381075E+00 kcal/mol

       x[bohr]       y[bohr]       z[bohr]          q[e]
    -1.1714162    -1.8680403    -0.0934569    -1.0000000
    -0.4974082    -1.6730328    -0.1606706     0.5055904
    -1.6907492    -2.7040973    -0.0369885     0.4780914

