Running in fitting mode

Reading "/home/boittier/pydcm/models/taylan1/ref/cis_dbb_pot.cube"...

  Title potential
  Electrostatic potential from Total SCF Density
   10  -13.073004  -10.937660  -10.135637
   93    0.282904    0.000000    0.000000
   75    0.000000    0.282904    0.000000
   73    0.000000    0.000000    0.282904
    6    6.000000    2.313112    3.612083    1.833244
    1    1.000000    1.157271    5.217035    2.374640
    1    1.000000    4.270229    3.580967    2.432681
    6    6.000000    1.299967    1.738021    0.487478
    6    6.000000   -1.299967    1.738020   -0.487478
    6    6.000000   -2.313112    3.612083   -1.833244
    1    1.000000   -1.157271    5.217035   -2.374640
    1    1.000000   -4.270230    3.580967   -2.432681
   35   35.000000   -3.303876   -1.168532    0.366508
   35   35.000000    3.303876   -1.168532   -0.366508
  4.31494E-03  4.13717E-03  3.89109E-03  3.57919E-03  3.20720E-03  5.00230E-03
       .            .            .            .            .            .
       .            .            .            .            .            .
       .            .            .            .            .            .
  1.66817E-02 -4.97492E-03  4.77279E-04  2.54262E-03  4.74932E-03  7.05711E-03

10880 out of 509175 gridpoints are considered (  2.1%).

...done!




USING GREEDY MODE
Running DE in parallel with 1 thread(s)!

Starting fitting procedure for multipole expansion of atom 8 with 1 charges, trial 1
gen      0/2000      elitist  3.0482227E-03 feasible? T
gen    100/2000      elitist  2.7997784E-03 feasible? T
gen    200/2000      elitist  2.7745606E-03 feasible? T
gen    300/2000      elitist  2.7732687E-03 feasible? T
gen    400/2000      elitist  2.7727588E-03 feasible? T
population converged towards a single solution after 459 generations.
Starting local simplex optimization:
Solution before refinement:      2.7727559042E-03
Exiting simplex optimization after   141 iterations
Solution after  refinement:      2.7727559042E-03
RMSE         2.772755904E-03Hartree
NEW BEST!

Starting fitting procedure for multipole expansion of atom 8 with 1 charges, trial 2
gen      0/2000      elitist  3.0951651E-03 feasible? T
gen    100/2000      elitist  2.7727562E-03 feasible? T
population converged towards a single solution after 145 generations.
Starting local simplex optimization:
Solution before refinement:      2.7727559044E-03
Exiting simplex optimization after   144 iterations
Solution after  refinement:      2.7727559044E-03
RMSE         2.772755904E-03Hartree
Starting fitting procedure for multipole expansion of atom 8 with 1 charges, trial 3
gen      0/2000      elitist  3.2099334E-03 feasible? T
gen    100/2000      elitist  2.7727559E-03 feasible? T
population converged towards a single solution after 131 generations.
Starting local simplex optimization:
Solution before refinement:      2.7727559043E-03
Exiting simplex optimization after   136 iterations
Solution after  refinement:      2.7727559043E-03
RMSE         2.772755904E-03Hartree
Starting fitting procedure for multipole expansion of atom 8 with 1 charges, trial 4
gen      0/2000      elitist  3.4291748E-03 feasible? T
gen    100/2000      elitist  2.7727560E-03 feasible? T
population converged towards a single solution after 131 generations.
Starting local simplex optimization:
Solution before refinement:      2.7727559041E-03
Exiting simplex optimization after   160 iterations
Solution after  refinement:      2.7727559041E-03
RMSE         2.772755904E-03Hartree
NEW BEST!

Best found solution for 1 charges:
        RMSE         1.739929285E+00 kcal/mol
         MAE         1.514968729E+00 kcal/mol
     max. AE         4.544879011E+00 kcal/mol

       x[bohr]       y[bohr]       z[bohr]          q[e]
    -4.7704666     3.8136147    -2.9494099     0.0550272

Running DE in parallel with 1 thread(s)!

Starting fitting procedure for multipole expansion of atom 8 with 2 charges, trial 1
gen      0/4000      elitist  1.9727392E-03 feasible? T
gen    100/4000      elitist  6.6121164E-04 feasible? T
gen    200/4000      elitist  6.6119618E-04 feasible? T
population converged towards a single solution after 253 generations.
Starting local simplex optimization:
Solution before refinement:      6.6119616008E-04
Exiting simplex optimization after   157 iterations
Solution after  refinement:      6.6119616008E-04
RMSE         6.611961601E-04Hartree
NEW BEST!

Starting fitting procedure for multipole expansion of atom 8 with 2 charges, trial 2
gen      0/4000      elitist  2.7540653E-03 feasible? T
gen    100/4000      elitist  6.6121050E-04 feasible? T
gen    200/4000      elitist  6.6119768E-04 feasible? T
gen    300/4000      elitist  6.6119616E-04 feasible? T
population converged towards a single solution after 308 generations.
Starting local simplex optimization:
Solution before refinement:      6.6119615979E-04
Exiting simplex optimization after   156 iterations
Solution after  refinement:      6.6119615979E-04
RMSE         6.611961598E-04Hartree
NEW BEST!

Starting fitting procedure for multipole expansion of atom 8 with 2 charges, trial 3
gen      0/4000      elitist  2.6364730E-03 feasible? T
gen    100/4000      elitist  6.6198431E-04 feasible? T
gen    200/4000      elitist  6.6119898E-04 feasible? T
gen    300/4000      elitist  6.6119617E-04 feasible? T
population converged towards a single solution after 335 generations.
Starting local simplex optimization:
Solution before refinement:      6.6119615973E-04
Exiting simplex optimization after   170 iterations
Solution after  refinement:      6.6119615973E-04
RMSE         6.611961597E-04Hartree
NEW BEST!

Starting fitting procedure for multipole expansion of atom 8 with 2 charges, trial 4
gen      0/4000      elitist  2.4420274E-03 feasible? T
gen    100/4000      elitist  6.6202129E-04 feasible? T
gen    200/4000      elitist  6.6119656E-04 feasible? T
population converged towards a single solution after 281 generations.
Starting local simplex optimization:
Solution before refinement:      6.6119615991E-04
Exiting simplex optimization after   160 iterations
Solution after  refinement:      6.6119615991E-04
RMSE         6.611961599E-04Hartree
Best found solution for 2 charges:
        RMSE         4.149065410E-01 kcal/mol
         MAE         3.034415783E-01 kcal/mol
     max. AE         1.882914038E+00 kcal/mol

       x[bohr]       y[bohr]       z[bohr]          q[e]
    -3.9220893     3.4559915    -1.8635221    -0.2245765
    -4.2474486     3.6328983    -2.3085425     0.2796037

Running DE in parallel with 1 thread(s)!

Starting fitting procedure for multipole expansion of atom 8 with 3 charges, trial 1
gen      0/6000      elitist  2.6181876E-03 feasible? T
gen    100/6000      elitist  2.8406905E-04 feasible? T
gen    200/6000      elitist  1.5326748E-04 feasible? T
gen    300/6000      elitist  1.2772482E-04 feasible? T
gen    400/6000      elitist  1.1580400E-04 feasible? T
gen    500/6000      elitist  1.1089409E-04 feasible? T
gen    600/6000      elitist  1.0972045E-04 feasible? T
gen    700/6000      elitist  1.0885021E-04 feasible? T
gen    800/6000      elitist  1.0848006E-04 feasible? T
gen    900/6000      elitist  1.0842086E-04 feasible? T
gen   1000/6000      elitist  1.0841808E-04 feasible? T
gen   1100/6000      elitist  1.0841805E-04 feasible? T
population converged towards a single solution after 1110 generations.
Starting local simplex optimization:
Solution before refinement:      1.0841804638E-04
 performing expansion, best =    1.0841804607683056E-004
 performing expansion, best =    1.0841804587351181E-004
Exiting simplex optimization after   436 iterations
Solution after  refinement:      1.0841804587E-04
RMSE         1.084180459E-04Hartree
NEW BEST!

Starting fitting procedure for multipole expansion of atom 8 with 3 charges, trial 2
gen      0/6000      elitist  2.7213933E-03 feasible? T
gen    100/6000      elitist  3.2741375E-04 feasible? T
gen    200/6000      elitist  1.5467508E-04 feasible? T
gen    300/6000      elitist  1.2981006E-04 feasible? T
gen    400/6000      elitist  1.1882267E-04 feasible? T
gen    500/6000      elitist  1.1330771E-04 feasible? T
gen    600/6000      elitist  1.1065117E-04 feasible? T
gen    700/6000      elitist  1.0978631E-04 feasible? T
gen    800/6000      elitist  1.0851936E-04 feasible? T
gen    900/6000      elitist  1.0842236E-04 feasible? T
gen   1000/6000      elitist  1.0841829E-04 feasible? T
gen   1100/6000      elitist  1.0841805E-04 feasible? T
population converged towards a single solution after 1119 generations.
Starting local simplex optimization:
Solution before refinement:      1.0841804507E-04
 performing expansion, best =    1.0841804495049549E-004
 performing expansion, best =    1.0841804440171634E-004
 performing expansion, best =    1.0841804433858743E-004
 performing expansion, best =    1.0841804428666933E-004
Exiting simplex optimization after   438 iterations
Solution after  refinement:      1.0841804429E-04
RMSE         1.084180443E-04Hartree
NEW BEST!

Starting fitting procedure for multipole expansion of atom 8 with 3 charges, trial 3
gen      0/6000      elitist  2.3314226E-03 feasible? T
gen    100/6000      elitist  2.6841993E-04 feasible? T
gen    200/6000      elitist  1.5038581E-04 feasible? T
gen    300/6000      elitist  1.2395627E-04 feasible? T
gen    400/6000      elitist  1.1343741E-04 feasible? T
gen    500/6000      elitist  1.1061387E-04 feasible? T
gen    600/6000      elitist  1.0948590E-04 feasible? T
gen    700/6000      elitist  1.0854593E-04 feasible? T
gen    800/6000      elitist  1.0842280E-04 feasible? T
gen    900/6000      elitist  1.0841822E-04 feasible? T
gen   1000/6000      elitist  1.0841806E-04 feasible? T
population converged towards a single solution after 1059 generations.
Starting local simplex optimization:
Solution before refinement:      1.0841804493E-04
 performing expansion, best =    1.0841804483015579E-004
 performing expansion, best =    1.0841804456983287E-004
Exiting simplex optimization after   453 iterations
Solution after  refinement:      1.0841804457E-04
RMSE         1.084180446E-04Hartree
Starting fitting procedure for multipole expansion of atom 8 with 3 charges, trial 4
gen      0/6000      elitist  1.6915935E-03 feasible? T
gen    100/6000      elitist  5.1712457E-04 feasible? T
gen    200/6000      elitist  1.7102757E-04 feasible? T
gen    300/6000      elitist  1.3048982E-04 feasible? T
gen    400/6000      elitist  1.1733579E-04 feasible? T
gen    500/6000      elitist  1.1171099E-04 feasible? T
gen    600/6000      elitist  1.0990783E-04 feasible? T
gen    700/6000      elitist  1.0886432E-04 feasible? T
gen    800/6000      elitist  1.0843538E-04 feasible? T
gen    900/6000      elitist  1.0841820E-04 feasible? T
gen   1000/6000      elitist  1.0841805E-04 feasible? T
population converged towards a single solution after 1050 generations.
Starting local simplex optimization:
Solution before refinement:      1.0841804418E-04
Exiting simplex optimization after   444 iterations
Solution after  refinement:      1.0841804418E-04
RMSE         1.084180442E-04Hartree
NEW BEST!

Best found solution for 3 charges:
        RMSE         6.803329848E-02 kcal/mol
         MAE         4.297747546E-02 kcal/mol
     max. AE         6.181495678E-01 kcal/mol

       x[bohr]       y[bohr]       z[bohr]          q[e]
    -4.5529928     3.4523046    -2.3890275     0.1866844
    -3.6297823     3.6615156    -2.2146431    -1.0000000
    -3.5493371     3.7686978    -2.3044587     0.8683428

Running DE in parallel with 1 thread(s)!

Starting fitting procedure for multipole expansion of atom 8 with 4 charges, trial 1
gen      0/8000      elitist  1.4631397E-03 feasible? T
gen    100/8000      elitist  4.2572719E-04 feasible? T
gen    200/8000      elitist  2.5627768E-04 feasible? T
gen    300/8000      elitist  1.5281203E-04 feasible? T
gen    400/8000      elitist  1.2086492E-04 feasible? T
gen    500/8000      elitist  1.1284883E-04 feasible? T
gen    600/8000      elitist  1.0803461E-04 feasible? T
gen    700/8000      elitist  1.0638262E-04 feasible? T
gen    800/8000      elitist  1.0577854E-04 feasible? T
gen    900/8000      elitist  1.0558023E-04 feasible? T
gen   1000/8000      elitist  1.0495580E-04 feasible? T
gen   1100/8000      elitist  9.2819101E-05 feasible? T
gen   1200/8000      elitist  9.0247555E-05 feasible? T
gen   1300/8000      elitist  8.9542128E-05 feasible? T
gen   1400/8000      elitist  8.8805574E-05 feasible? T
gen   1500/8000      elitist  8.5969954E-05 feasible? T
gen   1600/8000      elitist  8.3250381E-05 feasible? T
gen   1700/8000      elitist  8.1658838E-05 feasible? T
gen   1800/8000      elitist  8.1034563E-05 feasible? T
gen   1900/8000      elitist  8.0654486E-05 feasible? T
gen   2000/8000      elitist  8.0600525E-05 feasible? T
gen   2100/8000      elitist  8.0590416E-05 feasible? T
gen   2200/8000      elitist  8.0589169E-05 feasible? T
gen   2300/8000      elitist  8.0573803E-05 feasible? T
gen   2400/8000      elitist  8.0551818E-05 feasible? T
gen   2500/8000      elitist  8.0529171E-05 feasible? T
gen   2600/8000      elitist  8.0514763E-05 feasible? T
gen   2700/8000      elitist  8.0493217E-05 feasible? T
gen   2800/8000      elitist  8.0475449E-05 feasible? T
gen   2900/8000      elitist  8.0467960E-05 feasible? T
gen   3000/8000      elitist  8.0460513E-05 feasible? T
gen   3100/8000      elitist  8.0452367E-05 feasible? T
gen   3200/8000      elitist  8.0446610E-05 feasible? T
gen   3300/8000      elitist  8.0439502E-05 feasible? T
gen   3400/8000      elitist  8.0436696E-05 feasible? T
gen   3500/8000      elitist  8.0433946E-05 feasible? T
gen   3600/8000      elitist  8.0430063E-05 feasible? T
gen   3700/8000      elitist  8.0427982E-05 feasible? T
gen   3800/8000      elitist  8.0427091E-05 feasible? T
gen   3900/8000      elitist  8.0426086E-05 feasible? T
gen   4000/8000      elitist  8.0424196E-05 feasible? T
gen   4100/8000      elitist  8.0420843E-05 feasible? T
gen   4200/8000      elitist  8.0419299E-05 feasible? T
population converged towards a single solution after 4286 generations.
Starting local simplex optimization:
Solution before refinement:      8.0419281236E-05
 performing expansion, best =    8.0419280963490080E-005
 performing expansion, best =    8.0419279783730028E-005
 performing expansion, best =    8.0419277964352060E-005
 performing expansion, best =    8.0419276748424257E-005
 performing expansion, best =    8.0419276455255732E-005
 performing expansion, best =    8.0419276214391871E-005
 performing expansion, best =    8.0419275942795527E-005
 performing expansion, best =    8.0419275904672797E-005
Exiting simplex optimization after   575 iterations
Solution after  refinement:      8.0419275905E-05
RMSE         8.041927590E-05Hartree
NEW BEST!

Starting fitting procedure for multipole expansion of atom 8 with 4 charges, trial 2
gen      0/8000      elitist  2.0563302E-03 feasible? T
gen    100/8000      elitist  4.8586805E-04 feasible? T
gen    200/8000      elitist  1.6778669E-04 feasible? T
gen    300/8000      elitist  1.2234401E-04 feasible? T
gen    400/8000      elitist  1.1708834E-04 feasible? T
gen    500/8000      elitist  1.1317091E-04 feasible? T
gen    600/8000      elitist  1.0977517E-04 feasible? T
gen    700/8000      elitist  1.0607075E-04 feasible? T
gen    800/8000      elitist  1.0574993E-04 feasible? T
gen    900/8000      elitist  1.0571123E-04 feasible? T
gen   1000/8000      elitist  1.0570110E-04 feasible? T
gen   1100/8000      elitist  1.0570052E-04 feasible? T
gen   1200/8000      elitist  1.0569763E-04 feasible? T
gen   1300/8000      elitist  1.0569198E-04 feasible? T
gen   1400/8000      elitist  1.0391152E-04 feasible? T
gen   1500/8000      elitist  1.0321361E-04 feasible? T
gen   1600/8000      elitist  1.0219084E-04 feasible? T
gen   1700/8000      elitist  1.0186466E-04 feasible? T
gen   1800/8000      elitist  1.0161451E-04 feasible? T
gen   1900/8000      elitist  1.0113508E-04 feasible? T
gen   2000/8000      elitist  1.0082612E-04 feasible? T
gen   2100/8000      elitist  1.0074175E-04 feasible? T
gen   2200/8000      elitist  1.0073692E-04 feasible? T
gen   2300/8000      elitist  1.0073652E-04 feasible? T
gen   2400/8000      elitist  1.0063237E-04 feasible? T
gen   2500/8000      elitist  1.0055812E-04 feasible? T
gen   2600/8000      elitist  1.0053958E-04 feasible? T
gen   2700/8000      elitist  1.0049334E-04 feasible? T
gen   2800/8000      elitist  1.0046445E-04 feasible? T
gen   2900/8000      elitist  1.0045686E-04 feasible? T
gen   3000/8000      elitist  1.0045512E-04 feasible? T
gen   3100/8000      elitist  1.0045505E-04 feasible? T
gen   3200/8000      elitist  1.0045504E-04 feasible? T
population converged towards a single solution after 3209 generations.
Starting local simplex optimization:
Solution before refinement:      1.0045504252E-04
 performing expansion, best =    1.0045504229453117E-004
 performing expansion, best =    1.0045504203396698E-004
 performing expansion, best =    1.0045504181238390E-004
Exiting simplex optimization after   612 iterations
Solution after  refinement:      1.0045504181E-04
RMSE         1.004550418E-04Hartree
Starting fitting procedure for multipole expansion of atom 8 with 4 charges, trial 3
gen      0/8000      elitist  1.8077525E-03 feasible? T
gen    100/8000      elitist  4.2608594E-04 feasible? T
gen    200/8000      elitist  2.2005465E-04 feasible? T
gen    300/8000      elitist  1.6863303E-04 feasible? T
gen    400/8000      elitist  1.2994437E-04 feasible? T
gen    500/8000      elitist  1.2614054E-04 feasible? T
gen    600/8000      elitist  1.1858599E-04 feasible? T
gen    700/8000      elitist  1.1795071E-04 feasible? T
gen    800/8000      elitist  1.1702898E-04 feasible? T
gen    900/8000      elitist  1.1366259E-04 feasible? T
gen   1000/8000      elitist  1.1226519E-04 feasible? T
gen   1100/8000      elitist  1.0976531E-04 feasible? T
gen   1200/8000      elitist  1.0490148E-04 feasible? T
gen   1300/8000      elitist  1.0320921E-04 feasible? T
gen   1400/8000      elitist  1.0231342E-04 feasible? T
gen   1500/8000      elitist  1.0125995E-04 feasible? T
gen   1600/8000      elitist  1.0100740E-04 feasible? T
gen   1700/8000      elitist  1.0080350E-04 feasible? T
gen   1800/8000      elitist  1.0075987E-04 feasible? T
gen   1900/8000      elitist  1.0064550E-04 feasible? T
gen   2000/8000      elitist  1.0057393E-04 feasible? T
gen   2100/8000      elitist  1.0055090E-04 feasible? T
gen   2200/8000      elitist  1.0052743E-04 feasible? T
gen   2300/8000      elitist  1.0052270E-04 feasible? T
gen   2400/8000      elitist  1.0052139E-04 feasible? T
gen   2500/8000      elitist  1.0047726E-04 feasible? T
gen   2600/8000      elitist  1.0046524E-04 feasible? T
gen   2700/8000      elitist  1.0046305E-04 feasible? T
gen   2800/8000      elitist  1.0045735E-04 feasible? T
gen   2900/8000      elitist  1.0045531E-04 feasible? T
gen   3000/8000      elitist  1.0045524E-04 feasible? T
gen   3100/8000      elitist  1.0045518E-04 feasible? T
population converged towards a single solution after 3172 generations.
Starting local simplex optimization:
Solution before refinement:      1.0045516680E-04
 performing expansion, best =    1.0045516603614436E-004
 performing expansion, best =    1.0045516562473917E-004
 performing expansion, best =    1.0045516482139157E-004
 performing expansion, best =    1.0045516463144598E-004
Exiting simplex optimization after   609 iterations
Solution after  refinement:      1.0045516463E-04
RMSE         1.004551646E-04Hartree
Starting fitting procedure for multipole expansion of atom 8 with 4 charges, trial 4
gen      0/8000      elitist  2.5232159E-03 feasible? T
gen    100/8000      elitist  4.0405981E-04 feasible? T
gen    200/8000      elitist  1.5917475E-04 feasible? T
gen    300/8000      elitist  1.1995405E-04 feasible? T
gen    400/8000      elitist  1.0516982E-04 feasible? T
gen    500/8000      elitist  1.0112050E-04 feasible? T
gen    600/8000      elitist  9.3078767E-05 feasible? T
gen    700/8000      elitist  8.8299947E-05 feasible? T
gen    800/8000      elitist  8.5473156E-05 feasible? T
gen    900/8000      elitist  8.3543847E-05 feasible? T
gen   1000/8000      elitist  8.2537812E-05 feasible? T
gen   1100/8000      elitist  8.1479720E-05 feasible? T
gen   1200/8000      elitist  8.0939070E-05 feasible? T
gen   1300/8000      elitist  8.0805773E-05 feasible? T
gen   1400/8000      elitist  8.0631588E-05 feasible? T
gen   1500/8000      elitist  8.0615498E-05 feasible? T
gen   1600/8000      elitist  8.0611690E-05 feasible? T
gen   1700/8000      elitist  8.0579657E-05 feasible? T
gen   1800/8000      elitist  8.0540732E-05 feasible? T
gen   1900/8000      elitist  8.0516491E-05 feasible? T
gen   2000/8000      elitist  8.0498593E-05 feasible? T
gen   2100/8000      elitist  8.0479428E-05 feasible? T
gen   2200/8000      elitist  8.0457367E-05 feasible? T
gen   2300/8000      elitist  8.0441204E-05 feasible? T
gen   2400/8000      elitist  8.0436553E-05 feasible? T
gen   2500/8000      elitist  8.0435045E-05 feasible? T
gen   2600/8000      elitist  8.0434914E-05 feasible? T
gen   2700/8000      elitist  8.0434862E-05 feasible? T
population converged towards a single solution after 2724 generations.
Starting local simplex optimization:
Solution before refinement:      8.0434861280E-05
 performing expansion, best =    8.0434861065059840E-005
 performing expansion, best =    8.0434860082264303E-005
 performing expansion, best =    8.0434859947263798E-005
 performing expansion, best =    8.0434859711133754E-005
 performing expansion, best =    8.0434859642667728E-005
 performing expansion, best =    8.0434859638535820E-005
 performing expansion, best =    8.0434859442292449E-005
 performing expansion, best =    8.0434859020719164E-005
Exiting simplex optimization after   593 iterations
Solution after  refinement:      8.0434859021E-05
RMSE         8.043485902E-05Hartree
Best found solution for 4 charges:
        RMSE         5.046381940E-02 kcal/mol
         MAE         3.035848122E-02 kcal/mol
     max. AE         5.361080302E-01 kcal/mol

       x[bohr]       y[bohr]       z[bohr]          q[e]
    -4.0502204     3.3040456    -2.1177371     0.5465005
    -4.9795864     3.6587931    -2.6819338     0.0484727
    -3.7789562     3.4314602    -2.1147547    -0.9999990
    -3.5356812     3.7069999    -2.3064900     0.4600529

