Running in generate mode

Reading "/home/boittier/pydcm/models/methylcyanide/ref/methylcyanide.chk.p.cube"...

  amide1.pdb Potential
  Electrostatic potential from Total SCF Density
    6   -8.735003   -6.512990   -6.513520
   95    0.179936    0.000000    0.000000
   73    0.000000    0.179936    0.000000
   73    0.000000    0.000000    0.179936
    6    6.000000   -2.222251   -0.000238    0.000142
    6    6.000000    0.529882    0.001222   -0.000768
    7    7.000000    2.708282   -0.000510    0.000303
    1    1.000000   -2.932875   -1.876440    0.482243
    1    1.000000   -2.936096    0.519863   -1.864599
    1    1.000000   -2.934787    1.354237    1.383985
  1.58782E-02  1.59049E-02  1.59146E-02  1.58205E-02  1.59100E-02  1.59845E-02
       .            .            .            .            .            .
       .            .            .            .            .            .
       .            .            .            .            .            .
 -2.30911E-02 -2.28806E-02 -2.27970E-02 -2.28241E-02 -2.28121E-02 -2.27610E-02

263989 out of 506255 gridpoints are considered ( 52.1%).

...done!

 writing cube file ditriantapole_expansion.cube                                                                                                                                                                                                                                                                                                                                                                                                                                                                                                                                                                                                                                                                                                                                                                                                                                                                                                                                                                                                                                    
Written cubefile and slice data
