Running in analysis mode

Reading "/home/boittier/pydcm/models/scn/ref/scn_test.chk.p.cube"...

  amide1.pdb Potential
  Electrostatic potential from Total SCF Density
    7   -9.547539   -9.907163   -8.571809
   84    0.227959    0.000000    0.000000
   80    0.000000    0.227959    0.000000
   76    0.000000    0.000000    0.227959
    6    6.000000   -2.044175    0.014333    0.000054
   16   16.000000    0.865801   -1.335365   -0.000011
    7    7.000000   -4.064309    0.861651   -0.000028
    6    6.000000    2.846132    1.524855   -0.000012
    1    1.000000    2.501412    2.632432   -1.697357
    1    1.000000    2.498264    2.634736    1.695157
    1    1.000000    4.785937    0.831978    0.002316
 -3.13894E-03 -3.19931E-03 -3.25989E-03 -3.32060E-03 -3.38136E-03 -3.44207E-03
       .            .            .            .            .            .
       .            .            .            .            .            .
       .            .            .            .            .            .
  6.10916E-03  5.95720E-03  5.80704E-03  5.65887E-03  5.51287E-03  5.36919E-03

510720 out of 510720 gridpoints are considered (100.0%).

...done!

Reading "ditriantapole_expansion.cube"...

  Fitted ESP
  Electrostatic potential fitted from ditriantapole expansion.
    7   -9.547539   -9.907163   -8.571809
   84    0.227959    0.000000    0.000000
   80    0.000000    0.227959    0.000000
   76    0.000000    0.000000    0.227959
    6    6.000000   -2.044175    0.014333    0.000054
   16   16.000000    0.865801   -1.335365   -0.000011
    7    7.000000   -4.064309    0.861651   -0.000028
    6    6.000000    2.846132    1.524855   -0.000012
    1    1.000000    2.501412    2.632432   -1.697357
    1    1.000000    2.498264    2.634736    1.695157
    1    1.000000    4.785937    0.831978    0.002316
 -3.09859E-03 -3.15864E-03 -3.21892E-03 -3.27933E-03 -3.33982E-03 -3.40028E-03
       .            .            .            .            .            .
       .            .            .            .            .            .
       .            .            .            .            .            .
  6.03840E-03  5.88908E-03  5.74151E-03  5.59588E-03  5.45237E-03  5.31112E-03

510720 out of 510720 gridpoints are considered (100.0%).

...done!

                       Measure       RMSE[kcal/mol/e]   MaxError[kcal/mol/e]   NPoints
                         Total        3.276935808E-01        3.611530347E+00    455562
Close (  1.20 < r <   1.66 )          8.375538393E-01        3.611530347E+00     60619
Mid-range ( 1.66 < r <  2.20)         1.926454387E-01        5.453057286E-01    112131
Far-range (  2.20         < r)        8.888173550E-02        2.525826014E-01    282812
Did analysis and wrote slice data
