Running in fitting mode

Reading "/home/boittier/pydcm/models/fbutadiene-13/ref/B.p.cube"...

  B.pdb Potential
  Electrostatic potential from Total SCF Density
   10   -8.360715   -7.298961   -6.932054
  113    0.166667    0.000000    0.000000
   98    0.000000    0.166667    0.000000
   85    0.000000    0.000000    0.166667
    6    6.000000   -1.847963    2.397208    0.183078
    6    6.000000   -0.908503    0.072307    0.094995
    6    6.000000    1.674861   -0.786209    0.600111
    6    6.000000    3.737446    0.240262   -0.419302
    1    1.000000   -3.824263    2.748546   -0.205164
    1    1.000000   -0.630670    3.969761    0.646521
    9    9.000000   -2.502978   -1.907973   -0.368372
    1    1.000000    1.821906   -2.438251    1.813066
    1    1.000000    3.618739    1.814754   -1.725458
    1    1.000000    5.606043   -0.464465    0.033093
 -1.13252E-02 -1.13157E-02 -1.12900E-02 -1.12933E-02 -1.13321E-02 -1.13552E-02
       .            .            .            .            .            .
       .            .            .            .            .            .
       .            .            .            .            .            .
  6.42170E-03  5.43707E-03  4.47907E-03  3.56876E-03  2.72443E-03  7.47368E-04

204235 out of 941290 gridpoints are considered ( 21.7%).

...done!




USING GREEDY MODE
File "multipole7_1charges.xyz" already exists. Fitting procedure is skipped.
File "multipole7_2charges.xyz" already exists. Fitting procedure is skipped.
File "multipole7_3charges.xyz" already exists. Fitting procedure is skipped.
File "multipole7_4charges.xyz" already exists. Fitting procedure is skipped.
File "multipole2_1charges.xyz" already exists. Fitting procedure is skipped.
File "multipole2_2charges.xyz" already exists. Fitting procedure is skipped.
File "multipole2_3charges.xyz" already exists. Fitting procedure is skipped.
File "multipole2_4charges.xyz" already exists. Fitting procedure is skipped.
Fragment fit detected
Fitting to MTP grid, discarding reference MEP cube data
Subsequent stats etc. are compared to MTP data, not the
MEP from the reference cube file
Total fragment charge (a.u.):         1.242115764E-01
Running DE in parallel with 1 thread(s)!

Starting fitting procedure for 3 charges, trial 1
gen      0/6000      elitist  2.5775892E-03 feasible? T
gen    100/6000      elitist  1.0550506E-03 feasible? T
gen    200/6000      elitist  1.0489031E-03 feasible? T
gen    300/6000      elitist  1.0476067E-03 feasible? T
gen    400/6000      elitist  1.0475786E-03 feasible? T
gen    500/6000      elitist  1.0475778E-03 feasible? T
population converged towards a single solution after 597 generations.
Starting local simplex optimization:
Solution before refinement:      1.0475777452E-03
 performing expansion, best =    1.0475777448427706E-003
 performing expansion, best =    1.0475777448204985E-003
Exiting simplex optimization after   358 iterations
Solution after  refinement:      1.0475777448E-03
RMSE         1.047577745E-03 Hartree
NEW BEST!

Starting fitting procedure for 3 charges, trial 2
gen      0/6000      elitist  1.1441648E-02 feasible? T
gen    100/6000      elitist  1.2265053E-03 feasible? T
gen    200/6000      elitist  9.0174086E-04 feasible? T
gen    300/6000      elitist  8.8941911E-04 feasible? T
gen    400/6000      elitist  8.8471754E-04 feasible? T
gen    500/6000      elitist  8.8377462E-04 feasible? T
gen    600/6000      elitist  8.8375265E-04 feasible? T
gen    700/6000      elitist  8.8374964E-04 feasible? T
gen    800/6000      elitist  8.8374941E-04 feasible? T
population converged towards a single solution after 847 generations.
Starting local simplex optimization:
Solution before refinement:      8.8374940294E-04
 performing expansion, best =    8.8374940285392337E-004
 performing expansion, best =    8.8374940273828648E-004
Exiting simplex optimization after   384 iterations
Solution after  refinement:      8.8374940274E-04
RMSE         8.837494027E-04 Hartree
NEW BEST!

Starting fitting procedure for 3 charges, trial 3
gen      0/6000      elitist  1.3490509E-02 feasible? T
gen    100/6000      elitist  1.0692843E-03 feasible? T
gen    200/6000      elitist  1.0482711E-03 feasible? T
gen    300/6000      elitist  1.0476429E-03 feasible? T
gen    400/6000      elitist  1.0475781E-03 feasible? T
gen    500/6000      elitist  1.0475778E-03 feasible? T
population converged towards a single solution after 558 generations.
Starting local simplex optimization:
Solution before refinement:      1.0475777449E-03
 performing expansion, best =    1.0475777445403305E-003
 performing expansion, best =    1.0475777444657380E-003
 performing expansion, best =    1.0475777444416941E-003
Exiting simplex optimization after   345 iterations
Solution after  refinement:      1.0475777444E-03
RMSE         1.047577744E-03 Hartree

Starting fitting procedure for 3 charges, trial 4
gen      0/6000      elitist  6.5775153E-03 feasible? T
gen    100/6000      elitist  1.2305080E-03 feasible? T
gen    200/6000      elitist  1.0540180E-03 feasible? T
gen    300/6000      elitist  8.8909272E-04 feasible? T
gen    400/6000      elitist  8.8395694E-04 feasible? T
gen    500/6000      elitist  8.8375352E-04 feasible? T
gen    600/6000      elitist  8.8374952E-04 feasible? T
gen    700/6000      elitist  8.8374941E-04 feasible? T
population converged towards a single solution after 741 generations.
Starting local simplex optimization:
Solution before refinement:      8.8374940274E-04
 performing expansion, best =    8.8374940260427866E-004
 performing expansion, best =    8.8374940239337293E-004
Exiting simplex optimization after   385 iterations
Solution after  refinement:      8.8374940239E-04
RMSE         8.837494024E-04 Hartree
NEW BEST!

Best found solution for 3 charges:
        RMSE         5.545607037E-01 kcal/mol
         MAE         3.732565047E-01 kcal/mol
     max. AE         4.327222962E+00 kcal/mol

       x[bohr]       y[bohr]       z[bohr]          q[e]
    -2.2814605    -1.3070810    -0.1225447     0.9202147
    -2.3989019    -1.6795245    -0.2104669    -1.0000000
     0.1268395    -0.1587790     0.2411930     0.2039968

