Running in fitting mode

Reading "/home/boittier/pydcm/models/fbutadiene-5/ref/B.p.cube"...

  B.pdb Potential
  Electrostatic potential from Total SCF Density
   10   -9.523505   -7.980533   -7.103730
  119    0.166667    0.000000    0.000000
   91    0.000000    0.166667    0.000000
   86    0.000000    0.000000    0.166667
    6    6.000000   -3.010753   -1.467781    0.411389
    6    6.000000   -0.986749   -0.122455   -0.217071
    6    6.000000    1.601222   -1.053695   -0.590978
    6    6.000000    3.633552   -0.023214    0.486105
    1    1.000000   -4.798379   -0.560773    0.811121
    1    1.000000   -2.897238   -3.506380    0.487381
    9    9.000000   -1.166171    2.450557   -0.229039
    1    1.000000    1.766796   -2.828174   -1.608960
    1    1.000000    3.515233    1.709731    1.572033
    1    1.000000    5.485495   -0.866552    0.263106
  3.31692E-03  3.41411E-03  3.50260E-03  3.58165E-03  3.65062E-03  3.70898E-03
       .            .            .            .            .            .
       .            .            .            .            .            .
       .            .            .            .            .            .
 -1.78895E-03 -2.83322E-03 -3.66958E-03 -4.43052E-03 -5.13782E-03 -6.42956E-03

200354 out of 931294 gridpoints are considered ( 21.5%).

...done!




USING GREEDY MODE
File "multipole5_1charges.xyz" already exists. Fitting procedure is skipped.
File "multipole5_2charges.xyz" already exists. Fitting procedure is skipped.
File "multipole5_3charges.xyz" already exists. Fitting procedure is skipped.
File "multipole5_4charges.xyz" already exists. Fitting procedure is skipped.
File "multipole1_1charges.xyz" already exists. Fitting procedure is skipped.
File "multipole1_2charges.xyz" already exists. Fitting procedure is skipped.
File "multipole1_3charges.xyz" already exists. Fitting procedure is skipped.
File "multipole1_4charges.xyz" already exists. Fitting procedure is skipped.
File "multipole6_1charges.xyz" already exists. Fitting procedure is skipped.
File "multipole6_2charges.xyz" already exists. Fitting procedure is skipped.
File "multipole6_3charges.xyz" already exists. Fitting procedure is skipped.
File "multipole6_4charges.xyz" already exists. Fitting procedure is skipped.
Fragment fit detected
Fitting to MTP grid, discarding reference MEP cube data
Subsequent stats etc. are compared to MTP data, not the
MEP from the reference cube file
Total fragment charge (a.u.):        -9.908044224E-02
Running DE in parallel with 1 thread(s)!

Starting fitting procedure for 3 charges, trial 1
gen      0/6000      elitist  1.0656679E-02 feasible? T
gen    100/6000      elitist  3.7945770E-03 feasible? T
gen    200/6000      elitist  3.7491952E-03 feasible? T
gen    300/6000      elitist  3.6985793E-03 feasible? T
gen    400/6000      elitist  3.2599535E-03 feasible? T
gen    500/6000      elitist  2.7143616E-03 feasible? T
gen    600/6000      elitist  2.3588011E-03 feasible? T
gen    700/6000      elitist  2.2761389E-03 feasible? T
gen    800/6000      elitist  2.2394703E-03 feasible? T
gen    900/6000      elitist  2.2380188E-03 feasible? T
gen   1000/6000      elitist  2.2379021E-03 feasible? T
gen   1100/6000      elitist  2.2379021E-03 feasible? T
gen   1200/6000      elitist  2.2377557E-03 feasible? T
gen   1300/6000      elitist  2.2365433E-03 feasible? T
gen   1400/6000      elitist  2.2365433E-03 feasible? T
gen   1500/6000      elitist  2.2365026E-03 feasible? T
gen   1600/6000      elitist  2.2342903E-03 feasible? T
gen   1700/6000      elitist  2.2340390E-03 feasible? T
gen   1800/6000      elitist  2.2340206E-03 feasible? T
gen   1900/6000      elitist  2.2340185E-03 feasible? T
gen   2000/6000      elitist  2.2340182E-03 feasible? T
population converged towards a single solution after 2052 generations.
Starting local simplex optimization:
Solution before refinement:      2.2340182221E-03
 performing expansion, best =    2.2340182220108207E-003
 performing expansion, best =    2.2340182219890243E-003
Exiting simplex optimization after   496 iterations
Solution after  refinement:      2.2340182220E-03
RMSE         2.234018222E-03 Hartree
NEW BEST!

Starting fitting procedure for 3 charges, trial 2
gen      0/6000      elitist  9.0090380E-03 feasible? T
gen    100/6000      elitist  1.3495247E-03 feasible? T
gen    200/6000      elitist  4.2056696E-04 feasible? T
gen    300/6000      elitist  4.0808504E-04 feasible? T
gen    400/6000      elitist  4.0787313E-04 feasible? T
gen    500/6000      elitist  4.0787218E-04 feasible? T
population converged towards a single solution after 529 generations.
Starting local simplex optimization:
Solution before refinement:      4.0787218258E-04
Exiting simplex optimization after   270 iterations
Solution after  refinement:      4.0787218258E-04
RMSE         4.078721826E-04 Hartree
NEW BEST!

Starting fitting procedure for 3 charges, trial 3
gen      0/6000      elitist  8.3749315E-03 feasible? T
gen    100/6000      elitist  9.3563419E-04 feasible? T
gen    200/6000      elitist  4.2661297E-04 feasible? T
gen    300/6000      elitist  4.0879423E-04 feasible? T
gen    400/6000      elitist  4.0787618E-04 feasible? T
gen    500/6000      elitist  4.0787218E-04 feasible? T
population converged towards a single solution after 540 generations.
Starting local simplex optimization:
Solution before refinement:      4.0787218243E-04
Exiting simplex optimization after   279 iterations
Solution after  refinement:      4.0787218243E-04
RMSE         4.078721824E-04 Hartree
NEW BEST!

Starting fitting procedure for 3 charges, trial 4
gen      0/6000      elitist  4.7103106E-03 feasible? T
gen    100/6000      elitist  1.9408273E-03 feasible? T
gen    200/6000      elitist  4.5304006E-04 feasible? T
gen    300/6000      elitist  4.2517942E-04 feasible? T
gen    400/6000      elitist  4.0924028E-04 feasible? T
gen    500/6000      elitist  4.0789664E-04 feasible? T
gen    600/6000      elitist  4.0787223E-04 feasible? T
population converged towards a single solution after 652 generations.
Starting local simplex optimization:
Solution before refinement:      4.0787218339E-04
Exiting simplex optimization after   298 iterations
Solution after  refinement:      4.0787218264E-04
RMSE         4.078721826E-04 Hartree

Best found solution for 3 charges:
        RMSE         2.559434655E-01 kcal/mol
         MAE         1.624840853E-01 kcal/mol
     max. AE         2.290844949E+00 kcal/mol

       x[bohr]       y[bohr]       z[bohr]          q[e]
    -2.7604522    -1.4565801     0.3869026    -0.6030608
    -4.5977040    -0.4968654     0.7656659     0.2337005
    -2.7677040    -3.2326659     0.4853060     0.2702798

