Running in fitting mode

Reading "/home/boittier/pydcm/models/methylcyanide/ref/methylcyanide.chk.p.cube"...

Running in fitting mode

Reading "/home/boittier/pydcm/models/methylcyanide/ref/methylcyanide.chk.p.cube"...

  amide1.pdb Potential
  Electrostatic potential from Total SCF Density
Running in fitting mode

    6   -8.735003   -6.512990   -6.513520
   95    0.179936    0.000000    0.000000
   73    0.000000    0.179936    0.000000
   73    0.000000    0.000000    0.179936
Reading "/home/boittier/pydcm/models/methylcyanide/ref/methylcyanide.chk.p.cube"...

    6    6.000000   -2.222251   -0.000238    0.000142
    6    6.000000    0.529882    0.001222   -0.000768
    7    7.000000    2.708282   -0.000510    0.000303
    1    1.000000   -2.932875   -1.876440    0.482243
    1    1.000000   -2.936096    0.519863   -1.864599
    1    1.000000   -2.934787    1.354237    1.383985
Running in fitting mode

Reading "/home/boittier/pydcm/models/methylcyanide/ref/methylcyanide.chk.p.cube"...

  amide1.pdb Potential
  Electrostatic potential from Total SCF Density
    6   -8.735003   -6.512990   -6.513520
   95    0.179936    0.000000    0.000000
   73    0.000000    0.179936    0.000000
   73    0.000000    0.000000    0.179936
    6    6.000000   -2.222251   -0.000238    0.000142
    6    6.000000    0.529882    0.001222   -0.000768
    7    7.000000    2.708282   -0.000510    0.000303
    1    1.000000   -2.932875   -1.876440    0.482243
    1    1.000000   -2.936096    0.519863   -1.864599
    1    1.000000   -2.934787    1.354237    1.383985
  amide1.pdb Potential
  Electrostatic potential from Total SCF Density
    6   -8.735003   -6.512990   -6.513520
   95    0.179936    0.000000    0.000000
   73    0.000000    0.179936    0.000000
   73    0.000000    0.000000    0.179936
    6    6.000000   -2.222251   -0.000238    0.000142
    6    6.000000    0.529882    0.001222   -0.000768
  amide1.pdb Potential
  Electrostatic potential from Total SCF Density
    7    7.000000    2.708282   -0.000510    0.000303
    1    1.000000   -2.932875   -1.876440    0.482243
    1    1.000000   -2.936096    0.519863   -1.864599
    1    1.000000   -2.934787    1.354237    1.383985
    6   -8.735003   -6.512990   -6.513520
   95    0.179936    0.000000    0.000000
   73    0.000000    0.179936    0.000000
   73    0.000000    0.000000    0.179936
    6    6.000000   -2.222251   -0.000238    0.000142
    6    6.000000    0.529882    0.001222   -0.000768
    7    7.000000    2.708282   -0.000510    0.000303
    1    1.000000   -2.932875   -1.876440    0.482243
    1    1.000000   -2.936096    0.519863   -1.864599
    1    1.000000   -2.934787    1.354237    1.383985
  1.58782E-02  1.59049E-02  1.59146E-02  1.58205E-02  1.59100E-02  1.59845E-02
       .            .            .            .            .            .
       .            .            .            .            .            .
       .            .            .            .            .            .
 -2.30911E-02 -2.28806E-02 -2.27970E-02 -2.28241E-02 -2.28121E-02 -2.27610E-02

263989 out of 506255 gridpoints are considered ( 52.1%).

...done!




USING GREEDY MODE
  1.58782E-02  1.59049E-02  1.59146E-02  1.58205E-02  1.59100E-02  1.59845E-02
       .            .            .            .            .            .
       .            .            .            .            .            .
       .            .            .            .            .            .
 -2.30911E-02 -2.28806E-02 -2.27970E-02 -2.28241E-02 -2.28121E-02 -2.27610E-02

263989 out of 506255 gridpoints are considered ( 52.1%).

...done!




USING GREEDY MODE
  1.58782E-02  1.59049E-02  1.59146E-02  1.58205E-02  1.59100E-02  1.59845E-02
       .            .            .            .            .            .
       .            .            .            .            .            .
       .            .            .            .            .            .
 -2.30911E-02 -2.28806E-02 -2.27970E-02 -2.28241E-02 -2.28121E-02 -2.27610E-02

263989 out of 506255 gridpoints are considered ( 52.1%).

...done!




USING GREEDY MODE
  1.58782E-02  1.59049E-02  1.59146E-02  1.58205E-02  1.59100E-02  1.59845E-02
       .            .            .            .            .            .
       .            .            .            .            .            .
       .            .            .            .            .            .
 -2.30911E-02 -2.28806E-02 -2.27970E-02 -2.28241E-02 -2.28121E-02 -2.27610E-02

263989 out of 506255 gridpoints are considered ( 52.1%).

...done!




USING GREEDY MODE
File "multipole1_1charges.xyz" already exists. Fitting procedure is skipped.
File "multipole1_2charges.xyz" already exists. Fitting procedure is skipped.
File "multipole1_1charges.xyz" already exists. Fitting procedure is skipped.
File "multipole1_2charges.xyz" already exists. Fitting procedure is skipped.
File "multipole1_1charges.xyz" already exists. Fitting procedure is skipped.
File "multipole1_1charges.xyz" already exists. Fitting procedure is skipped.
File "multipole1_2charges.xyz" already exists. Fitting procedure is skipped.
File "multipole1_2charges.xyz" already exists. Fitting procedure is skipped.
File "multipole2_1charges.xyz" already exists. Fitting procedure is skipped.
File "multipole2_2charges.xyz" already exists. Fitting procedure is skipped.
File "multipole2_1charges.xyz" already exists. Fitting procedure is skipped.
File "multipole2_2charges.xyz" already exists. Fitting procedure is skipped.
File "multipole2_1charges.xyz" already exists. Fitting procedure is skipped.
File "multipole2_1charges.xyz" already exists. Fitting procedure is skipped.
File "multipole2_2charges.xyz" already exists. Fitting procedure is skipped.
File "multipole2_2charges.xyz" already exists. Fitting procedure is skipped.
File "multipole3_1charges.xyz" already exists. Fitting procedure is skipped.
File "multipole3_2charges.xyz" already exists. Fitting procedure is skipped.
File "multipole3_1charges.xyz" already exists. Fitting procedure is skipped.
File "multipole3_2charges.xyz" already exists. Fitting procedure is skipped.
File "multipole3_1charges.xyz" already exists. Fitting procedure is skipped.
File "multipole3_1charges.xyz" already exists. Fitting procedure is skipped.
File "multipole3_2charges.xyz" already exists. Fitting procedure is skipped.
File "multipole3_2charges.xyz" already exists. Fitting procedure is skipped.
File "multipole4_1charges.xyz" already exists. Fitting procedure is skipped.
File "multipole4_2charges.xyz" already exists. Fitting procedure is skipped.
File "multipole4_1charges.xyz" already exists. Fitting procedure is skipped.
File "multipole4_2charges.xyz" already exists. Fitting procedure is skipped.
File "multipole4_1charges.xyz" already exists. Fitting procedure is skipped.
File "multipole4_1charges.xyz" already exists. Fitting procedure is skipped.
File "multipole4_2charges.xyz" already exists. Fitting procedure is skipped.
File "multipole4_2charges.xyz" already exists. Fitting procedure is skipped.
File "multipole5_1charges.xyz" already exists. Fitting procedure is skipped.
File "multipole5_2charges.xyz" already exists. Fitting procedure is skipped.
File "multipole5_1charges.xyz" already exists. Fitting procedure is skipped.
File "multipole5_2charges.xyz" already exists. Fitting procedure is skipped.
File "multipole5_1charges.xyz" already exists. Fitting procedure is skipped.
File "multipole5_1charges.xyz" already exists. Fitting procedure is skipped.
File "multipole5_2charges.xyz" already exists. Fitting procedure is skipped.
File "multipole5_2charges.xyz" already exists. Fitting procedure is skipped.
File "multipole6_1charges.xyz" already exists. Fitting procedure is skipped.
File "multipole6_2charges.xyz" already exists. Fitting procedure is skipped.
Total fragment charge (a.u.):         8.326672685E-17
Running DE in parallel with 20 thread(s)!

Starting fitting procedure for 12 charges, trial 1
File "multipole6_1charges.xyz" already exists. Fitting procedure is skipped.
File "multipole6_2charges.xyz" already exists. Fitting procedure is skipped.
Total fragment charge (a.u.):         8.326672685E-17
Running DE in parallel with 20 thread(s)!

Starting fitting procedure for 12 charges, trial 1
File "multipole6_1charges.xyz" already exists. Fitting procedure is skipped.
File "multipole6_2charges.xyz" already exists. Fitting procedure is skipped.
Total fragment charge (a.u.):         8.326672685E-17
Running DE in parallel with 20 thread(s)!

Starting fitting procedure for 12 charges, trial 1
File "multipole6_1charges.xyz" already exists. Fitting procedure is skipped.
File "multipole6_2charges.xyz" already exists. Fitting procedure is skipped.
Total fragment charge (a.u.):         8.326672685E-17
Running DE in parallel with 20 thread(s)!

Starting fitting procedure for 12 charges, trial 1
gen      0/24000      elitist  2.4884211E-03 feasible? T
gen      0/24000      elitist  1.5083450E-03 feasible? F
gen      0/24000      elitist  2.4884211E-03 feasible? T
gen      0/24000      elitist  3.1577911E-03 feasible? F
gen    100/24000      elitist  1.6475562E-02 feasible? F
gen    100/24000      elitist  2.4884211E-03 feasible? T
gen    100/24000      elitist  2.4884211E-03 feasible? T
gen    100/24000      elitist  2.6108075E-02 feasible? F
gen    200/24000      elitist  2.6108075E-02 feasible? F
gen    200/24000      elitist  4.9365147E-03 feasible? T
gen    200/24000      elitist  1.7177017E-03 feasible? T
gen    200/24000      elitist  1.3041572E-03 feasible? T
gen    300/24000      elitist  9.2346349E-03 feasible? T
gen    300/24000      elitist  2.5224038E-03 feasible? T
gen    300/24000      elitist  1.3192905E-03 feasible? T
gen    300/24000      elitist  1.1947140E-03 feasible? T
gen    400/24000      elitist  1.0641523E-03 feasible? T
gen    400/24000      elitist  2.3429681E-03 feasible? T
gen    400/24000      elitist  2.0274073E-03 feasible? T
gen    400/24000      elitist  1.1171012E-03 feasible? T
gen    500/24000      elitist  1.4652299E-03 feasible? T
gen    500/24000      elitist  2.1876713E-03 feasible? T
gen    500/24000      elitist  9.7872259E-04 feasible? T
gen    500/24000      elitist  1.0788650E-03 feasible? T
gen    600/24000      elitist  1.1890148E-03 feasible? T
gen    600/24000      elitist  1.4821713E-03 feasible? T
gen    600/24000      elitist  9.3380931E-04 feasible? T
gen    600/24000      elitist  9.9881535E-04 feasible? T
gen    700/24000      elitist  9.5395787E-04 feasible? T
gen    700/24000      elitist  1.3175069E-03 feasible? T
gen    700/24000      elitist  9.0944097E-04 feasible? T
gen    700/24000      elitist  9.5202686E-04 feasible? T
gen    800/24000      elitist  8.8203701E-04 feasible? T
gen    800/24000      elitist  9.0241372E-04 feasible? T
gen    800/24000      elitist  1.1741549E-03 feasible? T
gen    800/24000      elitist  9.0516826E-04 feasible? T
gen    900/24000      elitist  8.6745990E-04 feasible? T
gen    900/24000      elitist  8.8681301E-04 feasible? T
gen    900/24000      elitist  8.9947346E-04 feasible? T
gen    900/24000      elitist  1.1617277E-03 feasible? T
gen   1000/24000      elitist  8.4802096E-04 feasible? T
gen   1000/24000      elitist  8.8082793E-04 feasible? T
gen   1000/24000      elitist  8.9777819E-04 feasible? T
gen   1000/24000      elitist  1.0105424E-03 feasible? T
gen   1100/24000      elitist  8.4118029E-04 feasible? T
gen   1100/24000      elitist  8.7630885E-04 feasible? T
gen   1100/24000      elitist  8.9675542E-04 feasible? T
gen   1100/24000      elitist  9.7695310E-04 feasible? T
gen   1200/24000      elitist  8.3811706E-04 feasible? T
gen   1200/24000      elitist  8.7303214E-04 feasible? T
gen   1200/24000      elitist  9.3902101E-04 feasible? T
gen   1200/24000      elitist  8.9576747E-04 feasible? T
gen   1300/24000      elitist  8.3692900E-04 feasible? T
gen   1300/24000      elitist  8.7181758E-04 feasible? T
gen   1300/24000      elitist  8.9550186E-04 feasible? T
gen   1300/24000      elitist  9.3135873E-04 feasible? T
gen   1400/24000      elitist  8.3534071E-04 feasible? T
gen   1400/24000      elitist  8.7118498E-04 feasible? T
gen   1400/24000      elitist  9.1674032E-04 feasible? T
gen   1400/24000      elitist  8.9535997E-04 feasible? T
gen   1500/24000      elitist  9.1116827E-04 feasible? T
gen   1500/24000      elitist  8.3443257E-04 feasible? T
gen   1500/24000      elitist  8.7083404E-04 feasible? T
gen   1500/24000      elitist  8.9533894E-04 feasible? T
gen   1600/24000      elitist  9.0944083E-04 feasible? T
gen   1600/24000      elitist  8.3283329E-04 feasible? T
gen   1600/24000      elitist  8.7075407E-04 feasible? T
gen   1600/24000      elitist  8.9532110E-04 feasible? T
gen   1700/24000      elitist  8.7028174E-04 feasible? T
gen   1700/24000      elitist  9.0820293E-04 feasible? T
gen   1700/24000      elitist  8.3187473E-04 feasible? T
gen   1700/24000      elitist  8.9508553E-04 feasible? T
gen   1800/24000      elitist  8.7016418E-04 feasible? T
gen   1800/24000      elitist  8.3100441E-04 feasible? T
gen   1800/24000      elitist  9.0820293E-04 feasible? T
gen   1800/24000      elitist  8.9385889E-04 feasible? T
gen   1900/24000      elitist  8.7006071E-04 feasible? T
gen   1900/24000      elitist  8.3031328E-04 feasible? T
gen   1900/24000      elitist  9.0778195E-04 feasible? T
gen   1900/24000      elitist  8.9330809E-04 feasible? T
gen   2000/24000      elitist  8.6957278E-04 feasible? T
gen   2000/24000      elitist  8.2693812E-04 feasible? T
gen   2000/24000      elitist  9.0654608E-04 feasible? T
gen   2000/24000      elitist  8.9320669E-04 feasible? T
gen   2100/24000      elitist  8.6916759E-04 feasible? T
gen   2100/24000      elitist  8.2611754E-04 feasible? T
gen   2100/24000      elitist  8.9315161E-04 feasible? T
gen   2100/24000      elitist  9.0654608E-04 feasible? T
gen   2200/24000      elitist  8.6884779E-04 feasible? T
gen   2200/24000      elitist  8.2539784E-04 feasible? T
gen   2200/24000      elitist  8.9314144E-04 feasible? T
gen   2200/24000      elitist  9.0654608E-04 feasible? T
gen   2300/24000      elitist  8.6879462E-04 feasible? T
gen   2300/24000      elitist  8.2522385E-04 feasible? T
gen   2300/24000      elitist  8.9313152E-04 feasible? T
gen   2300/24000      elitist  9.0628295E-04 feasible? T
gen   2400/24000      elitist  8.6865366E-04 feasible? T
gen   2400/24000      elitist  8.2519896E-04 feasible? T
gen   2400/24000      elitist  8.9312647E-04 feasible? T
gen   2400/24000      elitist  9.0625939E-04 feasible? T
gen   2500/24000      elitist  8.6861051E-04 feasible? T
gen   2500/24000      elitist  8.2516969E-04 feasible? T
gen   2500/24000      elitist  8.9312176E-04 feasible? T
gen   2500/24000      elitist  9.0564687E-04 feasible? T
gen   2600/24000      elitist  8.6857878E-04 feasible? T
gen   2600/24000      elitist  8.2516900E-04 feasible? T
gen   2600/24000      elitist  9.0556890E-04 feasible? T
gen   2600/24000      elitist  8.9312113E-04 feasible? T
gen   2700/24000      elitist  8.6855656E-04 feasible? T
gen   2700/24000      elitist  8.2507016E-04 feasible? T
gen   2700/24000      elitist  9.0546625E-04 feasible? T
gen   2700/24000      elitist  8.9311941E-04 feasible? T
gen   2800/24000      elitist  8.6843487E-04 feasible? T
gen   2800/24000      elitist  8.2473727E-04 feasible? T
gen   2800/24000      elitist  9.0124938E-04 feasible? T
gen   2800/24000      elitist  8.9311632E-04 feasible? T
gen   2900/24000      elitist  8.6837745E-04 feasible? T
gen   2900/24000      elitist  8.7302472E-04 feasible? T
gen   2900/24000      elitist  8.2439733E-04 feasible? T
gen   2900/24000      elitist  8.8320416E-04 feasible? T
gen   3000/24000      elitist  8.6831469E-04 feasible? T
gen   3000/24000      elitist  8.2429589E-04 feasible? T
gen   3000/24000      elitist  8.5664778E-04 feasible? T
gen   3000/24000      elitist  8.7964131E-04 feasible? T
gen   3100/24000      elitist  8.6821673E-04 feasible? T
gen   3100/24000      elitist  8.2416829E-04 feasible? T
gen   3100/24000      elitist  8.5124456E-04 feasible? T
gen   3100/24000      elitist  8.7500470E-04 feasible? T
gen   3200/24000      elitist  8.6812594E-04 feasible? T
gen   3200/24000      elitist  8.4163346E-04 feasible? T
gen   3200/24000      elitist  8.2409427E-04 feasible? T
gen   3200/24000      elitist  8.6874778E-04 feasible? T
gen   3300/24000      elitist  8.6808958E-04 feasible? T
gen   3300/24000      elitist  8.3575738E-04 feasible? T
gen   3300/24000      elitist  8.2374930E-04 feasible? T
gen   3300/24000      elitist  8.6676853E-04 feasible? T
gen   3400/24000      elitist  8.6808035E-04 feasible? T
gen   3400/24000      elitist  8.3193464E-04 feasible? T
gen   3400/24000      elitist  8.2349464E-04 feasible? T
gen   3400/24000      elitist  8.6548810E-04 feasible? T
gen   3500/24000      elitist  8.6806680E-04 feasible? T
gen   3500/24000      elitist  8.2770130E-04 feasible? T
gen   3500/24000      elitist  8.2336922E-04 feasible? T
gen   3500/24000      elitist  8.6281077E-04 feasible? T
gen   3600/24000      elitist  8.6806334E-04 feasible? T
gen   3600/24000      elitist  8.2618512E-04 feasible? T
gen   3600/24000      elitist  8.2333034E-04 feasible? T
gen   3600/24000      elitist  8.6082726E-04 feasible? T
gen   3700/24000      elitist  8.6805213E-04 feasible? T
gen   3700/24000      elitist  8.2452529E-04 feasible? T
gen   3700/24000      elitist  8.2331747E-04 feasible? T
gen   3700/24000      elitist  8.5902118E-04 feasible? T
gen   3800/24000      elitist  8.6804228E-04 feasible? T
gen   3800/24000      elitist  8.2278581E-04 feasible? T
gen   3800/24000      elitist  8.2325746E-04 feasible? T
gen   3800/24000      elitist  8.5860500E-04 feasible? T
gen   3900/24000      elitist  8.6803512E-04 feasible? T
gen   3900/24000      elitist  8.2200190E-04 feasible? T
gen   3900/24000      elitist  8.2324180E-04 feasible? T
gen   3900/24000      elitist  8.5395543E-04 feasible? T
gen   4000/24000      elitist  8.6802748E-04 feasible? T
gen   4000/24000      elitist  8.2322610E-04 feasible? T
gen   4000/24000      elitist  8.2088343E-04 feasible? T
gen   4000/24000      elitist  8.5248126E-04 feasible? T
gen   4100/24000      elitist  8.6802237E-04 feasible? T
gen   4100/24000      elitist  8.2322032E-04 feasible? T
gen   4100/24000      elitist  8.2048743E-04 feasible? T
gen   4100/24000      elitist  8.5075068E-04 feasible? T
gen   4200/24000      elitist  8.6801508E-04 feasible? T
gen   4200/24000      elitist  8.2321508E-04 feasible? T
gen   4200/24000      elitist  8.2043856E-04 feasible? T
gen   4200/24000      elitist  8.5038900E-04 feasible? T
gen   4300/24000      elitist  8.6800848E-04 feasible? T
gen   4300/24000      elitist  8.2321313E-04 feasible? T
gen   4300/24000      elitist  8.2019820E-04 feasible? T
gen   4300/24000      elitist  8.5005698E-04 feasible? T
gen   4400/24000      elitist  8.6798935E-04 feasible? T
gen   4400/24000      elitist  8.2321189E-04 feasible? T
gen   4400/24000      elitist  8.1837339E-04 feasible? T
gen   4400/24000      elitist  8.4989255E-04 feasible? T
