Running in fitting mode

Reading "/home/boittier/pydcm/models/fbutadiene-5/ref/B.p.cube"...

  B.pdb Potential
  Electrostatic potential from Total SCF Density
   10   -9.523505   -7.980533   -7.103730
  119    0.166667    0.000000    0.000000
   91    0.000000    0.166667    0.000000
   86    0.000000    0.000000    0.166667
    6    6.000000   -3.010753   -1.467781    0.411389
    6    6.000000   -0.986749   -0.122455   -0.217071
    6    6.000000    1.601222   -1.053695   -0.590978
    6    6.000000    3.633552   -0.023214    0.486105
    1    1.000000   -4.798379   -0.560773    0.811121
    1    1.000000   -2.897238   -3.506380    0.487381
    9    9.000000   -1.166171    2.450557   -0.229039
    1    1.000000    1.766796   -2.828174   -1.608960
    1    1.000000    3.515233    1.709731    1.572033
    1    1.000000    5.485495   -0.866552    0.263106
  3.31692E-03  3.41411E-03  3.50260E-03  3.58165E-03  3.65062E-03  3.70898E-03
       .            .            .            .            .            .
       .            .            .            .            .            .
       .            .            .            .            .            .
  3.60191E-03  3.68247E-03  3.75480E-03  3.81850E-03  3.87330E-03  3.91898E-03

431831 out of 931294 gridpoints are considered ( 46.4%).

...done!




 Refining solution from file/home/boittier/pydcm/models/fbutadiene-5/4-combine/11-combined.xyz
 Contains     11 charges
      Initial RMSE =         9.577595875E-01 kcal/mol
Running DE in parallel with 1 thread(s)!


User requested refinement using simplex algorithm (no DE)

 performing expansion, best =    1.0578200176255854E-003
 performing expansion, best =    1.0537316537030203E-003
 performing expansion, best =    1.0489038751534023E-003
 performing expansion, best =    1.0472357511446852E-003
 performing expansion, best =    1.0471898745086428E-003
 performing expansion, best =    1.0466066164990487E-003
 performing expansion, best =    1.0440578580662224E-003
 performing expansion, best =    1.0417658059579523E-003
 performing expansion, best =    1.0382122307802180E-003
 performing expansion, best =    1.0372930140913554E-003
 performing expansion, best =    1.0362735740823891E-003
 performing expansion, best =    1.0359680518652213E-003
 performing expansion, best =    1.0354417613753330E-003
 performing expansion, best =    1.0353944932733668E-003
 performing expansion, best =    1.0348012826280862E-003
 performing expansion, best =    1.0340928394149650E-003
 performing expansion, best =    1.0335857107228580E-003
 performing expansion, best =    1.0333888644968566E-003
 performing expansion, best =    1.0333495007668542E-003
 performing expansion, best =    1.0322597114085809E-003
 performing expansion, best =    1.0319859789002322E-003
 performing expansion, best =    1.0316835896544800E-003
 performing expansion, best =    1.0315895393102554E-003
 performing expansion, best =    1.0296281738855213E-003
 performing expansion, best =    1.0292153718862089E-003
 performing expansion, best =    1.0291727912270510E-003
 performing expansion, best =    1.0289750708818829E-003
 performing expansion, best =    1.0288278198621668E-003
 performing expansion, best =    1.0283332198807505E-003
 performing expansion, best =    1.0269693408792033E-003
 performing expansion, best =    1.0261079581340266E-003
 performing expansion, best =    1.0257001071800826E-003
 performing expansion, best =    1.0252763356782904E-003
 performing expansion, best =    1.0245493220940101E-003
 performing expansion, best =    1.0242949791490748E-003
 performing expansion, best =    1.0237926429589013E-003
 performing expansion, best =    1.0231420682018622E-003
 performing expansion, best =    1.0220115008492401E-003
 performing expansion, best =    1.0213402372068324E-003
 performing expansion, best =    1.0204087979274847E-003
 performing expansion, best =    1.0195605004317276E-003
 performing expansion, best =    1.0176210832139720E-003
 performing expansion, best =    1.0153029087813050E-003
 performing expansion, best =    1.0139379131995881E-003
 performing expansion, best =    1.0125583101107862E-003
 performing expansion, best =    1.0111692372658779E-003
 performing expansion, best =    1.0102698193738878E-003
 performing expansion, best =    1.0097260206604322E-003
 performing expansion, best =    1.0079759102953586E-003
 performing expansion, best =    1.0071195887066879E-003
 performing expansion, best =    1.0069585653238312E-003
 performing expansion, best =    1.0066154023510064E-003
 performing expansion, best =    1.0062915919421803E-003
 performing expansion, best =    1.0060885654283530E-003
 performing expansion, best =    1.0059245707773159E-003
 performing expansion, best =    1.0057267418133575E-003
 performing expansion, best =    1.0056890817187599E-003
 performing expansion, best =    1.0046734859112622E-003
 performing expansion, best =    1.0045488051647390E-003
 performing expansion, best =    1.0043859167287649E-003
 performing expansion, best =    1.0042983118932127E-003
 performing expansion, best =    1.0037113852308245E-003
 performing expansion, best =    1.0036118521107847E-003
 performing expansion, best =    1.0035330129702701E-003
 performing expansion, best =    1.0034571856918034E-003
 performing expansion, best =    1.0033091015650784E-003
 performing expansion, best =    1.0030673327678661E-003
 performing expansion, best =    1.0029931463233779E-003
 performing expansion, best =    1.0028228302960557E-003
 performing expansion, best =    1.0027176129353583E-003
 performing expansion, best =    1.0024927407484788E-003
 performing expansion, best =    1.0023152807606573E-003
 performing expansion, best =    1.0022705472960418E-003
 performing expansion, best =    1.0022198288093186E-003
 performing expansion, best =    1.0022105319204533E-003
 performing expansion, best =    1.0021436216221011E-003
 performing expansion, best =    1.0021378626966298E-003
 performing expansion, best =    1.0018017687048470E-003
 performing expansion, best =    1.0016097668662932E-003
 performing expansion, best =    1.0015077279412793E-003
 performing expansion, best =    1.0014241807663102E-003
 performing expansion, best =    1.0013795286626906E-003
 performing expansion, best =    1.0013023121200665E-003
 performing expansion, best =    1.0011833822362729E-003
 performing expansion, best =    1.0010398381836085E-003
 performing expansion, best =    1.0008640142780368E-003
 performing expansion, best =    1.0007864515035319E-003
 performing expansion, best =    1.0006614795055370E-003
 performing expansion, best =    1.0006386708672824E-003
 performing expansion, best =    1.0003941146166755E-003
 performing expansion, best =    1.0001240771413931E-003
 performing expansion, best =    9.9992759288788794E-004
 performing expansion, best =    9.9959071114957680E-004
 performing expansion, best =    9.9925116401332901E-004
 performing expansion, best =    9.9875346723946848E-004
 performing expansion, best =    9.9822938938105431E-004
 performing expansion, best =    9.9773675346060743E-004
 performing expansion, best =    9.9751511170459287E-004
 performing expansion, best =    9.9741597945029840E-004
 performing expansion, best =    9.9731316259665435E-004
 performing expansion, best =    9.9711562819148497E-004
 performing expansion, best =    9.9683792341372416E-004
 performing expansion, best =    9.9683377139163777E-004
 performing expansion, best =    9.9678195803233442E-004
 performing expansion, best =    9.9657469894751539E-004
 performing expansion, best =    9.9648037148355973E-004
 performing expansion, best =    9.9641113319034417E-004
 performing expansion, best =    9.9620347478471022E-004
 performing expansion, best =    9.9616811362432433E-004
 performing expansion, best =    9.9605865919796615E-004
 performing expansion, best =    9.9577466632580643E-004
 performing expansion, best =    9.9562755774268278E-004
 performing expansion, best =    9.9526199888184757E-004
 performing expansion, best =    9.9520631551079501E-004
 performing expansion, best =    9.9514928853768167E-004
 performing expansion, best =    9.9502496930427720E-004
 performing expansion, best =    9.9491018048560747E-004
 performing expansion, best =    9.9487993207751624E-004
 performing expansion, best =    9.9473664475215311E-004
 performing expansion, best =    9.9459004788443801E-004
 performing expansion, best =    9.9454712192901000E-004
 performing expansion, best =    9.9441890436103111E-004
 performing expansion, best =    9.9440155653322620E-004
 performing expansion, best =    9.9430633346983435E-004
 performing expansion, best =    9.9429282589113730E-004
 performing expansion, best =    9.9424877126033607E-004
 performing expansion, best =    9.9403070877174195E-004
 performing expansion, best =    9.9399920781295301E-004
 performing expansion, best =    9.9399326621362003E-004
 performing expansion, best =    9.9366638777273974E-004
 performing expansion, best =    9.9328857946196121E-004
 performing expansion, best =    9.9308494359659212E-004
 performing expansion, best =    9.9301036569927003E-004
 performing expansion, best =    9.9287642355712640E-004
 performing expansion, best =    9.9268135922088831E-004
 performing expansion, best =    9.9239969185641128E-004
 performing expansion, best =    9.9212691484739106E-004
 performing expansion, best =    9.9195213615530702E-004
 performing expansion, best =    9.9185542055023074E-004
 performing expansion, best =    9.9180251657636454E-004
 performing expansion, best =    9.9164605469427461E-004
 performing expansion, best =    9.9158742110628086E-004
 performing expansion, best =    9.9151497514724744E-004
 performing expansion, best =    9.9146059660318113E-004
 performing expansion, best =    9.9141002654153229E-004
 performing expansion, best =    9.9131930515612720E-004
 performing expansion, best =    9.9129688439630599E-004
 performing expansion, best =    9.9116110275811143E-004
 performing expansion, best =    9.9109759115214593E-004
 performing expansion, best =    9.9099477453750383E-004
 performing expansion, best =    9.9093760068722555E-004
 performing expansion, best =    9.9072586629743984E-004
 performing expansion, best =    9.9064801994990675E-004
 performing expansion, best =    9.9053960030929243E-004
 performing expansion, best =    9.9020817441524789E-004
 performing expansion, best =    9.9001246737493646E-004
 performing expansion, best =    9.8989340115717447E-004
 performing expansion, best =    9.8974159103681490E-004
 performing expansion, best =    9.8969435427830239E-004
 performing expansion, best =    9.8965666031218947E-004
 performing expansion, best =    9.8950311620560534E-004
 performing expansion, best =    9.8940798021744767E-004
 performing expansion, best =    9.8927505179258191E-004
 performing expansion, best =    9.8923308826619964E-004
 performing expansion, best =    9.8913904005075567E-004
 performing expansion, best =    9.8912430552774186E-004
 performing expansion, best =    9.8906189977199157E-004
 performing expansion, best =    9.8897141260730656E-004
 performing expansion, best =    9.8894655241307827E-004
 performing expansion, best =    9.8890175437323373E-004
 performing expansion, best =    9.8889523061354979E-004
 performing expansion, best =    9.8887042889445032E-004
 performing expansion, best =    9.8885800516558433E-004
 performing expansion, best =    9.8875848208571744E-004
 performing expansion, best =    9.8863152562067504E-004
 performing expansion, best =    9.8853367192926417E-004
 performing expansion, best =    9.8851240114367122E-004
 performing expansion, best =    9.8847039555108773E-004
 performing expansion, best =    9.8842009673247061E-004
 performing expansion, best =    9.8835214326739780E-004
 performing expansion, best =    9.8834844482839266E-004
 performing expansion, best =    9.8832737303022086E-004
 performing expansion, best =    9.8832150955921482E-004
 performing expansion, best =    9.8829823369642536E-004
 performing expansion, best =    9.8828730550549007E-004
 performing expansion, best =    9.8826540398702211E-004
 performing expansion, best =    9.8820852241778196E-004
 performing expansion, best =    9.8816337008146614E-004
 performing expansion, best =    9.8813145554297677E-004
 performing expansion, best =    9.8812495707263420E-004
 performing expansion, best =    9.8796021061421701E-004
 performing expansion, best =    9.8786898348935336E-004
 performing expansion, best =    9.8785665629844165E-004
 performing expansion, best =    9.8782524388332511E-004
 performing expansion, best =    9.8777543749497296E-004
 performing expansion, best =    9.8777016070162606E-004
 performing expansion, best =    9.8767964878337141E-004
 performing expansion, best =    9.8764080489962018E-004
 performing expansion, best =    9.8763469787893437E-004
 performing expansion, best =    9.8762419844182145E-004
 performing expansion, best =    9.8760632050473671E-004
 performing expansion, best =    9.8757385706643198E-004
 performing expansion, best =    9.8756408817383219E-004
 performing expansion, best =    9.8752901116803699E-004
 performing expansion, best =    9.8752534333269230E-004
 performing expansion, best =    9.8752505801327425E-004
 performing expansion, best =    9.8734398802402101E-004
 performing expansion, best =    9.8721374992504548E-004
 performing expansion, best =    9.8715776116198978E-004
 performing expansion, best =    9.8713673078525610E-004
 performing expansion, best =    9.8709910658264263E-004
 performing expansion, best =    9.8709768360165373E-004
 performing expansion, best =    9.8700336638433690E-004
 performing expansion, best =    9.8696719732261078E-004
 performing expansion, best =    9.8690192710031458E-004
 performing expansion, best =    9.8685061545422475E-004
 performing expansion, best =    9.8679656198088703E-004
 performing expansion, best =    9.8670548996045398E-004
 performing expansion, best =    9.8666613113954061E-004
 performing expansion, best =    9.8663592415208713E-004
 performing expansion, best =    9.8660610447957853E-004
 performing expansion, best =    9.8655446477680011E-004
 performing expansion, best =    9.8653157364063902E-004
 performing expansion, best =    9.8651136289682937E-004
 performing expansion, best =    9.8648760967786947E-004
 performing expansion, best =    9.8642548763087576E-004
 performing expansion, best =    9.8638301364918591E-004
 performing expansion, best =    9.8636479869343842E-004
 performing expansion, best =    9.8628915911572234E-004
 performing expansion, best =    9.8615326998708285E-004
 performing expansion, best =    9.8609840805614999E-004
 performing expansion, best =    9.8602077308386060E-004
 performing expansion, best =    9.8595715988195444E-004
 performing expansion, best =    9.8591554285160283E-004
 performing expansion, best =    9.8589623097762526E-004
 performing expansion, best =    9.8585617115277187E-004
 performing expansion, best =    9.8579383255153986E-004
 performing expansion, best =    9.8576792993110827E-004
 performing expansion, best =    9.8576230920220729E-004
 performing expansion, best =    9.8574144034168981E-004
 performing expansion, best =    9.8571641864894340E-004
 performing expansion, best =    9.8563619004014814E-004
 performing expansion, best =    9.8557759124238064E-004
 performing expansion, best =    9.8552186519134028E-004
 performing expansion, best =    9.8543042039757637E-004
 performing expansion, best =    9.8532502429359969E-004
 performing expansion, best =    9.8531833554030496E-004
 performing expansion, best =    9.8529939789573548E-004
 performing expansion, best =    9.8529141618374297E-004
 performing expansion, best =    9.8528754307631531E-004
 performing expansion, best =    9.8519732055418795E-004
 performing expansion, best =    9.8518365164036378E-004
 performing expansion, best =    9.8514389722190849E-004
 performing expansion, best =    9.8513750264263788E-004
 performing expansion, best =    9.8504324590082000E-004
 performing expansion, best =    9.8503489180966201E-004
 performing expansion, best =    9.8499730712826535E-004
 performing expansion, best =    9.8493438377491986E-004
 performing expansion, best =    9.8491798571170895E-004
 performing expansion, best =    9.8489074582104835E-004
 performing expansion, best =    9.8484588640578409E-004
 performing expansion, best =    9.8478986523431607E-004
 performing expansion, best =    9.8478720680519384E-004
 performing expansion, best =    9.8478244299098528E-004
 performing expansion, best =    9.8474379409831917E-004
 performing expansion, best =    9.8470984771250507E-004
 performing expansion, best =    9.8470123415095420E-004
 performing expansion, best =    9.8468538719146846E-004
 performing expansion, best =    9.8465609148785048E-004
 performing expansion, best =    9.8465109435613078E-004
 performing expansion, best =    9.8463068915566939E-004
 performing expansion, best =    9.8462543601709942E-004
 performing expansion, best =    9.8460673949061529E-004
 performing expansion, best =    9.8457388334890822E-004
 performing expansion, best =    9.8456743946177903E-004
 performing expansion, best =    9.8456686645551723E-004
 performing expansion, best =    9.8454206584793510E-004
 performing expansion, best =    9.8452894696017968E-004
 performing expansion, best =    9.8450668438109781E-004
 performing expansion, best =    9.8449837864693227E-004
 performing expansion, best =    9.8448578353143201E-004
 performing expansion, best =    9.8448114819160216E-004
 performing expansion, best =    9.8443697830798648E-004
 performing expansion, best =    9.8437989302053715E-004
 performing expansion, best =    9.8430756952753409E-004
 performing expansion, best =    9.8421997215483227E-004
 performing expansion, best =    9.8420674080524490E-004
 performing expansion, best =    9.8415971849554851E-004
 performing expansion, best =    9.8409561694161904E-004
 performing expansion, best =    9.8401104501615738E-004
 performing expansion, best =    9.8397855687443539E-004
 performing expansion, best =    9.8395393317585915E-004
 performing expansion, best =    9.8393015303276663E-004
 performing expansion, best =    9.8388394845169160E-004
 performing expansion, best =    9.8379237424899685E-004
 performing expansion, best =    9.8375366761901451E-004
 performing expansion, best =    9.8368136382985440E-004
 performing expansion, best =    9.8358280478742940E-004
 performing expansion, best =    9.8350921949500662E-004
 performing expansion, best =    9.8332336230006834E-004
 performing expansion, best =    9.8320551648150493E-004
 performing expansion, best =    9.8310096558223482E-004
 performing expansion, best =    9.8299538526274289E-004
 performing expansion, best =    9.8281191636149872E-004
 performing expansion, best =    9.8278995846415892E-004
 performing expansion, best =    9.8271365543173370E-004
 performing expansion, best =    9.8257417224293427E-004
 performing expansion, best =    9.8247338507778258E-004
 performing expansion, best =    9.8231664359204143E-004
 performing expansion, best =    9.8223091632641877E-004
 performing expansion, best =    9.8211360413002114E-004
 performing expansion, best =    9.8203310886843748E-004
 performing expansion, best =    9.8201500619297423E-004
 performing expansion, best =    9.8196017496899246E-004
 performing expansion, best =    9.8188732233160983E-004
 performing expansion, best =    9.8180337782661034E-004
 performing expansion, best =    9.8177940132608294E-004
 performing expansion, best =    9.8176634100790379E-004
 performing expansion, best =    9.8172171827614219E-004
 performing expansion, best =    9.8171804485854908E-004
 performing expansion, best =    9.8170221461506757E-004
 performing expansion, best =    9.8163675476009983E-004
 performing expansion, best =    9.8163617212986823E-004
 performing expansion, best =    9.8162665115883604E-004
 performing expansion, best =    9.8159821323979299E-004
 performing expansion, best =    9.8159420198343987E-004
 performing expansion, best =    9.8155425392100568E-004
 performing expansion, best =    9.8152669466465775E-004
 performing expansion, best =    9.8152329305793598E-004
 performing expansion, best =    9.8146533348511642E-004
 performing expansion, best =    9.8145547276092806E-004
 performing expansion, best =    9.8140642668289040E-004
 performing expansion, best =    9.8140533817124066E-004
 performing expansion, best =    9.8140235605266254E-004
 performing expansion, best =    9.8139530207064295E-004
 performing expansion, best =    9.8136233780101410E-004
 performing expansion, best =    9.8135884110995848E-004
 performing expansion, best =    9.8134974385244910E-004
 performing expansion, best =    9.8133998267856538E-004
 performing expansion, best =    9.8133744408966726E-004
 performing expansion, best =    9.8133290151207020E-004
 performing expansion, best =    9.8133278488140522E-004
 performing expansion, best =    9.8127303403661701E-004
 performing expansion, best =    9.8126236496129198E-004
 performing expansion, best =    9.8124144195980262E-004
 performing expansion, best =    9.8122798134922876E-004
 performing expansion, best =    9.8122234462853937E-004
 performing expansion, best =    9.8121139160479379E-004
 performing expansion, best =    9.8116993035247155E-004
 performing expansion, best =    9.8115281511280462E-004
 performing expansion, best =    9.8114227913409448E-004
 performing expansion, best =    9.8110711654629361E-004
 performing expansion, best =    9.8110224783089315E-004
 performing expansion, best =    9.8105717180392571E-004
 performing expansion, best =    9.8102311610329335E-004
 performing expansion, best =    9.8100212332604417E-004
 performing expansion, best =    9.8098592513790311E-004
 performing expansion, best =    9.8093787472717012E-004
 performing expansion, best =    9.8090512539855527E-004
 performing expansion, best =    9.8087481498148276E-004
 performing expansion, best =    9.8085497206101455E-004
 performing expansion, best =    9.8080617001252259E-004
 performing expansion, best =    9.8076920996051169E-004
 performing expansion, best =    9.8072846828787434E-004
 performing expansion, best =    9.8068825851548307E-004
 performing expansion, best =    9.8067707868620241E-004
 performing expansion, best =    9.8066182885334606E-004
 performing expansion, best =    9.8064217926580499E-004
 performing expansion, best =    9.8059406530291216E-004
 performing expansion, best =    9.8053213856668557E-004
 performing expansion, best =    9.8049750357410439E-004
 performing expansion, best =    9.8044651103778809E-004
 performing expansion, best =    9.8041269609611104E-004
 performing expansion, best =    9.8037772958342617E-004
 performing expansion, best =    9.8027536027894087E-004
 performing expansion, best =    9.8024867785057382E-004
 performing expansion, best =    9.8021565978486389E-004
 performing expansion, best =    9.8020191180219363E-004
 performing expansion, best =    9.8009761480273658E-004
 performing expansion, best =    9.7997486186914809E-004
 performing expansion, best =    9.7992301742852060E-004
 performing expansion, best =    9.7991298315371241E-004
 performing expansion, best =    9.7989637796817614E-004
 performing expansion, best =    9.7983080909970575E-004
 performing expansion, best =    9.7982724611833552E-004
 performing expansion, best =    9.7976385247803459E-004
 performing expansion, best =    9.7973110829048722E-004
 performing expansion, best =    9.7972131315662587E-004
 performing expansion, best =    9.7971269447567617E-004
 performing expansion, best =    9.7966099770891660E-004
 performing expansion, best =    9.7962761685793870E-004
 performing expansion, best =    9.7958492969628234E-004
 performing expansion, best =    9.7952294992239360E-004
 performing expansion, best =    9.7949507882095078E-004
 performing expansion, best =    9.7946326733960019E-004
 performing expansion, best =    9.7940727991958367E-004
 performing expansion, best =    9.7938173397265054E-004
 performing expansion, best =    9.7935870301092795E-004
 performing expansion, best =    9.7931193470884815E-004
 performing expansion, best =    9.7929486650515834E-004
 performing expansion, best =    9.7928771321936650E-004
 performing expansion, best =    9.7920876622171853E-004
 performing expansion, best =    9.7916533575718003E-004
 performing expansion, best =    9.7915173344859368E-004
 performing expansion, best =    9.7912024923672153E-004
 performing expansion, best =    9.7911274747285691E-004
 performing expansion, best =    9.7910608453944401E-004
 performing expansion, best =    9.7906375178438004E-004
 performing expansion, best =    9.7902427303470942E-004
 performing expansion, best =    9.7900929048485089E-004
 performing expansion, best =    9.7896498743337392E-004
 performing expansion, best =    9.7893901869703748E-004
 performing expansion, best =    9.7890638676188151E-004
 performing expansion, best =    9.7889554333799528E-004
 performing expansion, best =    9.7884156281060177E-004
 performing expansion, best =    9.7881566928653750E-004
 performing expansion, best =    9.7881028308328000E-004
 performing expansion, best =    9.7876941055639530E-004
 performing expansion, best =    9.7875962591694658E-004
 performing expansion, best =    9.7870924070043498E-004
 performing expansion, best =    9.7868522964645178E-004
 performing expansion, best =    9.7865517075551882E-004
 performing expansion, best =    9.7864550880511522E-004
 performing expansion, best =    9.7864129272331600E-004
 performing expansion, best =    9.7861402381180674E-004
 performing expansion, best =    9.7859814481598083E-004
 performing expansion, best =    9.7858631502790940E-004
 performing expansion, best =    9.7856321606665264E-004
 performing expansion, best =    9.7855474770088468E-004
 performing expansion, best =    9.7852089310252279E-004
 performing expansion, best =    9.7851271241361352E-004
 performing expansion, best =    9.7849469025196203E-004
 performing expansion, best =    9.7844557448857942E-004
 performing expansion, best =    9.7840178413571388E-004
 performing expansion, best =    9.7839595462514669E-004
 performing expansion, best =    9.7838378636678244E-004
 performing expansion, best =    9.7836699435466896E-004
 performing expansion, best =    9.7834842551244037E-004
 performing expansion, best =    9.7833437578487108E-004
 performing expansion, best =    9.7829635320296256E-004
 performing expansion, best =    9.7826559053806731E-004
 performing expansion, best =    9.7820176351088835E-004
 performing expansion, best =    9.7809375610554881E-004
 performing expansion, best =    9.7803666923105366E-004
 performing expansion, best =    9.7800777022399410E-004
 performing expansion, best =    9.7796912387461236E-004
 performing expansion, best =    9.7793523225116023E-004
 performing expansion, best =    9.7793431169202914E-004
 performing expansion, best =    9.7791958069715773E-004
 performing expansion, best =    9.7790996656400668E-004
 performing expansion, best =    9.7790964022906432E-004
 performing expansion, best =    9.7783417503341389E-004
 performing expansion, best =    9.7776675599341037E-004
 performing expansion, best =    9.7769501127029286E-004
 performing expansion, best =    9.7768726655599460E-004
 performing expansion, best =    9.7768340433828098E-004
 performing expansion, best =    9.7768190947674781E-004
 performing expansion, best =    9.7767455159739015E-004
 performing expansion, best =    9.7766718910867944E-004
 performing expansion, best =    9.7761095459147473E-004
 performing expansion, best =    9.7760309690531522E-004
 performing expansion, best =    9.7753341085315146E-004
 performing expansion, best =    9.7743623322281837E-004
 performing expansion, best =    9.7738311873916939E-004
 performing expansion, best =    9.7736658674898200E-004
 performing expansion, best =    9.7733216593197717E-004
 performing expansion, best =    9.7727558334356171E-004
 performing expansion, best =    9.7710409626276806E-004
 performing expansion, best =    9.7699176842426755E-004
 performing expansion, best =    9.7682094593214944E-004
 performing expansion, best =    9.7680789265430930E-004
 performing expansion, best =    9.7678554901914588E-004
 performing expansion, best =    9.7676717467017993E-004
 performing expansion, best =    9.7670472646631929E-004
 performing expansion, best =    9.7667129548210225E-004
 performing expansion, best =    9.7663030668758790E-004
 performing expansion, best =    9.7658203831986891E-004
 performing expansion, best =    9.7655655046484857E-004
 performing expansion, best =    9.7655086357372476E-004
 performing expansion, best =    9.7653103933056104E-004
 performing expansion, best =    9.7650481717145518E-004
 performing expansion, best =    9.7647195978571447E-004
 performing expansion, best =    9.7644987928625264E-004
 performing expansion, best =    9.7643940808758039E-004
 performing expansion, best =    9.7642832546370535E-004
 performing expansion, best =    9.7638657951169968E-004
 performing expansion, best =    9.7638191586744809E-004
 performing expansion, best =    9.7637368310340446E-004
 performing expansion, best =    9.7635434256320038E-004
 performing expansion, best =    9.7628847722806909E-004
 performing expansion, best =    9.7621192971619254E-004
 performing expansion, best =    9.7620207268713172E-004
 performing expansion, best =    9.7607048532570486E-004
 performing expansion, best =    9.7597690728305070E-004
 performing expansion, best =    9.7591163193585660E-004
 performing expansion, best =    9.7588150936186785E-004
 performing expansion, best =    9.7582268995889372E-004
 performing expansion, best =    9.7573535451838484E-004
 performing expansion, best =    9.7567945092894134E-004
 performing expansion, best =    9.7567482079423461E-004
 performing expansion, best =    9.7555151600517876E-004
 performing expansion, best =    9.7539922819299212E-004
 performing expansion, best =    9.7537313567142318E-004
 performing expansion, best =    9.7530453754817142E-004
 performing expansion, best =    9.7530400578926335E-004
 performing expansion, best =    9.7529792209223554E-004
 performing expansion, best =    9.7521508430435981E-004
 performing expansion, best =    9.7519976482546289E-004
 performing expansion, best =    9.7515662681925094E-004
 performing expansion, best =    9.7513120146731794E-004
 performing expansion, best =    9.7507978502964969E-004
 performing expansion, best =    9.7504399310322485E-004
 performing expansion, best =    9.7502368078311163E-004
 performing expansion, best =    9.7496002642933071E-004
 performing expansion, best =    9.7494443972908425E-004
 performing expansion, best =    9.7490578674339686E-004
 performing expansion, best =    9.7486415067653362E-004
 performing expansion, best =    9.7484395207475159E-004
 performing expansion, best =    9.7481238063515938E-004
 performing expansion, best =    9.7475972929568304E-004
 performing expansion, best =    9.7471767195684927E-004
 performing expansion, best =    9.7466105239280259E-004
 performing expansion, best =    9.7460041097414984E-004
 performing expansion, best =    9.7453294484029743E-004
 performing expansion, best =    9.7451311507119496E-004
 performing expansion, best =    9.7448883522744550E-004
 performing expansion, best =    9.7445376167929821E-004
 performing expansion, best =    9.7441953937520262E-004
 performing expansion, best =    9.7432661488094550E-004
 performing expansion, best =    9.7424555181140136E-004
 performing expansion, best =    9.7423925375464859E-004
 performing expansion, best =    9.7416255066666688E-004
 performing expansion, best =    9.7415001600124093E-004
 performing expansion, best =    9.7414429393557057E-004
 performing expansion, best =    9.7412461910028388E-004
 performing expansion, best =    9.7410977974742474E-004
 performing expansion, best =    9.7409480981661958E-004
 performing expansion, best =    9.7404985931186683E-004
 performing expansion, best =    9.7401350287661776E-004
 performing expansion, best =    9.7394168565787627E-004
 performing expansion, best =    9.7392236803102536E-004
 performing expansion, best =    9.7389507433149009E-004
 performing expansion, best =    9.7389416417418770E-004
 performing expansion, best =    9.7388271920576062E-004
 performing expansion, best =    9.7381948040374544E-004
 performing expansion, best =    9.7379446208741059E-004
 performing expansion, best =    9.7378187333218582E-004
 performing expansion, best =    9.7377514405129375E-004
 performing expansion, best =    9.7376664272452100E-004
 performing expansion, best =    9.7376117265053825E-004
 performing expansion, best =    9.7374447840181883E-004
 performing expansion, best =    9.7373644473881316E-004
 performing expansion, best =    9.7372983095169743E-004
 performing expansion, best =    9.7372435160391984E-004
 performing expansion, best =    9.7372398005441795E-004
 performing expansion, best =    9.7372039963390168E-004
 performing expansion, best =    9.7369549037247300E-004
 performing expansion, best =    9.7368751349165262E-004
 performing expansion, best =    9.7366834485826197E-004
 performing expansion, best =    9.7365322516621228E-004
 performing expansion, best =    9.7364534921071859E-004
 performing expansion, best =    9.7364450820216120E-004
 performing expansion, best =    9.7363979888548922E-004
 performing expansion, best =    9.7363239789670689E-004
 performing expansion, best =    9.7361996126283225E-004
 performing expansion, best =    9.7361847207378153E-004
 performing expansion, best =    9.7361510847032012E-004
 performing expansion, best =    9.7360759450927170E-004
 performing expansion, best =    9.7359984028120195E-004
 performing expansion, best =    9.7359141116361129E-004
 performing expansion, best =    9.7358886817840802E-004
 performing expansion, best =    9.7356917999042272E-004
 performing expansion, best =    9.7356709605214426E-004
 performing expansion, best =    9.7355066113873154E-004
 performing expansion, best =    9.7354908186097155E-004
 performing expansion, best =    9.7354791185008302E-004
 performing expansion, best =    9.7353448834186008E-004
 performing expansion, best =    9.7353133720292956E-004
 performing expansion, best =    9.7352920423822539E-004
 performing expansion, best =    9.7352207616974878E-004
 performing expansion, best =    9.7351136566332745E-004
 performing expansion, best =    9.7351097279130229E-004
 performing expansion, best =    9.7350433432345708E-004
 performing expansion, best =    9.7350036827389302E-004
 performing expansion, best =    9.7349807579769857E-004
 performing expansion, best =    9.7349444708302597E-004
 performing expansion, best =    9.7349176362224762E-004
 performing expansion, best =    9.7347842048342939E-004
 performing expansion, best =    9.7346200354020266E-004
 performing expansion, best =    9.7344573211978664E-004
 performing expansion, best =    9.7343617228690506E-004
 performing expansion, best =    9.7342465369835117E-004
 performing expansion, best =    9.7342024401940214E-004
 performing expansion, best =    9.7341143602782494E-004
 performing expansion, best =    9.7340409223246242E-004
 performing expansion, best =    9.7340338488342338E-004
 performing expansion, best =    9.7339866078069036E-004
 performing expansion, best =    9.7338556989402445E-004
 performing expansion, best =    9.7337532448119545E-004
 performing expansion, best =    9.7336985538483130E-004
 performing expansion, best =    9.7336846219694495E-004
 performing expansion, best =    9.7335243173366046E-004
 performing expansion, best =    9.7335141614449442E-004
 performing expansion, best =    9.7332992796935543E-004
 performing expansion, best =    9.7331419643141397E-004
 performing expansion, best =    9.7329319174841941E-004
 performing expansion, best =    9.7327391478750375E-004
 performing expansion, best =    9.7324538531476249E-004
 performing expansion, best =    9.7321614797723349E-004
 performing expansion, best =    9.7320478297644732E-004
 performing expansion, best =    9.7320150145451998E-004
 performing expansion, best =    9.7318444097355876E-004
 performing expansion, best =    9.7317008588983516E-004
 performing expansion, best =    9.7315378491123772E-004
 performing expansion, best =    9.7312975340566271E-004
 performing expansion, best =    9.7312143010617569E-004
 performing expansion, best =    9.7311370857694761E-004
 performing expansion, best =    9.7311325427049144E-004
 performing expansion, best =    9.7309904860998404E-004
 performing expansion, best =    9.7309652746010089E-004
 performing expansion, best =    9.7309605641596577E-004
 performing expansion, best =    9.7308984862203365E-004
 performing expansion, best =    9.7308759552239277E-004
 performing expansion, best =    9.7305112554508979E-004
 performing expansion, best =    9.7298263848924244E-004
 performing expansion, best =    9.7294634871806205E-004
 performing expansion, best =    9.7291129749452264E-004
 performing expansion, best =    9.7287544384634260E-004
 performing expansion, best =    9.7283774806102236E-004
 performing expansion, best =    9.7275327838047332E-004
 performing expansion, best =    9.7273893699035261E-004
 performing expansion, best =    9.7272088283414644E-004
 performing expansion, best =    9.7270596582387176E-004
 performing expansion, best =    9.7266897596084913E-004
 performing expansion, best =    9.7263885742187152E-004
 performing expansion, best =    9.7261217833119267E-004
 performing expansion, best =    9.7258473561320693E-004
 performing expansion, best =    9.7258161666303458E-004
 performing expansion, best =    9.7253953175676310E-004
 performing expansion, best =    9.7253767717874558E-004
 performing expansion, best =    9.7251518749000884E-004
 performing expansion, best =    9.7250097237907944E-004
 performing expansion, best =    9.7249539564592822E-004
 performing expansion, best =    9.7247642890979137E-004
 performing expansion, best =    9.7245749280609512E-004
 performing expansion, best =    9.7243548288069182E-004
 performing expansion, best =    9.7242316324110828E-004
 performing expansion, best =    9.7240829071477291E-004
 performing expansion, best =    9.7239800549940483E-004
 performing expansion, best =    9.7238413859890001E-004
 performing expansion, best =    9.7235940409176006E-004
 performing expansion, best =    9.7235059895577753E-004
 performing expansion, best =    9.7234229667841128E-004
 performing expansion, best =    9.7231773198635542E-004
 performing expansion, best =    9.7230930594924291E-004
 performing expansion, best =    9.7227704652667619E-004
 performing expansion, best =    9.7225036047792791E-004
 performing expansion, best =    9.7223886978949395E-004
 performing expansion, best =    9.7221911170092105E-004
 performing expansion, best =    9.7220188864618952E-004
 performing expansion, best =    9.7218914025585460E-004
 performing expansion, best =    9.7218041102698014E-004
 performing expansion, best =    9.7216493254164164E-004
 performing expansion, best =    9.7216414042758359E-004
 performing expansion, best =    9.7215985995768742E-004
 performing expansion, best =    9.7212955170141271E-004
 performing expansion, best =    9.7211890718440399E-004
 performing expansion, best =    9.7211683350795490E-004
 performing expansion, best =    9.7209525213570475E-004
 performing expansion, best =    9.7208998142134847E-004
 performing expansion, best =    9.7208292022984174E-004
 performing expansion, best =    9.7207385552068419E-004
 performing expansion, best =    9.7207225674652057E-004
 performing expansion, best =    9.7205141134708078E-004
 performing expansion, best =    9.7201631974589266E-004
 performing expansion, best =    9.7201467495810785E-004
 performing expansion, best =    9.7201092448778411E-004
 performing expansion, best =    9.7200928494741421E-004
 performing expansion, best =    9.7199496362537221E-004
 performing expansion, best =    9.7196315883494395E-004
 performing expansion, best =    9.7196170570129062E-004
 performing expansion, best =    9.7196165513339949E-004
 performing expansion, best =    9.7195732202475784E-004
 performing expansion, best =    9.7192401047806990E-004
 performing expansion, best =    9.7191602625460078E-004
 performing expansion, best =    9.7187432744853222E-004
 performing expansion, best =    9.7187025447166141E-004
 performing expansion, best =    9.7186562289114712E-004
 performing expansion, best =    9.7185687972254362E-004
 performing expansion, best =    9.7185039842944776E-004
 performing expansion, best =    9.7184957685975506E-004
 performing expansion, best =    9.7183518718399595E-004
 performing expansion, best =    9.7183211909939251E-004
 performing expansion, best =    9.7183061412719953E-004
 performing expansion, best =    9.7182879658057016E-004
 performing expansion, best =    9.7181572279765518E-004
 performing expansion, best =    9.7181377362712121E-004
 performing expansion, best =    9.7180826281913983E-004
 performing expansion, best =    9.7180489034983373E-004
 performing expansion, best =    9.7179981443301969E-004
 performing expansion, best =    9.7179442121580984E-004
 performing expansion, best =    9.7178945982622595E-004
 performing expansion, best =    9.7178866143462020E-004
 performing expansion, best =    9.7178208090328302E-004
 performing expansion, best =    9.7178143572831000E-004
 performing expansion, best =    9.7177279538809619E-004
 performing expansion, best =    9.7177221381290453E-004
 performing expansion, best =    9.7176685048886097E-004
 performing expansion, best =    9.7176360529386782E-004
 performing expansion, best =    9.7176108002943221E-004
 performing expansion, best =    9.7175524392215801E-004
 performing expansion, best =    9.7175268321550488E-004
 performing expansion, best =    9.7174617321505320E-004
 performing expansion, best =    9.7174081620391881E-004
 performing expansion, best =    9.7174046171497129E-004
 performing expansion, best =    9.7173235488086927E-004
 performing expansion, best =    9.7172387060548307E-004
 performing expansion, best =    9.7171687186735790E-004
 performing expansion, best =    9.7171195884356400E-004
 performing expansion, best =    9.7170469212204196E-004
 performing expansion, best =    9.7169452296106242E-004
 performing expansion, best =    9.7169312357520772E-004
 performing expansion, best =    9.7167907356304122E-004
 performing expansion, best =    9.7166589890586145E-004
 performing expansion, best =    9.7165863276707780E-004
 performing expansion, best =    9.7165684190816167E-004
 performing expansion, best =    9.7165601480722293E-004
 performing expansion, best =    9.7164842837717269E-004
 performing expansion, best =    9.7163736620392224E-004
 performing expansion, best =    9.7163043620951016E-004
 performing expansion, best =    9.7161545940724423E-004
 performing expansion, best =    9.7161313432854717E-004
 performing expansion, best =    9.7161272328926231E-004
 performing expansion, best =    9.7159201949851952E-004
 performing expansion, best =    9.7156565006569461E-004
 performing expansion, best =    9.7154903002629692E-004
 performing expansion, best =    9.7153684437817356E-004
 performing expansion, best =    9.7152135484745051E-004
 performing expansion, best =    9.7151027070563833E-004
 performing expansion, best =    9.7150458946649481E-004
 performing expansion, best =    9.7149307565303823E-004
 performing expansion, best =    9.7147355389014549E-004
 performing expansion, best =    9.7142688110518930E-004
 performing expansion, best =    9.7140571397541487E-004
 performing expansion, best =    9.7136710878474618E-004
 performing expansion, best =    9.7135074108185772E-004
 performing expansion, best =    9.7131445303149863E-004
 performing expansion, best =    9.7128049826383886E-004
 performing expansion, best =    9.7122078902165039E-004
 performing expansion, best =    9.7117214506158315E-004
 performing expansion, best =    9.7115521126087546E-004
 performing expansion, best =    9.7114990107422623E-004
 performing expansion, best =    9.7113199086410059E-004
 performing expansion, best =    9.7110296780224161E-004
 performing expansion, best =    9.7104441528699837E-004
 performing expansion, best =    9.7100468344757493E-004
 performing expansion, best =    9.7097403555711855E-004
 performing expansion, best =    9.7090148915959004E-004
 performing expansion, best =    9.7083058324395053E-004
 performing expansion, best =    9.7078649208290693E-004
 performing expansion, best =    9.7071657649211679E-004
 performing expansion, best =    9.7064328336252332E-004
 performing expansion, best =    9.7053194366832291E-004
 performing expansion, best =    9.7039272416923384E-004
 performing expansion, best =    9.7026837475337594E-004
 performing expansion, best =    9.7015902567648032E-004
 performing expansion, best =    9.7002001718760457E-004
 performing expansion, best =    9.6988319349814562E-004
 performing expansion, best =    9.6972347557629994E-004
 performing expansion, best =    9.6957965328020850E-004
 performing expansion, best =    9.6943610050228949E-004
 performing expansion, best =    9.6940131315781267E-004
 performing expansion, best =    9.6927665651261514E-004
 performing expansion, best =    9.6906582111029040E-004
 performing expansion, best =    9.6899231033126211E-004
 performing expansion, best =    9.6886675317726185E-004
 performing expansion, best =    9.6874809794600056E-004
 performing expansion, best =    9.6860665679367479E-004
 performing expansion, best =    9.6842349802790239E-004
 performing expansion, best =    9.6834835948711613E-004
 performing expansion, best =    9.6826053954819906E-004
 performing expansion, best =    9.6815258011401250E-004
 performing expansion, best =    9.6808997134092696E-004
 performing expansion, best =    9.6792730063165525E-004
 performing expansion, best =    9.6788587382039813E-004
 performing expansion, best =    9.6785327840366131E-004
 performing expansion, best =    9.6785187854249162E-004
 performing expansion, best =    9.6779397728253527E-004
 performing expansion, best =    9.6777562570584601E-004
 performing expansion, best =    9.6774394635323912E-004
 performing expansion, best =    9.6773284636214217E-004
 performing expansion, best =    9.6770780094454327E-004
 performing expansion, best =    9.6769149423810554E-004
 performing expansion, best =    9.6763863860577768E-004
 performing expansion, best =    9.6759804735571360E-004
 performing expansion, best =    9.6758357305746622E-004
 performing expansion, best =    9.6756664931932725E-004
 performing expansion, best =    9.6754540932763211E-004
 performing expansion, best =    9.6753842222817960E-004
 performing expansion, best =    9.6753762873066169E-004
 performing expansion, best =    9.6752503191189945E-004
 performing expansion, best =    9.6751679391276341E-004
 performing expansion, best =    9.6750951235442817E-004
 performing expansion, best =    9.6750807863580886E-004
 performing expansion, best =    9.6747800075021025E-004
 performing expansion, best =    9.6746256119404435E-004
 performing expansion, best =    9.6745332376654413E-004
 performing expansion, best =    9.6744858411126455E-004
 performing expansion, best =    9.6743996595458493E-004
 performing expansion, best =    9.6743567880512138E-004
 performing expansion, best =    9.6743302123722614E-004
 performing expansion, best =    9.6740692209232554E-004
 performing expansion, best =    9.6740386480590043E-004
 performing expansion, best =    9.6740291121635467E-004
 performing expansion, best =    9.6739488098966566E-004
 performing expansion, best =    9.6737057012676541E-004
 performing expansion, best =    9.6736490374550602E-004
 performing expansion, best =    9.6735423815693408E-004
 performing expansion, best =    9.6734958435045826E-004
 performing expansion, best =    9.6734362328697689E-004
 performing expansion, best =    9.6734021899771289E-004
 performing expansion, best =    9.6732322664210436E-004
 performing expansion, best =    9.6731561778984104E-004
 performing expansion, best =    9.6730696922169858E-004
 performing expansion, best =    9.6729849025966349E-004
 performing expansion, best =    9.6728717746321822E-004
 performing expansion, best =    9.6728427557476830E-004
 performing expansion, best =    9.6728212996626461E-004
 performing expansion, best =    9.6726618932934663E-004
 performing expansion, best =    9.6726076914397210E-004
 performing expansion, best =    9.6724430000342209E-004
 performing expansion, best =    9.6722664727479655E-004
 performing expansion, best =    9.6721666069287890E-004
 performing expansion, best =    9.6720197578839594E-004
 performing expansion, best =    9.6719271053120307E-004
 performing expansion, best =    9.6718117305445229E-004
 performing expansion, best =    9.6716906018830045E-004
 performing expansion, best =    9.6716193666407282E-004
 performing expansion, best =    9.6715453401869668E-004
 performing expansion, best =    9.6714897485600032E-004
 performing expansion, best =    9.6713160327995830E-004
 performing expansion, best =    9.6711686392133916E-004
 performing expansion, best =    9.6710123313629743E-004
 performing expansion, best =    9.6708947955491007E-004
 performing expansion, best =    9.6708172417032945E-004
 performing expansion, best =    9.6707923120014716E-004
 performing expansion, best =    9.6707447262406549E-004
 performing expansion, best =    9.6707262264167251E-004
 performing expansion, best =    9.6706300371738609E-004
 performing expansion, best =    9.6705594011532237E-004
 performing expansion, best =    9.6704956020599682E-004
 performing expansion, best =    9.6704507897451750E-004
 performing expansion, best =    9.6703854857259472E-004
 performing expansion, best =    9.6702732763615613E-004
 performing expansion, best =    9.6701447912614195E-004
 performing expansion, best =    9.6700911943392955E-004
 performing expansion, best =    9.6699933592370711E-004
 performing expansion, best =    9.6699195247268639E-004
 performing expansion, best =    9.6698003480170491E-004
 performing expansion, best =    9.6696342035407451E-004
 performing expansion, best =    9.6694524603377580E-004
 performing expansion, best =    9.6694207282122294E-004
 performing expansion, best =    9.6692883675385450E-004
 performing expansion, best =    9.6692748208624323E-004
 performing expansion, best =    9.6691842036160922E-004
 performing expansion, best =    9.6689873954331461E-004
 performing expansion, best =    9.6688631457291418E-004
 performing expansion, best =    9.6688357880363022E-004
 performing expansion, best =    9.6686739577870316E-004
 performing expansion, best =    9.6686431305583983E-004
 performing expansion, best =    9.6685254210801118E-004
 performing expansion, best =    9.6684245246537895E-004
 performing expansion, best =    9.6683512531959756E-004
 performing expansion, best =    9.6681729759729503E-004
 performing expansion, best =    9.6681464686160928E-004
 performing expansion, best =    9.6681022114119164E-004
 performing expansion, best =    9.6680797924183636E-004
 performing expansion, best =    9.6678888994770375E-004
 performing expansion, best =    9.6677991781562111E-004
 performing expansion, best =    9.6677194830469958E-004
 performing expansion, best =    9.6675904374198256E-004
 performing expansion, best =    9.6674891073505965E-004
 performing expansion, best =    9.6674809175389704E-004
 performing expansion, best =    9.6674644583206494E-004
 performing expansion, best =    9.6673690754585655E-004
 performing expansion, best =    9.6672923457670435E-004
 performing expansion, best =    9.6672815733348210E-004
 performing expansion, best =    9.6671974723844852E-004
 performing expansion, best =    9.6671354278765782E-004
 performing expansion, best =    9.6670502608166774E-004
 performing expansion, best =    9.6669317416743581E-004
 performing expansion, best =    9.6668959268703374E-004
 performing expansion, best =    9.6668826828963763E-004
 performing expansion, best =    9.6668740973042443E-004
 performing expansion, best =    9.6667761722748786E-004
 performing expansion, best =    9.6667630637774498E-004
 performing expansion, best =    9.6664739699530333E-004
 performing expansion, best =    9.6662922246441765E-004
 performing expansion, best =    9.6662287206430867E-004
 performing expansion, best =    9.6661750458952394E-004
 performing expansion, best =    9.6660225257543973E-004
 performing expansion, best =    9.6659302946620147E-004
 performing expansion, best =    9.6658918677743663E-004
 performing expansion, best =    9.6658303000434832E-004
 performing expansion, best =    9.6657616003154696E-004
 performing expansion, best =    9.6655332315324352E-004
 performing expansion, best =    9.6653389196059262E-004
 performing expansion, best =    9.6650760844254615E-004
 performing expansion, best =    9.6649310395137379E-004
 performing expansion, best =    9.6648847968943612E-004
 performing expansion, best =    9.6648162624118276E-004
 performing expansion, best =    9.6647665218779603E-004
 performing expansion, best =    9.6643644728404616E-004
 performing expansion, best =    9.6640167621888317E-004
 performing expansion, best =    9.6638923937319391E-004
 performing expansion, best =    9.6637547405110469E-004
 performing expansion, best =    9.6634451038544935E-004
 performing expansion, best =    9.6631699645145742E-004
 performing expansion, best =    9.6629735692467349E-004
 performing expansion, best =    9.6629119972519773E-004
 performing expansion, best =    9.6625892035123685E-004
 performing expansion, best =    9.6624000315889268E-004
 performing expansion, best =    9.6622456268123332E-004
 performing expansion, best =    9.6621750706492326E-004
 performing expansion, best =    9.6619940393923107E-004
 performing expansion, best =    9.6618116874185804E-004
 performing expansion, best =    9.6616748234958191E-004
 performing expansion, best =    9.6616051140988013E-004
 performing expansion, best =    9.6613959862800369E-004
 performing expansion, best =    9.6613209514520028E-004
 performing expansion, best =    9.6612419399550993E-004
 performing expansion, best =    9.6612000598348541E-004
 performing expansion, best =    9.6610992861638479E-004
 performing expansion, best =    9.6609821357636697E-004
 performing expansion, best =    9.6608883050541795E-004
 performing expansion, best =    9.6607610521497992E-004
 performing expansion, best =    9.6603929656506864E-004
 performing expansion, best =    9.6602604802993629E-004
 performing expansion, best =    9.6601674620532430E-004
 performing expansion, best =    9.6601453907005472E-004
 performing expansion, best =    9.6598572998332795E-004
 performing expansion, best =    9.6597900313521599E-004
 performing expansion, best =    9.6597825653909144E-004
 performing expansion, best =    9.6597744348758360E-004
 performing expansion, best =    9.6597188500316899E-004
 performing expansion, best =    9.6597127224726947E-004
 performing expansion, best =    9.6595114109759286E-004
 performing expansion, best =    9.6593047823612002E-004
 performing expansion, best =    9.6592113020203558E-004
 performing expansion, best =    9.6590515860064008E-004
 performing expansion, best =    9.6590195513990610E-004
 performing expansion, best =    9.6588781711327355E-004
 performing expansion, best =    9.6587785578096071E-004
 performing expansion, best =    9.6587473203592941E-004
 performing expansion, best =    9.6584373045047081E-004
 performing expansion, best =    9.6583458229262324E-004
 performing expansion, best =    9.6582822648453161E-004
 performing expansion, best =    9.6581038463472945E-004
 performing expansion, best =    9.6579459633360464E-004
 performing expansion, best =    9.6578431038161984E-004
 performing expansion, best =    9.6577974903940553E-004
 performing expansion, best =    9.6576395185057765E-004
 performing expansion, best =    9.6575344213516666E-004
 performing expansion, best =    9.6574775842615422E-004
 performing expansion, best =    9.6573406796018803E-004
 performing expansion, best =    9.6572064598112253E-004
 performing expansion, best =    9.6571598572974969E-004
 performing expansion, best =    9.6571176243201288E-004
 performing expansion, best =    9.6571026612879505E-004
 performing expansion, best =    9.6570010696320728E-004
 performing expansion, best =    9.6568908555180136E-004
 performing expansion, best =    9.6568783943954458E-004
 performing expansion, best =    9.6568409811602905E-004
 performing expansion, best =    9.6567368470939618E-004
 performing expansion, best =    9.6566103873128070E-004
 performing expansion, best =    9.6564542750283218E-004
 performing expansion, best =    9.6563578038072701E-004
 performing expansion, best =    9.6562948962064423E-004
 performing expansion, best =    9.6562485928025220E-004
 performing expansion, best =    9.6562428700040868E-004
 performing expansion, best =    9.6561825611846141E-004
 performing expansion, best =    9.6561592829372961E-004
 performing expansion, best =    9.6561324438430526E-004
 performing expansion, best =    9.6561136766919067E-004
 performing expansion, best =    9.6560252290716535E-004
 performing expansion, best =    9.6560091736219570E-004
 performing expansion, best =    9.6559565266961483E-004
 performing expansion, best =    9.6559390918009552E-004
 performing expansion, best =    9.6558963001130830E-004
 performing expansion, best =    9.6558054936638697E-004
 performing expansion, best =    9.6557487720974101E-004
 performing expansion, best =    9.6557177714788416E-004
 performing expansion, best =    9.6557051337474019E-004
 performing expansion, best =    9.6556932874740061E-004
 performing expansion, best =    9.6556855664219499E-004
 performing expansion, best =    9.6556646160732230E-004
 performing expansion, best =    9.6555772720046599E-004
 performing expansion, best =    9.6555048223036916E-004
 performing expansion, best =    9.6554996411829617E-004
 performing expansion, best =    9.6554670120240242E-004
 performing expansion, best =    9.6554581441158326E-004
 performing expansion, best =    9.6554494739026469E-004
 performing expansion, best =    9.6553974474793537E-004
 performing expansion, best =    9.6553579446214777E-004
 performing expansion, best =    9.6553026939629318E-004
 performing expansion, best =    9.6552964086262676E-004
 performing expansion, best =    9.6552739809057828E-004
 performing expansion, best =    9.6552510094134096E-004
 performing expansion, best =    9.6551968203082317E-004
 performing expansion, best =    9.6551359217230575E-004
 performing expansion, best =    9.6551200844502503E-004
 performing expansion, best =    9.6551033988116709E-004
 performing expansion, best =    9.6550625885635560E-004
 performing expansion, best =    9.6550335062638192E-004
 performing expansion, best =    9.6550211017756263E-004
 performing expansion, best =    9.6549812796110652E-004
 performing expansion, best =    9.6549545507017753E-004
 performing expansion, best =    9.6549187643156964E-004
 performing expansion, best =    9.6548929053445504E-004
 performing expansion, best =    9.6548669762580792E-004
 performing expansion, best =    9.6548074967515193E-004
 performing expansion, best =    9.6547815855163707E-004
 performing expansion, best =    9.6547615070453007E-004
 performing expansion, best =    9.6547420661495336E-004
 performing expansion, best =    9.6547371251935960E-004
 performing expansion, best =    9.6547328676169848E-004
 performing expansion, best =    9.6546407314344179E-004
 performing expansion, best =    9.6546153428305782E-004
 performing expansion, best =    9.6545907321720064E-004
 performing expansion, best =    9.6545250384487522E-004
 performing expansion, best =    9.6544274611371731E-004
 performing expansion, best =    9.6544103173328249E-004
 performing expansion, best =    9.6543760239921046E-004
 performing expansion, best =    9.6543602541043110E-004
 performing expansion, best =    9.6543178931031177E-004
 performing expansion, best =    9.6542918334677555E-004
 performing expansion, best =    9.6542617691002463E-004
 performing expansion, best =    9.6542494839155235E-004
 performing expansion, best =    9.6542449188121674E-004
 performing expansion, best =    9.6541801409152385E-004
 performing expansion, best =    9.6541405527602936E-004
 performing expansion, best =    9.6541065034233401E-004
 performing expansion, best =    9.6540652090884062E-004
 performing expansion, best =    9.6540607363299546E-004
 performing expansion, best =    9.6539884527641865E-004
 performing expansion, best =    9.6539584206096899E-004
 performing expansion, best =    9.6538923258583816E-004
 performing expansion, best =    9.6538685183143020E-004
 performing expansion, best =    9.6538184106942588E-004
 performing expansion, best =    9.6538108787003478E-004
 performing expansion, best =    9.6537942072767290E-004
 performing expansion, best =    9.6537645831964330E-004
 performing expansion, best =    9.6536788888537087E-004
 performing expansion, best =    9.6536112977425057E-004
 performing expansion, best =    9.6535508887979728E-004
 performing expansion, best =    9.6534764610811295E-004
 performing expansion, best =    9.6534566894233040E-004
 performing expansion, best =    9.6534411144044230E-004
 performing expansion, best =    9.6533906423229262E-004
 performing expansion, best =    9.6533686746946704E-004
 performing expansion, best =    9.6532674732031129E-004
 performing expansion, best =    9.6532398340819746E-004
 performing expansion, best =    9.6532338223285228E-004
 performing expansion, best =    9.6531877183909291E-004
 performing expansion, best =    9.6531684720898301E-004
 performing expansion, best =    9.6530160811343776E-004
 performing expansion, best =    9.6528986674061811E-004
 performing expansion, best =    9.6528149569710176E-004
 performing expansion, best =    9.6525662075627532E-004
 performing expansion, best =    9.6525046942223238E-004
 performing expansion, best =    9.6524747212951595E-004
 performing expansion, best =    9.6523490657884480E-004
 performing expansion, best =    9.6521799821869768E-004
 performing expansion, best =    9.6520703206073692E-004
 performing expansion, best =    9.6520227813108464E-004
 performing expansion, best =    9.6519782220315701E-004
 performing expansion, best =    9.6518867108100692E-004
 performing expansion, best =    9.6518246539354985E-004
 performing expansion, best =    9.6517004547108708E-004
 performing expansion, best =    9.6515893747984747E-004
 performing expansion, best =    9.6514145691841942E-004
 performing expansion, best =    9.6513621118690001E-004
 performing expansion, best =    9.6513151158184670E-004
 performing expansion, best =    9.6512364192462936E-004
 performing expansion, best =    9.6510907243072181E-004
 performing expansion, best =    9.6509240806974723E-004
 performing expansion, best =    9.6508938008840674E-004
 performing expansion, best =    9.6508259846266444E-004
 performing expansion, best =    9.6507150012872182E-004
 performing expansion, best =    9.6506099692856976E-004
 performing expansion, best =    9.6504838405944693E-004
 performing expansion, best =    9.6503856021706413E-004
 performing expansion, best =    9.6503786349492733E-004
 performing expansion, best =    9.6503652990045713E-004
 performing expansion, best =    9.6501620206729591E-004
 performing expansion, best =    9.6500281555329532E-004
 performing expansion, best =    9.6499768188232273E-004
 performing expansion, best =    9.6498892479806881E-004
 performing expansion, best =    9.6498762006721735E-004
 performing expansion, best =    9.6498741502790033E-004
 performing expansion, best =    9.6496896686043055E-004
 performing expansion, best =    9.6495725235751174E-004
 performing expansion, best =    9.6495385728773868E-004
 performing expansion, best =    9.6494693967248170E-004
 performing expansion, best =    9.6492995002458266E-004
 performing expansion, best =    9.6489323812368633E-004
 performing expansion, best =    9.6488927667390170E-004
 performing expansion, best =    9.6487936033403700E-004
 performing expansion, best =    9.6486021307264015E-004
 performing expansion, best =    9.6485304145174536E-004
 performing expansion, best =    9.6484563268696931E-004
 performing expansion, best =    9.6483120114077914E-004
 performing expansion, best =    9.6480864994767678E-004
 performing expansion, best =    9.6478991458142857E-004
 performing expansion, best =    9.6478428017889939E-004
 performing expansion, best =    9.6477793465673005E-004
 performing expansion, best =    9.6476062015171226E-004
 performing expansion, best =    9.6474377900132786E-004
 performing expansion, best =    9.6472187410748310E-004
 performing expansion, best =    9.6469875869497539E-004
 performing expansion, best =    9.6469560076641405E-004
 performing expansion, best =    9.6468152244590772E-004
 performing expansion, best =    9.6465625769187450E-004
Exiting simplex optimization after 10001 iterations
RMSE         9.646262182E-04 Hartree
NEW BEST!
Best found solution for 11 charges:
        RMSE         6.053116336E-01 kcal/mol
         MAE         3.455767053E-01 kcal/mol
     max. AE         7.355736834E+00 kcal/mol

       x[bohr]       y[bohr]       z[bohr]          q[e]
     3.3058984     1.6515425     1.4825925     0.2032416
     5.2116012    -0.9346139     0.1832072     0.2110606
     3.3127386    -0.0869205     0.4002823    -0.4419513
     0.8342950    -0.7648379    -0.3906325     0.5720425
     1.6596322    -1.1898115    -0.6327787    -0.8979376
     1.9800944    -2.3205708    -1.2383033     0.3928413
    -0.9132043     2.7541234    -0.2514250    -0.2220047
     0.0041740     0.2452506    -0.2117776     0.3218500
    -2.7583421    -1.7394954     0.3438633    -0.6906452
    -4.6926567    -0.5576246     0.7781349     0.2234854
    -2.7400888    -3.2800373     0.4350324     0.3280174

