Running in fitting mode

Reading "/home/boittier/pydcm/models/fbutadiene-9/ref/B.p.cube"...

  B.pdb Potential
  Electrostatic potential from Total SCF Density
   10   -8.963761   -6.906993   -7.147215
  116    0.166667    0.000000    0.000000
   94    0.000000    0.166667    0.000000
   89    0.000000    0.000000    0.166667
    6    6.000000   -2.451009    2.070219   -0.093423
    6    6.000000   -0.935804    0.091752    0.132037
    6    6.000000    1.735923    0.020368    0.947527
    6    6.000000    3.679089    0.227463   -0.634462
    1    1.000000   -4.413669    1.842751   -0.622655
    1    1.000000   -1.720742    3.950739    0.226720
    9    9.000000   -1.900428   -2.280943   -0.227446
    1    1.000000    2.057303   -0.375645    2.939019
    1    1.000000    3.399753    0.560525   -2.637548
    1    1.000000    5.612014    0.091306    0.031400
 -8.22174E-03 -8.26575E-03 -8.30107E-03 -8.32727E-03 -8.34399E-03 -8.35088E-03
       .            .            .            .            .            .
       .            .            .            .            .            .
       .            .            .            .            .            .
  1.97748E-02  1.86433E-02  1.88553E-02  1.72852E-02  1.56724E-02  1.33207E-02

198208 out of 970456 gridpoints are considered ( 20.4%).

...done!




USING GREEDY MODE
File "multipole7_1charges.xyz" already exists. Fitting procedure is skipped.
File "multipole7_2charges.xyz" already exists. Fitting procedure is skipped.
File "multipole7_3charges.xyz" already exists. Fitting procedure is skipped.
File "multipole7_4charges.xyz" already exists. Fitting procedure is skipped.
File "multipole2_1charges.xyz" already exists. Fitting procedure is skipped.
File "multipole2_2charges.xyz" already exists. Fitting procedure is skipped.
File "multipole2_3charges.xyz" already exists. Fitting procedure is skipped.
File "multipole2_4charges.xyz" already exists. Fitting procedure is skipped.
Fragment fit detected
Fitting to MTP grid, discarding reference MEP cube data
Subsequent stats etc. are compared to MTP data, not the
MEP from the reference cube file
Total fragment charge (a.u.):         9.668123839E-02
Running DE in parallel with 1 thread(s)!

Starting fitting procedure for 5 charges, trial 1
gen      0/10000      elitist  1.5640991E-03 feasible? T
gen    100/10000      elitist  8.4906197E-04 feasible? T
gen    200/10000      elitist  6.3033473E-04 feasible? T
gen    300/10000      elitist  6.1512393E-04 feasible? T
gen    400/10000      elitist  5.8679463E-04 feasible? T
gen    500/10000      elitist  5.4254148E-04 feasible? T
gen    600/10000      elitist  5.2771425E-04 feasible? T
gen    700/10000      elitist  5.2148104E-04 feasible? T
gen    800/10000      elitist  5.2008888E-04 feasible? T
gen    900/10000      elitist  5.1993339E-04 feasible? T
gen   1000/10000      elitist  5.1992963E-04 feasible? T
gen   1100/10000      elitist  5.1992924E-04 feasible? T
gen   1200/10000      elitist  5.1992864E-04 feasible? T
gen   1300/10000      elitist  5.1992596E-04 feasible? T
gen   1400/10000      elitist  5.1992511E-04 feasible? T
gen   1500/10000      elitist  5.1992511E-04 feasible? T
gen   1600/10000      elitist  5.1991950E-04 feasible? T
gen   1700/10000      elitist  5.1990314E-04 feasible? T
gen   1800/10000      elitist  5.1990314E-04 feasible? T
gen   1900/10000      elitist  5.1990232E-04 feasible? T
gen   2000/10000      elitist  5.1988776E-04 feasible? T
gen   2100/10000      elitist  5.1988752E-04 feasible? T
gen   2200/10000      elitist  5.1988752E-04 feasible? T
gen   2300/10000      elitist  5.1988748E-04 feasible? T
gen   2400/10000      elitist  5.1988537E-04 feasible? T
gen   2500/10000      elitist  5.1988479E-04 feasible? T
gen   2600/10000      elitist  5.1988399E-04 feasible? T
gen   2700/10000      elitist  5.1988325E-04 feasible? T
gen   2800/10000      elitist  5.1988292E-04 feasible? T
gen   2900/10000      elitist  5.1988231E-04 feasible? T
gen   3000/10000      elitist  5.1988206E-04 feasible? T
gen   3100/10000      elitist  5.1988146E-04 feasible? T
gen   3200/10000      elitist  5.1828338E-04 feasible? T
gen   3300/10000      elitist  5.1795454E-04 feasible? T
gen   3400/10000      elitist  5.1789703E-04 feasible? T
gen   3500/10000      elitist  5.1788855E-04 feasible? T
gen   3600/10000      elitist  5.1788679E-04 feasible? T
gen   3700/10000      elitist  5.1788633E-04 feasible? T
gen   3800/10000      elitist  5.1788629E-04 feasible? T
gen   3900/10000      elitist  5.1788628E-04 feasible? T
gen   4000/10000      elitist  5.1746471E-04 feasible? T
gen   4100/10000      elitist  5.1741637E-04 feasible? T
gen   4200/10000      elitist  5.1741080E-04 feasible? T
gen   4300/10000      elitist  5.1740861E-04 feasible? T
gen   4400/10000      elitist  5.1739981E-04 feasible? T
gen   4500/10000      elitist  5.1739964E-04 feasible? T
gen   4600/10000      elitist  5.1739959E-04 feasible? T
gen   4700/10000      elitist  5.1739890E-04 feasible? T
gen   4800/10000      elitist  5.1738605E-04 feasible? T
gen   4900/10000      elitist  5.1738554E-04 feasible? T
gen   5000/10000      elitist  5.1738548E-04 feasible? T
gen   5100/10000      elitist  5.1738546E-04 feasible? T
population converged towards a single solution after 5180 generations.
Starting local simplex optimization:
Solution before refinement:      5.1738544692E-04
 performing expansion, best =    5.1737631347568850E-004
 performing expansion, best =    5.1736023184932351E-004
 performing expansion, best =    5.1735719961298421E-004
 performing expansion, best =    5.1735486765431507E-004
 performing expansion, best =    5.1734804893634949E-004
 performing expansion, best =    5.1734588086752617E-004
 performing expansion, best =    5.1734478930448157E-004
 performing expansion, best =    5.1734456705227806E-004
 performing expansion, best =    5.1733925751479607E-004
 performing expansion, best =    5.1732993707635983E-004
 performing expansion, best =    5.1732870328721574E-004
 performing expansion, best =    5.1732087562800211E-004
 performing expansion, best =    5.1731906537657137E-004
 performing expansion, best =    5.1731137646002668E-004
 performing expansion, best =    5.1730003057217798E-004
 performing expansion, best =    5.1729049327732611E-004
 performing expansion, best =    5.1727870538155582E-004
 performing expansion, best =    5.1726399138424218E-004
 performing expansion, best =    5.1725041118578098E-004
 performing expansion, best =    5.1723749354975373E-004
 performing expansion, best =    5.1721794551433907E-004
 performing expansion, best =    5.1719197363146925E-004
 performing expansion, best =    5.1717218265876939E-004
 performing expansion, best =    5.1714209281257051E-004
 performing expansion, best =    5.1710725212166268E-004
 performing expansion, best =    5.1707275161062361E-004
 performing expansion, best =    5.1705640600887019E-004
 performing expansion, best =    5.1704736011767794E-004
 performing expansion, best =    5.1702630889268895E-004
 performing expansion, best =    5.1701554750321758E-004
 performing expansion, best =    5.1700780383262285E-004
 performing expansion, best =    5.1699981469419142E-004
 performing expansion, best =    5.1699917120890770E-004
 performing expansion, best =    5.1699398860112771E-004
 performing expansion, best =    5.1699316141232197E-004
 performing expansion, best =    5.1699097697385256E-004
 performing expansion, best =    5.1698026515730995E-004
 performing expansion, best =    5.1696463682246365E-004
 performing expansion, best =    5.1696406513071372E-004
 performing expansion, best =    5.1696266828591081E-004
 performing expansion, best =    5.1695845849100892E-004
 performing expansion, best =    5.1695226466187477E-004
 performing expansion, best =    5.1694379474198193E-004
 performing expansion, best =    5.1694322162339538E-004
 performing expansion, best =    5.1693762961735031E-004
 performing expansion, best =    5.1693292745329581E-004
 performing expansion, best =    5.1693284314103985E-004
 performing expansion, best =    5.1693182062170480E-004
 performing expansion, best =    5.1692711291547117E-004
 performing expansion, best =    5.1691648926547869E-004
 performing expansion, best =    5.1691411307123363E-004
 performing expansion, best =    5.1690774017914350E-004
 performing expansion, best =    5.1689829988221185E-004
 performing expansion, best =    5.1688771833826826E-004
 performing expansion, best =    5.1688653238467371E-004
 performing expansion, best =    5.1688483498752596E-004
 performing expansion, best =    5.1687824243002649E-004
 performing expansion, best =    5.1687596229623692E-004
 performing expansion, best =    5.1686757854884247E-004
 performing expansion, best =    5.1686738052651195E-004
 performing expansion, best =    5.1685893439116929E-004
 performing expansion, best =    5.1685792088204706E-004
 performing expansion, best =    5.1684868413490095E-004
 performing expansion, best =    5.1684514329991831E-004
 performing expansion, best =    5.1683512367003352E-004
 performing expansion, best =    5.1683049764809181E-004
 performing expansion, best =    5.1682895098290602E-004
 performing expansion, best =    5.1682894990445121E-004
 performing expansion, best =    5.1682807840080342E-004
 performing expansion, best =    5.1682624747149573E-004
 performing expansion, best =    5.1682022885856554E-004
 performing expansion, best =    5.1681955456707690E-004
 performing expansion, best =    5.1681825352823557E-004
 performing expansion, best =    5.1681744251456517E-004
 performing expansion, best =    5.1681538650439154E-004
 performing expansion, best =    5.1681346507170725E-004
 performing expansion, best =    5.1681270970629900E-004
 performing expansion, best =    5.1681259037099944E-004
 performing expansion, best =    5.1681131105795191E-004
 performing expansion, best =    5.1681007994988854E-004
 performing expansion, best =    5.1680914668978317E-004
 performing expansion, best =    5.1680856826751291E-004
 performing expansion, best =    5.1680677588107843E-004
 performing expansion, best =    5.1680309554476885E-004
 performing expansion, best =    5.1680279935078241E-004
 performing expansion, best =    5.1680159317467648E-004
 performing expansion, best =    5.1680134501720274E-004
 performing expansion, best =    5.1680083830605628E-004
 performing expansion, best =    5.1680063132611604E-004
 performing expansion, best =    5.1680005892964381E-004
 performing expansion, best =    5.1679944716503240E-004
 performing expansion, best =    5.1679915575312163E-004
 performing expansion, best =    5.1679912640453015E-004
 performing expansion, best =    5.1679847624430729E-004
 performing expansion, best =    5.1679845589307780E-004
 performing expansion, best =    5.1679712336010375E-004
 performing expansion, best =    5.1679711496737855E-004
 performing expansion, best =    5.1679679432574930E-004
 performing expansion, best =    5.1679582772446516E-004
 performing expansion, best =    5.1679580052599739E-004
 performing expansion, best =    5.1679492060058383E-004
 performing expansion, best =    5.1679469900330044E-004
 performing expansion, best =    5.1679447971575800E-004
 performing expansion, best =    5.1679440657727966E-004
 performing expansion, best =    5.1679370239169622E-004
 performing expansion, best =    5.1679244902215959E-004
 performing expansion, best =    5.1679150169236924E-004
 performing expansion, best =    5.1678988378344110E-004
 performing expansion, best =    5.1678986965827771E-004
 performing expansion, best =    5.1678951486508007E-004
 performing expansion, best =    5.1678946599446060E-004
 performing expansion, best =    5.1678865866844489E-004
 performing expansion, best =    5.1678821649145184E-004
 performing expansion, best =    5.1678796516688922E-004
 performing expansion, best =    5.1678795979217737E-004
 performing expansion, best =    5.1678765874687454E-004
 performing expansion, best =    5.1678744226156374E-004
 performing expansion, best =    5.1678663357951425E-004
 performing expansion, best =    5.1678642790670343E-004
 performing expansion, best =    5.1678629298447629E-004
 performing expansion, best =    5.1678598532995204E-004
 performing expansion, best =    5.1678499604727597E-004
 performing expansion, best =    5.1678497330041753E-004
 performing expansion, best =    5.1678470637177222E-004
 performing expansion, best =    5.1678398648440809E-004
 performing expansion, best =    5.1678304734202173E-004
 performing expansion, best =    5.1678239276469677E-004
 performing expansion, best =    5.1678117594737192E-004
 performing expansion, best =    5.1678000717243397E-004
 performing expansion, best =    5.1677845606863519E-004
 performing expansion, best =    5.1677669647510018E-004
 performing expansion, best =    5.1677504344139395E-004
 performing expansion, best =    5.1677336498113819E-004
 performing expansion, best =    5.1677178073946393E-004
 performing expansion, best =    5.1677082993725222E-004
 performing expansion, best =    5.1677059819424517E-004
 performing expansion, best =    5.1677028060372564E-004
 performing expansion, best =    5.1676924830455068E-004
 performing expansion, best =    5.1676714914988884E-004
 performing expansion, best =    5.1676619545311506E-004
 performing expansion, best =    5.1676452281891139E-004
 performing expansion, best =    5.1676331893189147E-004
 performing expansion, best =    5.1676273731994103E-004
 performing expansion, best =    5.1676152796318957E-004
 performing expansion, best =    5.1676011857540362E-004
 performing expansion, best =    5.1675820076607008E-004
 performing expansion, best =    5.1675737921505743E-004
 performing expansion, best =    5.1675708046499346E-004
 performing expansion, best =    5.1675547357355530E-004
 performing expansion, best =    5.1675453468047244E-004
 performing expansion, best =    5.1675357028270398E-004
 performing expansion, best =    5.1675245266500800E-004
 performing expansion, best =    5.1675235490156234E-004
 performing expansion, best =    5.1675206143696260E-004
 performing expansion, best =    5.1675198572876508E-004
 performing expansion, best =    5.1675164737764690E-004
 performing expansion, best =    5.1675140727794442E-004
 performing expansion, best =    5.1675132363291742E-004
 performing expansion, best =    5.1675129304133293E-004
 performing expansion, best =    5.1675118215339781E-004
 performing expansion, best =    5.1675025393018218E-004
 performing expansion, best =    5.1674964393997669E-004
 performing expansion, best =    5.1674942339495088E-004
 performing expansion, best =    5.1674894911985815E-004
 performing expansion, best =    5.1674861904572888E-004
 performing expansion, best =    5.1674857139897288E-004
 performing expansion, best =    5.1674823851065993E-004
 performing expansion, best =    5.1674811456693074E-004
 performing expansion, best =    5.1674801925927390E-004
 performing expansion, best =    5.1674799391539835E-004
 performing expansion, best =    5.1674784964099972E-004
 performing expansion, best =    5.1674780433864193E-004
 performing expansion, best =    5.1674778879686205E-004
 performing expansion, best =    5.1674772089774039E-004
 performing expansion, best =    5.1674767986987006E-004
 performing expansion, best =    5.1674765218792077E-004
 performing expansion, best =    5.1674764412575221E-004
 performing expansion, best =    5.1674759640177293E-004
 performing expansion, best =    5.1674756575285615E-004
 performing expansion, best =    5.1674755643450721E-004
 performing expansion, best =    5.1674754014753598E-004
 performing expansion, best =    5.1674751943527996E-004
 performing expansion, best =    5.1674751672451020E-004
 performing expansion, best =    5.1674750655202116E-004
 performing expansion, best =    5.1674749561419196E-004
 performing expansion, best =    5.1674749007363653E-004
 performing expansion, best =    5.1674746198015868E-004
 performing expansion, best =    5.1674742965921372E-004
 performing expansion, best =    5.1674741844249237E-004
 performing expansion, best =    5.1674740040286052E-004
 performing expansion, best =    5.1674736059582394E-004
 performing expansion, best =    5.1674733899336432E-004
 performing expansion, best =    5.1674731125587461E-004
 performing expansion, best =    5.1674725788321588E-004
 performing expansion, best =    5.1674721609729535E-004
 performing expansion, best =    5.1674715385042808E-004
 performing expansion, best =    5.1674710544859898E-004
 performing expansion, best =    5.1674702720124778E-004
 performing expansion, best =    5.1674700569372795E-004
 performing expansion, best =    5.1674697579983384E-004
 performing expansion, best =    5.1674687223630250E-004
 performing expansion, best =    5.1674680070432424E-004
 performing expansion, best =    5.1674674229033716E-004
 performing expansion, best =    5.1674666904873222E-004
 performing expansion, best =    5.1674664375145395E-004
 performing expansion, best =    5.1674656814467486E-004
 performing expansion, best =    5.1674649680148374E-004
 performing expansion, best =    5.1674646654531692E-004
 performing expansion, best =    5.1674646189854123E-004
 performing expansion, best =    5.1674644686052873E-004
 performing expansion, best =    5.1674643033349866E-004
 performing expansion, best =    5.1674639070100877E-004
 performing expansion, best =    5.1674635063453649E-004
 performing expansion, best =    5.1674628441517241E-004
 performing expansion, best =    5.1674621067330942E-004
 performing expansion, best =    5.1674613398375790E-004
 performing expansion, best =    5.1674606574180447E-004
 performing expansion, best =    5.1674596222702125E-004
 performing expansion, best =    5.1674589143157709E-004
 performing expansion, best =    5.1674581497156374E-004
 performing expansion, best =    5.1674573690799305E-004
 performing expansion, best =    5.1674562316552579E-004
 performing expansion, best =    5.1674549527104335E-004
 performing expansion, best =    5.1674533425090450E-004
 performing expansion, best =    5.1674513087700106E-004
 performing expansion, best =    5.1674492195952410E-004
 performing expansion, best =    5.1674492116846494E-004
 performing expansion, best =    5.1674475767630643E-004
 performing expansion, best =    5.1674460764694413E-004
 performing expansion, best =    5.1674433118457431E-004
 performing expansion, best =    5.1674413689426543E-004
 performing expansion, best =    5.1674403605218779E-004
 performing expansion, best =    5.1674376276528774E-004
 performing expansion, best =    5.1674345407746775E-004
 performing expansion, best =    5.1674328543353028E-004
 performing expansion, best =    5.1674305926742512E-004
 performing expansion, best =    5.1674302752958740E-004
 performing expansion, best =    5.1674288998423653E-004
 performing expansion, best =    5.1674252664206670E-004
 performing expansion, best =    5.1674191607699793E-004
 performing expansion, best =    5.1674143452371793E-004
 performing expansion, best =    5.1674087076019584E-004
 performing expansion, best =    5.1674019050522283E-004
 performing expansion, best =    5.1673935667324248E-004
 performing expansion, best =    5.1673864510896417E-004
 performing expansion, best =    5.1673773480622571E-004
 performing expansion, best =    5.1673672267789860E-004
 performing expansion, best =    5.1673622776329787E-004
 performing expansion, best =    5.1673529857149797E-004
 performing expansion, best =    5.1673421322323608E-004
 performing expansion, best =    5.1673295236570182E-004
 performing expansion, best =    5.1673117441078994E-004
 performing expansion, best =    5.1673024344784876E-004
 performing expansion, best =    5.1672888010789242E-004
 performing expansion, best =    5.1672772711411569E-004
 performing expansion, best =    5.1672663366438801E-004
 performing expansion, best =    5.1672593105026000E-004
 performing expansion, best =    5.1672464568369594E-004
 performing expansion, best =    5.1672335795810887E-004
 performing expansion, best =    5.1672186432001176E-004
 performing expansion, best =    5.1672115764756236E-004
 performing expansion, best =    5.1672055036661797E-004
 performing expansion, best =    5.1671917877438832E-004
 performing expansion, best =    5.1671718136748915E-004
 performing expansion, best =    5.1671538593420186E-004
 performing expansion, best =    5.1671406067195415E-004
 performing expansion, best =    5.1671192434818978E-004
 performing expansion, best =    5.1671037712799624E-004
 performing expansion, best =    5.1670858020016965E-004
 performing expansion, best =    5.1670627376555517E-004
 performing expansion, best =    5.1670262321424211E-004
 performing expansion, best =    5.1669991007875836E-004
 performing expansion, best =    5.1669672490998932E-004
 performing expansion, best =    5.1669495007294626E-004
 performing expansion, best =    5.1669244169744763E-004
 performing expansion, best =    5.1668852537286192E-004
 performing expansion, best =    5.1668621032745189E-004
 performing expansion, best =    5.1668352636737350E-004
 performing expansion, best =    5.1667817659451344E-004
 performing expansion, best =    5.1667411429799745E-004
 performing expansion, best =    5.1666812082457796E-004
 performing expansion, best =    5.1666420052008872E-004
 performing expansion, best =    5.1666391503826651E-004
 performing expansion, best =    5.1666114117819334E-004
 performing expansion, best =    5.1665895651672447E-004
 performing expansion, best =    5.1665748233213008E-004
 performing expansion, best =    5.1665581636690624E-004
 performing expansion, best =    5.1665471629858942E-004
 performing expansion, best =    5.1665409287810740E-004
 performing expansion, best =    5.1665286961049292E-004
 performing expansion, best =    5.1665253190558537E-004
 performing expansion, best =    5.1665206849227569E-004
 performing expansion, best =    5.1665113453669290E-004
 performing expansion, best =    5.1665093047733636E-004
 performing expansion, best =    5.1664961333338917E-004
 performing expansion, best =    5.1664739477270656E-004
 performing expansion, best =    5.1664626881661746E-004
 performing expansion, best =    5.1664615912464104E-004
 performing expansion, best =    5.1664477307164264E-004
 performing expansion, best =    5.1664393662788951E-004
 performing expansion, best =    5.1664271888446963E-004
 performing expansion, best =    5.1664176289625645E-004
 performing expansion, best =    5.1664161413694700E-004
 performing expansion, best =    5.1664094605403162E-004
 performing expansion, best =    5.1664011600842104E-004
 performing expansion, best =    5.1664009025456095E-004
 performing expansion, best =    5.1663988702855071E-004
 performing expansion, best =    5.1663971873910084E-004
 performing expansion, best =    5.1663940570613020E-004
 performing expansion, best =    5.1663914986249508E-004
 performing expansion, best =    5.1663861887824047E-004
 performing expansion, best =    5.1663843515631705E-004
 performing expansion, best =    5.1663838649505811E-004
 performing expansion, best =    5.1663817771394809E-004
 performing expansion, best =    5.1663789379190824E-004
 performing expansion, best =    5.1663737785241181E-004
 performing expansion, best =    5.1663733148135497E-004
 performing expansion, best =    5.1663726727020957E-004
 performing expansion, best =    5.1663717117379120E-004
 performing expansion, best =    5.1663692751426288E-004
 performing expansion, best =    5.1663685183533849E-004
 performing expansion, best =    5.1663659895064017E-004
 performing expansion, best =    5.1663655625455956E-004
 performing expansion, best =    5.1663641319655098E-004
 performing expansion, best =    5.1663640468190789E-004
 performing expansion, best =    5.1663638436108886E-004
 performing expansion, best =    5.1663634198085575E-004
 performing expansion, best =    5.1663630777270175E-004
 performing expansion, best =    5.1663621198248550E-004
 performing expansion, best =    5.1663620383579655E-004
 performing expansion, best =    5.1663613232436187E-004
 performing expansion, best =    5.1663608534133567E-004
 performing expansion, best =    5.1663604752818213E-004
 performing expansion, best =    5.1663604030746668E-004
 performing expansion, best =    5.1663603675224687E-004
 performing expansion, best =    5.1663601401404980E-004
 performing expansion, best =    5.1663601145484608E-004
 performing expansion, best =    5.1663599217034067E-004
 performing expansion, best =    5.1663598594620748E-004
 performing expansion, best =    5.1663598345554930E-004
 performing expansion, best =    5.1663597624958398E-004
 performing expansion, best =    5.1663597249161869E-004
 performing expansion, best =    5.1663595981290568E-004
 performing expansion, best =    5.1663595836252941E-004
 performing expansion, best =    5.1663595395626532E-004
 performing expansion, best =    5.1663594993225795E-004
 performing expansion, best =    5.1663594866807323E-004
 performing expansion, best =    5.1663594248338169E-004
 performing expansion, best =    5.1663594208138999E-004
 performing expansion, best =    5.1663594074008239E-004
 performing expansion, best =    5.1663593881790296E-004
 performing expansion, best =    5.1663593740861231E-004
 performing expansion, best =    5.1663593605045285E-004
 performing expansion, best =    5.1663593412845708E-004
 performing expansion, best =    5.1663593319547390E-004
 performing expansion, best =    5.1663593284080654E-004
 performing expansion, best =    5.1663593269469035E-004
 performing expansion, best =    5.1663593256196308E-004
 performing expansion, best =    5.1663593230748966E-004
 performing expansion, best =    5.1663593221508094E-004
 performing expansion, best =    5.1663593216637620E-004
Exiting simplex optimization after  2863 iterations
Solution after  refinement:      5.1663593217E-04
RMSE         5.166359322E-04 Hartree
NEW BEST!

Starting fitting procedure for 5 charges, trial 2
gen      0/10000      elitist  1.8172801E-03 feasible? T
gen    100/10000      elitist  7.4576256E-04 feasible? T
gen    200/10000      elitist  6.0197951E-04 feasible? T
gen    300/10000      elitist  5.7995349E-04 feasible? T
gen    400/10000      elitist  5.6718687E-04 feasible? T
gen    500/10000      elitist  5.6386289E-04 feasible? T
gen    600/10000      elitist  5.3957875E-04 feasible? T
gen    700/10000      elitist  5.2645416E-04 feasible? T
gen    800/10000      elitist  5.2434446E-04 feasible? T
gen    900/10000      elitist  5.2326060E-04 feasible? T
gen   1000/10000      elitist  5.2294660E-04 feasible? T
gen   1100/10000      elitist  5.2281626E-04 feasible? T
gen   1200/10000      elitist  5.2276568E-04 feasible? T
gen   1300/10000      elitist  5.2260176E-04 feasible? T
gen   1400/10000      elitist  5.2239874E-04 feasible? T
gen   1500/10000      elitist  5.2230407E-04 feasible? T
gen   1600/10000      elitist  5.2227979E-04 feasible? T
gen   1700/10000      elitist  5.2222505E-04 feasible? T
gen   1800/10000      elitist  5.2221215E-04 feasible? T
gen   1900/10000      elitist  5.2219821E-04 feasible? T
gen   2000/10000      elitist  5.2219219E-04 feasible? T
gen   2100/10000      elitist  5.2218830E-04 feasible? T
gen   2200/10000      elitist  5.2218603E-04 feasible? T
gen   2300/10000      elitist  5.2208751E-04 feasible? T
gen   2400/10000      elitist  5.2139706E-04 feasible? T
gen   2500/10000      elitist  5.2130848E-04 feasible? T
gen   2600/10000      elitist  5.2130496E-04 feasible? T
gen   2700/10000      elitist  5.2126663E-04 feasible? T
gen   2800/10000      elitist  5.2124702E-04 feasible? T
gen   2900/10000      elitist  5.2123200E-04 feasible? T
gen   3000/10000      elitist  5.2121808E-04 feasible? T
gen   3100/10000      elitist  5.2121000E-04 feasible? T
gen   3200/10000      elitist  5.2119655E-04 feasible? T
gen   3300/10000      elitist  5.2118863E-04 feasible? T
gen   3400/10000      elitist  5.2118750E-04 feasible? T
gen   3500/10000      elitist  5.2118723E-04 feasible? T
gen   3600/10000      elitist  5.2118717E-04 feasible? T
gen   3700/10000      elitist  5.2118713E-04 feasible? T
gen   3800/10000      elitist  5.2118591E-04 feasible? T
gen   3900/10000      elitist  5.2118566E-04 feasible? T
gen   4000/10000      elitist  5.2118358E-04 feasible? T
gen   4100/10000      elitist  5.2117682E-04 feasible? T
gen   4200/10000      elitist  5.2116328E-04 feasible? T
gen   4300/10000      elitist  5.2115221E-04 feasible? T
gen   4400/10000      elitist  5.2109466E-04 feasible? T
gen   4500/10000      elitist  5.2072068E-04 feasible? T
gen   4600/10000      elitist  5.1753843E-04 feasible? T
gen   4700/10000      elitist  5.1705653E-04 feasible? T
gen   4800/10000      elitist  5.1698041E-04 feasible? T
gen   4900/10000      elitist  5.1694799E-04 feasible? T
gen   5000/10000      elitist  5.1693612E-04 feasible? T
gen   5100/10000      elitist  5.1693358E-04 feasible? T
gen   5200/10000      elitist  5.1693276E-04 feasible? T
gen   5300/10000      elitist  5.1693178E-04 feasible? T
gen   5400/10000      elitist  5.1676879E-04 feasible? T
gen   5500/10000      elitist  5.1635186E-04 feasible? T
gen   5600/10000      elitist  5.1631067E-04 feasible? T
gen   5700/10000      elitist  5.1628432E-04 feasible? T
gen   5800/10000      elitist  5.1627214E-04 feasible? T
gen   5900/10000      elitist  5.1626991E-04 feasible? T
gen   6000/10000      elitist  5.1626950E-04 feasible? T
gen   6100/10000      elitist  5.1626922E-04 feasible? T
gen   6200/10000      elitist  5.1626907E-04 feasible? T
gen   6300/10000      elitist  5.1626903E-04 feasible? T
gen   6400/10000      elitist  5.1626902E-04 feasible? T
population converged towards a single solution after 6428 generations.
Starting local simplex optimization:
Solution before refinement:      5.1626902240E-04
 performing expansion, best =    5.1626897801967725E-004
 performing expansion, best =    5.1626783673544660E-004
 performing expansion, best =    5.1626770625890015E-004
 performing expansion, best =    5.1626765796255211E-004
 performing expansion, best =    5.1626754598424994E-004
 performing expansion, best =    5.1626746419201344E-004
 performing expansion, best =    5.1626735305738318E-004
 performing expansion, best =    5.1626723046242187E-004
 performing expansion, best =    5.1626721862992552E-004
 performing expansion, best =    5.1626721490050228E-004
 performing expansion, best =    5.1626699949601984E-004
 performing expansion, best =    5.1626660949302011E-004
 performing expansion, best =    5.1626659167310681E-004
 performing expansion, best =    5.1626628407900037E-004
 performing expansion, best =    5.1626578897218708E-004
 performing expansion, best =    5.1626538121957210E-004
 performing expansion, best =    5.1626493695622333E-004
 performing expansion, best =    5.1626492038612767E-004
 performing expansion, best =    5.1626457764221965E-004
 performing expansion, best =    5.1626421433227502E-004
 performing expansion, best =    5.1626377943391063E-004
 performing expansion, best =    5.1626372175719003E-004
 performing expansion, best =    5.1626359200252143E-004
 performing expansion, best =    5.1626322149514773E-004
 performing expansion, best =    5.1626320577926005E-004
 performing expansion, best =    5.1626288283797620E-004
 performing expansion, best =    5.1626232076795741E-004
 performing expansion, best =    5.1626224713196265E-004
 performing expansion, best =    5.1626179792409730E-004
 performing expansion, best =    5.1626131290228097E-004
 performing expansion, best =    5.1626085211918863E-004
 performing expansion, best =    5.1626041319012734E-004
 performing expansion, best =    5.1626029476813161E-004
 performing expansion, best =    5.1625950363169346E-004
 performing expansion, best =    5.1625949936841026E-004
 performing expansion, best =    5.1625943805577842E-004
 performing expansion, best =    5.1625938722234732E-004
 performing expansion, best =    5.1625933661012934E-004
 performing expansion, best =    5.1625923862679479E-004
 performing expansion, best =    5.1625905575664564E-004
 performing expansion, best =    5.1625902641290033E-004
 performing expansion, best =    5.1625899305685898E-004
 performing expansion, best =    5.1625892360922135E-004
 performing expansion, best =    5.1625892359680094E-004
 performing expansion, best =    5.1625866524593865E-004
 performing expansion, best =    5.1625863571667127E-004
 performing expansion, best =    5.1625863265369356E-004
 performing expansion, best =    5.1625845941375846E-004
 performing expansion, best =    5.1625816135151615E-004
 performing expansion, best =    5.1625780336587079E-004
 performing expansion, best =    5.1625747998167637E-004
 performing expansion, best =    5.1625715205612247E-004
 performing expansion, best =    5.1625701510827748E-004
 performing expansion, best =    5.1625657352310562E-004
 performing expansion, best =    5.1625646939144931E-004
 performing expansion, best =    5.1625643282208241E-004
 performing expansion, best =    5.1625637070762734E-004
 performing expansion, best =    5.1625603416347943E-004
 performing expansion, best =    5.1625568038705895E-004
 performing expansion, best =    5.1625529262000003E-004
 performing expansion, best =    5.1625485613859248E-004
 performing expansion, best =    5.1625429739884433E-004
 performing expansion, best =    5.1625383179316293E-004
 performing expansion, best =    5.1625344989128681E-004
 performing expansion, best =    5.1625281853469242E-004
 performing expansion, best =    5.1625220324787863E-004
 performing expansion, best =    5.1625169240632738E-004
 performing expansion, best =    5.1625121298279147E-004
 performing expansion, best =    5.1625074893182161E-004
 performing expansion, best =    5.1625019271317994E-004
 performing expansion, best =    5.1624970203697758E-004
 performing expansion, best =    5.1624931561779685E-004
 performing expansion, best =    5.1624917728416021E-004
 performing expansion, best =    5.1624900495728131E-004
 performing expansion, best =    5.1624892982826784E-004
 performing expansion, best =    5.1624883527824899E-004
 performing expansion, best =    5.1624864117699449E-004
 performing expansion, best =    5.1624858002521825E-004
 performing expansion, best =    5.1624849430300258E-004
 performing expansion, best =    5.1624830124625859E-004
 performing expansion, best =    5.1624823514360193E-004
 performing expansion, best =    5.1624802701105395E-004
 performing expansion, best =    5.1624766878023926E-004
 performing expansion, best =    5.1624763988107722E-004
 performing expansion, best =    5.1624763858485151E-004
 performing expansion, best =    5.1624753503674424E-004
 performing expansion, best =    5.1624747110916606E-004
 performing expansion, best =    5.1624741675526263E-004
 performing expansion, best =    5.1624740731633534E-004
 performing expansion, best =    5.1624738779141915E-004
 performing expansion, best =    5.1624735131757752E-004
 performing expansion, best =    5.1624734149183530E-004
 performing expansion, best =    5.1624731798053498E-004
 performing expansion, best =    5.1624728721624293E-004
 performing expansion, best =    5.1624726254489517E-004
 performing expansion, best =    5.1624725029518709E-004
 performing expansion, best =    5.1624724055843142E-004
 performing expansion, best =    5.1624722991747975E-004
 performing expansion, best =    5.1624716158423553E-004
 performing expansion, best =    5.1624715493654694E-004
 performing expansion, best =    5.1624710105048998E-004
 performing expansion, best =    5.1624693381518397E-004
 performing expansion, best =    5.1624693126340368E-004
 performing expansion, best =    5.1624687231869009E-004
 performing expansion, best =    5.1624675087244489E-004
 performing expansion, best =    5.1624669835849955E-004
 performing expansion, best =    5.1624667999168421E-004
 performing expansion, best =    5.1624656123284410E-004
 performing expansion, best =    5.1624648565940629E-004
 performing expansion, best =    5.1624634289265160E-004
 performing expansion, best =    5.1624620708198973E-004
 performing expansion, best =    5.1624620221493874E-004
 performing expansion, best =    5.1624612393279549E-004
 performing expansion, best =    5.1624598284759641E-004
 performing expansion, best =    5.1624588965828229E-004
 performing expansion, best =    5.1624588683455070E-004
 performing expansion, best =    5.1624586471509567E-004
 performing expansion, best =    5.1624583930999642E-004
 performing expansion, best =    5.1624582655319907E-004
 performing expansion, best =    5.1624581904215086E-004
 performing expansion, best =    5.1624580103045196E-004
 performing expansion, best =    5.1624578488437725E-004
 performing expansion, best =    5.1624577987657004E-004
 performing expansion, best =    5.1624575785903955E-004
 performing expansion, best =    5.1624575316017466E-004
 performing expansion, best =    5.1624575261063660E-004
 performing expansion, best =    5.1624573788732549E-004
 performing expansion, best =    5.1624572652191351E-004
 performing expansion, best =    5.1624572382236015E-004
 performing expansion, best =    5.1624571864633583E-004
 performing expansion, best =    5.1624571380786321E-004
 performing expansion, best =    5.1624571374498361E-004
 performing expansion, best =    5.1624569417959589E-004
 performing expansion, best =    5.1624569351146974E-004
 performing expansion, best =    5.1624569186267048E-004
 performing expansion, best =    5.1624567338748285E-004
 performing expansion, best =    5.1624565373744236E-004
 performing expansion, best =    5.1624564688615307E-004
 performing expansion, best =    5.1624562220623285E-004
 performing expansion, best =    5.1624561982766947E-004
 performing expansion, best =    5.1624561451640611E-004
 performing expansion, best =    5.1624561189811630E-004
 performing expansion, best =    5.1624561187619611E-004
 performing expansion, best =    5.1624560634025635E-004
 performing expansion, best =    5.1624559777763135E-004
 performing expansion, best =    5.1624559487027037E-004
 performing expansion, best =    5.1624559060352607E-004
 performing expansion, best =    5.1624558724543590E-004
 performing expansion, best =    5.1624558143855380E-004
 performing expansion, best =    5.1624557841614693E-004
 performing expansion, best =    5.1624557467317268E-004
 performing expansion, best =    5.1624557456303346E-004
 performing expansion, best =    5.1624556398801333E-004
 performing expansion, best =    5.1624554800355099E-004
 performing expansion, best =    5.1624554438584058E-004
 performing expansion, best =    5.1624552880355284E-004
 performing expansion, best =    5.1624552645520173E-004
 performing expansion, best =    5.1624551244241698E-004
 performing expansion, best =    5.1624549042594554E-004
 performing expansion, best =    5.1624546898853423E-004
 performing expansion, best =    5.1624546391829996E-004
 performing expansion, best =    5.1624543516970401E-004
 performing expansion, best =    5.1624539425683901E-004
 performing expansion, best =    5.1624539381780012E-004
 performing expansion, best =    5.1624535840647586E-004
 performing expansion, best =    5.1624535594379703E-004
 performing expansion, best =    5.1624532291425483E-004
 performing expansion, best =    5.1624528669630897E-004
 performing expansion, best =    5.1624528629854772E-004
 performing expansion, best =    5.1624526224112912E-004
 performing expansion, best =    5.1624522568515928E-004
 performing expansion, best =    5.1624517232455038E-004
 performing expansion, best =    5.1624516428772744E-004
 performing expansion, best =    5.1624516226823696E-004
 performing expansion, best =    5.1624512117804311E-004
 performing expansion, best =    5.1624506216944323E-004
 performing expansion, best =    5.1624499682691508E-004
 performing expansion, best =    5.1624494641140011E-004
 performing expansion, best =    5.1624493539429437E-004
 performing expansion, best =    5.1624492935616506E-004
 performing expansion, best =    5.1624488040517532E-004
 performing expansion, best =    5.1624487815485896E-004
 performing expansion, best =    5.1624485255314235E-004
 performing expansion, best =    5.1624484914924746E-004
 performing expansion, best =    5.1624484398126054E-004
 performing expansion, best =    5.1624483869504930E-004
 performing expansion, best =    5.1624479843244311E-004
 performing expansion, best =    5.1624479779710812E-004
 performing expansion, best =    5.1624479291065392E-004
 performing expansion, best =    5.1624478727877636E-004
 performing expansion, best =    5.1624478230734533E-004
 performing expansion, best =    5.1624477759269825E-004
 performing expansion, best =    5.1624477431532379E-004
 performing expansion, best =    5.1624476654284017E-004
 performing expansion, best =    5.1624476407436390E-004
 performing expansion, best =    5.1624473790945393E-004
 performing expansion, best =    5.1624471554497235E-004
 performing expansion, best =    5.1624470104639001E-004
 performing expansion, best =    5.1624469748172864E-004
 performing expansion, best =    5.1624469698798188E-004
 performing expansion, best =    5.1624468658534382E-004
 performing expansion, best =    5.1624466762162607E-004
 performing expansion, best =    5.1624466474040824E-004
 performing expansion, best =    5.1624465909120773E-004
 performing expansion, best =    5.1624464466713609E-004
 performing expansion, best =    5.1624463613525332E-004
 performing expansion, best =    5.1624461697761322E-004
 performing expansion, best =    5.1624460447993162E-004
 performing expansion, best =    5.1624460173922443E-004
 performing expansion, best =    5.1624459621206010E-004
 performing expansion, best =    5.1624459428762954E-004
 performing expansion, best =    5.1624459128792467E-004
 performing expansion, best =    5.1624458481132427E-004
 performing expansion, best =    5.1624457833419294E-004
 performing expansion, best =    5.1624457759758859E-004
 performing expansion, best =    5.1624457454332005E-004
 performing expansion, best =    5.1624456877141583E-004
 performing expansion, best =    5.1624456550764984E-004
 performing expansion, best =    5.1624455632058130E-004
 performing expansion, best =    5.1624455470413073E-004
 performing expansion, best =    5.1624455327452452E-004
 performing expansion, best =    5.1624455214452066E-004
 performing expansion, best =    5.1624455100658694E-004
 performing expansion, best =    5.1624454986426568E-004
 performing expansion, best =    5.1624454257401828E-004
 performing expansion, best =    5.1624453143542899E-004
 performing expansion, best =    5.1624452628434533E-004
 performing expansion, best =    5.1624451833097310E-004
 performing expansion, best =    5.1624451241355875E-004
 performing expansion, best =    5.1624451047454242E-004
 performing expansion, best =    5.1624450424603643E-004
 performing expansion, best =    5.1624449540080394E-004
 performing expansion, best =    5.1624449007042392E-004
 performing expansion, best =    5.1624448271393513E-004
 performing expansion, best =    5.1624447809159031E-004
 performing expansion, best =    5.1624447011874147E-004
 performing expansion, best =    5.1624446398630035E-004
 performing expansion, best =    5.1624446144804157E-004
 performing expansion, best =    5.1624445944403665E-004
 performing expansion, best =    5.1624445321820311E-004
 performing expansion, best =    5.1624445296890545E-004
 performing expansion, best =    5.1624445247613958E-004
 performing expansion, best =    5.1624444958268815E-004
 performing expansion, best =    5.1624444956397265E-004
 performing expansion, best =    5.1624444691261457E-004
 performing expansion, best =    5.1624444672923120E-004
 performing expansion, best =    5.1624444662584298E-004
 performing expansion, best =    5.1624444637524028E-004
 performing expansion, best =    5.1624444602722060E-004
 performing expansion, best =    5.1624444567683855E-004
 performing expansion, best =    5.1624444542125165E-004
 performing expansion, best =    5.1624444526917799E-004
 performing expansion, best =    5.1624444512559742E-004
 performing expansion, best =    5.1624444500396435E-004
 performing expansion, best =    5.1624444472996294E-004
 performing expansion, best =    5.1624444456438922E-004
 performing expansion, best =    5.1624444455972162E-004
 performing expansion, best =    5.1624444387906795E-004
 performing expansion, best =    5.1624444299598572E-004
 performing expansion, best =    5.1624444229944676E-004
 performing expansion, best =    5.1624444228995012E-004
 performing expansion, best =    5.1624444183906762E-004
 performing expansion, best =    5.1624444173885265E-004
 performing expansion, best =    5.1624444089866373E-004
 performing expansion, best =    5.1624444035662466E-004
 performing expansion, best =    5.1624443947761165E-004
 performing expansion, best =    5.1624443881289944E-004
 performing expansion, best =    5.1624443811967673E-004
 performing expansion, best =    5.1624443667230683E-004
 performing expansion, best =    5.1624443554275931E-004
 performing expansion, best =    5.1624443467166933E-004
 performing expansion, best =    5.1624443338316010E-004
 performing expansion, best =    5.1624443326579012E-004
 performing expansion, best =    5.1624443216074590E-004
 performing expansion, best =    5.1624443178330032E-004
 performing expansion, best =    5.1624443038272350E-004
 performing expansion, best =    5.1624442997853434E-004
 performing expansion, best =    5.1624442904272269E-004
 performing expansion, best =    5.1624442816667704E-004
 performing expansion, best =    5.1624442659121462E-004
 performing expansion, best =    5.1624442498867653E-004
 performing expansion, best =    5.1624442492502281E-004
 performing expansion, best =    5.1624442351349577E-004
 performing expansion, best =    5.1624442176935990E-004
 performing expansion, best =    5.1624442005913636E-004
 performing expansion, best =    5.1624441869889848E-004
 performing expansion, best =    5.1624441627708541E-004
 performing expansion, best =    5.1624441594129574E-004
 performing expansion, best =    5.1624441447926765E-004
 performing expansion, best =    5.1624441322804392E-004
 performing expansion, best =    5.1624441107596560E-004
 performing expansion, best =    5.1624441066176058E-004
 performing expansion, best =    5.1624440774263893E-004
 performing expansion, best =    5.1624440676885266E-004
 performing expansion, best =    5.1624440665108283E-004
 performing expansion, best =    5.1624440349003729E-004
 performing expansion, best =    5.1624440282430799E-004
 performing expansion, best =    5.1624440041548811E-004
 performing expansion, best =    5.1624440005177416E-004
 performing expansion, best =    5.1624439986020800E-004
 performing expansion, best =    5.1624439970867112E-004
 performing expansion, best =    5.1624439954810327E-004
 performing expansion, best =    5.1624439802053473E-004
 performing expansion, best =    5.1624439662213575E-004
 performing expansion, best =    5.1624439444082767E-004
 performing expansion, best =    5.1624439377069326E-004
 performing expansion, best =    5.1624439241093557E-004
 performing expansion, best =    5.1624439217534646E-004
 performing expansion, best =    5.1624439079995383E-004
 performing expansion, best =    5.1624439058731229E-004
 performing expansion, best =    5.1624438879800129E-004
 performing expansion, best =    5.1624438878823339E-004
 performing expansion, best =    5.1624438846572282E-004
 performing expansion, best =    5.1624438830575529E-004
 performing expansion, best =    5.1624438825445063E-004
 performing expansion, best =    5.1624438817007823E-004
 performing expansion, best =    5.1624438810688063E-004
 performing expansion, best =    5.1624438775878896E-004
 performing expansion, best =    5.1624438766246605E-004
 performing expansion, best =    5.1624438764569062E-004
Exiting simplex optimization after  2490 iterations
Solution after  refinement:      5.1624438765E-04
RMSE         5.162443876E-04 Hartree
NEW BEST!

Starting fitting procedure for 5 charges, trial 3
gen      0/10000      elitist  4.9408588E-03 feasible? T
gen    100/10000      elitist  1.4716870E-03 feasible? T
gen    200/10000      elitist  6.5448662E-04 feasible? T
gen    300/10000      elitist  5.4207327E-04 feasible? T
gen    400/10000      elitist  5.2591556E-04 feasible? T
gen    500/10000      elitist  5.1816757E-04 feasible? T
gen    600/10000      elitist  5.1713704E-04 feasible? T
gen    700/10000      elitist  5.1689606E-04 feasible? T
gen    800/10000      elitist  5.1682117E-04 feasible? T
gen    900/10000      elitist  5.1677583E-04 feasible? T
gen   1000/10000      elitist  5.1676282E-04 feasible? T
gen   1100/10000      elitist  5.1675896E-04 feasible? T
gen   1200/10000      elitist  5.1675406E-04 feasible? T
gen   1300/10000      elitist  5.1669815E-04 feasible? T
gen   1400/10000      elitist  5.1668538E-04 feasible? T
gen   1500/10000      elitist  5.1668245E-04 feasible? T
gen   1600/10000      elitist  5.1668181E-04 feasible? T
gen   1700/10000      elitist  5.1668137E-04 feasible? T
gen   1800/10000      elitist  5.1668093E-04 feasible? T
gen   1900/10000      elitist  5.1668088E-04 feasible? T
gen   2000/10000      elitist  5.1668082E-04 feasible? T
population converged towards a single solution after 2099 generations.
Starting local simplex optimization:
Solution before refinement:      5.1668080020E-04
 performing expansion, best =    5.1668077481194447E-004
 performing expansion, best =    5.1668074052486142E-004
 performing expansion, best =    5.1668073140917101E-004
 performing expansion, best =    5.1668072522077497E-004
 performing expansion, best =    5.1668072357125689E-004
 performing expansion, best =    5.1668072243679251E-004
 performing expansion, best =    5.1668071816616558E-004
 performing expansion, best =    5.1668071544514339E-004
 performing expansion, best =    5.1668071204611396E-004
 performing expansion, best =    5.1668070847206806E-004
 performing expansion, best =    5.1668070504900230E-004
 performing expansion, best =    5.1668069414472384E-004
 performing expansion, best =    5.1668069219770133E-004
 performing expansion, best =    5.1668069164199481E-004
 performing expansion, best =    5.1668068971443774E-004
 performing expansion, best =    5.1668068813246187E-004
 performing expansion, best =    5.1668068656404460E-004
 performing expansion, best =    5.1668068613415757E-004
 performing expansion, best =    5.1668068462008051E-004
 performing expansion, best =    5.1668068415564429E-004
 performing expansion, best =    5.1668068414144179E-004
 performing expansion, best =    5.1668068399565433E-004
 performing expansion, best =    5.1668068256040885E-004
 performing expansion, best =    5.1668068245533459E-004
 performing expansion, best =    5.1668068199450725E-004
 performing expansion, best =    5.1668068136059982E-004
 performing expansion, best =    5.1668068079309642E-004
 performing expansion, best =    5.1668067832349844E-004
 performing expansion, best =    5.1668067558217998E-004
 performing expansion, best =    5.1668067503558954E-004
 performing expansion, best =    5.1668067459519160E-004
 performing expansion, best =    5.1668067422784949E-004
 performing expansion, best =    5.1668067356905594E-004
 performing expansion, best =    5.1668067348316891E-004
 performing expansion, best =    5.1668067133136836E-004
 performing expansion, best =    5.1668067065827289E-004
 performing expansion, best =    5.1668066784371169E-004
 performing expansion, best =    5.1668066736265986E-004
 performing expansion, best =    5.1668066635960264E-004
 performing expansion, best =    5.1668066300918959E-004
 performing expansion, best =    5.1668065880310988E-004
 performing expansion, best =    5.1668065542437845E-004
 performing expansion, best =    5.1668065144308377E-004
 performing expansion, best =    5.1668064779438719E-004
 performing expansion, best =    5.1668064764882676E-004
 performing expansion, best =    5.1668064418367596E-004
 performing expansion, best =    5.1668063687693622E-004
 performing expansion, best =    5.1668062984516988E-004
 performing expansion, best =    5.1668062235316677E-004
 performing expansion, best =    5.1668061170872972E-004
 performing expansion, best =    5.1668060559461335E-004
 performing expansion, best =    5.1668059616002482E-004
 performing expansion, best =    5.1668059545055512E-004
 performing expansion, best =    5.1668059402429052E-004
 performing expansion, best =    5.1668058508618723E-004
 performing expansion, best =    5.1668057762528782E-004
 performing expansion, best =    5.1668056771157658E-004
 performing expansion, best =    5.1668055868850588E-004
 performing expansion, best =    5.1668054800125239E-004
 performing expansion, best =    5.1668053613391585E-004
 performing expansion, best =    5.1668052620558306E-004
 performing expansion, best =    5.1668051265778118E-004
 performing expansion, best =    5.1668049570206657E-004
 performing expansion, best =    5.1668048141821198E-004
 performing expansion, best =    5.1668047929551023E-004
 performing expansion, best =    5.1668047660108081E-004
 performing expansion, best =    5.1668047553894768E-004
 performing expansion, best =    5.1668046448045458E-004
 performing expansion, best =    5.1668046250345539E-004
 performing expansion, best =    5.1668045402077231E-004
 performing expansion, best =    5.1668045315807719E-004
 performing expansion, best =    5.1668044532994278E-004
 performing expansion, best =    5.1668044052199198E-004
 performing expansion, best =    5.1668043799983328E-004
 performing expansion, best =    5.1668043739859807E-004
 performing expansion, best =    5.1668043204749603E-004
 performing expansion, best =    5.1668042321427465E-004
 performing expansion, best =    5.1668041207433586E-004
 performing expansion, best =    5.1668040054052473E-004
 performing expansion, best =    5.1668039068599749E-004
 performing expansion, best =    5.1668038959945583E-004
 performing expansion, best =    5.1668037996985912E-004
 performing expansion, best =    5.1668036697198865E-004
 performing expansion, best =    5.1668035949588699E-004
 performing expansion, best =    5.1668035169454658E-004
 performing expansion, best =    5.1668034289227213E-004
 performing expansion, best =    5.1668032876023902E-004
 performing expansion, best =    5.1668031256501569E-004
 performing expansion, best =    5.1668030521446453E-004
 performing expansion, best =    5.1668029406241542E-004
 performing expansion, best =    5.1668029250668537E-004
 performing expansion, best =    5.1668028570149690E-004
 performing expansion, best =    5.1668028135370611E-004
 performing expansion, best =    5.1668027960673777E-004
 performing expansion, best =    5.1668027826565048E-004
 performing expansion, best =    5.1668026607204173E-004
 performing expansion, best =    5.1668025618208503E-004
 performing expansion, best =    5.1668025473049358E-004
 performing expansion, best =    5.1668025199681908E-004
 performing expansion, best =    5.1668025070143058E-004
 performing expansion, best =    5.1668025058078403E-004
 performing expansion, best =    5.1668024492379527E-004
 performing expansion, best =    5.1668024467775738E-004
 performing expansion, best =    5.1668023842300253E-004
 performing expansion, best =    5.1668023485346496E-004
 performing expansion, best =    5.1668022636591098E-004
 performing expansion, best =    5.1668022545115974E-004
 performing expansion, best =    5.1668021966194938E-004
 performing expansion, best =    5.1668021164859713E-004
 performing expansion, best =    5.1668019982991753E-004
 performing expansion, best =    5.1668019068664100E-004
 performing expansion, best =    5.1668018754423074E-004
 performing expansion, best =    5.1668017716423450E-004
 performing expansion, best =    5.1668016381601289E-004
 performing expansion, best =    5.1668015676416322E-004
 performing expansion, best =    5.1668015473324037E-004
 performing expansion, best =    5.1668014355852102E-004
 performing expansion, best =    5.1668014351926802E-004
 performing expansion, best =    5.1668013961473161E-004
 performing expansion, best =    5.1668013620101850E-004
 performing expansion, best =    5.1668013373742407E-004
 performing expansion, best =    5.1668012998981204E-004
 performing expansion, best =    5.1668012674186586E-004
 performing expansion, best =    5.1668012110145573E-004
 performing expansion, best =    5.1668011983113779E-004
 performing expansion, best =    5.1668011939789483E-004
 performing expansion, best =    5.1668011924871490E-004
 performing expansion, best =    5.1668011846780744E-004
 performing expansion, best =    5.1668011702444845E-004
 performing expansion, best =    5.1668011691879847E-004
 performing expansion, best =    5.1668011608379096E-004
 performing expansion, best =    5.1668011520752336E-004
 performing expansion, best =    5.1668011498377190E-004
 performing expansion, best =    5.1668011471338630E-004
 performing expansion, best =    5.1668011451182086E-004
 performing expansion, best =    5.1668011422389786E-004
 performing expansion, best =    5.1668011346956658E-004
 performing expansion, best =    5.1668011310989281E-004
 performing expansion, best =    5.1668011230650973E-004
 performing expansion, best =    5.1668011188594988E-004
 performing expansion, best =    5.1668011114506184E-004
 performing expansion, best =    5.1668011040594192E-004
 performing expansion, best =    5.1668010950238388E-004
 performing expansion, best =    5.1668010874986463E-004
 performing expansion, best =    5.1668010819191836E-004
 performing expansion, best =    5.1668010755596494E-004
 performing expansion, best =    5.1668010674124003E-004
 performing expansion, best =    5.1668010661277302E-004
 performing expansion, best =    5.1668010622446818E-004
 performing expansion, best =    5.1668010569793125E-004
 performing expansion, best =    5.1668010566764330E-004
 performing expansion, best =    5.1668010498539662E-004
 performing expansion, best =    5.1668010491013607E-004
 performing expansion, best =    5.1668010431952193E-004
 performing expansion, best =    5.1668010379135652E-004
 performing expansion, best =    5.1668010308933670E-004
 performing expansion, best =    5.1668010290058730E-004
 performing expansion, best =    5.1668010235726258E-004
 performing expansion, best =    5.1668010228023782E-004
 performing expansion, best =    5.1668010200368137E-004
 performing expansion, best =    5.1668010200048786E-004
 performing expansion, best =    5.1668010155044052E-004
 performing expansion, best =    5.1668010093166206E-004
 performing expansion, best =    5.1668010090899085E-004
 performing expansion, best =    5.1668010041166959E-004
 performing expansion, best =    5.1668010006531025E-004
 performing expansion, best =    5.1668009945106223E-004
 performing expansion, best =    5.1668009883153274E-004
 performing expansion, best =    5.1668009814618166E-004
 performing expansion, best =    5.1668009728140867E-004
 performing expansion, best =    5.1668009646150604E-004
 performing expansion, best =    5.1668009608591802E-004
 performing expansion, best =    5.1668009524778453E-004
 performing expansion, best =    5.1668009483755854E-004
 performing expansion, best =    5.1668009448355894E-004
Exiting simplex optimization after  1787 iterations
Solution after  refinement:      5.1668009448E-04
RMSE         5.166800945E-04 Hartree

Starting fitting procedure for 5 charges, trial 4
gen      0/10000      elitist  2.0985950E-03 feasible? T
gen    100/10000      elitist  8.8083734E-04 feasible? T
gen    200/10000      elitist  5.6213603E-04 feasible? T
gen    300/10000      elitist  4.2828453E-04 feasible? T
gen    400/10000      elitist  4.0736583E-04 feasible? T
gen    500/10000      elitist  4.0612641E-04 feasible? T
gen    600/10000      elitist  3.9648110E-04 feasible? T
gen    700/10000      elitist  3.9078660E-04 feasible? T
gen    800/10000      elitist  3.9033912E-04 feasible? T
gen    900/10000      elitist  3.9004161E-04 feasible? T
gen   1000/10000      elitist  3.8997502E-04 feasible? T
gen   1100/10000      elitist  3.8990962E-04 feasible? T
gen   1200/10000      elitist  3.8989654E-04 feasible? T
gen   1300/10000      elitist  3.8989405E-04 feasible? T
gen   1400/10000      elitist  3.8989385E-04 feasible? T
gen   1500/10000      elitist  3.8989380E-04 feasible? T
population converged towards a single solution after 1532 generations.
Starting local simplex optimization:
Solution before refinement:      3.8989379723E-04
 performing expansion, best =    3.8988815970792740E-004
 performing expansion, best =    3.8988660158231314E-004
 performing expansion, best =    3.8988493107627419E-004
 performing expansion, best =    3.8988481398869211E-004
 performing expansion, best =    3.8988476835640688E-004
 performing expansion, best =    3.8988386698661520E-004
 performing expansion, best =    3.8988384392968622E-004
 performing expansion, best =    3.8988375494629650E-004
 performing expansion, best =    3.8988356252190297E-004
 performing expansion, best =    3.8988352481727931E-004
 performing expansion, best =    3.8988340753207584E-004
 performing expansion, best =    3.8988337967013647E-004
 performing expansion, best =    3.8988337439743530E-004
 performing expansion, best =    3.8988330698724129E-004
 performing expansion, best =    3.8988323211961996E-004
 performing expansion, best =    3.8988322276969445E-004
 performing expansion, best =    3.8988316505855747E-004
 performing expansion, best =    3.8988305676619894E-004
 performing expansion, best =    3.8988301440449913E-004
 performing expansion, best =    3.8988291639579820E-004
 performing expansion, best =    3.8988257174169954E-004
 performing expansion, best =    3.8988230359444443E-004
 performing expansion, best =    3.8988202708048703E-004
 performing expansion, best =    3.8988172228085981E-004
 performing expansion, best =    3.8988169948187576E-004
 performing expansion, best =    3.8988161539730176E-004
 performing expansion, best =    3.8988155397271521E-004
 performing expansion, best =    3.8988146292986617E-004
 performing expansion, best =    3.8988146078767117E-004
 performing expansion, best =    3.8988144927876888E-004
 performing expansion, best =    3.8988142108992781E-004
 performing expansion, best =    3.8988140216384407E-004
 performing expansion, best =    3.8988123278879038E-004
 performing expansion, best =    3.8988121475429607E-004
 performing expansion, best =    3.8988105866454963E-004
 performing expansion, best =    3.8988089038837490E-004
 performing expansion, best =    3.8988067942134519E-004
 performing expansion, best =    3.8988035489496633E-004
 performing expansion, best =    3.8988006391735053E-004
 performing expansion, best =    3.8987967703280361E-004
 performing expansion, best =    3.8987925497702212E-004
 performing expansion, best =    3.8987875361840013E-004
 performing expansion, best =    3.8987832926462541E-004
 performing expansion, best =    3.8987775039894411E-004
 performing expansion, best =    3.8987718091691606E-004
 performing expansion, best =    3.8987623542560852E-004
 performing expansion, best =    3.8987553932748006E-004
 performing expansion, best =    3.8987480125015771E-004
 performing expansion, best =    3.8987475818571453E-004
 performing expansion, best =    3.8987462626092031E-004
 performing expansion, best =    3.8987444229369544E-004
 performing expansion, best =    3.8987443893677084E-004
 performing expansion, best =    3.8987441399167109E-004
 performing expansion, best =    3.8987411128950698E-004
 performing expansion, best =    3.8987314334760424E-004
 performing expansion, best =    3.8987312510197207E-004
 performing expansion, best =    3.8987308960732238E-004
 performing expansion, best =    3.8987301706803486E-004
 performing expansion, best =    3.8987300504326745E-004
 performing expansion, best =    3.8987286176568440E-004
 performing expansion, best =    3.8987284454805739E-004
 performing expansion, best =    3.8987255502656858E-004
 performing expansion, best =    3.8987247936656867E-004
 performing expansion, best =    3.8987228394915074E-004
 performing expansion, best =    3.8987227601260165E-004
 performing expansion, best =    3.8987220376524338E-004
 performing expansion, best =    3.8987217207786805E-004
 performing expansion, best =    3.8987202320420482E-004
 performing expansion, best =    3.8987201385714789E-004
 performing expansion, best =    3.8987198398522112E-004
 performing expansion, best =    3.8987195745373811E-004
 performing expansion, best =    3.8987182804472092E-004
 performing expansion, best =    3.8987177126770776E-004
 performing expansion, best =    3.8987176180183252E-004
 performing expansion, best =    3.8987163091994440E-004
 performing expansion, best =    3.8987154257505500E-004
 performing expansion, best =    3.8987148276433645E-004
 performing expansion, best =    3.8987147121745413E-004
 performing expansion, best =    3.8987145831847580E-004
 performing expansion, best =    3.8987140866786259E-004
 performing expansion, best =    3.8987134215546316E-004
 performing expansion, best =    3.8987127836284988E-004
 performing expansion, best =    3.8987126462928617E-004
 performing expansion, best =    3.8987126191969250E-004
 performing expansion, best =    3.8987120557427404E-004
 performing expansion, best =    3.8987110842409720E-004
 performing expansion, best =    3.8987107426425167E-004
 performing expansion, best =    3.8987105330461611E-004
 performing expansion, best =    3.8987098073191203E-004
 performing expansion, best =    3.8987089088714070E-004
 performing expansion, best =    3.8987076635796565E-004
 performing expansion, best =    3.8987060222948525E-004
 performing expansion, best =    3.8987050363726823E-004
 performing expansion, best =    3.8987049878601234E-004
 performing expansion, best =    3.8987046548384131E-004
 performing expansion, best =    3.8987034587672359E-004
 performing expansion, best =    3.8987030638821428E-004
 performing expansion, best =    3.8987011399459198E-004
 performing expansion, best =    3.8987010362247844E-004
 performing expansion, best =    3.8987007995723236E-004
 performing expansion, best =    3.8986993412006612E-004
 performing expansion, best =    3.8986990670486342E-004
 performing expansion, best =    3.8986990251494780E-004
 performing expansion, best =    3.8986975948200771E-004
 performing expansion, best =    3.8986970666763363E-004
 performing expansion, best =    3.8986970187509628E-004
 performing expansion, best =    3.8986963305934067E-004
 performing expansion, best =    3.8986962016854308E-004
 performing expansion, best =    3.8986959618235380E-004
 performing expansion, best =    3.8986958351041147E-004
 performing expansion, best =    3.8986956963230025E-004
 performing expansion, best =    3.8986955454916022E-004
 performing expansion, best =    3.8986950382089379E-004
 performing expansion, best =    3.8986947712296287E-004
 performing expansion, best =    3.8986936537256000E-004
 performing expansion, best =    3.8986929222810444E-004
 performing expansion, best =    3.8986927907870653E-004
 performing expansion, best =    3.8986926626889592E-004
 performing expansion, best =    3.8986917222693951E-004
 performing expansion, best =    3.8986914417555972E-004
 performing expansion, best =    3.8986904808066634E-004
 performing expansion, best =    3.8986894535041251E-004
 performing expansion, best =    3.8986884141511545E-004
 performing expansion, best =    3.8986873390699987E-004
 performing expansion, best =    3.8986862247332075E-004
 performing expansion, best =    3.8986861719486350E-004
 performing expansion, best =    3.8986861652583774E-004
 performing expansion, best =    3.8986853799009104E-004
 performing expansion, best =    3.8986840565922233E-004
 performing expansion, best =    3.8986825179057361E-004
 performing expansion, best =    3.8986809102316131E-004
 performing expansion, best =    3.8986794007532635E-004
 performing expansion, best =    3.8986791531205251E-004
 performing expansion, best =    3.8986787930530930E-004
 performing expansion, best =    3.8986785569914187E-004
 performing expansion, best =    3.8986783352098857E-004
 performing expansion, best =    3.8986782909120315E-004
 performing expansion, best =    3.8986779483006289E-004
 performing expansion, best =    3.8986777489911077E-004
 performing expansion, best =    3.8986776646750178E-004
 performing expansion, best =    3.8986769638244819E-004
 performing expansion, best =    3.8986768433743515E-004
 performing expansion, best =    3.8986768061234574E-004
 performing expansion, best =    3.8986759601571249E-004
 performing expansion, best =    3.8986745915954579E-004
 performing expansion, best =    3.8986734469767211E-004
 performing expansion, best =    3.8986722449205696E-004
 performing expansion, best =    3.8986708361516607E-004
 performing expansion, best =    3.8986698310745319E-004
 performing expansion, best =    3.8986687704524816E-004
 performing expansion, best =    3.8986686256090405E-004
 performing expansion, best =    3.8986683308182938E-004
 performing expansion, best =    3.8986676642440267E-004
 performing expansion, best =    3.8986670607049878E-004
 performing expansion, best =    3.8986666647816297E-004
 performing expansion, best =    3.8986657422275539E-004
 performing expansion, best =    3.8986655952739745E-004
 performing expansion, best =    3.8986654847175651E-004
 performing expansion, best =    3.8986653443125657E-004
 performing expansion, best =    3.8986651169861647E-004
 performing expansion, best =    3.8986650626026521E-004
 performing expansion, best =    3.8986644442598961E-004
 performing expansion, best =    3.8986638268787021E-004
 performing expansion, best =    3.8986631464246513E-004
 performing expansion, best =    3.8986624581920505E-004
 performing expansion, best =    3.8986619542676374E-004
 performing expansion, best =    3.8986614875696020E-004
 performing expansion, best =    3.8986604728151767E-004
 performing expansion, best =    3.8986594490594833E-004
 performing expansion, best =    3.8986591942366522E-004
 performing expansion, best =    3.8986582344721431E-004
 performing expansion, best =    3.8986578881082101E-004
 performing expansion, best =    3.8986578229466962E-004
 performing expansion, best =    3.8986577661964547E-004
 performing expansion, best =    3.8986571780060773E-004
 performing expansion, best =    3.8986567846557537E-004
 performing expansion, best =    3.8986559581717358E-004
 performing expansion, best =    3.8986552167937280E-004
 performing expansion, best =    3.8986542890970634E-004
 performing expansion, best =    3.8986536419330272E-004
 performing expansion, best =    3.8986525075558013E-004
 performing expansion, best =    3.8986523194408252E-004
 performing expansion, best =    3.8986522028915197E-004
 performing expansion, best =    3.8986508943993867E-004
 performing expansion, best =    3.8986489185430023E-004
 performing expansion, best =    3.8986472086094517E-004
 performing expansion, best =    3.8986450781947567E-004
 performing expansion, best =    3.8986421090907619E-004
 performing expansion, best =    3.8986392626896897E-004
 performing expansion, best =    3.8986357759004063E-004
 performing expansion, best =    3.8986353072728097E-004
 performing expansion, best =    3.8986311386628088E-004
 performing expansion, best =    3.8986265847441225E-004
 performing expansion, best =    3.8986262158003949E-004
 performing expansion, best =    3.8986206163753453E-004
 performing expansion, best =    3.8986155122177555E-004
 performing expansion, best =    3.8986093193325866E-004
 performing expansion, best =    3.8986031636163704E-004
 performing expansion, best =    3.8985946515941998E-004
 performing expansion, best =    3.8985859426511474E-004
 performing expansion, best =    3.8985760842025896E-004
 performing expansion, best =    3.8985649386574935E-004
 performing expansion, best =    3.8985539018777498E-004
 performing expansion, best =    3.8985423886815580E-004
 performing expansion, best =    3.8985321062938905E-004
 performing expansion, best =    3.8985215877008697E-004
 performing expansion, best =    3.8985104734559612E-004
 performing expansion, best =    3.8985017653998648E-004
 performing expansion, best =    3.8984921161132194E-004
 performing expansion, best =    3.8984901643799425E-004
 performing expansion, best =    3.8984893398419574E-004
 performing expansion, best =    3.8984886202850255E-004
 performing expansion, best =    3.8984870894055994E-004
 performing expansion, best =    3.8984870235224362E-004
 performing expansion, best =    3.8984864370905046E-004
 performing expansion, best =    3.8984860841972295E-004
 performing expansion, best =    3.8984849453000710E-004
 performing expansion, best =    3.8984818401254575E-004
 performing expansion, best =    3.8984800257169669E-004
 performing expansion, best =    3.8984782569324546E-004
 performing expansion, best =    3.8984780752206031E-004
 performing expansion, best =    3.8984767092524643E-004
 performing expansion, best =    3.8984760695695401E-004
 performing expansion, best =    3.8984734353192878E-004
 performing expansion, best =    3.8984688680291708E-004
 performing expansion, best =    3.8984673119555322E-004
 performing expansion, best =    3.8984666786462228E-004
 performing expansion, best =    3.8984636189208136E-004
 performing expansion, best =    3.8984582713128853E-004
 performing expansion, best =    3.8984559240605530E-004
 performing expansion, best =    3.8984539079928659E-004
 performing expansion, best =    3.8984534869923473E-004
 performing expansion, best =    3.8984504967872277E-004
 performing expansion, best =    3.8984452607038173E-004
 performing expansion, best =    3.8984423007030257E-004
 performing expansion, best =    3.8984370807220901E-004
 performing expansion, best =    3.8984328964516751E-004
 performing expansion, best =    3.8984321083982874E-004
 performing expansion, best =    3.8984276147846064E-004
 performing expansion, best =    3.8984224153197801E-004
 performing expansion, best =    3.8984223196902266E-004
 performing expansion, best =    3.8984222341874910E-004
 performing expansion, best =    3.8984222092365535E-004
 performing expansion, best =    3.8984221919372377E-004
 performing expansion, best =    3.8984221399907627E-004
 performing expansion, best =    3.8984220908043130E-004
 performing expansion, best =    3.8984220730772741E-004
 performing expansion, best =    3.8984220335032475E-004
 performing expansion, best =    3.8984219761030664E-004
 performing expansion, best =    3.8984219089488529E-004
 performing expansion, best =    3.8984218688698706E-004
 performing expansion, best =    3.8984217137283329E-004
 performing expansion, best =    3.8984215405566953E-004
 performing expansion, best =    3.8984213982814385E-004
 performing expansion, best =    3.8984212612754146E-004
 performing expansion, best =    3.8984209853822538E-004
 performing expansion, best =    3.8984207754357014E-004
 performing expansion, best =    3.8984206562663298E-004
 performing expansion, best =    3.8984205740437194E-004
 performing expansion, best =    3.8984203539859741E-004
 performing expansion, best =    3.8984200258356834E-004
 performing expansion, best =    3.8984195016979477E-004
 performing expansion, best =    3.8984192459867647E-004
 performing expansion, best =    3.8984186748598581E-004
 performing expansion, best =    3.8984180857001046E-004
 performing expansion, best =    3.8984180199704612E-004
 performing expansion, best =    3.8984179299603736E-004
 performing expansion, best =    3.8984177405560486E-004
 performing expansion, best =    3.8984174374737687E-004
 performing expansion, best =    3.8984172291268445E-004
 performing expansion, best =    3.8984170921540877E-004
 performing expansion, best =    3.8984170260353279E-004
 performing expansion, best =    3.8984169190138084E-004
 performing expansion, best =    3.8984168129015877E-004
 performing expansion, best =    3.8984167785062685E-004
 performing expansion, best =    3.8984167400167677E-004
 performing expansion, best =    3.8984166759051188E-004
 performing expansion, best =    3.8984166391548382E-004
 performing expansion, best =    3.8984165418218453E-004
 performing expansion, best =    3.8984165407299963E-004
 performing expansion, best =    3.8984164928319609E-004
 performing expansion, best =    3.8984164906600205E-004
 performing expansion, best =    3.8984164459492814E-004
 performing expansion, best =    3.8984163321736839E-004
 performing expansion, best =    3.8984163103122379E-004
 performing expansion, best =    3.8984162823277449E-004
 performing expansion, best =    3.8984162243897383E-004
 performing expansion, best =    3.8984161904770257E-004
 performing expansion, best =    3.8984161671698584E-004
 performing expansion, best =    3.8984161652002436E-004
 performing expansion, best =    3.8984161563712454E-004
 performing expansion, best =    3.8984161478885501E-004
 performing expansion, best =    3.8984161271866507E-004
 performing expansion, best =    3.8984161170355823E-004
 performing expansion, best =    3.8984161120205000E-004
 performing expansion, best =    3.8984161061372742E-004
 performing expansion, best =    3.8984161058187524E-004
 performing expansion, best =    3.8984161012277737E-004
 performing expansion, best =    3.8984160976223445E-004
 performing expansion, best =    3.8984160941693270E-004
 performing expansion, best =    3.8984160858842698E-004
 performing expansion, best =    3.8984160858830078E-004
 performing expansion, best =    3.8984160850443226E-004
 performing expansion, best =    3.8984160812203551E-004
 performing expansion, best =    3.8984160761887501E-004
 performing expansion, best =    3.8984160742612284E-004
 performing expansion, best =    3.8984160704276792E-004
 performing expansion, best =    3.8984160687500049E-004
 performing expansion, best =    3.8984160624636722E-004
 performing expansion, best =    3.8984160603049883E-004
 performing expansion, best =    3.8984160583402583E-004
 performing expansion, best =    3.8984160573635819E-004
 performing expansion, best =    3.8984160521185105E-004
 performing expansion, best =    3.8984160511293386E-004
 performing expansion, best =    3.8984160462843996E-004
 performing expansion, best =    3.8984160457453690E-004
 performing expansion, best =    3.8984160397669611E-004
 performing expansion, best =    3.8984160348287688E-004
 performing expansion, best =    3.8984160289990397E-004
 performing expansion, best =    3.8984160217349562E-004
 performing expansion, best =    3.8984160127563013E-004
 performing expansion, best =    3.8984160043833808E-004
 performing expansion, best =    3.8984159950705818E-004
 performing expansion, best =    3.8984159931624207E-004
 performing expansion, best =    3.8984159818515379E-004
 performing expansion, best =    3.8984159727830812E-004
 performing expansion, best =    3.8984159601441923E-004
 performing expansion, best =    3.8984159444304279E-004
 performing expansion, best =    3.8984159258868649E-004
 performing expansion, best =    3.8984159082059382E-004
 performing expansion, best =    3.8984158876018588E-004
 performing expansion, best =    3.8984158699614905E-004
 performing expansion, best =    3.8984158665754159E-004
 performing expansion, best =    3.8984158488597004E-004
 performing expansion, best =    3.8984158332555798E-004
 performing expansion, best =    3.8984158103957272E-004
 performing expansion, best =    3.8984157873180958E-004
 performing expansion, best =    3.8984157850884059E-004
 performing expansion, best =    3.8984157736904991E-004
 performing expansion, best =    3.8984157616899574E-004
 performing expansion, best =    3.8984157470328131E-004
 performing expansion, best =    3.8984157392402336E-004
 performing expansion, best =    3.8984157389239572E-004
 performing expansion, best =    3.8984157312057550E-004
 performing expansion, best =    3.8984157138774494E-004
 performing expansion, best =    3.8984156927227514E-004
 performing expansion, best =    3.8984156663595537E-004
 performing expansion, best =    3.8984156447954648E-004
 performing expansion, best =    3.8984156216772972E-004
 performing expansion, best =    3.8984155948927228E-004
 performing expansion, best =    3.8984155738249333E-004
 performing expansion, best =    3.8984155539774335E-004
 performing expansion, best =    3.8984155321346927E-004
 performing expansion, best =    3.8984155150965119E-004
 performing expansion, best =    3.8984154799945678E-004
 performing expansion, best =    3.8984154613338644E-004
 performing expansion, best =    3.8984154396138861E-004
 performing expansion, best =    3.8984153985687734E-004
 performing expansion, best =    3.8984153426309799E-004
 performing expansion, best =    3.8984152868264420E-004
 performing expansion, best =    3.8984152492016569E-004
 performing expansion, best =    3.8984151581464060E-004
 performing expansion, best =    3.8984150135397644E-004
 performing expansion, best =    3.8984149038568056E-004
 performing expansion, best =    3.8984148153387038E-004
 performing expansion, best =    3.8984147635842188E-004
 performing expansion, best =    3.8984146911901570E-004
 performing expansion, best =    3.8984145524234044E-004
 performing expansion, best =    3.8984143759003353E-004
 performing expansion, best =    3.8984141574521488E-004
 performing expansion, best =    3.8984139373644453E-004
 performing expansion, best =    3.8984137224633541E-004
 performing expansion, best =    3.8984134945229304E-004
 performing expansion, best =    3.8984131570628851E-004
 performing expansion, best =    3.8984126926350557E-004
 performing expansion, best =    3.8984121143794152E-004
 performing expansion, best =    3.8984116980355878E-004
 performing expansion, best =    3.8984114059648279E-004
 performing expansion, best =    3.8984109812456624E-004
 performing expansion, best =    3.8984104654817323E-004
 performing expansion, best =    3.8984099877249447E-004
 performing expansion, best =    3.8984096502961006E-004
 performing expansion, best =    3.8984091196004000E-004
 performing expansion, best =    3.8984087776066973E-004
 performing expansion, best =    3.8984082786456956E-004
 performing expansion, best =    3.8984080961004699E-004
 performing expansion, best =    3.8984075671832545E-004
 performing expansion, best =    3.8984063794655953E-004
 performing expansion, best =    3.8984056198481358E-004
 performing expansion, best =    3.8984049267536385E-004
 performing expansion, best =    3.8984042656332944E-004
 performing expansion, best =    3.8984034396314027E-004
 performing expansion, best =    3.8984033670154910E-004
 performing expansion, best =    3.8984029590308266E-004
 performing expansion, best =    3.8984028177809415E-004
 performing expansion, best =    3.8984027200222453E-004
 performing expansion, best =    3.8984024893213529E-004
 performing expansion, best =    3.8984022367529201E-004
 performing expansion, best =    3.8984020284583043E-004
 performing expansion, best =    3.8984019385627394E-004
 performing expansion, best =    3.8984019296950726E-004
 performing expansion, best =    3.8984018349812768E-004
 performing expansion, best =    3.8984017386217045E-004
 performing expansion, best =    3.8984017301098951E-004
 performing expansion, best =    3.8984016705697629E-004
 performing expansion, best =    3.8984016512611571E-004
 performing expansion, best =    3.8984016200076124E-004
 performing expansion, best =    3.8984015339208036E-004
 performing expansion, best =    3.8984015108951267E-004
 performing expansion, best =    3.8984015070363942E-004
 performing expansion, best =    3.8984014776150780E-004
 performing expansion, best =    3.8984014740531606E-004
 performing expansion, best =    3.8984014470906143E-004
 performing expansion, best =    3.8984014455177671E-004
 performing expansion, best =    3.8984014250697765E-004
 performing expansion, best =    3.8984014130543753E-004
 performing expansion, best =    3.8984013937412121E-004
 performing expansion, best =    3.8984013916803411E-004
 performing expansion, best =    3.8984013642684689E-004
 performing expansion, best =    3.8984013640972089E-004
 performing expansion, best =    3.8984013585615035E-004
 performing expansion, best =    3.8984013565086572E-004
 performing expansion, best =    3.8984013473227874E-004
 performing expansion, best =    3.8984013411813117E-004
 performing expansion, best =    3.8984013406284857E-004
 performing expansion, best =    3.8984013397947332E-004
Exiting simplex optimization after  3293 iterations
Solution after  refinement:      3.8984013398E-04
RMSE         3.898401340E-04 Hartree
NEW BEST!

Best found solution for 5 charges:
        RMSE         2.446281926E-01 kcal/mol
         MAE         1.427830417E-01 kcal/mol
     max. AE         2.346900774E+00 kcal/mol

       x[bohr]       y[bohr]       z[bohr]          q[e]
    -1.7720856    -1.7267122    -0.1481794    -0.7139178
    -1.6272317    -0.4313395    -0.0136902     0.9999993
    -0.5035244     0.5122610     0.1440928     0.9997967
    -1.3052911     0.7533224     0.5658258    -0.7032471
    -0.8742137     0.8020861    -0.6669253    -0.4859498

