Running in analysis mode

Reading "/home/boittier/pydcm/models/azide/ref/azide.chk.p.cube"...

  amide1.pdb Potential
  Electrostatic potential from Total SCF Density
    7   -9.437794   -6.672116   -6.512793
   98    0.187907    0.000000    0.000000
   74    0.000000    0.187907    0.000000
   70    0.000000    0.000000    0.187907
    6    6.000000   -2.925042    0.532862   -0.000041
    7    7.000000    3.386795    0.512788    0.000035
    7    7.000000   -0.735568   -1.188887    0.000007
    7    7.000000    1.356392   -0.181713   -0.000042
    1    1.000000   -4.604313   -0.652051   -0.000112
    1    1.000000   -2.949546    1.729574    1.687820
    1    1.000000   -2.949221    1.729984   -1.687456
  1.66901E-03  1.70304E-03  1.73778E-03  1.77323E-03  1.80938E-03  1.84620E-03
       .            .            .            .            .            .
       .            .            .            .            .            .
       .            .            .            .            .            .
 -3.41113E-03 -3.31226E-03 -3.21484E-03 -3.11903E-03 -3.02495E-03 -2.93273E-03

507640 out of 507640 gridpoints are considered (100.0%).

...done!

Reading "ditriantapole_expansion.cube"...

  Fitted ESP
  Electrostatic potential fitted from ditriantapole expansion.
    7   -9.437794   -6.672116   -6.512793
   98    0.187907    0.000000    0.000000
   74    0.000000    0.187907    0.000000
   70    0.000000    0.000000    0.187907
    6    6.000000   -2.925042    0.532862   -0.000041
    7    7.000000    3.386795    0.512788    0.000035
    7    7.000000   -0.735568   -1.188887    0.000007
    7    7.000000    1.356392   -0.181713   -0.000042
    1    1.000000   -4.604313   -0.652051   -0.000112
    1    1.000000   -2.949546    1.729574    1.687820
    1    1.000000   -2.949221    1.729984   -1.687456
  1.67897E-03  1.71274E-03  1.74719E-03  1.78231E-03  1.81810E-03  1.85452E-03
       .            .            .            .            .            .
       .            .            .            .            .            .
       .            .            .            .            .            .
 -3.44148E-03 -3.34131E-03 -3.24264E-03 -3.14561E-03 -3.05036E-03 -2.95700E-03

507640 out of 507640 gridpoints are considered (100.0%).

...done!

                       Measure       RMSE[kcal/mol/e]   MaxError[kcal/mol/e]   NPoints
                         Total        3.407901276E-01        3.106422875E+00    427681
Close (  1.20 < r <   1.66 )          7.290531335E-01        3.106422875E+00     89093
Mid-range ( 1.66 < r <  2.20)         1.045581423E-01        3.252381578E-01    162562
Far-range (  2.20         < r)        5.529515978E-02        1.992468066E-01    176026
Did analysis and wrote slice data
