Running in fitting mode

Reading "/home/boittier/pydcm/models/scn_/ref/scn.chk.p.cube"...

Running in fitting mode

Reading "/home/boittier/pydcm/models/scn_/ref/scn.chk.p.cube"...

  amide1.pdb Potential
  Electrostatic potential from Total SCF Density
    4   -8.992303   -8.733585   -8.571798
   87    0.226349    0.000000    0.000000
   77    0.000000    0.226349    0.000000
   77    0.000000    0.000000    0.226349
    6    6.000000   -1.322063    0.025539    0.000001
   16   16.000000    1.889972   -0.161787    0.000000
    1    1.000000    2.256337    2.365974    0.000000
    7    7.000000   -3.509073    0.009912    0.000000
Running in fitting mode

Reading "/home/boittier/pydcm/models/scn_/ref/scn.chk.p.cube"...

  amide1.pdb Potential
  Electrostatic potential from Total SCF Density
    4   -8.992303   -8.733585   -8.571798
   87    0.226349    0.000000    0.000000
   77    0.000000    0.226349    0.000000
   77    0.000000    0.000000    0.226349
Running in fitting mode

Reading "/home/boittier/pydcm/models/scn_/ref/scn.chk.p.cube"...

    6    6.000000   -1.322063    0.025539    0.000001
   16   16.000000    1.889972   -0.161787    0.000000
    1    1.000000    2.256337    2.365974    0.000000
    7    7.000000   -3.509073    0.009912    0.000000
  amide1.pdb Potential
  Electrostatic potential from Total SCF Density
    4   -8.992303   -8.733585   -8.571798
   87    0.226349    0.000000    0.000000
   77    0.000000    0.226349    0.000000
   77    0.000000    0.000000    0.226349
    6    6.000000   -1.322063    0.025539    0.000001
   16   16.000000    1.889972   -0.161787    0.000000
    1    1.000000    2.256337    2.365974    0.000000
    7    7.000000   -3.509073    0.009912    0.000000
  amide1.pdb Potential
  Electrostatic potential from Total SCF Density
    4   -8.992303   -8.733585   -8.571798
   87    0.226349    0.000000    0.000000
   77    0.000000    0.226349    0.000000
   77    0.000000    0.000000    0.226349
    6    6.000000   -1.322063    0.025539    0.000001
   16   16.000000    1.889972   -0.161787    0.000000
    1    1.000000    2.256337    2.365974    0.000000
    7    7.000000   -3.509073    0.009912    0.000000
 -2.46410E-03 -2.31638E-03 -2.19834E-03 -2.12425E-03 -2.13867E-03 -2.22533E-03
       .            .            .            .            .            .
       .            .            .            .            .            .
       .            .            .            .            .            .
  2.66324E-02  2.64332E-02  2.65913E-02  2.66343E-02  2.65612E-02  2.63736E-02

22155 out of 515823 gridpoints are considered (  4.3%).

...done!

 -2.46410E-03 -2.31638E-03 -2.19834E-03 -2.12425E-03 -2.13867E-03 -2.22533E-03
       .            .            .            .            .            .
       .            .            .            .            .            .
       .            .            .            .            .            .
  2.66324E-02  2.64332E-02  2.65913E-02  2.66343E-02  2.65612E-02  2.63736E-02

22155 out of 515823 gridpoints are considered (  4.3%).

...done!




USING GREEDY MODE



USING GREEDY MODE
 -2.46410E-03 -2.31638E-03 -2.19834E-03 -2.12425E-03 -2.13867E-03 -2.22533E-03
       .            .            .            .            .            .
       .            .            .            .            .            .
       .            .            .            .            .            .
  2.66324E-02  2.64332E-02  2.65913E-02  2.66343E-02  2.65612E-02  2.63736E-02

22155 out of 515823 gridpoints are considered (  4.3%).

...done!




USING GREEDY MODE
 -2.46410E-03 -2.31638E-03 -2.19834E-03 -2.12425E-03 -2.13867E-03 -2.22533E-03
       .            .            .            .            .            .
       .            .            .            .            .            .
       .            .            .            .            .            .
  2.66324E-02  2.64332E-02  2.65913E-02  2.66343E-02  2.65612E-02  2.63736E-02

22155 out of 515823 gridpoints are considered (  4.3%).

...done!




USING GREEDY MODE
Running DE in parallel with 16 thread(s)!

Running DE in parallel with 16 thread(s)!
Starting fitting procedure for multipole expansion of atom 3 with 1 charges, trial 1

Starting fitting procedure for multipole expansion of atom 3 with 1 charges, trial 1
Running DE in parallel with 16 thread(s)!

Starting fitting procedure for multipole expansion of atom 3 with 1 charges, trial 1
gen      0/2000      elitist  1.7996351E-03 feasible? T
Running DE in parallel with 16 thread(s)!

Starting fitting procedure for multipole expansion of atom 3 with 1 charges, trial 1
gen      0/2000      elitist  1.8528707E-03 feasible? T
gen      0/2000      elitist  1.8528707E-03 feasible? T
gen      0/2000      elitist  1.7996351E-03 feasible? T
population converged towards a single solution after 67 generations.
Starting local simplex optimization:
Solution before refinement:      1.7253344726E-03
Exiting simplex optimization after    58 iterations
Solution after  refinement:      1.7253344726E-03
RMSE         1.725334473E-03Hartree
NEW BEST!
population converged towards a single solution after 81 generations.
Starting local simplex optimization:
Solution before refinement:      1.7253344728E-03
Exiting simplex optimization after    53 iterations
Solution after  refinement:      1.7253344728E-03
RMSE         1.725334473E-03Hartree
NEW BEST!
population converged towards a single solution after 77 generations.
Starting local simplex optimization:
Solution before refinement:      1.7253344726E-03
population converged towards a single solution after 79 generations.
Starting local simplex optimization:
Solution before refinement:      1.7253344727E-03
Exiting simplex optimization after    54 iterations
Solution after  refinement:      1.7253344727E-03
RMSE         1.725334473E-03Hartree
NEW BEST!
Exiting simplex optimization after    57 iterations
Solution after  refinement:      1.7253344726E-03
RMSE         1.725334473E-03Hartree
NEW BEST!

Best found solution for 1 charges:
        RMSE         1.082662910E+00 kcal/mol
         MAE         8.321331868E-01 kcal/mol
     max. AE         4.512455394E+00 kcal/mol

       x[bohr]       y[bohr]       z[bohr]          q[e]
     2.0912411     1.9971564     0.0931260     0.1324599

Running DE in parallel with 16 thread(s)!

Starting fitting procedure for multipole expansion of atom 3 with 2 charges, trial 1
gen      0/4000      elitist  2.0179070E-03 feasible? T

Best found solution for 1 charges:
        RMSE         1.082662910E+00 kcal/mol
         MAE         8.321339123E-01 kcal/mol
     max. AE         4.512411655E+00 kcal/mol

       x[bohr]       y[bohr]       z[bohr]          q[e]
     2.0912455     1.9971549     0.0931288     0.1324599

Running DE in parallel with 16 thread(s)!

Starting fitting procedure for multipole expansion of atom 3 with 2 charges, trial 1
gen      0/4000      elitist  1.8975181E-03 feasible? T

Best found solution for 1 charges:
        RMSE         1.082662910E+00 kcal/mol
         MAE         8.321331363E-01 kcal/mol
     max. AE         4.512472536E+00 kcal/mol

       x[bohr]       y[bohr]       z[bohr]          q[e]
     2.0912415     1.9971595     0.0931251     0.1324599

Running DE in parallel with 16 thread(s)!

Starting fitting procedure for multipole expansion of atom 3 with 2 charges, trial 1
gen      0/4000      elitist  2.0179070E-03 feasible? T

Best found solution for 1 charges:
        RMSE         1.082662910E+00 kcal/mol
         MAE         8.321330454E-01 kcal/mol
     max. AE         4.512483915E+00 kcal/mol

       x[bohr]       y[bohr]       z[bohr]          q[e]
     2.0912405     1.9971620     0.0931252     0.1324599

Running DE in parallel with 16 thread(s)!

Starting fitting procedure for multipole expansion of atom 3 with 2 charges, trial 1
gen      0/4000      elitist  1.8975181E-03 feasible? T
gen    100/4000      elitist  1.4353186E-03 feasible? T
gen    100/4000      elitist  1.4429376E-03 feasible? T
gen    100/4000      elitist  1.4195134E-03 feasible? T
gen    100/4000      elitist  1.4204536E-03 feasible? T
gen    200/4000      elitist  1.4253032E-03 feasible? T
gen    200/4000      elitist  1.4072199E-03 feasible? T
gen    200/4000      elitist  1.4272897E-03 feasible? T
gen    200/4000      elitist  1.4063647E-03 feasible? T
gen    300/4000      elitist  1.4072199E-03 feasible? T
gen    300/4000      elitist  1.4118536E-03 feasible? T
gen    300/4000      elitist  1.4166799E-03 feasible? T
gen    300/4000      elitist  1.4057317E-03 feasible? T
gen    400/4000      elitist  1.4050709E-03 feasible? T
gen    400/4000      elitist  1.4058003E-03 feasible? T
gen    400/4000      elitist  1.4133335E-03 feasible? T
gen    400/4000      elitist  1.4056679E-03 feasible? T
gen    500/4000      elitist  1.4051174E-03 feasible? T
gen    500/4000      elitist  1.4076318E-03 feasible? T
gen    500/4000      elitist  1.4048061E-03 feasible? T
gen    500/4000      elitist  1.4048650E-03 feasible? T
gen    600/4000      elitist  1.4049162E-03 feasible? T
gen    600/4000      elitist  1.4047896E-03 feasible? T
gen    600/4000      elitist  1.4047909E-03 feasible? T
gen    600/4000      elitist  1.4050156E-03 feasible? T
gen    700/4000      elitist  1.4047955E-03 feasible? T
gen    700/4000      elitist  1.4047887E-03 feasible? T
gen    700/4000      elitist  1.4048083E-03 feasible? T
gen    700/4000      elitist  1.4047887E-03 feasible? T
gen    800/4000      elitist  1.4047887E-03 feasible? T
population converged towards a single solution after 790 generations.
Starting local simplex optimization:
Solution before refinement:      1.4047886779E-03
 performing expansion, best =    1.4047886774537909E-003
 performing expansion, best =    1.4047886773179109E-003
Exiting simplex optimization after   278 iterations
Solution after  refinement:      1.4047886773E-03
RMSE         1.404788677E-03Hartree
NEW BEST!
gen    800/4000      elitist  1.4047889E-03 feasible? T

Best found solution for 2 charges:
        RMSE         8.815175381E-01 kcal/mol
         MAE         6.604909297E-01 kcal/mol
     max. AE         3.886639040E+00 kcal/mol

       x[bohr]       y[bohr]       z[bohr]          q[e]
     2.3076746     3.1182905     0.0524860     0.0317270
     2.0495628     1.6461487     0.1023050     0.1007329

gen    800/4000      elitist  1.4047887E-03 feasible? T
gen    900/4000      elitist  1.4047887E-03 feasible? T
population converged towards a single solution after 809 generations.
Starting local simplex optimization:
Solution before refinement:      1.4047886779E-03
 performing expansion, best =    1.4047886778463786E-003
Exiting simplex optimization after   276 iterations
Solution after  refinement:      1.4047886778E-03
RMSE         1.404788678E-03Hartree
NEW BEST!
population converged towards a single solution after 917 generations.
Starting local simplex optimization:
Solution before refinement:      1.4047886804E-03

Best found solution for 2 charges:
        RMSE         8.815175384E-01 kcal/mol
         MAE         6.604910888E-01 kcal/mol
     max. AE         3.886637879E+00 kcal/mol

       x[bohr]       y[bohr]       z[bohr]          q[e]
     2.3076371     3.1182927     0.0524907     0.0317270
     2.0495774     1.6461441     0.1023026     0.1007329

 performing expansion, best =    1.4047886799539594E-003
 performing expansion, best =    1.4047886792015573E-003
 performing expansion, best =    1.4047886791773187E-003
 performing expansion, best =    1.4047886787882753E-003
 performing expansion, best =    1.4047886783641191E-003
Exiting simplex optimization after   282 iterations
Solution after  refinement:      1.4047886784E-03
RMSE         1.404788678E-03Hartree
NEW BEST!

Best found solution for 2 charges:
        RMSE         8.815175388E-01 kcal/mol
         MAE         6.604931520E-01 kcal/mol
     max. AE         3.886534183E+00 kcal/mol

       x[bohr]       y[bohr]       z[bohr]          q[e]
     2.3076646     3.1182902     0.0524989     0.0317269
     2.0495718     1.6461476     0.1023155     0.1007330

gen    900/4000      elitist  1.4047887E-03 feasible? T
population converged towards a single solution after 950 generations.
Starting local simplex optimization:
Solution before refinement:      1.4047886778E-03
 performing expansion, best =    1.4047886776870156E-003
 performing expansion, best =    1.4047886774895724E-003
Exiting simplex optimization after   275 iterations
Solution after  refinement:      1.4047886775E-03
RMSE         1.404788677E-03Hartree
NEW BEST!

Best found solution for 2 charges:
        RMSE         8.815175382E-01 kcal/mol
         MAE         6.604917831E-01 kcal/mol
     max. AE         3.886600225E+00 kcal/mol

       x[bohr]       y[bohr]       z[bohr]          q[e]
     2.0495581     1.6461505     0.1023082     0.1007333
     2.3076801     3.1182895     0.0524941     0.0317266

