Running in fitting mode

Running in fitting mode

Reading "/home/boittier/pydcm/models/scn_/ref/scn.chk.p.cube"...

Reading "/home/boittier/pydcm/models/scn_/ref/scn.chk.p.cube"...

Running in fitting mode

Reading "/home/boittier/pydcm/models/scn_/ref/scn.chk.p.cube"...

Running in fitting mode

Reading "/home/boittier/pydcm/models/scn_/ref/scn.chk.p.cube"...

  amide1.pdb Potential
  Electrostatic potential from Total SCF Density
  amide1.pdb Potential
  Electrostatic potential from Total SCF Density
  amide1.pdb Potential
  Electrostatic potential from Total SCF Density
  amide1.pdb Potential
  Electrostatic potential from Total SCF Density
    4   -8.992303   -8.733585   -8.571798
    4   -8.992303   -8.733585   -8.571798
   87    0.226349    0.000000    0.000000
   77    0.000000    0.226349    0.000000
   77    0.000000    0.000000    0.226349
    4   -8.992303   -8.733585   -8.571798
   87    0.226349    0.000000    0.000000
   77    0.000000    0.226349    0.000000
    4   -8.992303   -8.733585   -8.571798
   87    0.226349    0.000000    0.000000
   77    0.000000    0.226349    0.000000
   77    0.000000    0.000000    0.226349
   87    0.226349    0.000000    0.000000
   77    0.000000    0.226349    0.000000
   77    0.000000    0.000000    0.226349
   77    0.000000    0.000000    0.226349
    6    6.000000   -1.322063    0.025539    0.000001
    6    6.000000   -1.322063    0.025539    0.000001
    6    6.000000   -1.322063    0.025539    0.000001
   16   16.000000    1.889972   -0.161787    0.000000
    1    1.000000    2.256337    2.365974    0.000000
   16   16.000000    1.889972   -0.161787    0.000000
    1    1.000000    2.256337    2.365974    0.000000
    6    6.000000   -1.322063    0.025539    0.000001
   16   16.000000    1.889972   -0.161787    0.000000
    1    1.000000    2.256337    2.365974    0.000000
   16   16.000000    1.889972   -0.161787    0.000000
    1    1.000000    2.256337    2.365974    0.000000
    7    7.000000   -3.509073    0.009912    0.000000
    7    7.000000   -3.509073    0.009912    0.000000
    7    7.000000   -3.509073    0.009912    0.000000
    7    7.000000   -3.509073    0.009912    0.000000
 -3.50426E-02 -3.52469E-02 -2.87434E-02 -2.92883E-02 -2.97099E-02 -3.00063E-02
       .            .            .            .            .            .
       .            .            .            .            .            .
       .            .            .            .            .            .
  1.41168E-02  1.43967E-02  1.44505E-02  1.44650E-02  1.44402E-02  1.43764E-02

 -3.50426E-02 -3.52469E-02 -2.87434E-02 -2.92883E-02 -2.97099E-02 -3.00063E-02
       .            .            .            .            .            .
       .            .            .            .            .            .
       .            .            .            .            .            .
  1.41168E-02  1.43967E-02  1.44505E-02  1.44650E-02  1.44402E-02  1.43764E-02

111023 out of 515823 gridpoints are considered ( 21.5%).

...done!




USING GREEDY MODE
111023 out of 515823 gridpoints are considered ( 21.5%).

...done!




USING GREEDY MODE
 -3.50426E-02 -3.52469E-02 -2.87434E-02 -2.92883E-02 -2.97099E-02 -3.00063E-02
       .            .            .            .            .            .
       .            .            .            .            .            .
       .            .            .            .            .            .
  1.41168E-02  1.43967E-02  1.44505E-02  1.44650E-02  1.44402E-02  1.43764E-02

111023 out of 515823 gridpoints are considered ( 21.5%).

...done!




USING GREEDY MODE
 -3.50426E-02 -3.52469E-02 -2.87434E-02 -2.92883E-02 -2.97099E-02 -3.00063E-02
       .            .            .            .            .            .
       .            .            .            .            .            .
       .            .            .            .            .            .
  1.41168E-02  1.43967E-02  1.44505E-02  1.44650E-02  1.44402E-02  1.43764E-02

111023 out of 515823 gridpoints are considered ( 21.5%).

...done!




USING GREEDY MODE
Running DE in parallel with 16 thread(s)!

Starting fitting procedure for multipole expansion of atom 2 with 1 charges, trial 1
Running DE in parallel with 16 thread(s)!

Starting fitting procedure for multipole expansion of atom 2 with 1 charges, trial 1
Running DE in parallel with 16 thread(s)!

Starting fitting procedure for multipole expansion of atom 2 with 1 charges, trial 1
gen      0/2000      elitist  6.8021513E-03 feasible? T
Running DE in parallel with 16 thread(s)!

Starting fitting procedure for multipole expansion of atom 2 with 1 charges, trial 1
gen      0/2000      elitist  6.8021513E-03 feasible? T
gen      0/2000      elitist  6.8021513E-03 feasible? T
gen      0/2000      elitist  6.8021513E-03 feasible? T
gen    100/2000      elitist  6.3111260E-03 feasible? T
gen    100/2000      elitist  6.3043535E-03 feasible? T
gen    100/2000      elitist  6.3199565E-03 feasible? T
gen    100/2000      elitist  6.2907243E-03 feasible? T
gen    200/2000      elitist  6.2910099E-03 feasible? T
gen    200/2000      elitist  6.3111260E-03 feasible? T
gen    200/2000      elitist  6.3103275E-03 feasible? T
gen    200/2000      elitist  6.2907243E-03 feasible? T
gen    300/2000      elitist  6.2867562E-03 feasible? T
gen    300/2000      elitist  6.2919849E-03 feasible? T
gen    300/2000      elitist  6.2892903E-03 feasible? T
gen    300/2000      elitist  6.2878509E-03 feasible? T
gen    400/2000      elitist  6.2825495E-03 feasible? T
gen    400/2000      elitist  6.2824976E-03 feasible? T
gen    400/2000      elitist  6.2825447E-03 feasible? T
gen    400/2000      elitist  6.2825177E-03 feasible? T
population converged towards a single solution after 488 generations.
Starting local simplex optimization:
Solution before refinement:      6.2824938300E-03
Exiting simplex optimization after   107 iterations
Solution after  refinement:      6.2824938300E-03
RMSE         6.282493830E-03Hartree
NEW BEST!
population converged towards a single solution after 500 generations.
Starting local simplex optimization:
Solution before refinement:      6.2824938300E-03

Best found solution for 1 charges:
        RMSE         3.942321421E+00 kcal/mol
         MAE         3.114524819E+00 kcal/mol
     max. AE         1.957655138E+01 kcal/mol

       x[bohr]       y[bohr]       z[bohr]          q[e]
     1.2702006     0.7874135    -0.0220278     0.1012190

Running DE in parallel with 16 thread(s)!

Starting fitting procedure for multipole expansion of atom 2 with 2 charges, trial 1
gen      0/4000      elitist  6.1443406E-03 feasible? T
Exiting simplex optimization after   106 iterations
Solution after  refinement:      6.2824938300E-03
RMSE         6.282493830E-03Hartree
NEW BEST!
population converged towards a single solution after 486 generations.
Starting local simplex optimization:
Solution before refinement:      6.2824938301E-03
gen    500/2000      elitist  6.2824938E-03 feasible? T

Best found solution for 1 charges:
        RMSE         3.942321421E+00 kcal/mol
         MAE         3.114524985E+00 kcal/mol
     max. AE         1.957655832E+01 kcal/mol

       x[bohr]       y[bohr]       z[bohr]          q[e]
     1.2701917     0.7874077    -0.0220252     0.1012190

Running DE in parallel with 16 thread(s)!

Starting fitting procedure for multipole expansion of atom 2 with 2 charges, trial 1
gen      0/4000      elitist  6.1443406E-03 feasible? T
Exiting simplex optimization after   107 iterations
Solution after  refinement:      6.2824938301E-03
RMSE         6.282493830E-03Hartree
NEW BEST!

Best found solution for 1 charges:
        RMSE         3.942321421E+00 kcal/mol
         MAE         3.114524897E+00 kcal/mol
     max. AE         1.957651789E+01 kcal/mol

       x[bohr]       y[bohr]       z[bohr]          q[e]
     1.2701989     0.7874121    -0.0220411     0.1012190

Running DE in parallel with 16 thread(s)!

Starting fitting procedure for multipole expansion of atom 2 with 2 charges, trial 1
gen      0/4000      elitist  6.1443406E-03 feasible? T
population converged towards a single solution after 513 generations.
Starting local simplex optimization:
Solution before refinement:      6.2824938308E-03
Exiting simplex optimization after   105 iterations
Solution after  refinement:      6.2824938308E-03
RMSE         6.282493831E-03Hartree
NEW BEST!

Best found solution for 1 charges:
        RMSE         3.942321421E+00 kcal/mol
         MAE         3.114524367E+00 kcal/mol
     max. AE         1.957660080E+01 kcal/mol

       x[bohr]       y[bohr]       z[bohr]          q[e]
     1.2702201     0.7874266    -0.0220080     0.1012190

Running DE in parallel with 16 thread(s)!

Starting fitting procedure for multipole expansion of atom 2 with 2 charges, trial 1
gen      0/4000      elitist  6.1443406E-03 feasible? T
gen    100/4000      elitist  4.6895149E-03 feasible? T
gen    100/4000      elitist  4.6660658E-03 feasible? T
gen    100/4000      elitist  4.6843608E-03 feasible? T
gen    100/4000      elitist  4.6446762E-03 feasible? T
gen    200/4000      elitist  4.6743455E-03 feasible? T
gen    200/4000      elitist  4.6309093E-03 feasible? T
gen    200/4000      elitist  4.6743426E-03 feasible? T
gen    200/4000      elitist  4.6310747E-03 feasible? T
