Running in fitting mode

Reading "/home/boittier/pydcm/models/fbutadiene-9/ref/B.p.cube"...

  B.pdb Potential
  Electrostatic potential from Total SCF Density
   10   -8.963761   -6.906993   -7.147215
  116    0.166667    0.000000    0.000000
   94    0.000000    0.166667    0.000000
   89    0.000000    0.000000    0.166667
    6    6.000000   -2.451009    2.070219   -0.093423
    6    6.000000   -0.935804    0.091752    0.132037
    6    6.000000    1.735923    0.020368    0.947527
    6    6.000000    3.679089    0.227463   -0.634462
    1    1.000000   -4.413669    1.842751   -0.622655
    1    1.000000   -1.720742    3.950739    0.226720
    9    9.000000   -1.900428   -2.280943   -0.227446
    1    1.000000    2.057303   -0.375645    2.939019
    1    1.000000    3.399753    0.560525   -2.637548
    1    1.000000    5.612014    0.091306    0.031400
 -1.12724E-03 -1.17303E-03 -1.23131E-03 -1.30147E-03 -1.38262E-03 -1.47367E-03
       .            .            .            .            .            .
       .            .            .            .            .            .
       .            .            .            .            .            .
 -4.88287E-03 -4.94921E-03 -3.09735E-03 -3.44709E-03 -3.74711E-03 -3.98949E-03

198432 out of 970456 gridpoints are considered ( 20.4%).

...done!




USING GREEDY MODE
File "multipole5_1charges.xyz" already exists. Fitting procedure is skipped.
File "multipole5_2charges.xyz" already exists. Fitting procedure is skipped.
File "multipole5_3charges.xyz" already exists. Fitting procedure is skipped.
File "multipole5_4charges.xyz" already exists. Fitting procedure is skipped.
File "multipole1_1charges.xyz" already exists. Fitting procedure is skipped.
File "multipole1_2charges.xyz" already exists. Fitting procedure is skipped.
File "multipole1_3charges.xyz" already exists. Fitting procedure is skipped.
File "multipole1_4charges.xyz" already exists. Fitting procedure is skipped.
File "multipole6_1charges.xyz" already exists. Fitting procedure is skipped.
File "multipole6_2charges.xyz" already exists. Fitting procedure is skipped.
File "multipole6_3charges.xyz" already exists. Fitting procedure is skipped.
File "multipole6_4charges.xyz" already exists. Fitting procedure is skipped.
Fragment fit detected
Fitting to MTP grid, discarding reference MEP cube data
Subsequent stats etc. are compared to MTP data, not the
MEP from the reference cube file
Total fragment charge (a.u.):        -1.311412012E-01
Running DE in parallel with 1 thread(s)!

Starting fitting procedure for 3 charges, trial 1
gen      0/6000      elitist  5.3439954E-03 feasible? T
gen    100/6000      elitist  1.3790282E-03 feasible? T
gen    200/6000      elitist  1.1077753E-03 feasible? T
gen    300/6000      elitist  6.3723559E-04 feasible? T
gen    400/6000      elitist  6.2210198E-04 feasible? T
gen    500/6000      elitist  6.1992525E-04 feasible? T
gen    600/6000      elitist  6.1851152E-04 feasible? T
gen    700/6000      elitist  6.1839436E-04 feasible? T
gen    800/6000      elitist  6.1837472E-04 feasible? T
gen    900/6000      elitist  6.1837318E-04 feasible? T
gen   1000/6000      elitist  6.1837289E-04 feasible? T
population converged towards a single solution after 1035 generations.
Starting local simplex optimization:
Solution before refinement:      6.1837288767E-04
 performing expansion, best =    6.1837288743207873E-004
 performing expansion, best =    6.1837288665664433E-004
Exiting simplex optimization after   492 iterations
Solution after  refinement:      6.1837288666E-04
RMSE         6.183728867E-04 Hartree
NEW BEST!

Starting fitting procedure for 3 charges, trial 2
gen      0/6000      elitist  4.7801739E-03 feasible? T
gen    100/6000      elitist  1.0748001E-03 feasible? T
gen    200/6000      elitist  6.5146005E-04 feasible? T
gen    300/6000      elitist  6.1897092E-04 feasible? T
gen    400/6000      elitist  6.1842380E-04 feasible? T
gen    500/6000      elitist  6.1837842E-04 feasible? T
gen    600/6000      elitist  6.1837317E-04 feasible? T
gen    700/6000      elitist  6.1837290E-04 feasible? T
population converged towards a single solution after 798 generations.
Starting local simplex optimization:
Solution before refinement:      6.1837288510E-04
 performing expansion, best =    6.1837288465623321E-004
 performing expansion, best =    6.1837288417890626E-004
 performing expansion, best =    6.1837288375381162E-004
 performing expansion, best =    6.1837288371766953E-004
Exiting simplex optimization after   431 iterations
Solution after  refinement:      6.1837288372E-04
RMSE         6.183728837E-04 Hartree
NEW BEST!

Starting fitting procedure for 3 charges, trial 3
gen      0/6000      elitist  8.5725455E-03 feasible? T
gen    100/6000      elitist  8.2364239E-04 feasible? T
gen    200/6000      elitist  4.1679300E-04 feasible? T
gen    300/6000      elitist  3.9644634E-04 feasible? T
gen    400/6000      elitist  3.9604906E-04 feasible? T
gen    500/6000      elitist  3.9604470E-04 feasible? T
population converged towards a single solution after 563 generations.
Starting local simplex optimization:
Solution before refinement:      3.9604469242E-04
Exiting simplex optimization after   281 iterations
Solution after  refinement:      3.9604469242E-04
RMSE         3.960446924E-04 Hartree
NEW BEST!

Starting fitting procedure for 3 charges, trial 4
gen      0/6000      elitist  6.8711723E-03 feasible? T
gen    100/6000      elitist  1.3523117E-03 feasible? T
gen    200/6000      elitist  7.1044689E-04 feasible? T
gen    300/6000      elitist  6.2116386E-04 feasible? T
gen    400/6000      elitist  6.1845363E-04 feasible? T
gen    500/6000      elitist  6.1837674E-04 feasible? T
gen    600/6000      elitist  6.1837310E-04 feasible? T
gen    700/6000      elitist  6.1837289E-04 feasible? T
population converged towards a single solution after 727 generations.
Starting local simplex optimization:
Solution before refinement:      6.1837288512E-04
 performing expansion, best =    6.1837288503579363E-004
 performing expansion, best =    6.1837288490946326E-004
 performing expansion, best =    6.1837288474410053E-004
 performing expansion, best =    6.1837288457262289E-004
Exiting simplex optimization after    67 iterations
Solution after  refinement:      6.1837288457E-04
RMSE         6.183728846E-04 Hartree

Best found solution for 3 charges:
        RMSE         3.880345504E-01 kcal/mol
         MAE         1.571639418E-01 kcal/mol
     max. AE         2.279723778E+00 kcal/mol

       x[bohr]       y[bohr]       z[bohr]          q[e]
    -4.2235203     1.7496572    -0.6029358     0.2387512
    -2.2596195     1.8873918    -0.0656643    -0.6493069
    -1.6757111     3.6278297     0.2478773     0.2794145

