Running in fitting mode

Reading "/home/boittier/pydcm/models/fbutadiene-9/ref/B.p.cube"...

  B.pdb Potential
  Electrostatic potential from Total SCF Density
   10   -8.963761   -6.906993   -7.147215
  116    0.166667    0.000000    0.000000
   94    0.000000    0.166667    0.000000
   89    0.000000    0.000000    0.166667
    6    6.000000   -2.451009    2.070219   -0.093423
    6    6.000000   -0.935804    0.091752    0.132037
    6    6.000000    1.735923    0.020368    0.947527
    6    6.000000    3.679089    0.227463   -0.634462
    1    1.000000   -4.413669    1.842751   -0.622655
    1    1.000000   -1.720742    3.950739    0.226720
    9    9.000000   -1.900428   -2.280943   -0.227446
    1    1.000000    2.057303   -0.375645    2.939019
    1    1.000000    3.399753    0.560525   -2.637548
    1    1.000000    5.612014    0.091306    0.031400
 -3.30349E-03 -4.47345E-03 -5.56847E-03 -6.56728E-03 -2.10601E-03 -3.53963E-03
       .            .            .            .            .            .
       .            .            .            .            .            .
       .            .            .            .            .            .
  1.71549E-02  1.69428E-02  1.66482E-02  1.62826E-02  1.58587E-02  1.53898E-02

178096 out of 970456 gridpoints are considered ( 18.4%).

...done!




USING GREEDY MODE
File "multipole3_1charges.xyz" already exists. Fitting procedure is skipped.
File "multipole3_2charges.xyz" already exists. Fitting procedure is skipped.
File "multipole3_3charges.xyz" already exists. Fitting procedure is skipped.
File "multipole3_4charges.xyz" already exists. Fitting procedure is skipped.
File "multipole8_1charges.xyz" already exists. Fitting procedure is skipped.
File "multipole8_2charges.xyz" already exists. Fitting procedure is skipped.
File "multipole8_3charges.xyz" already exists. Fitting procedure is skipped.
File "multipole8_4charges.xyz" already exists. Fitting procedure is skipped.
Fragment fit detected
Fitting to MTP grid, discarding reference MEP cube data
Subsequent stats etc. are compared to MTP data, not the
MEP from the reference cube file
Total fragment charge (a.u.):         7.550031525E-03
Running DE in parallel with 1 thread(s)!

Starting fitting procedure for 2 charges, trial 1
gen      0/4000      elitist  3.5036049E-03 feasible? T
gen    100/4000      elitist  2.8900841E-03 feasible? T
gen    200/4000      elitist  2.8900748E-03 feasible? T
population converged towards a single solution after 242 generations.
Starting local simplex optimization:
Solution before refinement:      2.8900747890E-03
 performing expansion, best =    2.8900747889903751E-003
 performing expansion, best =    2.8900747887295936E-003
Exiting simplex optimization after   186 iterations
Solution after  refinement:      2.8900747887E-03
RMSE         2.890074789E-03 Hartree
NEW BEST!

Starting fitting procedure for 2 charges, trial 2
gen      0/4000      elitist  3.0752536E-03 feasible? T
gen    100/4000      elitist  2.8908789E-03 feasible? T
gen    200/4000      elitist  2.8900754E-03 feasible? T
gen    300/4000      elitist  2.8900748E-03 feasible? T
population converged towards a single solution after 321 generations.
Starting local simplex optimization:
Solution before refinement:      2.8900747873E-03
Exiting simplex optimization after   172 iterations
Solution after  refinement:      2.8900747873E-03
RMSE         2.890074787E-03 Hartree
NEW BEST!

Starting fitting procedure for 2 charges, trial 3
gen      0/4000      elitist  3.0979269E-03 feasible? T
gen    100/4000      elitist  2.8902003E-03 feasible? T
gen    200/4000      elitist  2.8900749E-03 feasible? T
population converged towards a single solution after 263 generations.
Starting local simplex optimization:
Solution before refinement:      2.8900747882E-03
 performing expansion, best =    2.8900747875222135E-003
Exiting simplex optimization after   183 iterations
Solution after  refinement:      2.8900747875E-03
RMSE         2.890074788E-03 Hartree

Starting fitting procedure for 2 charges, trial 4
gen      0/4000      elitist  3.4247649E-03 feasible? T
gen    100/4000      elitist  2.8901541E-03 feasible? T
gen    200/4000      elitist  2.8900748E-03 feasible? T
population converged towards a single solution after 245 generations.
Starting local simplex optimization:
Solution before refinement:      2.8900747875E-03
 performing expansion, best =    2.8900747873897158E-003
Exiting simplex optimization after   180 iterations
Solution after  refinement:      2.8900747874E-03
RMSE         2.890074787E-03 Hartree

Best found solution for 2 charges:
        RMSE         1.813547940E+00 kcal/mol
         MAE         1.385136401E+00 kcal/mol
     max. AE         8.621489348E+00 kcal/mol

       x[bohr]       y[bohr]       z[bohr]          q[e]
     2.2822317     0.2510335     0.0558720    -0.4185654
     1.0544291     0.0296155     0.6698687     0.4261154

