Running in fitting mode

Reading "/home/boittier/pydcm/models/fbutadiene-9/ref/B.p.cube"...

  B.pdb Potential
  Electrostatic potential from Total SCF Density
   10   -8.963761   -6.906993   -7.147215
  116    0.166667    0.000000    0.000000
   94    0.000000    0.166667    0.000000
   89    0.000000    0.000000    0.166667
    6    6.000000   -2.451009    2.070219   -0.093423
    6    6.000000   -0.935804    0.091752    0.132037
    6    6.000000    1.735923    0.020368    0.947527
    6    6.000000    3.679089    0.227463   -0.634462
    1    1.000000   -4.413669    1.842751   -0.622655
    1    1.000000   -1.720742    3.950739    0.226720
    9    9.000000   -1.900428   -2.280943   -0.227446
    1    1.000000    2.057303   -0.375645    2.939019
    1    1.000000    3.399753    0.560525   -2.637548
    1    1.000000    5.612014    0.091306    0.031400
 -3.30349E-03 -4.47345E-03 -5.56847E-03 -6.56728E-03 -2.10601E-03 -3.53963E-03
       .            .            .            .            .            .
       .            .            .            .            .            .
       .            .            .            .            .            .
  1.71549E-02  1.69428E-02  1.66482E-02  1.62826E-02  1.58587E-02  1.53898E-02

178096 out of 970456 gridpoints are considered ( 18.4%).

...done!




USING GREEDY MODE
File "multipole3_1charges.xyz" already exists. Fitting procedure is skipped.
File "multipole3_2charges.xyz" already exists. Fitting procedure is skipped.
File "multipole3_3charges.xyz" already exists. Fitting procedure is skipped.
File "multipole3_4charges.xyz" already exists. Fitting procedure is skipped.
File "multipole8_1charges.xyz" already exists. Fitting procedure is skipped.
File "multipole8_2charges.xyz" already exists. Fitting procedure is skipped.
File "multipole8_3charges.xyz" already exists. Fitting procedure is skipped.
File "multipole8_4charges.xyz" already exists. Fitting procedure is skipped.
Fragment fit detected
Fitting to MTP grid, discarding reference MEP cube data
Subsequent stats etc. are compared to MTP data, not the
MEP from the reference cube file
Total fragment charge (a.u.):         7.550031525E-03
Running DE in parallel with 1 thread(s)!

Starting fitting procedure for 3 charges, trial 1
gen      0/6000      elitist  3.5507938E-03 feasible? T
gen    100/6000      elitist  8.3577849E-04 feasible? T
gen    200/6000      elitist  5.2995538E-04 feasible? T
gen    300/6000      elitist  5.1366392E-04 feasible? T
gen    400/6000      elitist  5.1331553E-04 feasible? T
gen    500/6000      elitist  5.1329970E-04 feasible? T
gen    600/6000      elitist  5.1329939E-04 feasible? T
population converged towards a single solution after 665 generations.
Starting local simplex optimization:
Solution before refinement:      5.1329938194E-04
 performing expansion, best =    5.1329938171519758E-004
 performing expansion, best =    5.1329938160753165E-004
Exiting simplex optimization after   361 iterations
Solution after  refinement:      5.1329938161E-04
RMSE         5.132993816E-04 Hartree
NEW BEST!

Starting fitting procedure for 3 charges, trial 2
gen      0/6000      elitist  4.1214533E-03 feasible? T
gen    100/6000      elitist  1.1520259E-03 feasible? T
gen    200/6000      elitist  5.3620130E-04 feasible? T
gen    300/6000      elitist  5.1363948E-04 feasible? T
gen    400/6000      elitist  5.1330369E-04 feasible? T
gen    500/6000      elitist  5.1329947E-04 feasible? T
population converged towards a single solution after 576 generations.
Starting local simplex optimization:
Solution before refinement:      5.1329938174E-04
 performing expansion, best =    5.1329938169180495E-004
Exiting simplex optimization after   384 iterations
Solution after  refinement:      5.1329938169E-04
RMSE         5.132993817E-04 Hartree

Starting fitting procedure for 3 charges, trial 3
gen      0/6000      elitist  3.1428185E-03 feasible? T
gen    100/6000      elitist  1.1621324E-03 feasible? T
gen    200/6000      elitist  5.2013183E-04 feasible? T
gen    300/6000      elitist  5.1355015E-04 feasible? T
gen    400/6000      elitist  5.1330364E-04 feasible? T
gen    500/6000      elitist  5.1329943E-04 feasible? T
gen    600/6000      elitist  5.1329938E-04 feasible? T
population converged towards a single solution after 602 generations.
Starting local simplex optimization:
Solution before refinement:      5.1329938152E-04
 performing expansion, best =    5.1329938147901921E-004
 performing expansion, best =    5.1329938142717516E-004
Exiting simplex optimization after   374 iterations
Solution after  refinement:      5.1329938143E-04
RMSE         5.132993814E-04 Hartree
NEW BEST!

Starting fitting procedure for 3 charges, trial 4
gen      0/6000      elitist  3.4027363E-03 feasible? T
gen    100/6000      elitist  1.4969584E-03 feasible? T
gen    200/6000      elitist  6.8924432E-04 feasible? T
gen    300/6000      elitist  5.1374669E-04 feasible? T
gen    400/6000      elitist  5.1330456E-04 feasible? T
gen    500/6000      elitist  5.1329956E-04 feasible? T
population converged towards a single solution after 590 generations.
Starting local simplex optimization:
Solution before refinement:      5.1329938347E-04
 performing expansion, best =    5.1329938231857290E-004
 performing expansion, best =    5.1329938224757164E-004
Exiting simplex optimization after   378 iterations
Solution after  refinement:      5.1329938225E-04
RMSE         5.132993822E-04 Hartree

Best found solution for 3 charges:
        RMSE         3.220999821E-01 kcal/mol
         MAE         2.114687737E-01 kcal/mol
     max. AE         2.538370612E+00 kcal/mol

       x[bohr]       y[bohr]       z[bohr]          q[e]
     1.7430765     0.1012989     0.4485225    -1.0000000
     0.9815953     0.0779880     0.3494705     0.8645957
     2.5681498    -0.3890142     2.8604147     0.1429544

