Running in fitting mode

Reading "/home/boittier/pydcm/models/fbutadiene-0/ref/B.p.cube"...

  B.pdb Potential
  Electrostatic potential from Total SCF Density
   10  -10.199900   -7.816226   -6.512944
  101    0.198782    0.000000    0.000000
   76    0.000000    0.198782    0.000000
   67    0.000000    0.000000    0.198782
    6    6.000000    3.226547   -1.246303    0.000176
    6    6.000000    0.984868   -0.101378    0.000081
    6    6.000000   -1.486643   -1.303474   -0.000192
    6    6.000000   -3.687148   -0.065831    0.000212
    1    1.000000    4.964658   -0.172077    0.000364
    1    1.000000    3.325524   -3.286591   -0.000146
    9    9.000000    0.906338    2.468472   -0.000183
    1    1.000000   -1.443026   -3.354081   -0.000742
    1    1.000000   -3.765969    1.979293    0.000539
    1    1.000000   -5.463972   -1.080873   -0.000037
  1.55587E-02  1.57646E-02  1.58080E-02  1.56868E-02  1.54072E-02  1.53425E-02
       .            .            .            .            .            .
       .            .            .            .            .            .
       .            .            .            .            .            .
 -5.02724E-03 -3.80551E-03 -2.72135E-03 -1.01509E-03  3.38599E-04  1.70647E-03

104191 out of 514292 gridpoints are considered ( 20.3%).

...done!




USING GREEDY MODE
File "multipole3_1charges.xyz" already exists. Fitting procedure is skipped.
File "multipole3_2charges.xyz" already exists. Fitting procedure is skipped.
File "multipole3_3charges.xyz" already exists. Fitting procedure is skipped.
File "multipole3_4charges.xyz" already exists. Fitting procedure is skipped.
File "multipole8_1charges.xyz" already exists. Fitting procedure is skipped.
File "multipole8_2charges.xyz" already exists. Fitting procedure is skipped.
File "multipole8_3charges.xyz" already exists. Fitting procedure is skipped.
File "multipole8_4charges.xyz" already exists. Fitting procedure is skipped.
Fragment fit detected
Fitting to MTP grid, discarding reference MEP cube data
Subsequent stats etc. are compared to MTP data, not the
MEP from the reference cube file
Total fragment charge (a.u.):        -1.631819562E-02
Running DE in parallel with 1 thread(s)!

Starting fitting procedure for 3 charges, trial 1
gen      0/6000      elitist  7.0423444E-03 feasible? T
gen    100/6000      elitist  1.2212806E-03 feasible? T
gen    200/6000      elitist  9.5228996E-04 feasible? T
gen    300/6000      elitist  6.3090355E-04 feasible? T
gen    400/6000      elitist  5.8014967E-04 feasible? T
gen    500/6000      elitist  5.1284698E-04 feasible? T
gen    600/6000      elitist  5.0264913E-04 feasible? T
gen    700/6000      elitist  4.9997670E-04 feasible? T
gen    800/6000      elitist  4.9934708E-04 feasible? T
gen    900/6000      elitist  4.9929938E-04 feasible? T
gen   1000/6000      elitist  4.9929889E-04 feasible? T
population converged towards a single solution after 1027 generations.
Starting local simplex optimization:
Solution before refinement:      4.9929889050E-04
 performing expansion, best =    4.9929889019924485E-004
 performing expansion, best =    4.9929888990852623E-004
Exiting simplex optimization after   354 iterations
Solution after  refinement:      4.9929888991E-04
RMSE         4.992988899E-04 Hartree
NEW BEST!

Starting fitting procedure for 3 charges, trial 2
gen      0/6000      elitist  3.5039944E-03 feasible? T
gen    100/6000      elitist  1.0601363E-03 feasible? T
gen    200/6000      elitist  7.8273125E-04 feasible? T
gen    300/6000      elitist  7.2677170E-04 feasible? T
gen    400/6000      elitist  7.2432056E-04 feasible? T
gen    500/6000      elitist  7.2401710E-04 feasible? T
gen    600/6000      elitist  7.2400344E-04 feasible? T
gen    700/6000      elitist  7.2400185E-04 feasible? T
gen    800/6000      elitist  7.2400168E-04 feasible? T
population converged towards a single solution after 865 generations.
Starting local simplex optimization:
Solution before refinement:      7.2400165811E-04
Exiting simplex optimization after   477 iterations
Solution after  refinement:      7.2400165811E-04
RMSE         7.240016581E-04 Hartree

Starting fitting procedure for 3 charges, trial 3
gen      0/6000      elitist  4.2389886E-03 feasible? T
gen    100/6000      elitist  1.0090019E-03 feasible? T
gen    200/6000      elitist  9.6699286E-04 feasible? T
gen    300/6000      elitist  9.5593547E-04 feasible? T
gen    400/6000      elitist  9.5422333E-04 feasible? T
gen    500/6000      elitist  9.5402770E-04 feasible? T
gen    600/6000      elitist  9.5402462E-04 feasible? T
gen    700/6000      elitist  9.5402448E-04 feasible? T
population converged towards a single solution after 754 generations.
Starting local simplex optimization:
Solution before refinement:      9.5402447082E-04
 performing expansion, best =    9.5402447070794998E-004
Exiting simplex optimization after   449 iterations
Solution after  refinement:      9.5402447071E-04
RMSE         9.540244707E-04 Hartree

Starting fitting procedure for 3 charges, trial 4
gen      0/6000      elitist  2.6324357E-03 feasible? T
gen    100/6000      elitist  1.1808956E-03 feasible? T
gen    200/6000      elitist  1.0945371E-03 feasible? T
gen    300/6000      elitist  7.3747579E-04 feasible? T
gen    400/6000      elitist  7.2485565E-04 feasible? T
gen    500/6000      elitist  7.2403731E-04 feasible? T
gen    600/6000      elitist  7.2400921E-04 feasible? T
gen    700/6000      elitist  7.2400335E-04 feasible? T
gen    800/6000      elitist  7.2400169E-04 feasible? T
gen    900/6000      elitist  7.2400166E-04 feasible? T
population converged towards a single solution after 908 generations.
Starting local simplex optimization:
Solution before refinement:      7.2400165671E-04
 performing expansion, best =    7.2400165641801526E-004
 performing expansion, best =    7.2400165637407678E-004
Exiting simplex optimization after   455 iterations
Solution after  refinement:      7.2400165637E-04
RMSE         7.240016564E-04 Hartree

Best found solution for 3 charges:
        RMSE         4.543175554E-01 kcal/mol
         MAE         2.090899807E-01 kcal/mol
     max. AE         2.419450118E+00 kcal/mol

       x[bohr]       y[bohr]       z[bohr]          q[e]
    -1.1714131    -1.8680214    -0.0934530    -1.0000000
    -0.4973750    -1.6729797    -0.1606741     0.5055692
    -1.6907208    -2.7040650    -0.0369829     0.4781126

