Running in fitting mode

Reading "/home/boittier/pydcm/models/fbutadiene-5/ref/B.p.cube"...

  B.pdb Potential
  Electrostatic potential from Total SCF Density
   10   -9.523505   -7.980533   -7.103730
  119    0.166667    0.000000    0.000000
   91    0.000000    0.166667    0.000000
   86    0.000000    0.000000    0.166667
    6    6.000000   -3.010753   -1.467781    0.411389
    6    6.000000   -0.986749   -0.122455   -0.217071
    6    6.000000    1.601222   -1.053695   -0.590978
    6    6.000000    3.633552   -0.023214    0.486105
    1    1.000000   -4.798379   -0.560773    0.811121
    1    1.000000   -2.897238   -3.506380    0.487381
    9    9.000000   -1.166171    2.450557   -0.229039
    1    1.000000    1.766796   -2.828174   -1.608960
    1    1.000000    3.515233    1.709731    1.572033
    1    1.000000    5.485495   -0.866552    0.263106
 -1.07044E-02 -1.10666E-02 -1.13574E-02 -1.15743E-02 -1.17163E-02 -1.17849E-02
       .            .            .            .            .            .
       .            .            .            .            .            .
       .            .            .            .            .            .
  1.50131E-02  1.55585E-02  1.60153E-02  1.39214E-02  1.45256E-02  1.50615E-02

177972 out of 931294 gridpoints are considered ( 19.1%).

...done!




USING GREEDY MODE
File "multipole3_1charges.xyz" already exists. Fitting procedure is skipped.
File "multipole3_2charges.xyz" already exists. Fitting procedure is skipped.
File "multipole3_3charges.xyz" already exists. Fitting procedure is skipped.
File "multipole3_4charges.xyz" already exists. Fitting procedure is skipped.
File "multipole8_1charges.xyz" already exists. Fitting procedure is skipped.
File "multipole8_2charges.xyz" already exists. Fitting procedure is skipped.
File "multipole8_3charges.xyz" already exists. Fitting procedure is skipped.
File "multipole8_4charges.xyz" already exists. Fitting procedure is skipped.
Fragment fit detected
Fitting to MTP grid, discarding reference MEP cube data
Subsequent stats etc. are compared to MTP data, not the
MEP from the reference cube file
Total fragment charge (a.u.):         1.182165448E-02
Running DE in parallel with 1 thread(s)!

Starting fitting procedure for 2 charges, trial 1
gen      0/4000      elitist  3.4588927E-03 feasible? T
gen    100/4000      elitist  1.7759330E-03 feasible? T
gen    200/4000      elitist  1.7703768E-03 feasible? T
gen    300/4000      elitist  1.7703461E-03 feasible? T
gen    400/4000      elitist  1.7703459E-03 feasible? T
population converged towards a single solution after 420 generations.
Starting local simplex optimization:
Solution before refinement:      1.7703459308E-03
Exiting simplex optimization after   237 iterations
Solution after  refinement:      1.7703459308E-03
RMSE         1.770345931E-03 Hartree
NEW BEST!

Starting fitting procedure for 2 charges, trial 2
gen      0/4000      elitist  3.6684390E-03 feasible? T
gen    100/4000      elitist  1.7717950E-03 feasible? T
gen    200/4000      elitist  1.7703466E-03 feasible? T
gen    300/4000      elitist  1.7703459E-03 feasible? T
population converged towards a single solution after 303 generations.
Starting local simplex optimization:
Solution before refinement:      1.7703459310E-03
Exiting simplex optimization after   238 iterations
Solution after  refinement:      1.7703459310E-03
RMSE         1.770345931E-03 Hartree

Starting fitting procedure for 2 charges, trial 3
gen      0/4000      elitist  2.9425127E-03 feasible? T
gen    100/4000      elitist  1.7726835E-03 feasible? T
gen    200/4000      elitist  1.7703473E-03 feasible? T
gen    300/4000      elitist  1.7703459E-03 feasible? T
population converged towards a single solution after 305 generations.
Starting local simplex optimization:
Solution before refinement:      1.7703459314E-03
Exiting simplex optimization after   219 iterations
Solution after  refinement:      1.7703459314E-03
RMSE         1.770345931E-03 Hartree

Starting fitting procedure for 2 charges, trial 4
gen      0/4000      elitist  3.5448898E-03 feasible? T
gen    100/4000      elitist  1.7799160E-03 feasible? T
gen    200/4000      elitist  1.7703484E-03 feasible? T
population converged towards a single solution after 299 generations.
Starting local simplex optimization:
Solution before refinement:      1.7703459315E-03
Exiting simplex optimization after   239 iterations
Solution after  refinement:      1.7703459315E-03
RMSE         1.770345931E-03 Hartree

Best found solution for 2 charges:
        RMSE         1.110908005E+00 kcal/mol
         MAE         8.615327633E-01 kcal/mol
     max. AE         5.875390766E+00 kcal/mol

       x[bohr]       y[bohr]       z[bohr]          q[e]
     2.5477326    -1.5490579    -0.6647473    -0.1723945
     1.8445335    -2.6695895    -1.4589038     0.1842162

