Running in fitting mode

Reading "/home/boittier/pydcm/models/fbutadiene-5/ref/B.p.cube"...

  B.pdb Potential
  Electrostatic potential from Total SCF Density
   10   -9.523505   -7.980533   -7.103730
  119    0.166667    0.000000    0.000000
   91    0.000000    0.166667    0.000000
   86    0.000000    0.000000    0.166667
    6    6.000000   -3.010753   -1.467781    0.411389
    6    6.000000   -0.986749   -0.122455   -0.217071
    6    6.000000    1.601222   -1.053695   -0.590978
    6    6.000000    3.633552   -0.023214    0.486105
    1    1.000000   -4.798379   -0.560773    0.811121
    1    1.000000   -2.897238   -3.506380    0.487381
    9    9.000000   -1.166171    2.450557   -0.229039
    1    1.000000    1.766796   -2.828174   -1.608960
    1    1.000000    3.515233    1.709731    1.572033
    1    1.000000    5.485495   -0.866552    0.263106
  3.31692E-03  3.41411E-03  3.50260E-03  3.58165E-03  3.65062E-03  3.70898E-03
       .            .            .            .            .            .
       .            .            .            .            .            .
       .            .            .            .            .            .
  3.60191E-03  3.68247E-03  3.75480E-03  3.81850E-03  3.87330E-03  3.91898E-03

431831 out of 931294 gridpoints are considered ( 46.4%).

...done!




 Refining solution from file/home/boittier/pydcm/models/fbutadiene-5/4-combine/18-combined.xyz
 Contains     18 charges
      Initial RMSE =         5.681357160E-01 kcal/mol
Running DE in parallel with 1 thread(s)!


User requested refinement using simplex algorithm (no DE)

 performing expansion, best =    8.8840528287453650E-004
 performing expansion, best =    8.7858382696479303E-004
 performing expansion, best =    8.7728052883876036E-004
 performing expansion, best =    8.7571632070263493E-004
 performing expansion, best =    8.6736608879292197E-004
 performing expansion, best =    8.6374849741164140E-004
 performing expansion, best =    8.6173244112025104E-004
 performing expansion, best =    8.5395146252937183E-004
 performing expansion, best =    8.5004995700061067E-004
 performing expansion, best =    8.4791508392958862E-004
 performing expansion, best =    8.4758237587080143E-004
 performing expansion, best =    8.4386183057782386E-004
 performing expansion, best =    8.4168407828740454E-004
 performing expansion, best =    8.3957710084941041E-004
 performing expansion, best =    8.3559444249255057E-004
 performing expansion, best =    8.3532387568046381E-004
 performing expansion, best =    8.3499601369165194E-004
 performing expansion, best =    8.3264558462593698E-004
 performing expansion, best =    8.2993537704853840E-004
 performing expansion, best =    8.2859785510908536E-004
 performing expansion, best =    8.2828338455755548E-004
 performing expansion, best =    8.2808952831352472E-004
 performing expansion, best =    8.2768686249688457E-004
 performing expansion, best =    8.2764822518782331E-004
 performing expansion, best =    8.2762201917050522E-004
 performing expansion, best =    8.2757503090194354E-004
 performing expansion, best =    8.2738916203564726E-004
 performing expansion, best =    8.2714622927108569E-004
 performing expansion, best =    8.2703693214324634E-004
 performing expansion, best =    8.2690449444038842E-004
 performing expansion, best =    8.2689904628448349E-004
 performing expansion, best =    8.2660569964996091E-004
 performing expansion, best =    8.2658293575550842E-004
 performing expansion, best =    8.2643137274830453E-004
 performing expansion, best =    8.2628080895050834E-004
 performing expansion, best =    8.2607583092240381E-004
 performing expansion, best =    8.2597481780908612E-004
 performing expansion, best =    8.2595050412910076E-004
 performing expansion, best =    8.2571616308991895E-004
 performing expansion, best =    8.2553866516179740E-004
 performing expansion, best =    8.2544210152053191E-004
 performing expansion, best =    8.2524302072737373E-004
 performing expansion, best =    8.2512617780014226E-004
 performing expansion, best =    8.2512025559028184E-004
 performing expansion, best =    8.2499658506445612E-004
 performing expansion, best =    8.2490382518223839E-004
 performing expansion, best =    8.2489801361884457E-004
 performing expansion, best =    8.2485393551754891E-004
 performing expansion, best =    8.2465426904551186E-004
 performing expansion, best =    8.2459055986401685E-004
 performing expansion, best =    8.2453459771479251E-004
 performing expansion, best =    8.2441195706030627E-004
 performing expansion, best =    8.2437236346188188E-004
 performing expansion, best =    8.2433595443163457E-004
 performing expansion, best =    8.2406847837469767E-004
 performing expansion, best =    8.2401801642733110E-004
 performing expansion, best =    8.2400202632635484E-004
 performing expansion, best =    8.2390409536561642E-004
 performing expansion, best =    8.2389201626912754E-004
 performing expansion, best =    8.2385536561607265E-004
 performing expansion, best =    8.2354496314473449E-004
 performing expansion, best =    8.2336413030805226E-004
 performing expansion, best =    8.2325774635740945E-004
 performing expansion, best =    8.2297089539444155E-004
 performing expansion, best =    8.2286734799924544E-004
 performing expansion, best =    8.2275593159771953E-004
 performing expansion, best =    8.2252019478908653E-004
 performing expansion, best =    8.2245281013770875E-004
 performing expansion, best =    8.2240749326343828E-004
 performing expansion, best =    8.2235627126520008E-004
 performing expansion, best =    8.2233896348986812E-004
 performing expansion, best =    8.2226838307056130E-004
 performing expansion, best =    8.2218339736229746E-004
 performing expansion, best =    8.2211702634012564E-004
 performing expansion, best =    8.2204233786643040E-004
 performing expansion, best =    8.2199420177195628E-004
 performing expansion, best =    8.2193015220301052E-004
 performing expansion, best =    8.2173675626681533E-004
 performing expansion, best =    8.2163768014882914E-004
 performing expansion, best =    8.2155705262279110E-004
 performing expansion, best =    8.2143255920343972E-004
 performing expansion, best =    8.2136954643224739E-004
 performing expansion, best =    8.2134893937235286E-004
 performing expansion, best =    8.2128831973569494E-004
 performing expansion, best =    8.2118275424194977E-004
 performing expansion, best =    8.2105926292946451E-004
 performing expansion, best =    8.2103429683201318E-004
 performing expansion, best =    8.2103388137991305E-004
 performing expansion, best =    8.2084710402926143E-004
 performing expansion, best =    8.2073368285436868E-004
 performing expansion, best =    8.2057684491452327E-004
 performing expansion, best =    8.2038628765860005E-004
 performing expansion, best =    8.2029740570546000E-004
 performing expansion, best =    8.2019787256997748E-004
 performing expansion, best =    8.2012669815790032E-004
 performing expansion, best =    8.2009860510064776E-004
 performing expansion, best =    8.2008951176505327E-004
 performing expansion, best =    8.2005846427502015E-004
 performing expansion, best =    8.1997099908236908E-004
 performing expansion, best =    8.1980359293615506E-004
 performing expansion, best =    8.1977898581250537E-004
 performing expansion, best =    8.1976693635679569E-004
 performing expansion, best =    8.1971438087472047E-004
 performing expansion, best =    8.1965615852102691E-004
 performing expansion, best =    8.1955100615035742E-004
 performing expansion, best =    8.1945694332490504E-004
 performing expansion, best =    8.1942700706307816E-004
 performing expansion, best =    8.1931463842677273E-004
 performing expansion, best =    8.1924766085082095E-004
 performing expansion, best =    8.1919424312767823E-004
 performing expansion, best =    8.1905842541224027E-004
 performing expansion, best =    8.1890332383065311E-004
 performing expansion, best =    8.1880217854182551E-004
 performing expansion, best =    8.1873587923338891E-004
 performing expansion, best =    8.1870850131841877E-004
 performing expansion, best =    8.1867212040756141E-004
 performing expansion, best =    8.1864373716770045E-004
 performing expansion, best =    8.1857783633959851E-004
 performing expansion, best =    8.1839311120541949E-004
 performing expansion, best =    8.1830719449229445E-004
 performing expansion, best =    8.1827272179363364E-004
 performing expansion, best =    8.1821495977456500E-004
 performing expansion, best =    8.1807460320436440E-004
 performing expansion, best =    8.1791048386380583E-004
 performing expansion, best =    8.1779234970989496E-004
 performing expansion, best =    8.1762611188180201E-004
 performing expansion, best =    8.1758499740133090E-004
 performing expansion, best =    8.1757579026824902E-004
 performing expansion, best =    8.1749681847013999E-004
 performing expansion, best =    8.1749418762552567E-004
 performing expansion, best =    8.1748794631306262E-004
 performing expansion, best =    8.1736671509960858E-004
 performing expansion, best =    8.1732345287754147E-004
 performing expansion, best =    8.1722138647684480E-004
 performing expansion, best =    8.1712701966607070E-004
 performing expansion, best =    8.1701618855430016E-004
 performing expansion, best =    8.1698045136695794E-004
 performing expansion, best =    8.1696316395798790E-004
 performing expansion, best =    8.1690428330201208E-004
 performing expansion, best =    8.1687308546766059E-004
 performing expansion, best =    8.1687060927997015E-004
 performing expansion, best =    8.1676318752662820E-004
 performing expansion, best =    8.1660986575326187E-004
 performing expansion, best =    8.1637785399498190E-004
 performing expansion, best =    8.1622721566123073E-004
 performing expansion, best =    8.1605807868653888E-004
 performing expansion, best =    8.1595628583533029E-004
 performing expansion, best =    8.1587606902537655E-004
 performing expansion, best =    8.1558274456796384E-004
 performing expansion, best =    8.1523609065002947E-004
 performing expansion, best =    8.1519933765979635E-004
 performing expansion, best =    8.1511787178728935E-004
 performing expansion, best =    8.1511375470228885E-004
 performing expansion, best =    8.1505403047312333E-004
 performing expansion, best =    8.1505096714071896E-004
 performing expansion, best =    8.1494861995538186E-004
 performing expansion, best =    8.1490908118697484E-004
 performing expansion, best =    8.1489816052813505E-004
 performing expansion, best =    8.1480058411950154E-004
 performing expansion, best =    8.1467254213363075E-004
 performing expansion, best =    8.1454799991824130E-004
 performing expansion, best =    8.1454175094879491E-004
 performing expansion, best =    8.1452092130181240E-004
 performing expansion, best =    8.1441747821782808E-004
 performing expansion, best =    8.1439287484712816E-004
 performing expansion, best =    8.1437508567902865E-004
 performing expansion, best =    8.1431368888609551E-004
 performing expansion, best =    8.1424015449604501E-004
 performing expansion, best =    8.1420733984112915E-004
 performing expansion, best =    8.1418665763666480E-004
 performing expansion, best =    8.1416634762051089E-004
 performing expansion, best =    8.1406780653914496E-004
 performing expansion, best =    8.1399795620130412E-004
 performing expansion, best =    8.1390676061663259E-004
 performing expansion, best =    8.1389399887154331E-004
 performing expansion, best =    8.1387533036579411E-004
 performing expansion, best =    8.1386809790067046E-004
 performing expansion, best =    8.1382218178123911E-004
 performing expansion, best =    8.1378694637751676E-004
 performing expansion, best =    8.1370542574067922E-004
 performing expansion, best =    8.1369515901433189E-004
 performing expansion, best =    8.1361143176540023E-004
 performing expansion, best =    8.1355658090761541E-004
 performing expansion, best =    8.1352723623239549E-004
 performing expansion, best =    8.1343919788986097E-004
 performing expansion, best =    8.1335225455377784E-004
 performing expansion, best =    8.1331119032853087E-004
 performing expansion, best =    8.1329940505377326E-004
 performing expansion, best =    8.1322553661503148E-004
 performing expansion, best =    8.1309276255908474E-004
 performing expansion, best =    8.1302078788688867E-004
 performing expansion, best =    8.1299072107053779E-004
 performing expansion, best =    8.1295567872162889E-004
 performing expansion, best =    8.1283821822659389E-004
 performing expansion, best =    8.1273435286152826E-004
 performing expansion, best =    8.1270295463051841E-004
 performing expansion, best =    8.1269874281005418E-004
 performing expansion, best =    8.1263654061457908E-004
 performing expansion, best =    8.1258859137968941E-004
 performing expansion, best =    8.1258228419156878E-004
 performing expansion, best =    8.1255031559586313E-004
 performing expansion, best =    8.1244460856688943E-004
 performing expansion, best =    8.1241227827025893E-004
 performing expansion, best =    8.1236905882915158E-004
 performing expansion, best =    8.1236813601471311E-004
 performing expansion, best =    8.1235406309656383E-004
 performing expansion, best =    8.1232532069212414E-004
 performing expansion, best =    8.1218578295171387E-004
 performing expansion, best =    8.1216497909214307E-004
 performing expansion, best =    8.1212043284209859E-004
 performing expansion, best =    8.1209470458835171E-004
 performing expansion, best =    8.1208508051419073E-004
 performing expansion, best =    8.1207815256741577E-004
 performing expansion, best =    8.1204920435929318E-004
 performing expansion, best =    8.1202069059600583E-004
 performing expansion, best =    8.1199704434353564E-004
 performing expansion, best =    8.1196418615551308E-004
 performing expansion, best =    8.1194625196508207E-004
 performing expansion, best =    8.1193761396387983E-004
 performing expansion, best =    8.1182431821988832E-004
 performing expansion, best =    8.1178729257224997E-004
 performing expansion, best =    8.1165193442010871E-004
 performing expansion, best =    8.1163090069951186E-004
 performing expansion, best =    8.1160364533710216E-004
 performing expansion, best =    8.1160220936383879E-004
 performing expansion, best =    8.1156083448062914E-004
 performing expansion, best =    8.1147727751904280E-004
 performing expansion, best =    8.1140966656879541E-004
 performing expansion, best =    8.1136726566110662E-004
 performing expansion, best =    8.1131353698591323E-004
 performing expansion, best =    8.1124482131065536E-004
 performing expansion, best =    8.1113560204062963E-004
 performing expansion, best =    8.1108895553950327E-004
 performing expansion, best =    8.1102695193783104E-004
 performing expansion, best =    8.1095458787364138E-004
 performing expansion, best =    8.1087943254413357E-004
 performing expansion, best =    8.1081344115204129E-004
 performing expansion, best =    8.1076226277523823E-004
 performing expansion, best =    8.1070682369770034E-004
 performing expansion, best =    8.1061653232596868E-004
 performing expansion, best =    8.1060554825175882E-004
 performing expansion, best =    8.1058536020820588E-004
 performing expansion, best =    8.1057342537553577E-004
 performing expansion, best =    8.1051769491433405E-004
 performing expansion, best =    8.1041080219940880E-004
 performing expansion, best =    8.1040593735359713E-004
 performing expansion, best =    8.1031989564614058E-004
 performing expansion, best =    8.1024368136465414E-004
 performing expansion, best =    8.1016064218029406E-004
 performing expansion, best =    8.1013434397100468E-004
 performing expansion, best =    8.1002673388359749E-004
 performing expansion, best =    8.0995466796912369E-004
 performing expansion, best =    8.0993622976967446E-004
 performing expansion, best =    8.0981211334406756E-004
 performing expansion, best =    8.0972284575982613E-004
 performing expansion, best =    8.0968600235052266E-004
 performing expansion, best =    8.0961574826477584E-004
 performing expansion, best =    8.0958123467996803E-004
 performing expansion, best =    8.0951661938753229E-004
 performing expansion, best =    8.0951470704292855E-004
 performing expansion, best =    8.0946835858891587E-004
 performing expansion, best =    8.0937624277848774E-004
 performing expansion, best =    8.0932190523619297E-004
 performing expansion, best =    8.0925498048965206E-004
 performing expansion, best =    8.0924088518233457E-004
 performing expansion, best =    8.0919549346556536E-004
 performing expansion, best =    8.0913515181240856E-004
 performing expansion, best =    8.0906143397791483E-004
 performing expansion, best =    8.0904929356472087E-004
 performing expansion, best =    8.0902276861696636E-004
 performing expansion, best =    8.0895205434030422E-004
 performing expansion, best =    8.0890909187256480E-004
 performing expansion, best =    8.0887540943558854E-004
 performing expansion, best =    8.0886333305690665E-004
 performing expansion, best =    8.0882218060018027E-004
 performing expansion, best =    8.0876244952606392E-004
 performing expansion, best =    8.0869127972034622E-004
 performing expansion, best =    8.0863005309671947E-004
 performing expansion, best =    8.0861973117916496E-004
 performing expansion, best =    8.0858620338327130E-004
 performing expansion, best =    8.0855397477153567E-004
 performing expansion, best =    8.0853088452134778E-004
 performing expansion, best =    8.0850204634700090E-004
 performing expansion, best =    8.0844297069093164E-004
 performing expansion, best =    8.0843350701445625E-004
 performing expansion, best =    8.0842227735354404E-004
 performing expansion, best =    8.0837096891976776E-004
 performing expansion, best =    8.0830129042831430E-004
 performing expansion, best =    8.0827113462308032E-004
 performing expansion, best =    8.0820386266513796E-004
 performing expansion, best =    8.0810359146669399E-004
 performing expansion, best =    8.0805349063243299E-004
 performing expansion, best =    8.0795478927956428E-004
 performing expansion, best =    8.0791120231825983E-004
 performing expansion, best =    8.0782490031879647E-004
 performing expansion, best =    8.0768046927976486E-004
 performing expansion, best =    8.0765859293437635E-004
 performing expansion, best =    8.0758314193393440E-004
 performing expansion, best =    8.0749446173706792E-004
 performing expansion, best =    8.0738675389836864E-004
 performing expansion, best =    8.0733640951432823E-004
 performing expansion, best =    8.0721451189444610E-004
 performing expansion, best =    8.0708596300025899E-004
 performing expansion, best =    8.0701086821033309E-004
 performing expansion, best =    8.0698446201883591E-004
 performing expansion, best =    8.0694412670358684E-004
 performing expansion, best =    8.0692566833476113E-004
 performing expansion, best =    8.0688205337508146E-004
 performing expansion, best =    8.0679634243461954E-004
 performing expansion, best =    8.0668884129405402E-004
 performing expansion, best =    8.0657588640284362E-004
 performing expansion, best =    8.0644012280234225E-004
 performing expansion, best =    8.0631163760936948E-004
 performing expansion, best =    8.0619618542974146E-004
 performing expansion, best =    8.0614423347866865E-004
 performing expansion, best =    8.0605371955840921E-004
 performing expansion, best =    8.0602812721753954E-004
 performing expansion, best =    8.0597959356054844E-004
 performing expansion, best =    8.0594785286496604E-004
 performing expansion, best =    8.0594739376147319E-004
 performing expansion, best =    8.0592147357575817E-004
 performing expansion, best =    8.0587188124695485E-004
 performing expansion, best =    8.0578996905410194E-004
 performing expansion, best =    8.0577498423435514E-004
 performing expansion, best =    8.0576288875982140E-004
 performing expansion, best =    8.0568562761252249E-004
 performing expansion, best =    8.0568420696592311E-004
 performing expansion, best =    8.0561789363907930E-004
 performing expansion, best =    8.0561191648038390E-004
 performing expansion, best =    8.0558219874891620E-004
 performing expansion, best =    8.0554672163814711E-004
 performing expansion, best =    8.0552942168398214E-004
 performing expansion, best =    8.0551536660720426E-004
 performing expansion, best =    8.0535412680557026E-004
 performing expansion, best =    8.0527572369035150E-004
 performing expansion, best =    8.0526171553977157E-004
 performing expansion, best =    8.0524884682920555E-004
 performing expansion, best =    8.0524458961086772E-004
 performing expansion, best =    8.0516298899930097E-004
 performing expansion, best =    8.0510029419799192E-004
 performing expansion, best =    8.0506373550541532E-004
 performing expansion, best =    8.0501211629935526E-004
 performing expansion, best =    8.0495570780028290E-004
 performing expansion, best =    8.0495127902335611E-004
 performing expansion, best =    8.0486286527051175E-004
 performing expansion, best =    8.0483910855340282E-004
 performing expansion, best =    8.0479456458771616E-004
 performing expansion, best =    8.0477738986564260E-004
 performing expansion, best =    8.0476320816024187E-004
 performing expansion, best =    8.0474482214326962E-004
 performing expansion, best =    8.0473187378972920E-004
 performing expansion, best =    8.0471640615834732E-004
 performing expansion, best =    8.0468024013511004E-004
 performing expansion, best =    8.0466950255054940E-004
 performing expansion, best =    8.0462145286359715E-004
 performing expansion, best =    8.0460120427366065E-004
 performing expansion, best =    8.0454473023458886E-004
 performing expansion, best =    8.0443909008391949E-004
 performing expansion, best =    8.0430808775513020E-004
 performing expansion, best =    8.0421945462870643E-004
 performing expansion, best =    8.0416868507161984E-004
 performing expansion, best =    8.0413021004310564E-004
 performing expansion, best =    8.0407739172744057E-004
 performing expansion, best =    8.0398370207563697E-004
 performing expansion, best =    8.0391781019434479E-004
 performing expansion, best =    8.0386088989836452E-004
 performing expansion, best =    8.0383467904434041E-004
 performing expansion, best =    8.0381602283680575E-004
 performing expansion, best =    8.0370895970350198E-004
 performing expansion, best =    8.0366666238742418E-004
 performing expansion, best =    8.0365571428097791E-004
 performing expansion, best =    8.0356211547221953E-004
 performing expansion, best =    8.0352734703116244E-004
 performing expansion, best =    8.0345531014702439E-004
 performing expansion, best =    8.0344634429083096E-004
 performing expansion, best =    8.0343116714442283E-004
 performing expansion, best =    8.0333216376222841E-004
 performing expansion, best =    8.0331862816417315E-004
 performing expansion, best =    8.0329205102414025E-004
 performing expansion, best =    8.0325605387462993E-004
 performing expansion, best =    8.0319465758758131E-004
 performing expansion, best =    8.0312369548469055E-004
 performing expansion, best =    8.0309824138449001E-004
 performing expansion, best =    8.0300653282682139E-004
 performing expansion, best =    8.0294626064611940E-004
 performing expansion, best =    8.0291384725240803E-004
 performing expansion, best =    8.0287251640643014E-004
 performing expansion, best =    8.0282358728728514E-004
 performing expansion, best =    8.0280833179145381E-004
 performing expansion, best =    8.0276008197120545E-004
 performing expansion, best =    8.0274646588430055E-004
 performing expansion, best =    8.0271672238013485E-004
 performing expansion, best =    8.0268278011995473E-004
 performing expansion, best =    8.0267048366104666E-004
 performing expansion, best =    8.0262970493551352E-004
 performing expansion, best =    8.0261030873774396E-004
 performing expansion, best =    8.0256299573438984E-004
 performing expansion, best =    8.0253345506487946E-004
 performing expansion, best =    8.0252939538982371E-004
 performing expansion, best =    8.0250881087907434E-004
 performing expansion, best =    8.0250265362030108E-004
 performing expansion, best =    8.0248043599937967E-004
 performing expansion, best =    8.0245359964898320E-004
 performing expansion, best =    8.0238019110257907E-004
 performing expansion, best =    8.0234220359767252E-004
 performing expansion, best =    8.0232540046129423E-004
 performing expansion, best =    8.0231296311861471E-004
 performing expansion, best =    8.0229921414273005E-004
 performing expansion, best =    8.0224969135608967E-004
 performing expansion, best =    8.0222853396518857E-004
 performing expansion, best =    8.0221297346520554E-004
 performing expansion, best =    8.0219366354811227E-004
 performing expansion, best =    8.0217833949728702E-004
 performing expansion, best =    8.0216236331243974E-004
 performing expansion, best =    8.0215482019742822E-004
 performing expansion, best =    8.0209815189106136E-004
 performing expansion, best =    8.0208479982463686E-004
 performing expansion, best =    8.0203492314131022E-004
 performing expansion, best =    8.0199142800388499E-004
 performing expansion, best =    8.0193008763347325E-004
 performing expansion, best =    8.0189382475830768E-004
 performing expansion, best =    8.0185035905426451E-004
 performing expansion, best =    8.0180801209033795E-004
 performing expansion, best =    8.0178797013935501E-004
 performing expansion, best =    8.0178013983840961E-004
 performing expansion, best =    8.0175446414184292E-004
 performing expansion, best =    8.0169734026428342E-004
 performing expansion, best =    8.0168493106665020E-004
 performing expansion, best =    8.0162365299300570E-004
 performing expansion, best =    8.0160852765313168E-004
 performing expansion, best =    8.0160013525314155E-004
 performing expansion, best =    8.0154720949078822E-004
 performing expansion, best =    8.0146520666698475E-004
 performing expansion, best =    8.0141602855128904E-004
 performing expansion, best =    8.0140257671851398E-004
 performing expansion, best =    8.0138270474480375E-004
 performing expansion, best =    8.0130553042183274E-004
 performing expansion, best =    8.0129211212757415E-004
 performing expansion, best =    8.0127818201697516E-004
 performing expansion, best =    8.0121442265930498E-004
 performing expansion, best =    8.0117646822977333E-004
 performing expansion, best =    8.0109530195846793E-004
 performing expansion, best =    8.0108175942153795E-004
 performing expansion, best =    8.0105860510926478E-004
 performing expansion, best =    8.0105484327412223E-004
 performing expansion, best =    8.0104238414534614E-004
 performing expansion, best =    8.0103955103559077E-004
 performing expansion, best =    8.0101025871130119E-004
 performing expansion, best =    8.0100286224017356E-004
 performing expansion, best =    8.0097279598557894E-004
 performing expansion, best =    8.0096505035129372E-004
 performing expansion, best =    8.0093354037105366E-004
 performing expansion, best =    8.0093317879517505E-004
 performing expansion, best =    8.0092141286589036E-004
 performing expansion, best =    8.0087665552507298E-004
 performing expansion, best =    8.0083475482285748E-004
 performing expansion, best =    8.0081763089079295E-004
 performing expansion, best =    8.0081582339516658E-004
 performing expansion, best =    8.0079823516787749E-004
 performing expansion, best =    8.0077860201605933E-004
 performing expansion, best =    8.0075083635263713E-004
 performing expansion, best =    8.0074819346910662E-004
 performing expansion, best =    8.0074527541550817E-004
 performing expansion, best =    8.0074237856195686E-004
 performing expansion, best =    8.0073873536399859E-004
 performing expansion, best =    8.0073661052919537E-004
 performing expansion, best =    8.0072236624433924E-004
 performing expansion, best =    8.0071203715492906E-004
 performing expansion, best =    8.0070179255941460E-004
 performing expansion, best =    8.0069671776891130E-004
 performing expansion, best =    8.0068757270846920E-004
 performing expansion, best =    8.0068080750208073E-004
 performing expansion, best =    8.0067828831179315E-004
 performing expansion, best =    8.0067429725518447E-004
 performing expansion, best =    8.0065343525090684E-004
 performing expansion, best =    8.0064762501647936E-004
 performing expansion, best =    8.0064138795242262E-004
 performing expansion, best =    8.0062862471316537E-004
 performing expansion, best =    8.0062792822301488E-004
 performing expansion, best =    8.0062506635120243E-004
 performing expansion, best =    8.0062221585325646E-004
 performing expansion, best =    8.0061299886631185E-004
 performing expansion, best =    8.0060868206520061E-004
 performing expansion, best =    8.0059632980418655E-004
 performing expansion, best =    8.0059309636234730E-004
 performing expansion, best =    8.0058356467872425E-004
 performing expansion, best =    8.0057950653355289E-004
 performing expansion, best =    8.0056040290728725E-004
 performing expansion, best =    8.0054077664746431E-004
 performing expansion, best =    8.0053849592684261E-004
 performing expansion, best =    8.0052576855740040E-004
 performing expansion, best =    8.0051839498172035E-004
 performing expansion, best =    8.0050406202537199E-004
 performing expansion, best =    8.0050255802081708E-004
 performing expansion, best =    8.0049767066638544E-004
 performing expansion, best =    8.0047904751135465E-004
 performing expansion, best =    8.0047301579651493E-004
 performing expansion, best =    8.0046932691996142E-004
 performing expansion, best =    8.0046556312670118E-004
 performing expansion, best =    8.0044926957394678E-004
 performing expansion, best =    8.0044841621804803E-004
 performing expansion, best =    8.0042123000392720E-004
 performing expansion, best =    8.0040282866919834E-004
 performing expansion, best =    8.0039328951757977E-004
 performing expansion, best =    8.0037839907660783E-004
 performing expansion, best =    8.0037258569481940E-004
 performing expansion, best =    8.0035485178756862E-004
 performing expansion, best =    8.0034301570415176E-004
 performing expansion, best =    8.0032675364760132E-004
 performing expansion, best =    8.0030652281890425E-004
 performing expansion, best =    8.0026657081744225E-004
 performing expansion, best =    8.0025545940876487E-004
 performing expansion, best =    8.0024679369513859E-004
 performing expansion, best =    8.0024011313521248E-004
 performing expansion, best =    8.0022633313322708E-004
 performing expansion, best =    8.0021855102443333E-004
 performing expansion, best =    8.0019867940190682E-004
 performing expansion, best =    8.0019011290679762E-004
 performing expansion, best =    8.0016726046044505E-004
 performing expansion, best =    8.0016239926508452E-004
 performing expansion, best =    8.0015501944866109E-004
 performing expansion, best =    8.0014435495458604E-004
 performing expansion, best =    8.0013984914508352E-004
 performing expansion, best =    8.0011977519457884E-004
 performing expansion, best =    8.0010486674367645E-004
 performing expansion, best =    8.0008157178228809E-004
 performing expansion, best =    8.0005638830696075E-004
 performing expansion, best =    8.0004891060318848E-004
 performing expansion, best =    8.0004682022009822E-004
 performing expansion, best =    7.9999621331202091E-004
 performing expansion, best =    7.9997591183277581E-004
 performing expansion, best =    7.9994731898993198E-004
 performing expansion, best =    7.9990060420837982E-004
 performing expansion, best =    7.9986638355031238E-004
 performing expansion, best =    7.9979252066125447E-004
 performing expansion, best =    7.9970046813602623E-004
 performing expansion, best =    7.9967162681085003E-004
 performing expansion, best =    7.9965124915590084E-004
 performing expansion, best =    7.9963632570184662E-004
 performing expansion, best =    7.9963363370534287E-004
 performing expansion, best =    7.9958929427105291E-004
 performing expansion, best =    7.9953071364854348E-004
 performing expansion, best =    7.9951568690380163E-004
 performing expansion, best =    7.9950603055460221E-004
 performing expansion, best =    7.9946349019884239E-004
 performing expansion, best =    7.9940201154218675E-004
 performing expansion, best =    7.9940191114863260E-004
 performing expansion, best =    7.9937885247254807E-004
 performing expansion, best =    7.9936648327150748E-004
 performing expansion, best =    7.9936513729692450E-004
 performing expansion, best =    7.9935467407553351E-004
 performing expansion, best =    7.9932561451664236E-004
 performing expansion, best =    7.9930865496339383E-004
 performing expansion, best =    7.9928512131778519E-004
 performing expansion, best =    7.9928140586750138E-004
 performing expansion, best =    7.9927338062368532E-004
 performing expansion, best =    7.9925311158622560E-004
 performing expansion, best =    7.9923129508795328E-004
 performing expansion, best =    7.9921238887825446E-004
 performing expansion, best =    7.9920000487827695E-004
 performing expansion, best =    7.9916745451246969E-004
 performing expansion, best =    7.9915042672939541E-004
 performing expansion, best =    7.9914861842613968E-004
 performing expansion, best =    7.9914491671867992E-004
 performing expansion, best =    7.9911795046897340E-004
 performing expansion, best =    7.9910370010869087E-004
 performing expansion, best =    7.9908607584879986E-004
 performing expansion, best =    7.9907555296130023E-004
 performing expansion, best =    7.9906695571898569E-004
 performing expansion, best =    7.9902383675104134E-004
 performing expansion, best =    7.9896965880172602E-004
 performing expansion, best =    7.9893630654110466E-004
 performing expansion, best =    7.9890322316411588E-004
 performing expansion, best =    7.9889546721224804E-004
 performing expansion, best =    7.9885333244431294E-004
 performing expansion, best =    7.9881788298693753E-004
 performing expansion, best =    7.9873293564735692E-004
 performing expansion, best =    7.9860872919083653E-004
 performing expansion, best =    7.9857334110757709E-004
 performing expansion, best =    7.9852961636086759E-004
 performing expansion, best =    7.9844825172888470E-004
 performing expansion, best =    7.9836740267270607E-004
 performing expansion, best =    7.9828368309496839E-004
 performing expansion, best =    7.9820431248314543E-004
 performing expansion, best =    7.9815186591047406E-004
 performing expansion, best =    7.9808215183975809E-004
 performing expansion, best =    7.9800463911158174E-004
 performing expansion, best =    7.9787215937673656E-004
 performing expansion, best =    7.9779803693240262E-004
 performing expansion, best =    7.9774566981176637E-004
 performing expansion, best =    7.9769914433559048E-004
 performing expansion, best =    7.9757607884069757E-004
 performing expansion, best =    7.9748423781126688E-004
 performing expansion, best =    7.9742568119992702E-004
 performing expansion, best =    7.9741109635490955E-004
 performing expansion, best =    7.9738128879644791E-004
 performing expansion, best =    7.9732555013745218E-004
 performing expansion, best =    7.9721420942997724E-004
 performing expansion, best =    7.9708530310007087E-004
 performing expansion, best =    7.9695636396947850E-004
 performing expansion, best =    7.9681424057995024E-004
 performing expansion, best =    7.9671143158798721E-004
 performing expansion, best =    7.9665634816828833E-004
 performing expansion, best =    7.9662176634355531E-004
 performing expansion, best =    7.9655415137062121E-004
 performing expansion, best =    7.9653298809582258E-004
 performing expansion, best =    7.9653215430647989E-004
 performing expansion, best =    7.9650635615104756E-004
 performing expansion, best =    7.9650249751892139E-004
 performing expansion, best =    7.9647499273141620E-004
 performing expansion, best =    7.9643847570925585E-004
 performing expansion, best =    7.9637103819038448E-004
 performing expansion, best =    7.9631399273035819E-004
 performing expansion, best =    7.9622691346764303E-004
 performing expansion, best =    7.9614126784164697E-004
 performing expansion, best =    7.9609694923125755E-004
 performing expansion, best =    7.9592382051718754E-004
 performing expansion, best =    7.9581893396966593E-004
 performing expansion, best =    7.9580504571324191E-004
 performing expansion, best =    7.9566863379906740E-004
 performing expansion, best =    7.9564296342817117E-004
 performing expansion, best =    7.9561067455989262E-004
 performing expansion, best =    7.9558773384884296E-004
 performing expansion, best =    7.9556666777905096E-004
 performing expansion, best =    7.9555191695928945E-004
 performing expansion, best =    7.9544666027232553E-004
 performing expansion, best =    7.9531536766784885E-004
 performing expansion, best =    7.9525454112966529E-004
 performing expansion, best =    7.9525002076086119E-004
 performing expansion, best =    7.9524650327096364E-004
 performing expansion, best =    7.9522892847206338E-004
 performing expansion, best =    7.9521550926629292E-004
 performing expansion, best =    7.9518094844152967E-004
 performing expansion, best =    7.9510345586366400E-004
 performing expansion, best =    7.9503923490667169E-004
 performing expansion, best =    7.9501191823399587E-004
 performing expansion, best =    7.9500367446030257E-004
 performing expansion, best =    7.9499002488902495E-004
 performing expansion, best =    7.9497736508636879E-004
 performing expansion, best =    7.9497736267874065E-004
 performing expansion, best =    7.9494615278137451E-004
 performing expansion, best =    7.9491835546654794E-004
 performing expansion, best =    7.9491194427464581E-004
 performing expansion, best =    7.9488669874717120E-004
Exiting simplex optimization after 10001 iterations
RMSE         7.948866987E-04 Hartree
NEW BEST!
Best found solution for 18 charges:
        RMSE         4.987985574E-01 kcal/mol
         MAE         2.992735937E-01 kcal/mol
     max. AE         4.088627541E+00 kcal/mol

       x[bohr]       y[bohr]       z[bohr]          q[e]
     3.4071893     1.6094056     1.4387059     0.2006047
     5.3158834    -0.9461895     0.1805026     0.1950675
     3.5631262    -0.0918937     0.3501140    -0.4106540
     1.7153501    -0.7554261    -0.1213830     0.8924596
     2.5199831    -1.3036910    -0.8180973     0.7422742
     2.2864296    -0.9505713    -0.8413428    -0.9650833
     1.9668204    -1.0663543     0.1589017    -0.7063652
     1.7652486    -3.4443044    -2.0421250     0.0600692
    -0.9995167     1.5943521    -0.2088227     0.4495680
    -1.2290421     3.3216925    -0.2296322     0.2861518
    -1.1772081     2.5702108    -0.2234228    -0.9824111
    -1.7601521    -0.5552390    -0.5770433    -0.5704262
    -1.3784351    -0.7620085     0.3685595    -0.8395328
    -1.5516753     0.3856393    -0.1744642     0.8010044
    -1.1845548    -1.0060566     0.0515320     0.9766629
    -2.8769188    -1.4060473     0.4059314    -0.5815110
    -4.6790737    -0.5425675     0.7988446     0.2318517
    -2.8941200    -3.4015501     0.4787556     0.2202697

