Running in fitting mode

Reading "/home/boittier/pydcm/models/amide1/ref/amide1.pdb.chk.p.cube"...

  amide1.pdb Potential
  Electrostatic potential from Total SCF Density
   12  -10.223254   -7.531078   -6.514600
  102    0.200530    0.000000    0.000000
   76    0.000000    0.200530    0.000000
   66    0.000000    0.000000    0.200530
    6    6.000000    3.459052   -1.018326   -0.001098
    6    6.000000    0.912949    0.306382    0.002044
    1    1.000000    4.539280   -0.375166    1.634531
    1    1.000000   -0.922347   -3.113256    0.004047
    1    1.000000    3.325783   -3.077563    0.045150
    1    1.000000   -4.034328    0.971752    1.669280
    1    1.000000   -4.025496    0.977610   -1.670480
    7    7.000000   -1.159429   -1.226811    0.002654
    8    8.000000    0.727988    2.607744    0.000511
    6    6.000000   -3.710502   -0.196658   -0.001848
    1    1.000000    4.496715   -0.449918   -1.691790
    1    1.000000   -5.056509   -1.756118   -0.007992
Running in fitting mode

Reading "/home/boittier/pydcm/models/amide1/ref/amide1.pdb.chk.p.cube"...

  amide1.pdb Potential
  Electrostatic potential from Total SCF Density
   12  -10.223254   -7.531078   -6.514600
  102    0.200530    0.000000    0.000000
   76    0.000000    0.200530    0.000000
   66    0.000000    0.000000    0.200530
Running in fitting mode

Reading "/home/boittier/pydcm/models/amide1/ref/amide1.pdb.chk.p.cube"...

    6    6.000000    3.459052   -1.018326   -0.001098
    6    6.000000    0.912949    0.306382    0.002044
    1    1.000000    4.539280   -0.375166    1.634531
    1    1.000000   -0.922347   -3.113256    0.004047
    1    1.000000    3.325783   -3.077563    0.045150
    1    1.000000   -4.034328    0.971752    1.669280
    1    1.000000   -4.025496    0.977610   -1.670480
    7    7.000000   -1.159429   -1.226811    0.002654
    8    8.000000    0.727988    2.607744    0.000511
    6    6.000000   -3.710502   -0.196658   -0.001848
    1    1.000000    4.496715   -0.449918   -1.691790
    1    1.000000   -5.056509   -1.756118   -0.007992
Running in fitting mode

Reading "/home/boittier/pydcm/models/amide1/ref/amide1.pdb.chk.p.cube"...

  amide1.pdb Potential
  Electrostatic potential from Total SCF Density
Running in fitting mode

   12  -10.223254   -7.531078   -6.514600
  102    0.200530    0.000000    0.000000
   76    0.000000    0.200530    0.000000
   66    0.000000    0.000000    0.200530
Reading "/home/boittier/pydcm/models/amide1/ref/amide1.pdb.chk.p.cube"...

    6    6.000000    3.459052   -1.018326   -0.001098
    6    6.000000    0.912949    0.306382    0.002044
    1    1.000000    4.539280   -0.375166    1.634531
    1    1.000000   -0.922347   -3.113256    0.004047
    1    1.000000    3.325783   -3.077563    0.045150
    1    1.000000   -4.034328    0.971752    1.669280
    1    1.000000   -4.025496    0.977610   -1.670480
    7    7.000000   -1.159429   -1.226811    0.002654
    8    8.000000    0.727988    2.607744    0.000511
    6    6.000000   -3.710502   -0.196658   -0.001848
    1    1.000000    4.496715   -0.449918   -1.691790
    1    1.000000   -5.056509   -1.756118   -0.007992
  amide1.pdb Potential
  Electrostatic potential from Total SCF Density
   12  -10.223254   -7.531078   -6.514600
  102    0.200530    0.000000    0.000000
   76    0.000000    0.200530    0.000000
   66    0.000000    0.000000    0.200530
    6    6.000000    3.459052   -1.018326   -0.001098
    6    6.000000    0.912949    0.306382    0.002044
    1    1.000000    4.539280   -0.375166    1.634531
    1    1.000000   -0.922347   -3.113256    0.004047
    1    1.000000    3.325783   -3.077563    0.045150
    1    1.000000   -4.034328    0.971752    1.669280
    1    1.000000   -4.025496    0.977610   -1.670480
    7    7.000000   -1.159429   -1.226811    0.002654
    8    8.000000    0.727988    2.607744    0.000511
    6    6.000000   -3.710502   -0.196658   -0.001848
    1    1.000000    4.496715   -0.449918   -1.691790
    1    1.000000   -5.056509   -1.756118   -0.007992
Running in fitting mode
Running in fitting mode

Reading "/home/boittier/pydcm/models/amide1/ref/amide1.pdb.chk.p.cube"...


Reading "/home/boittier/pydcm/models/amide1/ref/amide1.pdb.chk.p.cube"...

  amide1.pdb Potential
  Electrostatic potential from Total SCF Density
   12  -10.223254   -7.531078   -6.514600
  102    0.200530    0.000000    0.000000
Running in fitting mode

   76    0.000000    0.200530    0.000000
   66    0.000000    0.000000    0.200530
Reading "/home/boittier/pydcm/models/amide1/ref/amide1.pdb.chk.p.cube"...

    6    6.000000    3.459052   -1.018326   -0.001098
    6    6.000000    0.912949    0.306382    0.002044
    1    1.000000    4.539280   -0.375166    1.634531
    1    1.000000   -0.922347   -3.113256    0.004047
    1    1.000000    3.325783   -3.077563    0.045150
    1    1.000000   -4.034328    0.971752    1.669280
    1    1.000000   -4.025496    0.977610   -1.670480
    7    7.000000   -1.159429   -1.226811    0.002654
    8    8.000000    0.727988    2.607744    0.000511
    6    6.000000   -3.710502   -0.196658   -0.001848
    1    1.000000    4.496715   -0.449918   -1.691790
  amide1.pdb Potential
  Electrostatic potential from Total SCF Density
    1    1.000000   -5.056509   -1.756118   -0.007992
   12  -10.223254   -7.531078   -6.514600
  102    0.200530    0.000000    0.000000
   76    0.000000    0.200530    0.000000
   66    0.000000    0.000000    0.200530
  amide1.pdb Potential
  Electrostatic potential from Total SCF Density
    6    6.000000    3.459052   -1.018326   -0.001098
    6    6.000000    0.912949    0.306382    0.002044
   12  -10.223254   -7.531078   -6.514600
  102    0.200530    0.000000    0.000000
    1    1.000000    4.539280   -0.375166    1.634531
    1    1.000000   -0.922347   -3.113256    0.004047
    1    1.000000    3.325783   -3.077563    0.045150
   76    0.000000    0.200530    0.000000
   66    0.000000    0.000000    0.200530
    1    1.000000   -4.034328    0.971752    1.669280
    1    1.000000   -4.025496    0.977610   -1.670480
    7    7.000000   -1.159429   -1.226811    0.002654
    8    8.000000    0.727988    2.607744    0.000511
    6    6.000000   -3.710502   -0.196658   -0.001848
    1    1.000000    4.496715   -0.449918   -1.691790
    1    1.000000   -5.056509   -1.756118   -0.007992
    6    6.000000    3.459052   -1.018326   -0.001098
    6    6.000000    0.912949    0.306382    0.002044
    1    1.000000    4.539280   -0.375166    1.634531
    1    1.000000   -0.922347   -3.113256    0.004047
    1    1.000000    3.325783   -3.077563    0.045150
    1    1.000000   -4.034328    0.971752    1.669280
    1    1.000000   -4.025496    0.977610   -1.670480
    7    7.000000   -1.159429   -1.226811    0.002654
    8    8.000000    0.727988    2.607744    0.000511
    6    6.000000   -3.710502   -0.196658   -0.001848
    1    1.000000    4.496715   -0.449918   -1.691790
    1    1.000000   -5.056509   -1.756118   -0.007992
  amide1.pdb Potential
  Electrostatic potential from Total SCF Density
   12  -10.223254   -7.531078   -6.514600
  102    0.200530    0.000000    0.000000
   76    0.000000    0.200530    0.000000
   66    0.000000    0.000000    0.200530
    6    6.000000    3.459052   -1.018326   -0.001098
    6    6.000000    0.912949    0.306382    0.002044
    1    1.000000    4.539280   -0.375166    1.634531
    1    1.000000   -0.922347   -3.113256    0.004047
    1    1.000000    3.325783   -3.077563    0.045150
    1    1.000000   -4.034328    0.971752    1.669280
    1    1.000000   -4.025496    0.977610   -1.670480
    7    7.000000   -1.159429   -1.226811    0.002654
    8    8.000000    0.727988    2.607744    0.000511
    6    6.000000   -3.710502   -0.196658   -0.001848
    1    1.000000    4.496715   -0.449918   -1.691790
    1    1.000000   -5.056509   -1.756118   -0.007992
  3.75514E-03  2.92527E-03  2.10324E-03  1.35913E-03  7.51535E-04  3.23757E-04
       .            .            .            .            .            .
       .            .            .            .            .            .
       .            .            .            .            .            .
 -2.03174E-03 -2.10994E-03 -2.13120E-03 -2.09332E-03 -1.99729E-03 -1.84729E-03

111319 out of 511632 gridpoints are considered ( 21.8%).

...done!




USING GREEDY MODE
  3.75514E-03  2.92527E-03  2.10324E-03  1.35913E-03  7.51535E-04  3.23757E-04
       .            .            .            .            .            .
       .            .            .            .            .            .
       .            .            .            .            .            .
 -2.03174E-03 -2.10994E-03 -2.13120E-03 -2.09332E-03 -1.99729E-03 -1.84729E-03

111319 out of 511632 gridpoints are considered ( 21.8%).

...done!




USING GREEDY MODE
  3.75514E-03  2.92527E-03  2.10324E-03  1.35913E-03  7.51535E-04  3.23757E-04
       .            .            .            .            .            .
       .            .            .            .            .            .
       .            .            .            .            .            .
 -2.03174E-03 -2.10994E-03 -2.13120E-03 -2.09332E-03 -1.99729E-03 -1.84729E-03

111319 out of 511632 gridpoints are considered ( 21.8%).

...done!




USING GREEDY MODE
  3.75514E-03  2.92527E-03  2.10324E-03  1.35913E-03  7.51535E-04  3.23757E-04
       .            .            .            .            .            .
       .            .            .            .            .            .
       .            .            .            .            .            .
 -2.03174E-03 -2.10994E-03 -2.13120E-03 -2.09332E-03 -1.99729E-03 -1.84729E-03

111319 out of 511632 gridpoints are considered ( 21.8%).

...done!




USING GREEDY MODE
  3.75514E-03  2.92527E-03  2.10324E-03  1.35913E-03  7.51535E-04  3.23757E-04
       .            .            .            .            .            .
       .            .            .            .            .            .
       .            .            .            .            .            .
 -2.03174E-03 -2.10994E-03 -2.13120E-03 -2.09332E-03 -1.99729E-03 -1.84729E-03

111319 out of 511632 gridpoints are considered ( 21.8%).

...done!




USING GREEDY MODE
  3.75514E-03  2.92527E-03  2.10324E-03  1.35913E-03  7.51535E-04  3.23757E-04
       .            .            .            .            .            .
       .            .            .            .            .            .
       .            .            .            .            .            .
 -2.03174E-03 -2.10994E-03 -2.13120E-03 -2.09332E-03 -1.99729E-03 -1.84729E-03

111319 out of 511632 gridpoints are considered ( 21.8%).

...done!




USING GREEDY MODE
  3.75514E-03  2.92527E-03  2.10324E-03  1.35913E-03  7.51535E-04  3.23757E-04
       .            .            .            .            .            .
       .            .            .            .            .            .
       .            .            .            .            .            .
 -2.03174E-03 -2.10994E-03 -2.13120E-03 -2.09332E-03 -1.99729E-03 -1.84729E-03

111319 out of 511632 gridpoints are considered ( 21.8%).

...done!




USING GREEDY MODE
  3.75514E-03  2.92527E-03  2.10324E-03  1.35913E-03  7.51535E-04  3.23757E-04
       .            .            .            .            .            .
       .            .            .            .            .            .
       .            .            .            .            .            .
 -2.03174E-03 -2.10994E-03 -2.13120E-03 -2.09332E-03 -1.99729E-03 -1.84729E-03

111319 out of 511632 gridpoints are considered ( 21.8%).

...done!




USING GREEDY MODE
File "multipole2_1charges.xyz" already exists. Fitting procedure is skipped.
File "multipole2_1charges.xyz" already exists. Fitting procedure is skipped.
File "multipole2_1charges.xyz" already exists. Fitting procedure is skipped.
File "multipole2_1charges.xyz" already exists. Fitting procedure is skipped.
File "multipole2_1charges.xyz" already exists. Fitting procedure is skipped.
File "multipole2_1charges.xyz" already exists. Fitting procedure is skipped.
File "multipole2_1charges.xyz" already exists. Fitting procedure is skipped.
File "multipole2_1charges.xyz" already exists. Fitting procedure is skipped.
File "multipole2_2charges.xyz" already exists. Fitting procedure is skipped.
File "multipole2_2charges.xyz" already exists. Fitting procedure is skipped.
File "multipole2_2charges.xyz" already exists. Fitting procedure is skipped.
File "multipole2_2charges.xyz" already exists. Fitting procedure is skipped.
File "multipole2_2charges.xyz" already exists. Fitting procedure is skipped.
File "multipole2_2charges.xyz" already exists. Fitting procedure is skipped.
File "multipole2_2charges.xyz" already exists. Fitting procedure is skipped.
File "multipole2_2charges.xyz" already exists. Fitting procedure is skipped.
File "multipole2_3charges.xyz" already exists. Fitting procedure is skipped.
File "multipole2_3charges.xyz" already exists. Fitting procedure is skipped.
File "multipole2_3charges.xyz" already exists. Fitting procedure is skipped.
File "multipole2_3charges.xyz" already exists. Fitting procedure is skipped.
File "multipole2_3charges.xyz" already exists. Fitting procedure is skipped.
File "multipole2_3charges.xyz" already exists. Fitting procedure is skipped.
File "multipole2_3charges.xyz" already exists. Fitting procedure is skipped.
File "multipole2_3charges.xyz" already exists. Fitting procedure is skipped.
File "multipole2_4charges.xyz" already exists. Fitting procedure is skipped.
File "multipole2_4charges.xyz" already exists. Fitting procedure is skipped.
File "multipole2_4charges.xyz" already exists. Fitting procedure is skipped.
File "multipole2_4charges.xyz" already exists. Fitting procedure is skipped.
File "multipole2_4charges.xyz" already exists. Fitting procedure is skipped.
File "multipole2_4charges.xyz" already exists. Fitting procedure is skipped.
File "multipole2_4charges.xyz" already exists. Fitting procedure is skipped.
File "multipole2_4charges.xyz" already exists. Fitting procedure is skipped.
File "multipole9_1charges.xyz" already exists. Fitting procedure is skipped.
File "multipole9_1charges.xyz" already exists. Fitting procedure is skipped.
File "multipole9_1charges.xyz" already exists. Fitting procedure is skipped.
File "multipole9_1charges.xyz" already exists. Fitting procedure is skipped.
File "multipole9_1charges.xyz" already exists. Fitting procedure is skipped.
File "multipole9_1charges.xyz" already exists. Fitting procedure is skipped.
File "multipole9_1charges.xyz" already exists. Fitting procedure is skipped.
File "multipole9_1charges.xyz" already exists. Fitting procedure is skipped.
File "multipole9_2charges.xyz" already exists. Fitting procedure is skipped.
File "multipole9_2charges.xyz" already exists. Fitting procedure is skipped.
File "multipole9_2charges.xyz" already exists. Fitting procedure is skipped.
File "multipole9_2charges.xyz" already exists. Fitting procedure is skipped.
File "multipole9_2charges.xyz" already exists. Fitting procedure is skipped.
File "multipole9_2charges.xyz" already exists. Fitting procedure is skipped.
File "multipole9_2charges.xyz" already exists. Fitting procedure is skipped.
File "multipole9_2charges.xyz" already exists. Fitting procedure is skipped.
File "multipole9_3charges.xyz" already exists. Fitting procedure is skipped.
File "multipole9_3charges.xyz" already exists. Fitting procedure is skipped.
File "multipole9_3charges.xyz" already exists. Fitting procedure is skipped.
File "multipole9_3charges.xyz" already exists. Fitting procedure is skipped.
File "multipole9_3charges.xyz" already exists. Fitting procedure is skipped.
File "multipole9_3charges.xyz" already exists. Fitting procedure is skipped.
File "multipole9_3charges.xyz" already exists. Fitting procedure is skipped.
File "multipole9_3charges.xyz" already exists. Fitting procedure is skipped.
File "multipole9_4charges.xyz" already exists. Fitting procedure is skipped.
File "multipole9_4charges.xyz" already exists. Fitting procedure is skipped.
File "multipole9_4charges.xyz" already exists. Fitting procedure is skipped.
File "multipole9_4charges.xyz" already exists. Fitting procedure is skipped.
File "multipole9_4charges.xyz" already exists. Fitting procedure is skipped.
File "multipole9_4charges.xyz" already exists. Fitting procedure is skipped.
File "multipole9_4charges.xyz" already exists. Fitting procedure is skipped.
Fragment fit detected
Fitting to MTP grid, discarding reference MEP cube data
Subsequent stats etc. are compared to MTP data, not the
MEP from the reference cube file
Fragment fit detected
Fitting to MTP grid, discarding reference MEP cube data
Subsequent stats etc. are compared to MTP data, not the
MEP from the reference cube file
Fragment fit detected
Fitting to MTP grid, discarding reference MEP cube data
Subsequent stats etc. are compared to MTP data, not the
MEP from the reference cube file
Fragment fit detected
Fitting to MTP grid, discarding reference MEP cube data
Subsequent stats etc. are compared to MTP data, not the
MEP from the reference cube file
Fragment fit detected
Fitting to MTP grid, discarding reference MEP cube data
Subsequent stats etc. are compared to MTP data, not the
MEP from the reference cube file
Fragment fit detected
Fitting to MTP grid, discarding reference MEP cube data
Subsequent stats etc. are compared to MTP data, not the
MEP from the reference cube file
Fragment fit detected
Fitting to MTP grid, discarding reference MEP cube data
Subsequent stats etc. are compared to MTP data, not the
MEP from the reference cube file
File "multipole9_4charges.xyz" already exists. Fitting procedure is skipped.
Fragment fit detected
Fitting to MTP grid, discarding reference MEP cube data
Subsequent stats etc. are compared to MTP data, not the
MEP from the reference cube file
Total fragment charge (a.u.):         1.080647797E-01
Running DE in parallel with 8 thread(s)!

Starting fitting procedure for 2 charges, trial 1
Total fragment charge (a.u.):         1.080647797E-01
Running DE in parallel with 8 thread(s)!

Starting fitting procedure for 2 charges, trial 1
Total fragment charge (a.u.):         1.080647797E-01
Running DE in parallel with 8 thread(s)!

Starting fitting procedure for 2 charges, trial 1
Total fragment charge (a.u.):         1.080647797E-01
Running DE in parallel with 8 thread(s)!

Starting fitting procedure for 2 charges, trial 1
Total fragment charge (a.u.):         1.080647797E-01
Running DE in parallel with 8 thread(s)!

Starting fitting procedure for 2 charges, trial 1
Total fragment charge (a.u.):         1.080647797E-01
Running DE in parallel with 8 thread(s)!

Starting fitting procedure for 2 charges, trial 1
Total fragment charge (a.u.):         1.080647797E-01
Running DE in parallel with 8 thread(s)!

Starting fitting procedure for 2 charges, trial 1
Total fragment charge (a.u.):         1.080647797E-01
Running DE in parallel with 8 thread(s)!

Starting fitting procedure for 2 charges, trial 1
gen      0/4000      elitist  1.6392730E-03 feasible? T
gen      0/4000      elitist  1.6392730E-03 feasible? T
gen      0/4000      elitist  1.7915595E-03 feasible? T
gen      0/4000      elitist  2.2264466E-03 feasible? T
gen      0/4000      elitist  1.7915595E-03 feasible? T
gen      0/4000      elitist  1.7915595E-03 feasible? T
gen      0/4000      elitist  2.2264466E-03 feasible? T
gen      0/4000      elitist  1.6285759E-03 feasible? T
gen    100/4000      elitist  1.3711158E-03 feasible? T
gen    100/4000      elitist  1.3716840E-03 feasible? T
gen    100/4000      elitist  1.3710215E-03 feasible? T
gen    100/4000      elitist  1.3707830E-03 feasible? T
gen    100/4000      elitist  1.3705941E-03 feasible? T
gen    100/4000      elitist  1.3707258E-03 feasible? T
gen    100/4000      elitist  1.3710373E-03 feasible? T
gen    100/4000      elitist  1.3711130E-03 feasible? T
gen    200/4000      elitist  1.3703794E-03 feasible? T
gen    200/4000      elitist  1.3703823E-03 feasible? T
gen    200/4000      elitist  1.3704088E-03 feasible? T
gen    200/4000      elitist  1.3703722E-03 feasible? T
gen    200/4000      elitist  1.3704329E-03 feasible? T
gen    200/4000      elitist  1.3704769E-03 feasible? T
gen    200/4000      elitist  1.3703741E-03 feasible? T
gen    200/4000      elitist  1.3703984E-03 feasible? T
gen    300/4000      elitist  1.3703794E-03 feasible? T
gen    300/4000      elitist  1.3703556E-03 feasible? T
gen    300/4000      elitist  1.3704598E-03 feasible? T
gen    300/4000      elitist  1.3703714E-03 feasible? T
gen    300/4000      elitist  1.3703991E-03 feasible? T
gen    300/4000      elitist  1.3703741E-03 feasible? T
gen    300/4000      elitist  1.3704016E-03 feasible? T
gen    300/4000      elitist  1.3703984E-03 feasible? T
gen    400/4000      elitist  1.3703718E-03 feasible? T
gen    400/4000      elitist  1.3703539E-03 feasible? T
gen    400/4000      elitist  1.3703709E-03 feasible? T
gen    400/4000      elitist  1.3704346E-03 feasible? T
gen    400/4000      elitist  1.3703592E-03 feasible? T
gen    400/4000      elitist  1.3704016E-03 feasible? T
gen    400/4000      elitist  1.3703859E-03 feasible? T
gen    400/4000      elitist  1.3703884E-03 feasible? T
gen    500/4000      elitist  1.3703666E-03 feasible? T
gen    500/4000      elitist  1.3703676E-03 feasible? T
gen    500/4000      elitist  1.3703539E-03 feasible? T
gen    500/4000      elitist  1.3703902E-03 feasible? T
gen    500/4000      elitist  1.3703999E-03 feasible? T
gen    500/4000      elitist  1.3703592E-03 feasible? T
gen    500/4000      elitist  1.3703838E-03 feasible? T
gen    500/4000      elitist  1.3703719E-03 feasible? T
gen    600/4000      elitist  1.3703654E-03 feasible? T
gen    600/4000      elitist  1.3703528E-03 feasible? T
gen    600/4000      elitist  1.3703556E-03 feasible? T
gen    600/4000      elitist  1.3703588E-03 feasible? T
gen    600/4000      elitist  1.3703592E-03 feasible? T
gen    600/4000      elitist  1.3703803E-03 feasible? T
gen    600/4000      elitist  1.3703791E-03 feasible? T
gen    600/4000      elitist  1.3703613E-03 feasible? T
gen    700/4000      elitist  1.3703647E-03 feasible? T
gen    700/4000      elitist  1.3703523E-03 feasible? T
gen    700/4000      elitist  1.3703546E-03 feasible? T
gen    700/4000      elitist  1.3703537E-03 feasible? T
gen    700/4000      elitist  1.3703587E-03 feasible? T
gen    700/4000      elitist  1.3703622E-03 feasible? T
gen    700/4000      elitist  1.3703548E-03 feasible? T
gen    700/4000      elitist  1.3703590E-03 feasible? T
gen    800/4000      elitist  1.3703520E-03 feasible? T
gen    800/4000      elitist  1.3703543E-03 feasible? T
gen    800/4000      elitist  1.3703517E-03 feasible? T
gen    800/4000      elitist  1.3703527E-03 feasible? T
gen    800/4000      elitist  1.3703581E-03 feasible? T
gen    800/4000      elitist  1.3703622E-03 feasible? T
gen    800/4000      elitist  1.3703540E-03 feasible? T
gen    800/4000      elitist  1.3703539E-03 feasible? T
gen    900/4000      elitist  1.3703516E-03 feasible? T
gen    900/4000      elitist  1.3703554E-03 feasible? T
gen    900/4000      elitist  1.3703522E-03 feasible? T
gen    900/4000      elitist  1.3703521E-03 feasible? T
gen    900/4000      elitist  1.3703533E-03 feasible? T
gen    900/4000      elitist  1.3703516E-03 feasible? T
gen    900/4000      elitist  1.3703526E-03 feasible? T
gen    900/4000      elitist  1.3703523E-03 feasible? T
gen   1000/4000      elitist  1.3703516E-03 feasible? T
gen   1000/4000      elitist  1.3703517E-03 feasible? T
gen   1000/4000      elitist  1.3703514E-03 feasible? T
gen   1000/4000      elitist  1.3703515E-03 feasible? T
gen   1000/4000      elitist  1.3703514E-03 feasible? T
gen   1000/4000      elitist  1.3703516E-03 feasible? T
gen   1000/4000      elitist  1.3703524E-03 feasible? T
gen   1000/4000      elitist  1.3703522E-03 feasible? T
gen   1100/4000      elitist  1.3703514E-03 feasible? T
gen   1100/4000      elitist  1.3703514E-03 feasible? T
gen   1100/4000      elitist  1.3703514E-03 feasible? T
gen   1100/4000      elitist  1.3703514E-03 feasible? T
gen   1100/4000      elitist  1.3703514E-03 feasible? T
gen   1100/4000      elitist  1.3703514E-03 feasible? T
gen   1100/4000      elitist  1.3703514E-03 feasible? T
gen   1100/4000      elitist  1.3703514E-03 feasible? T
gen   1200/4000      elitist  1.3703514E-03 feasible? T
gen   1200/4000      elitist  1.3703514E-03 feasible? T
gen   1200/4000      elitist  1.3703514E-03 feasible? T
gen   1200/4000      elitist  1.3703514E-03 feasible? T
gen   1200/4000      elitist  1.3703514E-03 feasible? T
gen   1200/4000      elitist  1.3703514E-03 feasible? T
gen   1200/4000      elitist  1.3703514E-03 feasible? T
gen   1200/4000      elitist  1.3703514E-03 feasible? T
gen   1300/4000      elitist  1.3703514E-03 feasible? T
gen   1300/4000      elitist  1.3703514E-03 feasible? T
gen   1300/4000      elitist  1.3703514E-03 feasible? T
gen   1300/4000      elitist  1.3703514E-03 feasible? T
gen   1300/4000      elitist  1.3703514E-03 feasible? T
gen   1300/4000      elitist  1.3703514E-03 feasible? T
gen   1300/4000      elitist  1.3703514E-03 feasible? T
gen   1300/4000      elitist  1.3703514E-03 feasible? T
gen   1400/4000      elitist  1.3703514E-03 feasible? T
gen   1400/4000      elitist  1.3703514E-03 feasible? T
gen   1400/4000      elitist  1.3703514E-03 feasible? T
gen   1400/4000      elitist  1.3703514E-03 feasible? T
gen   1400/4000      elitist  1.3703514E-03 feasible? T
gen   1400/4000      elitist  1.3703514E-03 feasible? T
gen   1400/4000      elitist  1.3703514E-03 feasible? T
gen   1400/4000      elitist  1.3703514E-03 feasible? T
gen   1500/4000      elitist  1.3703514E-03 feasible? T
gen   1500/4000      elitist  1.3703514E-03 feasible? T
gen   1500/4000      elitist  1.3703514E-03 feasible? T
gen   1500/4000      elitist  1.3703514E-03 feasible? T
gen   1500/4000      elitist  1.3703514E-03 feasible? T
gen   1500/4000      elitist  1.3703514E-03 feasible? T
gen   1500/4000      elitist  1.3703514E-03 feasible? T
gen   1500/4000      elitist  1.3703514E-03 feasible? T
gen   1600/4000      elitist  1.3703514E-03 feasible? T
gen   1600/4000      elitist  1.3703514E-03 feasible? T
gen   1600/4000      elitist  1.3703514E-03 feasible? T
gen   1600/4000      elitist  1.3703514E-03 feasible? T
gen   1600/4000      elitist  1.3703514E-03 feasible? T
gen   1600/4000      elitist  1.3703514E-03 feasible? T
gen   1600/4000      elitist  1.3703514E-03 feasible? T
gen   1600/4000      elitist  1.3703514E-03 feasible? T
gen   1700/4000      elitist  1.3703514E-03 feasible? T
gen   1700/4000      elitist  1.3703514E-03 feasible? T
gen   1700/4000      elitist  1.3703514E-03 feasible? T
gen   1700/4000      elitist  1.3703514E-03 feasible? T
gen   1700/4000      elitist  1.3703514E-03 feasible? T
gen   1700/4000      elitist  1.3703514E-03 feasible? T
gen   1700/4000      elitist  1.3703514E-03 feasible? T
gen   1700/4000      elitist  1.3703514E-03 feasible? T
gen   1800/4000      elitist  1.3703514E-03 feasible? T
gen   1800/4000      elitist  1.3703514E-03 feasible? T
gen   1800/4000      elitist  1.3703514E-03 feasible? T
gen   1800/4000      elitist  1.3703514E-03 feasible? T
gen   1800/4000      elitist  1.3703514E-03 feasible? T
gen   1800/4000      elitist  1.3703514E-03 feasible? T
gen   1800/4000      elitist  1.3703514E-03 feasible? T
gen   1800/4000      elitist  1.3703514E-03 feasible? T
gen   1900/4000      elitist  1.3703514E-03 feasible? T
gen   1900/4000      elitist  1.3703514E-03 feasible? T
gen   1900/4000      elitist  1.3703514E-03 feasible? T
gen   1900/4000      elitist  1.3703514E-03 feasible? T
gen   1900/4000      elitist  1.3703514E-03 feasible? T
gen   1900/4000      elitist  1.3703514E-03 feasible? T
gen   1900/4000      elitist  1.3703514E-03 feasible? T
gen   1900/4000      elitist  1.3703514E-03 feasible? T
gen   2000/4000      elitist  1.3703514E-03 feasible? T
gen   2000/4000      elitist  1.3703514E-03 feasible? T
gen   2000/4000      elitist  1.3703514E-03 feasible? T
gen   2000/4000      elitist  1.3703514E-03 feasible? T
gen   2000/4000      elitist  1.3703514E-03 feasible? T
gen   2000/4000      elitist  1.3703514E-03 feasible? T
gen   2000/4000      elitist  1.3703514E-03 feasible? T
gen   2000/4000      elitist  1.3703514E-03 feasible? T
gen   2100/4000      elitist  1.3703514E-03 feasible? T
gen   2100/4000      elitist  1.3703514E-03 feasible? T
gen   2100/4000      elitist  1.3703514E-03 feasible? T
gen   2100/4000      elitist  1.3703514E-03 feasible? T
gen   2100/4000      elitist  1.3703514E-03 feasible? T
gen   2100/4000      elitist  1.3703514E-03 feasible? T
gen   2100/4000      elitist  1.3703514E-03 feasible? T
gen   2100/4000      elitist  1.3703514E-03 feasible? T
gen   2200/4000      elitist  1.3703514E-03 feasible? T
gen   2200/4000      elitist  1.3703514E-03 feasible? T
gen   2200/4000      elitist  1.3703514E-03 feasible? T
gen   2200/4000      elitist  1.3703514E-03 feasible? T
gen   2200/4000      elitist  1.3703514E-03 feasible? T
gen   2200/4000      elitist  1.3703514E-03 feasible? T
gen   2200/4000      elitist  1.3703514E-03 feasible? T
gen   2200/4000      elitist  1.3703514E-03 feasible? T
gen   2300/4000      elitist  1.3703514E-03 feasible? T
gen   2300/4000      elitist  1.3703514E-03 feasible? T
gen   2300/4000      elitist  1.3703514E-03 feasible? T
gen   2300/4000      elitist  1.3703514E-03 feasible? T
gen   2300/4000      elitist  1.3703514E-03 feasible? T
gen   2300/4000      elitist  1.3703514E-03 feasible? T
gen   2300/4000      elitist  1.3703514E-03 feasible? T
gen   2300/4000      elitist  1.3703514E-03 feasible? T
gen   2400/4000      elitist  1.3703514E-03 feasible? T
gen   2400/4000      elitist  1.3703514E-03 feasible? T
gen   2400/4000      elitist  1.3703514E-03 feasible? T
gen   2400/4000      elitist  1.3703514E-03 feasible? T
gen   2400/4000      elitist  1.3703514E-03 feasible? T
gen   2400/4000      elitist  1.3703514E-03 feasible? T
gen   2400/4000      elitist  1.3703514E-03 feasible? T
gen   2400/4000      elitist  1.3703514E-03 feasible? T
gen   2500/4000      elitist  1.3703514E-03 feasible? T
gen   2500/4000      elitist  1.3703514E-03 feasible? T
gen   2500/4000      elitist  1.3703514E-03 feasible? T
gen   2500/4000      elitist  1.3703514E-03 feasible? T
gen   2500/4000      elitist  1.3703514E-03 feasible? T
gen   2500/4000      elitist  1.3703514E-03 feasible? T
gen   2500/4000      elitist  1.3703514E-03 feasible? T
gen   2500/4000      elitist  1.3703514E-03 feasible? T
gen   2600/4000      elitist  1.3703514E-03 feasible? T
gen   2600/4000      elitist  1.3703514E-03 feasible? T
gen   2600/4000      elitist  1.3703514E-03 feasible? T
gen   2600/4000      elitist  1.3703514E-03 feasible? T
gen   2600/4000      elitist  1.3703514E-03 feasible? T
gen   2600/4000      elitist  1.3703514E-03 feasible? T
gen   2600/4000      elitist  1.3703514E-03 feasible? T
gen   2600/4000      elitist  1.3703514E-03 feasible? T
gen   2700/4000      elitist  1.3703514E-03 feasible? T
gen   2700/4000      elitist  1.3703514E-03 feasible? T
gen   2700/4000      elitist  1.3703514E-03 feasible? T
gen   2700/4000      elitist  1.3703514E-03 feasible? T
gen   2700/4000      elitist  1.3703514E-03 feasible? T
gen   2700/4000      elitist  1.3703514E-03 feasible? T
gen   2700/4000      elitist  1.3703514E-03 feasible? T
gen   2700/4000      elitist  1.3703514E-03 feasible? T
gen   2800/4000      elitist  1.3703514E-03 feasible? T
gen   2800/4000      elitist  1.3703514E-03 feasible? T
gen   2800/4000      elitist  1.3703514E-03 feasible? T
gen   2800/4000      elitist  1.3703514E-03 feasible? T
gen   2800/4000      elitist  1.3703514E-03 feasible? T
gen   2800/4000      elitist  1.3703514E-03 feasible? T
gen   2800/4000      elitist  1.3703514E-03 feasible? T
gen   2800/4000      elitist  1.3703514E-03 feasible? T
gen   2900/4000      elitist  1.3703514E-03 feasible? T
gen   2900/4000      elitist  1.3703514E-03 feasible? T
gen   2900/4000      elitist  1.3703514E-03 feasible? T
gen   2900/4000      elitist  1.3703514E-03 feasible? T
gen   2900/4000      elitist  1.3703514E-03 feasible? T
gen   2900/4000      elitist  1.3703514E-03 feasible? T
gen   2900/4000      elitist  1.3703514E-03 feasible? T
gen   2900/4000      elitist  1.3703514E-03 feasible? T
gen   3000/4000      elitist  1.3703514E-03 feasible? T
gen   3000/4000      elitist  1.3703514E-03 feasible? T
gen   3000/4000      elitist  1.3703514E-03 feasible? T
gen   3000/4000      elitist  1.3703514E-03 feasible? T
gen   3000/4000      elitist  1.3703514E-03 feasible? T
gen   3000/4000      elitist  1.3703514E-03 feasible? T
gen   3000/4000      elitist  1.3703514E-03 feasible? T
gen   3000/4000      elitist  1.3703514E-03 feasible? T
gen   3100/4000      elitist  1.3703514E-03 feasible? T
gen   3100/4000      elitist  1.3703514E-03 feasible? T
gen   3100/4000      elitist  1.3703514E-03 feasible? T
gen   3100/4000      elitist  1.3703514E-03 feasible? T
gen   3100/4000      elitist  1.3703514E-03 feasible? T
gen   3100/4000      elitist  1.3703514E-03 feasible? T
gen   3100/4000      elitist  1.3703514E-03 feasible? T
gen   3100/4000      elitist  1.3703514E-03 feasible? T
gen   3200/4000      elitist  1.3703514E-03 feasible? T
gen   3200/4000      elitist  1.3703514E-03 feasible? T
gen   3200/4000      elitist  1.3703514E-03 feasible? T
gen   3200/4000      elitist  1.3703514E-03 feasible? T
gen   3200/4000      elitist  1.3703514E-03 feasible? T
gen   3200/4000      elitist  1.3703514E-03 feasible? T
gen   3200/4000      elitist  1.3703514E-03 feasible? T
gen   3200/4000      elitist  1.3703514E-03 feasible? T
gen   3300/4000      elitist  1.3703514E-03 feasible? T
gen   3300/4000      elitist  1.3703514E-03 feasible? T
gen   3300/4000      elitist  1.3703514E-03 feasible? T
gen   3300/4000      elitist  1.3703514E-03 feasible? T
gen   3300/4000      elitist  1.3703514E-03 feasible? T
gen   3300/4000      elitist  1.3703514E-03 feasible? T
gen   3300/4000      elitist  1.3703514E-03 feasible? T
gen   3300/4000      elitist  1.3703514E-03 feasible? T
gen   3400/4000      elitist  1.3703514E-03 feasible? T
gen   3400/4000      elitist  1.3703514E-03 feasible? T
gen   3400/4000      elitist  1.3703514E-03 feasible? T
gen   3400/4000      elitist  1.3703514E-03 feasible? T
gen   3400/4000      elitist  1.3703514E-03 feasible? T
gen   3400/4000      elitist  1.3703514E-03 feasible? T
gen   3400/4000      elitist  1.3703514E-03 feasible? T
gen   3400/4000      elitist  1.3703514E-03 feasible? T
gen   3500/4000      elitist  1.3703514E-03 feasible? T
gen   3500/4000      elitist  1.3703514E-03 feasible? T
gen   3500/4000      elitist  1.3703514E-03 feasible? T
gen   3500/4000      elitist  1.3703514E-03 feasible? T
gen   3500/4000      elitist  1.3703514E-03 feasible? T
gen   3500/4000      elitist  1.3703514E-03 feasible? T
gen   3500/4000      elitist  1.3703514E-03 feasible? T
gen   3500/4000      elitist  1.3703514E-03 feasible? T
gen   3600/4000      elitist  1.3703514E-03 feasible? T
gen   3600/4000      elitist  1.3703514E-03 feasible? T
gen   3600/4000      elitist  1.3703514E-03 feasible? T
gen   3600/4000      elitist  1.3703514E-03 feasible? T
gen   3600/4000      elitist  1.3703514E-03 feasible? T
gen   3600/4000      elitist  1.3703514E-03 feasible? T
gen   3600/4000      elitist  1.3703514E-03 feasible? T
gen   3600/4000      elitist  1.3703514E-03 feasible? T
gen   3700/4000      elitist  1.3703514E-03 feasible? T
gen   3700/4000      elitist  1.3703514E-03 feasible? T
gen   3700/4000      elitist  1.3703514E-03 feasible? T
gen   3700/4000      elitist  1.3703514E-03 feasible? T
gen   3700/4000      elitist  1.3703514E-03 feasible? T
gen   3700/4000      elitist  1.3703514E-03 feasible? T
gen   3700/4000      elitist  1.3703514E-03 feasible? T
gen   3700/4000      elitist  1.3703514E-03 feasible? T
gen   3800/4000      elitist  1.3703514E-03 feasible? T
gen   3800/4000      elitist  1.3703514E-03 feasible? T
gen   3800/4000      elitist  1.3703514E-03 feasible? T
gen   3800/4000      elitist  1.3703514E-03 feasible? T
gen   3800/4000      elitist  1.3703514E-03 feasible? T
gen   3800/4000      elitist  1.3703514E-03 feasible? T
gen   3800/4000      elitist  1.3703514E-03 feasible? T
gen   3800/4000      elitist  1.3703514E-03 feasible? T
gen   3900/4000      elitist  1.3703514E-03 feasible? T
gen   3900/4000      elitist  1.3703514E-03 feasible? T
gen   3900/4000      elitist  1.3703514E-03 feasible? T
gen   3900/4000      elitist  1.3703514E-03 feasible? T
gen   3900/4000      elitist  1.3703514E-03 feasible? T
gen   3900/4000      elitist  1.3703514E-03 feasible? T
gen   3900/4000      elitist  1.3703514E-03 feasible? T
gen   3900/4000      elitist  1.3703514E-03 feasible? T
gen   4000/4000      elitist  1.3703514E-03 feasible? T
Starting local simplex optimization:
Solution before refinement:      1.3703513848E-03
Exiting simplex optimization after   225 iterations
Solution after  refinement:      1.3703513848E-03
RMSE         1.370351385E-03 Hartree
NEW BEST!

Starting fitting procedure for 2 charges, trial 2
gen      0/4000      elitist  1.6566714E-03 feasible? T
gen   4000/4000      elitist  1.3703514E-03 feasible? T
Starting local simplex optimization:
Solution before refinement:      1.3703513848E-03
gen   4000/4000      elitist  1.3703514E-03 feasible? T
gen   4000/4000      elitist  1.3703514E-03 feasible? T
Starting local simplex optimization:
Solution before refinement:      1.3703513848E-03
Starting local simplex optimization:
Solution before refinement:      1.3703513848E-03
Exiting simplex optimization after   225 iterations
Solution after  refinement:      1.3703513848E-03
RMSE         1.370351385E-03 Hartree
NEW BEST!

Starting fitting procedure for 2 charges, trial 2
gen      0/4000      elitist  1.6566714E-03 feasible? T
gen   4000/4000      elitist  1.3703514E-03 feasible? T
Starting local simplex optimization:
Solution before refinement:      1.3703513848E-03
Exiting simplex optimization after   233 iterations
Solution after  refinement:      1.3703513848E-03
RMSE         1.370351385E-03 Hartree
NEW BEST!
Exiting simplex optimization after   225 iterations
Solution after  refinement:      1.3703513848E-03
RMSE         1.370351385E-03 Hartree
NEW BEST!

Starting fitting procedure for 2 charges, trial 2

Starting fitting procedure for 2 charges, trial 2
gen   4000/4000      elitist  1.3703514E-03 feasible? T
gen      0/4000      elitist  1.6566714E-03 feasible? T
gen      0/4000      elitist  1.7375496E-03 feasible? T
Starting local simplex optimization:
Solution before refinement:      1.3703513848E-03
gen   4000/4000      elitist  1.3703514E-03 feasible? T
Starting local simplex optimization:
Solution before refinement:      1.3703513848E-03
Exiting simplex optimization after   228 iterations
Solution after  refinement:      1.3703513848E-03
RMSE         1.370351385E-03 Hartree
NEW BEST!

Starting fitting procedure for 2 charges, trial 2
gen      0/4000      elitist  1.6550135E-03 feasible? T
gen   4000/4000      elitist  1.3703514E-03 feasible? T
Exiting simplex optimization after   245 iterations
Solution after  refinement:      1.3703513848E-03
RMSE         1.370351385E-03 Hartree
NEW BEST!
Starting local simplex optimization:
Solution before refinement:      1.3703513848E-03

Starting fitting procedure for 2 charges, trial 2
Exiting simplex optimization after   245 iterations
Solution after  refinement:      1.3703513848E-03
RMSE         1.370351385E-03 Hartree
NEW BEST!
gen      0/4000      elitist  1.8221792E-03 feasible? T

Starting fitting procedure for 2 charges, trial 2
gen      0/4000      elitist  1.8221792E-03 feasible? T
Exiting simplex optimization after   228 iterations
Solution after  refinement:      1.3703513848E-03
RMSE         1.370351385E-03 Hartree
NEW BEST!

Starting fitting procedure for 2 charges, trial 2
gen      0/4000      elitist  1.6550135E-03 feasible? T
gen    100/4000      elitist  1.3703906E-03 feasible? T
gen    100/4000      elitist  1.3723386E-03 feasible? T
gen    100/4000      elitist  1.3704196E-03 feasible? T
gen    100/4000      elitist  1.3703762E-03 feasible? T
gen    100/4000      elitist  1.3703983E-03 feasible? T
gen    100/4000      elitist  1.3705443E-03 feasible? T
gen    100/4000      elitist  1.3709932E-03 feasible? T
gen    100/4000      elitist  1.3714047E-03 feasible? T
gen    200/4000      elitist  1.3703514E-03 feasible? T
gen    200/4000      elitist  1.3703518E-03 feasible? T
gen    200/4000      elitist  1.3703514E-03 feasible? T
gen    200/4000      elitist  1.3703514E-03 feasible? T
gen    200/4000      elitist  1.3703518E-03 feasible? T
gen    200/4000      elitist  1.3703515E-03 feasible? T
gen    200/4000      elitist  1.3703515E-03 feasible? T
population converged towards a single solution after 230 generations.
Starting local simplex optimization:
Solution before refinement:      1.3703513858E-03
gen    200/4000      elitist  1.3703516E-03 feasible? T
Exiting simplex optimization after   235 iterations
Solution after  refinement:      1.3703513858E-03
RMSE         1.370351386E-03 Hartree

Starting fitting procedure for 2 charges, trial 3
gen      0/4000      elitist  1.8526894E-03 feasible? T
population converged towards a single solution after 242 generations.
Starting local simplex optimization:
Solution before refinement:      1.3703513851E-03
Exiting simplex optimization after   235 iterations
Solution after  refinement:      1.3703513851E-03
RMSE         1.370351385E-03 Hartree

Starting fitting procedure for 2 charges, trial 3
gen      0/4000      elitist  1.8526894E-03 feasible? T
population converged towards a single solution after 249 generations.
Starting local simplex optimization:
Solution before refinement:      1.3703513852E-03
 performing expansion, best =    1.3703513852450090E-003
Exiting simplex optimization after   227 iterations
Solution after  refinement:      1.3703513852E-03
RMSE         1.370351385E-03 Hartree

Starting fitting procedure for 2 charges, trial 3
gen      0/4000      elitist  1.7962498E-03 feasible? T
population converged towards a single solution after 259 generations.
Starting local simplex optimization:
Solution before refinement:      1.3703513853E-03
Exiting simplex optimization after   229 iterations
Solution after  refinement:      1.3703513853E-03
RMSE         1.370351385E-03 Hartree

Starting fitting procedure for 2 charges, trial 3
gen      0/4000      elitist  1.7158584E-03 feasible? T
population converged towards a single solution after 287 generations.
Starting local simplex optimization:
Solution before refinement:      1.3703513853E-03
population converged towards a single solution after 279 generations.
Starting local simplex optimization:
Solution before refinement:      1.3703513853E-03
population converged towards a single solution after 285 generations.
Starting local simplex optimization:
Solution before refinement:      1.3703513852E-03
Exiting simplex optimization after   226 iterations
Solution after  refinement:      1.3703513853E-03
RMSE         1.370351385E-03 Hartree

Starting fitting procedure for 2 charges, trial 3
 performing expansion, best =    1.3703513849138253E-003
Exiting simplex optimization after   235 iterations
Solution after  refinement:      1.3703513849E-03
RMSE         1.370351385E-03 Hartree

Starting fitting procedure for 2 charges, trial 3
gen      0/4000      elitist  1.7158584E-03 feasible? T
 performing expansion, best =    1.3703513848799865E-003
gen      0/4000      elitist  1.8526894E-03 feasible? T
Exiting simplex optimization after   238 iterations
Solution after  refinement:      1.3703513849E-03
RMSE         1.370351385E-03 Hartree

Starting fitting procedure for 2 charges, trial 3
gen      0/4000      elitist  1.6085069E-03 feasible? T
population converged towards a single solution after 282 generations.
Starting local simplex optimization:
Solution before refinement:      1.3703513859E-03
 performing expansion, best =    1.3703513856519660E-003
 performing expansion, best =    1.3703513856022963E-003
Exiting simplex optimization after   242 iterations
Solution after  refinement:      1.3703513856E-03
RMSE         1.370351386E-03 Hartree

Starting fitting procedure for 2 charges, trial 3
gen      0/4000      elitist  1.6085069E-03 feasible? T
gen    100/4000      elitist  1.3707941E-03 feasible? T
gen    100/4000      elitist  1.3705244E-03 feasible? T
gen    100/4000      elitist  1.3706254E-03 feasible? T
gen    100/4000      elitist  1.3706259E-03 feasible? T
gen    100/4000      elitist  1.3708391E-03 feasible? T
gen    100/4000      elitist  1.3707668E-03 feasible? T
gen    100/4000      elitist  1.3713441E-03 feasible? T
gen    100/4000      elitist  1.3712699E-03 feasible? T
gen    200/4000      elitist  1.3703517E-03 feasible? T
gen    200/4000      elitist  1.3703514E-03 feasible? T
gen    200/4000      elitist  1.3703514E-03 feasible? T
gen    200/4000      elitist  1.3703514E-03 feasible? T
gen    200/4000      elitist  1.3703515E-03 feasible? T
population converged towards a single solution after 242 generations.
Starting local simplex optimization:
Solution before refinement:      1.3703513850E-03
gen    200/4000      elitist  1.3703514E-03 feasible? T
gen    200/4000      elitist  1.3703515E-03 feasible? T
Exiting simplex optimization after   221 iterations
Solution after  refinement:      1.3703513850E-03
RMSE         1.370351385E-03 Hartree

Starting fitting procedure for 2 charges, trial 4
gen      0/4000      elitist  1.5015913E-03 feasible? T
population converged towards a single solution after 257 generations.
Starting local simplex optimization:
Solution before refinement:      1.3703513852E-03
gen    200/4000      elitist  1.3703515E-03 feasible? T
 performing expansion, best =    1.3703513850988407E-003
Exiting simplex optimization after   228 iterations
Solution after  refinement:      1.3703513851E-03
RMSE         1.370351385E-03 Hartree

Starting fitting procedure for 2 charges, trial 4
gen      0/4000      elitist  1.6323285E-03 feasible? T
population converged towards a single solution after 296 generations.
Starting local simplex optimization:
Solution before refinement:      1.3703513850E-03
Exiting simplex optimization after   226 iterations
Solution after  refinement:      1.3703513850E-03
RMSE         1.370351385E-03 Hartree

Starting fitting procedure for 2 charges, trial 4
gen      0/4000      elitist  1.5015913E-03 feasible? T
population converged towards a single solution after 269 generations.
Starting local simplex optimization:
Solution before refinement:      1.3703513855E-03
Exiting simplex optimization after   244 iterations
Solution after  refinement:      1.3703513855E-03
RMSE         1.370351385E-03 Hartree

Starting fitting procedure for 2 charges, trial 4
gen      0/4000      elitist  1.8558089E-03 feasible? T
population converged towards a single solution after 260 generations.
Starting local simplex optimization:
Solution before refinement:      1.3703513852E-03
 performing expansion, best =    1.3703513851861984E-003
Exiting simplex optimization after   218 iterations
Solution after  refinement:      1.3703513852E-03
RMSE         1.370351385E-03 Hartree

Starting fitting procedure for 2 charges, trial 4
gen      0/4000      elitist  1.5015913E-03 feasible? T
population converged towards a single solution after 279 generations.
Starting local simplex optimization:
Solution before refinement:      1.3703513852E-03
population converged towards a single solution after 257 generations.
Starting local simplex optimization:
Solution before refinement:      1.3703513855E-03
population converged towards a single solution after 279 generations.
Starting local simplex optimization:
Solution before refinement:      1.3703513852E-03
Exiting simplex optimization after   227 iterations
Solution after  refinement:      1.3703513855E-03
RMSE         1.370351385E-03 Hartree

Starting fitting procedure for 2 charges, trial 4
gen      0/4000      elitist  1.5895868E-03 feasible? T
Exiting simplex optimization after   235 iterations
Solution after  refinement:      1.3703513852E-03
RMSE         1.370351385E-03 Hartree

Starting fitting procedure for 2 charges, trial 4
gen      0/4000      elitist  1.8558089E-03 feasible? T
Exiting simplex optimization after   236 iterations
Solution after  refinement:      1.3703513852E-03
RMSE         1.370351385E-03 Hartree

Starting fitting procedure for 2 charges, trial 4
gen      0/4000      elitist  1.5895868E-03 feasible? T
gen    100/4000      elitist  1.3705992E-03 feasible? T
gen    100/4000      elitist  1.3709465E-03 feasible? T
gen    100/4000      elitist  1.3703715E-03 feasible? T
gen    100/4000      elitist  1.3705123E-03 feasible? T
gen    100/4000      elitist  1.3706045E-03 feasible? T
gen    100/4000      elitist  1.3704078E-03 feasible? T
gen    100/4000      elitist  1.3711208E-03 feasible? T
gen    100/4000      elitist  1.3705674E-03 feasible? T
gen    200/4000      elitist  1.3703514E-03 feasible? T
gen    200/4000      elitist  1.3703514E-03 feasible? T
gen    200/4000      elitist  1.3703514E-03 feasible? T
gen    200/4000      elitist  1.3703514E-03 feasible? T
population converged towards a single solution after 241 generations.
Starting local simplex optimization:
Solution before refinement:      1.3703513851E-03
gen    200/4000      elitist  1.3703516E-03 feasible? T
 performing expansion, best =    1.3703513849127515E-003
Exiting simplex optimization after   235 iterations
Solution after  refinement:      1.3703513849E-03
RMSE         1.370351385E-03 Hartree

Best found solution for 2 charges:
        RMSE         8.599078272E-01 kcal/mol
         MAE         6.368180773E-01 kcal/mol
     max. AE         4.525796752E+00 kcal/mol

       x[bohr]       y[bohr]       z[bohr]          q[e]
     1.0359025     0.5890726     0.0377295     1.0000000
     0.8782689     2.3209115     0.0042281    -0.8919352

population converged towards a single solution after 268 generations.
Starting local simplex optimization:
Solution before refinement:      1.3703513850E-03
gen    200/4000      elitist  1.3703514E-03 feasible? T
 performing expansion, best =    1.3703513849821398E-003
gen    200/4000      elitist  1.3703531E-03 feasible? T
Exiting simplex optimization after   233 iterations
Solution after  refinement:      1.3703513850E-03
RMSE         1.370351385E-03 Hartree

Best found solution for 2 charges:
        RMSE         8.599078272E-01 kcal/mol
         MAE         6.368180764E-01 kcal/mol
     max. AE         4.525797063E+00 kcal/mol

       x[bohr]       y[bohr]       z[bohr]          q[e]
     1.0359025     0.5890726     0.0377295     1.0000000
     0.8782689     2.3209115     0.0042281    -0.8919352

population converged towards a single solution after 263 generations.
Starting local simplex optimization:
Solution before refinement:      1.3703513850E-03
gen    200/4000      elitist  1.3703518E-03 feasible? T
Exiting simplex optimization after   230 iterations
Solution after  refinement:      1.3703513850E-03
RMSE         1.370351385E-03 Hartree

Best found solution for 2 charges:
        RMSE         8.599078273E-01 kcal/mol
         MAE         6.368180740E-01 kcal/mol
     max. AE         4.525796800E+00 kcal/mol

       x[bohr]       y[bohr]       z[bohr]          q[e]
     1.0359025     0.5890726     0.0377295     1.0000000
     0.8782689     2.3209115     0.0042281    -0.8919352

population converged towards a single solution after 260 generations.
Starting local simplex optimization:
Solution before refinement:      1.3703513852E-03
Exiting simplex optimization after   233 iterations
Solution after  refinement:      1.3703513852E-03
RMSE         1.370351385E-03 Hartree

Best found solution for 2 charges:
        RMSE         8.599078274E-01 kcal/mol
         MAE         6.368180708E-01 kcal/mol
     max. AE         4.525796810E+00 kcal/mol

       x[bohr]       y[bohr]       z[bohr]          q[e]
     1.0359025     0.5890726     0.0377295     1.0000000
     0.8782689     2.3209115     0.0042281    -0.8919352

population converged towards a single solution after 252 generations.
Starting local simplex optimization:
Solution before refinement:      1.3703513855E-03
population converged towards a single solution after 270 generations.
Starting local simplex optimization:
Solution before refinement:      1.3703513851E-03
population converged towards a single solution after 259 generations.
Starting local simplex optimization:
Solution before refinement:      1.3703513870E-03
 performing expansion, best =    1.3703513852523573E-003
Exiting simplex optimization after   236 iterations
Solution after  refinement:      1.3703513853E-03
RMSE         1.370351385E-03 Hartree

Best found solution for 2 charges:
        RMSE         8.599078274E-01 kcal/mol
         MAE         6.368180704E-01 kcal/mol
     max. AE         4.525796659E+00 kcal/mol

       x[bohr]       y[bohr]       z[bohr]          q[e]
     1.0359025     0.5890726     0.0377295     1.0000000
     0.8782689     2.3209115     0.0042281    -0.8919352

Exiting simplex optimization after   231 iterations
Solution after  refinement:      1.3703513851E-03
RMSE         1.370351385E-03 Hartree

Best found solution for 2 charges:
        RMSE         8.599078273E-01 kcal/mol
         MAE         6.368180842E-01 kcal/mol
     max. AE         4.525796836E+00 kcal/mol

       x[bohr]       y[bohr]       z[bohr]          q[e]
     1.0359025     0.5890726     0.0377295     1.0000000
     0.8782689     2.3209115     0.0042281    -0.8919352

 performing expansion, best =    1.3703513858390401E-003
 performing expansion, best =    1.3703513856435914E-003
Exiting simplex optimization after   230 iterations
Solution after  refinement:      1.3703513856E-03
RMSE         1.370351386E-03 Hartree

Best found solution for 2 charges:
        RMSE         8.599078277E-01 kcal/mol
         MAE         6.368180771E-01 kcal/mol
     max. AE         4.525796681E+00 kcal/mol

       x[bohr]       y[bohr]       z[bohr]          q[e]
     1.0359025     0.5890726     0.0377295     1.0000000
     0.8782689     2.3209115     0.0042281    -0.8919352

population converged towards a single solution after 290 generations.
Starting local simplex optimization:
Solution before refinement:      1.3703513852E-03
Exiting simplex optimization after   227 iterations
Solution after  refinement:      1.3703513852E-03
RMSE         1.370351385E-03 Hartree

Best found solution for 2 charges:
        RMSE         8.599078274E-01 kcal/mol
         MAE         6.368180779E-01 kcal/mol
     max. AE         4.525796594E+00 kcal/mol

       x[bohr]       y[bohr]       z[bohr]          q[e]
     1.0359025     0.5890726     0.0377295     1.0000000
     0.8782689     2.3209115     0.0042281    -0.8919352

