Running in fitting mode

Reading "/home/boittier/pydcm/models/fbutadiene-0/ref/B.p.cube"...

  B.pdb Potential
  Electrostatic potential from Total SCF Density
   10  -10.199900   -7.816226   -6.512944
  101    0.198782    0.000000    0.000000
   76    0.000000    0.198782    0.000000
   67    0.000000    0.000000    0.198782
    6    6.000000    3.226547   -1.246303    0.000176
    6    6.000000    0.984868   -0.101378    0.000081
    6    6.000000   -1.486643   -1.303474   -0.000192
    6    6.000000   -3.687148   -0.065831    0.000212
    1    1.000000    4.964658   -0.172077    0.000364
    1    1.000000    3.325524   -3.286591   -0.000146
    9    9.000000    0.906338    2.468472   -0.000183
    1    1.000000   -1.443026   -3.354081   -0.000742
    1    1.000000   -3.765969    1.979293    0.000539
    1    1.000000   -5.463972   -1.080873   -0.000037
  1.94157E-02  2.03063E-02  1.85676E-02  1.46595E-02  1.69441E-02  1.58435E-02
       .            .            .            .            .            .
       .            .            .            .            .            .
       .            .            .            .            .            .
  1.21654E-02  1.24298E-02  1.26622E-02  1.27118E-02  1.25759E-02  1.22620E-02

116244 out of 514292 gridpoints are considered ( 22.6%).

...done!




USING GREEDY MODE
File "multipole7_1charges.xyz" already exists. Fitting procedure is skipped.
File "multipole7_2charges.xyz" already exists. Fitting procedure is skipped.
File "multipole7_3charges.xyz" already exists. Fitting procedure is skipped.
File "multipole7_4charges.xyz" already exists. Fitting procedure is skipped.
File "multipole2_1charges.xyz" already exists. Fitting procedure is skipped.
File "multipole2_2charges.xyz" already exists. Fitting procedure is skipped.
File "multipole2_3charges.xyz" already exists. Fitting procedure is skipped.
File "multipole2_4charges.xyz" already exists. Fitting procedure is skipped.
Fragment fit detected
Fitting to MTP grid, discarding reference MEP cube data
Subsequent stats etc. are compared to MTP data, not the
MEP from the reference cube file
Total fragment charge (a.u.):         1.570532390E-01
Running DE in parallel with 1 thread(s)!

Starting fitting procedure for 2 charges, trial 1
gen      0/4000      elitist  2.8574150E-03 feasible? T
gen    100/4000      elitist  1.1459887E-03 feasible? T
gen    200/4000      elitist  1.1452877E-03 feasible? T
population converged towards a single solution after 238 generations.
Starting local simplex optimization:
Solution before refinement:      1.1452876059E-03
Exiting simplex optimization after   124 iterations
Solution after  refinement:      1.1452876059E-03
RMSE         1.145287606E-03 Hartree
NEW BEST!

Starting fitting procedure for 2 charges, trial 2
gen      0/4000      elitist  2.7001860E-03 feasible? T
gen    100/4000      elitist  1.1454000E-03 feasible? T
gen    200/4000      elitist  1.1452876E-03 feasible? T
population converged towards a single solution after 223 generations.
Starting local simplex optimization:
Solution before refinement:      1.1452876059E-03
Exiting simplex optimization after   136 iterations
Solution after  refinement:      1.1452876059E-03
RMSE         1.145287606E-03 Hartree
NEW BEST!

Starting fitting procedure for 2 charges, trial 3
gen      0/4000      elitist  2.8961711E-03 feasible? T
gen    100/4000      elitist  1.1454561E-03 feasible? T
gen    200/4000      elitist  1.1452876E-03 feasible? T
population converged towards a single solution after 242 generations.
Starting local simplex optimization:
Solution before refinement:      1.1452876063E-03
Exiting simplex optimization after   125 iterations
Solution after  refinement:      1.1452876063E-03
RMSE         1.145287606E-03 Hartree

Starting fitting procedure for 2 charges, trial 4
gen      0/4000      elitist  2.6317250E-03 feasible? T
gen    100/4000      elitist  1.1454077E-03 feasible? T
gen    200/4000      elitist  1.1452876E-03 feasible? T
population converged towards a single solution after 226 generations.
Starting local simplex optimization:
Solution before refinement:      1.1452876060E-03
Exiting simplex optimization after   123 iterations
Solution after  refinement:      1.1452876059E-03
RMSE         1.145287606E-03 Hartree

Best found solution for 2 charges:
        RMSE         7.186782803E-01 kcal/mol
         MAE         5.129237015E-01 kcal/mol
     max. AE         5.453716810E+00 kcal/mol

       x[bohr]       y[bohr]       z[bohr]          q[e]
     0.5388362     2.5912550    -0.0056193    -0.2854716
     0.4677058     0.2749089     0.0410126     0.4425248

