Running in fitting mode

Reading "/home/boittier/pydcm/models/fbutadiene-18/ref/B.p.cube"...

  B.pdb Potential
  Electrostatic potential from Total SCF Density
   10  -10.324647   -7.560558   -6.513059
  112    0.166667    0.000000    0.000000
  100    0.000000    0.166667    0.000000
   79    0.000000    0.000000    0.166667
    6    6.000000    1.620043    2.491185   -0.000082
    6    6.000000    0.908110    0.081892   -0.000240
    6    6.000000   -1.616645   -1.047806   -0.000306
    6    6.000000   -3.811895    0.194664    0.000259
    1    1.000000    3.599860    2.995094    0.001207
    1    1.000000    0.226637    3.984252   -0.001820
    9    9.000000    2.743594   -1.735320    0.000204
    1    1.000000   -1.607877   -3.099400   -0.000380
    1    1.000000   -3.921420    2.240822    0.001916
    1    1.000000   -5.587219   -0.822496   -0.000537
  1.98186E-02  2.13111E-02  2.15167E-02  2.00425E-02  1.77954E-02  1.80767E-02
       .            .            .            .            .            .
       .            .            .            .            .            .
       .            .            .            .            .            .
 -4.75998E-03 -4.76219E-03 -4.77039E-03 -4.78430E-03 -4.80341E-03 -4.82705E-03

203195 out of 884800 gridpoints are considered ( 23.0%).

...done!




USING GREEDY MODE
File "multipole7_1charges.xyz" already exists. Fitting procedure is skipped.
File "multipole7_2charges.xyz" already exists. Fitting procedure is skipped.
File "multipole7_3charges.xyz" already exists. Fitting procedure is skipped.
File "multipole7_4charges.xyz" already exists. Fitting procedure is skipped.
File "multipole2_1charges.xyz" already exists. Fitting procedure is skipped.
File "multipole2_2charges.xyz" already exists. Fitting procedure is skipped.
File "multipole2_3charges.xyz" already exists. Fitting procedure is skipped.
File "multipole2_4charges.xyz" already exists. Fitting procedure is skipped.
Fragment fit detected
Fitting to MTP grid, discarding reference MEP cube data
Subsequent stats etc. are compared to MTP data, not the
MEP from the reference cube file
Total fragment charge (a.u.):         5.442900772E-02
Running DE in parallel with 1 thread(s)!

Starting fitting procedure for 2 charges, trial 1
gen      0/4000      elitist  3.3247657E-03 feasible? T
gen    100/4000      elitist  1.0301236E-03 feasible? T
gen    200/4000      elitist  1.0232630E-03 feasible? T
population converged towards a single solution after 240 generations.
Starting local simplex optimization:
Solution before refinement:      1.0232629155E-03
Exiting simplex optimization after   146 iterations
Solution after  refinement:      1.0232629155E-03
RMSE         1.023262916E-03 Hartree
NEW BEST!

Starting fitting procedure for 2 charges, trial 2
gen      0/4000      elitist  3.1003977E-03 feasible? T
gen    100/4000      elitist  1.0238133E-03 feasible? T
gen    200/4000      elitist  1.0232629E-03 feasible? T
population converged towards a single solution after 236 generations.
Starting local simplex optimization:
Solution before refinement:      1.0232629154E-03
Exiting simplex optimization after   128 iterations
Solution after  refinement:      1.0232629154E-03
RMSE         1.023262915E-03 Hartree
NEW BEST!

Starting fitting procedure for 2 charges, trial 3
gen      0/4000      elitist  2.2283584E-03 feasible? T
gen    100/4000      elitist  1.0234147E-03 feasible? T
gen    200/4000      elitist  1.0232629E-03 feasible? T
population converged towards a single solution after 216 generations.
Starting local simplex optimization:
Solution before refinement:      1.0232629153E-03
Exiting simplex optimization after   138 iterations
Solution after  refinement:      1.0232629153E-03
RMSE         1.023262915E-03 Hartree
NEW BEST!

Starting fitting procedure for 2 charges, trial 4
gen      0/4000      elitist  2.6810081E-03 feasible? T
gen    100/4000      elitist  1.0246429E-03 feasible? T
gen    200/4000      elitist  1.0232629E-03 feasible? T
population converged towards a single solution after 222 generations.
Starting local simplex optimization:
Solution before refinement:      1.0232629157E-03
Exiting simplex optimization after   131 iterations
Solution after  refinement:      1.0232629157E-03
RMSE         1.023262916E-03 Hartree

Best found solution for 2 charges:
        RMSE         6.421066890E-01 kcal/mol
         MAE         4.406512267E-01 kcal/mol
     max. AE         5.262502614E+00 kcal/mol

       x[bohr]       y[bohr]       z[bohr]          q[e]
     2.8234291    -2.0882117    -0.0079455    -0.2242891
     0.3525864    -0.5605518    -0.1549795     0.2787181

