Running in fitting mode

Reading "/home/boittier/pydcm/models/fbutadiene-0/ref/B.p.cube"...

  B.pdb Potential
  Electrostatic potential from Total SCF Density
   10  -10.199900   -7.816226   -6.512944
  101    0.198782    0.000000    0.000000
   76    0.000000    0.198782    0.000000
   67    0.000000    0.000000    0.198782
    6    6.000000    3.226547   -1.246303    0.000176
    6    6.000000    0.984868   -0.101378    0.000081
    6    6.000000   -1.486643   -1.303474   -0.000192
    6    6.000000   -3.687148   -0.065831    0.000212
    1    1.000000    4.964658   -0.172077    0.000364
    1    1.000000    3.325524   -3.286591   -0.000146
    9    9.000000    0.906338    2.468472   -0.000183
    1    1.000000   -1.443026   -3.354081   -0.000742
    1    1.000000   -3.765969    1.979293    0.000539
    1    1.000000   -5.463972   -1.080873   -0.000037
  1.47298E-02  1.01438E-02  1.27836E-02  1.14329E-02  7.10869E-03  9.31983E-03
       .            .            .            .            .            .
       .            .            .            .            .            .
       .            .            .            .            .            .
  4.11973E-03  4.16080E-03  4.16951E-03  4.14564E-03  4.08977E-03  4.00322E-03

118464 out of 514292 gridpoints are considered ( 23.0%).

...done!




USING GREEDY MODE
File "multipole5_1charges.xyz" already exists. Fitting procedure is skipped.
File "multipole5_2charges.xyz" already exists. Fitting procedure is skipped.
File "multipole5_3charges.xyz" already exists. Fitting procedure is skipped.
File "multipole5_4charges.xyz" already exists. Fitting procedure is skipped.
File "multipole1_1charges.xyz" already exists. Fitting procedure is skipped.
File "multipole1_2charges.xyz" already exists. Fitting procedure is skipped.
File "multipole1_3charges.xyz" already exists. Fitting procedure is skipped.
File "multipole1_4charges.xyz" already exists. Fitting procedure is skipped.
File "multipole6_1charges.xyz" already exists. Fitting procedure is skipped.
File "multipole6_2charges.xyz" already exists. Fitting procedure is skipped.
File "multipole6_3charges.xyz" already exists. Fitting procedure is skipped.
File "multipole6_4charges.xyz" already exists. Fitting procedure is skipped.
Fragment fit detected
Fitting to MTP grid, discarding reference MEP cube data
Subsequent stats etc. are compared to MTP data, not the
MEP from the reference cube file
Total fragment charge (a.u.):        -1.422319571E-01
Running DE in parallel with 1 thread(s)!

Starting fitting procedure for 5 charges, trial 1
gen      0/10000      elitist  3.3047722E-03 feasible? T
gen    100/10000      elitist  1.4204790E-03 feasible? T
gen    200/10000      elitist  1.0418967E-03 feasible? T
gen    300/10000      elitist  8.5343529E-04 feasible? T
gen    400/10000      elitist  7.6856282E-04 feasible? T
gen    500/10000      elitist  5.2680006E-04 feasible? T
gen    600/10000      elitist  4.6002000E-04 feasible? T
gen    700/10000      elitist  4.4033769E-04 feasible? T
gen    800/10000      elitist  4.3349085E-04 feasible? T
gen    900/10000      elitist  4.3319689E-04 feasible? T
gen   1000/10000      elitist  4.3311419E-04 feasible? T
gen   1100/10000      elitist  4.3275242E-04 feasible? T
gen   1200/10000      elitist  4.3268267E-04 feasible? T
gen   1300/10000      elitist  4.3267518E-04 feasible? T
gen   1400/10000      elitist  4.3192842E-04 feasible? T
gen   1500/10000      elitist  4.3151209E-04 feasible? T
gen   1600/10000      elitist  4.3132868E-04 feasible? T
gen   1700/10000      elitist  4.3129096E-04 feasible? T
gen   1800/10000      elitist  4.3127849E-04 feasible? T
gen   1900/10000      elitist  4.3120402E-04 feasible? T
gen   2000/10000      elitist  4.3117906E-04 feasible? T
gen   2100/10000      elitist  4.3117579E-04 feasible? T
gen   2200/10000      elitist  4.3117172E-04 feasible? T
gen   2300/10000      elitist  4.3117048E-04 feasible? T
gen   2400/10000      elitist  4.3117034E-04 feasible? T
gen   2500/10000      elitist  4.3117029E-04 feasible? T
gen   2600/10000      elitist  4.3117027E-04 feasible? T
population converged towards a single solution after 2679 generations.
Starting local simplex optimization:
Solution before refinement:      4.3117025534E-04
 performing expansion, best =    4.3116943582430630E-004
 performing expansion, best =    4.3116924547516994E-004
 performing expansion, best =    4.3116886371962377E-004
 performing expansion, best =    4.3116876721079262E-004
 performing expansion, best =    4.3116865401807538E-004
 performing expansion, best =    4.3116864668549639E-004
 performing expansion, best =    4.3116858425349021E-004
 performing expansion, best =    4.3116855961202653E-004
 performing expansion, best =    4.3116853160073040E-004
 performing expansion, best =    4.3116850323654136E-004
 performing expansion, best =    4.3116850244548447E-004
 performing expansion, best =    4.3116844634806366E-004
 performing expansion, best =    4.3116844100089103E-004
 performing expansion, best =    4.3116840984825424E-004
 performing expansion, best =    4.3116839035651599E-004
 performing expansion, best =    4.3116832386082385E-004
 performing expansion, best =    4.3116830596404821E-004
 performing expansion, best =    4.3116825251036201E-004
 performing expansion, best =    4.3116818591638575E-004
 performing expansion, best =    4.3116817083127122E-004
 performing expansion, best =    4.3116816388111484E-004
 performing expansion, best =    4.3116811500920886E-004
 performing expansion, best =    4.3116804382598391E-004
 performing expansion, best =    4.3116798878480608E-004
 performing expansion, best =    4.3116789384093740E-004
 performing expansion, best =    4.3116780537438804E-004
 performing expansion, best =    4.3116770951416529E-004
 performing expansion, best =    4.3116761116561610E-004
 performing expansion, best =    4.3116745683114451E-004
 performing expansion, best =    4.3116731202969547E-004
 performing expansion, best =    4.3116712537705860E-004
 performing expansion, best =    4.3116691348988906E-004
 performing expansion, best =    4.3116673646512762E-004
 performing expansion, best =    4.3116649929103752E-004
 performing expansion, best =    4.3116630253167546E-004
 performing expansion, best =    4.3116620005299991E-004
 performing expansion, best =    4.3116598655019279E-004
 performing expansion, best =    4.3116592049452474E-004
 performing expansion, best =    4.3116590816882178E-004
 performing expansion, best =    4.3116582831737770E-004
 performing expansion, best =    4.3116579385369503E-004
 performing expansion, best =    4.3116575762955584E-004
 performing expansion, best =    4.3116575354230105E-004
 performing expansion, best =    4.3116566454648643E-004
 performing expansion, best =    4.3116551161862156E-004
 performing expansion, best =    4.3116539597903251E-004
 performing expansion, best =    4.3116526552941146E-004
 performing expansion, best =    4.3116511042038476E-004
 performing expansion, best =    4.3116493714792544E-004
 performing expansion, best =    4.3116482642634543E-004
 performing expansion, best =    4.3116473060610724E-004
 performing expansion, best =    4.3116464721972144E-004
 performing expansion, best =    4.3116454985800071E-004
 performing expansion, best =    4.3116444881876866E-004
 performing expansion, best =    4.3116440097976794E-004
 performing expansion, best =    4.3116432071897709E-004
 performing expansion, best =    4.3116419154132511E-004
 performing expansion, best =    4.3116417524742106E-004
 performing expansion, best =    4.3116411777520375E-004
 performing expansion, best =    4.3116407963867206E-004
 performing expansion, best =    4.3116402755169459E-004
 performing expansion, best =    4.3116396467092813E-004
 performing expansion, best =    4.3116391979676304E-004
 performing expansion, best =    4.3116387972387803E-004
 performing expansion, best =    4.3116379383980718E-004
 performing expansion, best =    4.3116373533925192E-004
 performing expansion, best =    4.3116366243504880E-004
 performing expansion, best =    4.3116352438597256E-004
 performing expansion, best =    4.3116343989274271E-004
 performing expansion, best =    4.3116342660192580E-004
 performing expansion, best =    4.3116339102462374E-004
 performing expansion, best =    4.3116331342075504E-004
 performing expansion, best =    4.3116325555844895E-004
 performing expansion, best =    4.3116325312098520E-004
 performing expansion, best =    4.3116320507272164E-004
 performing expansion, best =    4.3116319146994307E-004
 performing expansion, best =    4.3116318520307020E-004
 performing expansion, best =    4.3116318195072736E-004
 performing expansion, best =    4.3116317825599436E-004
 performing expansion, best =    4.3116317730885687E-004
 performing expansion, best =    4.3116315935313922E-004
 performing expansion, best =    4.3116315930719399E-004
 performing expansion, best =    4.3116315213150968E-004
 performing expansion, best =    4.3116314673625279E-004
 performing expansion, best =    4.3116314303693590E-004
 performing expansion, best =    4.3116313794985887E-004
 performing expansion, best =    4.3116313612310322E-004
 performing expansion, best =    4.3116313470452898E-004
 performing expansion, best =    4.3116313149455735E-004
 performing expansion, best =    4.3116311405578031E-004
 performing expansion, best =    4.3116311353845065E-004
 performing expansion, best =    4.3116310891416391E-004
 performing expansion, best =    4.3116310850924183E-004
 performing expansion, best =    4.3116310440965310E-004
 performing expansion, best =    4.3116310425726274E-004
 performing expansion, best =    4.3116309748463346E-004
 performing expansion, best =    4.3116309413024888E-004
 performing expansion, best =    4.3116309096962054E-004
 performing expansion, best =    4.3116308700853490E-004
 performing expansion, best =    4.3116308627650106E-004
 performing expansion, best =    4.3116307805140185E-004
 performing expansion, best =    4.3116307336908341E-004
 performing expansion, best =    4.3116307291211485E-004
 performing expansion, best =    4.3116306485727816E-004
 performing expansion, best =    4.3116306484310363E-004
 performing expansion, best =    4.3116305717859734E-004
 performing expansion, best =    4.3116304633670122E-004
 performing expansion, best =    4.3116303558267367E-004
 performing expansion, best =    4.3116303315840281E-004
 performing expansion, best =    4.3116303271548855E-004
 performing expansion, best =    4.3116302811374319E-004
 performing expansion, best =    4.3116301814344831E-004
 performing expansion, best =    4.3116301779742188E-004
 performing expansion, best =    4.3116301313749736E-004
 performing expansion, best =    4.3116301156233267E-004
 performing expansion, best =    4.3116301131461226E-004
 performing expansion, best =    4.3116300979859144E-004
 performing expansion, best =    4.3116300871169709E-004
 performing expansion, best =    4.3116300297127690E-004
 performing expansion, best =    4.3116300107993316E-004
 performing expansion, best =    4.3116300061681756E-004
 performing expansion, best =    4.3116299949143489E-004
 performing expansion, best =    4.3116299879481174E-004
 performing expansion, best =    4.3116299443854536E-004
 performing expansion, best =    4.3116299320387577E-004
 performing expansion, best =    4.3116299213582338E-004
 performing expansion, best =    4.3116299097504222E-004
 performing expansion, best =    4.3116299021549040E-004
 performing expansion, best =    4.3116298943369406E-004
 performing expansion, best =    4.3116298763228473E-004
 performing expansion, best =    4.3116298678447164E-004
 performing expansion, best =    4.3116298495576903E-004
 performing expansion, best =    4.3116298455792051E-004
 performing expansion, best =    4.3116297995963288E-004
 performing expansion, best =    4.3116297967997285E-004
 performing expansion, best =    4.3116297676501464E-004
 performing expansion, best =    4.3116297607849718E-004
 performing expansion, best =    4.3116297554460594E-004
 performing expansion, best =    4.3116297457339748E-004
 performing expansion, best =    4.3116297319029242E-004
 performing expansion, best =    4.3116296781096583E-004
 performing expansion, best =    4.3116296158452133E-004
 performing expansion, best =    4.3116295636093876E-004
 performing expansion, best =    4.3116294971146812E-004
 performing expansion, best =    4.3116294331860424E-004
 performing expansion, best =    4.3116294113058586E-004
 performing expansion, best =    4.3116292995048572E-004
 performing expansion, best =    4.3116292150306110E-004
 performing expansion, best =    4.3116291080509483E-004
 performing expansion, best =    4.3116290934083561E-004
 performing expansion, best =    4.3116289972583693E-004
 performing expansion, best =    4.3116288324823677E-004
 performing expansion, best =    4.3116286555381977E-004
 performing expansion, best =    4.3116284603794490E-004
 performing expansion, best =    4.3116284507416252E-004
 performing expansion, best =    4.3116282581246861E-004
 performing expansion, best =    4.3116280145698126E-004
 performing expansion, best =    4.3116276854509943E-004
 performing expansion, best =    4.3116276214636795E-004
 performing expansion, best =    4.3116275918894160E-004
 performing expansion, best =    4.3116272084970574E-004
 performing expansion, best =    4.3116268153862151E-004
 performing expansion, best =    4.3116263943030565E-004
 performing expansion, best =    4.3116259391180577E-004
 performing expansion, best =    4.3116254347567892E-004
 performing expansion, best =    4.3116248662035964E-004
 performing expansion, best =    4.3116242077561874E-004
 performing expansion, best =    4.3116234853311417E-004
 performing expansion, best =    4.3116225346061162E-004
 performing expansion, best =    4.3116223751762375E-004
 performing expansion, best =    4.3116212867600493E-004
 performing expansion, best =    4.3116210958402926E-004
 performing expansion, best =    4.3116198452921532E-004
 performing expansion, best =    4.3116183031283211E-004
 performing expansion, best =    4.3116169332660544E-004
 performing expansion, best =    4.3116167953434329E-004
 performing expansion, best =    4.3116152863978771E-004
 performing expansion, best =    4.3116135402837443E-004
 performing expansion, best =    4.3116118071724591E-004
 performing expansion, best =    4.3116101094908338E-004
 performing expansion, best =    4.3116085911138716E-004
 performing expansion, best =    4.3116072088327878E-004
 performing expansion, best =    4.3116061892954622E-004
 performing expansion, best =    4.3116054114273044E-004
 performing expansion, best =    4.3116047280502624E-004
 performing expansion, best =    4.3116031421589721E-004
 performing expansion, best =    4.3116021924020524E-004
 performing expansion, best =    4.3116019658294186E-004
 performing expansion, best =    4.3116009383979903E-004
 performing expansion, best =    4.3116008782036127E-004
 performing expansion, best =    4.3116003055125064E-004
 performing expansion, best =    4.3115994085647809E-004
 performing expansion, best =    4.3115985687761045E-004
 performing expansion, best =    4.3115982081077083E-004
 performing expansion, best =    4.3115972357575034E-004
 performing expansion, best =    4.3115960761426020E-004
 performing expansion, best =    4.3115951196475908E-004
 performing expansion, best =    4.3115945458611330E-004
 performing expansion, best =    4.3115945392024891E-004
 performing expansion, best =    4.3115945158405663E-004
 performing expansion, best =    4.3115945093426006E-004
 performing expansion, best =    4.3115941667561000E-004
 performing expansion, best =    4.3115938863633109E-004
 performing expansion, best =    4.3115937456991070E-004
 performing expansion, best =    4.3115936858961556E-004
 performing expansion, best =    4.3115936589051458E-004
 performing expansion, best =    4.3115936220247415E-004
 performing expansion, best =    4.3115935361605926E-004
 performing expansion, best =    4.3115935180717922E-004
 performing expansion, best =    4.3115934586041070E-004
 performing expansion, best =    4.3115934076928472E-004
 performing expansion, best =    4.3115933967793587E-004
 performing expansion, best =    4.3115933938152795E-004
 performing expansion, best =    4.3115933257614904E-004
 performing expansion, best =    4.3115931542878473E-004
 performing expansion, best =    4.3115930494955630E-004
 performing expansion, best =    4.3115929865402162E-004
 performing expansion, best =    4.3115929195009645E-004
 performing expansion, best =    4.3115928561959316E-004
 performing expansion, best =    4.3115928146629154E-004
 performing expansion, best =    4.3115927389065622E-004
 performing expansion, best =    4.3115926577351851E-004
 performing expansion, best =    4.3115926193679254E-004
 performing expansion, best =    4.3115925833104516E-004
 performing expansion, best =    4.3115925654210263E-004
 performing expansion, best =    4.3115924605252235E-004
 performing expansion, best =    4.3115922669641535E-004
 performing expansion, best =    4.3115921053458480E-004
 performing expansion, best =    4.3115920055651299E-004
 performing expansion, best =    4.3115918240524084E-004
 performing expansion, best =    4.3115916229046944E-004
 performing expansion, best =    4.3115915742682274E-004
 performing expansion, best =    4.3115913876273597E-004
 performing expansion, best =    4.3115913532173339E-004
 performing expansion, best =    4.3115911263197690E-004
 performing expansion, best =    4.3115911197526724E-004
 performing expansion, best =    4.3115910927638348E-004
 performing expansion, best =    4.3115910379640335E-004
 performing expansion, best =    4.3115909389833265E-004
 performing expansion, best =    4.3115908034204825E-004
 performing expansion, best =    4.3115904844849632E-004
 performing expansion, best =    4.3115901188860438E-004
 performing expansion, best =    4.3115898957112069E-004
 performing expansion, best =    4.3115893950422681E-004
 performing expansion, best =    4.3115888338221157E-004
 performing expansion, best =    4.3115883915450164E-004
 performing expansion, best =    4.3115882559533814E-004
 performing expansion, best =    4.3115875092382042E-004
 performing expansion, best =    4.3115865444912587E-004
 performing expansion, best =    4.3115858038149981E-004
 performing expansion, best =    4.3115848014105247E-004
 performing expansion, best =    4.3115836950945321E-004
 performing expansion, best =    4.3115823132720463E-004
 performing expansion, best =    4.3115820896659783E-004
 performing expansion, best =    4.3115820342062952E-004
 performing expansion, best =    4.3115820170417767E-004
 performing expansion, best =    4.3115819060210214E-004
 performing expansion, best =    4.3115815562511914E-004
 performing expansion, best =    4.3115804254846731E-004
 performing expansion, best =    4.3115788669816047E-004
 performing expansion, best =    4.3115771391174942E-004
 performing expansion, best =    4.3115749635297803E-004
 performing expansion, best =    4.3115725095024956E-004
 performing expansion, best =    4.3115724553528470E-004
 performing expansion, best =    4.3115696552278133E-004
 performing expansion, best =    4.3115694960371031E-004
 performing expansion, best =    4.3115666338933010E-004
 performing expansion, best =    4.3115663517139056E-004
 performing expansion, best =    4.3115638238500330E-004
 performing expansion, best =    4.3115637125828478E-004
 performing expansion, best =    4.3115629578711656E-004
 performing expansion, best =    4.3115612076988414E-004
 performing expansion, best =    4.3115610538527156E-004
 performing expansion, best =    4.3115597221257755E-004
 performing expansion, best =    4.3115592965201944E-004
 performing expansion, best =    4.3115588491258729E-004
 performing expansion, best =    4.3115580531944531E-004
 performing expansion, best =    4.3115576731082465E-004
 performing expansion, best =    4.3115557206751989E-004
 performing expansion, best =    4.3115554940930046E-004
 performing expansion, best =    4.3115547415178187E-004
 performing expansion, best =    4.3115536918062521E-004
 performing expansion, best =    4.3115525155578024E-004
 performing expansion, best =    4.3115514829664408E-004
 performing expansion, best =    4.3115498976197946E-004
 performing expansion, best =    4.3115481926200237E-004
 performing expansion, best =    4.3115458420038766E-004
 performing expansion, best =    4.3115441111289866E-004
 performing expansion, best =    4.3115402893002922E-004
 performing expansion, best =    4.3115402659535472E-004
 performing expansion, best =    4.3115383761072133E-004
 performing expansion, best =    4.3115375423518693E-004
 performing expansion, best =    4.3115365653445873E-004
 performing expansion, best =    4.3115363772553773E-004
 performing expansion, best =    4.3115363341307062E-004
 performing expansion, best =    4.3115346103038860E-004
 performing expansion, best =    4.3115335608407828E-004
 performing expansion, best =    4.3115335486047020E-004
 performing expansion, best =    4.3115331787496369E-004
 performing expansion, best =    4.3115329342550968E-004
 performing expansion, best =    4.3115327479992580E-004
 performing expansion, best =    4.3115325842874681E-004
 performing expansion, best =    4.3115325726583649E-004
 performing expansion, best =    4.3115325188277460E-004
 performing expansion, best =    4.3115324709781539E-004
 performing expansion, best =    4.3115324306554370E-004
 performing expansion, best =    4.3115324297702097E-004
 performing expansion, best =    4.3115324248144289E-004
 performing expansion, best =    4.3115324229685840E-004
 performing expansion, best =    4.3115324224410432E-004
Exiting simplex optimization after  2586 iterations
Solution after  refinement:      4.3115324224E-04
RMSE         4.311532422E-04 Hartree
NEW BEST!

Starting fitting procedure for 5 charges, trial 2
gen      0/10000      elitist  2.7800755E-03 feasible? T
gen    100/10000      elitist  7.6975657E-04 feasible? T
gen    200/10000      elitist  4.9220037E-04 feasible? T
gen    300/10000      elitist  4.4261538E-04 feasible? T
gen    400/10000      elitist  4.3001509E-04 feasible? T
gen    500/10000      elitist  4.2651312E-04 feasible? T
gen    600/10000      elitist  4.2590363E-04 feasible? T
gen    700/10000      elitist  4.2475964E-04 feasible? T
gen    800/10000      elitist  4.2449825E-04 feasible? T
gen    900/10000      elitist  4.2391451E-04 feasible? T
gen   1000/10000      elitist  4.2348423E-04 feasible? T
gen   1100/10000      elitist  4.2336317E-04 feasible? T
gen   1200/10000      elitist  4.2324578E-04 feasible? T
gen   1300/10000      elitist  4.2315035E-04 feasible? T
gen   1400/10000      elitist  4.2301384E-04 feasible? T
gen   1500/10000      elitist  4.2189226E-04 feasible? T
gen   1600/10000      elitist  4.2109545E-04 feasible? T
gen   1700/10000      elitist  4.2062834E-04 feasible? T
gen   1800/10000      elitist  4.2045944E-04 feasible? T
gen   1900/10000      elitist  4.2043232E-04 feasible? T
gen   2000/10000      elitist  4.2021932E-04 feasible? T
gen   2100/10000      elitist  4.2006236E-04 feasible? T
gen   2200/10000      elitist  4.2002883E-04 feasible? T
gen   2300/10000      elitist  4.2001959E-04 feasible? T
gen   2400/10000      elitist  4.2001616E-04 feasible? T
gen   2500/10000      elitist  4.2001528E-04 feasible? T
gen   2600/10000      elitist  4.1989166E-04 feasible? T
gen   2700/10000      elitist  4.1979408E-04 feasible? T
gen   2800/10000      elitist  4.1978587E-04 feasible? T
gen   2900/10000      elitist  4.1977765E-04 feasible? T
gen   3000/10000      elitist  4.1976661E-04 feasible? T
gen   3100/10000      elitist  4.1976351E-04 feasible? T
gen   3200/10000      elitist  4.1976187E-04 feasible? T
gen   3300/10000      elitist  4.1976033E-04 feasible? T
gen   3400/10000      elitist  4.1975939E-04 feasible? T
gen   3500/10000      elitist  4.1975884E-04 feasible? T
gen   3600/10000      elitist  4.1975847E-04 feasible? T
gen   3700/10000      elitist  4.1975820E-04 feasible? T
gen   3800/10000      elitist  4.1975802E-04 feasible? T
gen   3900/10000      elitist  4.1975781E-04 feasible? T
gen   4000/10000      elitist  4.1975773E-04 feasible? T
population converged towards a single solution after 4040 generations.
Starting local simplex optimization:
Solution before refinement:      4.1975773140E-04
 performing expansion, best =    4.1975770161718448E-004
 performing expansion, best =    4.1975769690931187E-004
 performing expansion, best =    4.1975763521643304E-004
 performing expansion, best =    4.1975759449144195E-004
 performing expansion, best =    4.1975759198656235E-004
 performing expansion, best =    4.1975759129384661E-004
 performing expansion, best =    4.1975758866587932E-004
 performing expansion, best =    4.1975758658724301E-004
 performing expansion, best =    4.1975758374917713E-004
 performing expansion, best =    4.1975758281457821E-004
 performing expansion, best =    4.1975758181904697E-004
 performing expansion, best =    4.1975758177028758E-004
 performing expansion, best =    4.1975758145219297E-004
 performing expansion, best =    4.1975758128321334E-004
 performing expansion, best =    4.1975758109860124E-004
 performing expansion, best =    4.1975757928928423E-004
 performing expansion, best =    4.1975757921286017E-004
 performing expansion, best =    4.1975757896459121E-004
 performing expansion, best =    4.1975757758109416E-004
 performing expansion, best =    4.1975757621438246E-004
 performing expansion, best =    4.1975757493300419E-004
 performing expansion, best =    4.1975757474415015E-004
 performing expansion, best =    4.1975757364252480E-004
 performing expansion, best =    4.1975757222485706E-004
 performing expansion, best =    4.1975757137661284E-004
 performing expansion, best =    4.1975756940611263E-004
 performing expansion, best =    4.1975756920638443E-004
 performing expansion, best =    4.1975756899214034E-004
 performing expansion, best =    4.1975756872969494E-004
 performing expansion, best =    4.1975756747577426E-004
 performing expansion, best =    4.1975756724097098E-004
 performing expansion, best =    4.1975756700094943E-004
 performing expansion, best =    4.1975756694177324E-004
 performing expansion, best =    4.1975756682438781E-004
 performing expansion, best =    4.1975756679490738E-004
 performing expansion, best =    4.1975756672398674E-004
 performing expansion, best =    4.1975756615143838E-004
 performing expansion, best =    4.1975756606602721E-004
 performing expansion, best =    4.1975756584978623E-004
 performing expansion, best =    4.1975756580084778E-004
 performing expansion, best =    4.1975756520231603E-004
 performing expansion, best =    4.1975756456291301E-004
 performing expansion, best =    4.1975756447403852E-004
 performing expansion, best =    4.1975756362309051E-004
 performing expansion, best =    4.1975756353235754E-004
 performing expansion, best =    4.1975756345772794E-004
 performing expansion, best =    4.1975756334736083E-004
Exiting simplex optimization after   969 iterations
Solution after  refinement:      4.1975756276E-04
RMSE         4.197575628E-04 Hartree
NEW BEST!

Starting fitting procedure for 5 charges, trial 3
gen      0/10000      elitist  3.0755499E-03 feasible? T
gen    100/10000      elitist  1.1188746E-03 feasible? T
gen    200/10000      elitist  5.2760857E-04 feasible? T
gen    300/10000      elitist  4.8378160E-04 feasible? T
gen    400/10000      elitist  4.5475716E-04 feasible? T
gen    500/10000      elitist  4.3249161E-04 feasible? T
gen    600/10000      elitist  4.2535337E-04 feasible? T
gen    700/10000      elitist  4.2421221E-04 feasible? T
gen    800/10000      elitist  4.2321217E-04 feasible? T
gen    900/10000      elitist  4.2313606E-04 feasible? T
gen   1000/10000      elitist  4.2305532E-04 feasible? T
gen   1100/10000      elitist  4.2299197E-04 feasible? T
gen   1200/10000      elitist  4.2297088E-04 feasible? T
gen   1300/10000      elitist  4.2296502E-04 feasible? T
gen   1400/10000      elitist  4.2294102E-04 feasible? T
gen   1500/10000      elitist  4.2292061E-04 feasible? T
gen   1600/10000      elitist  4.2291115E-04 feasible? T
gen   1700/10000      elitist  4.2289986E-04 feasible? T
gen   1800/10000      elitist  4.2288504E-04 feasible? T
gen   1900/10000      elitist  4.2284811E-04 feasible? T
gen   2000/10000      elitist  4.2281075E-04 feasible? T
gen   2100/10000      elitist  4.2275426E-04 feasible? T
gen   2200/10000      elitist  4.2266057E-04 feasible? T
gen   2300/10000      elitist  4.2249734E-04 feasible? T
gen   2400/10000      elitist  4.2224236E-04 feasible? T
gen   2500/10000      elitist  4.2170232E-04 feasible? T
gen   2600/10000      elitist  4.2130840E-04 feasible? T
gen   2700/10000      elitist  4.2122469E-04 feasible? T
gen   2800/10000      elitist  4.2121901E-04 feasible? T
gen   2900/10000      elitist  4.2118921E-04 feasible? T
gen   3000/10000      elitist  4.2118437E-04 feasible? T
gen   3100/10000      elitist  4.2117381E-04 feasible? T
gen   3200/10000      elitist  4.2113434E-04 feasible? T
gen   3300/10000      elitist  4.2111606E-04 feasible? T
gen   3400/10000      elitist  4.2111006E-04 feasible? T
gen   3500/10000      elitist  4.2106896E-04 feasible? T
gen   3600/10000      elitist  4.2105472E-04 feasible? T
gen   3700/10000      elitist  4.2105144E-04 feasible? T
gen   3800/10000      elitist  4.2105054E-04 feasible? T
gen   3900/10000      elitist  4.2104965E-04 feasible? T
gen   4000/10000      elitist  4.2102330E-04 feasible? T
gen   4100/10000      elitist  4.2100804E-04 feasible? T
gen   4200/10000      elitist  4.2099236E-04 feasible? T
gen   4300/10000      elitist  4.2098710E-04 feasible? T
gen   4400/10000      elitist  4.2098309E-04 feasible? T
gen   4500/10000      elitist  4.2098274E-04 feasible? T
gen   4600/10000      elitist  4.2098212E-04 feasible? T
gen   4700/10000      elitist  4.2097930E-04 feasible? T
gen   4800/10000      elitist  4.2097823E-04 feasible? T
gen   4900/10000      elitist  4.2097760E-04 feasible? T
gen   5000/10000      elitist  4.2097736E-04 feasible? T
gen   5100/10000      elitist  4.2097728E-04 feasible? T
population converged towards a single solution after 5143 generations.
Starting local simplex optimization:
Solution before refinement:      4.2097727957E-04
 performing expansion, best =    4.2097448258659017E-004
 performing expansion, best =    4.2096622670352883E-004
 performing expansion, best =    4.2096475004160978E-004
 performing expansion, best =    4.2096435379794262E-004
 performing expansion, best =    4.2096378055389431E-004
 performing expansion, best =    4.2096089150996596E-004
 performing expansion, best =    4.2095194261104074E-004
 performing expansion, best =    4.2095160310135193E-004
 performing expansion, best =    4.2095079600322765E-004
 performing expansion, best =    4.2094853142962002E-004
 performing expansion, best =    4.2094752417877040E-004
 performing expansion, best =    4.2094590747765426E-004
 performing expansion, best =    4.2094570807436410E-004
 performing expansion, best =    4.2094530497415622E-004
 performing expansion, best =    4.2094516317705416E-004
 performing expansion, best =    4.2094475576063081E-004
 performing expansion, best =    4.2094427490984188E-004
 performing expansion, best =    4.2094418229929640E-004
 performing expansion, best =    4.2094413652464773E-004
 performing expansion, best =    4.2094410471183217E-004
 performing expansion, best =    4.2094408797589239E-004
 performing expansion, best =    4.2094394853539147E-004
 performing expansion, best =    4.2094393982139124E-004
 performing expansion, best =    4.2094376479265738E-004
 performing expansion, best =    4.2094374616025599E-004
 performing expansion, best =    4.2094366137918147E-004
 performing expansion, best =    4.2094356835492390E-004
 performing expansion, best =    4.2094330331293538E-004
 performing expansion, best =    4.2094329712447337E-004
 performing expansion, best =    4.2094321560257069E-004
 performing expansion, best =    4.2094320379323252E-004
 performing expansion, best =    4.2094317596179213E-004
 performing expansion, best =    4.2094309836000386E-004
 performing expansion, best =    4.2094308800068591E-004
 performing expansion, best =    4.2094295547875384E-004
 performing expansion, best =    4.2094295157715496E-004
 performing expansion, best =    4.2094293687155922E-004
 performing expansion, best =    4.2094288786544430E-004
 performing expansion, best =    4.2094278623950655E-004
 performing expansion, best =    4.2094276810378196E-004
 performing expansion, best =    4.2094271717416185E-004
 performing expansion, best =    4.2094268565207564E-004
 performing expansion, best =    4.2094255550219811E-004
 performing expansion, best =    4.2094239845874082E-004
 performing expansion, best =    4.2094233199118530E-004
 performing expansion, best =    4.2094231592007162E-004
 performing expansion, best =    4.2094213815438848E-004
 performing expansion, best =    4.2094194029674057E-004
 performing expansion, best =    4.2094171935042670E-004
 performing expansion, best =    4.2094140650500168E-004
 performing expansion, best =    4.2094114537414125E-004
 performing expansion, best =    4.2094104102837366E-004
 performing expansion, best =    4.2094099629932946E-004
 performing expansion, best =    4.2094090420739517E-004
 performing expansion, best =    4.2094070232079149E-004
 performing expansion, best =    4.2094045853841337E-004
 performing expansion, best =    4.2094042245054115E-004
 performing expansion, best =    4.2094031751085546E-004
 performing expansion, best =    4.2094014911144917E-004
 performing expansion, best =    4.2094001800037237E-004
 performing expansion, best =    4.2093989318147339E-004
 performing expansion, best =    4.2093986497226873E-004
 performing expansion, best =    4.2093980685434820E-004
 performing expansion, best =    4.2093970707836412E-004
 performing expansion, best =    4.2093950329432424E-004
 performing expansion, best =    4.2093930481711952E-004
 performing expansion, best =    4.2093929336893771E-004
 performing expansion, best =    4.2093923543189490E-004
 performing expansion, best =    4.2093918856576609E-004
 performing expansion, best =    4.2093911722715442E-004
 performing expansion, best =    4.2093908737657695E-004
 performing expansion, best =    4.2093887480983551E-004
 performing expansion, best =    4.2093868627853892E-004
 performing expansion, best =    4.2093858709897766E-004
 performing expansion, best =    4.2093843162633763E-004
 performing expansion, best =    4.2093838547418039E-004
 performing expansion, best =    4.2093834203717559E-004
 performing expansion, best =    4.2093820950083702E-004
 performing expansion, best =    4.2093796738292526E-004
 performing expansion, best =    4.2093789191288483E-004
 performing expansion, best =    4.2093768848589565E-004
 performing expansion, best =    4.2093745102258909E-004
 performing expansion, best =    4.2093733381251265E-004
 performing expansion, best =    4.2093701867105084E-004
 performing expansion, best =    4.2093678783414846E-004
 performing expansion, best =    4.2093656719501910E-004
 performing expansion, best =    4.2093650253842928E-004
 performing expansion, best =    4.2093645583644765E-004
 performing expansion, best =    4.2093623869430196E-004
 performing expansion, best =    4.2093611252848882E-004
 performing expansion, best =    4.2093600621601290E-004
 performing expansion, best =    4.2093583273900367E-004
 performing expansion, best =    4.2093582028971793E-004
 performing expansion, best =    4.2093581594640901E-004
 performing expansion, best =    4.2093571200885557E-004
 performing expansion, best =    4.2093561119184176E-004
 performing expansion, best =    4.2093558864697897E-004
 performing expansion, best =    4.2093555802892975E-004
 performing expansion, best =    4.2093554591618617E-004
 performing expansion, best =    4.2093549962189816E-004
 performing expansion, best =    4.2093548181260966E-004
 performing expansion, best =    4.2093540811354577E-004
 performing expansion, best =    4.2093538995875907E-004
 performing expansion, best =    4.2093537544983013E-004
 performing expansion, best =    4.2093529148014823E-004
 performing expansion, best =    4.2093528032158782E-004
 performing expansion, best =    4.2093526669449997E-004
 performing expansion, best =    4.2093526398596096E-004
 performing expansion, best =    4.2093525483155082E-004
 performing expansion, best =    4.2093522260141738E-004
 performing expansion, best =    4.2093520337037213E-004
 performing expansion, best =    4.2093519723511441E-004
 performing expansion, best =    4.2093515562784080E-004
 performing expansion, best =    4.2093513161955748E-004
 performing expansion, best =    4.2093509075946352E-004
 performing expansion, best =    4.2093508410364581E-004
 performing expansion, best =    4.2093503902647822E-004
 performing expansion, best =    4.2093499022607955E-004
 performing expansion, best =    4.2093497869607316E-004
 performing expansion, best =    4.2093491961477895E-004
 performing expansion, best =    4.2093486349747923E-004
 performing expansion, best =    4.2093482173198273E-004
 performing expansion, best =    4.2093481182401977E-004
 performing expansion, best =    4.2093476898949120E-004
 performing expansion, best =    4.2093475408285896E-004
 performing expansion, best =    4.2093468340484924E-004
 performing expansion, best =    4.2093461668351321E-004
 performing expansion, best =    4.2093451173763646E-004
 performing expansion, best =    4.2093444181041072E-004
 performing expansion, best =    4.2093439781413263E-004
 performing expansion, best =    4.2093437150496533E-004
 performing expansion, best =    4.2093435454395006E-004
 performing expansion, best =    4.2093432496447317E-004
 performing expansion, best =    4.2093422438879870E-004
 performing expansion, best =    4.2093421612401954E-004
 performing expansion, best =    4.2093413695963729E-004
 performing expansion, best =    4.2093406568571195E-004
 performing expansion, best =    4.2093405367725278E-004
 performing expansion, best =    4.2093396284997089E-004
 performing expansion, best =    4.2093389027927995E-004
 performing expansion, best =    4.2093374995382405E-004
 performing expansion, best =    4.2093360733739301E-004
 performing expansion, best =    4.2093341831547684E-004
 performing expansion, best =    4.2093329016963541E-004
 performing expansion, best =    4.2093317676381590E-004
 performing expansion, best =    4.2093308184449295E-004
 performing expansion, best =    4.2093297431645629E-004
 performing expansion, best =    4.2093293598948676E-004
 performing expansion, best =    4.2093288562314725E-004
 performing expansion, best =    4.2093283768029172E-004
 performing expansion, best =    4.2093281486461052E-004
 performing expansion, best =    4.2093281221344597E-004
 performing expansion, best =    4.2093279744476474E-004
 performing expansion, best =    4.2093277859157067E-004
 performing expansion, best =    4.2093276803658729E-004
 performing expansion, best =    4.2093275165899839E-004
 performing expansion, best =    4.2093275096127862E-004
 performing expansion, best =    4.2093273736821781E-004
 performing expansion, best =    4.2093273712792104E-004
 performing expansion, best =    4.2093273344055905E-004
 performing expansion, best =    4.2093272413564717E-004
 performing expansion, best =    4.2093271974564129E-004
 performing expansion, best =    4.2093271651891733E-004
 performing expansion, best =    4.2093271599184416E-004
 performing expansion, best =    4.2093271300293594E-004
 performing expansion, best =    4.2093270984952264E-004
 performing expansion, best =    4.2093270525219063E-004
 performing expansion, best =    4.2093269544576581E-004
 performing expansion, best =    4.2093268135593164E-004
 performing expansion, best =    4.2093267911096142E-004
 performing expansion, best =    4.2093267620846265E-004
 performing expansion, best =    4.2093266617036459E-004
 performing expansion, best =    4.2093266394814429E-004
 performing expansion, best =    4.2093266277110948E-004
 performing expansion, best =    4.2093265598922729E-004
 performing expansion, best =    4.2093265567586587E-004
 performing expansion, best =    4.2093265533202676E-004
 performing expansion, best =    4.2093265484038938E-004
 performing expansion, best =    4.2093265352489197E-004
 performing expansion, best =    4.2093265307034851E-004
 performing expansion, best =    4.2093265288812632E-004
 performing expansion, best =    4.2093265232408738E-004
 performing expansion, best =    4.2093265214982655E-004
 performing expansion, best =    4.2093265153788875E-004
 performing expansion, best =    4.2093265143763897E-004
 performing expansion, best =    4.2093265128077947E-004
 performing expansion, best =    4.2093265121229058E-004
 performing expansion, best =    4.2093265043173527E-004
 performing expansion, best =    4.2093265014057945E-004
 performing expansion, best =    4.2093264999912283E-004
 performing expansion, best =    4.2093264951769061E-004
 performing expansion, best =    4.2093264868036881E-004
 performing expansion, best =    4.2093264797009186E-004
 performing expansion, best =    4.2093264748456992E-004
 performing expansion, best =    4.2093264721331202E-004
 performing expansion, best =    4.2093264693689202E-004
 performing expansion, best =    4.2093264679198461E-004
 performing expansion, best =    4.2093264665285306E-004
 performing expansion, best =    4.2093264660997352E-004
 performing expansion, best =    4.2093264624845427E-004
 performing expansion, best =    4.2093264607002083E-004
 performing expansion, best =    4.2093264605637718E-004
 performing expansion, best =    4.2093264552448857E-004
 performing expansion, best =    4.2093264543819589E-004
 performing expansion, best =    4.2093264501309122E-004
 performing expansion, best =    4.2093264405616696E-004
 performing expansion, best =    4.2093264306184347E-004
 performing expansion, best =    4.2093264284735678E-004
 performing expansion, best =    4.2093264284396290E-004
 performing expansion, best =    4.2093264232685273E-004
 performing expansion, best =    4.2093264131265419E-004
 performing expansion, best =    4.2093264060029633E-004
 performing expansion, best =    4.2093263939412077E-004
 performing expansion, best =    4.2093263884723390E-004
 performing expansion, best =    4.2093263820545447E-004
 performing expansion, best =    4.2093263704739905E-004
 performing expansion, best =    4.2093263595567256E-004
 performing expansion, best =    4.2093263479510326E-004
 performing expansion, best =    4.2093263479419068E-004
 performing expansion, best =    4.2093263400956490E-004
 performing expansion, best =    4.2093263266934107E-004
 performing expansion, best =    4.2093263252514392E-004
 performing expansion, best =    4.2093263189210830E-004
 performing expansion, best =    4.2093263082137479E-004
 performing expansion, best =    4.2093263050899105E-004
 performing expansion, best =    4.2093262946060598E-004
 performing expansion, best =    4.2093262871837391E-004
 performing expansion, best =    4.2093262755168255E-004
 performing expansion, best =    4.2093262646184139E-004
 performing expansion, best =    4.2093262547074459E-004
 performing expansion, best =    4.2093262410627865E-004
 performing expansion, best =    4.2093262379111387E-004
 performing expansion, best =    4.2093262318238054E-004
 performing expansion, best =    4.2093262294080707E-004
 performing expansion, best =    4.2093262159824369E-004
 performing expansion, best =    4.2093262035361407E-004
 performing expansion, best =    4.2093261856063479E-004
 performing expansion, best =    4.2093261842974367E-004
 performing expansion, best =    4.2093261689738273E-004
 performing expansion, best =    4.2093261434232831E-004
 performing expansion, best =    4.2093261294253137E-004
 performing expansion, best =    4.2093260970291305E-004
 performing expansion, best =    4.2093260760292273E-004
 performing expansion, best =    4.2093260449992196E-004
 performing expansion, best =    4.2093260374379422E-004
 performing expansion, best =    4.2093260139307282E-004
 performing expansion, best =    4.2093259901119346E-004
 performing expansion, best =    4.2093259539271462E-004
 performing expansion, best =    4.2093259279531251E-004
 performing expansion, best =    4.2093259178172942E-004
 performing expansion, best =    4.2093258980990122E-004
 performing expansion, best =    4.2093258573536164E-004
 performing expansion, best =    4.2093258082146438E-004
 performing expansion, best =    4.2093257306264785E-004
 performing expansion, best =    4.2093256725672326E-004
 performing expansion, best =    4.2093255554067499E-004
 performing expansion, best =    4.2093254650576604E-004
 performing expansion, best =    4.2093253699958748E-004
 performing expansion, best =    4.2093253399387532E-004
 performing expansion, best =    4.2093252967584827E-004
 performing expansion, best =    4.2093252045368015E-004
 performing expansion, best =    4.2093251340869560E-004
 performing expansion, best =    4.2093250714539220E-004
 performing expansion, best =    4.2093250265717972E-004
 performing expansion, best =    4.2093250020673205E-004
 performing expansion, best =    4.2093249383289835E-004
 performing expansion, best =    4.2093248653932310E-004
 performing expansion, best =    4.2093247863255622E-004
 performing expansion, best =    4.2093246970295681E-004
 performing expansion, best =    4.2093245190927476E-004
 performing expansion, best =    4.2093244476134586E-004
 performing expansion, best =    4.2093243650508945E-004
 performing expansion, best =    4.2093242163440106E-004
 performing expansion, best =    4.2093240314576184E-004
 performing expansion, best =    4.2093239116290350E-004
 performing expansion, best =    4.2093238049638673E-004
 performing expansion, best =    4.2093237131012924E-004
 performing expansion, best =    4.2093235085719567E-004
 performing expansion, best =    4.2093233849300869E-004
 performing expansion, best =    4.2093232686266297E-004
 performing expansion, best =    4.2093231264846913E-004
 performing expansion, best =    4.2093230280481822E-004
 performing expansion, best =    4.2093229219415705E-004
 performing expansion, best =    4.2093228805143373E-004
 performing expansion, best =    4.2093228684142063E-004
 performing expansion, best =    4.2093228516996523E-004
 performing expansion, best =    4.2093228347756293E-004
 performing expansion, best =    4.2093228037980087E-004
 performing expansion, best =    4.2093227289750679E-004
 performing expansion, best =    4.2093227131208456E-004
 performing expansion, best =    4.2093226967916978E-004
 performing expansion, best =    4.2093226583689785E-004
 performing expansion, best =    4.2093226468626162E-004
 performing expansion, best =    4.2093226312076037E-004
 performing expansion, best =    4.2093226059220943E-004
 performing expansion, best =    4.2093225522509475E-004
 performing expansion, best =    4.2093225237545902E-004
 performing expansion, best =    4.2093224918049205E-004
 performing expansion, best =    4.2093224885049951E-004
 performing expansion, best =    4.2093224779165514E-004
 performing expansion, best =    4.2093224570256816E-004
 performing expansion, best =    4.2093224186673920E-004
 performing expansion, best =    4.2093223851643404E-004
 performing expansion, best =    4.2093223733790053E-004
 performing expansion, best =    4.2093223217346123E-004
 performing expansion, best =    4.2093222411859261E-004
 performing expansion, best =    4.2093222061201921E-004
 performing expansion, best =    4.2093221863853035E-004
 performing expansion, best =    4.2093221471139092E-004
 performing expansion, best =    4.2093220734631210E-004
 performing expansion, best =    4.2093219608141890E-004
 performing expansion, best =    4.2093219018991715E-004
 performing expansion, best =    4.2093218551692252E-004
 performing expansion, best =    4.2093217978697031E-004
 performing expansion, best =    4.2093216165186686E-004
 performing expansion, best =    4.2093214504914739E-004
 performing expansion, best =    4.2093212024917325E-004
 performing expansion, best =    4.2093209742287890E-004
 performing expansion, best =    4.2093208047809305E-004
 performing expansion, best =    4.2093204792148183E-004
 performing expansion, best =    4.2093202830297758E-004
 performing expansion, best =    4.2093202371705783E-004
 performing expansion, best =    4.2093201157984342E-004
 performing expansion, best =    4.2093200683645323E-004
 performing expansion, best =    4.2093200146436785E-004
 performing expansion, best =    4.2093197923247986E-004
 performing expansion, best =    4.2093195847508742E-004
 performing expansion, best =    4.2093194857637374E-004
 performing expansion, best =    4.2093192065290513E-004
 performing expansion, best =    4.2093189586990694E-004
 performing expansion, best =    4.2093185146098948E-004
 performing expansion, best =    4.2093182484378956E-004
 performing expansion, best =    4.2093181590902989E-004
 performing expansion, best =    4.2093180954767676E-004
 performing expansion, best =    4.2093179240193447E-004
 performing expansion, best =    4.2093178770082339E-004
 performing expansion, best =    4.2093178643690663E-004
 performing expansion, best =    4.2093177509265226E-004
 performing expansion, best =    4.2093177055732849E-004
 performing expansion, best =    4.2093176853514697E-004
 performing expansion, best =    4.2093176852430218E-004
 performing expansion, best =    4.2093176786860630E-004
 performing expansion, best =    4.2093176541681238E-004
 performing expansion, best =    4.2093176198026040E-004
 performing expansion, best =    4.2093175934355362E-004
 performing expansion, best =    4.2093175902170561E-004
 performing expansion, best =    4.2093175766968154E-004
 performing expansion, best =    4.2093175610350640E-004
 performing expansion, best =    4.2093175406636592E-004
 performing expansion, best =    4.2093175328708737E-004
 performing expansion, best =    4.2093175287302926E-004
 performing expansion, best =    4.2093175175543046E-004
 performing expansion, best =    4.2093175132778551E-004
 performing expansion, best =    4.2093175088128590E-004
 performing expansion, best =    4.2093174999785162E-004
 performing expansion, best =    4.2093174794337719E-004
 performing expansion, best =    4.2093174784901442E-004
 performing expansion, best =    4.2093174702635542E-004
 performing expansion, best =    4.2093174437231881E-004
 performing expansion, best =    4.2093174431741644E-004
 performing expansion, best =    4.2093174370112487E-004
 performing expansion, best =    4.2093174278952535E-004
 performing expansion, best =    4.2093174256357263E-004
 performing expansion, best =    4.2093174231916592E-004
 performing expansion, best =    4.2093174097391161E-004
 performing expansion, best =    4.2093174050041097E-004
 performing expansion, best =    4.2093173885559106E-004
 performing expansion, best =    4.2093173846435822E-004
 performing expansion, best =    4.2093173721906394E-004
 performing expansion, best =    4.2093173708105053E-004
 performing expansion, best =    4.2093173679286553E-004
 performing expansion, best =    4.2093173614248333E-004
 performing expansion, best =    4.2093173510808387E-004
 performing expansion, best =    4.2093173480278620E-004
 performing expansion, best =    4.2093173465368217E-004
Exiting simplex optimization after  2710 iterations
Solution after  refinement:      4.2093173465E-04
RMSE         4.209317347E-04 Hartree

Starting fitting procedure for 5 charges, trial 4
gen      0/10000      elitist  2.9886762E-03 feasible? T
gen    100/10000      elitist  8.7722007E-04 feasible? T
gen    200/10000      elitist  5.7085587E-04 feasible? T
gen    300/10000      elitist  4.4772681E-04 feasible? T
gen    400/10000      elitist  4.3631731E-04 feasible? T
gen    500/10000      elitist  4.3008948E-04 feasible? T
gen    600/10000      elitist  4.2857212E-04 feasible? T
gen    700/10000      elitist  4.2833207E-04 feasible? T
gen    800/10000      elitist  4.2827782E-04 feasible? T
gen    900/10000      elitist  4.2821785E-04 feasible? T
gen   1000/10000      elitist  4.2818126E-04 feasible? T
gen   1100/10000      elitist  4.2816294E-04 feasible? T
gen   1200/10000      elitist  4.2814544E-04 feasible? T
gen   1300/10000      elitist  4.2808202E-04 feasible? T
gen   1400/10000      elitist  4.2775158E-04 feasible? T
gen   1500/10000      elitist  4.2762455E-04 feasible? T
gen   1600/10000      elitist  4.2735632E-04 feasible? T
gen   1700/10000      elitist  4.2731710E-04 feasible? T
gen   1800/10000      elitist  4.2731168E-04 feasible? T
gen   1900/10000      elitist  4.2730977E-04 feasible? T
gen   2000/10000      elitist  4.2692821E-04 feasible? T
gen   2100/10000      elitist  4.2644005E-04 feasible? T
gen   2200/10000      elitist  4.2617339E-04 feasible? T
gen   2300/10000      elitist  4.2598320E-04 feasible? T
gen   2400/10000      elitist  4.2593016E-04 feasible? T
gen   2500/10000      elitist  4.2591152E-04 feasible? T
gen   2600/10000      elitist  4.2590194E-04 feasible? T
gen   2700/10000      elitist  4.2589859E-04 feasible? T
gen   2800/10000      elitist  4.2589799E-04 feasible? T
gen   2900/10000      elitist  4.2589067E-04 feasible? T
gen   3000/10000      elitist  4.2588119E-04 feasible? T
gen   3100/10000      elitist  4.2587448E-04 feasible? T
gen   3200/10000      elitist  4.2586986E-04 feasible? T
gen   3300/10000      elitist  4.2586708E-04 feasible? T
gen   3400/10000      elitist  4.2584378E-04 feasible? T
gen   3500/10000      elitist  4.2583509E-04 feasible? T
gen   3600/10000      elitist  4.2583419E-04 feasible? T
gen   3700/10000      elitist  4.2583408E-04 feasible? T
gen   3800/10000      elitist  4.2583392E-04 feasible? T
gen   3900/10000      elitist  4.2581850E-04 feasible? T
gen   4000/10000      elitist  4.2579457E-04 feasible? T
gen   4100/10000      elitist  4.2573195E-04 feasible? T
gen   4200/10000      elitist  4.2571521E-04 feasible? T
gen   4300/10000      elitist  4.2570997E-04 feasible? T
gen   4400/10000      elitist  4.2568437E-04 feasible? T
gen   4500/10000      elitist  4.2566144E-04 feasible? T
gen   4600/10000      elitist  4.2556585E-04 feasible? T
gen   4700/10000      elitist  4.2553052E-04 feasible? T
gen   4800/10000      elitist  4.2547537E-04 feasible? T
gen   4900/10000      elitist  4.2530093E-04 feasible? T
gen   5000/10000      elitist  4.2526657E-04 feasible? T
gen   5100/10000      elitist  4.2512299E-04 feasible? T
gen   5200/10000      elitist  4.2506524E-04 feasible? T
gen   5300/10000      elitist  4.2505511E-04 feasible? T
gen   5400/10000      elitist  4.2504627E-04 feasible? T
gen   5500/10000      elitist  4.2504548E-04 feasible? T
gen   5600/10000      elitist  4.2504514E-04 feasible? T
gen   5700/10000      elitist  4.2501978E-04 feasible? T
gen   5800/10000      elitist  4.2500479E-04 feasible? T
gen   5900/10000      elitist  4.2500183E-04 feasible? T
gen   6000/10000      elitist  4.2499477E-04 feasible? T
gen   6100/10000      elitist  4.2499174E-04 feasible? T
gen   6200/10000      elitist  4.2499132E-04 feasible? T
gen   6300/10000      elitist  4.2499057E-04 feasible? T
gen   6400/10000      elitist  4.2499008E-04 feasible? T
gen   6500/10000      elitist  4.2498288E-04 feasible? T
gen   6600/10000      elitist  4.2497720E-04 feasible? T
gen   6700/10000      elitist  4.2497544E-04 feasible? T
gen   6800/10000      elitist  4.2497313E-04 feasible? T
gen   6900/10000      elitist  4.2496857E-04 feasible? T
gen   7000/10000      elitist  4.2495871E-04 feasible? T
gen   7100/10000      elitist  4.2495579E-04 feasible? T
gen   7200/10000      elitist  4.2495560E-04 feasible? T
gen   7300/10000      elitist  4.2495518E-04 feasible? T
gen   7400/10000      elitist  4.2495318E-04 feasible? T
gen   7500/10000      elitist  4.2495217E-04 feasible? T
gen   7600/10000      elitist  4.2495192E-04 feasible? T
gen   7700/10000      elitist  4.2495153E-04 feasible? T
gen   7800/10000      elitist  4.2494967E-04 feasible? T
gen   7900/10000      elitist  4.2494877E-04 feasible? T
gen   8000/10000      elitist  4.2494870E-04 feasible? T
gen   8100/10000      elitist  4.2494860E-04 feasible? T
gen   8200/10000      elitist  4.2494857E-04 feasible? T
population converged towards a single solution after 8278 generations.
Starting local simplex optimization:
Solution before refinement:      4.2494856802E-04
 performing expansion, best =    4.2494784967386849E-004
 performing expansion, best =    4.2494329046429026E-004
 performing expansion, best =    4.2494048117790596E-004
 performing expansion, best =    4.2493931756013557E-004
 performing expansion, best =    4.2493868999495107E-004
 performing expansion, best =    4.2493864572487399E-004
 performing expansion, best =    4.2493858082261790E-004
 performing expansion, best =    4.2493834357994296E-004
 performing expansion, best =    4.2493802792798314E-004
 performing expansion, best =    4.2493789516506974E-004
 performing expansion, best =    4.2493784061757876E-004
 performing expansion, best =    4.2493769943823391E-004
 performing expansion, best =    4.2493757369182041E-004
 performing expansion, best =    4.2493745263374311E-004
 performing expansion, best =    4.2493740552671558E-004
 performing expansion, best =    4.2493725853027256E-004
 performing expansion, best =    4.2493720541315091E-004
 performing expansion, best =    4.2493720469847406E-004
 performing expansion, best =    4.2493714045586662E-004
 performing expansion, best =    4.2493711476136937E-004
 performing expansion, best =    4.2493693450730422E-004
 performing expansion, best =    4.2493657490490471E-004
 performing expansion, best =    4.2493653076092653E-004
 performing expansion, best =    4.2493651563039472E-004
 performing expansion, best =    4.2493650817836104E-004
 performing expansion, best =    4.2493645207922155E-004
 performing expansion, best =    4.2493644049434927E-004
 performing expansion, best =    4.2493643062484931E-004
 performing expansion, best =    4.2493642360361437E-004
 performing expansion, best =    4.2493640948971405E-004
 performing expansion, best =    4.2493640732225221E-004
 performing expansion, best =    4.2493638790705370E-004
 performing expansion, best =    4.2493638605857161E-004
 performing expansion, best =    4.2493637018718695E-004
 performing expansion, best =    4.2493636987202022E-004
 performing expansion, best =    4.2493636958092332E-004
 performing expansion, best =    4.2493636889870618E-004
 performing expansion, best =    4.2493636631668781E-004
 performing expansion, best =    4.2493636368162588E-004
 performing expansion, best =    4.2493635631812171E-004
 performing expansion, best =    4.2493633435872988E-004
 performing expansion, best =    4.2493631929753839E-004
 performing expansion, best =    4.2493631769999148E-004
 performing expansion, best =    4.2493631575076191E-004
 performing expansion, best =    4.2493630393217917E-004
 performing expansion, best =    4.2493630280108585E-004
 performing expansion, best =    4.2493630080149298E-004
 performing expansion, best =    4.2493630037255398E-004
 performing expansion, best =    4.2493629939797082E-004
 performing expansion, best =    4.2493629796871068E-004
 performing expansion, best =    4.2493629605244677E-004
 performing expansion, best =    4.2493629564096218E-004
 performing expansion, best =    4.2493629446008148E-004
 performing expansion, best =    4.2493629319257129E-004
 performing expansion, best =    4.2493629269451619E-004
 performing expansion, best =    4.2493629199645008E-004
 performing expansion, best =    4.2493629179739869E-004
 performing expansion, best =    4.2493629134483964E-004
 performing expansion, best =    4.2493628780399298E-004
 performing expansion, best =    4.2493628751819762E-004
 performing expansion, best =    4.2493628744267074E-004
 performing expansion, best =    4.2493628724341872E-004
 performing expansion, best =    4.2493628596114170E-004
 performing expansion, best =    4.2493628521894650E-004
 performing expansion, best =    4.2493628149935155E-004
 performing expansion, best =    4.2493628103500869E-004
 performing expansion, best =    4.2493628064449728E-004
 performing expansion, best =    4.2493627735519762E-004
 performing expansion, best =    4.2493627445179229E-004
 performing expansion, best =    4.2493627412747311E-004
 performing expansion, best =    4.2493627398511888E-004
 performing expansion, best =    4.2493627126222026E-004
 performing expansion, best =    4.2493626810046441E-004
 performing expansion, best =    4.2493626744837996E-004
 performing expansion, best =    4.2493626422056459E-004
 performing expansion, best =    4.2493626412790797E-004
 performing expansion, best =    4.2493626355756699E-004
 performing expansion, best =    4.2493626109107622E-004
 performing expansion, best =    4.2493626080817790E-004
 performing expansion, best =    4.2493625915965576E-004
 performing expansion, best =    4.2493625880186703E-004
 performing expansion, best =    4.2493625689493940E-004
 performing expansion, best =    4.2493625498476784E-004
 performing expansion, best =    4.2493625390945975E-004
 performing expansion, best =    4.2493625350955081E-004
 performing expansion, best =    4.2493625325083583E-004
 performing expansion, best =    4.2493625294411530E-004
 performing expansion, best =    4.2493625280154955E-004
 performing expansion, best =    4.2493625269062510E-004
 performing expansion, best =    4.2493625266648891E-004
 performing expansion, best =    4.2493625259957976E-004
 performing expansion, best =    4.2493625235343654E-004
 performing expansion, best =    4.2493625232448319E-004
 performing expansion, best =    4.2493625229482359E-004
Exiting simplex optimization after   969 iterations
Solution after  refinement:      4.2493625229E-04
RMSE         4.249362523E-04 Hartree

Best found solution for 5 charges:
        RMSE         2.666513227E-01 kcal/mol
         MAE         1.605973865E-01 kcal/mol
     max. AE         2.065276185E+00 kcal/mol

       x[bohr]       y[bohr]       z[bohr]          q[e]
     4.0573675    -0.5714684     0.0324904     1.0000000
     3.5510449    -0.7389067    -0.2346607    -1.0000000
     3.7242698    -0.4311181     0.1987051     0.7149764
     3.6734886    -0.5888414     0.4058701    -0.9999924
     3.2583423    -3.5578828    -0.0050196     0.1427841

