Running in fitting mode

Reading "/home/boittier/pydcm/models/fbutadiene-0/ref/B.p.cube"...

  B.pdb Potential
  Electrostatic potential from Total SCF Density
   10  -10.199900   -7.816226   -6.512944
  101    0.198782    0.000000    0.000000
   76    0.000000    0.198782    0.000000
   67    0.000000    0.000000    0.198782
    6    6.000000    3.226547   -1.246303    0.000176
    6    6.000000    0.984868   -0.101378    0.000081
    6    6.000000   -1.486643   -1.303474   -0.000192
    6    6.000000   -3.687148   -0.065831    0.000212
    1    1.000000    4.964658   -0.172077    0.000364
    1    1.000000    3.325524   -3.286591   -0.000146
    9    9.000000    0.906338    2.468472   -0.000183
    1    1.000000   -1.443026   -3.354081   -0.000742
    1    1.000000   -3.765969    1.979293    0.000539
    1    1.000000   -5.463972   -1.080873   -0.000037
  1.47298E-02  1.01438E-02  1.27836E-02  1.14329E-02  7.10869E-03  9.31983E-03
       .            .            .            .            .            .
       .            .            .            .            .            .
       .            .            .            .            .            .
  4.11973E-03  4.16080E-03  4.16951E-03  4.14564E-03  4.08977E-03  4.00322E-03

118464 out of 514292 gridpoints are considered ( 23.0%).

...done!




USING GREEDY MODE
File "multipole5_1charges.xyz" already exists. Fitting procedure is skipped.
File "multipole5_2charges.xyz" already exists. Fitting procedure is skipped.
File "multipole5_3charges.xyz" already exists. Fitting procedure is skipped.
File "multipole5_4charges.xyz" already exists. Fitting procedure is skipped.
File "multipole1_1charges.xyz" already exists. Fitting procedure is skipped.
File "multipole1_2charges.xyz" already exists. Fitting procedure is skipped.
File "multipole1_3charges.xyz" already exists. Fitting procedure is skipped.
File "multipole1_4charges.xyz" already exists. Fitting procedure is skipped.
File "multipole6_1charges.xyz" already exists. Fitting procedure is skipped.
File "multipole6_2charges.xyz" already exists. Fitting procedure is skipped.
File "multipole6_3charges.xyz" already exists. Fitting procedure is skipped.
File "multipole6_4charges.xyz" already exists. Fitting procedure is skipped.
Fragment fit detected
Fitting to MTP grid, discarding reference MEP cube data
Subsequent stats etc. are compared to MTP data, not the
MEP from the reference cube file
Total fragment charge (a.u.):        -1.422319571E-01
Running DE in parallel with 1 thread(s)!

Starting fitting procedure for 6 charges, trial 1
gen      0/12000      elitist  3.6913599E-03 feasible? T
gen    100/12000      elitist  2.0150395E-03 feasible? T
gen    200/12000      elitist  1.1566489E-03 feasible? T
gen    300/12000      elitist  8.3140830E-04 feasible? T
gen    400/12000      elitist  7.8230154E-04 feasible? T
gen    500/12000      elitist  7.4618669E-04 feasible? T
gen    600/12000      elitist  7.4006737E-04 feasible? T
gen    700/12000      elitist  7.3716176E-04 feasible? T
gen    800/12000      elitist  7.3667070E-04 feasible? T
gen    900/12000      elitist  7.3438547E-04 feasible? T
gen   1000/12000      elitist  7.2977431E-04 feasible? T
gen   1100/12000      elitist  7.2885298E-04 feasible? T
gen   1200/12000      elitist  7.2680575E-04 feasible? T
gen   1300/12000      elitist  6.5649697E-04 feasible? T
gen   1400/12000      elitist  5.6771178E-04 feasible? T
gen   1500/12000      elitist  4.8630307E-04 feasible? T
gen   1600/12000      elitist  4.6331656E-04 feasible? T
gen   1700/12000      elitist  4.5518562E-04 feasible? T
gen   1800/12000      elitist  4.4764463E-04 feasible? T
gen   1900/12000      elitist  4.4600439E-04 feasible? T
gen   2000/12000      elitist  4.4430179E-04 feasible? T
gen   2100/12000      elitist  4.4331445E-04 feasible? T
gen   2200/12000      elitist  4.3802521E-04 feasible? T
gen   2300/12000      elitist  4.3190883E-04 feasible? T
gen   2400/12000      elitist  4.2838940E-04 feasible? T
gen   2500/12000      elitist  4.2725758E-04 feasible? T
gen   2600/12000      elitist  4.2664308E-04 feasible? T
gen   2700/12000      elitist  4.2640187E-04 feasible? T
gen   2800/12000      elitist  4.2634422E-04 feasible? T
gen   2900/12000      elitist  4.2604033E-04 feasible? T
gen   3000/12000      elitist  4.2592875E-04 feasible? T
gen   3100/12000      elitist  4.2591130E-04 feasible? T
gen   3200/12000      elitist  4.2590420E-04 feasible? T
gen   3300/12000      elitist  4.2590069E-04 feasible? T
gen   3400/12000      elitist  4.2589704E-04 feasible? T
gen   3500/12000      elitist  4.2589463E-04 feasible? T
gen   3600/12000      elitist  4.2585885E-04 feasible? T
gen   3700/12000      elitist  4.2258363E-04 feasible? T
gen   3800/12000      elitist  4.2144206E-04 feasible? T
gen   3900/12000      elitist  4.2125459E-04 feasible? T
gen   4000/12000      elitist  4.2090585E-04 feasible? T
gen   4100/12000      elitist  4.2079925E-04 feasible? T
gen   4200/12000      elitist  4.2075965E-04 feasible? T
gen   4300/12000      elitist  4.2075538E-04 feasible? T
gen   4400/12000      elitist  4.2074289E-04 feasible? T
gen   4500/12000      elitist  4.2074056E-04 feasible? T
gen   4600/12000      elitist  4.2073332E-04 feasible? T
gen   4700/12000      elitist  4.2073158E-04 feasible? T
gen   4800/12000      elitist  4.2073101E-04 feasible? T
gen   4900/12000      elitist  4.2073066E-04 feasible? T
gen   5000/12000      elitist  4.2073060E-04 feasible? T
population converged towards a single solution after 5066 generations.
Starting local simplex optimization:
Solution before refinement:      4.2073059063E-04
 performing expansion, best =    4.2072321699735283E-004
 performing expansion, best =    4.2072098622383981E-004
 performing expansion, best =    4.2071610474027409E-004
 performing expansion, best =    4.2071578951855855E-004
 performing expansion, best =    4.2071402844414763E-004
 performing expansion, best =    4.2071294342579214E-004
 performing expansion, best =    4.2071281760311543E-004
 performing expansion, best =    4.2071229651207190E-004
 performing expansion, best =    4.2071216104172933E-004
 performing expansion, best =    4.2071207433268644E-004
 performing expansion, best =    4.2071156991328615E-004
 performing expansion, best =    4.2071147335171643E-004
 performing expansion, best =    4.2071144975057911E-004
 performing expansion, best =    4.2071142531188585E-004
 performing expansion, best =    4.2071129548323460E-004
 performing expansion, best =    4.2071121705153841E-004
 performing expansion, best =    4.2071085005799343E-004
 performing expansion, best =    4.2071044208235800E-004
 performing expansion, best =    4.2071013394373867E-004
 performing expansion, best =    4.2070959771669066E-004
 performing expansion, best =    4.2070915011626844E-004
 performing expansion, best =    4.2070852513381284E-004
 performing expansion, best =    4.2070846976924634E-004
 performing expansion, best =    4.2070843361315590E-004
 performing expansion, best =    4.2070841748095323E-004
 performing expansion, best =    4.2070826944545818E-004
 performing expansion, best =    4.2070783829068154E-004
 performing expansion, best =    4.2070697038325082E-004
 performing expansion, best =    4.2070688075457509E-004
 performing expansion, best =    4.2070625927798880E-004
 performing expansion, best =    4.2070623908248050E-004
 performing expansion, best =    4.2070577666416284E-004
 performing expansion, best =    4.2070550195528474E-004
 performing expansion, best =    4.2070498842541540E-004
 performing expansion, best =    4.2070488594381900E-004
 performing expansion, best =    4.2070457245852724E-004
 performing expansion, best =    4.2070456900495707E-004
 performing expansion, best =    4.2070419523342084E-004
 performing expansion, best =    4.2070367020569343E-004
 performing expansion, best =    4.2070346344662740E-004
 performing expansion, best =    4.2070272990379849E-004
 performing expansion, best =    4.2070270343453974E-004
 performing expansion, best =    4.2070260788396572E-004
 performing expansion, best =    4.2070246430269987E-004
 performing expansion, best =    4.2070236218218687E-004
 performing expansion, best =    4.2070195155660759E-004
 performing expansion, best =    4.2070127528857551E-004
 performing expansion, best =    4.2070079744511453E-004
 performing expansion, best =    4.2070007435138066E-004
 performing expansion, best =    4.2069916702315666E-004
 performing expansion, best =    4.2069814013269104E-004
 performing expansion, best =    4.2069783709991346E-004
 performing expansion, best =    4.2069732439319247E-004
 performing expansion, best =    4.2069682250837925E-004
 performing expansion, best =    4.2069650229028047E-004
 performing expansion, best =    4.2069573657736563E-004
 performing expansion, best =    4.2069552674141428E-004
 performing expansion, best =    4.2069499592126147E-004
 performing expansion, best =    4.2069489559202344E-004
 performing expansion, best =    4.2069468067829080E-004
 performing expansion, best =    4.2069404685233516E-004
 performing expansion, best =    4.2069276107857659E-004
 performing expansion, best =    4.2069192243648928E-004
 performing expansion, best =    4.2069095666921546E-004
 performing expansion, best =    4.2069032425770899E-004
 performing expansion, best =    4.2068923490818809E-004
 performing expansion, best =    4.2068836735479178E-004
 performing expansion, best =    4.2068701856669424E-004
 performing expansion, best =    4.2068561110170289E-004
 performing expansion, best =    4.2068411333103087E-004
 performing expansion, best =    4.2068347657725057E-004
 performing expansion, best =    4.2068182844269585E-004
 performing expansion, best =    4.2068025079044667E-004
 performing expansion, best =    4.2068020855592886E-004
 performing expansion, best =    4.2067976852885495E-004
 performing expansion, best =    4.2067937309023956E-004
 performing expansion, best =    4.2067899572222403E-004
 performing expansion, best =    4.2067876975706328E-004
 performing expansion, best =    4.2067873559786394E-004
 performing expansion, best =    4.2067836979710262E-004
 performing expansion, best =    4.2067780095343742E-004
 performing expansion, best =    4.2067723592587584E-004
 performing expansion, best =    4.2067676359787252E-004
 performing expansion, best =    4.2067659096301402E-004
 performing expansion, best =    4.2067650363102971E-004
 performing expansion, best =    4.2067617946646061E-004
 performing expansion, best =    4.2067594134040945E-004
 performing expansion, best =    4.2067590183681114E-004
 performing expansion, best =    4.2067583209782578E-004
 performing expansion, best =    4.2067557373534642E-004
 performing expansion, best =    4.2067533836293800E-004
 performing expansion, best =    4.2067492572185183E-004
 performing expansion, best =    4.2067443069290712E-004
 performing expansion, best =    4.2067417645410768E-004
 performing expansion, best =    4.2067366261035356E-004
 performing expansion, best =    4.2067357710364335E-004
 performing expansion, best =    4.2067276558028707E-004
 performing expansion, best =    4.2067230201294138E-004
 performing expansion, best =    4.2067112604585557E-004
 performing expansion, best =    4.2067039367207014E-004
 performing expansion, best =    4.2066937110178817E-004
 performing expansion, best =    4.2066710213031771E-004
 performing expansion, best =    4.2066525358038019E-004
 performing expansion, best =    4.2066365569162724E-004
 performing expansion, best =    4.2066226483403082E-004
 performing expansion, best =    4.2066156977217672E-004
 performing expansion, best =    4.2065930807289666E-004
 performing expansion, best =    4.2065751253913511E-004
 performing expansion, best =    4.2065452537131374E-004
 performing expansion, best =    4.2065176861248358E-004
 performing expansion, best =    4.2064710535133731E-004
 performing expansion, best =    4.2064208345258299E-004
 performing expansion, best =    4.2063802536537477E-004
 performing expansion, best =    4.2063787619085329E-004
 performing expansion, best =    4.2063488931315320E-004
 performing expansion, best =    4.2063033620136792E-004
 performing expansion, best =    4.2062492163699299E-004
 performing expansion, best =    4.2062452737624020E-004
 performing expansion, best =    4.2062389946878240E-004
 performing expansion, best =    4.2062231983301630E-004
 performing expansion, best =    4.2061701773815044E-004
 performing expansion, best =    4.2061612828637069E-004
 performing expansion, best =    4.2061576348871111E-004
 performing expansion, best =    4.2061368089783510E-004
 performing expansion, best =    4.2061328360906507E-004
 performing expansion, best =    4.2061285181724115E-004
 performing expansion, best =    4.2061122555613317E-004
 performing expansion, best =    4.2061018454293971E-004
 performing expansion, best =    4.2060989572541838E-004
 performing expansion, best =    4.2060947299505665E-004
 performing expansion, best =    4.2060919047091021E-004
 performing expansion, best =    4.2060916832916073E-004
 performing expansion, best =    4.2060900665909321E-004
 performing expansion, best =    4.2060896066384599E-004
 performing expansion, best =    4.2060874588182521E-004
 performing expansion, best =    4.2060851403776406E-004
 performing expansion, best =    4.2060848049477065E-004
 performing expansion, best =    4.2060818899495011E-004
 performing expansion, best =    4.2060813050004718E-004
 performing expansion, best =    4.2060806879614423E-004
 performing expansion, best =    4.2060800321478141E-004
 performing expansion, best =    4.2060795865038529E-004
 performing expansion, best =    4.2060792205647927E-004
 performing expansion, best =    4.2060788765924692E-004
 performing expansion, best =    4.2060787091471516E-004
 performing expansion, best =    4.2060774234694144E-004
 performing expansion, best =    4.2060769445709115E-004
 performing expansion, best =    4.2060756353749979E-004
 performing expansion, best =    4.2060738796118307E-004
 performing expansion, best =    4.2060732997113324E-004
 performing expansion, best =    4.2060718134364266E-004
 performing expansion, best =    4.2060716342047711E-004
 performing expansion, best =    4.2060714792950923E-004
 performing expansion, best =    4.2060713077239799E-004
 performing expansion, best =    4.2060711475997825E-004
 performing expansion, best =    4.2060708482693262E-004
 performing expansion, best =    4.2060708142910237E-004
 performing expansion, best =    4.2060707947048134E-004
 performing expansion, best =    4.2060707130357994E-004
 performing expansion, best =    4.2060704873417108E-004
 performing expansion, best =    4.2060704550361588E-004
 performing expansion, best =    4.2060703513319630E-004
 performing expansion, best =    4.2060702903725598E-004
 performing expansion, best =    4.2060702119433988E-004
 performing expansion, best =    4.2060701939364064E-004
 performing expansion, best =    4.2060700450981465E-004
 performing expansion, best =    4.2060699452872512E-004
 performing expansion, best =    4.2060698285361795E-004
 performing expansion, best =    4.2060696913809645E-004
 performing expansion, best =    4.2060696384311656E-004
 performing expansion, best =    4.2060695517204526E-004
 performing expansion, best =    4.2060692586531634E-004
 performing expansion, best =    4.2060692440250866E-004
 performing expansion, best =    4.2060692334864219E-004
 performing expansion, best =    4.2060691657080500E-004
 performing expansion, best =    4.2060691228013421E-004
 performing expansion, best =    4.2060690857257234E-004
 performing expansion, best =    4.2060688493052124E-004
 performing expansion, best =    4.2060688373308526E-004
 performing expansion, best =    4.2060686778298183E-004
 performing expansion, best =    4.2060685283619182E-004
 performing expansion, best =    4.2060684930066622E-004
 performing expansion, best =    4.2060682883875519E-004
 performing expansion, best =    4.2060682658232658E-004
 performing expansion, best =    4.2060681547636050E-004
 performing expansion, best =    4.2060679498087791E-004
 performing expansion, best =    4.2060679274105142E-004
 performing expansion, best =    4.2060678924890160E-004
 performing expansion, best =    4.2060678816316382E-004
 performing expansion, best =    4.2060678743751571E-004
 performing expansion, best =    4.2060676990888802E-004
 performing expansion, best =    4.2060676562652249E-004
 performing expansion, best =    4.2060675991772246E-004
 performing expansion, best =    4.2060675959847588E-004
 performing expansion, best =    4.2060675583673767E-004
 performing expansion, best =    4.2060675358441879E-004
 performing expansion, best =    4.2060675043411748E-004
 performing expansion, best =    4.2060674975237771E-004
 performing expansion, best =    4.2060674947058435E-004
 performing expansion, best =    4.2060674671294502E-004
 performing expansion, best =    4.2060674491017311E-004
 performing expansion, best =    4.2060672909379832E-004
 performing expansion, best =    4.2060671026944701E-004
 performing expansion, best =    4.2060670879279829E-004
 performing expansion, best =    4.2060669800147782E-004
 performing expansion, best =    4.2060669425986202E-004
 performing expansion, best =    4.2060668981226061E-004
 performing expansion, best =    4.2060667221962455E-004
 performing expansion, best =    4.2060666036832748E-004
 performing expansion, best =    4.2060664163311395E-004
 performing expansion, best =    4.2060661990444556E-004
 performing expansion, best =    4.2060659855269750E-004
 performing expansion, best =    4.2060656865810852E-004
 performing expansion, best =    4.2060654217083206E-004
 performing expansion, best =    4.2060652112104385E-004
 performing expansion, best =    4.2060649562609850E-004
 performing expansion, best =    4.2060646093757057E-004
 performing expansion, best =    4.2060643372076570E-004
 performing expansion, best =    4.2060640141710633E-004
 performing expansion, best =    4.2060635710190660E-004
 performing expansion, best =    4.2060631225232644E-004
 performing expansion, best =    4.2060626027907636E-004
 performing expansion, best =    4.2060620597236500E-004
 performing expansion, best =    4.2060614469677211E-004
 performing expansion, best =    4.2060609644171553E-004
 performing expansion, best =    4.2060604396902251E-004
 performing expansion, best =    4.2060599917881814E-004
 performing expansion, best =    4.2060595431825365E-004
 performing expansion, best =    4.2060590233723163E-004
 performing expansion, best =    4.2060585493958403E-004
 performing expansion, best =    4.2060581762922333E-004
 performing expansion, best =    4.2060581383436969E-004
 performing expansion, best =    4.2060578566901282E-004
 performing expansion, best =    4.2060574350365692E-004
 performing expansion, best =    4.2060572807970677E-004
 performing expansion, best =    4.2060570766016642E-004
 performing expansion, best =    4.2060565556610043E-004
 performing expansion, best =    4.2060561821097119E-004
 performing expansion, best =    4.2060557052610493E-004
 performing expansion, best =    4.2060549671402392E-004
 performing expansion, best =    4.2060546080029446E-004
 performing expansion, best =    4.2060540610824952E-004
 performing expansion, best =    4.2060534596414823E-004
 performing expansion, best =    4.2060525962710931E-004
 performing expansion, best =    4.2060519176685142E-004
 performing expansion, best =    4.2060512909065261E-004
 performing expansion, best =    4.2060509844638223E-004
 performing expansion, best =    4.2060500581391538E-004
 performing expansion, best =    4.2060487044751229E-004
 performing expansion, best =    4.2060476652156024E-004
 performing expansion, best =    4.2060462482413415E-004
 performing expansion, best =    4.2060446792578600E-004
 performing expansion, best =    4.2060426549848711E-004
 performing expansion, best =    4.2060416880401356E-004
 performing expansion, best =    4.2060395714812803E-004
 performing expansion, best =    4.2060372563011467E-004
 performing expansion, best =    4.2060338685262938E-004
 performing expansion, best =    4.2060329894411027E-004
 performing expansion, best =    4.2060291465756080E-004
 performing expansion, best =    4.2060269735260281E-004
 performing expansion, best =    4.2060261917089962E-004
 performing expansion, best =    4.2060261525268502E-004
 performing expansion, best =    4.2060233520659302E-004
 performing expansion, best =    4.2060232741824080E-004
 performing expansion, best =    4.2060205643761268E-004
 performing expansion, best =    4.2060165091832677E-004
 performing expansion, best =    4.2060115415827994E-004
 performing expansion, best =    4.2060083011494822E-004
 performing expansion, best =    4.2060031693304717E-004
 performing expansion, best =    4.2059990006512596E-004
 performing expansion, best =    4.2059934815193877E-004
 performing expansion, best =    4.2059916108986564E-004
 performing expansion, best =    4.2059839347500703E-004
 performing expansion, best =    4.2059786759065951E-004
 performing expansion, best =    4.2059726019763323E-004
 performing expansion, best =    4.2059635589696188E-004
 performing expansion, best =    4.2059543715682117E-004
 performing expansion, best =    4.2059501489544144E-004
 performing expansion, best =    4.2059371113231729E-004
 performing expansion, best =    4.2059349907206040E-004
 performing expansion, best =    4.2059218630264336E-004
 performing expansion, best =    4.2059092963344172E-004
 performing expansion, best =    4.2059081270090954E-004
 performing expansion, best =    4.2059062195365393E-004
 performing expansion, best =    4.2059049989432080E-004
 performing expansion, best =    4.2058935377798349E-004
 performing expansion, best =    4.2058926033894010E-004
 performing expansion, best =    4.2058914966145214E-004
 performing expansion, best =    4.2058799056801936E-004
 performing expansion, best =    4.2058636036615199E-004
 performing expansion, best =    4.2058627752254723E-004
 performing expansion, best =    4.2058615391893573E-004
 performing expansion, best =    4.2058562723139585E-004
 performing expansion, best =    4.2058358862695478E-004
 performing expansion, best =    4.2058333895666328E-004
 performing expansion, best =    4.2058278276711682E-004
 performing expansion, best =    4.2058241591809946E-004
 performing expansion, best =    4.2058094563488251E-004
 performing expansion, best =    4.2058075372346953E-004
 performing expansion, best =    4.2058018479182343E-004
 performing expansion, best =    4.2058010271723613E-004
 performing expansion, best =    4.2057900670653493E-004
 performing expansion, best =    4.2057899065972131E-004
 performing expansion, best =    4.2057880049145650E-004
 performing expansion, best =    4.2057803889932561E-004
 performing expansion, best =    4.2057787494556505E-004
 performing expansion, best =    4.2057786688830300E-004
 performing expansion, best =    4.2057777766450896E-004
 performing expansion, best =    4.2057702178817678E-004
 performing expansion, best =    4.2057687430617366E-004
 performing expansion, best =    4.2057673205694000E-004
 performing expansion, best =    4.2057656377995060E-004
 performing expansion, best =    4.2057631216412732E-004
 performing expansion, best =    4.2057620780961856E-004
 performing expansion, best =    4.2057614591554688E-004
 performing expansion, best =    4.2057607237439286E-004
 performing expansion, best =    4.2057603796737131E-004
 performing expansion, best =    4.2057590257131875E-004
 performing expansion, best =    4.2057587017528005E-004
 performing expansion, best =    4.2057583032609853E-004
 performing expansion, best =    4.2057558025929967E-004
 performing expansion, best =    4.2057538332888422E-004
 performing expansion, best =    4.2057535448129660E-004
 performing expansion, best =    4.2057524569627503E-004
 performing expansion, best =    4.2057522119601790E-004
 performing expansion, best =    4.2057517278438984E-004
 performing expansion, best =    4.2057482971430790E-004
 performing expansion, best =    4.2057419110562986E-004
 performing expansion, best =    4.2057418877649016E-004
 performing expansion, best =    4.2057408907322525E-004
 performing expansion, best =    4.2057407259637547E-004
 performing expansion, best =    4.2057380990139957E-004
 performing expansion, best =    4.2057336673232044E-004
 performing expansion, best =    4.2057277352508787E-004
 performing expansion, best =    4.2057269928026355E-004
 performing expansion, best =    4.2057269830165193E-004
 performing expansion, best =    4.2057220257366316E-004
 performing expansion, best =    4.2057217828944692E-004
 performing expansion, best =    4.2057207678504466E-004
 performing expansion, best =    4.2057196401223431E-004
 performing expansion, best =    4.2057195662052434E-004
 performing expansion, best =    4.2057178336949732E-004
 performing expansion, best =    4.2057136462426964E-004
 performing expansion, best =    4.2057127689538272E-004
 performing expansion, best =    4.2057119966898768E-004
 performing expansion, best =    4.2057107071603216E-004
 performing expansion, best =    4.2057097529935706E-004
 performing expansion, best =    4.2057091077065030E-004
 performing expansion, best =    4.2057071257054184E-004
 performing expansion, best =    4.2057054696647910E-004
 performing expansion, best =    4.2057032651215699E-004
 performing expansion, best =    4.2057008639710187E-004
 performing expansion, best =    4.2056979691029332E-004
 performing expansion, best =    4.2056955812036099E-004
 performing expansion, best =    4.2056909848959786E-004
 performing expansion, best =    4.2056885456067192E-004
 performing expansion, best =    4.2056856200824524E-004
 performing expansion, best =    4.2056796842666086E-004
 performing expansion, best =    4.2056728257852666E-004
 performing expansion, best =    4.2056707752547898E-004
 performing expansion, best =    4.2056617501168628E-004
 performing expansion, best =    4.2056609331622149E-004
 performing expansion, best =    4.2056600787407768E-004
 performing expansion, best =    4.2056552980928723E-004
 performing expansion, best =    4.2056533473345669E-004
 performing expansion, best =    4.2056522794154760E-004
 performing expansion, best =    4.2056512370814358E-004
 performing expansion, best =    4.2056465392530118E-004
 performing expansion, best =    4.2056460522804011E-004
 performing expansion, best =    4.2056452351052942E-004
 performing expansion, best =    4.2056407958065886E-004
 performing expansion, best =    4.2056373430556648E-004
 performing expansion, best =    4.2056338390122894E-004
 performing expansion, best =    4.2056336156729373E-004
 performing expansion, best =    4.2056327889182553E-004
 performing expansion, best =    4.2056305623717875E-004
 performing expansion, best =    4.2056295589749449E-004
 performing expansion, best =    4.2056262523704381E-004
 performing expansion, best =    4.2056208283580926E-004
 performing expansion, best =    4.2056161196445580E-004
 performing expansion, best =    4.2056092290553688E-004
 performing expansion, best =    4.2056057987328714E-004
 performing expansion, best =    4.2056002644453834E-004
 performing expansion, best =    4.2055931669896678E-004
 performing expansion, best =    4.2055853095502189E-004
 performing expansion, best =    4.2055770308119239E-004
 performing expansion, best =    4.2055768378736766E-004
 performing expansion, best =    4.2055767445972451E-004
 performing expansion, best =    4.2055698278521512E-004
 performing expansion, best =    4.2055614612837502E-004
 performing expansion, best =    4.2055550634542113E-004
 performing expansion, best =    4.2055540389276534E-004
 performing expansion, best =    4.2055494961088375E-004
 performing expansion, best =    4.2055436085568931E-004
 performing expansion, best =    4.2055410299551762E-004
 performing expansion, best =    4.2055374750298328E-004
 performing expansion, best =    4.2055340702493833E-004
 performing expansion, best =    4.2055326166351209E-004
 performing expansion, best =    4.2055304791653987E-004
 performing expansion, best =    4.2055284304574615E-004
 performing expansion, best =    4.2055232390487030E-004
 performing expansion, best =    4.2055177036226841E-004
 performing expansion, best =    4.2055140287993890E-004
 performing expansion, best =    4.2055129285670852E-004
 performing expansion, best =    4.2055075955367988E-004
 performing expansion, best =    4.2055049518489781E-004
 performing expansion, best =    4.2054958296575183E-004
 performing expansion, best =    4.2054933972282137E-004
 performing expansion, best =    4.2054903102638734E-004
 performing expansion, best =    4.2054829368896098E-004
 performing expansion, best =    4.2054783055998592E-004
 performing expansion, best =    4.2054734762010871E-004
 performing expansion, best =    4.2054636044678564E-004
 performing expansion, best =    4.2054553185637419E-004
 performing expansion, best =    4.2054502662648669E-004
 performing expansion, best =    4.2054440877805109E-004
 performing expansion, best =    4.2054330198769700E-004
 performing expansion, best =    4.2054242116008623E-004
 performing expansion, best =    4.2054166505778637E-004
 performing expansion, best =    4.2054120660025852E-004
 performing expansion, best =    4.2054057912463167E-004
 performing expansion, best =    4.2053971027470460E-004
 performing expansion, best =    4.2053850457998796E-004
 performing expansion, best =    4.2053787175570681E-004
 performing expansion, best =    4.2053767895809148E-004
 performing expansion, best =    4.2053748901493718E-004
 performing expansion, best =    4.2053734664535344E-004
 performing expansion, best =    4.2053719413159460E-004
 performing expansion, best =    4.2053704682852946E-004
 performing expansion, best =    4.2053703707612078E-004
 performing expansion, best =    4.2053700677314651E-004
 performing expansion, best =    4.2053678965012751E-004
 performing expansion, best =    4.2053648271599559E-004
 performing expansion, best =    4.2053634293884594E-004
 performing expansion, best =    4.2053591476866770E-004
 performing expansion, best =    4.2053582900142061E-004
 performing expansion, best =    4.2053555802505670E-004
 performing expansion, best =    4.2053520909972564E-004
 performing expansion, best =    4.2053516856646269E-004
 performing expansion, best =    4.2053483486986743E-004
 performing expansion, best =    4.2053462643828338E-004
 performing expansion, best =    4.2053415508358982E-004
 performing expansion, best =    4.2053364155350309E-004
 performing expansion, best =    4.2053319692815554E-004
 performing expansion, best =    4.2053303235788835E-004
 performing expansion, best =    4.2053279230323793E-004
 performing expansion, best =    4.2053228330144805E-004
 performing expansion, best =    4.2053187474469354E-004
 performing expansion, best =    4.2053094053902591E-004
 performing expansion, best =    4.2053052808935291E-004
 performing expansion, best =    4.2053010216921315E-004
 performing expansion, best =    4.2052980496215661E-004
 performing expansion, best =    4.2052955136948777E-004
 performing expansion, best =    4.2052930124659147E-004
 performing expansion, best =    4.2052917463045918E-004
 performing expansion, best =    4.2052888992752331E-004
 performing expansion, best =    4.2052878817294031E-004
 performing expansion, best =    4.2052857635338487E-004
 performing expansion, best =    4.2052836489554172E-004
 performing expansion, best =    4.2052826147548133E-004
 performing expansion, best =    4.2052816822621772E-004
 performing expansion, best =    4.2052806957971979E-004
 performing expansion, best =    4.2052800895813044E-004
 performing expansion, best =    4.2052794062273847E-004
 performing expansion, best =    4.2052783961795120E-004
 performing expansion, best =    4.2052774448559071E-004
 performing expansion, best =    4.2052760719247411E-004
 performing expansion, best =    4.2052753482789917E-004
 performing expansion, best =    4.2052743973409275E-004
 performing expansion, best =    4.2052743793223672E-004
 performing expansion, best =    4.2052729945713457E-004
 performing expansion, best =    4.2052721897857358E-004
 performing expansion, best =    4.2052713118204653E-004
 performing expansion, best =    4.2052703539194211E-004
 performing expansion, best =    4.2052700742286882E-004
 performing expansion, best =    4.2052699978268346E-004
 performing expansion, best =    4.2052691859631496E-004
 performing expansion, best =    4.2052689603203211E-004
 performing expansion, best =    4.2052687504069345E-004
 performing expansion, best =    4.2052685943047281E-004
 performing expansion, best =    4.2052681522637404E-004
 performing expansion, best =    4.2052679482277276E-004
 performing expansion, best =    4.2052679375028041E-004
 performing expansion, best =    4.2052679252821770E-004
 performing expansion, best =    4.2052679044331649E-004
 performing expansion, best =    4.2052678859939141E-004
 performing expansion, best =    4.2052677954852784E-004
 performing expansion, best =    4.2052677191234064E-004
 performing expansion, best =    4.2052676729444137E-004
 performing expansion, best =    4.2052676479584889E-004
 performing expansion, best =    4.2052676321460388E-004
 performing expansion, best =    4.2052675446695756E-004
 performing expansion, best =    4.2052674124542279E-004
 performing expansion, best =    4.2052672812737540E-004
 performing expansion, best =    4.2052670004892975E-004
 performing expansion, best =    4.2052668346356244E-004
 performing expansion, best =    4.2052667051363691E-004
 performing expansion, best =    4.2052664702571329E-004
 performing expansion, best =    4.2052661142573551E-004
 performing expansion, best =    4.2052658725893354E-004
 performing expansion, best =    4.2052656829623739E-004
 performing expansion, best =    4.2052655045831045E-004
 performing expansion, best =    4.2052652310263110E-004
 performing expansion, best =    4.2052645651181230E-004
 performing expansion, best =    4.2052641065360580E-004
 performing expansion, best =    4.2052638970691675E-004
 performing expansion, best =    4.2052633329316667E-004
 performing expansion, best =    4.2052626260071722E-004
 performing expansion, best =    4.2052624746329042E-004
 performing expansion, best =    4.2052621591142530E-004
 performing expansion, best =    4.2052621147414208E-004
 performing expansion, best =    4.2052620793457213E-004
 performing expansion, best =    4.2052620456956480E-004
 performing expansion, best =    4.2052616882444358E-004
 performing expansion, best =    4.2052616061895477E-004
 performing expansion, best =    4.2052615973518586E-004
 performing expansion, best =    4.2052615470855999E-004
 performing expansion, best =    4.2052614472141606E-004
 performing expansion, best =    4.2052612870590596E-004
 performing expansion, best =    4.2052612345263381E-004
 performing expansion, best =    4.2052611697819184E-004
 performing expansion, best =    4.2052611176243742E-004
 performing expansion, best =    4.2052610985977206E-004
 performing expansion, best =    4.2052609638750069E-004
 performing expansion, best =    4.2052609572794120E-004
 performing expansion, best =    4.2052609507432006E-004
 performing expansion, best =    4.2052609058675723E-004
 performing expansion, best =    4.2052608838337658E-004
 performing expansion, best =    4.2052608512541573E-004
 performing expansion, best =    4.2052608230510263E-004
 performing expansion, best =    4.2052608059818720E-004
 performing expansion, best =    4.2052607727783745E-004
 performing expansion, best =    4.2052607666747999E-004
 performing expansion, best =    4.2052607622351345E-004
 performing expansion, best =    4.2052607535870425E-004
 performing expansion, best =    4.2052607526612976E-004
 performing expansion, best =    4.2052607457792343E-004
 performing expansion, best =    4.2052607437441245E-004
 performing expansion, best =    4.2052607245581718E-004
 performing expansion, best =    4.2052607057013091E-004
 performing expansion, best =    4.2052607034356681E-004
 performing expansion, best =    4.2052606982545142E-004
 performing expansion, best =    4.2052606976503745E-004
 performing expansion, best =    4.2052606905273657E-004
 performing expansion, best =    4.2052606831903571E-004
 performing expansion, best =    4.2052606808545855E-004
 performing expansion, best =    4.2052606774107572E-004
 performing expansion, best =    4.2052606767739012E-004
 performing expansion, best =    4.2052606737776678E-004
 performing expansion, best =    4.2052606619536148E-004
Exiting simplex optimization after  4524 iterations
Solution after  refinement:      4.2052606620E-04
RMSE         4.205260662E-04 Hartree
NEW BEST!

Starting fitting procedure for 6 charges, trial 2
gen      0/12000      elitist  8.3488729E-03 feasible? F
gen    100/12000      elitist  1.6027426E-03 feasible? T
gen    200/12000      elitist  6.5822217E-04 feasible? T
gen    300/12000      elitist  5.8271545E-04 feasible? T
gen    400/12000      elitist  4.7991468E-04 feasible? T
gen    500/12000      elitist  4.6153011E-04 feasible? T
gen    600/12000      elitist  4.5687998E-04 feasible? T
gen    700/12000      elitist  4.4604361E-04 feasible? T
gen    800/12000      elitist  4.4284890E-04 feasible? T
gen    900/12000      elitist  4.3735268E-04 feasible? T
gen   1000/12000      elitist  4.2275753E-04 feasible? T
gen   1100/12000      elitist  4.2196140E-04 feasible? T
gen   1200/12000      elitist  4.1950370E-04 feasible? T
gen   1300/12000      elitist  4.1589896E-04 feasible? T
gen   1400/12000      elitist  4.1438733E-04 feasible? T
gen   1500/12000      elitist  4.1268529E-04 feasible? T
gen   1600/12000      elitist  4.1231676E-04 feasible? T
gen   1700/12000      elitist  4.1226231E-04 feasible? T
gen   1800/12000      elitist  4.1189901E-04 feasible? T
gen   1900/12000      elitist  4.1160849E-04 feasible? T
gen   2000/12000      elitist  4.1149544E-04 feasible? T
gen   2100/12000      elitist  4.1148400E-04 feasible? T
gen   2200/12000      elitist  4.1119840E-04 feasible? T
gen   2300/12000      elitist  4.1095126E-04 feasible? T
gen   2400/12000      elitist  4.1084079E-04 feasible? T
gen   2500/12000      elitist  4.1049240E-04 feasible? T
gen   2600/12000      elitist  4.1015871E-04 feasible? T
gen   2700/12000      elitist  4.1008727E-04 feasible? T
gen   2800/12000      elitist  4.1007183E-04 feasible? T
gen   2900/12000      elitist  4.1007084E-04 feasible? T
gen   3000/12000      elitist  4.1007059E-04 feasible? T
gen   3100/12000      elitist  4.1006868E-04 feasible? T
gen   3200/12000      elitist  4.1006772E-04 feasible? T
gen   3300/12000      elitist  4.1006709E-04 feasible? T
gen   3400/12000      elitist  4.1006706E-04 feasible? T
gen   3500/12000      elitist  4.1006699E-04 feasible? T
gen   3600/12000      elitist  4.1006675E-04 feasible? T
gen   3700/12000      elitist  4.1006671E-04 feasible? T
population converged towards a single solution after 3733 generations.
Starting local simplex optimization:
Solution before refinement:      4.1006670870E-04
 performing expansion, best =    4.1006561542317904E-004
 performing expansion, best =    4.1006293694068058E-004
 performing expansion, best =    4.1006272088058943E-004
 performing expansion, best =    4.1006236452198122E-004
 performing expansion, best =    4.1006145851194307E-004
 performing expansion, best =    4.1006100508648058E-004
 performing expansion, best =    4.1006079363831475E-004
 performing expansion, best =    4.1006043479693030E-004
 performing expansion, best =    4.1005981508411983E-004
 performing expansion, best =    4.1005941950352111E-004
 performing expansion, best =    4.1005935027491172E-004
 performing expansion, best =    4.1005916839845528E-004
 performing expansion, best =    4.1005914381413974E-004
 performing expansion, best =    4.1005910650226182E-004
 performing expansion, best =    4.1005907088837796E-004
 performing expansion, best =    4.1005906672515269E-004
 performing expansion, best =    4.1005902819933805E-004
 performing expansion, best =    4.1005898464817141E-004
 performing expansion, best =    4.1005897654203878E-004
 performing expansion, best =    4.1005890970887489E-004
 performing expansion, best =    4.1005888265176281E-004
 performing expansion, best =    4.1005887570252453E-004
 performing expansion, best =    4.1005877913144012E-004
 performing expansion, best =    4.1005874346080955E-004
 performing expansion, best =    4.1005872869139383E-004
 performing expansion, best =    4.1005872258672910E-004
 performing expansion, best =    4.1005870676468284E-004
 performing expansion, best =    4.1005870392825692E-004
 performing expansion, best =    4.1005869607274462E-004
 performing expansion, best =    4.1005869013351184E-004
 performing expansion, best =    4.1005867873252248E-004
 performing expansion, best =    4.1005867856204226E-004
 performing expansion, best =    4.1005866873550109E-004
 performing expansion, best =    4.1005865932986499E-004
 performing expansion, best =    4.1005865738016797E-004
 performing expansion, best =    4.1005865318592677E-004
 performing expansion, best =    4.1005861141368410E-004
 performing expansion, best =    4.1005859993964238E-004
 performing expansion, best =    4.1005859288593521E-004
 performing expansion, best =    4.1005858134006900E-004
 performing expansion, best =    4.1005857544195980E-004
 performing expansion, best =    4.1005857214222887E-004
 performing expansion, best =    4.1005853661598037E-004
 performing expansion, best =    4.1005850391721528E-004
 performing expansion, best =    4.1005847192595273E-004
 performing expansion, best =    4.1005846671078616E-004
 performing expansion, best =    4.1005844278431885E-004
 performing expansion, best =    4.1005842161076278E-004
 performing expansion, best =    4.1005840217839739E-004
 performing expansion, best =    4.1005839529786907E-004
 performing expansion, best =    4.1005836675730653E-004
 performing expansion, best =    4.1005833941329969E-004
 performing expansion, best =    4.1005830767486815E-004
 performing expansion, best =    4.1005830735941297E-004
 performing expansion, best =    4.1005828231444432E-004
 performing expansion, best =    4.1005827400623310E-004
 performing expansion, best =    4.1005826881933808E-004
 performing expansion, best =    4.1005826445018352E-004
 performing expansion, best =    4.1005825967090602E-004
 performing expansion, best =    4.1005823238266350E-004
 performing expansion, best =    4.1005822972934046E-004
 performing expansion, best =    4.1005821570380175E-004
 performing expansion, best =    4.1005821554143597E-004
 performing expansion, best =    4.1005820914650836E-004
 performing expansion, best =    4.1005818962400967E-004
 performing expansion, best =    4.1005817515247454E-004
 performing expansion, best =    4.1005815629301421E-004
 performing expansion, best =    4.1005815384537251E-004
 performing expansion, best =    4.1005813919644878E-004
 performing expansion, best =    4.1005812191147927E-004
 performing expansion, best =    4.1005810228022691E-004
 performing expansion, best =    4.1005808369080693E-004
 performing expansion, best =    4.1005807434548965E-004
 performing expansion, best =    4.1005805408273415E-004
 performing expansion, best =    4.1005804670381425E-004
 performing expansion, best =    4.1005802887675178E-004
 performing expansion, best =    4.1005802642262026E-004
 performing expansion, best =    4.1005800709478394E-004
 performing expansion, best =    4.1005800301564425E-004
 performing expansion, best =    4.1005800127965741E-004
 performing expansion, best =    4.1005800039446618E-004
 performing expansion, best =    4.1005799049897989E-004
 performing expansion, best =    4.1005797170143705E-004
 performing expansion, best =    4.1005796759584597E-004
 performing expansion, best =    4.1005795310482761E-004
 performing expansion, best =    4.1005793847660380E-004
 performing expansion, best =    4.1005791979881683E-004
 performing expansion, best =    4.1005791979271744E-004
 performing expansion, best =    4.1005789829006524E-004
 performing expansion, best =    4.1005789728617160E-004
 performing expansion, best =    4.1005789221874801E-004
 performing expansion, best =    4.1005788633600515E-004
 performing expansion, best =    4.1005785957687552E-004
 performing expansion, best =    4.1005783728608603E-004
 performing expansion, best =    4.1005781203155102E-004
 performing expansion, best =    4.1005778930452383E-004
 performing expansion, best =    4.1005776450634307E-004
 performing expansion, best =    4.1005773797112157E-004
 performing expansion, best =    4.1005770814757283E-004
 performing expansion, best =    4.1005770083921264E-004
 performing expansion, best =    4.1005767703347770E-004
 performing expansion, best =    4.1005765949613454E-004
 performing expansion, best =    4.1005763054070452E-004
 performing expansion, best =    4.1005761438088717E-004
 performing expansion, best =    4.1005760947402091E-004
 performing expansion, best =    4.1005760798136346E-004
 performing expansion, best =    4.1005758957047195E-004
 performing expansion, best =    4.1005756319140087E-004
 performing expansion, best =    4.1005753496207152E-004
 performing expansion, best =    4.1005752842059387E-004
 performing expansion, best =    4.1005750895167699E-004
 performing expansion, best =    4.1005749066289196E-004
 performing expansion, best =    4.1005748347466403E-004
 performing expansion, best =    4.1005747557133808E-004
 performing expansion, best =    4.1005747250033749E-004
 performing expansion, best =    4.1005746591997715E-004
 performing expansion, best =    4.1005746011792653E-004
 performing expansion, best =    4.1005745555060307E-004
 performing expansion, best =    4.1005745283752032E-004
 performing expansion, best =    4.1005745072241183E-004
 performing expansion, best =    4.1005743231692306E-004
 performing expansion, best =    4.1005743184437631E-004
 performing expansion, best =    4.1005741623893391E-004
 performing expansion, best =    4.1005741175265679E-004
 performing expansion, best =    4.1005741137961502E-004
 performing expansion, best =    4.1005739573253352E-004
 performing expansion, best =    4.1005738981641598E-004
 performing expansion, best =    4.1005738527336445E-004
 performing expansion, best =    4.1005738504058044E-004
 performing expansion, best =    4.1005736961139007E-004
 performing expansion, best =    4.1005735590239411E-004
 performing expansion, best =    4.1005734090536917E-004
 performing expansion, best =    4.1005732144522506E-004
 performing expansion, best =    4.1005730319852647E-004
 performing expansion, best =    4.1005727863678641E-004
 performing expansion, best =    4.1005724660018794E-004
 performing expansion, best =    4.1005721038053799E-004
 performing expansion, best =    4.1005716878985175E-004
 performing expansion, best =    4.1005713058340815E-004
 performing expansion, best =    4.1005707750786413E-004
 performing expansion, best =    4.1005702529323151E-004
 performing expansion, best =    4.1005695846431481E-004
 performing expansion, best =    4.1005687539945573E-004
 performing expansion, best =    4.1005678797333497E-004
 performing expansion, best =    4.1005667756485622E-004
 performing expansion, best =    4.1005656766692714E-004
 performing expansion, best =    4.1005644887696208E-004
 performing expansion, best =    4.1005631692495715E-004
 performing expansion, best =    4.1005615144137859E-004
 performing expansion, best =    4.1005595983658011E-004
 performing expansion, best =    4.1005579946156779E-004
 performing expansion, best =    4.1005559765932182E-004
 performing expansion, best =    4.1005542090860126E-004
 performing expansion, best =    4.1005525930140125E-004
 performing expansion, best =    4.1005503983012568E-004
 performing expansion, best =    4.1005477226224479E-004
 performing expansion, best =    4.1005456072877469E-004
 performing expansion, best =    4.1005434917145057E-004
 performing expansion, best =    4.1005414594651722E-004
 performing expansion, best =    4.1005399760737145E-004
 performing expansion, best =    4.1005381093921911E-004
 performing expansion, best =    4.1005362714251339E-004
 performing expansion, best =    4.1005350618000510E-004
 performing expansion, best =    4.1005331382091528E-004
 performing expansion, best =    4.1005308125556495E-004
 performing expansion, best =    4.1005288089546643E-004
 performing expansion, best =    4.1005267410119614E-004
 performing expansion, best =    4.1005246361683790E-004
 performing expansion, best =    4.1005233285426276E-004
 performing expansion, best =    4.1005228362606865E-004
 performing expansion, best =    4.1005227290609014E-004
 performing expansion, best =    4.1005227163069103E-004
 performing expansion, best =    4.1005225928274322E-004
 performing expansion, best =    4.1005223131379705E-004
 performing expansion, best =    4.1005220375117516E-004
 performing expansion, best =    4.1005220347228909E-004
 performing expansion, best =    4.1005219024925715E-004
 performing expansion, best =    4.1005218191461932E-004
 performing expansion, best =    4.1005218024726373E-004
 performing expansion, best =    4.1005217170944229E-004
 performing expansion, best =    4.1005216331886554E-004
 performing expansion, best =    4.1005215559628027E-004
 performing expansion, best =    4.1005215234067317E-004
 performing expansion, best =    4.1005214754229023E-004
 performing expansion, best =    4.1005214534034279E-004
 performing expansion, best =    4.1005213855221733E-004
 performing expansion, best =    4.1005212163860522E-004
 performing expansion, best =    4.1005210458471117E-004
 performing expansion, best =    4.1005208967330421E-004
 performing expansion, best =    4.1005207243622704E-004
 performing expansion, best =    4.1005205201824279E-004
 performing expansion, best =    4.1005201259062851E-004
 performing expansion, best =    4.1005197198515158E-004
 performing expansion, best =    4.1005191357166703E-004
 performing expansion, best =    4.1005184567245690E-004
 performing expansion, best =    4.1005176762841557E-004
 performing expansion, best =    4.1005169426824043E-004
 performing expansion, best =    4.1005162275544225E-004
 performing expansion, best =    4.1005155224169333E-004
 performing expansion, best =    4.1005144305504711E-004
 performing expansion, best =    4.1005136462349896E-004
 performing expansion, best =    4.1005125756494125E-004
 performing expansion, best =    4.1005115485725601E-004
 performing expansion, best =    4.1005101871850199E-004
 performing expansion, best =    4.1005083719629045E-004
 performing expansion, best =    4.1005061470602357E-004
 performing expansion, best =    4.1005041140818640E-004
 performing expansion, best =    4.1005037295000060E-004
 performing expansion, best =    4.1005022327721737E-004
 performing expansion, best =    4.1005021978654462E-004
 performing expansion, best =    4.1005018888177770E-004
 performing expansion, best =    4.1005013112857503E-004
 performing expansion, best =    4.1005012176836581E-004
 performing expansion, best =    4.1005003308889872E-004
 performing expansion, best =    4.1005000807217852E-004
 performing expansion, best =    4.1004994488274171E-004
 performing expansion, best =    4.1004994488271634E-004
 performing expansion, best =    4.1004993352989434E-004
 performing expansion, best =    4.1004992691259041E-004
 performing expansion, best =    4.1004988942763322E-004
 performing expansion, best =    4.1004988576624529E-004
 performing expansion, best =    4.1004988369732729E-004
 performing expansion, best =    4.1004987012885206E-004
 performing expansion, best =    4.1004986756219543E-004
 performing expansion, best =    4.1004986705219594E-004
 performing expansion, best =    4.1004986595413810E-004
 performing expansion, best =    4.1004986417626804E-004
 performing expansion, best =    4.1004986363434541E-004
 performing expansion, best =    4.1004985608976738E-004
 performing expansion, best =    4.1004985473414398E-004
 performing expansion, best =    4.1004984235826799E-004
 performing expansion, best =    4.1004983482878634E-004
 performing expansion, best =    4.1004983454055488E-004
 performing expansion, best =    4.1004981627923046E-004
 performing expansion, best =    4.1004979598227033E-004
 performing expansion, best =    4.1004977695335918E-004
 performing expansion, best =    4.1004975100399901E-004
 performing expansion, best =    4.1004973276655561E-004
 performing expansion, best =    4.1004970474919824E-004
 performing expansion, best =    4.1004969200799431E-004
 performing expansion, best =    4.1004967783747647E-004
 performing expansion, best =    4.1004966259596860E-004
 performing expansion, best =    4.1004961261270444E-004
 performing expansion, best =    4.1004954452770548E-004
 performing expansion, best =    4.1004950287096899E-004
 performing expansion, best =    4.1004947770788134E-004
 performing expansion, best =    4.1004942218260317E-004
 performing expansion, best =    4.1004933624678481E-004
 performing expansion, best =    4.1004926810250385E-004
 performing expansion, best =    4.1004923944330427E-004
 performing expansion, best =    4.1004918914614558E-004
 performing expansion, best =    4.1004912730336225E-004
 performing expansion, best =    4.1004908350296702E-004
 performing expansion, best =    4.1004904029904687E-004
 performing expansion, best =    4.1004903206519837E-004
 performing expansion, best =    4.1004902954424558E-004
 performing expansion, best =    4.1004902457135841E-004
 performing expansion, best =    4.1004901308522041E-004
 performing expansion, best =    4.1004900682187136E-004
 performing expansion, best =    4.1004899094517112E-004
 performing expansion, best =    4.1004897576657983E-004
 performing expansion, best =    4.1004897328384668E-004
 performing expansion, best =    4.1004897268697284E-004
 performing expansion, best =    4.1004896957351321E-004
 performing expansion, best =    4.1004896899066596E-004
 performing expansion, best =    4.1004896851877401E-004
 performing expansion, best =    4.1004896615572480E-004
 performing expansion, best =    4.1004896510351250E-004
 performing expansion, best =    4.1004896447048399E-004
 performing expansion, best =    4.1004896273670393E-004
 performing expansion, best =    4.1004896117674002E-004
 performing expansion, best =    4.1004896026966949E-004
 performing expansion, best =    4.1004895827452715E-004
 performing expansion, best =    4.1004895530439932E-004
 performing expansion, best =    4.1004895313297461E-004
 performing expansion, best =    4.1004894989914230E-004
 performing expansion, best =    4.1004894844651093E-004
 performing expansion, best =    4.1004894670762645E-004
 performing expansion, best =    4.1004894660964753E-004
 performing expansion, best =    4.1004894420432311E-004
 performing expansion, best =    4.1004894273657911E-004
 performing expansion, best =    4.1004894200438589E-004
 performing expansion, best =    4.1004894167841069E-004
 performing expansion, best =    4.1004894059866443E-004
 performing expansion, best =    4.1004893989383511E-004
 performing expansion, best =    4.1004893935539559E-004
 performing expansion, best =    4.1004893864351609E-004
 performing expansion, best =    4.1004893606609593E-004
 performing expansion, best =    4.1004893442138249E-004
 performing expansion, best =    4.1004893229903267E-004
 performing expansion, best =    4.1004893137964359E-004
 performing expansion, best =    4.1004892986070719E-004
 performing expansion, best =    4.1004892839703345E-004
 performing expansion, best =    4.1004892254336358E-004
 performing expansion, best =    4.1004891540685144E-004
 performing expansion, best =    4.1004891095843324E-004
 performing expansion, best =    4.1004890114099840E-004
 performing expansion, best =    4.1004889432031994E-004
 performing expansion, best =    4.1004888311312824E-004
 performing expansion, best =    4.1004887728048056E-004
 performing expansion, best =    4.1004886667756087E-004
 performing expansion, best =    4.1004885794975908E-004
 performing expansion, best =    4.1004883729097043E-004
 performing expansion, best =    4.1004882402536638E-004
 performing expansion, best =    4.1004880564019983E-004
 performing expansion, best =    4.1004877693964374E-004
 performing expansion, best =    4.1004877271589560E-004
 performing expansion, best =    4.1004877008310253E-004
 performing expansion, best =    4.1004876888847518E-004
 performing expansion, best =    4.1004876803421385E-004
 performing expansion, best =    4.1004876766909207E-004
 performing expansion, best =    4.1004876710660587E-004
 performing expansion, best =    4.1004876606807414E-004
 performing expansion, best =    4.1004876512352843E-004
 performing expansion, best =    4.1004876500144662E-004
 performing expansion, best =    4.1004876404356343E-004
 performing expansion, best =    4.1004876402444629E-004
 performing expansion, best =    4.1004876319239978E-004
 performing expansion, best =    4.1004876300622579E-004
 performing expansion, best =    4.1004876270201682E-004
 performing expansion, best =    4.1004876149765865E-004
 performing expansion, best =    4.1004876086145819E-004
 performing expansion, best =    4.1004876083366087E-004
 performing expansion, best =    4.1004876005721794E-004
 performing expansion, best =    4.1004875973414391E-004
 performing expansion, best =    4.1004875964276768E-004
 performing expansion, best =    4.1004875925958672E-004
 performing expansion, best =    4.1004875922738478E-004
 performing expansion, best =    4.1004875892976993E-004
 performing expansion, best =    4.1004875880993366E-004
 performing expansion, best =    4.1004875879507445E-004
 performing expansion, best =    4.1004875864336296E-004
 performing expansion, best =    4.1004875793749514E-004
Exiting simplex optimization after  3254 iterations
Solution after  refinement:      4.1004875794E-04
RMSE         4.100487579E-04 Hartree
NEW BEST!

Starting fitting procedure for 6 charges, trial 3
gen      0/12000      elitist  3.9905305E-03 feasible? F
gen    100/12000      elitist  1.5685254E-03 feasible? T
gen    200/12000      elitist  5.3738367E-04 feasible? T
gen    300/12000      elitist  4.1455133E-04 feasible? T
gen    400/12000      elitist  3.9528988E-04 feasible? T
gen    500/12000      elitist  3.0782337E-04 feasible? T
gen    600/12000      elitist  2.4972622E-04 feasible? T
gen    700/12000      elitist  2.2784089E-04 feasible? T
gen    800/12000      elitist  2.1702010E-04 feasible? T
gen    900/12000      elitist  2.1019405E-04 feasible? T
gen   1000/12000      elitist  2.0879733E-04 feasible? T
gen   1100/12000      elitist  2.0822464E-04 feasible? T
gen   1200/12000      elitist  2.0744991E-04 feasible? T
gen   1300/12000      elitist  2.0693772E-04 feasible? T
gen   1400/12000      elitist  2.0503585E-04 feasible? T
gen   1500/12000      elitist  2.0320346E-04 feasible? T
gen   1600/12000      elitist  2.0219980E-04 feasible? T
gen   1700/12000      elitist  2.0011176E-04 feasible? T
gen   1800/12000      elitist  1.9963832E-04 feasible? T
gen   1900/12000      elitist  1.9706879E-04 feasible? T
gen   2000/12000      elitist  1.9675442E-04 feasible? T
gen   2100/12000      elitist  1.9669483E-04 feasible? T
gen   2200/12000      elitist  1.9638943E-04 feasible? T
gen   2300/12000      elitist  1.9635936E-04 feasible? T
gen   2400/12000      elitist  1.9633181E-04 feasible? T
gen   2500/12000      elitist  1.9631511E-04 feasible? T
gen   2600/12000      elitist  1.9578645E-04 feasible? T
gen   2700/12000      elitist  1.9554993E-04 feasible? T
gen   2800/12000      elitist  1.9552304E-04 feasible? T
gen   2900/12000      elitist  1.9541269E-04 feasible? T
gen   3000/12000      elitist  1.9503472E-04 feasible? T
gen   3100/12000      elitist  1.9482134E-04 feasible? T
gen   3200/12000      elitist  1.9478200E-04 feasible? T
gen   3300/12000      elitist  1.9475570E-04 feasible? T
gen   3400/12000      elitist  1.9475142E-04 feasible? T
gen   3500/12000      elitist  1.9475096E-04 feasible? T
gen   3600/12000      elitist  1.9475088E-04 feasible? T
gen   3700/12000      elitist  1.9474933E-04 feasible? T
gen   3800/12000      elitist  1.9474126E-04 feasible? T
gen   3900/12000      elitist  1.9474095E-04 feasible? T
gen   4000/12000      elitist  1.9474066E-04 feasible? T
gen   4100/12000      elitist  1.9265801E-04 feasible? T
gen   4200/12000      elitist  1.9128049E-04 feasible? T
gen   4300/12000      elitist  1.9047722E-04 feasible? T
gen   4400/12000      elitist  1.8997225E-04 feasible? T
gen   4500/12000      elitist  1.8964843E-04 feasible? T
gen   4600/12000      elitist  1.8943779E-04 feasible? T
gen   4700/12000      elitist  1.8937359E-04 feasible? T
gen   4800/12000      elitist  1.8933585E-04 feasible? T
gen   4900/12000      elitist  1.8910747E-04 feasible? T
gen   5000/12000      elitist  1.8890468E-04 feasible? T
gen   5100/12000      elitist  1.8887368E-04 feasible? T
gen   5200/12000      elitist  1.8886074E-04 feasible? T
gen   5300/12000      elitist  1.8885838E-04 feasible? T
gen   5400/12000      elitist  1.8885760E-04 feasible? T
gen   5500/12000      elitist  1.8885746E-04 feasible? T
gen   5600/12000      elitist  1.8885743E-04 feasible? T
population converged towards a single solution after 5628 generations.
Starting local simplex optimization:
Solution before refinement:      1.8885742435E-04
 performing expansion, best =    1.8885741359985959E-004
 performing expansion, best =    1.8885740040350360E-004
 performing expansion, best =    1.8885738477148281E-004
 performing expansion, best =    1.8885738132443726E-004
 performing expansion, best =    1.8885737977842020E-004
 performing expansion, best =    1.8885736941516947E-004
 performing expansion, best =    1.8885736559500551E-004
 performing expansion, best =    1.8885736392039608E-004
 performing expansion, best =    1.8885736316483166E-004
 performing expansion, best =    1.8885736238831316E-004
 performing expansion, best =    1.8885736146082840E-004
 performing expansion, best =    1.8885735836584940E-004
 performing expansion, best =    1.8885735776316722E-004
 performing expansion, best =    1.8885735749109400E-004
 performing expansion, best =    1.8885735318233216E-004
 performing expansion, best =    1.8885735297348327E-004
 performing expansion, best =    1.8885735238343982E-004
 performing expansion, best =    1.8885735110791803E-004
 performing expansion, best =    1.8885735075674381E-004
 performing expansion, best =    1.8885734670753056E-004
 performing expansion, best =    1.8885734332545196E-004
 performing expansion, best =    1.8885734027739468E-004
 performing expansion, best =    1.8885733626289341E-004
 performing expansion, best =    1.8885733090509888E-004
 performing expansion, best =    1.8885732552092763E-004
 performing expansion, best =    1.8885731994674177E-004
 performing expansion, best =    1.8885731371606852E-004
 performing expansion, best =    1.8885730746921365E-004
 performing expansion, best =    1.8885730558043147E-004
 performing expansion, best =    1.8885729714725031E-004
 performing expansion, best =    1.8885729591996563E-004
 performing expansion, best =    1.8885729179894022E-004
 performing expansion, best =    1.8885728165120020E-004
 performing expansion, best =    1.8885727226774100E-004
 performing expansion, best =    1.8885726437082036E-004
 performing expansion, best =    1.8885725513694126E-004
 performing expansion, best =    1.8885725494442840E-004
 performing expansion, best =    1.8885724294499101E-004
 performing expansion, best =    1.8885723175446307E-004
 performing expansion, best =    1.8885722002418543E-004
 performing expansion, best =    1.8885720962365165E-004
 performing expansion, best =    1.8885720337663567E-004
 performing expansion, best =    1.8885720251479395E-004
 performing expansion, best =    1.8885719175418229E-004
 performing expansion, best =    1.8885718814644985E-004
 performing expansion, best =    1.8885718799875487E-004
 performing expansion, best =    1.8885718255708968E-004
 performing expansion, best =    1.8885717908361844E-004
 performing expansion, best =    1.8885717872696539E-004
 performing expansion, best =    1.8885717682649722E-004
 performing expansion, best =    1.8885717554699397E-004
 performing expansion, best =    1.8885717552704007E-004
 performing expansion, best =    1.8885717439628044E-004
 performing expansion, best =    1.8885717333428582E-004
 performing expansion, best =    1.8885717290906091E-004
 performing expansion, best =    1.8885717213260281E-004
 performing expansion, best =    1.8885717183937409E-004
 performing expansion, best =    1.8885717145240472E-004
 performing expansion, best =    1.8885717080685080E-004
 performing expansion, best =    1.8885717062306370E-004
 performing expansion, best =    1.8885717052925864E-004
 performing expansion, best =    1.8885717035214286E-004
 performing expansion, best =    1.8885716889956074E-004
 performing expansion, best =    1.8885716768515109E-004
 performing expansion, best =    1.8885716627900964E-004
 performing expansion, best =    1.8885716560350154E-004
 performing expansion, best =    1.8885716392248378E-004
 performing expansion, best =    1.8885716205760828E-004
 performing expansion, best =    1.8885716016119039E-004
 performing expansion, best =    1.8885715839641874E-004
 performing expansion, best =    1.8885715721370666E-004
 performing expansion, best =    1.8885715416933521E-004
 performing expansion, best =    1.8885715093189598E-004
 performing expansion, best =    1.8885715078104567E-004
 performing expansion, best =    1.8885714856529861E-004
 performing expansion, best =    1.8885714819517647E-004
 performing expansion, best =    1.8885714816635119E-004
 performing expansion, best =    1.8885714773455745E-004
 performing expansion, best =    1.8885714735488384E-004
 performing expansion, best =    1.8885714733204393E-004
 performing expansion, best =    1.8885714731407493E-004
 performing expansion, best =    1.8885714706031150E-004
 performing expansion, best =    1.8885714695821069E-004
 performing expansion, best =    1.8885714657921788E-004
 performing expansion, best =    1.8885714643101595E-004
 performing expansion, best =    1.8885714602785405E-004
 performing expansion, best =    1.8885714581313385E-004
 performing expansion, best =    1.8885714546927585E-004
 performing expansion, best =    1.8885714545409705E-004
 performing expansion, best =    1.8885714459245545E-004
 performing expansion, best =    1.8885714357088574E-004
 performing expansion, best =    1.8885714217100371E-004
 performing expansion, best =    1.8885714216285604E-004
 performing expansion, best =    1.8885714107510373E-004
 performing expansion, best =    1.8885713970824550E-004
 performing expansion, best =    1.8885713957123232E-004
 performing expansion, best =    1.8885713859660748E-004
 performing expansion, best =    1.8885713748235524E-004
 performing expansion, best =    1.8885713742711083E-004
 performing expansion, best =    1.8885713701660077E-004
 performing expansion, best =    1.8885713575059082E-004
 performing expansion, best =    1.8885713464891754E-004
 performing expansion, best =    1.8885713454600288E-004
 performing expansion, best =    1.8885713444859921E-004
 performing expansion, best =    1.8885713407098748E-004
 performing expansion, best =    1.8885713387347400E-004
 performing expansion, best =    1.8885713377190052E-004
 performing expansion, best =    1.8885713372478725E-004
 performing expansion, best =    1.8885713314718749E-004
 performing expansion, best =    1.8885713296226399E-004
Exiting simplex optimization after  1665 iterations
Solution after  refinement:      1.8885713296E-04
RMSE         1.888571330E-04 Hartree
NEW BEST!

Starting fitting procedure for 6 charges, trial 4
gen      0/12000      elitist  3.6141238E-03 feasible? F
gen    100/12000      elitist  2.9997813E-03 feasible? T
gen    200/12000      elitist  1.4865652E-03 feasible? T
gen    300/12000      elitist  9.1669059E-04 feasible? T
gen    400/12000      elitist  6.9783353E-04 feasible? T
gen    500/12000      elitist  5.3830376E-04 feasible? T
gen    600/12000      elitist  4.8754884E-04 feasible? T
gen    700/12000      elitist  4.5009196E-04 feasible? T
gen    800/12000      elitist  4.4046368E-04 feasible? T
gen    900/12000      elitist  4.2831122E-04 feasible? T
gen   1000/12000      elitist  4.2582360E-04 feasible? T
gen   1100/12000      elitist  4.2261683E-04 feasible? T
gen   1200/12000      elitist  4.1799144E-04 feasible? T
gen   1300/12000      elitist  4.1621691E-04 feasible? T
gen   1400/12000      elitist  4.1584300E-04 feasible? T
gen   1500/12000      elitist  4.1572546E-04 feasible? T
gen   1600/12000      elitist  4.1560226E-04 feasible? T
gen   1700/12000      elitist  4.1543549E-04 feasible? T
gen   1800/12000      elitist  4.1533538E-04 feasible? T
gen   1900/12000      elitist  4.1527676E-04 feasible? T
gen   2000/12000      elitist  4.1527411E-04 feasible? T
gen   2100/12000      elitist  4.1527290E-04 feasible? T
gen   2200/12000      elitist  4.1372793E-04 feasible? T
gen   2300/12000      elitist  4.1071824E-04 feasible? T
gen   2400/12000      elitist  4.0960421E-04 feasible? T
gen   2500/12000      elitist  4.0920028E-04 feasible? T
gen   2600/12000      elitist  4.0907429E-04 feasible? T
gen   2700/12000      elitist  4.0886622E-04 feasible? T
gen   2800/12000      elitist  4.0852440E-04 feasible? T
gen   2900/12000      elitist  4.0744506E-04 feasible? T
gen   3000/12000      elitist  4.0714957E-04 feasible? T
gen   3100/12000      elitist  4.0711109E-04 feasible? T
gen   3200/12000      elitist  4.0652310E-04 feasible? T
gen   3300/12000      elitist  4.0631453E-04 feasible? T
gen   3400/12000      elitist  4.0602553E-04 feasible? T
gen   3500/12000      elitist  4.0585658E-04 feasible? T
gen   3600/12000      elitist  4.0579186E-04 feasible? T
gen   3700/12000      elitist  4.0578222E-04 feasible? T
gen   3800/12000      elitist  4.0577862E-04 feasible? T
gen   3900/12000      elitist  4.0577724E-04 feasible? T
gen   4000/12000      elitist  4.0577697E-04 feasible? T
gen   4100/12000      elitist  4.0577082E-04 feasible? T
gen   4200/12000      elitist  4.0576492E-04 feasible? T
gen   4300/12000      elitist  4.0576294E-04 feasible? T
gen   4400/12000      elitist  4.0576181E-04 feasible? T
gen   4500/12000      elitist  4.0576135E-04 feasible? T
gen   4600/12000      elitist  4.0576105E-04 feasible? T
gen   4700/12000      elitist  4.0576094E-04 feasible? T
gen   4800/12000      elitist  4.0497183E-04 feasible? T
gen   4900/12000      elitist  4.0485832E-04 feasible? T
gen   5000/12000      elitist  4.0485034E-04 feasible? T
gen   5100/12000      elitist  4.0482006E-04 feasible? T
gen   5200/12000      elitist  4.0480841E-04 feasible? T
gen   5300/12000      elitist  4.0447463E-04 feasible? T
gen   5400/12000      elitist  4.0412920E-04 feasible? T
gen   5500/12000      elitist  4.0400452E-04 feasible? T
gen   5600/12000      elitist  4.0249168E-04 feasible? T
gen   5700/12000      elitist  4.0196536E-04 feasible? T
gen   5800/12000      elitist  4.0184787E-04 feasible? T
gen   5900/12000      elitist  4.0178935E-04 feasible? T
gen   6000/12000      elitist  4.0175864E-04 feasible? T
gen   6100/12000      elitist  4.0173930E-04 feasible? T
gen   6200/12000      elitist  4.0149430E-04 feasible? T
gen   6300/12000      elitist  4.0140584E-04 feasible? T
gen   6400/12000      elitist  4.0134059E-04 feasible? T
gen   6500/12000      elitist  4.0132266E-04 feasible? T
gen   6600/12000      elitist  4.0131804E-04 feasible? T
gen   6700/12000      elitist  4.0125759E-04 feasible? T
gen   6800/12000      elitist  4.0122867E-04 feasible? T
gen   6900/12000      elitist  4.0122098E-04 feasible? T
gen   7000/12000      elitist  4.0063696E-04 feasible? T
gen   7100/12000      elitist  4.0005858E-04 feasible? T
gen   7200/12000      elitist  3.9984383E-04 feasible? T
gen   7300/12000      elitist  3.9982634E-04 feasible? T
gen   7400/12000      elitist  3.9942493E-04 feasible? T
gen   7500/12000      elitist  3.9936077E-04 feasible? T
gen   7600/12000      elitist  3.9934436E-04 feasible? T
gen   7700/12000      elitist  3.9933528E-04 feasible? T
gen   7800/12000      elitist  3.9933106E-04 feasible? T
gen   7900/12000      elitist  3.9932932E-04 feasible? T
gen   8000/12000      elitist  3.9932790E-04 feasible? T
gen   8100/12000      elitist  3.9932759E-04 feasible? T
gen   8200/12000      elitist  3.9932625E-04 feasible? T
gen   8300/12000      elitist  3.9932568E-04 feasible? T
gen   8400/12000      elitist  3.9932557E-04 feasible? T
gen   8500/12000      elitist  3.9932554E-04 feasible? T
gen   8600/12000      elitist  3.9932548E-04 feasible? T
gen   8700/12000      elitist  3.9932541E-04 feasible? T
population converged towards a single solution after 8778 generations.
Starting local simplex optimization:
Solution before refinement:      3.9932540026E-04
 performing expansion, best =    3.9931623420284943E-004
 performing expansion, best =    3.9931336682033728E-004
 performing expansion, best =    3.9931206840906680E-004
 performing expansion, best =    3.9931186230290146E-004
 performing expansion, best =    3.9931106219266970E-004
 performing expansion, best =    3.9931043863076555E-004
 performing expansion, best =    3.9931029398141191E-004
 performing expansion, best =    3.9930978675845063E-004
 performing expansion, best =    3.9930954302358647E-004
 performing expansion, best =    3.9930892013007247E-004
 performing expansion, best =    3.9930859754146078E-004
 performing expansion, best =    3.9930828182674756E-004
 performing expansion, best =    3.9930827477651867E-004
 performing expansion, best =    3.9930816571905818E-004
 performing expansion, best =    3.9930804910220713E-004
 performing expansion, best =    3.9930801649012965E-004
 performing expansion, best =    3.9930790246068518E-004
 performing expansion, best =    3.9930787047988707E-004
 performing expansion, best =    3.9930786677516114E-004
 performing expansion, best =    3.9930781135847916E-004
 performing expansion, best =    3.9930779664682718E-004
 performing expansion, best =    3.9930778505073932E-004
 performing expansion, best =    3.9930768314305108E-004
 performing expansion, best =    3.9930765277191243E-004
 performing expansion, best =    3.9930764741716714E-004
 performing expansion, best =    3.9930762230492992E-004
 performing expansion, best =    3.9930761897017579E-004
 performing expansion, best =    3.9930756865021102E-004
 performing expansion, best =    3.9930756406431913E-004
 performing expansion, best =    3.9930756223105414E-004
 performing expansion, best =    3.9930754857861206E-004
 performing expansion, best =    3.9930751316172774E-004
 performing expansion, best =    3.9930750587690976E-004
 performing expansion, best =    3.9930748861685645E-004
 performing expansion, best =    3.9930748739375101E-004
 performing expansion, best =    3.9930744718716306E-004
 performing expansion, best =    3.9930744619853136E-004
 performing expansion, best =    3.9930741822859114E-004
 performing expansion, best =    3.9930740420552078E-004
 performing expansion, best =    3.9930731277366185E-004
 performing expansion, best =    3.9930730469679856E-004
 performing expansion, best =    3.9930727212756598E-004
 performing expansion, best =    3.9930726828529687E-004
 performing expansion, best =    3.9930719932182419E-004
 performing expansion, best =    3.9930719187538819E-004
 performing expansion, best =    3.9930712527524309E-004
 performing expansion, best =    3.9930711806865978E-004
 performing expansion, best =    3.9930710142484856E-004
 performing expansion, best =    3.9930709492464990E-004
 performing expansion, best =    3.9930703839023961E-004
 performing expansion, best =    3.9930703512792455E-004
 performing expansion, best =    3.9930702712637911E-004
 performing expansion, best =    3.9930702390109259E-004
 performing expansion, best =    3.9930700888672285E-004
 performing expansion, best =    3.9930700330049373E-004
 performing expansion, best =    3.9930698903713457E-004
 performing expansion, best =    3.9930697877319361E-004
 performing expansion, best =    3.9930697656164203E-004
 performing expansion, best =    3.9930697639962970E-004
 performing expansion, best =    3.9930695731396528E-004
 performing expansion, best =    3.9930695141230413E-004
 performing expansion, best =    3.9930694305146167E-004
 performing expansion, best =    3.9930691606656060E-004
 performing expansion, best =    3.9930691549336183E-004
 performing expansion, best =    3.9930689071453998E-004
 performing expansion, best =    3.9930685567361946E-004
 performing expansion, best =    3.9930685344330321E-004
 performing expansion, best =    3.9930682366053831E-004
 performing expansion, best =    3.9930682074065994E-004
 performing expansion, best =    3.9930681748485231E-004
 performing expansion, best =    3.9930681036288318E-004
 performing expansion, best =    3.9930678487101615E-004
 performing expansion, best =    3.9930678417771418E-004
 performing expansion, best =    3.9930676215519799E-004
 performing expansion, best =    3.9930675990647177E-004
 performing expansion, best =    3.9930675729164377E-004
 performing expansion, best =    3.9930675551972598E-004
 performing expansion, best =    3.9930673723049848E-004
 performing expansion, best =    3.9930673579036358E-004
 performing expansion, best =    3.9930673220538290E-004
 performing expansion, best =    3.9930671211855899E-004
 performing expansion, best =    3.9930671167981473E-004
 performing expansion, best =    3.9930669199680593E-004
 performing expansion, best =    3.9930667335561312E-004
 performing expansion, best =    3.9930667191719527E-004
 performing expansion, best =    3.9930666806982379E-004
 performing expansion, best =    3.9930666555199160E-004
 performing expansion, best =    3.9930666512721165E-004
 performing expansion, best =    3.9930666195930035E-004
 performing expansion, best =    3.9930666040800388E-004
 performing expansion, best =    3.9930665031496121E-004
 performing expansion, best =    3.9930664972340435E-004
 performing expansion, best =    3.9930663961215002E-004
 performing expansion, best =    3.9930663627153328E-004
 performing expansion, best =    3.9930663477727283E-004
 performing expansion, best =    3.9930662061706180E-004
 performing expansion, best =    3.9930661074053718E-004
 performing expansion, best =    3.9930659979765337E-004
 performing expansion, best =    3.9930659795768861E-004
 performing expansion, best =    3.9930658769347992E-004
 performing expansion, best =    3.9930657393397672E-004
 performing expansion, best =    3.9930657190433025E-004
 performing expansion, best =    3.9930655910018703E-004
 performing expansion, best =    3.9930653986391918E-004
 performing expansion, best =    3.9930651710725127E-004
 performing expansion, best =    3.9930650223887179E-004
 performing expansion, best =    3.9930647829963936E-004
 performing expansion, best =    3.9930647699436842E-004
 performing expansion, best =    3.9930645612397061E-004
 performing expansion, best =    3.9930642905916763E-004
 performing expansion, best =    3.9930642905878740E-004
 performing expansion, best =    3.9930640619457867E-004
 performing expansion, best =    3.9930637962939692E-004
 performing expansion, best =    3.9930635700192513E-004
 performing expansion, best =    3.9930632504597379E-004
 performing expansion, best =    3.9930628355413800E-004
 performing expansion, best =    3.9930623919923408E-004
 performing expansion, best =    3.9930618860946457E-004
 performing expansion, best =    3.9930614857029700E-004
 performing expansion, best =    3.9930610573069995E-004
 performing expansion, best =    3.9930607236460621E-004
 performing expansion, best =    3.9930606828418109E-004
 performing expansion, best =    3.9930602279562063E-004
 performing expansion, best =    3.9930596551816512E-004
 performing expansion, best =    3.9930596379058491E-004
 performing expansion, best =    3.9930595978956030E-004
 performing expansion, best =    3.9930594670019732E-004
 performing expansion, best =    3.9930594441662886E-004
 performing expansion, best =    3.9930594043556137E-004
 performing expansion, best =    3.9930590841010606E-004
 performing expansion, best =    3.9930587786914725E-004
 performing expansion, best =    3.9930587282841748E-004
 performing expansion, best =    3.9930586469990963E-004
 performing expansion, best =    3.9930585846840186E-004
 performing expansion, best =    3.9930582510045505E-004
 performing expansion, best =    3.9930582201641308E-004
 performing expansion, best =    3.9930581965802681E-004
 performing expansion, best =    3.9930581234545287E-004
 performing expansion, best =    3.9930581224273143E-004
 performing expansion, best =    3.9930579407423364E-004
 performing expansion, best =    3.9930579211402837E-004
 performing expansion, best =    3.9930577540197410E-004
 performing expansion, best =    3.9930575447591488E-004
 performing expansion, best =    3.9930572853859162E-004
 performing expansion, best =    3.9930571323995096E-004
 performing expansion, best =    3.9930571206862615E-004
 performing expansion, best =    3.9930569687976995E-004
 performing expansion, best =    3.9930568059198281E-004
 performing expansion, best =    3.9930566976668794E-004
 performing expansion, best =    3.9930566834126587E-004
 performing expansion, best =    3.9930566808760068E-004
 performing expansion, best =    3.9930566668349750E-004
 performing expansion, best =    3.9930565585819721E-004
 performing expansion, best =    3.9930564375509250E-004
 performing expansion, best =    3.9930564209553129E-004
 performing expansion, best =    3.9930564165190416E-004
 performing expansion, best =    3.9930562905159215E-004
 performing expansion, best =    3.9930561923269596E-004
 performing expansion, best =    3.9930560580105816E-004
 performing expansion, best =    3.9930559661864487E-004
 performing expansion, best =    3.9930558233425452E-004
 performing expansion, best =    3.9930557697877392E-004
 performing expansion, best =    3.9930557232930062E-004
 performing expansion, best =    3.9930557086697958E-004
 performing expansion, best =    3.9930556935322713E-004
 performing expansion, best =    3.9930556600116263E-004
 performing expansion, best =    3.9930556449638743E-004
 performing expansion, best =    3.9930555998267246E-004
 performing expansion, best =    3.9930555978262084E-004
 performing expansion, best =    3.9930555924785985E-004
 performing expansion, best =    3.9930555476679351E-004
 performing expansion, best =    3.9930555238811802E-004
 performing expansion, best =    3.9930555230499728E-004
 performing expansion, best =    3.9930555107358192E-004
 performing expansion, best =    3.9930555029646256E-004
 performing expansion, best =    3.9930555004902648E-004
 performing expansion, best =    3.9930554913184723E-004
 performing expansion, best =    3.9930554790994785E-004
 performing expansion, best =    3.9930554760088502E-004
 performing expansion, best =    3.9930554714880220E-004
 performing expansion, best =    3.9930554679853996E-004
 performing expansion, best =    3.9930554677525352E-004
 performing expansion, best =    3.9930554668029665E-004
 performing expansion, best =    3.9930554649808694E-004
 performing expansion, best =    3.9930554537736634E-004
 performing expansion, best =    3.9930554513073328E-004
 performing expansion, best =    3.9930554458516806E-004
 performing expansion, best =    3.9930554406091885E-004
 performing expansion, best =    3.9930554373410481E-004
 performing expansion, best =    3.9930554364264379E-004
 performing expansion, best =    3.9930554352796604E-004
 performing expansion, best =    3.9930554339766549E-004
 performing expansion, best =    3.9930554218441404E-004
 performing expansion, best =    3.9930554191647879E-004
 performing expansion, best =    3.9930554143983922E-004
 performing expansion, best =    3.9930554125726695E-004
 performing expansion, best =    3.9930554105146359E-004
 performing expansion, best =    3.9930554071731904E-004
 performing expansion, best =    3.9930553901086727E-004
 performing expansion, best =    3.9930553887498345E-004
 performing expansion, best =    3.9930553722410008E-004
 performing expansion, best =    3.9930553538798473E-004
 performing expansion, best =    3.9930553434141430E-004
 performing expansion, best =    3.9930553239659981E-004
 performing expansion, best =    3.9930552976913473E-004
 performing expansion, best =    3.9930552580345001E-004
 performing expansion, best =    3.9930552262014939E-004
 performing expansion, best =    3.9930551945301616E-004
 performing expansion, best =    3.9930551566560638E-004
 performing expansion, best =    3.9930551203368550E-004
 performing expansion, best =    3.9930550839586883E-004
 performing expansion, best =    3.9930550415118572E-004
 performing expansion, best =    3.9930549915907890E-004
 performing expansion, best =    3.9930549613571793E-004
 performing expansion, best =    3.9930549205933688E-004
 performing expansion, best =    3.9930548564578956E-004
 performing expansion, best =    3.9930547957827859E-004
 performing expansion, best =    3.9930547516445571E-004
 performing expansion, best =    3.9930547067078048E-004
 performing expansion, best =    3.9930546437876979E-004
 performing expansion, best =    3.9930545832369597E-004
 performing expansion, best =    3.9930545047657409E-004
 performing expansion, best =    3.9930544245989069E-004
 performing expansion, best =    3.9930543047229288E-004
 performing expansion, best =    3.9930541768974729E-004
 performing expansion, best =    3.9930540481234833E-004
 performing expansion, best =    3.9930538578891538E-004
 performing expansion, best =    3.9930536430006079E-004
 performing expansion, best =    3.9930533740560175E-004
 performing expansion, best =    3.9930531344235711E-004
 performing expansion, best =    3.9930527801791948E-004
 performing expansion, best =    3.9930523316370533E-004
 performing expansion, best =    3.9930522919838382E-004
 performing expansion, best =    3.9930522761327179E-004
 performing expansion, best =    3.9930522549085209E-004
 performing expansion, best =    3.9930522279528588E-004
 performing expansion, best =    3.9930522244422973E-004
 performing expansion, best =    3.9930521966321776E-004
 performing expansion, best =    3.9930519860064599E-004
 performing expansion, best =    3.9930519726943644E-004
 performing expansion, best =    3.9930518220496084E-004
 performing expansion, best =    3.9930516538891911E-004
 performing expansion, best =    3.9930514092312199E-004
 performing expansion, best =    3.9930511518761165E-004
 performing expansion, best =    3.9930508270206565E-004
 performing expansion, best =    3.9930505821842241E-004
 performing expansion, best =    3.9930505148445437E-004
 performing expansion, best =    3.9930501912171113E-004
 performing expansion, best =    3.9930501234962878E-004
 performing expansion, best =    3.9930501231091935E-004
 performing expansion, best =    3.9930501215820535E-004
 performing expansion, best =    3.9930498799450284E-004
 performing expansion, best =    3.9930495394253549E-004
 performing expansion, best =    3.9930493138637136E-004
 performing expansion, best =    3.9930489716649269E-004
 performing expansion, best =    3.9930486484650757E-004
 performing expansion, best =    3.9930481586892945E-004
 performing expansion, best =    3.9930477773446170E-004
 performing expansion, best =    3.9930477412714537E-004
 performing expansion, best =    3.9930472458804474E-004
 performing expansion, best =    3.9930472316796351E-004
 performing expansion, best =    3.9930468128286748E-004
 performing expansion, best =    3.9930467862232095E-004
 performing expansion, best =    3.9930463928142615E-004
 performing expansion, best =    3.9930463243427163E-004
 performing expansion, best =    3.9930463047725857E-004
 performing expansion, best =    3.9930461659319513E-004
 performing expansion, best =    3.9930457498621951E-004
 performing expansion, best =    3.9930457025927384E-004
 performing expansion, best =    3.9930455705725174E-004
 performing expansion, best =    3.9930452650541035E-004
 performing expansion, best =    3.9930450154558464E-004
 performing expansion, best =    3.9930447876881042E-004
 performing expansion, best =    3.9930446828890192E-004
 performing expansion, best =    3.9930442513372576E-004
 performing expansion, best =    3.9930438175196669E-004
 performing expansion, best =    3.9930433659589917E-004
 performing expansion, best =    3.9930428337112741E-004
 performing expansion, best =    3.9930423377226349E-004
 performing expansion, best =    3.9930418843030110E-004
 performing expansion, best =    3.9930417962856117E-004
 performing expansion, best =    3.9930412861155132E-004
 performing expansion, best =    3.9930408397824424E-004
 performing expansion, best =    3.9930400869297555E-004
 performing expansion, best =    3.9930394352026788E-004
 performing expansion, best =    3.9930388761672675E-004
 performing expansion, best =    3.9930382531142792E-004
 performing expansion, best =    3.9930378536660372E-004
 performing expansion, best =    3.9930373635709606E-004
 performing expansion, best =    3.9930367656762283E-004
 performing expansion, best =    3.9930364926286325E-004
 performing expansion, best =    3.9930363135659314E-004
 performing expansion, best =    3.9930361394795969E-004
 performing expansion, best =    3.9930360343136217E-004
 performing expansion, best =    3.9930360315609164E-004
 performing expansion, best =    3.9930358927404286E-004
 performing expansion, best =    3.9930358504139331E-004
 performing expansion, best =    3.9930358338807461E-004
 performing expansion, best =    3.9930358294454951E-004
 performing expansion, best =    3.9930358267783247E-004
 performing expansion, best =    3.9930358070237935E-004
 performing expansion, best =    3.9930358016045656E-004
 performing expansion, best =    3.9930357788371836E-004
 performing expansion, best =    3.9930357761049334E-004
 performing expansion, best =    3.9930357715550123E-004
 performing expansion, best =    3.9930357715286911E-004
 performing expansion, best =    3.9930357700271465E-004
 performing expansion, best =    3.9930357665570322E-004
 performing expansion, best =    3.9930357615604409E-004
 performing expansion, best =    3.9930357586200711E-004
 performing expansion, best =    3.9930357545075247E-004
 performing expansion, best =    3.9930357510053934E-004
Exiting simplex optimization after  2831 iterations
Solution after  refinement:      3.9930357510E-04
RMSE         3.993035751E-04 Hartree

Best found solution for 6 charges:
        RMSE         2.505665871E-01 kcal/mol
         MAE         7.129693018E-02 kcal/mol
     max. AE         1.304545628E+00 kcal/mol

       x[bohr]       y[bohr]       z[bohr]          q[e]
     2.7625309    -1.5906428    -0.7313902    -0.7580780
     2.7330784    -1.0933486     0.9381537    -0.2090524
     2.8421233    -2.0593821    -0.5810549     0.7472850
     3.2412043    -3.6463328    -0.4734228     0.6080055
     3.1992143    -3.5215607    -0.5732681    -0.6376230
     5.3307611     0.1741602     0.0042415     0.1072310

