Running in fitting mode

Reading "/home/boittier/pydcm/models/fbutadiene-13/ref/B.p.cube"...

  B.pdb Potential
  Electrostatic potential from Total SCF Density
   10   -8.360715   -7.298961   -6.932054
  113    0.166667    0.000000    0.000000
   98    0.000000    0.166667    0.000000
   85    0.000000    0.000000    0.166667
    6    6.000000   -1.847963    2.397208    0.183078
    6    6.000000   -0.908503    0.072307    0.094995
    6    6.000000    1.674861   -0.786209    0.600111
    6    6.000000    3.737446    0.240262   -0.419302
    1    1.000000   -3.824263    2.748546   -0.205164
    1    1.000000   -0.630670    3.969761    0.646521
    9    9.000000   -2.502978   -1.907973   -0.368372
    1    1.000000    1.821906   -2.438251    1.813066
    1    1.000000    3.618739    1.814754   -1.725458
    1    1.000000    5.606043   -0.464465    0.033093
 -1.13252E-02 -1.13157E-02 -1.12900E-02 -1.12933E-02 -1.13321E-02 -1.13552E-02
       .            .            .            .            .            .
       .            .            .            .            .            .
       .            .            .            .            .            .
  6.93613E-03  6.92271E-03  6.89882E-03  6.86455E-03  6.82007E-03  6.76569E-03

436024 out of 941290 gridpoints are considered ( 46.3%).

...done!




 Refining solution from file/home/boittier/pydcm/models/fbutadiene-13/4-combine/11-combined.xyz
 Contains     11 charges
      Initial RMSE =         7.969884370E-01 kcal/mol
Running DE in parallel with 1 thread(s)!


User requested refinement using simplex algorithm (no DE)

 performing expansion, best =    1.0701767419100717E-003
 performing expansion, best =    1.0596455133774758E-003
 performing expansion, best =    1.0560512347522759E-003
 performing expansion, best =    1.0554709724338261E-003
 performing expansion, best =    1.0552508287592487E-003
 performing expansion, best =    1.0487337147383664E-003
 performing expansion, best =    1.0466536932413324E-003
 performing expansion, best =    1.0461925594620750E-003
 performing expansion, best =    1.0424776324948249E-003
 performing expansion, best =    1.0365719122305561E-003
 performing expansion, best =    1.0334009137877213E-003
 performing expansion, best =    1.0330588173799553E-003
 performing expansion, best =    1.0313628440292869E-003
 performing expansion, best =    1.0287239525628828E-003
 performing expansion, best =    1.0264648815989921E-003
 performing expansion, best =    1.0256514144406168E-003
 performing expansion, best =    1.0255067658758790E-003
 performing expansion, best =    1.0239494789424321E-003
 performing expansion, best =    1.0236591798424878E-003
 performing expansion, best =    1.0230116549585311E-003
 performing expansion, best =    1.0227620089544236E-003
 performing expansion, best =    1.0220116020994675E-003
 performing expansion, best =    1.0208069619889715E-003
 performing expansion, best =    1.0203228054794118E-003
 performing expansion, best =    1.0199063708587698E-003
 performing expansion, best =    1.0197685481780684E-003
 performing expansion, best =    1.0195402179513000E-003
 performing expansion, best =    1.0189880770836298E-003
 performing expansion, best =    1.0183778390008120E-003
 performing expansion, best =    1.0177151714585795E-003
 performing expansion, best =    1.0174184837846289E-003
 performing expansion, best =    1.0166998337069928E-003
 performing expansion, best =    1.0166031774810915E-003
 performing expansion, best =    1.0150518589340340E-003
 performing expansion, best =    1.0146273058193455E-003
 performing expansion, best =    1.0136570155530103E-003
 performing expansion, best =    1.0127734974081288E-003
 performing expansion, best =    1.0121458106736754E-003
 performing expansion, best =    1.0117461262374595E-003
 performing expansion, best =    1.0113229137884065E-003
 performing expansion, best =    1.0109782297056530E-003
 performing expansion, best =    1.0107239417866934E-003
 performing expansion, best =    1.0106133446769127E-003
 performing expansion, best =    1.0098248507277589E-003
 performing expansion, best =    1.0095986560892734E-003
 performing expansion, best =    1.0091824394244742E-003
 performing expansion, best =    1.0090025210706790E-003
 performing expansion, best =    1.0089919523218510E-003
 performing expansion, best =    1.0084605896268893E-003
 performing expansion, best =    1.0082616887787479E-003
 performing expansion, best =    1.0082188178123725E-003
 performing expansion, best =    1.0080478767341208E-003
 performing expansion, best =    1.0079204610048457E-003
 performing expansion, best =    1.0076088858370854E-003
 performing expansion, best =    1.0075548853591204E-003
 performing expansion, best =    1.0073388683135890E-003
 performing expansion, best =    1.0067560535797315E-003
 performing expansion, best =    1.0065693365686576E-003
 performing expansion, best =    1.0064554604345248E-003
 performing expansion, best =    1.0063765044800829E-003
 performing expansion, best =    1.0060735533958035E-003
 performing expansion, best =    1.0057781078276578E-003
 performing expansion, best =    1.0053209454106164E-003
 performing expansion, best =    1.0049342539224279E-003
 performing expansion, best =    1.0048812245692102E-003
 performing expansion, best =    1.0045313552239025E-003
 performing expansion, best =    1.0041012793949422E-003
 performing expansion, best =    1.0039029059363280E-003
 performing expansion, best =    1.0035849521215757E-003
 performing expansion, best =    1.0029607597542693E-003
 performing expansion, best =    1.0026224033876014E-003
 performing expansion, best =    1.0020342515909496E-003
 performing expansion, best =    1.0014873364850218E-003
 performing expansion, best =    1.0012642170795490E-003
 performing expansion, best =    1.0010456157815290E-003
 performing expansion, best =    1.0009267398401504E-003
 performing expansion, best =    1.0006591197066197E-003
 performing expansion, best =    1.0005447409230205E-003
 performing expansion, best =    1.0003219846670159E-003
 performing expansion, best =    1.0002428570442823E-003
 performing expansion, best =    9.9938900341639005E-004
 performing expansion, best =    9.9896848459369854E-004
 performing expansion, best =    9.9884724408322995E-004
 performing expansion, best =    9.9867885999382921E-004
 performing expansion, best =    9.9850028746843907E-004
 performing expansion, best =    9.9840283472102539E-004
 performing expansion, best =    9.9819647344982017E-004
 performing expansion, best =    9.9771964367495166E-004
 performing expansion, best =    9.9722717580371300E-004
 performing expansion, best =    9.9674905359438230E-004
 performing expansion, best =    9.9657209195208032E-004
 performing expansion, best =    9.9637491602395478E-004
 performing expansion, best =    9.9621868468742925E-004
 performing expansion, best =    9.9574310999304668E-004
 performing expansion, best =    9.9534458303273451E-004
 performing expansion, best =    9.9503484350421862E-004
 performing expansion, best =    9.9502098713291805E-004
 performing expansion, best =    9.9500987883362657E-004
 performing expansion, best =    9.9488231890591567E-004
 performing expansion, best =    9.9448980330784286E-004
 performing expansion, best =    9.9421697317896972E-004
 performing expansion, best =    9.9389888405106803E-004
 performing expansion, best =    9.9357947922400452E-004
 performing expansion, best =    9.9324567739833254E-004
 performing expansion, best =    9.9294274236353037E-004
 performing expansion, best =    9.9285659786844060E-004
 performing expansion, best =    9.9234582164370376E-004
 performing expansion, best =    9.9209760014045854E-004
 performing expansion, best =    9.9170839506287044E-004
 performing expansion, best =    9.9104396109308906E-004
 performing expansion, best =    9.9074201205840546E-004
 performing expansion, best =    9.9031952791299080E-004
 performing expansion, best =    9.9015501335958335E-004
 performing expansion, best =    9.9006102041781000E-004
 performing expansion, best =    9.8990753661161598E-004
 performing expansion, best =    9.8980766089940106E-004
 performing expansion, best =    9.8948933986190389E-004
 performing expansion, best =    9.8939077140387929E-004
 performing expansion, best =    9.8905972484246039E-004
 performing expansion, best =    9.8864993011942297E-004
 performing expansion, best =    9.8808689359811261E-004
 performing expansion, best =    9.8800894668346216E-004
 performing expansion, best =    9.8785711479519827E-004
 performing expansion, best =    9.8757612927461314E-004
 performing expansion, best =    9.8754075553989353E-004
 performing expansion, best =    9.8746656179480967E-004
 performing expansion, best =    9.8730191456627633E-004
 performing expansion, best =    9.8725941473261293E-004
 performing expansion, best =    9.8676166662994618E-004
 performing expansion, best =    9.8664231148737173E-004
 performing expansion, best =    9.8662879367659691E-004
 performing expansion, best =    9.8648099850017173E-004
 performing expansion, best =    9.8612540395059609E-004
 performing expansion, best =    9.8601649681697118E-004
 performing expansion, best =    9.8568498332269748E-004
 performing expansion, best =    9.8535347088967557E-004
 performing expansion, best =    9.8517051381525624E-004
 performing expansion, best =    9.8472077117397095E-004
 performing expansion, best =    9.8457449733796725E-004
 performing expansion, best =    9.8454680745199631E-004
 performing expansion, best =    9.8416934720633119E-004
 performing expansion, best =    9.8364240751742005E-004
 performing expansion, best =    9.8317559818734078E-004
 performing expansion, best =    9.8311250119637516E-004
 performing expansion, best =    9.8273270688577262E-004
 performing expansion, best =    9.8249736582299010E-004
 performing expansion, best =    9.8202135530484763E-004
 performing expansion, best =    9.8153285338894287E-004
 performing expansion, best =    9.8085782942966440E-004
 performing expansion, best =    9.8030904033608295E-004
 performing expansion, best =    9.7974953109604759E-004
 performing expansion, best =    9.7940474820633577E-004
 performing expansion, best =    9.7935228536699995E-004
 performing expansion, best =    9.7923946628225241E-004
 performing expansion, best =    9.7878875398332908E-004
 performing expansion, best =    9.7869322974512211E-004
 performing expansion, best =    9.7855608373673413E-004
 performing expansion, best =    9.7829565818460633E-004
 performing expansion, best =    9.7800708164065943E-004
 performing expansion, best =    9.7789517405758204E-004
 performing expansion, best =    9.7733037152489938E-004
 performing expansion, best =    9.7668791831715903E-004
 performing expansion, best =    9.7600983950850212E-004
 performing expansion, best =    9.7600751423073794E-004
 performing expansion, best =    9.7560065759776007E-004
 performing expansion, best =    9.7468285534290343E-004
 performing expansion, best =    9.7339645513842919E-004
 performing expansion, best =    9.7293871191054854E-004
 performing expansion, best =    9.7238978230598338E-004
 performing expansion, best =    9.7132147574277843E-004
 performing expansion, best =    9.7055446661679944E-004
 performing expansion, best =    9.6968838345113143E-004
 performing expansion, best =    9.6848333723136687E-004
 performing expansion, best =    9.6831210008771680E-004
 performing expansion, best =    9.6805216381933609E-004
 performing expansion, best =    9.6781585938902719E-004
 performing expansion, best =    9.6760357050729195E-004
 performing expansion, best =    9.6732673027697389E-004
 performing expansion, best =    9.6666585429354900E-004
 performing expansion, best =    9.6564538684628320E-004
 performing expansion, best =    9.6445797366295869E-004
 performing expansion, best =    9.6332534544588502E-004
 performing expansion, best =    9.6204122645750505E-004
 performing expansion, best =    9.6197366315698026E-004
 performing expansion, best =    9.6158287991318322E-004
 performing expansion, best =    9.6137381337954673E-004
 performing expansion, best =    9.6105975059355942E-004
 performing expansion, best =    9.6071290068800385E-004
 performing expansion, best =    9.6049608328265857E-004
 performing expansion, best =    9.6043429763907086E-004
 performing expansion, best =    9.6037396697452545E-004
 performing expansion, best =    9.6011580468355221E-004
 performing expansion, best =    9.5967844625786838E-004
 performing expansion, best =    9.5965144599211884E-004
 performing expansion, best =    9.5939676106842199E-004
 performing expansion, best =    9.5863423003365899E-004
 performing expansion, best =    9.5850706940570150E-004
 performing expansion, best =    9.5809980478182952E-004
 performing expansion, best =    9.5803744720915915E-004
 performing expansion, best =    9.5794267663587562E-004
 performing expansion, best =    9.5785991451566548E-004
 performing expansion, best =    9.5782378810572544E-004
 performing expansion, best =    9.5780919738763022E-004
 performing expansion, best =    9.5736560417563189E-004
 performing expansion, best =    9.5733868623367011E-004
 performing expansion, best =    9.5727242142649017E-004
 performing expansion, best =    9.5715699594754202E-004
 performing expansion, best =    9.5706168149603033E-004
 performing expansion, best =    9.5703438155522475E-004
 performing expansion, best =    9.5700880485294489E-004
 performing expansion, best =    9.5678612301386900E-004
 performing expansion, best =    9.5646523143796004E-004
 performing expansion, best =    9.5630634351169411E-004
 performing expansion, best =    9.5624426910260530E-004
 performing expansion, best =    9.5618860773398874E-004
 performing expansion, best =    9.5611412048313745E-004
 performing expansion, best =    9.5605511906019056E-004
 performing expansion, best =    9.5582761556133012E-004
 performing expansion, best =    9.5581665162176844E-004
 performing expansion, best =    9.5579040320902670E-004
 performing expansion, best =    9.5573405685108088E-004
 performing expansion, best =    9.5568839358248811E-004
 performing expansion, best =    9.5567152781497278E-004
 performing expansion, best =    9.5553107371716640E-004
 performing expansion, best =    9.5533779237467846E-004
 performing expansion, best =    9.5528953659292310E-004
 performing expansion, best =    9.5527010358241200E-004
 performing expansion, best =    9.5506999957715598E-004
 performing expansion, best =    9.5489784187770342E-004
 performing expansion, best =    9.5472710590445669E-004
 performing expansion, best =    9.5457753228318158E-004
 performing expansion, best =    9.5448977580722368E-004
 performing expansion, best =    9.5418117926544452E-004
 performing expansion, best =    9.5417671755395369E-004
 performing expansion, best =    9.5408231003228216E-004
 performing expansion, best =    9.5408031197747331E-004
 performing expansion, best =    9.5388146513111305E-004
 performing expansion, best =    9.5384851687342013E-004
 performing expansion, best =    9.5370364149794697E-004
 performing expansion, best =    9.5359956031666141E-004
 performing expansion, best =    9.5359666844221068E-004
 performing expansion, best =    9.5340433198649703E-004
 performing expansion, best =    9.5318412666322476E-004
 performing expansion, best =    9.5311845614993941E-004
 performing expansion, best =    9.5294017108940999E-004
 performing expansion, best =    9.5291802818522257E-004
 performing expansion, best =    9.5290198676563462E-004
 performing expansion, best =    9.5286500187061673E-004
 performing expansion, best =    9.5278392357309389E-004
 performing expansion, best =    9.5265869833409812E-004
 performing expansion, best =    9.5261698847529477E-004
 performing expansion, best =    9.5252810662908795E-004
 performing expansion, best =    9.5234502808056874E-004
 performing expansion, best =    9.5231580708597554E-004
 performing expansion, best =    9.5215937264296895E-004
 performing expansion, best =    9.5214577397411228E-004
 performing expansion, best =    9.5212370599746300E-004
 performing expansion, best =    9.5209152443235915E-004
 performing expansion, best =    9.5208481045004558E-004
 performing expansion, best =    9.5192589452654979E-004
 performing expansion, best =    9.5188283216999104E-004
 performing expansion, best =    9.5181533014232456E-004
 performing expansion, best =    9.5181475825473151E-004
 performing expansion, best =    9.5174469404641553E-004
 performing expansion, best =    9.5169012607895158E-004
 performing expansion, best =    9.5167761622570897E-004
 performing expansion, best =    9.5160340260293447E-004
 performing expansion, best =    9.5157854701763184E-004
 performing expansion, best =    9.5156631489102443E-004
 performing expansion, best =    9.5152688182899975E-004
 performing expansion, best =    9.5151267212453946E-004
 performing expansion, best =    9.5148962147940323E-004
 performing expansion, best =    9.5148776083911241E-004
 performing expansion, best =    9.5148200427906215E-004
 performing expansion, best =    9.5138973390381529E-004
 performing expansion, best =    9.5137914256559878E-004
 performing expansion, best =    9.5137611621103979E-004
 performing expansion, best =    9.5129764964159143E-004
 performing expansion, best =    9.5124788248027311E-004
 performing expansion, best =    9.5115299747408762E-004
 performing expansion, best =    9.5105253210903790E-004
 performing expansion, best =    9.5103301400348988E-004
 performing expansion, best =    9.5097549135103859E-004
 performing expansion, best =    9.5095886010553487E-004
 performing expansion, best =    9.5092856166844014E-004
 performing expansion, best =    9.5085794834112421E-004
 performing expansion, best =    9.5079848744465830E-004
 performing expansion, best =    9.5079297376977423E-004
 performing expansion, best =    9.5072764394882607E-004
 performing expansion, best =    9.5071129387590031E-004
 performing expansion, best =    9.5069397840631372E-004
 performing expansion, best =    9.5068470328597322E-004
 performing expansion, best =    9.5064300466327404E-004
 performing expansion, best =    9.5059196379292154E-004
 performing expansion, best =    9.5049529347307200E-004
 performing expansion, best =    9.5041002033501498E-004
 performing expansion, best =    9.5034340988563333E-004
 performing expansion, best =    9.5025748808803530E-004
 performing expansion, best =    9.5020099210679169E-004
 performing expansion, best =    9.5014646352622144E-004
 performing expansion, best =    9.5012011910859315E-004
 performing expansion, best =    9.5007265076713706E-004
 performing expansion, best =    9.5002780363989496E-004
 performing expansion, best =    9.5001674890947483E-004
 performing expansion, best =    9.4998036156293010E-004
 performing expansion, best =    9.4994638351627474E-004
 performing expansion, best =    9.4985177306249849E-004
 performing expansion, best =    9.4985163360612377E-004
 performing expansion, best =    9.4982228663604770E-004
 performing expansion, best =    9.4982197242717654E-004
 performing expansion, best =    9.4982132343344539E-004
 performing expansion, best =    9.4978505387140959E-004
 performing expansion, best =    9.4973536937443745E-004
 performing expansion, best =    9.4967417704293919E-004
 performing expansion, best =    9.4964770888790722E-004
 performing expansion, best =    9.4960779346139066E-004
 performing expansion, best =    9.4957569565091852E-004
 performing expansion, best =    9.4956918878993067E-004
 performing expansion, best =    9.4950125116064193E-004
 performing expansion, best =    9.4938815467862940E-004
 performing expansion, best =    9.4933356968885784E-004
 performing expansion, best =    9.4931399261304593E-004
 performing expansion, best =    9.4930590428789457E-004
 performing expansion, best =    9.4930252204058357E-004
 performing expansion, best =    9.4928071788664818E-004
 performing expansion, best =    9.4926370442724385E-004
 performing expansion, best =    9.4924897275375849E-004
 performing expansion, best =    9.4922055661820972E-004
 performing expansion, best =    9.4919367648166070E-004
 performing expansion, best =    9.4914804907757385E-004
 performing expansion, best =    9.4911735834207300E-004
 performing expansion, best =    9.4906116504573940E-004
 performing expansion, best =    9.4902463801298871E-004
 performing expansion, best =    9.4898785073955670E-004
 performing expansion, best =    9.4892307944827788E-004
 performing expansion, best =    9.4886372745668244E-004
 performing expansion, best =    9.4877359784806931E-004
 performing expansion, best =    9.4873038295111489E-004
 performing expansion, best =    9.4872833031435966E-004
 performing expansion, best =    9.4870046541540405E-004
 performing expansion, best =    9.4869019104743772E-004
 performing expansion, best =    9.4864552246603335E-004
 performing expansion, best =    9.4864353156210834E-004
 performing expansion, best =    9.4862570703986755E-004
 performing expansion, best =    9.4861985059943588E-004
 performing expansion, best =    9.4858387609923485E-004
 performing expansion, best =    9.4856428684582177E-004
 performing expansion, best =    9.4853469925105420E-004
 performing expansion, best =    9.4850860290375159E-004
 performing expansion, best =    9.4844442714642348E-004
 performing expansion, best =    9.4836764815031714E-004
 performing expansion, best =    9.4827488495271943E-004
 performing expansion, best =    9.4815760171524559E-004
 performing expansion, best =    9.4814704120769631E-004
 performing expansion, best =    9.4811779132082663E-004
 performing expansion, best =    9.4800285775893049E-004
 performing expansion, best =    9.4785257149878710E-004
 performing expansion, best =    9.4780078189154570E-004
 performing expansion, best =    9.4776934587822894E-004
 performing expansion, best =    9.4773803033292741E-004
 performing expansion, best =    9.4768135460399918E-004
 performing expansion, best =    9.4759369406525519E-004
 performing expansion, best =    9.4753325126184160E-004
 performing expansion, best =    9.4749134160457607E-004
 performing expansion, best =    9.4743852135819749E-004
 performing expansion, best =    9.4734189208992557E-004
 performing expansion, best =    9.4716974624249617E-004
 performing expansion, best =    9.4711809597378268E-004
 performing expansion, best =    9.4707950123869918E-004
 performing expansion, best =    9.4698775658970619E-004
 performing expansion, best =    9.4690980218122629E-004
 performing expansion, best =    9.4683393246729241E-004
 performing expansion, best =    9.4680831843142461E-004
 performing expansion, best =    9.4675121865320342E-004
 performing expansion, best =    9.4669292251313951E-004
 performing expansion, best =    9.4666249569747842E-004
 performing expansion, best =    9.4665832378863324E-004
 performing expansion, best =    9.4657874289718886E-004
 performing expansion, best =    9.4655032977337310E-004
 performing expansion, best =    9.4650927593891137E-004
 performing expansion, best =    9.4647428930588198E-004
 performing expansion, best =    9.4644669595286954E-004
 performing expansion, best =    9.4643998369301635E-004
 performing expansion, best =    9.4636780239671693E-004
 performing expansion, best =    9.4635829750179588E-004
 performing expansion, best =    9.4632973304698952E-004
 performing expansion, best =    9.4623868755085367E-004
 performing expansion, best =    9.4621450617734539E-004
 performing expansion, best =    9.4618401461694880E-004
 performing expansion, best =    9.4615560502559154E-004
 performing expansion, best =    9.4615417500251795E-004
 performing expansion, best =    9.4614169689757313E-004
 performing expansion, best =    9.4612420516371838E-004
 performing expansion, best =    9.4610687610737908E-004
 performing expansion, best =    9.4605546039110047E-004
 performing expansion, best =    9.4602551448436751E-004
 performing expansion, best =    9.4599121158942337E-004
 performing expansion, best =    9.4596109163203328E-004
 performing expansion, best =    9.4593128663592865E-004
 performing expansion, best =    9.4589651503723508E-004
 performing expansion, best =    9.4585728660144443E-004
 performing expansion, best =    9.4582743293441564E-004
 performing expansion, best =    9.4582510793295496E-004
 performing expansion, best =    9.4581997689029747E-004
 performing expansion, best =    9.4580226038353747E-004
 performing expansion, best =    9.4572719036398341E-004
 performing expansion, best =    9.4569355151809134E-004
 performing expansion, best =    9.4565341817034229E-004
 performing expansion, best =    9.4564167965235067E-004
 performing expansion, best =    9.4561644585765172E-004
 performing expansion, best =    9.4556050897306369E-004
 performing expansion, best =    9.4551587331214489E-004
 performing expansion, best =    9.4544344053005701E-004
 performing expansion, best =    9.4543249911782407E-004
 performing expansion, best =    9.4542014147778433E-004
 performing expansion, best =    9.4537649840647673E-004
 performing expansion, best =    9.4532126675764532E-004
 performing expansion, best =    9.4527810647924201E-004
 performing expansion, best =    9.4521277655780923E-004
 performing expansion, best =    9.4512819221242409E-004
 performing expansion, best =    9.4510493241492153E-004
 performing expansion, best =    9.4506767484695638E-004
 performing expansion, best =    9.4499366398520708E-004
 performing expansion, best =    9.4487444153286469E-004
 performing expansion, best =    9.4472733714951135E-004
 performing expansion, best =    9.4466468355852316E-004
 performing expansion, best =    9.4449225661373786E-004
 performing expansion, best =    9.4434029179345713E-004
 performing expansion, best =    9.4423141905417951E-004
 performing expansion, best =    9.4409943533577253E-004
 performing expansion, best =    9.4405203968693811E-004
 performing expansion, best =    9.4398689183886693E-004
 performing expansion, best =    9.4392299606752765E-004
 performing expansion, best =    9.4385585902439085E-004
 performing expansion, best =    9.4370521850063315E-004
 performing expansion, best =    9.4357188187343467E-004
 performing expansion, best =    9.4350046923268689E-004
 performing expansion, best =    9.4342051148665451E-004
 performing expansion, best =    9.4341643405903555E-004
 performing expansion, best =    9.4340224507890496E-004
 performing expansion, best =    9.4337057895998717E-004
 performing expansion, best =    9.4332799879783371E-004
 performing expansion, best =    9.4328135941385753E-004
 performing expansion, best =    9.4323629736151342E-004
 performing expansion, best =    9.4318061365939268E-004
 performing expansion, best =    9.4311395533172289E-004
 performing expansion, best =    9.4294234430213075E-004
 performing expansion, best =    9.4287673996223823E-004
 performing expansion, best =    9.4283279192423073E-004
 performing expansion, best =    9.4275051814528916E-004
 performing expansion, best =    9.4271525286013572E-004
 performing expansion, best =    9.4265534424399185E-004
 performing expansion, best =    9.4260521202792972E-004
 performing expansion, best =    9.4256052005044862E-004
 performing expansion, best =    9.4243341457838292E-004
 performing expansion, best =    9.4231896484297162E-004
 performing expansion, best =    9.4226972633430187E-004
 performing expansion, best =    9.4226938992286475E-004
 performing expansion, best =    9.4225284152989306E-004
 performing expansion, best =    9.4223304580716048E-004
 performing expansion, best =    9.4221399138380633E-004
 performing expansion, best =    9.4221246454197758E-004
 performing expansion, best =    9.4212965369004143E-004
 performing expansion, best =    9.4207626759926374E-004
 performing expansion, best =    9.4205461147144423E-004
 performing expansion, best =    9.4202698103884597E-004
 performing expansion, best =    9.4200823329469632E-004
 performing expansion, best =    9.4199454863442297E-004
 performing expansion, best =    9.4192366899361951E-004
 performing expansion, best =    9.4184883473545482E-004
 performing expansion, best =    9.4173664154582480E-004
 performing expansion, best =    9.4166196107630165E-004
 performing expansion, best =    9.4158699462884511E-004
 performing expansion, best =    9.4152818089041372E-004
 performing expansion, best =    9.4150944131587966E-004
 performing expansion, best =    9.4148762428749515E-004
 performing expansion, best =    9.4142457661278438E-004
 performing expansion, best =    9.4137497077976195E-004
 performing expansion, best =    9.4134863130669914E-004
 performing expansion, best =    9.4133733899736402E-004
 performing expansion, best =    9.4133496708919654E-004
 performing expansion, best =    9.4128973648710209E-004
 performing expansion, best =    9.4128762214597489E-004
 performing expansion, best =    9.4122096910653980E-004
 performing expansion, best =    9.4120901497775768E-004
 performing expansion, best =    9.4119544460277401E-004
 performing expansion, best =    9.4115545093303174E-004
 performing expansion, best =    9.4111753217957081E-004
 performing expansion, best =    9.4108788773456106E-004
 performing expansion, best =    9.4105802614430291E-004
 performing expansion, best =    9.4104351383986348E-004
 performing expansion, best =    9.4104253647038082E-004
 performing expansion, best =    9.4103480934945095E-004
 performing expansion, best =    9.4099921328252801E-004
 performing expansion, best =    9.4098857838429209E-004
 performing expansion, best =    9.4098685428605183E-004
 performing expansion, best =    9.4097978117959160E-004
 performing expansion, best =    9.4094696895532137E-004
 performing expansion, best =    9.4090797703352770E-004
 performing expansion, best =    9.4089825436504684E-004
 performing expansion, best =    9.4085932497404436E-004
 performing expansion, best =    9.4083519193616206E-004
 performing expansion, best =    9.4080390032251114E-004
 performing expansion, best =    9.4071072104945396E-004
 performing expansion, best =    9.4063270705169936E-004
 performing expansion, best =    9.4050284674967587E-004
 performing expansion, best =    9.4042980711553749E-004
 performing expansion, best =    9.4032293327978673E-004
 performing expansion, best =    9.4024710937180226E-004
 performing expansion, best =    9.4018676361321885E-004
 performing expansion, best =    9.4017787095036515E-004
 performing expansion, best =    9.4015716224312069E-004
 performing expansion, best =    9.4007589165832569E-004
 performing expansion, best =    9.3995564105786480E-004
 performing expansion, best =    9.3986240438610270E-004
 performing expansion, best =    9.3973835123763779E-004
 performing expansion, best =    9.3965621962335800E-004
 performing expansion, best =    9.3959546457700013E-004
 performing expansion, best =    9.3947569583771563E-004
 performing expansion, best =    9.3939745705146722E-004
 performing expansion, best =    9.3930333555557264E-004
 performing expansion, best =    9.3927885188125530E-004
 performing expansion, best =    9.3921262387049729E-004
 performing expansion, best =    9.3915208898143632E-004
 performing expansion, best =    9.3911963871619254E-004
 performing expansion, best =    9.3903982772990699E-004
 performing expansion, best =    9.3890948800519499E-004
 performing expansion, best =    9.3878860806734146E-004
 performing expansion, best =    9.3862112636522671E-004
 performing expansion, best =    9.3859839934640286E-004
 performing expansion, best =    9.3854119727612879E-004
 performing expansion, best =    9.3853461447902689E-004
 performing expansion, best =    9.3843995784678963E-004
 performing expansion, best =    9.3841695321444181E-004
 performing expansion, best =    9.3838124760451693E-004
 performing expansion, best =    9.3835412700128478E-004
 performing expansion, best =    9.3827149406675405E-004
 performing expansion, best =    9.3822536189838593E-004
 performing expansion, best =    9.3813250735156673E-004
 performing expansion, best =    9.3803497472364264E-004
 performing expansion, best =    9.3791617820623602E-004
 performing expansion, best =    9.3791457974337124E-004
 performing expansion, best =    9.3789975263380084E-004
 performing expansion, best =    9.3785693120577670E-004
 performing expansion, best =    9.3777361091479633E-004
 performing expansion, best =    9.3776235117974541E-004
 performing expansion, best =    9.3772883092022041E-004
 performing expansion, best =    9.3771492747805874E-004
 performing expansion, best =    9.3770267107439235E-004
 performing expansion, best =    9.3760849671460384E-004
 performing expansion, best =    9.3758816776319423E-004
 performing expansion, best =    9.3752471014812012E-004
 performing expansion, best =    9.3746703156040098E-004
 performing expansion, best =    9.3741633535890422E-004
 performing expansion, best =    9.3739129189569033E-004
 performing expansion, best =    9.3737604568944254E-004
 performing expansion, best =    9.3734652824487485E-004
 performing expansion, best =    9.3732732555933866E-004
 performing expansion, best =    9.3730615613122226E-004
 performing expansion, best =    9.3729681585732290E-004
 performing expansion, best =    9.3727999992549696E-004
 performing expansion, best =    9.3725487168938874E-004
 performing expansion, best =    9.3723669797395536E-004
 performing expansion, best =    9.3723456521575409E-004
 performing expansion, best =    9.3721849380102695E-004
 performing expansion, best =    9.3719274272432084E-004
 performing expansion, best =    9.3717830849789389E-004
 performing expansion, best =    9.3716252961632178E-004
 performing expansion, best =    9.3714720214025228E-004
 performing expansion, best =    9.3714369497189815E-004
 performing expansion, best =    9.3713044385821374E-004
 performing expansion, best =    9.3711792453003934E-004
 performing expansion, best =    9.3709182637008871E-004
 performing expansion, best =    9.3708823105462030E-004
 performing expansion, best =    9.3706942712390006E-004
 performing expansion, best =    9.3705941904894481E-004
 performing expansion, best =    9.3705892973762993E-004
 performing expansion, best =    9.3703299702281356E-004
 performing expansion, best =    9.3701909376187303E-004
 performing expansion, best =    9.3700835088048908E-004
 performing expansion, best =    9.3700345984741031E-004
 performing expansion, best =    9.3700331165784585E-004
 performing expansion, best =    9.3698485658005566E-004
 performing expansion, best =    9.3696703309824000E-004
 performing expansion, best =    9.3695067146381790E-004
 performing expansion, best =    9.3694838628470079E-004
 performing expansion, best =    9.3691584450157433E-004
 performing expansion, best =    9.3689858696180384E-004
 performing expansion, best =    9.3686935600692056E-004
 performing expansion, best =    9.3684730044420791E-004
 performing expansion, best =    9.3680903135903563E-004
 performing expansion, best =    9.3678602964007175E-004
 performing expansion, best =    9.3677182660011288E-004
 performing expansion, best =    9.3674780603669283E-004
 performing expansion, best =    9.3673409060193908E-004
 performing expansion, best =    9.3671687656232618E-004
 performing expansion, best =    9.3669881228887518E-004
 performing expansion, best =    9.3667583372830968E-004
 performing expansion, best =    9.3660468424425127E-004
 performing expansion, best =    9.3658403556165818E-004
 performing expansion, best =    9.3650851373224626E-004
 performing expansion, best =    9.3647636780387177E-004
 performing expansion, best =    9.3644767374235908E-004
 performing expansion, best =    9.3641927987280762E-004
 performing expansion, best =    9.3639466991075893E-004
 performing expansion, best =    9.3636905000624854E-004
 performing expansion, best =    9.3629748636158382E-004
 performing expansion, best =    9.3627402828986238E-004
 performing expansion, best =    9.3626893737938231E-004
 performing expansion, best =    9.3626576837807605E-004
 performing expansion, best =    9.3622110415266348E-004
 performing expansion, best =    9.3621408233192968E-004
 performing expansion, best =    9.3618035679567894E-004
 performing expansion, best =    9.3610034955263937E-004
 performing expansion, best =    9.3607883814143149E-004
 performing expansion, best =    9.3607544089783351E-004
 performing expansion, best =    9.3601710412258418E-004
 performing expansion, best =    9.3594848538184965E-004
 performing expansion, best =    9.3589452715198607E-004
 performing expansion, best =    9.3587056218063461E-004
 performing expansion, best =    9.3578124122963718E-004
 performing expansion, best =    9.3578069179739410E-004
 performing expansion, best =    9.3571510835689187E-004
 performing expansion, best =    9.3567772964077965E-004
 performing expansion, best =    9.3565854855039415E-004
 performing expansion, best =    9.3563022717178227E-004
 performing expansion, best =    9.3561254656758638E-004
 performing expansion, best =    9.3559911904009133E-004
 performing expansion, best =    9.3551750259416179E-004
 performing expansion, best =    9.3551502788063589E-004
 performing expansion, best =    9.3549414193530903E-004
 performing expansion, best =    9.3548165549516330E-004
 performing expansion, best =    9.3541214461265816E-004
 performing expansion, best =    9.3541047651920215E-004
 performing expansion, best =    9.3535769944788139E-004
 performing expansion, best =    9.3529579819469962E-004
 performing expansion, best =    9.3523830161559537E-004
 performing expansion, best =    9.3514485080676299E-004
 performing expansion, best =    9.3508340934601950E-004
 performing expansion, best =    9.3500726792126337E-004
 performing expansion, best =    9.3492192846401998E-004
 performing expansion, best =    9.3486663935649528E-004
 performing expansion, best =    9.3474961457229856E-004
 performing expansion, best =    9.3474057041836867E-004
 performing expansion, best =    9.3473124564821982E-004
 performing expansion, best =    9.3472607510907606E-004
 performing expansion, best =    9.3465064463042475E-004
 performing expansion, best =    9.3455271177486350E-004
 performing expansion, best =    9.3446185358263235E-004
 performing expansion, best =    9.3445268520408401E-004
 performing expansion, best =    9.3434075845499692E-004
 performing expansion, best =    9.3418247184117907E-004
 performing expansion, best =    9.3403026780274263E-004
 performing expansion, best =    9.3391610500884788E-004
 performing expansion, best =    9.3384939871540916E-004
 performing expansion, best =    9.3384329693508379E-004
 performing expansion, best =    9.3370316159160905E-004
 performing expansion, best =    9.3353459355167284E-004
 performing expansion, best =    9.3335298085146963E-004
 performing expansion, best =    9.3318813368854303E-004
 performing expansion, best =    9.3300322996944676E-004
 performing expansion, best =    9.3278910629187835E-004
 performing expansion, best =    9.3277070876875698E-004
 performing expansion, best =    9.3268741117821807E-004
 performing expansion, best =    9.3251355873390999E-004
 performing expansion, best =    9.3239074277286379E-004
 performing expansion, best =    9.3225642502929324E-004
 performing expansion, best =    9.3209054831155447E-004
 performing expansion, best =    9.3186990752829122E-004
 performing expansion, best =    9.3169382141361067E-004
 performing expansion, best =    9.3158693630265280E-004
 performing expansion, best =    9.3153749700491516E-004
 performing expansion, best =    9.3142360309274980E-004
 performing expansion, best =    9.3126853382447840E-004
 performing expansion, best =    9.3126727691398810E-004
 performing expansion, best =    9.3123276880736113E-004
 performing expansion, best =    9.3122201330197334E-004
 performing expansion, best =    9.3113915243299937E-004
 performing expansion, best =    9.3113711352599596E-004
 performing expansion, best =    9.3110688731616988E-004
 performing expansion, best =    9.3105531213053460E-004
 performing expansion, best =    9.3105137055544236E-004
 performing expansion, best =    9.3100354592678036E-004
 performing expansion, best =    9.3086837190335366E-004
 performing expansion, best =    9.3081273268771794E-004
 performing expansion, best =    9.3077172560026937E-004
 performing expansion, best =    9.3071337030793818E-004
 performing expansion, best =    9.3063119051473345E-004
 performing expansion, best =    9.3061465372130004E-004
 performing expansion, best =    9.3055346541753793E-004
 performing expansion, best =    9.3049059263912936E-004
 performing expansion, best =    9.3045988218080011E-004
 performing expansion, best =    9.3040558218477904E-004
 performing expansion, best =    9.3038918064190551E-004
 performing expansion, best =    9.3038310975479218E-004
 performing expansion, best =    9.3034798328601347E-004
 performing expansion, best =    9.3033878652143116E-004
 performing expansion, best =    9.3030270280209748E-004
 performing expansion, best =    9.3030223257174478E-004
 performing expansion, best =    9.3030123036759709E-004
 performing expansion, best =    9.3027897597165146E-004
 performing expansion, best =    9.3026459041704401E-004
 performing expansion, best =    9.3024472014463728E-004
 performing expansion, best =    9.3023152651892731E-004
 performing expansion, best =    9.3020980214863689E-004
 performing expansion, best =    9.3018679966395436E-004
 performing expansion, best =    9.3015052432728724E-004
 performing expansion, best =    9.3008236184525877E-004
 performing expansion, best =    9.3001221557222264E-004
 performing expansion, best =    9.2998519763551877E-004
 performing expansion, best =    9.2995853937894932E-004
 performing expansion, best =    9.2994209955175107E-004
 performing expansion, best =    9.2993779827868733E-004
 performing expansion, best =    9.2992462097566113E-004
 performing expansion, best =    9.2988761223516936E-004
 performing expansion, best =    9.2985349959664846E-004
 performing expansion, best =    9.2983246018298017E-004
 performing expansion, best =    9.2982453649187132E-004
 performing expansion, best =    9.2978531250096546E-004
 performing expansion, best =    9.2977872186849741E-004
 performing expansion, best =    9.2975337405094361E-004
 performing expansion, best =    9.2972704150476836E-004
 performing expansion, best =    9.2971178913119491E-004
 performing expansion, best =    9.2970604199046219E-004
 performing expansion, best =    9.2969115640959411E-004
 performing expansion, best =    9.2968025620011148E-004
 performing expansion, best =    9.2965592755111419E-004
 performing expansion, best =    9.2963614791459319E-004
 performing expansion, best =    9.2962176597837941E-004
 performing expansion, best =    9.2961516842609367E-004
 performing expansion, best =    9.2961313459717654E-004
 performing expansion, best =    9.2961211503225631E-004
 performing expansion, best =    9.2959159140342310E-004
 performing expansion, best =    9.2957752162420890E-004
 performing expansion, best =    9.2956474397737441E-004
 performing expansion, best =    9.2956317253666183E-004
 performing expansion, best =    9.2954021522296257E-004
 performing expansion, best =    9.2950881087514308E-004
 performing expansion, best =    9.2950662023610832E-004
 performing expansion, best =    9.2948970361719080E-004
 performing expansion, best =    9.2948444621065941E-004
 performing expansion, best =    9.2946442283673445E-004
 performing expansion, best =    9.2942529287682609E-004
 performing expansion, best =    9.2940659452209662E-004
 performing expansion, best =    9.2939044472937571E-004
 performing expansion, best =    9.2937176166188332E-004
 performing expansion, best =    9.2935851762181816E-004
 performing expansion, best =    9.2934889837196718E-004
 performing expansion, best =    9.2933831615281718E-004
 performing expansion, best =    9.2933631203019130E-004
 performing expansion, best =    9.2933271182061173E-004
 performing expansion, best =    9.2931691787510038E-004
 performing expansion, best =    9.2930846765503189E-004
 performing expansion, best =    9.2930350164381842E-004
 performing expansion, best =    9.2930129659527818E-004
 performing expansion, best =    9.2928167393511714E-004
 performing expansion, best =    9.2926847044735785E-004
 performing expansion, best =    9.2925455715425450E-004
 performing expansion, best =    9.2925395451780779E-004
 performing expansion, best =    9.2924093561170770E-004
 performing expansion, best =    9.2921258075619694E-004
 performing expansion, best =    9.2919648623214892E-004
 performing expansion, best =    9.2918213491774762E-004
 performing expansion, best =    9.2916580623014224E-004
 performing expansion, best =    9.2915389623590228E-004
 performing expansion, best =    9.2913552359772473E-004
 performing expansion, best =    9.2913207736317765E-004
 performing expansion, best =    9.2912994795764153E-004
 performing expansion, best =    9.2912482881958613E-004
 performing expansion, best =    9.2911062178756114E-004
 performing expansion, best =    9.2908812440860029E-004
 performing expansion, best =    9.2908329186801102E-004
 performing expansion, best =    9.2908293733089890E-004
 performing expansion, best =    9.2908144317813102E-004
 performing expansion, best =    9.2906959730035569E-004
 performing expansion, best =    9.2906322572015442E-004
 performing expansion, best =    9.2905527173837640E-004
 performing expansion, best =    9.2904205606857691E-004
 performing expansion, best =    9.2903883986723476E-004
 performing expansion, best =    9.2903616601061731E-004
 performing expansion, best =    9.2903514396495382E-004
 performing expansion, best =    9.2901827372346250E-004
 performing expansion, best =    9.2901632882748419E-004
 performing expansion, best =    9.2899887128594693E-004
 performing expansion, best =    9.2898409714682595E-004
 performing expansion, best =    9.2897591771212273E-004
 performing expansion, best =    9.2897011447645803E-004
 performing expansion, best =    9.2895992729709342E-004
 performing expansion, best =    9.2893900235891140E-004
 performing expansion, best =    9.2891727481136217E-004
 performing expansion, best =    9.2889120148136658E-004
 performing expansion, best =    9.2887244190026537E-004
 performing expansion, best =    9.2886102210208775E-004
 performing expansion, best =    9.2884886642119165E-004
 performing expansion, best =    9.2884680988626676E-004
 performing expansion, best =    9.2882422031817556E-004
 performing expansion, best =    9.2881896288024156E-004
 performing expansion, best =    9.2881496118035398E-004
 performing expansion, best =    9.2881101470402346E-004
 performing expansion, best =    9.2880863580530970E-004
 performing expansion, best =    9.2879671682715641E-004
 performing expansion, best =    9.2879255727646511E-004
 performing expansion, best =    9.2877627102118236E-004
 performing expansion, best =    9.2875349584302066E-004
 performing expansion, best =    9.2873536202049591E-004
 performing expansion, best =    9.2871112618707731E-004
 performing expansion, best =    9.2870539738587046E-004
 performing expansion, best =    9.2869572099179133E-004
 performing expansion, best =    9.2867804067263144E-004
 performing expansion, best =    9.2867075105228355E-004
 performing expansion, best =    9.2865702649461634E-004
 performing expansion, best =    9.2864661784390309E-004
 performing expansion, best =    9.2862266746546868E-004
 performing expansion, best =    9.2860149272744970E-004
 performing expansion, best =    9.2857821577740170E-004
 performing expansion, best =    9.2855355243066158E-004
 performing expansion, best =    9.2852731588437569E-004
 performing expansion, best =    9.2849872197898543E-004
 performing expansion, best =    9.2849026616604051E-004
 performing expansion, best =    9.2848721255722722E-004
 performing expansion, best =    9.2847980717952771E-004
 performing expansion, best =    9.2846143900927978E-004
 performing expansion, best =    9.2845725121914449E-004
 performing expansion, best =    9.2843494288775345E-004
 performing expansion, best =    9.2841827121776003E-004
 performing expansion, best =    9.2840772862023751E-004
 performing expansion, best =    9.2838963148351907E-004
 performing expansion, best =    9.2836884437041327E-004
 performing expansion, best =    9.2833000985618195E-004
 performing expansion, best =    9.2827147835842334E-004
 performing expansion, best =    9.2823798440624364E-004
 performing expansion, best =    9.2819510508717414E-004
 performing expansion, best =    9.2815691421358490E-004
 performing expansion, best =    9.2813981772026154E-004
 performing expansion, best =    9.2812518488953838E-004
 performing expansion, best =    9.2810861894058810E-004
 performing expansion, best =    9.2810600214166677E-004
 performing expansion, best =    9.2809166467392519E-004
 performing expansion, best =    9.2806906718843104E-004
 performing expansion, best =    9.2802388051691745E-004
 performing expansion, best =    9.2799562643439994E-004
 performing expansion, best =    9.2795850820787302E-004
 performing expansion, best =    9.2795128765796732E-004
 performing expansion, best =    9.2794755259523621E-004
 performing expansion, best =    9.2790573507905972E-004
 performing expansion, best =    9.2785447335811094E-004
 performing expansion, best =    9.2781420604406408E-004
 performing expansion, best =    9.2779757729184286E-004
 performing expansion, best =    9.2779535829850895E-004
 performing expansion, best =    9.2778543519436230E-004
 performing expansion, best =    9.2773278807816578E-004
 performing expansion, best =    9.2763829505906968E-004
 performing expansion, best =    9.2753454725544749E-004
 performing expansion, best =    9.2748602580376932E-004
 performing expansion, best =    9.2740907112844745E-004
 performing expansion, best =    9.2732033060156580E-004
 performing expansion, best =    9.2730261130152423E-004
 performing expansion, best =    9.2728154508463505E-004
 performing expansion, best =    9.2726514101792589E-004
 performing expansion, best =    9.2723979342538751E-004
 performing expansion, best =    9.2720308793210694E-004
 performing expansion, best =    9.2716046801153654E-004
 performing expansion, best =    9.2715244896769417E-004
 performing expansion, best =    9.2714900891064679E-004
 performing expansion, best =    9.2709558942186110E-004
 performing expansion, best =    9.2707220457104828E-004
 performing expansion, best =    9.2704960246812670E-004
 performing expansion, best =    9.2702205817536980E-004
 performing expansion, best =    9.2701215984046623E-004
 performing expansion, best =    9.2697986366266144E-004
 performing expansion, best =    9.2696760521232644E-004
 performing expansion, best =    9.2690666173948452E-004
 performing expansion, best =    9.2690418267888676E-004
 performing expansion, best =    9.2687945682955750E-004
 performing expansion, best =    9.2686776836917173E-004
 performing expansion, best =    9.2686554583713149E-004
 performing expansion, best =    9.2679512205227281E-004
 performing expansion, best =    9.2677981868737004E-004
 performing expansion, best =    9.2677524638445658E-004
 performing expansion, best =    9.2677439016614711E-004
 performing expansion, best =    9.2677175641075668E-004
 performing expansion, best =    9.2676280002386749E-004
 performing expansion, best =    9.2670840203580291E-004
 performing expansion, best =    9.2669190601540061E-004
 performing expansion, best =    9.2664212428925888E-004
 performing expansion, best =    9.2662054872256268E-004
 performing expansion, best =    9.2660594753657182E-004
 performing expansion, best =    9.2659273520452211E-004
 performing expansion, best =    9.2658633157311648E-004
 performing expansion, best =    9.2654287421597872E-004
 performing expansion, best =    9.2653670341104398E-004
 performing expansion, best =    9.2653143599250054E-004
 performing expansion, best =    9.2652763468427282E-004
 performing expansion, best =    9.2647027834500653E-004
 performing expansion, best =    9.2646024228236945E-004
 performing expansion, best =    9.2645784308497282E-004
 performing expansion, best =    9.2644594795108918E-004
 performing expansion, best =    9.2644047475196089E-004
 performing expansion, best =    9.2638579867408049E-004
 performing expansion, best =    9.2636645968604268E-004
 performing expansion, best =    9.2634733868053522E-004
 performing expansion, best =    9.2634422440104978E-004
 performing expansion, best =    9.2630551855606006E-004
 performing expansion, best =    9.2630494174038096E-004
 performing expansion, best =    9.2628224688607707E-004
 performing expansion, best =    9.2626979012925506E-004
 performing expansion, best =    9.2626348149384694E-004
 performing expansion, best =    9.2624019531973027E-004
 performing expansion, best =    9.2623077317386380E-004
 performing expansion, best =    9.2620281796756705E-004
 performing expansion, best =    9.2618072849073288E-004
 performing expansion, best =    9.2617120113346594E-004
 performing expansion, best =    9.2615526943998032E-004
 performing expansion, best =    9.2614652213241302E-004
 performing expansion, best =    9.2614449111607224E-004
 performing expansion, best =    9.2613644189197433E-004
 performing expansion, best =    9.2613643576623412E-004
 performing expansion, best =    9.2610956913194041E-004
 performing expansion, best =    9.2609941700163016E-004
 performing expansion, best =    9.2607676555601980E-004
 performing expansion, best =    9.2607110687700442E-004
 performing expansion, best =    9.2606310476124555E-004
 performing expansion, best =    9.2605590297548796E-004
 performing expansion, best =    9.2605234065153391E-004
 performing expansion, best =    9.2604408034106128E-004
 performing expansion, best =    9.2603702270951265E-004
 performing expansion, best =    9.2601620410128849E-004
 performing expansion, best =    9.2601243845151938E-004
 performing expansion, best =    9.2600537266806029E-004
 performing expansion, best =    9.2599870529200571E-004
 performing expansion, best =    9.2599529340275737E-004
 performing expansion, best =    9.2599023520832343E-004
 performing expansion, best =    9.2598756396404546E-004
 performing expansion, best =    9.2598698097497688E-004
 performing expansion, best =    9.2597421197296043E-004
 performing expansion, best =    9.2596669521359987E-004
 performing expansion, best =    9.2596096849327221E-004
 performing expansion, best =    9.2595957027887931E-004
 performing expansion, best =    9.2595466207725163E-004
 performing expansion, best =    9.2595313562603327E-004
 performing expansion, best =    9.2595141212430967E-004
 performing expansion, best =    9.2595029403570327E-004
 performing expansion, best =    9.2594911885299973E-004
 performing expansion, best =    9.2594903639661708E-004
 performing expansion, best =    9.2594675637213113E-004
 performing expansion, best =    9.2593935475736408E-004
 performing expansion, best =    9.2593523095101419E-004
 performing expansion, best =    9.2593254238931594E-004
 performing expansion, best =    9.2592757905161872E-004
 performing expansion, best =    9.2592597401124966E-004
 performing expansion, best =    9.2592465481289039E-004
 performing expansion, best =    9.2592411398498753E-004
Exiting simplex optimization after 10001 iterations
RMSE         9.259241140E-04 Hartree
NEW BEST!
Best found solution for 11 charges:
        RMSE         5.810257148E-01 kcal/mol
         MAE         3.333412342E-01 kcal/mol
     max. AE         7.210402620E+00 kcal/mol

       x[bohr]       y[bohr]       z[bohr]          q[e]
     3.5412936     1.6297073    -1.5446134     0.2119055
     3.5963485     0.1189665    -0.3029984    -0.4727745
     5.3494645    -0.6015202     0.1519322     0.2175445
     1.3366861    -0.7718459     0.4274873    -0.9966797
     1.0446739    -0.5288638     0.2941501     0.8509414
     2.0054884    -2.4107868     1.6518428     0.2008957
    -2.4715960    -2.1422641    -0.3864340    -0.2498904
    -0.7470742    -0.3697593     0.1379349     0.4408524
    -3.5579555     2.5080034    -0.1184998     0.3001984
    -1.7468681     2.1455553     0.2171923    -0.7385777
    -0.5214941     3.8383816     0.6943420     0.2355845

