Running in fitting mode

Reading "/home/boittier/pydcm/models/amide1_repeat/ref/1_1_new-0.chk.p.cube"...
Running in fitting mode

Reading "/home/boittier/pydcm/models/amide1_repeat/ref/1_1_new-0.chk.p.cube"...


  mol.pdb Potential
  Electrostatic potential from Total SCF Density
   12   -9.955504   -7.513236   -6.512752
  102    0.200250    0.000000    0.000000
   76    0.000000    0.200250    0.000000
   66    0.000000    0.000000    0.200250
    6    6.000000   -0.908958    0.280655    0.000342
    6    6.000000   -3.442752   -1.000483    0.000000
    7    7.000000    1.150813   -1.227893   -0.000144
    6    6.000000    3.690134   -0.187521    0.000125
    8    8.000000   -0.720887    2.593738   -0.000240
    1    1.000000   -4.491836   -0.395695   -1.641581
    1    1.000000   -3.314583   -3.036319   -0.007599
    1    1.000000   -4.486047   -0.407878    1.649807
    1    1.000000    0.935915   -3.080856   -0.001480
    1    1.000000    5.027170   -1.725800    0.005467
    1    1.000000    4.007247    0.964119   -1.652858
    1    1.000000    4.002990    0.971880    1.648374
  mol.pdb Potential
  Electrostatic potential from Total SCF Density
   12   -9.955504   -7.513236   -6.512752
  102    0.200250    0.000000    0.000000
   76    0.000000    0.200250    0.000000
   66    0.000000    0.000000    0.200250
    6    6.000000   -0.908958    0.280655    0.000342
    6    6.000000   -3.442752   -1.000483    0.000000
    7    7.000000    1.150813   -1.227893   -0.000144
    6    6.000000    3.690134   -0.187521    0.000125
    8    8.000000   -0.720887    2.593738   -0.000240
    1    1.000000   -4.491836   -0.395695   -1.641581
    1    1.000000   -3.314583   -3.036319   -0.007599
    1    1.000000   -4.486047   -0.407878    1.649807
    1    1.000000    0.935915   -3.080856   -0.001480
    1    1.000000    5.027170   -1.725800    0.005467
    1    1.000000    4.007247    0.964119   -1.652858
    1    1.000000    4.002990    0.971880    1.648374
  4.13432E-03  4.04947E-03  4.04229E-03  4.11307E-03  3.78276E-03  3.62494E-03
       .            .            .            .            .            .
       .            .            .            .            .            .
       .            .            .            .            .            .
  4.84395E-03  4.96343E-03  5.07512E-03  5.17818E-03  5.27169E-03  5.35465E-03

147060 out of 511632 gridpoints are considered ( 28.7%).

...done!




USING GREEDY MODE
  4.13432E-03  4.04947E-03  4.04229E-03  4.11307E-03  3.78276E-03  3.62494E-03
       .            .            .            .            .            .
       .            .            .            .            .            .
       .            .            .            .            .            .
  4.84395E-03  4.96343E-03  5.07512E-03  5.17818E-03  5.27169E-03  5.35465E-03

147060 out of 511632 gridpoints are considered ( 28.7%).

...done!




USING GREEDY MODE
File "multipole1_1charges.xyz" already exists. Fitting procedure is skipped.
File "multipole1_2charges.xyz" already exists. Fitting procedure is skipped.
File "multipole1_3charges.xyz" already exists. Fitting procedure is skipped.
File "multipole1_4charges.xyz" already exists. Fitting procedure is skipped.
File "multipole1_1charges.xyz" already exists. Fitting procedure is skipped.
File "multipole1_2charges.xyz" already exists. Fitting procedure is skipped.
File "multipole1_3charges.xyz" already exists. Fitting procedure is skipped.
File "multipole1_4charges.xyz" already exists. Fitting procedure is skipped.
File "multipole3_1charges.xyz" already exists. Fitting procedure is skipped.
File "multipole3_2charges.xyz" already exists. Fitting procedure is skipped.
File "multipole3_3charges.xyz" already exists. Fitting procedure is skipped.
File "multipole3_4charges.xyz" already exists. Fitting procedure is skipped.
File "multipole3_1charges.xyz" already exists. Fitting procedure is skipped.
File "multipole3_2charges.xyz" already exists. Fitting procedure is skipped.
File "multipole3_3charges.xyz" already exists. Fitting procedure is skipped.
File "multipole3_4charges.xyz" already exists. Fitting procedure is skipped.
File "multipole11_1charges.xyz" already exists. Fitting procedure is skipped.
File "multipole11_2charges.xyz" already exists. Fitting procedure is skipped.
File "multipole11_3charges.xyz" already exists. Fitting procedure is skipped.
File "multipole11_4charges.xyz" already exists. Fitting procedure is skipped.
File "multipole11_1charges.xyz" already exists. Fitting procedure is skipped.
File "multipole11_2charges.xyz" already exists. Fitting procedure is skipped.
File "multipole11_3charges.xyz" already exists. Fitting procedure is skipped.
File "multipole11_4charges.xyz" already exists. Fitting procedure is skipped.
File "multipole5_1charges.xyz" already exists. Fitting procedure is skipped.
File "multipole5_2charges.xyz" already exists. Fitting procedure is skipped.
File "multipole5_3charges.xyz" already exists. Fitting procedure is skipped.
File "multipole5_4charges.xyz" already exists. Fitting procedure is skipped.
Fragment fit detected
Fitting to MTP grid, discarding reference MEP cube data
Subsequent stats etc. are compared to MTP data, not the
MEP from the reference cube file
File "multipole5_1charges.xyz" already exists. Fitting procedure is skipped.
File "multipole5_2charges.xyz" already exists. Fitting procedure is skipped.
File "multipole5_3charges.xyz" already exists. Fitting procedure is skipped.
File "multipole5_4charges.xyz" already exists. Fitting procedure is skipped.
Fragment fit detected
Fitting to MTP grid, discarding reference MEP cube data
Subsequent stats etc. are compared to MTP data, not the
MEP from the reference cube file
Total fragment charge (a.u.):        -2.296699982E-01
Running DE in parallel with 2 thread(s)!

Starting fitting procedure for 3 charges, trial 1
Total fragment charge (a.u.):        -2.296699982E-01
Running DE in parallel with 2 thread(s)!

Starting fitting procedure for 3 charges, trial 1
gen      0/6000      elitist  3.9672025E-03 feasible? T
gen      0/6000      elitist  3.9672025E-03 feasible? T
gen    100/6000      elitist  2.7610399E-03 feasible? T
gen    100/6000      elitist  2.8529665E-03 feasible? T
gen    200/6000      elitist  2.7151057E-03 feasible? T
gen    200/6000      elitist  2.7263332E-03 feasible? T
gen    300/6000      elitist  2.7125385E-03 feasible? T
gen    300/6000      elitist  2.7125782E-03 feasible? T
gen    400/6000      elitist  2.7124998E-03 feasible? T
gen    400/6000      elitist  2.7125014E-03 feasible? T
gen    500/6000      elitist  2.7124986E-03 feasible? T
gen    500/6000      elitist  2.7124985E-03 feasible? T
gen    600/6000      elitist  2.7124983E-03 feasible? T
gen    600/6000      elitist  2.7124983E-03 feasible? T
population converged towards a single solution after 653 generations.
Starting local simplex optimization:
Solution before refinement:      2.7124983314E-03
 performing expansion, best =    2.7124983313265723E-003
 performing expansion, best =    2.7124983312568850E-003
Exiting simplex optimization after   402 iterations
Solution after  refinement:      2.7124983313E-03
RMSE         2.712498331E-03 Hartree
NEW BEST!

Starting fitting procedure for 3 charges, trial 2
gen      0/6000      elitist  3.8442179E-03 feasible? T
population converged towards a single solution after 673 generations.
Starting local simplex optimization:
Solution before refinement:      2.7124983306E-03
Exiting simplex optimization after   423 iterations
Solution after  refinement:      2.7124983306E-03
RMSE         2.712498331E-03 Hartree
NEW BEST!

Starting fitting procedure for 3 charges, trial 2
gen      0/6000      elitist  3.8442179E-03 feasible? T
gen    100/6000      elitist  2.7953737E-03 feasible? T
gen    100/6000      elitist  2.9191747E-03 feasible? T
gen    200/6000      elitist  2.7154200E-03 feasible? T
gen    200/6000      elitist  2.7240050E-03 feasible? T
gen    300/6000      elitist  2.7125501E-03 feasible? T
gen    300/6000      elitist  2.7125720E-03 feasible? T
gen    400/6000      elitist  2.7124990E-03 feasible? T
gen    400/6000      elitist  2.7125023E-03 feasible? T
gen    500/6000      elitist  2.7124984E-03 feasible? T
gen    500/6000      elitist  2.7124984E-03 feasible? T
gen    600/6000      elitist  2.7124983E-03 feasible? T
population converged towards a single solution after 589 generations.
Starting local simplex optimization:
Solution before refinement:      2.7124983313E-03
 performing expansion, best =    2.7124983311394486E-003
population converged towards a single solution after 613 generations.
Starting local simplex optimization:
Solution before refinement:      2.7124983317E-03
Exiting simplex optimization after   397 iterations
Solution after  refinement:      2.7124983311E-03
RMSE         2.712498331E-03 Hartree

Starting fitting procedure for 3 charges, trial 3
gen      0/6000      elitist  3.9959155E-03 feasible? T
Exiting simplex optimization after   386 iterations
Solution after  refinement:      2.7124983317E-03
RMSE         2.712498332E-03 Hartree

Starting fitting procedure for 3 charges, trial 3
gen      0/6000      elitist  3.9959155E-03 feasible? T
gen    100/6000      elitist  2.8930789E-03 feasible? T
gen    100/6000      elitist  2.8080071E-03 feasible? T
gen    200/6000      elitist  2.7166755E-03 feasible? T
gen    200/6000      elitist  2.7143413E-03 feasible? T
gen    300/6000      elitist  2.7125303E-03 feasible? T
gen    300/6000      elitist  2.7125299E-03 feasible? T
gen    400/6000      elitist  2.7124994E-03 feasible? T
gen    400/6000      elitist  2.7124989E-03 feasible? T
gen    500/6000      elitist  2.7124983E-03 feasible? T
gen    500/6000      elitist  2.7124983E-03 feasible? T
population converged towards a single solution after 551 generations.
Starting local simplex optimization:
Solution before refinement:      2.7124983311E-03
Exiting simplex optimization after   399 iterations
Solution after  refinement:      2.7124983311E-03
RMSE         2.712498331E-03 Hartree

Starting fitting procedure for 3 charges, trial 4
gen      0/6000      elitist  4.2232414E-03 feasible? T
population converged towards a single solution after 561 generations.
Starting local simplex optimization:
Solution before refinement:      2.7124983309E-03
 performing expansion, best =    2.7124983307117998E-003
Exiting simplex optimization after   388 iterations
Solution after  refinement:      2.7124983307E-03
RMSE         2.712498331E-03 Hartree
NEW BEST!

Starting fitting procedure for 3 charges, trial 4
gen      0/6000      elitist  4.2232414E-03 feasible? T
gen    100/6000      elitist  2.7368895E-03 feasible? T
gen    100/6000      elitist  2.7748590E-03 feasible? T
gen    200/6000      elitist  2.7137015E-03 feasible? T
gen    200/6000      elitist  2.7136988E-03 feasible? T
gen    300/6000      elitist  2.7125065E-03 feasible? T
gen    300/6000      elitist  2.7125093E-03 feasible? T
gen    400/6000      elitist  2.7124986E-03 feasible? T
gen    400/6000      elitist  2.7124985E-03 feasible? T
gen    500/6000      elitist  2.7124983E-03 feasible? T
population converged towards a single solution after 506 generations.
Starting local simplex optimization:
Solution before refinement:      2.7124983316E-03
 performing expansion, best =    2.7124983315544408E-003
Exiting simplex optimization after   406 iterations
Solution after  refinement:      2.7124983316E-03
RMSE         2.712498332E-03 Hartree

Best found solution for 3 charges:
        RMSE         1.702117116E+00 kcal/mol
         MAE         1.158523492E+00 kcal/mol
     max. AE         9.206937183E+00 kcal/mol

       x[bohr]       y[bohr]       z[bohr]          q[e]
    -1.6917678    -0.4498784    -0.0151002     0.6235327
     0.3243377    -1.4542812     0.0180891    -0.4399194
    -1.1248739     3.0513445     0.1104342    -0.4132833

gen    500/6000      elitist  2.7124983E-03 feasible? T
population converged towards a single solution after 508 generations.
Starting local simplex optimization:
Solution before refinement:      2.7124983312E-03
 performing expansion, best =    2.7124983307790385E-003
Exiting simplex optimization after   407 iterations
Solution after  refinement:      2.7124983308E-03
RMSE         2.712498331E-03 Hartree

Best found solution for 3 charges:
        RMSE         1.702117115E+00 kcal/mol
         MAE         1.158520532E+00 kcal/mol
     max. AE         9.206925166E+00 kcal/mol

       x[bohr]       y[bohr]       z[bohr]          q[e]
    -1.6917896    -0.4498551    -0.0150925     0.6235216
     0.3243730    -1.4542855     0.0180901    -0.4399059
    -1.1248788     3.0513335     0.1104385    -0.4132857

