Running in fitting mode

Reading "/home/boittier/pydcm/models/amide1_repeat/ref/1_1_new-0.chk.p.cube"...

Running in fitting mode

Reading "/home/boittier/pydcm/models/amide1_repeat/ref/1_1_new-0.chk.p.cube"...

  mol.pdb Potential
  mol.pdb Potential
  Electrostatic potential from Total SCF Density
  Electrostatic potential from Total SCF Density
   12   -9.955504   -7.513236   -6.512752
  102    0.200250    0.000000    0.000000
   76    0.000000    0.200250    0.000000
   66    0.000000    0.000000    0.200250
    6    6.000000   -0.908958    0.280655    0.000342
    6    6.000000   -3.442752   -1.000483    0.000000
    7    7.000000    1.150813   -1.227893   -0.000144
    6    6.000000    3.690134   -0.187521    0.000125
    8    8.000000   -0.720887    2.593738   -0.000240
    1    1.000000   -4.491836   -0.395695   -1.641581
    1    1.000000   -3.314583   -3.036319   -0.007599
    1    1.000000   -4.486047   -0.407878    1.649807
    1    1.000000    0.935915   -3.080856   -0.001480
    1    1.000000    5.027170   -1.725800    0.005467
    1    1.000000    4.007247    0.964119   -1.652858
    1    1.000000    4.002990    0.971880    1.648374
   12   -9.955504   -7.513236   -6.512752
  102    0.200250    0.000000    0.000000
   76    0.000000    0.200250    0.000000
   66    0.000000    0.000000    0.200250
    6    6.000000   -0.908958    0.280655    0.000342
    6    6.000000   -3.442752   -1.000483    0.000000
    7    7.000000    1.150813   -1.227893   -0.000144
    6    6.000000    3.690134   -0.187521    0.000125
    8    8.000000   -0.720887    2.593738   -0.000240
    1    1.000000   -4.491836   -0.395695   -1.641581
    1    1.000000   -3.314583   -3.036319   -0.007599
    1    1.000000   -4.486047   -0.407878    1.649807
    1    1.000000    0.935915   -3.080856   -0.001480
    1    1.000000    5.027170   -1.725800    0.005467
    1    1.000000    4.007247    0.964119   -1.652858
    1    1.000000    4.002990    0.971880    1.648374
  4.13432E-03  4.04947E-03  4.04229E-03  4.11307E-03  3.78276E-03  3.62494E-03
       .            .            .            .            .            .
       .            .            .            .            .            .
       .            .            .            .            .            .
  4.84395E-03  4.96343E-03  5.07512E-03  5.17818E-03  5.27169E-03  5.35465E-03

147060 out of 511632 gridpoints are considered ( 28.7%).

...done!




USING GREEDY MODE
  4.13432E-03  4.04947E-03  4.04229E-03  4.11307E-03  3.78276E-03  3.62494E-03
       .            .            .            .            .            .
       .            .            .            .            .            .
       .            .            .            .            .            .
  4.84395E-03  4.96343E-03  5.07512E-03  5.17818E-03  5.27169E-03  5.35465E-03

147060 out of 511632 gridpoints are considered ( 28.7%).

...done!




USING GREEDY MODE
File "multipole1_1charges.xyz" already exists. Fitting procedure is skipped.
File "multipole1_2charges.xyz" already exists. Fitting procedure is skipped.
File "multipole1_3charges.xyz" already exists. Fitting procedure is skipped.
File "multipole1_4charges.xyz" already exists. Fitting procedure is skipped.
File "multipole1_1charges.xyz" already exists. Fitting procedure is skipped.
File "multipole1_2charges.xyz" already exists. Fitting procedure is skipped.
File "multipole1_3charges.xyz" already exists. Fitting procedure is skipped.
File "multipole1_4charges.xyz" already exists. Fitting procedure is skipped.
File "multipole3_1charges.xyz" already exists. Fitting procedure is skipped.
File "multipole3_2charges.xyz" already exists. Fitting procedure is skipped.
File "multipole3_3charges.xyz" already exists. Fitting procedure is skipped.
File "multipole3_1charges.xyz" already exists. Fitting procedure is skipped.
File "multipole3_4charges.xyz" already exists. Fitting procedure is skipped.
File "multipole3_2charges.xyz" already exists. Fitting procedure is skipped.
File "multipole3_3charges.xyz" already exists. Fitting procedure is skipped.
File "multipole3_4charges.xyz" already exists. Fitting procedure is skipped.
File "multipole11_1charges.xyz" already exists. Fitting procedure is skipped.
File "multipole11_2charges.xyz" already exists. Fitting procedure is skipped.
File "multipole11_1charges.xyz" already exists. Fitting procedure is skipped.
File "multipole11_2charges.xyz" already exists. Fitting procedure is skipped.
File "multipole11_3charges.xyz" already exists. Fitting procedure is skipped.
File "multipole11_3charges.xyz" already exists. Fitting procedure is skipped.
File "multipole11_4charges.xyz" already exists. Fitting procedure is skipped.
File "multipole11_4charges.xyz" already exists. Fitting procedure is skipped.
File "multipole5_1charges.xyz" already exists. Fitting procedure is skipped.
File "multipole5_2charges.xyz" already exists. Fitting procedure is skipped.
File "multipole5_1charges.xyz" already exists. Fitting procedure is skipped.
File "multipole5_3charges.xyz" already exists. Fitting procedure is skipped.
File "multipole5_2charges.xyz" already exists. Fitting procedure is skipped.
File "multipole5_4charges.xyz" already exists. Fitting procedure is skipped.
File "multipole5_3charges.xyz" already exists. Fitting procedure is skipped.
Fragment fit detected
Fitting to MTP grid, discarding reference MEP cube data
Subsequent stats etc. are compared to MTP data, not the
MEP from the reference cube file
File "multipole5_4charges.xyz" already exists. Fitting procedure is skipped.
Fragment fit detected
Fitting to MTP grid, discarding reference MEP cube data
Subsequent stats etc. are compared to MTP data, not the
MEP from the reference cube file
Total fragment charge (a.u.):        -2.296699982E-01
Running DE in parallel with 2 thread(s)!

Starting fitting procedure for 4 charges, trial 1
Total fragment charge (a.u.):        -2.296699982E-01
Running DE in parallel with 2 thread(s)!

Starting fitting procedure for 4 charges, trial 1
gen      0/8000      elitist  3.6332077E-03 feasible? T
gen      0/8000      elitist  3.6760193E-03 feasible? T
gen    100/8000      elitist  1.9153441E-03 feasible? T
gen    100/8000      elitist  2.0715594E-03 feasible? T
gen    200/8000      elitist  1.7104771E-03 feasible? T
gen    200/8000      elitist  1.7964829E-03 feasible? T
gen    300/8000      elitist  1.6670707E-03 feasible? T
gen    300/8000      elitist  1.7558274E-03 feasible? T
gen    400/8000      elitist  1.6620799E-03 feasible? T
gen    400/8000      elitist  1.7106706E-03 feasible? T
gen    500/8000      elitist  1.6369295E-03 feasible? T
gen    500/8000      elitist  1.6350830E-03 feasible? T
gen    600/8000      elitist  1.6343062E-03 feasible? T
gen    600/8000      elitist  1.6302099E-03 feasible? T
gen    700/8000      elitist  1.6339020E-03 feasible? T
gen    700/8000      elitist  1.6293269E-03 feasible? T
gen    800/8000      elitist  1.6329300E-03 feasible? T
gen    800/8000      elitist  1.6291964E-03 feasible? T
gen    900/8000      elitist  1.6289632E-03 feasible? T
gen    900/8000      elitist  1.6291401E-03 feasible? T
gen   1000/8000      elitist  1.6228663E-03 feasible? T
gen   1000/8000      elitist  1.6289937E-03 feasible? T
gen   1100/8000      elitist  1.6222482E-03 feasible? T
gen   1100/8000      elitist  1.6232641E-03 feasible? T
gen   1200/8000      elitist  1.6221669E-03 feasible? T
gen   1200/8000      elitist  1.6222639E-03 feasible? T
gen   1300/8000      elitist  1.6221386E-03 feasible? T
gen   1300/8000      elitist  1.6221551E-03 feasible? T
gen   1400/8000      elitist  1.6221379E-03 feasible? T
gen   1400/8000      elitist  1.6221385E-03 feasible? T
gen   1500/8000      elitist  1.6221378E-03 feasible? T
gen   1500/8000      elitist  1.6221378E-03 feasible? T
population converged towards a single solution after 1523 generations.
Starting local simplex optimization:
Solution before refinement:      1.6221377879E-03
 performing expansion, best =    1.6221377875087521E-003
 performing expansion, best =    1.6221377862333985E-003
 performing expansion, best =    1.6221377839865517E-003
 performing expansion, best =    1.6221377838054134E-003
 performing expansion, best =    1.6221377803007613E-003
 performing expansion, best =    1.6221377801758005E-003
 performing expansion, best =    1.6221377798560140E-003
 performing expansion, best =    1.6221377796760594E-003
 performing expansion, best =    1.6221377796277652E-003
Exiting simplex optimization after   580 iterations
Solution after  refinement:      1.6221377796E-03
RMSE         1.622137780E-03 Hartree
NEW BEST!

Starting fitting procedure for 4 charges, trial 2
gen      0/8000      elitist  3.3658746E-03 feasible? T
gen   1600/8000      elitist  1.6221378E-03 feasible? T
gen    100/8000      elitist  2.2655297E-03 feasible? T
population converged towards a single solution after 1675 generations.
Starting local simplex optimization:
Solution before refinement:      1.6221377780E-03
 performing expansion, best =    1.6221377768826037E-003
 performing expansion, best =    1.6221377768321343E-003
 performing expansion, best =    1.6221377756115735E-003
 performing expansion, best =    1.6221377752186001E-003
 performing expansion, best =    1.6221377750569312E-003
 performing expansion, best =    1.6221377748837239E-003
 performing expansion, best =    1.6221377748135226E-003
Exiting simplex optimization after   575 iterations
Solution after  refinement:      1.6221377748E-03
RMSE         1.622137775E-03 Hartree
NEW BEST!

Starting fitting procedure for 4 charges, trial 2
gen      0/8000      elitist  3.4346160E-03 feasible? T
gen    200/8000      elitist  1.7927362E-03 feasible? T
gen    100/8000      elitist  2.0052163E-03 feasible? T
gen    300/8000      elitist  1.6866566E-03 feasible? T
gen    200/8000      elitist  1.7350244E-03 feasible? T
gen    400/8000      elitist  1.6465855E-03 feasible? T
gen    300/8000      elitist  1.6731802E-03 feasible? T
gen    500/8000      elitist  1.6238904E-03 feasible? T
gen    400/8000      elitist  1.6243737E-03 feasible? T
gen    600/8000      elitist  1.6223160E-03 feasible? T
gen    500/8000      elitist  1.6225936E-03 feasible? T
gen    700/8000      elitist  1.6221715E-03 feasible? T
gen    600/8000      elitist  1.6221583E-03 feasible? T
gen    800/8000      elitist  1.6221386E-03 feasible? T
gen    700/8000      elitist  1.6221387E-03 feasible? T
gen    900/8000      elitist  1.6221378E-03 feasible? T
gen    800/8000      elitist  1.6221379E-03 feasible? T
gen   1000/8000      elitist  1.6221378E-03 feasible? T
population converged towards a single solution after 1014 generations.
Starting local simplex optimization:
Solution before refinement:      1.6221377690E-03
 performing expansion, best =    1.6221377681959351E-003
 performing expansion, best =    1.6221377681123169E-003
 performing expansion, best =    1.6221377677118130E-003
Exiting simplex optimization after   582 iterations
Solution after  refinement:      1.6221377677E-03
RMSE         1.622137768E-03 Hartree
NEW BEST!

Starting fitting procedure for 4 charges, trial 3
gen      0/8000      elitist  3.4919454E-03 feasible? T
gen    900/8000      elitist  1.6221378E-03 feasible? T
gen    100/8000      elitist  2.0953323E-03 feasible? T
population converged towards a single solution after 967 generations.
Starting local simplex optimization:
Solution before refinement:      1.6221377677E-03
 performing expansion, best =    1.6221377674084600E-003
 performing expansion, best =    1.6221377672634102E-003
 performing expansion, best =    1.6221377668365524E-003
 performing expansion, best =    1.6221377666525711E-003
 performing expansion, best =    1.6221377663780947E-003
Exiting simplex optimization after   552 iterations
Solution after  refinement:      1.6221377664E-03
RMSE         1.622137766E-03 Hartree
NEW BEST!

Starting fitting procedure for 4 charges, trial 3
gen      0/8000      elitist  3.3715949E-03 feasible? T
gen    200/8000      elitist  1.9318635E-03 feasible? T
gen    100/8000      elitist  1.9789798E-03 feasible? T
gen    300/8000      elitist  1.6403272E-03 feasible? T
gen    200/8000      elitist  1.7254740E-03 feasible? T
gen    400/8000      elitist  1.6231427E-03 feasible? T
gen    300/8000      elitist  1.7142711E-03 feasible? T
gen    500/8000      elitist  1.6222384E-03 feasible? T
gen    400/8000      elitist  1.6254059E-03 feasible? T
gen    600/8000      elitist  1.6221430E-03 feasible? T
gen    500/8000      elitist  1.6222586E-03 feasible? T
gen    700/8000      elitist  1.6221381E-03 feasible? T
gen    600/8000      elitist  1.6221480E-03 feasible? T
gen    800/8000      elitist  1.6221378E-03 feasible? T
gen    700/8000      elitist  1.6221406E-03 feasible? T
population converged towards a single solution after 868 generations.
Starting local simplex optimization:
Solution before refinement:      1.6221377729E-03
 performing expansion, best =    1.6221377704378117E-003
 performing expansion, best =    1.6221377680729530E-003
 performing expansion, best =    1.6221377680313786E-003
 performing expansion, best =    1.6221377678585754E-003
 performing expansion, best =    1.6221377669439431E-003
 performing expansion, best =    1.6221377668052637E-003
 performing expansion, best =    1.6221377667519883E-003
 performing expansion, best =    1.6221377665892821E-003
Exiting simplex optimization after   571 iterations
Solution after  refinement:      1.6221377666E-03
RMSE         1.622137767E-03 Hartree
NEW BEST!

Starting fitting procedure for 4 charges, trial 4
gen      0/8000      elitist  3.2027821E-03 feasible? T
gen    800/8000      elitist  1.6221385E-03 feasible? T
gen    100/8000      elitist  2.1475522E-03 feasible? T
gen    900/8000      elitist  1.6221381E-03 feasible? T
gen    200/8000      elitist  1.8455285E-03 feasible? T
gen   1000/8000      elitist  1.6221380E-03 feasible? T
gen    300/8000      elitist  1.6728941E-03 feasible? T
gen   1100/8000      elitist  1.6221378E-03 feasible? T
gen    400/8000      elitist  1.6311629E-03 feasible? T
gen   1200/8000      elitist  1.6221378E-03 feasible? T
gen    500/8000      elitist  1.6244332E-03 feasible? T
population converged towards a single solution after 1277 generations.
Starting local simplex optimization:
Solution before refinement:      1.6221377943E-03
 performing expansion, best =    1.6221377940798031E-003
 performing expansion, best =    1.6221377936316205E-003
 performing expansion, best =    1.6221377927087019E-003
 performing expansion, best =    1.6221377923505594E-003
 performing expansion, best =    1.6221377915903556E-003
Exiting simplex optimization after   562 iterations
Solution after  refinement:      1.6221377916E-03
RMSE         1.622137792E-03 Hartree

Starting fitting procedure for 4 charges, trial 4
gen      0/8000      elitist  3.2984517E-03 feasible? T
gen    600/8000      elitist  1.6226308E-03 feasible? T
gen    100/8000      elitist  1.9634861E-03 feasible? T
gen    700/8000      elitist  1.6221805E-03 feasible? T
gen    200/8000      elitist  1.8349309E-03 feasible? T
gen    800/8000      elitist  1.6221463E-03 feasible? T
gen    300/8000      elitist  1.6473677E-03 feasible? T
gen    900/8000      elitist  1.6221442E-03 feasible? T
gen    400/8000      elitist  1.6264751E-03 feasible? T
gen   1000/8000      elitist  1.6221387E-03 feasible? T
gen    500/8000      elitist  1.6225431E-03 feasible? T
gen   1100/8000      elitist  1.6221379E-03 feasible? T
gen    600/8000      elitist  1.6221628E-03 feasible? T
gen   1200/8000      elitist  1.6221378E-03 feasible? T
gen    700/8000      elitist  1.6221416E-03 feasible? T
population converged towards a single solution after 1256 generations.
Starting local simplex optimization:
Solution before refinement:      1.6221377658E-03
 performing expansion, best =    1.6221377658238337E-003
 performing expansion, best =    1.6221377656740344E-003
 performing expansion, best =    1.6221377655690789E-003
Exiting simplex optimization after   567 iterations
Solution after  refinement:      1.6221377656E-03
RMSE         1.622137766E-03 Hartree
NEW BEST!

Best found solution for 4 charges:
        RMSE         1.017906047E+00 kcal/mol
         MAE         6.693408426E-01 kcal/mol
     max. AE         9.300066882E+00 kcal/mol

       x[bohr]       y[bohr]       z[bohr]          q[e]
    -1.5501180    -0.1536857    -0.1469828     0.6761628
     0.7880462    -1.1127354    -0.2259710    -0.4806900
     3.5411504     1.5588329    -1.6318883     0.0725003
    -0.9713721     2.8455494    -0.0307414    -0.4976432

gen    800/8000      elitist  1.6221383E-03 feasible? T
gen    900/8000      elitist  1.6221378E-03 feasible? T
gen   1000/8000      elitist  1.6221378E-03 feasible? T
population converged towards a single solution after 1029 generations.
Starting local simplex optimization:
Solution before refinement:      1.6221377659E-03
 performing expansion, best =    1.6221377655587653E-003
 performing expansion, best =    1.6221377654241369E-003
 performing expansion, best =    1.6221377653019397E-003
Exiting simplex optimization after   543 iterations
Solution after  refinement:      1.6221377653E-03
RMSE         1.622137765E-03 Hartree
NEW BEST!

Best found solution for 4 charges:
        RMSE         1.017906047E+00 kcal/mol
         MAE         6.693375880E-01 kcal/mol
     max. AE         9.299854096E+00 kcal/mol

       x[bohr]       y[bohr]       z[bohr]          q[e]
    -1.5501307    -0.1536558    -0.1469814     0.6761671
     0.7880479    -1.1127361    -0.2259699    -0.4806869
     3.5411273     1.5588137    -1.6318575     0.0725017
    -0.9713818     2.8455317    -0.0307406    -0.4976519

