Running in fitting mode

Reading "/home/boittier/pydcm/models/scn/ref/scn_test.chk.p.cube"...

Running in fitting mode

Reading "/home/boittier/pydcm/models/scn/ref/scn_test.chk.p.cube"...

  amide1.pdb Potential
  Electrostatic potential from Total SCF Density
Running in fitting mode

    7   -9.547539   -9.907163   -8.571809
   84    0.227959    0.000000    0.000000
   80    0.000000    0.227959    0.000000
Reading "/home/boittier/pydcm/models/scn/ref/scn_test.chk.p.cube"...

   76    0.000000    0.000000    0.227959
    6    6.000000   -2.044175    0.014333    0.000054
   16   16.000000    0.865801   -1.335365   -0.000011
    7    7.000000   -4.064309    0.861651   -0.000028
    6    6.000000    2.846132    1.524855   -0.000012
  amide1.pdb Potential
  Electrostatic potential from Total SCF Density
    1    1.000000    2.501412    2.632432   -1.697357
    1    1.000000    2.498264    2.634736    1.695157
    1    1.000000    4.785937    0.831978    0.002316
    7   -9.547539   -9.907163   -8.571809
   84    0.227959    0.000000    0.000000
   80    0.000000    0.227959    0.000000
   76    0.000000    0.000000    0.227959
  amide1.pdb Potential
  Electrostatic potential from Total SCF Density
    6    6.000000   -2.044175    0.014333    0.000054
   16   16.000000    0.865801   -1.335365   -0.000011
    7    7.000000   -4.064309    0.861651   -0.000028
    6    6.000000    2.846132    1.524855   -0.000012
    7   -9.547539   -9.907163   -8.571809
   84    0.227959    0.000000    0.000000
   80    0.000000    0.227959    0.000000
    1    1.000000    2.501412    2.632432   -1.697357
    1    1.000000    2.498264    2.634736    1.695157
    1    1.000000    4.785937    0.831978    0.002316
   76    0.000000    0.000000    0.227959
Running in fitting mode

Reading "/home/boittier/pydcm/models/scn/ref/scn_test.chk.p.cube"...

    6    6.000000   -2.044175    0.014333    0.000054
   16   16.000000    0.865801   -1.335365   -0.000011
    7    7.000000   -4.064309    0.861651   -0.000028
    6    6.000000    2.846132    1.524855   -0.000012
    1    1.000000    2.501412    2.632432   -1.697357
    1    1.000000    2.498264    2.634736    1.695157
    1    1.000000    4.785937    0.831978    0.002316
  amide1.pdb Potential
  Electrostatic potential from Total SCF Density
    7   -9.547539   -9.907163   -8.571809
   84    0.227959    0.000000    0.000000
   80    0.000000    0.227959    0.000000
   76    0.000000    0.000000    0.227959
    6    6.000000   -2.044175    0.014333    0.000054
   16   16.000000    0.865801   -1.335365   -0.000011
    7    7.000000   -4.064309    0.861651   -0.000028
    6    6.000000    2.846132    1.524855   -0.000012
    1    1.000000    2.501412    2.632432   -1.697357
    1    1.000000    2.498264    2.634736    1.695157
    1    1.000000    4.785937    0.831978    0.002316
 -1.97184E-02 -1.98648E-02 -1.99651E-02 -2.00181E-02 -2.00231E-02 -1.99799E-02
       .            .            .            .            .            .
       .            .            .            .            .            .
       .            .            .            .            .            .
  1.66012E-02  1.65385E-02  1.64438E-02  1.63185E-02  1.61889E-02  1.61922E-02

172750 out of 510720 gridpoints are considered ( 33.8%).

...done!




USING GREEDY MODE
 -1.97184E-02 -1.98648E-02 -1.99651E-02 -2.00181E-02 -2.00231E-02 -1.99799E-02
       .            .            .            .            .            .
       .            .            .            .            .            .
       .            .            .            .            .            .
  1.66012E-02  1.65385E-02  1.64438E-02  1.63185E-02  1.61889E-02  1.61922E-02

 -1.97184E-02 -1.98648E-02 -1.99651E-02 -2.00181E-02 -2.00231E-02 -1.99799E-02
       .            .            .            .            .            .
       .            .            .            .            .            .
       .            .            .            .            .            .
  1.66012E-02  1.65385E-02  1.64438E-02  1.63185E-02  1.61889E-02  1.61922E-02

172750 out of 510720 gridpoints are considered ( 33.8%).

...done!




USING GREEDY MODE
172750 out of 510720 gridpoints are considered ( 33.8%).

...done!




USING GREEDY MODE
 -1.97184E-02 -1.98648E-02 -1.99651E-02 -2.00181E-02 -2.00231E-02 -1.99799E-02
       .            .            .            .            .            .
       .            .            .            .            .            .
       .            .            .            .            .            .
  1.66012E-02  1.65385E-02  1.64438E-02  1.63185E-02  1.61889E-02  1.61922E-02

172750 out of 510720 gridpoints are considered ( 33.8%).

...done!




USING GREEDY MODE
File "multipole1_1charges.xyz" already exists. Fitting procedure is skipped.
File "multipole1_1charges.xyz" already exists. Fitting procedure is skipped.
File "multipole1_2charges.xyz" already exists. Fitting procedure is skipped.
File "multipole1_2charges.xyz" already exists. Fitting procedure is skipped.
File "multipole1_1charges.xyz" already exists. Fitting procedure is skipped.
File "multipole1_2charges.xyz" already exists. Fitting procedure is skipped.
File "multipole1_1charges.xyz" already exists. Fitting procedure is skipped.
File "multipole1_2charges.xyz" already exists. Fitting procedure is skipped.
File "multipole2_1charges.xyz" already exists. Fitting procedure is skipped.
File "multipole2_1charges.xyz" already exists. Fitting procedure is skipped.
File "multipole2_2charges.xyz" already exists. Fitting procedure is skipped.
File "multipole2_2charges.xyz" already exists. Fitting procedure is skipped.
File "multipole2_1charges.xyz" already exists. Fitting procedure is skipped.
File "multipole2_2charges.xyz" already exists. Fitting procedure is skipped.
File "multipole2_1charges.xyz" already exists. Fitting procedure is skipped.
File "multipole2_2charges.xyz" already exists. Fitting procedure is skipped.
File "multipole3_1charges.xyz" already exists. Fitting procedure is skipped.
File "multipole3_1charges.xyz" already exists. Fitting procedure is skipped.
File "multipole3_2charges.xyz" already exists. Fitting procedure is skipped.
File "multipole3_1charges.xyz" already exists. Fitting procedure is skipped.
File "multipole3_2charges.xyz" already exists. Fitting procedure is skipped.
File "multipole3_2charges.xyz" already exists. Fitting procedure is skipped.
File "multipole3_1charges.xyz" already exists. Fitting procedure is skipped.
File "multipole3_2charges.xyz" already exists. Fitting procedure is skipped.
File "multipole4_1charges.xyz" already exists. Fitting procedure is skipped.
File "multipole4_1charges.xyz" already exists. Fitting procedure is skipped.
File "multipole4_2charges.xyz" already exists. Fitting procedure is skipped.
File "multipole4_1charges.xyz" already exists. Fitting procedure is skipped.
File "multipole4_2charges.xyz" already exists. Fitting procedure is skipped.
File "multipole4_2charges.xyz" already exists. Fitting procedure is skipped.
File "multipole4_1charges.xyz" already exists. Fitting procedure is skipped.
File "multipole4_2charges.xyz" already exists. Fitting procedure is skipped.
File "multipole5_1charges.xyz" already exists. Fitting procedure is skipped.
File "multipole5_1charges.xyz" already exists. Fitting procedure is skipped.
File "multipole5_1charges.xyz" already exists. Fitting procedure is skipped.
File "multipole5_2charges.xyz" already exists. Fitting procedure is skipped.
File "multipole5_2charges.xyz" already exists. Fitting procedure is skipped.
File "multipole5_2charges.xyz" already exists. Fitting procedure is skipped.
File "multipole5_1charges.xyz" already exists. Fitting procedure is skipped.
File "multipole5_2charges.xyz" already exists. Fitting procedure is skipped.
File "multipole6_1charges.xyz" already exists. Fitting procedure is skipped.
File "multipole6_1charges.xyz" already exists. Fitting procedure is skipped.
File "multipole6_1charges.xyz" already exists. Fitting procedure is skipped.
File "multipole6_2charges.xyz" already exists. Fitting procedure is skipped.
File "multipole6_2charges.xyz" already exists. Fitting procedure is skipped.
File "multipole6_2charges.xyz" already exists. Fitting procedure is skipped.
File "multipole6_1charges.xyz" already exists. Fitting procedure is skipped.
File "multipole6_2charges.xyz" already exists. Fitting procedure is skipped.
File "multipole7_1charges.xyz" already exists. Fitting procedure is skipped.
File "multipole7_2charges.xyz" already exists. Fitting procedure is skipped.
File "multipole7_1charges.xyz" already exists. Fitting procedure is skipped.
Total fragment charge (a.u.):        -1.387778781E-17
File "multipole7_2charges.xyz" already exists. Fitting procedure is skipped.
Total fragment charge (a.u.):        -1.387778781E-17
Running DE in parallel with 20 thread(s)!

Starting fitting procedure for 12 charges, trial 1
Running DE in parallel with 20 thread(s)!

Starting fitting procedure for 12 charges, trial 1
File "multipole7_1charges.xyz" already exists. Fitting procedure is skipped.
File "multipole7_2charges.xyz" already exists. Fitting procedure is skipped.
Total fragment charge (a.u.):        -1.387778781E-17
File "multipole7_1charges.xyz" already exists. Fitting procedure is skipped.
Running DE in parallel with 20 thread(s)!

Starting fitting procedure for 12 charges, trial 1
File "multipole7_2charges.xyz" already exists. Fitting procedure is skipped.
Total fragment charge (a.u.):        -1.387778781E-17
Running DE in parallel with 20 thread(s)!

Starting fitting procedure for 12 charges, trial 1
gen      0/24000      elitist  9.1332391E-03 feasible? T
gen      0/24000      elitist  9.1332391E-03 feasible? T
gen      0/24000      elitist  9.1332391E-03 feasible? T
gen      0/24000      elitist  9.1332391E-03 feasible? T
gen    100/24000      elitist  5.8765490E-03 feasible? T
gen    100/24000      elitist  6.1866973E-03 feasible? T
gen    100/24000      elitist  5.9767130E-03 feasible? T
gen    100/24000      elitist  7.6860435E-03 feasible? T
