Running in fitting mode

Reading "/home/boittier/pydcm/models/scn/ref/scn_test.chk.p.cube"...

Running in fitting mode

Reading "/home/boittier/pydcm/models/scn/ref/scn_test.chk.p.cube"...

  amide1.pdb Potential
  Electrostatic potential from Total SCF Density
    7   -9.547539   -9.907163   -8.571809
   84    0.227959    0.000000    0.000000
   80    0.000000    0.227959    0.000000
   76    0.000000    0.000000    0.227959
    6    6.000000   -2.044175    0.014333    0.000054
   16   16.000000    0.865801   -1.335365   -0.000011
    7    7.000000   -4.064309    0.861651   -0.000028
    6    6.000000    2.846132    1.524855   -0.000012
    1    1.000000    2.501412    2.632432   -1.697357
    1    1.000000    2.498264    2.634736    1.695157
    1    1.000000    4.785937    0.831978    0.002316
Running in fitting mode

Reading "/home/boittier/pydcm/models/scn/ref/scn_test.chk.p.cube"...

  amide1.pdb Potential
  Electrostatic potential from Total SCF Density
    7   -9.547539   -9.907163   -8.571809
   84    0.227959    0.000000    0.000000
   80    0.000000    0.227959    0.000000
   76    0.000000    0.000000    0.227959
    6    6.000000   -2.044175    0.014333    0.000054
   16   16.000000    0.865801   -1.335365   -0.000011
    7    7.000000   -4.064309    0.861651   -0.000028
    6    6.000000    2.846132    1.524855   -0.000012
    1    1.000000    2.501412    2.632432   -1.697357
    1    1.000000    2.498264    2.634736    1.695157
    1    1.000000    4.785937    0.831978    0.002316
  amide1.pdb Potential
  Electrostatic potential from Total SCF Density
    7   -9.547539   -9.907163   -8.571809
   84    0.227959    0.000000    0.000000
   80    0.000000    0.227959    0.000000
   76    0.000000    0.000000    0.227959
    6    6.000000   -2.044175    0.014333    0.000054
   16   16.000000    0.865801   -1.335365   -0.000011
    7    7.000000   -4.064309    0.861651   -0.000028
    6    6.000000    2.846132    1.524855   -0.000012
    1    1.000000    2.501412    2.632432   -1.697357
    1    1.000000    2.498264    2.634736    1.695157
    1    1.000000    4.785937    0.831978    0.002316
Running in fitting mode

Reading "/home/boittier/pydcm/models/scn/ref/scn_test.chk.p.cube"...

  amide1.pdb Potential
  Electrostatic potential from Total SCF Density
    7   -9.547539   -9.907163   -8.571809
   84    0.227959    0.000000    0.000000
   80    0.000000    0.227959    0.000000
   76    0.000000    0.000000    0.227959
    6    6.000000   -2.044175    0.014333    0.000054
   16   16.000000    0.865801   -1.335365   -0.000011
    7    7.000000   -4.064309    0.861651   -0.000028
    6    6.000000    2.846132    1.524855   -0.000012
    1    1.000000    2.501412    2.632432   -1.697357
    1    1.000000    2.498264    2.634736    1.695157
    1    1.000000    4.785937    0.831978    0.002316
 -1.97184E-02 -1.98648E-02 -1.99651E-02 -2.00181E-02 -2.00231E-02 -1.99799E-02
       .            .            .            .            .            .
       .            .            .            .            .            .
       .            .            .            .            .            .
  1.66012E-02  1.65385E-02  1.64438E-02  1.63185E-02  1.61889E-02  1.61922E-02

172750 out of 510720 gridpoints are considered ( 33.8%).

...done!




USING GREEDY MODE
 -1.97184E-02 -1.98648E-02 -1.99651E-02 -2.00181E-02 -2.00231E-02 -1.99799E-02
       .            .            .            .            .            .
       .            .            .            .            .            .
       .            .            .            .            .            .
  1.66012E-02  1.65385E-02  1.64438E-02  1.63185E-02  1.61889E-02  1.61922E-02

172750 out of 510720 gridpoints are considered ( 33.8%).
 -1.97184E-02 -1.98648E-02 -1.99651E-02 -2.00181E-02 -2.00231E-02 -1.99799E-02

...done!


       .            .            .            .            .            .
       .            .            .            .            .            .
       .            .            .            .            .            .
  1.66012E-02  1.65385E-02  1.64438E-02  1.63185E-02  1.61889E-02  1.61922E-02

172750 out of 510720 gridpoints are considered ( 33.8%).

...done!




USING GREEDY MODE


USING GREEDY MODE
 -1.97184E-02 -1.98648E-02 -1.99651E-02 -2.00181E-02 -2.00231E-02 -1.99799E-02
       .            .            .            .            .            .
       .            .            .            .            .            .
       .            .            .            .            .            .
  1.66012E-02  1.65385E-02  1.64438E-02  1.63185E-02  1.61889E-02  1.61922E-02

172750 out of 510720 gridpoints are considered ( 33.8%).

...done!




USING GREEDY MODE
File "multipole1_1charges.xyz" already exists. Fitting procedure is skipped.
File "multipole1_1charges.xyz" already exists. Fitting procedure is skipped.
File "multipole1_1charges.xyz" already exists. Fitting procedure is skipped.
File "multipole1_2charges.xyz" already exists. Fitting procedure is skipped.
File "multipole1_2charges.xyz" already exists. Fitting procedure is skipped.
File "multipole1_1charges.xyz" already exists. Fitting procedure is skipped.
File "multipole1_2charges.xyz" already exists. Fitting procedure is skipped.
File "multipole1_2charges.xyz" already exists. Fitting procedure is skipped.
File "multipole2_1charges.xyz" already exists. Fitting procedure is skipped.
File "multipole2_1charges.xyz" already exists. Fitting procedure is skipped.
File "multipole2_2charges.xyz" already exists. Fitting procedure is skipped.
File "multipole2_2charges.xyz" already exists. Fitting procedure is skipped.
File "multipole2_1charges.xyz" already exists. Fitting procedure is skipped.
File "multipole2_2charges.xyz" already exists. Fitting procedure is skipped.
File "multipole2_1charges.xyz" already exists. Fitting procedure is skipped.
File "multipole2_2charges.xyz" already exists. Fitting procedure is skipped.
File "multipole3_1charges.xyz" already exists. Fitting procedure is skipped.
File "multipole3_1charges.xyz" already exists. Fitting procedure is skipped.
File "multipole3_2charges.xyz" already exists. Fitting procedure is skipped.
File "multipole3_2charges.xyz" already exists. Fitting procedure is skipped.
File "multipole3_1charges.xyz" already exists. Fitting procedure is skipped.
File "multipole3_2charges.xyz" already exists. Fitting procedure is skipped.
File "multipole3_1charges.xyz" already exists. Fitting procedure is skipped.
File "multipole3_2charges.xyz" already exists. Fitting procedure is skipped.
File "multipole4_1charges.xyz" already exists. Fitting procedure is skipped.
File "multipole4_1charges.xyz" already exists. Fitting procedure is skipped.
File "multipole4_2charges.xyz" already exists. Fitting procedure is skipped.
File "multipole4_2charges.xyz" already exists. Fitting procedure is skipped.
File "multipole4_1charges.xyz" already exists. Fitting procedure is skipped.
File "multipole4_2charges.xyz" already exists. Fitting procedure is skipped.
File "multipole4_1charges.xyz" already exists. Fitting procedure is skipped.
File "multipole4_2charges.xyz" already exists. Fitting procedure is skipped.
File "multipole5_1charges.xyz" already exists. Fitting procedure is skipped.
File "multipole5_1charges.xyz" already exists. Fitting procedure is skipped.
File "multipole5_2charges.xyz" already exists. Fitting procedure is skipped.
File "multipole5_2charges.xyz" already exists. Fitting procedure is skipped.
File "multipole5_1charges.xyz" already exists. Fitting procedure is skipped.
File "multipole5_2charges.xyz" already exists. Fitting procedure is skipped.
File "multipole5_1charges.xyz" already exists. Fitting procedure is skipped.
File "multipole5_2charges.xyz" already exists. Fitting procedure is skipped.
File "multipole6_1charges.xyz" already exists. Fitting procedure is skipped.
File "multipole6_1charges.xyz" already exists. Fitting procedure is skipped.
File "multipole6_1charges.xyz" already exists. Fitting procedure is skipped.
File "multipole6_2charges.xyz" already exists. Fitting procedure is skipped.
File "multipole6_2charges.xyz" already exists. Fitting procedure is skipped.
File "multipole6_2charges.xyz" already exists. Fitting procedure is skipped.
File "multipole6_1charges.xyz" already exists. Fitting procedure is skipped.
File "multipole6_2charges.xyz" already exists. Fitting procedure is skipped.
File "multipole7_1charges.xyz" already exists. Fitting procedure is skipped.
File "multipole7_1charges.xyz" already exists. Fitting procedure is skipped.
File "multipole7_1charges.xyz" already exists. Fitting procedure is skipped.
File "multipole7_2charges.xyz" already exists. Fitting procedure is skipped.
File "multipole7_2charges.xyz" already exists. Fitting procedure is skipped.
File "multipole7_2charges.xyz" already exists. Fitting procedure is skipped.
Total fragment charge (a.u.):        -1.387778781E-17
Total fragment charge (a.u.):        -1.387778781E-17
Running DE in parallel with 20 thread(s)!
Running DE in parallel with 20 thread(s)!

Starting fitting procedure for 7 charges, trial 1

Starting fitting procedure for 7 charges, trial 1
Total fragment charge (a.u.):        -1.387778781E-17
Running DE in parallel with 20 thread(s)!

Starting fitting procedure for 7 charges, trial 1
File "multipole7_1charges.xyz" already exists. Fitting procedure is skipped.
File "multipole7_2charges.xyz" already exists. Fitting procedure is skipped.
Total fragment charge (a.u.):        -1.387778781E-17
Running DE in parallel with 20 thread(s)!

Starting fitting procedure for 7 charges, trial 1
gen      0/14000      elitist  5.6829932E-03 feasible? T
gen      0/14000      elitist  7.7698210E-03 feasible? F
gen      0/14000      elitist  5.6829932E-03 feasible? T
gen      0/14000      elitist  6.8293195E-03 feasible? T
gen    100/14000      elitist  5.1439923E-03 feasible? T
gen    100/14000      elitist  5.2117385E-03 feasible? T
gen    100/14000      elitist  3.8465364E-03 feasible? T
gen    100/14000      elitist  3.7926618E-03 feasible? T
gen    200/14000      elitist  3.6730876E-03 feasible? T
gen    200/14000      elitist  3.5128573E-03 feasible? T
gen    200/14000      elitist  2.8865075E-03 feasible? T
gen    200/14000      elitist  3.4926650E-03 feasible? T
gen    300/14000      elitist  3.0666682E-03 feasible? T
gen    300/14000      elitist  3.0996695E-03 feasible? T
gen    300/14000      elitist  2.4855492E-03 feasible? T
gen    300/14000      elitist  3.0970818E-03 feasible? T
gen    400/14000      elitist  2.4884812E-03 feasible? T
gen    400/14000      elitist  2.7825226E-03 feasible? T
gen    400/14000      elitist  2.2273431E-03 feasible? T
gen    400/14000      elitist  3.0156075E-03 feasible? T
gen    500/14000      elitist  2.3499623E-03 feasible? T
gen    500/14000      elitist  2.7151431E-03 feasible? T
gen    500/14000      elitist  2.2001318E-03 feasible? T
gen    500/14000      elitist  3.0086566E-03 feasible? T
gen    600/14000      elitist  2.2940757E-03 feasible? T
gen    600/14000      elitist  2.6830632E-03 feasible? T
gen    600/14000      elitist  2.1804311E-03 feasible? T
gen    600/14000      elitist  2.8941541E-03 feasible? T
gen    700/14000      elitist  2.2382984E-03 feasible? T
gen    700/14000      elitist  2.1693406E-03 feasible? T
gen    700/14000      elitist  2.6752833E-03 feasible? T
gen    700/14000      elitist  2.8662917E-03 feasible? T
gen    800/14000      elitist  2.2310485E-03 feasible? T
gen    800/14000      elitist  2.6705408E-03 feasible? T
gen    800/14000      elitist  2.1669218E-03 feasible? T
gen    800/14000      elitist  2.8191769E-03 feasible? T
gen    900/14000      elitist  2.2192676E-03 feasible? T
gen    900/14000      elitist  2.6697904E-03 feasible? T
gen    900/14000      elitist  2.1664460E-03 feasible? T
gen    900/14000      elitist  2.7949717E-03 feasible? T
gen   1000/14000      elitist  2.2154266E-03 feasible? T
gen   1000/14000      elitist  2.6682134E-03 feasible? T
gen   1000/14000      elitist  2.7337264E-03 feasible? T
gen   1000/14000      elitist  2.1662706E-03 feasible? T
gen   1100/14000      elitist  2.2103278E-03 feasible? T
gen   1100/14000      elitist  2.6667361E-03 feasible? T
gen   1100/14000      elitist  2.6735035E-03 feasible? T
gen   1100/14000      elitist  2.1657638E-03 feasible? T
gen   1200/14000      elitist  2.2054285E-03 feasible? T
gen   1200/14000      elitist  2.6664871E-03 feasible? T
gen   1200/14000      elitist  2.1641169E-03 feasible? T
gen   1200/14000      elitist  2.6723608E-03 feasible? T
gen   1300/14000      elitist  2.2015660E-03 feasible? T
gen   1300/14000      elitist  2.1641169E-03 feasible? T
gen   1300/14000      elitist  2.6662991E-03 feasible? T
gen   1300/14000      elitist  2.6642055E-03 feasible? T
