Running in fitting mode

Reading "/home/boittier/pydcm/models/fbutadiene-18/ref/B.p.cube"...

  B.pdb Potential
  Electrostatic potential from Total SCF Density
   10  -10.324647   -7.560558   -6.513059
  112    0.166667    0.000000    0.000000
  100    0.000000    0.166667    0.000000
   79    0.000000    0.000000    0.166667
    6    6.000000    1.620043    2.491185   -0.000082
    6    6.000000    0.908110    0.081892   -0.000240
    6    6.000000   -1.616645   -1.047806   -0.000306
    6    6.000000   -3.811895    0.194664    0.000259
    1    1.000000    3.599860    2.995094    0.001207
    1    1.000000    0.226637    3.984252   -0.001820
    9    9.000000    2.743594   -1.735320    0.000204
    1    1.000000   -1.607877   -3.099400   -0.000380
    1    1.000000   -3.921420    2.240822    0.001916
    1    1.000000   -5.587219   -0.822496   -0.000537
  1.93096E-02  1.93928E-02  1.93306E-02  1.91257E-02  1.93580E-02  1.95914E-02
       .            .            .            .            .            .
       .            .            .            .            .            .
       .            .            .            .            .            .
 -1.50756E-03 -1.39729E-03 -1.47328E-03 -1.73039E-03 -2.15176E-03 -2.71089E-03

176503 out of 884800 gridpoints are considered ( 19.9%).

...done!




USING GREEDY MODE
File "multipole3_1charges.xyz" already exists. Fitting procedure is skipped.
File "multipole3_2charges.xyz" already exists. Fitting procedure is skipped.
File "multipole3_3charges.xyz" already exists. Fitting procedure is skipped.
File "multipole3_4charges.xyz" already exists. Fitting procedure is skipped.
File "multipole8_1charges.xyz" already exists. Fitting procedure is skipped.
File "multipole8_2charges.xyz" already exists. Fitting procedure is skipped.
File "multipole8_3charges.xyz" already exists. Fitting procedure is skipped.
File "multipole8_4charges.xyz" already exists. Fitting procedure is skipped.
Fragment fit detected
Fitting to MTP grid, discarding reference MEP cube data
Subsequent stats etc. are compared to MTP data, not the
MEP from the reference cube file
Total fragment charge (a.u.):        -9.297256860E-04
Running DE in parallel with 1 thread(s)!

Starting fitting procedure for 3 charges, trial 1
gen      0/6000      elitist  3.5590231E-03 feasible? T
gen    100/6000      elitist  7.0514856E-04 feasible? T
gen    200/6000      elitist  5.5079776E-04 feasible? T
gen    300/6000      elitist  5.2186150E-04 feasible? T
gen    400/6000      elitist  5.1894186E-04 feasible? T
gen    500/6000      elitist  5.1873125E-04 feasible? T
gen    600/6000      elitist  5.1872706E-04 feasible? T
gen    700/6000      elitist  5.1872701E-04 feasible? T
gen    800/6000      elitist  5.1872700E-04 feasible? T
gen    900/6000      elitist  5.1872696E-04 feasible? T
gen   1000/6000      elitist  5.1872696E-04 feasible? T
gen   1100/6000      elitist  5.1872691E-04 feasible? T
gen   1200/6000      elitist  5.1872679E-04 feasible? T
gen   1300/6000      elitist  5.1872677E-04 feasible? T
gen   1400/6000      elitist  5.1872677E-04 feasible? T
gen   1500/6000      elitist  5.1872677E-04 feasible? T
gen   1600/6000      elitist  5.1872676E-04 feasible? T
gen   1700/6000      elitist  5.1872676E-04 feasible? T
gen   1800/6000      elitist  5.1872676E-04 feasible? T
gen   1900/6000      elitist  5.1872674E-04 feasible? T
gen   2000/6000      elitist  5.1872674E-04 feasible? T
gen   2100/6000      elitist  5.1872674E-04 feasible? T
gen   2200/6000      elitist  5.1872674E-04 feasible? T
gen   2300/6000      elitist  5.1872674E-04 feasible? T
gen   2400/6000      elitist  5.1872674E-04 feasible? T
gen   2500/6000      elitist  5.1872674E-04 feasible? T
gen   2600/6000      elitist  5.1872674E-04 feasible? T
gen   2700/6000      elitist  5.1872674E-04 feasible? T
gen   2800/6000      elitist  5.1872674E-04 feasible? T
gen   2900/6000      elitist  5.1872674E-04 feasible? T
gen   3000/6000      elitist  5.1872674E-04 feasible? T
gen   3100/6000      elitist  5.1872674E-04 feasible? T
gen   3200/6000      elitist  5.1872674E-04 feasible? T
gen   3300/6000      elitist  5.1872674E-04 feasible? T
gen   3400/6000      elitist  5.1872674E-04 feasible? T
gen   3500/6000      elitist  5.1872674E-04 feasible? T
gen   3600/6000      elitist  5.1872674E-04 feasible? T
gen   3700/6000      elitist  5.1872674E-04 feasible? T
gen   3800/6000      elitist  5.1872674E-04 feasible? T
gen   3900/6000      elitist  5.1872674E-04 feasible? T
gen   4000/6000      elitist  5.1872674E-04 feasible? T
gen   4100/6000      elitist  5.1872674E-04 feasible? T
gen   4200/6000      elitist  5.1872674E-04 feasible? T
gen   4300/6000      elitist  5.1872674E-04 feasible? T
gen   4400/6000      elitist  5.1872674E-04 feasible? T
gen   4500/6000      elitist  5.1872674E-04 feasible? T
gen   4600/6000      elitist  5.1872674E-04 feasible? T
gen   4700/6000      elitist  5.1872674E-04 feasible? T
gen   4800/6000      elitist  5.1872674E-04 feasible? T
gen   4900/6000      elitist  5.1872674E-04 feasible? T
gen   5000/6000      elitist  5.1872674E-04 feasible? T
gen   5100/6000      elitist  5.1872674E-04 feasible? T
gen   5200/6000      elitist  5.1872674E-04 feasible? T
gen   5300/6000      elitist  5.1872674E-04 feasible? T
gen   5400/6000      elitist  5.1872674E-04 feasible? T
gen   5500/6000      elitist  5.1872674E-04 feasible? T
gen   5600/6000      elitist  5.1872674E-04 feasible? T
gen   5700/6000      elitist  5.1872674E-04 feasible? T
gen   5800/6000      elitist  5.1872674E-04 feasible? T
gen   5900/6000      elitist  5.1872674E-04 feasible? T
gen   6000/6000      elitist  5.1872674E-04 feasible? T
Starting local simplex optimization:
Solution before refinement:      5.1872673660E-04
Exiting simplex optimization after   370 iterations
Solution after  refinement:      5.1872673660E-04
RMSE         5.187267366E-04 Hartree
NEW BEST!

Starting fitting procedure for 3 charges, trial 2
gen      0/6000      elitist  5.3405856E-03 feasible? T
gen    100/6000      elitist  1.6727163E-03 feasible? T
gen    200/6000      elitist  7.4839827E-04 feasible? T
gen    300/6000      elitist  6.3850585E-04 feasible? T
gen    400/6000      elitist  6.3640585E-04 feasible? T
gen    500/6000      elitist  6.3628927E-04 feasible? T
gen    600/6000      elitist  6.3628241E-04 feasible? T
gen    700/6000      elitist  6.3628215E-04 feasible? T
population converged towards a single solution after 750 generations.
Starting local simplex optimization:
Solution before refinement:      6.3628213634E-04
 performing expansion, best =    6.3628213633642496E-004
 performing expansion, best =    6.3628213616385423E-004
 performing expansion, best =    6.3628213596233422E-004
Exiting simplex optimization after   472 iterations
Solution after  refinement:      6.3628213596E-04
RMSE         6.362821360E-04 Hartree

Starting fitting procedure for 3 charges, trial 3
gen      0/6000      elitist  9.0957461E-03 feasible? T
gen    100/6000      elitist  8.3167567E-04 feasible? T
gen    200/6000      elitist  5.8145596E-04 feasible? T
gen    300/6000      elitist  5.4013333E-04 feasible? T
gen    400/6000      elitist  5.2310991E-04 feasible? T
gen    500/6000      elitist  5.1918335E-04 feasible? T
gen    600/6000      elitist  5.1873883E-04 feasible? T
gen    700/6000      elitist  5.1872685E-04 feasible? T
population converged towards a single solution after 776 generations.
Starting local simplex optimization:
Solution before refinement:      5.1872673840E-04
 performing expansion, best =    5.1872673828643747E-004
 performing expansion, best =    5.1872673806398640E-004
Exiting simplex optimization after   371 iterations
Solution after  refinement:      5.1872673806E-04
RMSE         5.187267381E-04 Hartree

Starting fitting procedure for 3 charges, trial 4
gen      0/6000      elitist  2.5790030E-03 feasible? T
gen    100/6000      elitist  1.1993136E-03 feasible? T
gen    200/6000      elitist  8.2805675E-04 feasible? T
gen    300/6000      elitist  7.9860886E-04 feasible? T
gen    400/6000      elitist  7.9711939E-04 feasible? T
gen    500/6000      elitist  7.9676086E-04 feasible? T
gen    600/6000      elitist  7.9667066E-04 feasible? T
gen    700/6000      elitist  7.9666635E-04 feasible? T
gen    800/6000      elitist  7.9666620E-04 feasible? T
population converged towards a single solution after 857 generations.
Starting local simplex optimization:
Solution before refinement:      7.9666619704E-04
 performing expansion, best =    7.9666619674877083E-004
 performing expansion, best =    7.9666619672375493E-004
 performing expansion, best =    7.9666619661737811E-004
 performing expansion, best =    7.9666619639783356E-004
Exiting simplex optimization after   476 iterations
Solution after  refinement:      7.9666619640E-04
RMSE         7.966661964E-04 Hartree

Best found solution for 3 charges:
        RMSE         4.999152082E-01 kcal/mol
         MAE         2.205832860E-01 kcal/mol
     max. AE         2.551273800E+00 kcal/mol

       x[bohr]       y[bohr]       z[bohr]          q[e]
    -1.4727940    -1.4534346     0.1525205    -1.0000000
    -1.7113169    -2.5528372     0.0880182     0.4464125
    -0.9337317    -0.9875075     0.1604264     0.5526578

