Running in fitting mode

Reading "/home/boittier/pydcm/models/water_2_2_2/ref/2_2_2_new.com.chk.p.cube"...

  mol.pdb Potential
  Electrostatic potential from Total SCF Density
    3   -4.970736   -4.970736   -4.749478
   80    0.125841    0.000000    0.000000
   80    0.000000    0.125841    0.000000
   80    0.000000    0.000000    0.125841
    8    8.000000    0.000000    0.000000    0.221258
    1    1.000000    0.000000    1.442786   -0.885031
    1    1.000000    0.000000   -1.442786   -0.885031
  1.27163E-04 -3.15024E-04 -7.59094E-04 -1.20336E-03 -1.64614E-03 -2.08575E-03
       .            .            .            .            .            .
       .            .            .            .            .            .
       .            .            .            .            .            .
 -2.52054E-03 -2.94893E-03 -3.36939E-03 -3.78046E-03 -4.18079E-03 -4.56912E-03

333541 out of 512000 gridpoints are considered ( 65.1%).

...done!




USING GREEDY MODE
File "multipole1_1charges.xyz" already exists. Fitting procedure is skipped.
File "multipole1_2charges.xyz" already exists. Fitting procedure is skipped.
File "multipole1_3charges.xyz" already exists. Fitting procedure is skipped.
File "multipole1_4charges.xyz" already exists. Fitting procedure is skipped.
Fragment fit detected
Fitting to MTP grid, discarding reference MEP cube data
Subsequent stats etc. are compared to MTP data, not the
MEP from the reference cube file
Total fragment charge (a.u.):        -4.329847594E-01
Running DE in parallel with 1 thread(s)!

Starting fitting procedure for 3 charges, trial 1
gen      0/6000      elitist  2.9021983E-03 feasible? T
gen    100/6000      elitist  9.5299883E-04 feasible? T
gen    200/6000      elitist  9.5232185E-04 feasible? T
gen    300/6000      elitist  9.5229553E-04 feasible? T
gen    400/6000      elitist  9.5229553E-04 feasible? T
gen    500/6000      elitist  9.5229443E-04 feasible? T
gen    600/6000      elitist  9.5229270E-04 feasible? T
gen    700/6000      elitist  9.5229270E-04 feasible? T
gen    800/6000      elitist  9.5228485E-04 feasible? T
gen    900/6000      elitist  9.5228476E-04 feasible? T
gen   1000/6000      elitist  9.5228473E-04 feasible? T
gen   1100/6000      elitist  9.5228465E-04 feasible? T
gen   1200/6000      elitist  9.5228463E-04 feasible? T
gen   1300/6000      elitist  9.5228438E-04 feasible? T
gen   1400/6000      elitist  9.5228332E-04 feasible? T
gen   1500/6000      elitist  9.5228303E-04 feasible? T
gen   1600/6000      elitist  9.5228284E-04 feasible? T
gen   1700/6000      elitist  9.5228262E-04 feasible? T
gen   1800/6000      elitist  9.5228261E-04 feasible? T
gen   1900/6000      elitist  9.5228261E-04 feasible? T
gen   2000/6000      elitist  9.5228261E-04 feasible? T
gen   2100/6000      elitist  9.5228261E-04 feasible? T
gen   2200/6000      elitist  9.5228261E-04 feasible? T
gen   2300/6000      elitist  9.5228261E-04 feasible? T
gen   2400/6000      elitist  9.5228261E-04 feasible? T
gen   2500/6000      elitist  9.5228261E-04 feasible? T
gen   2600/6000      elitist  9.5228261E-04 feasible? T
gen   2700/6000      elitist  9.5228261E-04 feasible? T
gen   2800/6000      elitist  9.5228261E-04 feasible? T
gen   2900/6000      elitist  9.5228261E-04 feasible? T
gen   3000/6000      elitist  9.5228261E-04 feasible? T
gen   3100/6000      elitist  9.5228261E-04 feasible? T
gen   3200/6000      elitist  9.5228261E-04 feasible? T
gen   3300/6000      elitist  9.5228261E-04 feasible? T
gen   3400/6000      elitist  9.5228261E-04 feasible? T
gen   3500/6000      elitist  9.5228261E-04 feasible? T
gen   3600/6000      elitist  9.5228261E-04 feasible? T
gen   3700/6000      elitist  9.5228261E-04 feasible? T
gen   3800/6000      elitist  9.5228261E-04 feasible? T
gen   3900/6000      elitist  9.5228261E-04 feasible? T
gen   4000/6000      elitist  9.5228261E-04 feasible? T
gen   4100/6000      elitist  9.5228261E-04 feasible? T
gen   4200/6000      elitist  9.5228261E-04 feasible? T
gen   4300/6000      elitist  9.5228261E-04 feasible? T
population converged towards a single solution after 4347 generations.
Starting local simplex optimization:
Solution before refinement:      9.5228260808E-04
Exiting simplex optimization after   369 iterations
Solution after  refinement:      9.5228260808E-04
RMSE         9.522826081E-04 Hartree
NEW BEST!

Starting fitting procedure for 3 charges, trial 2
gen      0/6000      elitist  9.6360920E-04 feasible? T
gen    100/6000      elitist  9.5238104E-04 feasible? T
gen    200/6000      elitist  9.5228310E-04 feasible? T
gen    300/6000      elitist  9.5228261E-04 feasible? T
population converged towards a single solution after 315 generations.
Starting local simplex optimization:
Solution before refinement:      9.5228260871E-04
 performing expansion, best =    9.5228260847463660E-004
 performing expansion, best =    9.5228260842712068E-004
Exiting simplex optimization after   355 iterations
Solution after  refinement:      9.5228260843E-04
RMSE         9.522826084E-04 Hartree

Starting fitting procedure for 3 charges, trial 3
gen      0/6000      elitist  1.2376516E-03 feasible? T
gen    100/6000      elitist  9.5497062E-04 feasible? T
gen    200/6000      elitist  9.5228653E-04 feasible? T
gen    300/6000      elitist  9.5228263E-04 feasible? T
population converged towards a single solution after 354 generations.
Starting local simplex optimization:
Solution before refinement:      9.5228260994E-04
 performing expansion, best =    9.5228260986190028E-004
 performing expansion, best =    9.5228260949874828E-004
Exiting simplex optimization after   369 iterations
Solution after  refinement:      9.5228260950E-04
RMSE         9.522826095E-04 Hartree

Starting fitting procedure for 3 charges, trial 4
gen      0/6000      elitist  1.1625418E-03 feasible? T
gen    100/6000      elitist  9.5710770E-04 feasible? T
gen    200/6000      elitist  9.5238550E-04 feasible? T
gen    300/6000      elitist  9.5228326E-04 feasible? T
gen    400/6000      elitist  9.5228261E-04 feasible? T
population converged towards a single solution after 437 generations.
Starting local simplex optimization:
Solution before refinement:      9.5228260923E-04
 performing expansion, best =    9.5228260921507827E-004
 performing expansion, best =    9.5228260901056641E-004
Exiting simplex optimization after   377 iterations
Solution after  refinement:      9.5228260901E-04
RMSE         9.522826090E-04 Hartree

Best found solution for 3 charges:
        RMSE         5.975659077E-01 kcal/mol
         MAE         4.267758440E-01 kcal/mol
     max. AE         2.984532886E+00 kcal/mol

       x[bohr]       y[bohr]       z[bohr]          q[e]
     0.6828040    -0.1750609     0.7847653    -0.7165678
     0.0000526    -0.2570654     0.6722292     1.0000000
    -0.6828925    -0.1750475     0.7847579    -0.7164170

