Running in generate mode

Reading "/home/boittier/pydcm/models/co2/ref/co2.chk.p.cube"...

  amide1.pdb Potential
  Electrostatic potential from Total SCF Density
    3   -6.512752   -6.512752   -7.164323
   78    0.170204    0.000000    0.000000
   78    0.000000    0.170204    0.000000
   85    0.000000    0.000000    0.170204
    6    6.000000    0.000000    0.000000   -0.000001
    8    8.000000    0.000000    0.000000    2.193588
    8    8.000000    0.000000    0.000000   -2.193587
  4.76531E-03  4.87584E-03  4.96386E-03  5.02825E-03  5.06816E-03  5.08308E-03
       .            .            .            .            .            .
       .            .            .            .            .            .
       .            .            .            .            .            .
  4.69027E-03  4.94112E-03  4.97991E-03  4.99441E-03  4.98443E-03  4.95010E-03

265663 out of 517140 gridpoints are considered ( 51.4%).

...done!

 writing cube file ditriantapole_expansion.cube                                                                                                                                                                                                                                                                                                                                                                                                                                                                                                                                                                                                                                                                                                                                                                                                                                                                                                                                                                                                                                    
Written cubefile and slice data
