Running in fitting mode

Reading "/home/boittier/pydcm/models/amide1/ref/amide1.pdb.chk.p.cube"...

Running in fitting mode

Reading "/home/boittier/pydcm/models/amide1/ref/amide1.pdb.chk.p.cube"...

Running in fitting mode

Reading "/home/boittier/pydcm/models/amide1/ref/amide1.pdb.chk.p.cube"...

  amide1.pdb Potential
  Electrostatic potential from Total SCF Density
  amide1.pdb Potential
  Electrostatic potential from Total SCF Density
   12  -10.223254   -7.531078   -6.514600
  102    0.200530    0.000000    0.000000
   76    0.000000    0.200530    0.000000
   66    0.000000    0.000000    0.200530
   12  -10.223254   -7.531078   -6.514600
  102    0.200530    0.000000    0.000000
   76    0.000000    0.200530    0.000000
   66    0.000000    0.000000    0.200530
    6    6.000000    3.459052   -1.018326   -0.001098
    6    6.000000    0.912949    0.306382    0.002044
    1    1.000000    4.539280   -0.375166    1.634531
    1    1.000000   -0.922347   -3.113256    0.004047
    1    1.000000    3.325783   -3.077563    0.045150
    1    1.000000   -4.034328    0.971752    1.669280
    1    1.000000   -4.025496    0.977610   -1.670480
    7    7.000000   -1.159429   -1.226811    0.002654
    6    6.000000    3.459052   -1.018326   -0.001098
    6    6.000000    0.912949    0.306382    0.002044
    8    8.000000    0.727988    2.607744    0.000511
    6    6.000000   -3.710502   -0.196658   -0.001848
    1    1.000000    4.496715   -0.449918   -1.691790
    1    1.000000    4.539280   -0.375166    1.634531
    1    1.000000   -0.922347   -3.113256    0.004047
    1    1.000000    3.325783   -3.077563    0.045150
    1    1.000000   -5.056509   -1.756118   -0.007992
    1    1.000000   -4.034328    0.971752    1.669280
    1    1.000000   -4.025496    0.977610   -1.670480
    7    7.000000   -1.159429   -1.226811    0.002654
    8    8.000000    0.727988    2.607744    0.000511
    6    6.000000   -3.710502   -0.196658   -0.001848
    1    1.000000    4.496715   -0.449918   -1.691790
    1    1.000000   -5.056509   -1.756118   -0.007992
Running in fitting mode

Reading "/home/boittier/pydcm/models/amide1/ref/amide1.pdb.chk.p.cube"...

  amide1.pdb Potential
  Electrostatic potential from Total SCF Density
Running in fitting mode

Reading "/home/boittier/pydcm/models/amide1/ref/amide1.pdb.chk.p.cube"...

   12  -10.223254   -7.531078   -6.514600
  102    0.200530    0.000000    0.000000
   76    0.000000    0.200530    0.000000
   66    0.000000    0.000000    0.200530
    6    6.000000    3.459052   -1.018326   -0.001098
    6    6.000000    0.912949    0.306382    0.002044
    1    1.000000    4.539280   -0.375166    1.634531
    1    1.000000   -0.922347   -3.113256    0.004047
    1    1.000000    3.325783   -3.077563    0.045150
    1    1.000000   -4.034328    0.971752    1.669280
    1    1.000000   -4.025496    0.977610   -1.670480
    7    7.000000   -1.159429   -1.226811    0.002654
    8    8.000000    0.727988    2.607744    0.000511
    6    6.000000   -3.710502   -0.196658   -0.001848
    1    1.000000    4.496715   -0.449918   -1.691790
    1    1.000000   -5.056509   -1.756118   -0.007992
  amide1.pdb Potential
  Electrostatic potential from Total SCF Density
Running in fitting mode

   12  -10.223254   -7.531078   -6.514600
  102    0.200530    0.000000    0.000000
   76    0.000000    0.200530    0.000000
   66    0.000000    0.000000    0.200530
Reading "/home/boittier/pydcm/models/amide1/ref/amide1.pdb.chk.p.cube"...

    6    6.000000    3.459052   -1.018326   -0.001098
    6    6.000000    0.912949    0.306382    0.002044
    1    1.000000    4.539280   -0.375166    1.634531
    1    1.000000   -0.922347   -3.113256    0.004047
    1    1.000000    3.325783   -3.077563    0.045150
    1    1.000000   -4.034328    0.971752    1.669280
    1    1.000000   -4.025496    0.977610   -1.670480
    7    7.000000   -1.159429   -1.226811    0.002654
    8    8.000000    0.727988    2.607744    0.000511
    6    6.000000   -3.710502   -0.196658   -0.001848
    1    1.000000    4.496715   -0.449918   -1.691790
    1    1.000000   -5.056509   -1.756118   -0.007992
  amide1.pdb Potential
  Electrostatic potential from Total SCF Density
   12  -10.223254   -7.531078   -6.514600
  102    0.200530    0.000000    0.000000
   76    0.000000    0.200530    0.000000
   66    0.000000    0.000000    0.200530
Running in fitting mode

Reading "/home/boittier/pydcm/models/amide1/ref/amide1.pdb.chk.p.cube"...

    6    6.000000    3.459052   -1.018326   -0.001098
    6    6.000000    0.912949    0.306382    0.002044
    1    1.000000    4.539280   -0.375166    1.634531
    1    1.000000   -0.922347   -3.113256    0.004047
    1    1.000000    3.325783   -3.077563    0.045150
    1    1.000000   -4.034328    0.971752    1.669280
    1    1.000000   -4.025496    0.977610   -1.670480
    7    7.000000   -1.159429   -1.226811    0.002654
    8    8.000000    0.727988    2.607744    0.000511
    6    6.000000   -3.710502   -0.196658   -0.001848
    1    1.000000    4.496715   -0.449918   -1.691790
    1    1.000000   -5.056509   -1.756118   -0.007992
  amide1.pdb Potential
  Electrostatic potential from Total SCF Density
Running in fitting mode

Reading "/home/boittier/pydcm/models/amide1/ref/amide1.pdb.chk.p.cube"...

   12  -10.223254   -7.531078   -6.514600
  102    0.200530    0.000000    0.000000
   76    0.000000    0.200530    0.000000
   66    0.000000    0.000000    0.200530
    6    6.000000    3.459052   -1.018326   -0.001098
    6    6.000000    0.912949    0.306382    0.002044
    1    1.000000    4.539280   -0.375166    1.634531
    1    1.000000   -0.922347   -3.113256    0.004047
    1    1.000000    3.325783   -3.077563    0.045150
    1    1.000000   -4.034328    0.971752    1.669280
    1    1.000000   -4.025496    0.977610   -1.670480
    7    7.000000   -1.159429   -1.226811    0.002654
    8    8.000000    0.727988    2.607744    0.000511
    6    6.000000   -3.710502   -0.196658   -0.001848
    1    1.000000    4.496715   -0.449918   -1.691790
  amide1.pdb Potential
  Electrostatic potential from Total SCF Density
    1    1.000000   -5.056509   -1.756118   -0.007992
   12  -10.223254   -7.531078   -6.514600
  102    0.200530    0.000000    0.000000
   76    0.000000    0.200530    0.000000
   66    0.000000    0.000000    0.200530
    6    6.000000    3.459052   -1.018326   -0.001098
    6    6.000000    0.912949    0.306382    0.002044
    1    1.000000    4.539280   -0.375166    1.634531
    1    1.000000   -0.922347   -3.113256    0.004047
    1    1.000000    3.325783   -3.077563    0.045150
    1    1.000000   -4.034328    0.971752    1.669280
    1    1.000000   -4.025496    0.977610   -1.670480
    7    7.000000   -1.159429   -1.226811    0.002654
    8    8.000000    0.727988    2.607744    0.000511
    6    6.000000   -3.710502   -0.196658   -0.001848
    1    1.000000    4.496715   -0.449918   -1.691790
    1    1.000000   -5.056509   -1.756118   -0.007992
  amide1.pdb Potential
  Electrostatic potential from Total SCF Density
   12  -10.223254   -7.531078   -6.514600
  102    0.200530    0.000000    0.000000
   76    0.000000    0.200530    0.000000
   66    0.000000    0.000000    0.200530
    6    6.000000    3.459052   -1.018326   -0.001098
    6    6.000000    0.912949    0.306382    0.002044
    1    1.000000    4.539280   -0.375166    1.634531
    1    1.000000   -0.922347   -3.113256    0.004047
    1    1.000000    3.325783   -3.077563    0.045150
    1    1.000000   -4.034328    0.971752    1.669280
    1    1.000000   -4.025496    0.977610   -1.670480
    7    7.000000   -1.159429   -1.226811    0.002654
    8    8.000000    0.727988    2.607744    0.000511
    6    6.000000   -3.710502   -0.196658   -0.001848
    1    1.000000    4.496715   -0.449918   -1.691790
    1    1.000000   -5.056509   -1.756118   -0.007992
  3.75514E-03  2.92527E-03  2.10324E-03  1.35913E-03  7.51535E-04  3.23757E-04
       .            .            .            .            .            .
       .            .            .            .            .            .
       .            .            .            .            .            .
 -2.03174E-03 -2.10994E-03 -2.13120E-03 -2.09332E-03 -1.99729E-03 -1.84729E-03

111319 out of 511632 gridpoints are considered ( 21.8%).

...done!




USING GREEDY MODE
  3.75514E-03  2.92527E-03  2.10324E-03  1.35913E-03  7.51535E-04  3.23757E-04
       .            .            .            .            .            .
       .            .            .            .            .            .
       .            .            .            .            .            .
 -2.03174E-03 -2.10994E-03 -2.13120E-03 -2.09332E-03 -1.99729E-03 -1.84729E-03

111319 out of 511632 gridpoints are considered ( 21.8%).

...done!




USING GREEDY MODE
  3.75514E-03  2.92527E-03  2.10324E-03  1.35913E-03  7.51535E-04  3.23757E-04
       .            .            .            .            .            .
       .            .            .            .            .            .
       .            .            .            .            .            .
 -2.03174E-03 -2.10994E-03 -2.13120E-03 -2.09332E-03 -1.99729E-03 -1.84729E-03

111319 out of 511632 gridpoints are considered ( 21.8%).

...done!




USING GREEDY MODE
  3.75514E-03  2.92527E-03  2.10324E-03  1.35913E-03  7.51535E-04  3.23757E-04
       .            .            .            .            .            .
       .            .            .            .            .            .
       .            .            .            .            .            .
 -2.03174E-03 -2.10994E-03 -2.13120E-03 -2.09332E-03 -1.99729E-03 -1.84729E-03

111319 out of 511632 gridpoints are considered ( 21.8%).

...done!




USING GREEDY MODE
  3.75514E-03  2.92527E-03  2.10324E-03  1.35913E-03  7.51535E-04  3.23757E-04
       .            .            .            .            .            .
       .            .            .            .            .            .
       .            .            .            .            .            .
 -2.03174E-03 -2.10994E-03 -2.13120E-03 -2.09332E-03 -1.99729E-03 -1.84729E-03

111319 out of 511632 gridpoints are considered ( 21.8%).

...done!




USING GREEDY MODE
  3.75514E-03  2.92527E-03  2.10324E-03  1.35913E-03  7.51535E-04  3.23757E-04
       .            .            .            .            .            .
       .            .            .            .            .            .
       .            .            .            .            .            .
 -2.03174E-03 -2.10994E-03 -2.13120E-03 -2.09332E-03 -1.99729E-03 -1.84729E-03

111319 out of 511632 gridpoints are considered ( 21.8%).

...done!




USING GREEDY MODE
  3.75514E-03  2.92527E-03  2.10324E-03  1.35913E-03  7.51535E-04  3.23757E-04
       .            .            .            .            .            .
       .            .            .            .            .            .
       .            .            .            .            .            .
 -2.03174E-03 -2.10994E-03 -2.13120E-03 -2.09332E-03 -1.99729E-03 -1.84729E-03

111319 out of 511632 gridpoints are considered ( 21.8%).

...done!




USING GREEDY MODE
  3.75514E-03  2.92527E-03  2.10324E-03  1.35913E-03  7.51535E-04  3.23757E-04
       .            .            .            .            .            .
       .            .            .            .            .            .
       .            .            .            .            .            .
 -2.03174E-03 -2.10994E-03 -2.13120E-03 -2.09332E-03 -1.99729E-03 -1.84729E-03

111319 out of 511632 gridpoints are considered ( 21.8%).

...done!




USING GREEDY MODE
File "multipole2_1charges.xyz" already exists. Fitting procedure is skipped.
File "multipole2_2charges.xyz" already exists. Fitting procedure is skipped.
File "multipole2_1charges.xyz" already exists. Fitting procedure is skipped.
File "multipole2_3charges.xyz" already exists. Fitting procedure is skipped.
File "multipole2_2charges.xyz" already exists. Fitting procedure is skipped.
File "multipole2_4charges.xyz" already exists. Fitting procedure is skipped.
File "multipole2_3charges.xyz" already exists. Fitting procedure is skipped.
File "multipole2_1charges.xyz" already exists. Fitting procedure is skipped.
File "multipole2_4charges.xyz" already exists. Fitting procedure is skipped.
File "multipole2_2charges.xyz" already exists. Fitting procedure is skipped.
File "multipole2_3charges.xyz" already exists. Fitting procedure is skipped.
File "multipole2_4charges.xyz" already exists. Fitting procedure is skipped.
File "multipole2_1charges.xyz" already exists. Fitting procedure is skipped.
File "multipole2_1charges.xyz" already exists. Fitting procedure is skipped.
File "multipole2_2charges.xyz" already exists. Fitting procedure is skipped.
File "multipole2_2charges.xyz" already exists. Fitting procedure is skipped.
File "multipole2_1charges.xyz" already exists. Fitting procedure is skipped.
File "multipole2_1charges.xyz" already exists. Fitting procedure is skipped.
File "multipole2_3charges.xyz" already exists. Fitting procedure is skipped.
File "multipole2_3charges.xyz" already exists. Fitting procedure is skipped.
File "multipole2_2charges.xyz" already exists. Fitting procedure is skipped.
File "multipole2_2charges.xyz" already exists. Fitting procedure is skipped.
File "multipole2_4charges.xyz" already exists. Fitting procedure is skipped.
File "multipole2_4charges.xyz" already exists. Fitting procedure is skipped.
File "multipole2_3charges.xyz" already exists. Fitting procedure is skipped.
File "multipole2_3charges.xyz" already exists. Fitting procedure is skipped.
File "multipole2_4charges.xyz" already exists. Fitting procedure is skipped.
File "multipole2_4charges.xyz" already exists. Fitting procedure is skipped.
File "multipole2_1charges.xyz" already exists. Fitting procedure is skipped.
File "multipole2_2charges.xyz" already exists. Fitting procedure is skipped.
File "multipole2_3charges.xyz" already exists. Fitting procedure is skipped.
File "multipole2_4charges.xyz" already exists. Fitting procedure is skipped.
File "multipole9_1charges.xyz" already exists. Fitting procedure is skipped.
File "multipole9_1charges.xyz" already exists. Fitting procedure is skipped.
File "multipole9_2charges.xyz" already exists. Fitting procedure is skipped.
File "multipole9_2charges.xyz" already exists. Fitting procedure is skipped.
File "multipole9_3charges.xyz" already exists. Fitting procedure is skipped.
File "multipole9_1charges.xyz" already exists. Fitting procedure is skipped.
File "multipole9_3charges.xyz" already exists. Fitting procedure is skipped.
File "multipole9_2charges.xyz" already exists. Fitting procedure is skipped.
File "multipole9_4charges.xyz" already exists. Fitting procedure is skipped.
File "multipole9_4charges.xyz" already exists. Fitting procedure is skipped.
File "multipole9_3charges.xyz" already exists. Fitting procedure is skipped.
File "multipole9_4charges.xyz" already exists. Fitting procedure is skipped.
Fragment fit detected
Fitting to MTP grid, discarding reference MEP cube data
Subsequent stats etc. are compared to MTP data, not the
MEP from the reference cube file
Fragment fit detected
Fitting to MTP grid, discarding reference MEP cube data
Subsequent stats etc. are compared to MTP data, not the
MEP from the reference cube file
Fragment fit detected
Fitting to MTP grid, discarding reference MEP cube data
Subsequent stats etc. are compared to MTP data, not the
MEP from the reference cube file
File "multipole9_1charges.xyz" already exists. Fitting procedure is skipped.
File "multipole9_2charges.xyz" already exists. Fitting procedure is skipped.
File "multipole9_3charges.xyz" already exists. Fitting procedure is skipped.
File "multipole9_4charges.xyz" already exists. Fitting procedure is skipped.
File "multipole9_1charges.xyz" already exists. Fitting procedure is skipped.
File "multipole9_2charges.xyz" already exists. Fitting procedure is skipped.
Fragment fit detected
Fitting to MTP grid, discarding reference MEP cube data
Subsequent stats etc. are compared to MTP data, not the
MEP from the reference cube file
File "multipole9_1charges.xyz" already exists. Fitting procedure is skipped.
File "multipole9_1charges.xyz" already exists. Fitting procedure is skipped.
File "multipole9_3charges.xyz" already exists. Fitting procedure is skipped.
File "multipole9_2charges.xyz" already exists. Fitting procedure is skipped.
File "multipole9_2charges.xyz" already exists. Fitting procedure is skipped.
File "multipole9_3charges.xyz" already exists. Fitting procedure is skipped.
File "multipole9_4charges.xyz" already exists. Fitting procedure is skipped.
File "multipole9_3charges.xyz" already exists. Fitting procedure is skipped.
File "multipole9_4charges.xyz" already exists. Fitting procedure is skipped.
File "multipole9_4charges.xyz" already exists. Fitting procedure is skipped.
Fragment fit detected
Fitting to MTP grid, discarding reference MEP cube data
Subsequent stats etc. are compared to MTP data, not the
MEP from the reference cube file
Fragment fit detected
Fitting to MTP grid, discarding reference MEP cube data
Subsequent stats etc. are compared to MTP data, not the
MEP from the reference cube file
Fragment fit detected
Fitting to MTP grid, discarding reference MEP cube data
Subsequent stats etc. are compared to MTP data, not the
MEP from the reference cube file
File "multipole9_1charges.xyz" already exists. Fitting procedure is skipped.
File "multipole9_2charges.xyz" already exists. Fitting procedure is skipped.
File "multipole9_3charges.xyz" already exists. Fitting procedure is skipped.
File "multipole9_4charges.xyz" already exists. Fitting procedure is skipped.
Fragment fit detected
Fitting to MTP grid, discarding reference MEP cube data
Subsequent stats etc. are compared to MTP data, not the
MEP from the reference cube file
Total fragment charge (a.u.):         1.080647797E-01
Running DE in parallel with 8 thread(s)!

Starting fitting procedure for 3 charges, trial 1
Total fragment charge (a.u.):         1.080647797E-01
Running DE in parallel with 8 thread(s)!

Starting fitting procedure for 3 charges, trial 1
Total fragment charge (a.u.):         1.080647797E-01
Running DE in parallel with 8 thread(s)!

Starting fitting procedure for 3 charges, trial 1
Total fragment charge (a.u.):         1.080647797E-01
Running DE in parallel with 8 thread(s)!

Starting fitting procedure for 3 charges, trial 1
Total fragment charge (a.u.):         1.080647797E-01
Running DE in parallel with 8 thread(s)!

Starting fitting procedure for 3 charges, trial 1
Total fragment charge (a.u.):         1.080647797E-01
Running DE in parallel with 8 thread(s)!

Starting fitting procedure for 3 charges, trial 1
Total fragment charge (a.u.):         1.080647797E-01
Running DE in parallel with 8 thread(s)!

Starting fitting procedure for 3 charges, trial 1
Total fragment charge (a.u.):         1.080647797E-01
Running DE in parallel with 8 thread(s)!

Starting fitting procedure for 3 charges, trial 1
gen      0/6000      elitist  1.3588369E-03 feasible? T
gen      0/6000      elitist  2.1178597E-03 feasible? T
gen      0/6000      elitist  1.3518225E-03 feasible? T
gen      0/6000      elitist  1.3518225E-03 feasible? T
gen      0/6000      elitist  2.1178597E-03 feasible? T
gen      0/6000      elitist  1.3518225E-03 feasible? T
gen      0/6000      elitist  1.3518225E-03 feasible? T
gen      0/6000      elitist  1.9459324E-03 feasible? T
gen    100/6000      elitist  9.1560922E-04 feasible? T
gen    100/6000      elitist  9.3116230E-04 feasible? T
gen    100/6000      elitist  9.0984642E-04 feasible? T
gen    100/6000      elitist  8.8802228E-04 feasible? T
gen    100/6000      elitist  8.7941880E-04 feasible? T
gen    100/6000      elitist  9.1439157E-04 feasible? T
gen    100/6000      elitist  9.4338404E-04 feasible? T
gen    100/6000      elitist  1.3796316E-03 feasible? T
gen    200/6000      elitist  8.3707874E-04 feasible? T
gen    200/6000      elitist  8.3383121E-04 feasible? T
gen    200/6000      elitist  8.4610015E-04 feasible? T
gen    200/6000      elitist  8.5023862E-04 feasible? T
gen    200/6000      elitist  8.2965919E-04 feasible? T
gen    200/6000      elitist  8.3758654E-04 feasible? T
gen    200/6000      elitist  8.3690376E-04 feasible? T
gen    200/6000      elitist  1.2970108E-03 feasible? T
gen    300/6000      elitist  8.2938755E-04 feasible? T
gen    300/6000      elitist  8.2964469E-04 feasible? T
gen    300/6000      elitist  8.3300480E-04 feasible? T
gen    300/6000      elitist  8.2951934E-04 feasible? T
gen    300/6000      elitist  8.3016342E-04 feasible? T
gen    300/6000      elitist  8.3008741E-04 feasible? T
gen    300/6000      elitist  8.2938242E-04 feasible? T
gen    300/6000      elitist  1.2848203E-03 feasible? T
gen    400/6000      elitist  8.2952963E-04 feasible? T
gen    400/6000      elitist  8.3130993E-04 feasible? T
gen    400/6000      elitist  8.2919236E-04 feasible? T
gen    400/6000      elitist  8.2918214E-04 feasible? T
gen    400/6000      elitist  8.2917205E-04 feasible? T
gen    400/6000      elitist  8.2924248E-04 feasible? T
gen    400/6000      elitist  8.2915368E-04 feasible? T
gen    400/6000      elitist  1.2833401E-03 feasible? T
gen    500/6000      elitist  8.2952785E-04 feasible? T
gen    500/6000      elitist  8.2915476E-04 feasible? T
gen    500/6000      elitist  8.3062289E-04 feasible? T
gen    500/6000      elitist  8.2913556E-04 feasible? T
gen    500/6000      elitist  8.2913671E-04 feasible? T
gen    500/6000      elitist  8.2914251E-04 feasible? T
gen    500/6000      elitist  8.2923946E-04 feasible? T
gen    500/6000      elitist  1.2831308E-03 feasible? T
gen    600/6000      elitist  8.2946252E-04 feasible? T
gen    600/6000      elitist  8.2914747E-04 feasible? T
gen    600/6000      elitist  8.2913269E-04 feasible? T
gen    600/6000      elitist  8.3043364E-04 feasible? T
gen    600/6000      elitist  8.2913348E-04 feasible? T
gen    600/6000      elitist  8.2923345E-04 feasible? T
gen    600/6000      elitist  8.2914213E-04 feasible? T
gen    600/6000      elitist  1.2831183E-03 feasible? T
gen    700/6000      elitist  8.2945199E-04 feasible? T
gen    700/6000      elitist  8.2914747E-04 feasible? T
gen    700/6000      elitist  8.2913258E-04 feasible? T
gen    700/6000      elitist  8.3040699E-04 feasible? T
gen    700/6000      elitist  8.2913225E-04 feasible? T
gen    700/6000      elitist  8.2921344E-04 feasible? T
gen    700/6000      elitist  8.2914184E-04 feasible? T
gen    700/6000      elitist  1.2831172E-03 feasible? T
gen    800/6000      elitist  8.2938987E-04 feasible? T
gen    800/6000      elitist  8.2913256E-04 feasible? T
gen    800/6000      elitist  8.2914691E-04 feasible? T
gen    800/6000      elitist  8.3036772E-04 feasible? T
gen    800/6000      elitist  8.2921344E-04 feasible? T
gen    800/6000      elitist  8.2913219E-04 feasible? T
gen    800/6000      elitist  8.2914164E-04 feasible? T
gen    800/6000      elitist  1.2831171E-03 feasible? T
gen    900/6000      elitist  8.2914998E-04 feasible? T
gen    900/6000      elitist  8.2913255E-04 feasible? T
population converged towards a single solution after 878 generations.
Starting local simplex optimization:
Solution before refinement:      1.2831171065E-03
gen    900/6000      elitist  8.2914604E-04 feasible? T
gen    900/6000      elitist  8.3034562E-04 feasible? T
 performing expansion, best =    1.2831171064043138E-003
 performing expansion, best =    1.2831171062906716E-003
Exiting simplex optimization after   408 iterations
Solution after  refinement:      1.2831171063E-03
RMSE         1.283117106E-03 Hartree
NEW BEST!

Starting fitting procedure for 3 charges, trial 2
gen      0/6000      elitist  2.0943091E-03 feasible? T
gen    900/6000      elitist  8.2913217E-04 feasible? T
gen    900/6000      elitist  8.2918997E-04 feasible? T
gen    900/6000      elitist  8.2913962E-04 feasible? T
population converged towards a single solution after 968 generations.
Starting local simplex optimization:
Solution before refinement:      8.2913217080E-04
gen   1000/6000      elitist  8.2913445E-04 feasible? T
Exiting simplex optimization after   441 iterations
Solution after  refinement:      8.2913217080E-04
RMSE         8.291321708E-04 Hartree
NEW BEST!

Starting fitting procedure for 3 charges, trial 2
gen      0/6000      elitist  1.3680455E-03 feasible? T
gen   1000/6000      elitist  8.2913253E-04 feasible? T
gen   1000/6000      elitist  8.2914485E-04 feasible? T
gen   1000/6000      elitist  8.3032231E-04 feasible? T
gen    100/6000      elitist  9.4307442E-04 feasible? T
gen   1000/6000      elitist  8.2918555E-04 feasible? T
gen   1000/6000      elitist  8.2913955E-04 feasible? T
gen   1100/6000      elitist  8.2913346E-04 feasible? T
gen    100/6000      elitist  8.7795951E-04 feasible? T
gen   1100/6000      elitist  8.2913245E-04 feasible? T
gen   1100/6000      elitist  8.2913857E-04 feasible? T
gen   1100/6000      elitist  8.3001384E-04 feasible? T
gen    200/6000      elitist  9.0120246E-04 feasible? T
gen   1100/6000      elitist  8.2918296E-04 feasible? T
gen   1100/6000      elitist  8.2913885E-04 feasible? T
gen   1200/6000      elitist  8.2913241E-04 feasible? T
gen    200/6000      elitist  8.3784047E-04 feasible? T
gen   1200/6000      elitist  8.2913245E-04 feasible? T
gen   1200/6000      elitist  8.2996871E-04 feasible? T
gen   1200/6000      elitist  8.2913618E-04 feasible? T
gen    300/6000      elitist  8.3395590E-04 feasible? T
gen   1200/6000      elitist  8.2918026E-04 feasible? T
gen   1200/6000      elitist  8.2913560E-04 feasible? T
gen   1300/6000      elitist  8.2913241E-04 feasible? T
gen    300/6000      elitist  8.2946082E-04 feasible? T
gen   1300/6000      elitist  8.2913244E-04 feasible? T
gen   1300/6000      elitist  8.2917127E-04 feasible? T
gen    400/6000      elitist  8.2974126E-04 feasible? T
gen   1300/6000      elitist  8.2996077E-04 feasible? T
gen   1300/6000      elitist  8.2913482E-04 feasible? T
gen   1300/6000      elitist  8.2913384E-04 feasible? T
gen   1400/6000      elitist  8.2913222E-04 feasible? T
gen    400/6000      elitist  8.2915239E-04 feasible? T
gen   1400/6000      elitist  8.2913237E-04 feasible? T
gen    500/6000      elitist  8.2914547E-04 feasible? T
gen   1400/6000      elitist  8.2916744E-04 feasible? T
gen   1400/6000      elitist  8.2913298E-04 feasible? T
gen   1400/6000      elitist  8.2995503E-04 feasible? T
gen   1400/6000      elitist  8.2913370E-04 feasible? T
population converged towards a single solution after 1437 generations.
Starting local simplex optimization:
Solution before refinement:      8.2913369388E-04
 performing expansion, best =    8.2913358377181986E-004
 performing expansion, best =    8.2913354649501387E-004
 performing expansion, best =    8.2913352516339152E-004
 performing expansion, best =    8.2913351859606401E-004
 performing expansion, best =    8.2913351807855967E-004
 performing expansion, best =    8.2913349907098562E-004
 performing expansion, best =    8.2913349429624187E-004
 performing expansion, best =    8.2913349036445436E-004
 performing expansion, best =    8.2913348796058244E-004
 performing expansion, best =    8.2913348289428783E-004
 performing expansion, best =    8.2913348186265624E-004
 performing expansion, best =    8.2913348026992172E-004
 performing expansion, best =    8.2913347997076270E-004
 performing expansion, best =    8.2913347675967624E-004
 performing expansion, best =    8.2913347424715437E-004
 performing expansion, best =    8.2913347307706723E-004
 performing expansion, best =    8.2913347263186758E-004
 performing expansion, best =    8.2913347182289794E-004
 performing expansion, best =    8.2913347123197382E-004
 performing expansion, best =    8.2913347093592060E-004
 performing expansion, best =    8.2913347028117025E-004
 performing expansion, best =    8.2913346987950815E-004
 performing expansion, best =    8.2913346817991532E-004
 performing expansion, best =    8.2913346545743401E-004
 performing expansion, best =    8.2913346315267248E-004
 performing expansion, best =    8.2913346153443927E-004
 performing expansion, best =    8.2913346113486284E-004
 performing expansion, best =    8.2913345841365894E-004
 performing expansion, best =    8.2913345546263909E-004
 performing expansion, best =    8.2913345499625749E-004
 performing expansion, best =    8.2913345167843415E-004
 performing expansion, best =    8.2913345138782601E-004
 performing expansion, best =    8.2913344816444188E-004
 performing expansion, best =    8.2913344300044039E-004
 performing expansion, best =    8.2913343743410111E-004
 performing expansion, best =    8.2913343141427834E-004
 performing expansion, best =    8.2913342524801325E-004
 performing expansion, best =    8.2913341684982367E-004
 performing expansion, best =    8.2913340760599227E-004
 performing expansion, best =    8.2913339856481789E-004
 performing expansion, best =    8.2913339010711135E-004
 performing expansion, best =    8.2913338136657809E-004
 performing expansion, best =    8.2913337130921722E-004
 performing expansion, best =    8.2913335633191733E-004
 performing expansion, best =    8.2913333469954154E-004
 performing expansion, best =    8.2913331718465020E-004
 performing expansion, best =    8.2913330021306460E-004
 performing expansion, best =    8.2913328161155354E-004
 performing expansion, best =    8.2913327627712522E-004
 performing expansion, best =    8.2913326993866129E-004
 performing expansion, best =    8.2913326375293856E-004
 performing expansion, best =    8.2913326189868115E-004
 performing expansion, best =    8.2913325650164384E-004
 performing expansion, best =    8.2913325436979825E-004
 performing expansion, best =    8.2913325351506237E-004
 performing expansion, best =    8.2913325347734384E-004
 performing expansion, best =    8.2913325303291495E-004
 performing expansion, best =    8.2913325184541834E-004
 performing expansion, best =    8.2913325130400258E-004
 performing expansion, best =    8.2913325034019629E-004
 performing expansion, best =    8.2913324941376765E-004
 performing expansion, best =    8.2913324807641555E-004
 performing expansion, best =    8.2913324446236888E-004
 performing expansion, best =    8.2913324001228849E-004
 performing expansion, best =    8.2913323476321724E-004
 performing expansion, best =    8.2913323452552890E-004
 performing expansion, best =    8.2913323350961054E-004
 performing expansion, best =    8.2913323344623079E-004
 performing expansion, best =    8.2913323335745772E-004
 performing expansion, best =    8.2913323316395485E-004
 performing expansion, best =    8.2913323237853494E-004
 performing expansion, best =    8.2913323213125217E-004
 performing expansion, best =    8.2913323204709651E-004
 performing expansion, best =    8.2913323181774427E-004
 performing expansion, best =    8.2913323118532004E-004
 performing expansion, best =    8.2913323042343914E-004
 performing expansion, best =    8.2913323032266005E-004
 performing expansion, best =    8.2913322942192635E-004
 performing expansion, best =    8.2913322810767751E-004
 performing expansion, best =    8.2913322810738272E-004
 performing expansion, best =    8.2913322782013073E-004
 performing expansion, best =    8.2913322763759293E-004
Exiting simplex optimization after   687 iterations
Solution after  refinement:      8.2913322764E-04
RMSE         8.291332276E-04 Hartree
NEW BEST!

Starting fitting procedure for 3 charges, trial 2
gen      0/6000      elitist  1.9890256E-03 feasible? T
gen   1500/6000      elitist  8.2913217E-04 feasible? T
gen   1500/6000      elitist  8.2913230E-04 feasible? T
gen    500/6000      elitist  8.2913309E-04 feasible? T
gen   1500/6000      elitist  8.2916702E-04 feasible? T
gen   1500/6000      elitist  8.2913251E-04 feasible? T
gen    600/6000      elitist  8.2913237E-04 feasible? T
gen   1500/6000      elitist  8.2995186E-04 feasible? T
population converged towards a single solution after 1545 generations.
Starting local simplex optimization:
Solution before refinement:      8.2913217121E-04
 performing expansion, best =    8.2913217113483309E-004
Exiting simplex optimization after   427 iterations
Solution after  refinement:      8.2913217113E-04
RMSE         8.291321711E-04 Hartree
NEW BEST!

Starting fitting procedure for 3 charges, trial 2
gen      0/6000      elitist  1.3680455E-03 feasible? T
gen    100/6000      elitist  9.4714004E-04 feasible? T
gen   1600/6000      elitist  8.2913223E-04 feasible? T
gen   1600/6000      elitist  8.2916434E-04 feasible? T
gen    600/6000      elitist  8.2913220E-04 feasible? T
gen   1600/6000      elitist  8.2913228E-04 feasible? T
gen   1600/6000      elitist  8.2995076E-04 feasible? T
gen    700/6000      elitist  8.2913219E-04 feasible? T
gen    100/6000      elitist  9.1644218E-04 feasible? T
gen    200/6000      elitist  8.3310220E-04 feasible? T
population converged towards a single solution after 689 generations.
Starting local simplex optimization:
Solution before refinement:      8.2913217199E-04
gen   1700/6000      elitist  8.2913221E-04 feasible? T
 performing expansion, best =    8.2913217194816643E-004
 performing expansion, best =    8.2913217168497147E-004
Exiting simplex optimization after   403 iterations
Solution after  refinement:      8.2913217168E-04
RMSE         8.291321717E-04 Hartree

Starting fitting procedure for 3 charges, trial 3
gen      0/6000      elitist  1.7084381E-03 feasible? T
gen   1700/6000      elitist  8.2916342E-04 feasible? T
gen   1700/6000      elitist  8.2913221E-04 feasible? T
gen   1700/6000      elitist  8.2994997E-04 feasible? T
gen    800/6000      elitist  8.2913217E-04 feasible? T
gen    200/6000      elitist  8.3954890E-04 feasible? T
population converged towards a single solution after 821 generations.
Starting local simplex optimization:
Solution before refinement:      8.2913217237E-04
 performing expansion, best =    8.2913217217517429E-004
Exiting simplex optimization after   412 iterations
Solution after  refinement:      8.2913217218E-04
RMSE         8.291321722E-04 Hartree
NEW BEST!

Starting fitting procedure for 3 charges, trial 3
gen      0/6000      elitist  1.4758055E-03 feasible? T
gen    300/6000      elitist  8.3028954E-04 feasible? T
gen   1800/6000      elitist  8.2913220E-04 feasible? T
gen    100/6000      elitist  9.1577662E-04 feasible? T
gen   1800/6000      elitist  8.2913220E-04 feasible? T
gen   1800/6000      elitist  8.2916299E-04 feasible? T
gen   1800/6000      elitist  8.2994995E-04 feasible? T
gen    300/6000      elitist  8.2950816E-04 feasible? T
gen    100/6000      elitist  8.8447620E-04 feasible? T
gen    400/6000      elitist  8.2919044E-04 feasible? T
gen   1900/6000      elitist  8.2913220E-04 feasible? T
gen    200/6000      elitist  8.3215591E-04 feasible? T
gen   1900/6000      elitist  8.2913219E-04 feasible? T
gen   1900/6000      elitist  8.2994986E-04 feasible? T
gen   1900/6000      elitist  8.2916295E-04 feasible? T
gen    400/6000      elitist  8.2913488E-04 feasible? T
gen    200/6000      elitist  8.3266359E-04 feasible? T
gen    500/6000      elitist  8.2913280E-04 feasible? T
gen   2000/6000      elitist  8.2913219E-04 feasible? T
gen    300/6000      elitist  8.2931274E-04 feasible? T
gen   2000/6000      elitist  8.2994982E-04 feasible? T
gen   2000/6000      elitist  8.2913218E-04 feasible? T
gen   2000/6000      elitist  8.2916292E-04 feasible? T
gen    500/6000      elitist  8.2913244E-04 feasible? T
gen    300/6000      elitist  8.2926540E-04 feasible? T
gen    600/6000      elitist  8.2913219E-04 feasible? T
gen   2100/6000      elitist  8.2913218E-04 feasible? T
gen    400/6000      elitist  8.2913781E-04 feasible? T
gen   2100/6000      elitist  8.2994982E-04 feasible? T
gen   2100/6000      elitist  8.2913218E-04 feasible? T
gen   2100/6000      elitist  8.2916291E-04 feasible? T
population converged towards a single solution after 662 generations.
Starting local simplex optimization:
Solution before refinement:      8.2913217180E-04
 performing expansion, best =    8.2913217174137644E-004
 performing expansion, best =    8.2913217129587039E-004
Exiting simplex optimization after   409 iterations
Solution after  refinement:      8.2913217130E-04
RMSE         8.291321713E-04 Hartree
NEW BEST!

Starting fitting procedure for 3 charges, trial 3
gen      0/6000      elitist  1.4064709E-03 feasible? T
gen    400/6000      elitist  8.2913332E-04 feasible? T
gen    600/6000      elitist  8.2913219E-04 feasible? T
gen   2200/6000      elitist  8.2913217E-04 feasible? T
gen    500/6000      elitist  8.2913227E-04 feasible? T
gen   2200/6000      elitist  8.2994979E-04 feasible? T
gen   2200/6000      elitist  8.2913218E-04 feasible? T
gen   2200/6000      elitist  8.2916291E-04 feasible? T
population converged towards a single solution after 699 generations.
Starting local simplex optimization:
Solution before refinement:      8.2913217163E-04
gen    100/6000      elitist  8.7455581E-04 feasible? T
gen    500/6000      elitist  8.2913219E-04 feasible? T
 performing expansion, best =    8.2913217155748328E-004
Exiting simplex optimization after   402 iterations
Solution after  refinement:      8.2913217156E-04
RMSE         8.291321716E-04 Hartree

Starting fitting procedure for 3 charges, trial 3
gen      0/6000      elitist  1.7084381E-03 feasible? T
gen   2300/6000      elitist  8.2913217E-04 feasible? T
population converged towards a single solution after 559 generations.
Starting local simplex optimization:
Solution before refinement:      8.2913217099E-04
gen    600/6000      elitist  8.2913217E-04 feasible? T
 performing expansion, best =    8.2913217097923956E-004
 performing expansion, best =    8.2913217090706465E-004
Exiting simplex optimization after   417 iterations
Solution after  refinement:      8.2913217091E-04
RMSE         8.291321709E-04 Hartree
NEW BEST!

Starting fitting procedure for 3 charges, trial 4
gen      0/6000      elitist  2.2147416E-03 feasible? T
gen   2300/6000      elitist  8.2994978E-04 feasible? T
gen   2300/6000      elitist  8.2913218E-04 feasible? T
gen   2300/6000      elitist  8.2916291E-04 feasible? T
population converged towards a single solution after 626 generations.
Starting local simplex optimization:
Solution before refinement:      8.2913217180E-04
Exiting simplex optimization after   432 iterations
Solution after  refinement:      8.2913217180E-04
RMSE         8.291321718E-04 Hartree

Starting fitting procedure for 3 charges, trial 4
gen      0/6000      elitist  1.9902947E-03 feasible? T
gen    200/6000      elitist  8.3312344E-04 feasible? T
gen    100/6000      elitist  9.2514367E-04 feasible? T
gen   2400/6000      elitist  8.2913217E-04 feasible? T
gen   2400/6000      elitist  8.2994978E-04 feasible? T
gen    100/6000      elitist  9.8675700E-04 feasible? T
gen   2400/6000      elitist  8.2913218E-04 feasible? T
gen   2400/6000      elitist  8.2916291E-04 feasible? T
gen    100/6000      elitist  1.3928017E-03 feasible? T
gen    300/6000      elitist  8.2920097E-04 feasible? T
gen    200/6000      elitist  8.4022122E-04 feasible? T
gen   2500/6000      elitist  8.2913217E-04 feasible? T
gen   2500/6000      elitist  8.2994978E-04 feasible? T
gen   2500/6000      elitist  8.2913218E-04 feasible? T
gen    200/6000      elitist  8.6630640E-04 feasible? T
gen   2500/6000      elitist  8.2916291E-04 feasible? T
gen    200/6000      elitist  1.3019137E-03 feasible? T
gen    400/6000      elitist  8.2913295E-04 feasible? T
gen    300/6000      elitist  8.2942279E-04 feasible? T
gen   2600/6000      elitist  8.2913217E-04 feasible? T
gen   2600/6000      elitist  8.2994976E-04 feasible? T
gen   2600/6000      elitist  8.2913218E-04 feasible? T
gen    300/6000      elitist  8.3188143E-04 feasible? T
gen   2600/6000      elitist  8.2916291E-04 feasible? T
gen    300/6000      elitist  1.2838654E-03 feasible? T
gen    500/6000      elitist  8.2913220E-04 feasible? T
gen    400/6000      elitist  8.2914107E-04 feasible? T
gen   2700/6000      elitist  8.2913217E-04 feasible? T
gen   2700/6000      elitist  8.2994976E-04 feasible? T
gen   2700/6000      elitist  8.2913218E-04 feasible? T
population converged towards a single solution after 575 generations.
Starting local simplex optimization:
Solution before refinement:      8.2913217205E-04
gen    400/6000      elitist  8.2924137E-04 feasible? T
 performing expansion, best =    8.2913217196854748E-004
 performing expansion, best =    8.2913217186417686E-004
Exiting simplex optimization after   427 iterations
Solution after  refinement:      8.2913217186E-04
RMSE         8.291321719E-04 Hartree

Starting fitting procedure for 3 charges, trial 4
gen      0/6000      elitist  1.3668517E-03 feasible? T
gen    400/6000      elitist  1.2831301E-03 feasible? T
gen   2700/6000      elitist  8.2916290E-04 feasible? T
gen    500/6000      elitist  8.2913266E-04 feasible? T
gen   2800/6000      elitist  8.2913217E-04 feasible? T
gen   2800/6000      elitist  8.2994976E-04 feasible? T
gen   2800/6000      elitist  8.2913218E-04 feasible? T
gen    500/6000      elitist  8.2913491E-04 feasible? T
gen    500/6000      elitist  1.2831172E-03 feasible? T
gen    100/6000      elitist  9.0906854E-04 feasible? T
gen   2800/6000      elitist  8.2916290E-04 feasible? T
gen    600/6000      elitist  8.2913217E-04 feasible? T
population converged towards a single solution after 634 generations.
Starting local simplex optimization:
Solution before refinement:      8.2913217159E-04
Exiting simplex optimization after   439 iterations
Solution after  refinement:      8.2913217159E-04
RMSE         8.291321716E-04 Hartree

Starting fitting procedure for 3 charges, trial 4
gen      0/6000      elitist  1.9902947E-03 feasible? T
gen   2900/6000      elitist  8.2913217E-04 feasible? T
gen   2900/6000      elitist  8.2994976E-04 feasible? T
gen   2900/6000      elitist  8.2913218E-04 feasible? T
gen    600/6000      elitist  1.2831171E-03 feasible? T
gen   2900/6000      elitist  8.2916290E-04 feasible? T
gen    600/6000      elitist  8.2913224E-04 feasible? T
gen    200/6000      elitist  8.3543615E-04 feasible? T
population converged towards a single solution after 642 generations.
Starting local simplex optimization:
Solution before refinement:      1.2831171064E-03
 performing expansion, best =    1.2831171062504462E-003
 performing expansion, best =    1.2831171062206606E-003
Exiting simplex optimization after   416 iterations
Solution after  refinement:      1.2831171062E-03
RMSE         1.283117106E-03 Hartree

Best found solution for 3 charges:
        RMSE         8.051675322E-01 kcal/mol
         MAE         3.381749665E-01 kcal/mol
     max. AE         4.213628375E+00 kcal/mol

       x[bohr]       y[bohr]       z[bohr]          q[e]
     1.9729574     0.2532694     0.1444160     0.3274459
     0.4250579     0.8750810    -0.0201962     0.7806189
     0.7394553     2.2490373    -0.0041965    -1.0000000

gen    100/6000      elitist  9.3575677E-04 feasible? T
gen   3000/6000      elitist  8.2913217E-04 feasible? T
gen   3000/6000      elitist  8.2994976E-04 feasible? T
gen   3000/6000      elitist  8.2913218E-04 feasible? T
gen    700/6000      elitist  8.2913218E-04 feasible? T
gen   3000/6000      elitist  8.2916290E-04 feasible? T
gen    300/6000      elitist  8.2954211E-04 feasible? T
population converged towards a single solution after 752 generations.
Starting local simplex optimization:
Solution before refinement:      8.2913217142E-04
 performing expansion, best =    8.2913217115428942E-004
 performing expansion, best =    8.2913217112051804E-004
Exiting simplex optimization after   425 iterations
Solution after  refinement:      8.2913217112E-04
RMSE         8.291321711E-04 Hartree

Best found solution for 3 charges:
        RMSE         5.202878996E-01 kcal/mol
         MAE         3.381756588E-01 kcal/mol
     max. AE         4.213646425E+00 kcal/mol

       x[bohr]       y[bohr]       z[bohr]          q[e]
     1.9729580     0.2532790     0.1444153     0.3274437
     0.4250632     0.8750724    -0.0201952     0.7806211
     0.7394568     2.2490352    -0.0041964    -1.0000000

gen    200/6000      elitist  8.3684698E-04 feasible? T
gen   3100/6000      elitist  8.2913217E-04 feasible? T
gen   3100/6000      elitist  8.2994976E-04 feasible? T
gen   3100/6000      elitist  8.2913218E-04 feasible? T
gen   3100/6000      elitist  8.2916290E-04 feasible? T
gen    400/6000      elitist  8.2914452E-04 feasible? T
gen    300/6000      elitist  8.2964365E-04 feasible? T
gen   3200/6000      elitist  8.2913217E-04 feasible? T
gen   3200/6000      elitist  8.2994976E-04 feasible? T
gen   3200/6000      elitist  8.2913218E-04 feasible? T
gen   3200/6000      elitist  8.2916290E-04 feasible? T
gen    500/6000      elitist  8.2913246E-04 feasible? T
gen    400/6000      elitist  8.2918961E-04 feasible? T
gen   3300/6000      elitist  8.2913217E-04 feasible? T
gen   3300/6000      elitist  8.2994976E-04 feasible? T
gen   3300/6000      elitist  8.2913218E-04 feasible? T
gen   3300/6000      elitist  8.2916290E-04 feasible? T
gen    600/6000      elitist  8.2913218E-04 feasible? T
population converged towards a single solution after 638 generations.
Starting local simplex optimization:
Solution before refinement:      8.2913217207E-04
 performing expansion, best =    8.2913217204574094E-004
 performing expansion, best =    8.2913217204117590E-004
 performing expansion, best =    8.2913217203824140E-004
Exiting simplex optimization after   448 iterations
Solution after  refinement:      8.2913217204E-04
RMSE         8.291321720E-04 Hartree

Best found solution for 3 charges:
        RMSE         5.202879001E-01 kcal/mol
         MAE         3.381745425E-01 kcal/mol
     max. AE         4.213692411E+00 kcal/mol

       x[bohr]       y[bohr]       z[bohr]          q[e]
     1.9729567     0.2532565     0.1444167     0.3274467
     0.4250449     0.8750871    -0.0201970     0.7806181
     0.7394482     2.2490370    -0.0041967    -1.0000000

gen    500/6000      elitist  8.2913497E-04 feasible? T
gen   3400/6000      elitist  8.2913217E-04 feasible? T
gen   3400/6000      elitist  8.2994976E-04 feasible? T
gen   3400/6000      elitist  8.2916290E-04 feasible? T
gen   3400/6000      elitist  8.2913218E-04 feasible? T
gen    600/6000      elitist  8.2913223E-04 feasible? T
gen   3500/6000      elitist  8.2913217E-04 feasible? T
gen   3500/6000      elitist  8.2994976E-04 feasible? T
gen   3500/6000      elitist  8.2916290E-04 feasible? T
gen   3500/6000      elitist  8.2913218E-04 feasible? T
gen    700/6000      elitist  8.2913217E-04 feasible? T
gen   3600/6000      elitist  8.2913217E-04 feasible? T
population converged towards a single solution after 712 generations.
Starting local simplex optimization:
Solution before refinement:      8.2913217142E-04
gen   3600/6000      elitist  8.2994976E-04 feasible? T
gen   3600/6000      elitist  8.2916290E-04 feasible? T
 performing expansion, best =    8.2913217135515912E-004
 performing expansion, best =    8.2913217124730204E-004
 performing expansion, best =    8.2913217107299247E-004
Exiting simplex optimization after   425 iterations
Solution after  refinement:      8.2913217107E-04
RMSE         8.291321711E-04 Hartree
NEW BEST!

Best found solution for 3 charges:
        RMSE         5.202878995E-01 kcal/mol
         MAE         3.381769853E-01 kcal/mol
     max. AE         4.213661540E+00 kcal/mol

       x[bohr]       y[bohr]       z[bohr]          q[e]
     1.9729568     0.2532610     0.1444179     0.3274421
     0.4250635     0.8750799    -0.0201933     0.7806227
     0.7394539     2.2490363    -0.0041939    -1.0000000

gen   3600/6000      elitist  8.2913218E-04 feasible? T
gen   3700/6000      elitist  8.2913217E-04 feasible? T
gen   3700/6000      elitist  8.2994976E-04 feasible? T
gen   3700/6000      elitist  8.2916290E-04 feasible? T
gen   3700/6000      elitist  8.2913218E-04 feasible? T
gen   3800/6000      elitist  8.2913217E-04 feasible? T
gen   3800/6000      elitist  8.2990220E-04 feasible? T
gen   3800/6000      elitist  8.2916290E-04 feasible? T
gen   3800/6000      elitist  8.2913218E-04 feasible? T
gen   3900/6000      elitist  8.2913217E-04 feasible? T
gen   3900/6000      elitist  8.2948923E-04 feasible? T
gen   3900/6000      elitist  8.2913218E-04 feasible? T
gen   3900/6000      elitist  8.2916290E-04 feasible? T
gen   4000/6000      elitist  8.2913217E-04 feasible? T
gen   4000/6000      elitist  8.2948761E-04 feasible? T
gen   4000/6000      elitist  8.2916290E-04 feasible? T
gen   4000/6000      elitist  8.2913218E-04 feasible? T
gen   4100/6000      elitist  8.2913217E-04 feasible? T
gen   4100/6000      elitist  8.2921024E-04 feasible? T
gen   4100/6000      elitist  8.2916290E-04 feasible? T
gen   4100/6000      elitist  8.2913218E-04 feasible? T
gen   4200/6000      elitist  8.2913217E-04 feasible? T
gen   4200/6000      elitist  8.2918484E-04 feasible? T
gen   4200/6000      elitist  8.2916290E-04 feasible? T
gen   4200/6000      elitist  8.2913218E-04 feasible? T
gen   4300/6000      elitist  8.2913217E-04 feasible? T
gen   4300/6000      elitist  8.2913306E-04 feasible? T
gen   4300/6000      elitist  8.2913218E-04 feasible? T
gen   4300/6000      elitist  8.2916290E-04 feasible? T
gen   4400/6000      elitist  8.2913217E-04 feasible? T
gen   4400/6000      elitist  8.2913223E-04 feasible? T
gen   4400/6000      elitist  8.2913218E-04 feasible? T
gen   4400/6000      elitist  8.2916290E-04 feasible? T
gen   4500/6000      elitist  8.2913217E-04 feasible? T
gen   4500/6000      elitist  8.2913217E-04 feasible? T
gen   4500/6000      elitist  8.2913218E-04 feasible? T
gen   4500/6000      elitist  8.2916290E-04 feasible? T
population converged towards a single solution after 4519 generations.
Starting local simplex optimization:
Solution before refinement:      8.2913217162E-04
 performing expansion, best =    8.2913217126006440E-004
Exiting simplex optimization after   429 iterations
Solution after  refinement:      8.2913217126E-04
RMSE         8.291321713E-04 Hartree
NEW BEST!

Starting fitting procedure for 3 charges, trial 2
gen      0/6000      elitist  1.3680455E-03 feasible? T
gen   4600/6000      elitist  8.2913217E-04 feasible? T
gen   4600/6000      elitist  8.2916290E-04 feasible? T
gen   4600/6000      elitist  8.2913218E-04 feasible? T
gen    100/6000      elitist  9.6101044E-04 feasible? T
gen   4700/6000      elitist  8.2913217E-04 feasible? T
gen   4700/6000      elitist  8.2916290E-04 feasible? T
gen   4700/6000      elitist  8.2913218E-04 feasible? T
gen    200/6000      elitist  9.1541780E-04 feasible? T
gen   4800/6000      elitist  8.2913217E-04 feasible? T
gen   4800/6000      elitist  8.2913218E-04 feasible? T
gen   4800/6000      elitist  8.2916290E-04 feasible? T
gen    300/6000      elitist  8.3624736E-04 feasible? T
gen   4900/6000      elitist  8.2913217E-04 feasible? T
gen   4900/6000      elitist  8.2913218E-04 feasible? T
gen   4900/6000      elitist  8.2916290E-04 feasible? T
gen    400/6000      elitist  8.2927813E-04 feasible? T
gen   5000/6000      elitist  8.2913217E-04 feasible? T
gen   5000/6000      elitist  8.2913218E-04 feasible? T
gen   5000/6000      elitist  8.2916290E-04 feasible? T
gen    500/6000      elitist  8.2914691E-04 feasible? T
gen   5100/6000      elitist  8.2913217E-04 feasible? T
gen   5100/6000      elitist  8.2913218E-04 feasible? T
gen   5100/6000      elitist  8.2916290E-04 feasible? T
gen    600/6000      elitist  8.2913317E-04 feasible? T
gen   5200/6000      elitist  8.2913217E-04 feasible? T
gen   5200/6000      elitist  8.2913218E-04 feasible? T
gen   5200/6000      elitist  8.2916290E-04 feasible? T
gen    700/6000      elitist  8.2913220E-04 feasible? T
gen   5300/6000      elitist  8.2913217E-04 feasible? T
gen   5300/6000      elitist  8.2913218E-04 feasible? T
gen   5300/6000      elitist  8.2916290E-04 feasible? T
population converged towards a single solution after 799 generations.
Starting local simplex optimization:
Solution before refinement:      8.2913217089E-04
Exiting simplex optimization after   409 iterations
Solution after  refinement:      8.2913217089E-04
RMSE         8.291321709E-04 Hartree
NEW BEST!

Starting fitting procedure for 3 charges, trial 3
gen      0/6000      elitist  1.7084381E-03 feasible? T
gen   5400/6000      elitist  8.2913217E-04 feasible? T
gen   5400/6000      elitist  8.2916290E-04 feasible? T
gen   5400/6000      elitist  8.2913218E-04 feasible? T
gen    100/6000      elitist  9.3338172E-04 feasible? T
gen   5500/6000      elitist  8.2913217E-04 feasible? T
gen   5500/6000      elitist  8.2913218E-04 feasible? T
gen   5500/6000      elitist  8.2916290E-04 feasible? T
gen    200/6000      elitist  8.4009020E-04 feasible? T
gen   5600/6000      elitist  8.2913217E-04 feasible? T
gen   5600/6000      elitist  8.2916290E-04 feasible? T
gen   5600/6000      elitist  8.2913218E-04 feasible? T
gen    300/6000      elitist  8.2970933E-04 feasible? T
gen   5700/6000      elitist  8.2913217E-04 feasible? T
gen   5700/6000      elitist  8.2913218E-04 feasible? T
gen   5700/6000      elitist  8.2916288E-04 feasible? T
gen    400/6000      elitist  8.2914396E-04 feasible? T
gen   5800/6000      elitist  8.2913217E-04 feasible? T
gen   5800/6000      elitist  8.2913218E-04 feasible? T
gen   5800/6000      elitist  8.2916288E-04 feasible? T
gen    500/6000      elitist  8.2913227E-04 feasible? T
gen   5900/6000      elitist  8.2913217E-04 feasible? T
gen   5900/6000      elitist  8.2913218E-04 feasible? T
gen   5900/6000      elitist  8.2916288E-04 feasible? T
gen    600/6000      elitist  8.2913218E-04 feasible? T
population converged towards a single solution after 633 generations.
Starting local simplex optimization:
Solution before refinement:      8.2913217574E-04
 performing expansion, best =    8.2913217472178956E-004
 performing expansion, best =    8.2913217469051835E-004
 performing expansion, best =    8.2913217386415658E-004
 performing expansion, best =    8.2913217375177794E-004
 performing expansion, best =    8.2913217357427735E-004
Exiting simplex optimization after   415 iterations
Solution after  refinement:      8.2913217357E-04
RMSE         8.291321736E-04 Hartree

Starting fitting procedure for 3 charges, trial 4
gen      0/6000      elitist  1.9902947E-03 feasible? T
gen   6000/6000      elitist  8.2913217E-04 feasible? T
Starting local simplex optimization:
Solution before refinement:      8.2913217064E-04
Exiting simplex optimization after   441 iterations
Solution after  refinement:      8.2913217064E-04
RMSE         8.291321706E-04 Hartree
NEW BEST!

Starting fitting procedure for 3 charges, trial 2
gen      0/6000      elitist  1.9890256E-03 feasible? T
gen   6000/6000      elitist  8.2913218E-04 feasible? T
Starting local simplex optimization:
Solution before refinement:      8.2913218066E-04
gen   6000/6000      elitist  8.2916288E-04 feasible? T
Starting local simplex optimization:
Solution before refinement:      8.2916288115E-04
 performing expansion, best =    8.2916133547101243E-004
 performing expansion, best =    8.2915805503474313E-004
 performing expansion, best =    8.2915380371872613E-004
 performing expansion, best =    8.2915203380896582E-004
 performing expansion, best =    8.2915096704701643E-004
 performing expansion, best =    8.2915069725291205E-004
 performing expansion, best =    8.2915059548924858E-004
 performing expansion, best =    8.2913218032770980E-004
 performing expansion, best =    8.2915048676947853E-004
 performing expansion, best =    8.2915043892683874E-004
 performing expansion, best =    8.2915039074449889E-004
 performing expansion, best =    8.2913218018379150E-004
 performing expansion, best =    8.2915035353573667E-004
 performing expansion, best =    8.2915032432735053E-004
 performing expansion, best =    8.2915029606084345E-004
 performing expansion, best =    8.2913218001541902E-004
Exiting simplex optimization after   419 iterations
Solution after  refinement:      8.2913218002E-04
RMSE         8.291321800E-04 Hartree
NEW BEST!
 performing expansion, best =    8.2915029484909540E-004
 performing expansion, best =    8.2915027864944083E-004
 performing expansion, best =    8.2915027492946360E-004
 performing expansion, best =    8.2915027148950976E-004
 performing expansion, best =    8.2915026487723708E-004
 performing expansion, best =    8.2915026165065943E-004

Starting fitting procedure for 3 charges, trial 2
 performing expansion, best =    8.2915026063673969E-004
 performing expansion, best =    8.2915025923202665E-004
 performing expansion, best =    8.2915025695568434E-004
 performing expansion, best =    8.2915025620300430E-004
 performing expansion, best =    8.2915025387015283E-004
gen      0/6000      elitist  2.5938469E-03 feasible? T
 performing expansion, best =    8.2915025182285225E-004
 performing expansion, best =    8.2915025179431474E-004
 performing expansion, best =    8.2915025143557458E-004
 performing expansion, best =    8.2915025128779305E-004
 performing expansion, best =    8.2915025089808254E-004
 performing expansion, best =    8.2915024918518980E-004
 performing expansion, best =    8.2915024795077793E-004
 performing expansion, best =    8.2915024786060548E-004
 performing expansion, best =    8.2915024756651185E-004
 performing expansion, best =    8.2915024660808157E-004
 performing expansion, best =    8.2915024564268497E-004
 performing expansion, best =    8.2915024467883575E-004
 performing expansion, best =    8.2915024450201614E-004
 performing expansion, best =    8.2915024335551658E-004
 performing expansion, best =    8.2915024201034911E-004
 performing expansion, best =    8.2915024057204749E-004
 performing expansion, best =    8.2915023851591932E-004
 performing expansion, best =    8.2915023568087246E-004
 performing expansion, best =    8.2915023194070673E-004
 performing expansion, best =    8.2915022787960740E-004
 performing expansion, best =    8.2915022285235263E-004
 performing expansion, best =    8.2915021684463899E-004
 performing expansion, best =    8.2915021007209878E-004
 performing expansion, best =    8.2915020109794696E-004
 performing expansion, best =    8.2915018940295075E-004
 performing expansion, best =    8.2915017261387032E-004
 performing expansion, best =    8.2915015563220207E-004
 performing expansion, best =    8.2915014119195327E-004
 performing expansion, best =    8.2915011891065440E-004
 performing expansion, best =    8.2915010188885203E-004
 performing expansion, best =    8.2915009168285701E-004
 performing expansion, best =    8.2915008695209967E-004
 performing expansion, best =    8.2915008427437542E-004
 performing expansion, best =    8.2915007796818883E-004
 performing expansion, best =    8.2915007317031178E-004
 performing expansion, best =    8.2915006329973748E-004
 performing expansion, best =    8.2915005279988498E-004
 performing expansion, best =    8.2915004253534023E-004
 performing expansion, best =    8.2915001389972324E-004
 performing expansion, best =    8.2914998815708258E-004
 performing expansion, best =    8.2914995837085192E-004
 performing expansion, best =    8.2914991907011640E-004
 performing expansion, best =    8.2914985654430537E-004
 performing expansion, best =    8.2914979217392287E-004
 performing expansion, best =    8.2914972076999246E-004
 performing expansion, best =    8.2914963274941845E-004
 performing expansion, best =    8.2914955476586676E-004
 performing expansion, best =    8.2914943650035252E-004
 performing expansion, best =    8.2914932534486081E-004
 performing expansion, best =    8.2914922331051987E-004
 performing expansion, best =    8.2914914050890155E-004
 performing expansion, best =    8.2914912664748834E-004
 performing expansion, best =    8.2914910182854684E-004
 performing expansion, best =    8.2914910019358146E-004
 performing expansion, best =    8.2914909946320606E-004
 performing expansion, best =    8.2914909937943995E-004
Exiting simplex optimization after   675 iterations
Solution after  refinement:      8.2914909938E-04
RMSE         8.291490994E-04 Hartree
NEW BEST!

Starting fitting procedure for 3 charges, trial 2
gen      0/6000      elitist  1.3680455E-03 feasible? T
gen    100/6000      elitist  9.6169065E-04 feasible? T
gen    100/6000      elitist  9.5361393E-04 feasible? T
gen    100/6000      elitist  9.3676395E-04 feasible? T
gen    100/6000      elitist  8.9008465E-04 feasible? T
gen    200/6000      elitist  8.3165280E-04 feasible? T
gen    200/6000      elitist  8.3814439E-04 feasible? T
gen    200/6000      elitist  8.7641083E-04 feasible? T
gen    200/6000      elitist  8.6189825E-04 feasible? T
gen    300/6000      elitist  8.2939640E-04 feasible? T
gen    300/6000      elitist  8.2983226E-04 feasible? T
gen    300/6000      elitist  8.3035684E-04 feasible? T
gen    300/6000      elitist  8.2985325E-04 feasible? T
gen    400/6000      elitist  8.2913332E-04 feasible? T
gen    400/6000      elitist  8.2915920E-04 feasible? T
gen    400/6000      elitist  8.2914742E-04 feasible? T
gen    400/6000      elitist  8.2914704E-04 feasible? T
gen    500/6000      elitist  8.2913222E-04 feasible? T
gen    500/6000      elitist  8.2913335E-04 feasible? T
gen    500/6000      elitist  8.2913272E-04 feasible? T
gen    500/6000      elitist  8.2913270E-04 feasible? T
gen    600/6000      elitist  8.2913217E-04 feasible? T
gen    600/6000      elitist  8.2913221E-04 feasible? T
population converged towards a single solution after 646 generations.
Starting local simplex optimization:
Solution before refinement:      8.2913217143E-04
gen    600/6000      elitist  8.2913220E-04 feasible? T
gen    600/6000      elitist  8.2913218E-04 feasible? T
 performing expansion, best =    8.2913217142085831E-004
 performing expansion, best =    8.2913217131775382E-004
 performing expansion, best =    8.2913217128937158E-004
 performing expansion, best =    8.2913217109485552E-004
 performing expansion, best =    8.2913217107351939E-004
 performing expansion, best =    8.2913217093788310E-004
Exiting simplex optimization after   422 iterations
Solution after  refinement:      8.2913217094E-04
RMSE         8.291321709E-04 Hartree

Best found solution for 3 charges:
        RMSE         5.202878995E-01 kcal/mol
         MAE         3.381734088E-01 kcal/mol
     max. AE         4.213665089E+00 kcal/mol

       x[bohr]       y[bohr]       z[bohr]          q[e]
     1.9729580     0.2532737     0.1444132     0.3274426
     0.4250639     0.8750774    -0.0201953     0.7806222
     0.7394557     2.2490370    -0.0041971    -1.0000000

population converged towards a single solution after 664 generations.
Starting local simplex optimization:
Solution before refinement:      8.2913217095E-04
population converged towards a single solution after 696 generations.
Starting local simplex optimization:
Solution before refinement:      8.2913217199E-04
population converged towards a single solution after 687 generations.
Starting local simplex optimization:
Solution before refinement:      8.2913217226E-04
 performing expansion, best =    8.2913217093061689E-004
Exiting simplex optimization after   409 iterations
Solution after  refinement:      8.2913217093E-04
RMSE         8.291321709E-04 Hartree
NEW BEST!

Starting fitting procedure for 3 charges, trial 3
gen      0/6000      elitist  1.7084381E-03 feasible? T
 performing expansion, best =    8.2913217183286988E-004
 performing expansion, best =    8.2913217164527840E-004
 performing expansion, best =    8.2913217155370148E-004
 performing expansion, best =    8.2913217151121376E-004
 performing expansion, best =    8.2913217114405965E-004
 performing expansion, best =    8.2913217110650429E-004
Exiting simplex optimization after   419 iterations
Solution after  refinement:      8.2913217111E-04
RMSE         8.291321711E-04 Hartree

Starting fitting procedure for 3 charges, trial 3
gen      0/6000      elitist  1.4064709E-03 feasible? T
 performing expansion, best =    8.2913217211297860E-004
 performing expansion, best =    8.2913217176702422E-004
 performing expansion, best =    8.2913217147089836E-004
Exiting simplex optimization after   407 iterations
Solution after  refinement:      8.2913217147E-04
RMSE         8.291321715E-04 Hartree
NEW BEST!

Starting fitting procedure for 3 charges, trial 3
gen      0/6000      elitist  1.3765517E-03 feasible? T
gen    100/6000      elitist  9.2732325E-04 feasible? T
gen    100/6000      elitist  9.2075814E-04 feasible? T
gen    100/6000      elitist  8.6982888E-04 feasible? T
gen    200/6000      elitist  8.3504367E-04 feasible? T
gen    200/6000      elitist  8.4986067E-04 feasible? T
gen    200/6000      elitist  8.2979844E-04 feasible? T
gen    300/6000      elitist  8.2916664E-04 feasible? T
gen    300/6000      elitist  8.2950226E-04 feasible? T
gen    300/6000      elitist  8.2914986E-04 feasible? T
gen    400/6000      elitist  8.2913306E-04 feasible? T
gen    400/6000      elitist  8.2914401E-04 feasible? T
gen    400/6000      elitist  8.2913302E-04 feasible? T
gen    500/6000      elitist  8.2913220E-04 feasible? T
gen    500/6000      elitist  8.2913231E-04 feasible? T
gen    500/6000      elitist  8.2913219E-04 feasible? T
population converged towards a single solution after 571 generations.
Starting local simplex optimization:
Solution before refinement:      8.2913217290E-04
population converged towards a single solution after 566 generations.
Starting local simplex optimization:
Solution before refinement:      8.2913217234E-04
Exiting simplex optimization after   444 iterations
Solution after  refinement:      8.2913217290E-04
RMSE         8.291321729E-04 Hartree

Starting fitting procedure for 3 charges, trial 4
gen      0/6000      elitist  1.9902947E-03 feasible? T
 performing expansion, best =    8.2913217178014296E-004
 performing expansion, best =    8.2913217177579531E-004
 performing expansion, best =    8.2913217174639250E-004
Exiting simplex optimization after   415 iterations
Solution after  refinement:      8.2913217175E-04
RMSE         8.291321717E-04 Hartree

Starting fitting procedure for 3 charges, trial 4
gen      0/6000      elitist  1.8604908E-03 feasible? T
gen    600/6000      elitist  8.2913218E-04 feasible? T
population converged towards a single solution after 649 generations.
Starting local simplex optimization:
Solution before refinement:      8.2913217138E-04
 performing expansion, best =    8.2913217135313470E-004
 performing expansion, best =    8.2913217112415510E-004
Exiting simplex optimization after   407 iterations
Solution after  refinement:      8.2913217112E-04
RMSE         8.291321711E-04 Hartree

Starting fitting procedure for 3 charges, trial 4
gen      0/6000      elitist  1.3668517E-03 feasible? T
gen    100/6000      elitist  9.1901633E-04 feasible? T
gen    100/6000      elitist  9.2155931E-04 feasible? T
gen    100/6000      elitist  9.0373000E-04 feasible? T
gen    200/6000      elitist  8.3674800E-04 feasible? T
gen    200/6000      elitist  8.3547575E-04 feasible? T
gen    200/6000      elitist  8.3152796E-04 feasible? T
gen    300/6000      elitist  8.2920576E-04 feasible? T
gen    300/6000      elitist  8.2919327E-04 feasible? T
gen    300/6000      elitist  8.2925541E-04 feasible? T
gen    400/6000      elitist  8.2913402E-04 feasible? T
gen    400/6000      elitist  8.2914061E-04 feasible? T
gen    400/6000      elitist  8.2913506E-04 feasible? T
gen    500/6000      elitist  8.2913219E-04 feasible? T
gen    500/6000      elitist  8.2913222E-04 feasible? T
gen    500/6000      elitist  8.2913221E-04 feasible? T
population converged towards a single solution after 580 generations.
Starting local simplex optimization:
Solution before refinement:      8.2913217198E-04
 performing expansion, best =    8.2913217143742817E-004
 performing expansion, best =    8.2913217137393956E-004
 performing expansion, best =    8.2913217133485126E-004
Exiting simplex optimization after   426 iterations
Solution after  refinement:      8.2913217133E-04
RMSE         8.291321713E-04 Hartree

Best found solution for 3 charges:
        RMSE         5.202878997E-01 kcal/mol
         MAE         3.381744024E-01 kcal/mol
     max. AE         4.213619737E+00 kcal/mol

       x[bohr]       y[bohr]       z[bohr]          q[e]
     1.9729581     0.2532705     0.1444115     0.3274456
     0.4250600     0.8750793    -0.0201943     0.7806192
     0.7394572     2.2490356    -0.0041960    -1.0000000

population converged towards a single solution after 592 generations.
Starting local simplex optimization:
Solution before refinement:      8.2913217267E-04
 performing expansion, best =    8.2913217250592762E-004
 performing expansion, best =    8.2913217243411419E-004
 performing expansion, best =    8.2913217241703107E-004
 performing expansion, best =    8.2913217219253161E-004
Exiting simplex optimization after   423 iterations
Solution after  refinement:      8.2913217219E-04
RMSE         8.291321722E-04 Hartree

Best found solution for 3 charges:
        RMSE         5.202879002E-01 kcal/mol
         MAE         3.381759952E-01 kcal/mol
     max. AE         4.213701563E+00 kcal/mol

       x[bohr]       y[bohr]       z[bohr]          q[e]
     1.9729575     0.2532547     0.1444102     0.3274463
     0.4250499     0.8750865    -0.0201924     0.7806185
     0.7394493     2.2490370    -0.0041960    -1.0000000

population converged towards a single solution after 589 generations.
Starting local simplex optimization:
Solution before refinement:      8.2913217203E-04
 performing expansion, best =    8.2913217168818765E-004
 performing expansion, best =    8.2913217149067724E-004
 performing expansion, best =    8.2913217136463646E-004
Exiting simplex optimization after   447 iterations
Solution after  refinement:      8.2913217136E-04
RMSE         8.291321714E-04 Hartree

Best found solution for 3 charges:
        RMSE         5.202878997E-01 kcal/mol
         MAE         3.381759173E-01 kcal/mol
     max. AE         4.213659217E+00 kcal/mol

       x[bohr]       y[bohr]       z[bohr]          q[e]
     1.9729572     0.2532657     0.1444161     0.3274439
     0.4250606     0.8750799    -0.0201941     0.7806209
     0.7394543     2.2490365    -0.0041949    -1.0000000

