Running in fitting mode

Reading "/home/boittier/pydcm/models/methylcyanide/ref/methylcyanide.chk.p.cube"...

Running in fitting mode

Reading "/home/boittier/pydcm/models/methylcyanide/ref/methylcyanide.chk.p.cube"...

Running in fitting mode

Reading "/home/boittier/pydcm/models/methylcyanide/ref/methylcyanide.chk.p.cube"...

Running in fitting mode

Reading "/home/boittier/pydcm/models/methylcyanide/ref/methylcyanide.chk.p.cube"...

  amide1.pdb Potential
  Electrostatic potential from Total SCF Density
  amide1.pdb Potential
  Electrostatic potential from Total SCF Density
  amide1.pdb Potential
  Electrostatic potential from Total SCF Density
  amide1.pdb Potential
  Electrostatic potential from Total SCF Density
    6   -8.735003   -6.512990   -6.513520
   95    0.179936    0.000000    0.000000
    6   -8.735003   -6.512990   -6.513520
    6   -8.735003   -6.512990   -6.513520
   95    0.179936    0.000000    0.000000
    6   -8.735003   -6.512990   -6.513520
   95    0.179936    0.000000    0.000000
   73    0.000000    0.179936    0.000000
   73    0.000000    0.000000    0.179936
   73    0.000000    0.179936    0.000000
   73    0.000000    0.000000    0.179936
   95    0.179936    0.000000    0.000000
   73    0.000000    0.179936    0.000000
   73    0.000000    0.000000    0.179936
   73    0.000000    0.179936    0.000000
   73    0.000000    0.000000    0.179936
    6    6.000000   -2.222251   -0.000238    0.000142
    6    6.000000   -2.222251   -0.000238    0.000142
    6    6.000000    0.529882    0.001222   -0.000768
    6    6.000000   -2.222251   -0.000238    0.000142
    6    6.000000    0.529882    0.001222   -0.000768
    6    6.000000    0.529882    0.001222   -0.000768
    7    7.000000    2.708282   -0.000510    0.000303
    7    7.000000    2.708282   -0.000510    0.000303
    1    1.000000   -2.932875   -1.876440    0.482243
    6    6.000000   -2.222251   -0.000238    0.000142
    6    6.000000    0.529882    0.001222   -0.000768
    7    7.000000    2.708282   -0.000510    0.000303
    1    1.000000   -2.932875   -1.876440    0.482243
    1    1.000000   -2.936096    0.519863   -1.864599
    1    1.000000   -2.932875   -1.876440    0.482243
    1    1.000000   -2.936096    0.519863   -1.864599
    1    1.000000   -2.934787    1.354237    1.383985
    1    1.000000   -2.936096    0.519863   -1.864599
    1    1.000000   -2.934787    1.354237    1.383985
    7    7.000000    2.708282   -0.000510    0.000303
    1    1.000000   -2.932875   -1.876440    0.482243
    1    1.000000   -2.936096    0.519863   -1.864599
    1    1.000000   -2.934787    1.354237    1.383985
    1    1.000000   -2.934787    1.354237    1.383985
  1.58782E-02  1.59049E-02  1.59146E-02  1.58205E-02  1.59100E-02  1.59845E-02
       .            .            .            .            .            .
       .            .            .            .            .            .
       .            .            .            .            .            .
 -4.22658E-02 -4.24138E-02 -4.22639E-02 -4.24745E-02 -4.23856E-02 -4.25609E-02

174086 out of 506255 gridpoints are considered ( 34.4%).

...done!




USING GREEDY MODE
  1.58782E-02  1.59049E-02  1.59146E-02  1.58205E-02  1.59100E-02  1.59845E-02
       .            .            .            .            .            .
       .            .            .            .            .            .
  1.58782E-02  1.59049E-02  1.59146E-02  1.58205E-02  1.59100E-02  1.59845E-02
       .            .            .            .            .            .
 -4.22658E-02 -4.24138E-02 -4.22639E-02 -4.24745E-02 -4.23856E-02 -4.25609E-02

174086 out of 506255 gridpoints are considered ( 34.4%).

...done!




USING GREEDY MODE
       .            .            .            .            .            .
       .            .            .            .            .            .
       .            .            .            .            .            .
 -4.22658E-02 -4.24138E-02 -4.22639E-02 -4.24745E-02 -4.23856E-02 -4.25609E-02

174086 out of 506255 gridpoints are considered ( 34.4%).

...done!




USING GREEDY MODE
  1.58782E-02  1.59049E-02  1.59146E-02  1.58205E-02  1.59100E-02  1.59845E-02
       .            .            .            .            .            .
       .            .            .            .            .            .
       .            .            .            .            .            .
 -4.22658E-02 -4.24138E-02 -4.22639E-02 -4.24745E-02 -4.23856E-02 -4.25609E-02

174086 out of 506255 gridpoints are considered ( 34.4%).

...done!




USING GREEDY MODE
Running DE in parallel with 16 thread(s)!

Starting fitting procedure for multipole expansion of atom 1 with 1 charges, trial 1
Running DE in parallel with 16 thread(s)!

Starting fitting procedure for multipole expansion of atom 1 with 1 charges, trial 1
Running DE in parallel with 16 thread(s)!

Starting fitting procedure for multipole expansion of atom 1 with 1 charges, trial 1
gen      0/2000      elitist  1.7882023E-03 feasible? T
Running DE in parallel with 16 thread(s)!

Starting fitting procedure for multipole expansion of atom 1 with 1 charges, trial 1
gen      0/2000      elitist  1.8255363E-03 feasible? T
gen      0/2000      elitist  1.8255363E-03 feasible? T
gen      0/2000      elitist  1.7882023E-03 feasible? T
population converged towards a single solution after 67 generations.
Starting local simplex optimization:
Solution before refinement:      1.7765901805E-03
population converged towards a single solution after 62 generations.
Starting local simplex optimization:
Solution before refinement:      1.7765901801E-03
Exiting simplex optimization after    34 iterations
Solution after  refinement:      1.7765901801E-03
RMSE         1.776590180E-03Hartree
NEW BEST!
Exiting simplex optimization after    35 iterations
Solution after  refinement:      1.7765901805E-03
RMSE         1.776590181E-03Hartree
NEW BEST!
population converged towards a single solution after 73 generations.
Starting local simplex optimization:
Solution before refinement:      1.7765901801E-03

Best found solution for 1 charges:
        RMSE         1.114826327E+00 kcal/mol
         MAE         8.730433768E-01 kcal/mol
     max. AE         6.734561112E+00 kcal/mol

       x[bohr]       y[bohr]       z[bohr]          q[e]
    -1.7631848     0.0862744    -0.0316636     0.0899133

Running DE in parallel with 16 thread(s)!

Starting fitting procedure for multipole expansion of atom 1 with 2 charges, trial 1
population converged towards a single solution after 74 generations.
Starting local simplex optimization:
Solution before refinement:      1.7765901803E-03
gen      0/4000      elitist  1.8450998E-03 feasible? T
Exiting simplex optimization after    34 iterations
Solution after  refinement:      1.7765901801E-03
RMSE         1.776590180E-03Hartree
NEW BEST!

Best found solution for 1 charges:
        RMSE         1.114826328E+00 kcal/mol
         MAE         8.730434981E-01 kcal/mol
     max. AE         6.734562327E+00 kcal/mol

       x[bohr]       y[bohr]       z[bohr]          q[e]
    -1.7631843     0.0862891    -0.0316772     0.0899133

Running DE in parallel with 16 thread(s)!

Starting fitting procedure for multipole expansion of atom 1 with 2 charges, trial 1
gen      0/4000      elitist  1.8450998E-03 feasible? T
Exiting simplex optimization after    34 iterations
Solution after  refinement:      1.7765901803E-03
RMSE         1.776590180E-03Hartree
NEW BEST!

Best found solution for 1 charges:
        RMSE         1.114826327E+00 kcal/mol
         MAE         8.730433189E-01 kcal/mol
     max. AE         6.734572360E+00 kcal/mol

       x[bohr]       y[bohr]       z[bohr]          q[e]
    -1.7631765     0.0862669    -0.0316578     0.0899133

Running DE in parallel with 16 thread(s)!

Starting fitting procedure for multipole expansion of atom 1 with 2 charges, trial 1
gen      0/4000      elitist  1.7580991E-03 feasible? T

Best found solution for 1 charges:
        RMSE         1.114826327E+00 kcal/mol
         MAE         8.730439312E-01 kcal/mol
     max. AE         6.734519455E+00 kcal/mol

       x[bohr]       y[bohr]       z[bohr]          q[e]
    -1.7631915     0.0862860    -0.0316618     0.0899133

Running DE in parallel with 16 thread(s)!

Starting fitting procedure for multipole expansion of atom 1 with 2 charges, trial 1
gen      0/4000      elitist  1.7580991E-03 feasible? T
gen    100/4000      elitist  1.6490545E-03 feasible? T
gen    100/4000      elitist  1.6329975E-03 feasible? T
gen    100/4000      elitist  1.6432831E-03 feasible? T
gen    100/4000      elitist  1.6535605E-03 feasible? T
gen    200/4000      elitist  1.6293749E-03 feasible? T
gen    200/4000      elitist  1.6289115E-03 feasible? T
gen    200/4000      elitist  1.6287495E-03 feasible? T
gen    200/4000      elitist  1.6343821E-03 feasible? T
gen    300/4000      elitist  1.6227790E-03 feasible? T
gen    300/4000      elitist  1.6276184E-03 feasible? T
gen    300/4000      elitist  1.6266017E-03 feasible? T
gen    300/4000      elitist  1.6273239E-03 feasible? T
gen    400/4000      elitist  1.6219953E-03 feasible? T
gen    400/4000      elitist  1.6225124E-03 feasible? T
gen    400/4000      elitist  1.6272229E-03 feasible? T
gen    400/4000      elitist  1.6215687E-03 feasible? T
gen    500/4000      elitist  1.6211718E-03 feasible? T
gen    500/4000      elitist  1.6208155E-03 feasible? T
gen    500/4000      elitist  1.6208109E-03 feasible? T
gen    500/4000      elitist  1.6208180E-03 feasible? T
gen    600/4000      elitist  1.6193354E-03 feasible? T
gen    600/4000      elitist  1.6192456E-03 feasible? T
gen    600/4000      elitist  1.6208109E-03 feasible? T
gen    600/4000      elitist  1.6195286E-03 feasible? T
gen    700/4000      elitist  1.6191676E-03 feasible? T
gen    700/4000      elitist  1.6191624E-03 feasible? T
gen    700/4000      elitist  1.6192044E-03 feasible? T
gen    700/4000      elitist  1.6191628E-03 feasible? T
gen    800/4000      elitist  1.6191533E-03 feasible? T
gen    800/4000      elitist  1.6191567E-03 feasible? T
gen    800/4000      elitist  1.6191537E-03 feasible? T
gen    800/4000      elitist  1.6191534E-03 feasible? T
gen    900/4000      elitist  1.6191532E-03 feasible? T
gen    900/4000      elitist  1.6191533E-03 feasible? T
gen    900/4000      elitist  1.6191532E-03 feasible? T
population converged towards a single solution after 914 generations.
Starting local simplex optimization:
Solution before refinement:      1.6191532146E-03
gen    900/4000      elitist  1.6191532E-03 feasible? T
 performing expansion, best =    1.6191532143615039E-003
Exiting simplex optimization after   242 iterations
Solution after  refinement:      1.6191532144E-03
RMSE         1.619153214E-03Hartree
NEW BEST!
population converged towards a single solution after 919 generations.
Starting local simplex optimization:
Solution before refinement:      1.6191532136E-03

Best found solution for 2 charges:
        RMSE         1.016033214E+00 kcal/mol
         MAE         7.962724579E-01 kcal/mol
     max. AE         6.204185275E+00 kcal/mol

       x[bohr]       y[bohr]       z[bohr]          q[e]
    -1.6525225     0.7756763    -0.4689796     0.0517213
    -2.1812726    -0.9158067     0.5540042     0.0381919

population converged towards a single solution after 967 generations.
Starting local simplex optimization:
Solution before refinement:      1.6191532148E-03
Exiting simplex optimization after   240 iterations
Solution after  refinement:      1.6191532136E-03
RMSE         1.619153214E-03Hartree
NEW BEST!

Best found solution for 2 charges:
        RMSE         1.016033214E+00 kcal/mol
         MAE         7.962732663E-01 kcal/mol
     max. AE         6.204131579E+00 kcal/mol

       x[bohr]       y[bohr]       z[bohr]          q[e]
    -2.1812579    -0.9157835     0.5540415     0.0381915
    -1.6525268     0.7756741    -0.4689884     0.0517218

gen   1000/4000      elitist  1.6191532E-03 feasible? T
population converged towards a single solution after 1016 generations.
Starting local simplex optimization:
Solution before refinement:      1.6191532142E-03
 performing expansion, best =    1.6191532145252575E-003
 performing expansion, best =    1.6191532142529931E-003
 performing expansion, best =    1.6191532138145560E-003
Exiting simplex optimization after   239 iterations
Solution after  refinement:      1.6191532138E-03
RMSE         1.619153214E-03Hartree
NEW BEST!

Best found solution for 2 charges:
        RMSE         1.016033214E+00 kcal/mol
         MAE         7.962732975E-01 kcal/mol
     max. AE         6.204129667E+00 kcal/mol

       x[bohr]       y[bohr]       z[bohr]          q[e]
    -1.6525487     0.7756722    -0.4690181     0.0517214
    -2.1811889    -0.9157571     0.5540799     0.0381918

Exiting simplex optimization after   258 iterations
Solution after  refinement:      1.6191532142E-03
RMSE         1.619153214E-03Hartree
NEW BEST!

Best found solution for 2 charges:
        RMSE         1.016033214E+00 kcal/mol
         MAE         7.962726066E-01 kcal/mol
     max. AE         6.204145000E+00 kcal/mol

       x[bohr]       y[bohr]       z[bohr]          q[e]
    -2.1812264    -0.9157520     0.5540912     0.0381922
    -1.6525276     0.7756512    -0.4690273     0.0517210

