Running in fitting mode

Reading "/home/boittier/pydcm/models/fbutadiene-9/ref/B.p.cube"...

  B.pdb Potential
  Electrostatic potential from Total SCF Density
   10   -8.963761   -6.906993   -7.147215
  116    0.166667    0.000000    0.000000
   94    0.000000    0.166667    0.000000
   89    0.000000    0.000000    0.166667
    6    6.000000   -2.451009    2.070219   -0.093423
    6    6.000000   -0.935804    0.091752    0.132037
    6    6.000000    1.735923    0.020368    0.947527
    6    6.000000    3.679089    0.227463   -0.634462
    1    1.000000   -4.413669    1.842751   -0.622655
    1    1.000000   -1.720742    3.950739    0.226720
    9    9.000000   -1.900428   -2.280943   -0.227446
    1    1.000000    2.057303   -0.375645    2.939019
    1    1.000000    3.399753    0.560525   -2.637548
    1    1.000000    5.612014    0.091306    0.031400
 -1.12724E-03 -1.17303E-03 -1.23131E-03 -1.30147E-03 -1.38262E-03 -1.47367E-03
       .            .            .            .            .            .
       .            .            .            .            .            .
       .            .            .            .            .            .
  7.27027E-03  7.26738E-03  6.84883E-03  6.90194E-03  6.94673E-03  6.98262E-03

434508 out of 970456 gridpoints are considered ( 44.8%).

...done!




 Refining solution from file/home/boittier/pydcm/models/fbutadiene-9/4-combine/12-combined.xyz
 Contains     12 charges
      Initial RMSE =         7.780460058E-01 kcal/mol
Running DE in parallel with 1 thread(s)!


User requested refinement using simplex algorithm (no DE)

 performing expansion, best =    1.1154799734868696E-003
 performing expansion, best =    1.1050811360725835E-003
 performing expansion, best =    1.1031385222075559E-003
 performing expansion, best =    1.1002710465758965E-003
 performing expansion, best =    1.0931051593627335E-003
 performing expansion, best =    1.0894393824945334E-003
 performing expansion, best =    1.0885552828060713E-003
 performing expansion, best =    1.0822463501424697E-003
 performing expansion, best =    1.0796216783366685E-003
 performing expansion, best =    1.0793664019559655E-003
 performing expansion, best =    1.0775019788803835E-003
 performing expansion, best =    1.0773593278920425E-003
 performing expansion, best =    1.0766458289098728E-003
 performing expansion, best =    1.0760169716686578E-003
 performing expansion, best =    1.0748016930844650E-003
 performing expansion, best =    1.0739617993109714E-003
 performing expansion, best =    1.0721327000591905E-003
 performing expansion, best =    1.0717274582378305E-003
 performing expansion, best =    1.0708390503750649E-003
 performing expansion, best =    1.0700259158805852E-003
 performing expansion, best =    1.0683145957992878E-003
 performing expansion, best =    1.0662108152620488E-003
 performing expansion, best =    1.0652152940301910E-003
 performing expansion, best =    1.0636826383317811E-003
 performing expansion, best =    1.0631265700905010E-003
 performing expansion, best =    1.0621577093165718E-003
 performing expansion, best =    1.0615873912145656E-003
 performing expansion, best =    1.0607074410241800E-003
 performing expansion, best =    1.0605821231820184E-003
 performing expansion, best =    1.0600777949625617E-003
 performing expansion, best =    1.0596756619402688E-003
 performing expansion, best =    1.0593046908483261E-003
 performing expansion, best =    1.0588432412540951E-003
 performing expansion, best =    1.0588154834697272E-003
 performing expansion, best =    1.0577785825990852E-003
 performing expansion, best =    1.0571032255730407E-003
 performing expansion, best =    1.0567528339847970E-003
 performing expansion, best =    1.0565732295697158E-003
 performing expansion, best =    1.0561514742944422E-003
 performing expansion, best =    1.0557582255611333E-003
 performing expansion, best =    1.0557448188353265E-003
 performing expansion, best =    1.0549359257457972E-003
 performing expansion, best =    1.0543622269564045E-003
 performing expansion, best =    1.0534528566567192E-003
 performing expansion, best =    1.0523269839605898E-003
 performing expansion, best =    1.0503209306215199E-003
 performing expansion, best =    1.0493900724939339E-003
 performing expansion, best =    1.0487368310113500E-003
 performing expansion, best =    1.0475319981476030E-003
 performing expansion, best =    1.0473345599774377E-003
 performing expansion, best =    1.0468731411564585E-003
 performing expansion, best =    1.0464870527662664E-003
 performing expansion, best =    1.0459672971305746E-003
 performing expansion, best =    1.0456819420711072E-003
 performing expansion, best =    1.0456338651739538E-003
 performing expansion, best =    1.0450950997767771E-003
 performing expansion, best =    1.0448351716820239E-003
 performing expansion, best =    1.0442821752990577E-003
 performing expansion, best =    1.0442649480197942E-003
 performing expansion, best =    1.0439767813957895E-003
 performing expansion, best =    1.0437189798383659E-003
 performing expansion, best =    1.0431247512440827E-003
 performing expansion, best =    1.0427863815037409E-003
 performing expansion, best =    1.0421809793864307E-003
 performing expansion, best =    1.0419339973986954E-003
 performing expansion, best =    1.0411700577740303E-003
 performing expansion, best =    1.0398689040376496E-003
 performing expansion, best =    1.0390328540044950E-003
 performing expansion, best =    1.0389717869797115E-003
 performing expansion, best =    1.0386924356891873E-003
 performing expansion, best =    1.0383666670829726E-003
 performing expansion, best =    1.0382327612051940E-003
 performing expansion, best =    1.0380436095806707E-003
 performing expansion, best =    1.0380400444566242E-003
 performing expansion, best =    1.0374106355968257E-003
 performing expansion, best =    1.0371379096191218E-003
 performing expansion, best =    1.0370475587435665E-003
 performing expansion, best =    1.0362941879591468E-003
 performing expansion, best =    1.0354012625753836E-003
 performing expansion, best =    1.0346339621045172E-003
 performing expansion, best =    1.0338782899558222E-003
 performing expansion, best =    1.0327845222190607E-003
 performing expansion, best =    1.0325286248645184E-003
 performing expansion, best =    1.0322696588789166E-003
 performing expansion, best =    1.0312161094998917E-003
 performing expansion, best =    1.0294622565335972E-003
 performing expansion, best =    1.0287403652993927E-003
 performing expansion, best =    1.0285623670408957E-003
 performing expansion, best =    1.0279366485630883E-003
 performing expansion, best =    1.0275280131849494E-003
 performing expansion, best =    1.0263737694841404E-003
 performing expansion, best =    1.0242031557604781E-003
 performing expansion, best =    1.0222059299436403E-003
 performing expansion, best =    1.0213011046760830E-003
 performing expansion, best =    1.0208147567404499E-003
 performing expansion, best =    1.0203480025253507E-003
 performing expansion, best =    1.0198019625383180E-003
 performing expansion, best =    1.0192936993369240E-003
 performing expansion, best =    1.0180414697203615E-003
 performing expansion, best =    1.0165581800807254E-003
 performing expansion, best =    1.0139871829841843E-003
 performing expansion, best =    1.0132830693745441E-003
 performing expansion, best =    1.0128156770489484E-003
 performing expansion, best =    1.0127034799489996E-003
 performing expansion, best =    1.0121594097593882E-003
 performing expansion, best =    1.0120941072736165E-003
 performing expansion, best =    1.0118118034605468E-003
 performing expansion, best =    1.0115658100826549E-003
 performing expansion, best =    1.0108140472200144E-003
 performing expansion, best =    1.0105035823847876E-003
 performing expansion, best =    1.0104061155844096E-003
 performing expansion, best =    1.0098605502733829E-003
 performing expansion, best =    1.0091004725849388E-003
 performing expansion, best =    1.0089449364103517E-003
 performing expansion, best =    1.0087987490010335E-003
 performing expansion, best =    1.0085573924332729E-003
 performing expansion, best =    1.0084766190312240E-003
 performing expansion, best =    1.0083724998189811E-003
 performing expansion, best =    1.0081224571261847E-003
 performing expansion, best =    1.0079753406581839E-003
 performing expansion, best =    1.0078253145205320E-003
 performing expansion, best =    1.0077598450992798E-003
 performing expansion, best =    1.0076636712087132E-003
 performing expansion, best =    1.0076200509951780E-003
 performing expansion, best =    1.0074289280081674E-003
 performing expansion, best =    1.0072342564137139E-003
 performing expansion, best =    1.0071420892341415E-003
 performing expansion, best =    1.0070972453189266E-003
 performing expansion, best =    1.0070252766375921E-003
 performing expansion, best =    1.0069528378877188E-003
 performing expansion, best =    1.0068577466073173E-003
 performing expansion, best =    1.0067001673433361E-003
 performing expansion, best =    1.0066598958334777E-003
 performing expansion, best =    1.0065841156340464E-003
 performing expansion, best =    1.0065286250061653E-003
 performing expansion, best =    1.0064924837067425E-003
 performing expansion, best =    1.0064549783370133E-003
 performing expansion, best =    1.0062931307641004E-003
 performing expansion, best =    1.0061134585539686E-003
 performing expansion, best =    1.0059110854229425E-003
 performing expansion, best =    1.0058167825243577E-003
 performing expansion, best =    1.0056451078501261E-003
 performing expansion, best =    1.0055979998018819E-003
 performing expansion, best =    1.0055197368496846E-003
 performing expansion, best =    1.0052278166116006E-003
 performing expansion, best =    1.0047018302885729E-003
 performing expansion, best =    1.0041800123586123E-003
 performing expansion, best =    1.0036008951233510E-003
 performing expansion, best =    1.0028153293225256E-003
 performing expansion, best =    1.0023246295372502E-003
 performing expansion, best =    1.0020023451900756E-003
 performing expansion, best =    1.0013639139190330E-003
 performing expansion, best =    1.0010527340373215E-003
 performing expansion, best =    1.0009850351725242E-003
 performing expansion, best =    1.0005249642511236E-003
 performing expansion, best =    9.9976722556205052E-004
 performing expansion, best =    9.9947631466993487E-004
 performing expansion, best =    9.9915363325802937E-004
 performing expansion, best =    9.9865466581610155E-004
 performing expansion, best =    9.9802654686235700E-004
 performing expansion, best =    9.9760024313543232E-004
 performing expansion, best =    9.9716593128321498E-004
 performing expansion, best =    9.9681893135909554E-004
 performing expansion, best =    9.9665770935102233E-004
 performing expansion, best =    9.9640641228070201E-004
 performing expansion, best =    9.9635816614183957E-004
 performing expansion, best =    9.9590164172319194E-004
 performing expansion, best =    9.9561432029691456E-004
 performing expansion, best =    9.9560941222559562E-004
 performing expansion, best =    9.9543764489290498E-004
 performing expansion, best =    9.9495945572022340E-004
 performing expansion, best =    9.9487363366783182E-004
 performing expansion, best =    9.9481972431788657E-004
 performing expansion, best =    9.9478789222102646E-004
 performing expansion, best =    9.9477957702287035E-004
 performing expansion, best =    9.9457618003170357E-004
 performing expansion, best =    9.9452027659727876E-004
 performing expansion, best =    9.9430576375487013E-004
 performing expansion, best =    9.9429940535699680E-004
 performing expansion, best =    9.9391278642882962E-004
 performing expansion, best =    9.9371395604694671E-004
 performing expansion, best =    9.9358075210207266E-004
 performing expansion, best =    9.9342709529222709E-004
 performing expansion, best =    9.9328239270292666E-004
 performing expansion, best =    9.9327096225510143E-004
 performing expansion, best =    9.9313834904544919E-004
 performing expansion, best =    9.9312005589901708E-004
 performing expansion, best =    9.9301646250019894E-004
 performing expansion, best =    9.9284155520737850E-004
 performing expansion, best =    9.9284022109712568E-004
 performing expansion, best =    9.9274506447712043E-004
 performing expansion, best =    9.9269552187265428E-004
 performing expansion, best =    9.9268059534526930E-004
 performing expansion, best =    9.9256503452653652E-004
 performing expansion, best =    9.9255157406053732E-004
 performing expansion, best =    9.9241405891331829E-004
 performing expansion, best =    9.9228515944540575E-004
 performing expansion, best =    9.9224930450911883E-004
 performing expansion, best =    9.9219359271294247E-004
 performing expansion, best =    9.9209265442015389E-004
 performing expansion, best =    9.9207487149275482E-004
 performing expansion, best =    9.9199652391520352E-004
 performing expansion, best =    9.9197877926394452E-004
 performing expansion, best =    9.9194526154039670E-004
 performing expansion, best =    9.9193804827295761E-004
 performing expansion, best =    9.9193024372072982E-004
 performing expansion, best =    9.9190892756920385E-004
 performing expansion, best =    9.9180986531393028E-004
 performing expansion, best =    9.9179869043333193E-004
 performing expansion, best =    9.9178389932248474E-004
 performing expansion, best =    9.9174275638433049E-004
 performing expansion, best =    9.9173357097587407E-004
 performing expansion, best =    9.9171575304278720E-004
 performing expansion, best =    9.9161776026696850E-004
 performing expansion, best =    9.9157839615794836E-004
 performing expansion, best =    9.9153166118322506E-004
 performing expansion, best =    9.9148719276103770E-004
 performing expansion, best =    9.9148503986716281E-004
 performing expansion, best =    9.9146713069218125E-004
 performing expansion, best =    9.9142214597423427E-004
 performing expansion, best =    9.9137884715948667E-004
 performing expansion, best =    9.9135166897167440E-004
 performing expansion, best =    9.9132685699217238E-004
 performing expansion, best =    9.9124243156453675E-004
 performing expansion, best =    9.9122863796164687E-004
 performing expansion, best =    9.9119510888380155E-004
 performing expansion, best =    9.9118145511380889E-004
 performing expansion, best =    9.9114755912462545E-004
 performing expansion, best =    9.9113430377640384E-004
 performing expansion, best =    9.9111384187935644E-004
 performing expansion, best =    9.9098671994968376E-004
 performing expansion, best =    9.9089623569104113E-004
 performing expansion, best =    9.9089440180476804E-004
 performing expansion, best =    9.9086260475248432E-004
 performing expansion, best =    9.9085957053074197E-004
 performing expansion, best =    9.9079874256259234E-004
 performing expansion, best =    9.9076363254496582E-004
 performing expansion, best =    9.9075072521505303E-004
 performing expansion, best =    9.9070202672974601E-004
 performing expansion, best =    9.9067612285576550E-004
 performing expansion, best =    9.9061186422651042E-004
 performing expansion, best =    9.9056115460564127E-004
 performing expansion, best =    9.9055471700835529E-004
 performing expansion, best =    9.9051485687365001E-004
 performing expansion, best =    9.9050544691305672E-004
 performing expansion, best =    9.9050271395752123E-004
 performing expansion, best =    9.9049518187970128E-004
 performing expansion, best =    9.9040788833516260E-004
 performing expansion, best =    9.9037858732204547E-004
 performing expansion, best =    9.9034653061044883E-004
 performing expansion, best =    9.9032840664021820E-004
 performing expansion, best =    9.9029675353815580E-004
 performing expansion, best =    9.9029023298945152E-004
 performing expansion, best =    9.9027771827261989E-004
 performing expansion, best =    9.9026095641145608E-004
 performing expansion, best =    9.9021897320462297E-004
 performing expansion, best =    9.9021453641640316E-004
 performing expansion, best =    9.9012909185770088E-004
 performing expansion, best =    9.9009322159616833E-004
 performing expansion, best =    9.9006461858729090E-004
 performing expansion, best =    9.9003341215727074E-004
 performing expansion, best =    9.9001376699948485E-004
 performing expansion, best =    9.8995448228709777E-004
 performing expansion, best =    9.8993889926518239E-004
 performing expansion, best =    9.8991096734858675E-004
 performing expansion, best =    9.8990449479119716E-004
 performing expansion, best =    9.8986877186861555E-004
 performing expansion, best =    9.8985222443081968E-004
 performing expansion, best =    9.8984965704374613E-004
 performing expansion, best =    9.8977236639544793E-004
 performing expansion, best =    9.8976433400314282E-004
 performing expansion, best =    9.8974179886667673E-004
 performing expansion, best =    9.8971588098955969E-004
 performing expansion, best =    9.8968665904737444E-004
 performing expansion, best =    9.8966309060033583E-004
 performing expansion, best =    9.8964556610787514E-004
 performing expansion, best =    9.8960758392428543E-004
 performing expansion, best =    9.8960209732996160E-004
 performing expansion, best =    9.8959193747757902E-004
 performing expansion, best =    9.8954574914660812E-004
 performing expansion, best =    9.8952985646067566E-004
 performing expansion, best =    9.8952189626887285E-004
 performing expansion, best =    9.8947669143497870E-004
 performing expansion, best =    9.8944779821362135E-004
 performing expansion, best =    9.8941215947342953E-004
 performing expansion, best =    9.8940617649557767E-004
 performing expansion, best =    9.8940131278902471E-004
 performing expansion, best =    9.8937261614664789E-004
 performing expansion, best =    9.8933854768253472E-004
 performing expansion, best =    9.8932449322555716E-004
 performing expansion, best =    9.8931982317625503E-004
 performing expansion, best =    9.8929952513948194E-004
 performing expansion, best =    9.8927815129739292E-004
 performing expansion, best =    9.8927022549062985E-004
 performing expansion, best =    9.8922441910523178E-004
 performing expansion, best =    9.8915434956531887E-004
 performing expansion, best =    9.8914191909273467E-004
 performing expansion, best =    9.8912517326667031E-004
 performing expansion, best =    9.8909377458168452E-004
 performing expansion, best =    9.8907423739987487E-004
 performing expansion, best =    9.8905908656975942E-004
 performing expansion, best =    9.8903939407237406E-004
 performing expansion, best =    9.8899787087173858E-004
 performing expansion, best =    9.8898415825243334E-004
 performing expansion, best =    9.8895859883463885E-004
 performing expansion, best =    9.8895146622536437E-004
 performing expansion, best =    9.8890513973499961E-004
 performing expansion, best =    9.8888759226346519E-004
 performing expansion, best =    9.8887148505455349E-004
 performing expansion, best =    9.8885790052861489E-004
 performing expansion, best =    9.8885527929142556E-004
 performing expansion, best =    9.8885398382213057E-004
 performing expansion, best =    9.8880543285684861E-004
 performing expansion, best =    9.8879924900026534E-004
 performing expansion, best =    9.8878542034847700E-004
 performing expansion, best =    9.8874012920205194E-004
 performing expansion, best =    9.8870976036030548E-004
 performing expansion, best =    9.8868730379290341E-004
 performing expansion, best =    9.8867046444210856E-004
 performing expansion, best =    9.8864181741791283E-004
 performing expansion, best =    9.8858335407124467E-004
 performing expansion, best =    9.8850722478623890E-004
 performing expansion, best =    9.8845366630457383E-004
 performing expansion, best =    9.8833383447580084E-004
 performing expansion, best =    9.8827536303402216E-004
 performing expansion, best =    9.8822023768938374E-004
 performing expansion, best =    9.8818738371094081E-004
 performing expansion, best =    9.8818124899221040E-004
 performing expansion, best =    9.8815701157592872E-004
 performing expansion, best =    9.8809257883834172E-004
 performing expansion, best =    9.8805471156596125E-004
 performing expansion, best =    9.8799799025087415E-004
 performing expansion, best =    9.8797206865183654E-004
 performing expansion, best =    9.8792317111157991E-004
 performing expansion, best =    9.8787321174703506E-004
 performing expansion, best =    9.8783820103761082E-004
 performing expansion, best =    9.8783750087624812E-004
 performing expansion, best =    9.8778582039484399E-004
 performing expansion, best =    9.8776897911784819E-004
 performing expansion, best =    9.8774735960645071E-004
 performing expansion, best =    9.8768024300655596E-004
 performing expansion, best =    9.8761206432098443E-004
 performing expansion, best =    9.8755651704013001E-004
 performing expansion, best =    9.8749759408455515E-004
 performing expansion, best =    9.8749146004652069E-004
 performing expansion, best =    9.8748545074195978E-004
 performing expansion, best =    9.8742738938818872E-004
 performing expansion, best =    9.8740364487574848E-004
 performing expansion, best =    9.8738240559652531E-004
 performing expansion, best =    9.8737337957379790E-004
 performing expansion, best =    9.8731147974554434E-004
 performing expansion, best =    9.8730493698575227E-004
 performing expansion, best =    9.8730382238806100E-004
 performing expansion, best =    9.8721330528770790E-004
 performing expansion, best =    9.8719168289727269E-004
 performing expansion, best =    9.8717482058602942E-004
 performing expansion, best =    9.8717391690095473E-004
 performing expansion, best =    9.8715488430540285E-004
 performing expansion, best =    9.8714949346542661E-004
 performing expansion, best =    9.8714755140096445E-004
 performing expansion, best =    9.8710187688467294E-004
 performing expansion, best =    9.8705166217750995E-004
 performing expansion, best =    9.8699269240135729E-004
 performing expansion, best =    9.8694661058551839E-004
 performing expansion, best =    9.8689260369176266E-004
 performing expansion, best =    9.8688129496447277E-004
 performing expansion, best =    9.8685718627626465E-004
 performing expansion, best =    9.8681982366210716E-004
 performing expansion, best =    9.8680215621939479E-004
 performing expansion, best =    9.8675884925538337E-004
 performing expansion, best =    9.8675726573049512E-004
 performing expansion, best =    9.8670699097743483E-004
 performing expansion, best =    9.8667600419054496E-004
 performing expansion, best =    9.8658169333808491E-004
 performing expansion, best =    9.8651752407693410E-004
 performing expansion, best =    9.8636432529769697E-004
 performing expansion, best =    9.8628927952094003E-004
 performing expansion, best =    9.8622972967953829E-004
 performing expansion, best =    9.8618538803121295E-004
 performing expansion, best =    9.8614196343671631E-004
 performing expansion, best =    9.8611672997519443E-004
 performing expansion, best =    9.8610502607445220E-004
 performing expansion, best =    9.8607097262216827E-004
 performing expansion, best =    9.8601897851303836E-004
 performing expansion, best =    9.8592918339970403E-004
 performing expansion, best =    9.8576849656251955E-004
 performing expansion, best =    9.8564208773427938E-004
 performing expansion, best =    9.8561701066306878E-004
 performing expansion, best =    9.8560749648042632E-004
 performing expansion, best =    9.8560171556536717E-004
 performing expansion, best =    9.8559876857559582E-004
 performing expansion, best =    9.8552410144388974E-004
 performing expansion, best =    9.8546069360661362E-004
 performing expansion, best =    9.8542165432242870E-004
 performing expansion, best =    9.8531679865415732E-004
 performing expansion, best =    9.8531440335527577E-004
 performing expansion, best =    9.8527115978888397E-004
 performing expansion, best =    9.8524159793732463E-004
 performing expansion, best =    9.8522119387642326E-004
 performing expansion, best =    9.8516115095973540E-004
 performing expansion, best =    9.8512457911099959E-004
 performing expansion, best =    9.8509211413741666E-004
 performing expansion, best =    9.8503933029751509E-004
 performing expansion, best =    9.8492496137504390E-004
 performing expansion, best =    9.8481625612957145E-004
 performing expansion, best =    9.8477121916801312E-004
 performing expansion, best =    9.8468567910560021E-004
 performing expansion, best =    9.8466366295085371E-004
 performing expansion, best =    9.8454052167244494E-004
 performing expansion, best =    9.8441985809742151E-004
 performing expansion, best =    9.8436670070853501E-004
 performing expansion, best =    9.8424258487845987E-004
 performing expansion, best =    9.8416371439676562E-004
 performing expansion, best =    9.8390068086591899E-004
 performing expansion, best =    9.8373070591891158E-004
 performing expansion, best =    9.8369536215654665E-004
 performing expansion, best =    9.8364375357625714E-004
 performing expansion, best =    9.8349201630242131E-004
 performing expansion, best =    9.8320053442542475E-004
 performing expansion, best =    9.8303604740081771E-004
 performing expansion, best =    9.8297331878705583E-004
 performing expansion, best =    9.8289460682538248E-004
 performing expansion, best =    9.8269629729943932E-004
 performing expansion, best =    9.8250331677461524E-004
 performing expansion, best =    9.8218217592462259E-004
 performing expansion, best =    9.8179963651662716E-004
 performing expansion, best =    9.8156840124368990E-004
 performing expansion, best =    9.8142280972616288E-004
 performing expansion, best =    9.8141983004307971E-004
 performing expansion, best =    9.8140529597533156E-004
 performing expansion, best =    9.8132746569996941E-004
 performing expansion, best =    9.8108442917515170E-004
 performing expansion, best =    9.8102513245491006E-004
 performing expansion, best =    9.8087939780914157E-004
 performing expansion, best =    9.8078535891032883E-004
 performing expansion, best =    9.8070282465916210E-004
 performing expansion, best =    9.8060540452540564E-004
 performing expansion, best =    9.8039629244933593E-004
 performing expansion, best =    9.8022599869627188E-004
 performing expansion, best =    9.8017132171755749E-004
 performing expansion, best =    9.8002221330668340E-004
 performing expansion, best =    9.7992589143942269E-004
 performing expansion, best =    9.7974496202234314E-004
 performing expansion, best =    9.7969548933108047E-004
 performing expansion, best =    9.7953012101614084E-004
 performing expansion, best =    9.7942968378527361E-004
 performing expansion, best =    9.7935180615732129E-004
 performing expansion, best =    9.7929021682376951E-004
 performing expansion, best =    9.7911583861546789E-004
 performing expansion, best =    9.7900928135662081E-004
 performing expansion, best =    9.7900922423771052E-004
 performing expansion, best =    9.7896681398675534E-004
 performing expansion, best =    9.7880309188811201E-004
 performing expansion, best =    9.7877143753737701E-004
 performing expansion, best =    9.7875525822814415E-004
 performing expansion, best =    9.7869358138723750E-004
 performing expansion, best =    9.7864096496622262E-004
 performing expansion, best =    9.7839633473177211E-004
 performing expansion, best =    9.7831479649433629E-004
 performing expansion, best =    9.7830715160876383E-004
 performing expansion, best =    9.7827106064819172E-004
 performing expansion, best =    9.7824189187801971E-004
 performing expansion, best =    9.7823409971505536E-004
 performing expansion, best =    9.7805821228796105E-004
 performing expansion, best =    9.7800668574248798E-004
 performing expansion, best =    9.7798218739783755E-004
 performing expansion, best =    9.7782230448724373E-004
 performing expansion, best =    9.7780585158684270E-004
 performing expansion, best =    9.7772032182055399E-004
 performing expansion, best =    9.7771808938793329E-004
 performing expansion, best =    9.7766374193388947E-004
 performing expansion, best =    9.7757397523248919E-004
 performing expansion, best =    9.7745138100820356E-004
 performing expansion, best =    9.7732570710664128E-004
 performing expansion, best =    9.7717144778641167E-004
 performing expansion, best =    9.7701656242527718E-004
 performing expansion, best =    9.7697918093920502E-004
 performing expansion, best =    9.7675031134861418E-004
 performing expansion, best =    9.7652629142697990E-004
 performing expansion, best =    9.7651064096862734E-004
 performing expansion, best =    9.7649788610306245E-004
 performing expansion, best =    9.7644154211585263E-004
 performing expansion, best =    9.7641078083473588E-004
 performing expansion, best =    9.7635844823893889E-004
 performing expansion, best =    9.7631880945687078E-004
 performing expansion, best =    9.7629019130682638E-004
 performing expansion, best =    9.7614703077759110E-004
 performing expansion, best =    9.7608556092275683E-004
 performing expansion, best =    9.7605486606216812E-004
 performing expansion, best =    9.7600291698315869E-004
 performing expansion, best =    9.7596744840601447E-004
 performing expansion, best =    9.7592128391185348E-004
 performing expansion, best =    9.7575993447580878E-004
 performing expansion, best =    9.7575962941863351E-004
 performing expansion, best =    9.7573204387429091E-004
 performing expansion, best =    9.7568119252304769E-004
 performing expansion, best =    9.7557960330409621E-004
 performing expansion, best =    9.7551054254989386E-004
 performing expansion, best =    9.7548270924883822E-004
 performing expansion, best =    9.7546660708437997E-004
 performing expansion, best =    9.7545568364628137E-004
 performing expansion, best =    9.7537354858940250E-004
 performing expansion, best =    9.7534583655252589E-004
 performing expansion, best =    9.7533039928151188E-004
 performing expansion, best =    9.7532098215611610E-004
 performing expansion, best =    9.7531527606222878E-004
 performing expansion, best =    9.7527627259799969E-004
 performing expansion, best =    9.7525740503544409E-004
 performing expansion, best =    9.7523713407170513E-004
 performing expansion, best =    9.7521333587915007E-004
 performing expansion, best =    9.7519975257052353E-004
 performing expansion, best =    9.7519787271357710E-004
 performing expansion, best =    9.7518699773944484E-004
 performing expansion, best =    9.7516113432721428E-004
 performing expansion, best =    9.7516066382764138E-004
 performing expansion, best =    9.7514148150641190E-004
 performing expansion, best =    9.7513245343572492E-004
 performing expansion, best =    9.7513228675931863E-004
 performing expansion, best =    9.7508004088293963E-004
 performing expansion, best =    9.7507952741439829E-004
 performing expansion, best =    9.7505106533212588E-004
 performing expansion, best =    9.7503367446567053E-004
 performing expansion, best =    9.7502846545021208E-004
 performing expansion, best =    9.7501910394317192E-004
 performing expansion, best =    9.7500661384191561E-004
 performing expansion, best =    9.7499573011446778E-004
 performing expansion, best =    9.7496656499249969E-004
 performing expansion, best =    9.7493965627337004E-004
 performing expansion, best =    9.7491767955467290E-004
 performing expansion, best =    9.7490297958755434E-004
 performing expansion, best =    9.7489506702324929E-004
 performing expansion, best =    9.7487185088093178E-004
 performing expansion, best =    9.7486894123582782E-004
 performing expansion, best =    9.7485772272459304E-004
 performing expansion, best =    9.7484437210393978E-004
 performing expansion, best =    9.7482091692589821E-004
 performing expansion, best =    9.7481168484057196E-004
 performing expansion, best =    9.7478119948161566E-004
 performing expansion, best =    9.7478100280051902E-004
 performing expansion, best =    9.7476170825342172E-004
 performing expansion, best =    9.7474373207402415E-004
 performing expansion, best =    9.7473080614795843E-004
 performing expansion, best =    9.7469098928730090E-004
 performing expansion, best =    9.7464376759962077E-004
 performing expansion, best =    9.7461937127795882E-004
 performing expansion, best =    9.7458994732729993E-004
 performing expansion, best =    9.7454733870104104E-004
 performing expansion, best =    9.7452004426059019E-004
 performing expansion, best =    9.7450218691024068E-004
 performing expansion, best =    9.7448095500319611E-004
 performing expansion, best =    9.7447433241099383E-004
 performing expansion, best =    9.7446087588678944E-004
 performing expansion, best =    9.7440713248089685E-004
 performing expansion, best =    9.7434926525852262E-004
 performing expansion, best =    9.7432233716482201E-004
 performing expansion, best =    9.7428821821535867E-004
 performing expansion, best =    9.7424774733941108E-004
 performing expansion, best =    9.7420994738127344E-004
 performing expansion, best =    9.7416051664863540E-004
 performing expansion, best =    9.7413357751750351E-004
 performing expansion, best =    9.7411858847663033E-004
 performing expansion, best =    9.7409894793673102E-004
 performing expansion, best =    9.7407335711067371E-004
 performing expansion, best =    9.7406883506501033E-004
 performing expansion, best =    9.7403974269986981E-004
 performing expansion, best =    9.7401622524263983E-004
 performing expansion, best =    9.7398853489802069E-004
 performing expansion, best =    9.7394334564243970E-004
 performing expansion, best =    9.7388189872594654E-004
 performing expansion, best =    9.7378654603584407E-004
 performing expansion, best =    9.7369663196541503E-004
 performing expansion, best =    9.7355745193318554E-004
 performing expansion, best =    9.7350567398942444E-004
 performing expansion, best =    9.7344318864465713E-004
 performing expansion, best =    9.7327540148049556E-004
 performing expansion, best =    9.7316232932163264E-004
 performing expansion, best =    9.7308377641691559E-004
 performing expansion, best =    9.7303799777639010E-004
 performing expansion, best =    9.7298686178249238E-004
 performing expansion, best =    9.7291771555258009E-004
 performing expansion, best =    9.7283202704495858E-004
 performing expansion, best =    9.7279877010050754E-004
 performing expansion, best =    9.7277291026036394E-004
 performing expansion, best =    9.7273038796387521E-004
 performing expansion, best =    9.7261266922519509E-004
 performing expansion, best =    9.7255486888843628E-004
 performing expansion, best =    9.7241455929328183E-004
 performing expansion, best =    9.7227105802487009E-004
 performing expansion, best =    9.7226512234405409E-004
 performing expansion, best =    9.7221444748327461E-004
 performing expansion, best =    9.7221010418089128E-004
 performing expansion, best =    9.7211675398283393E-004
 performing expansion, best =    9.7201794308455320E-004
 performing expansion, best =    9.7192904391205841E-004
 performing expansion, best =    9.7191162994933900E-004
 performing expansion, best =    9.7191016597087494E-004
 performing expansion, best =    9.7190329023323673E-004
 performing expansion, best =    9.7181523086009049E-004
 performing expansion, best =    9.7179335435452813E-004
 performing expansion, best =    9.7177567940472207E-004
 performing expansion, best =    9.7167360458008331E-004
 performing expansion, best =    9.7164189070639653E-004
 performing expansion, best =    9.7157226049388533E-004
 performing expansion, best =    9.7155789813380567E-004
 performing expansion, best =    9.7149586300177590E-004
 performing expansion, best =    9.7143916158698993E-004
 performing expansion, best =    9.7137473439471355E-004
 performing expansion, best =    9.7126915649388391E-004
 performing expansion, best =    9.7104853898224010E-004
 performing expansion, best =    9.7094100450818626E-004
 performing expansion, best =    9.7079781157353811E-004
 performing expansion, best =    9.7063721543989389E-004
 performing expansion, best =    9.7056361231868656E-004
 performing expansion, best =    9.7055734565572901E-004
 performing expansion, best =    9.7048559069688517E-004
 performing expansion, best =    9.7039354348058709E-004
 performing expansion, best =    9.7030028813655477E-004
 performing expansion, best =    9.7023423309536858E-004
 performing expansion, best =    9.7014830499813319E-004
 performing expansion, best =    9.7014233429991892E-004
 performing expansion, best =    9.7007702784070030E-004
 performing expansion, best =    9.6998843353248571E-004
 performing expansion, best =    9.6997979809885419E-004
 performing expansion, best =    9.6981198376944210E-004
 performing expansion, best =    9.6975938330466031E-004
 performing expansion, best =    9.6961748213550793E-004
 performing expansion, best =    9.6952183386229593E-004
 performing expansion, best =    9.6948489205046806E-004
 performing expansion, best =    9.6936017237625287E-004
 performing expansion, best =    9.6935596258274656E-004
 performing expansion, best =    9.6927712582014895E-004
 performing expansion, best =    9.6921922804076282E-004
 performing expansion, best =    9.6913198831069644E-004
 performing expansion, best =    9.6905848457535322E-004
 performing expansion, best =    9.6905036763062803E-004
 performing expansion, best =    9.6899080666981610E-004
 performing expansion, best =    9.6895326670431233E-004
 performing expansion, best =    9.6893223802496816E-004
 performing expansion, best =    9.6888362738435771E-004
 performing expansion, best =    9.6872213055206329E-004
 performing expansion, best =    9.6860114601558334E-004
 performing expansion, best =    9.6856337111929120E-004
 performing expansion, best =    9.6853365103091152E-004
 performing expansion, best =    9.6851811368361647E-004
 performing expansion, best =    9.6851653438764036E-004
 performing expansion, best =    9.6839272197926977E-004
 performing expansion, best =    9.6824305882827204E-004
 performing expansion, best =    9.6820273312755566E-004
 performing expansion, best =    9.6813779889462568E-004
 performing expansion, best =    9.6809330907943875E-004
 performing expansion, best =    9.6798870282389015E-004
 performing expansion, best =    9.6786437248179099E-004
 performing expansion, best =    9.6773795655292886E-004
 performing expansion, best =    9.6762015838675313E-004
 performing expansion, best =    9.6759299855663481E-004
 performing expansion, best =    9.6750252074390337E-004
 performing expansion, best =    9.6748101182641828E-004
 performing expansion, best =    9.6743687928490738E-004
 performing expansion, best =    9.6741928333790464E-004
 performing expansion, best =    9.6733089546292448E-004
 performing expansion, best =    9.6723990005828295E-004
 performing expansion, best =    9.6702768431406914E-004
 performing expansion, best =    9.6697461664499104E-004
 performing expansion, best =    9.6689878733971447E-004
 performing expansion, best =    9.6689534900226551E-004
 performing expansion, best =    9.6681463608028141E-004
 performing expansion, best =    9.6672699940558151E-004
 performing expansion, best =    9.6665661987547136E-004
 performing expansion, best =    9.6657412837996475E-004
 performing expansion, best =    9.6650350209954549E-004
 performing expansion, best =    9.6636119641594286E-004
 performing expansion, best =    9.6633363714292012E-004
 performing expansion, best =    9.6625542252512216E-004
 performing expansion, best =    9.6620778857330514E-004
 performing expansion, best =    9.6608898811702216E-004
 performing expansion, best =    9.6607396924433715E-004
 performing expansion, best =    9.6588986345603350E-004
 performing expansion, best =    9.6556612004918116E-004
 performing expansion, best =    9.6545324833442715E-004
 performing expansion, best =    9.6515183212055045E-004
 performing expansion, best =    9.6500472666635371E-004
 performing expansion, best =    9.6495250940833467E-004
 performing expansion, best =    9.6494622511920989E-004
 performing expansion, best =    9.6483961945673048E-004
 performing expansion, best =    9.6466604047001751E-004
 performing expansion, best =    9.6453207539459978E-004
 performing expansion, best =    9.6436418500365324E-004
 performing expansion, best =    9.6427582265482307E-004
 performing expansion, best =    9.6423458373557465E-004
 performing expansion, best =    9.6418660934577069E-004
 performing expansion, best =    9.6416988592598640E-004
 performing expansion, best =    9.6411695258067926E-004
 performing expansion, best =    9.6405259653600816E-004
 performing expansion, best =    9.6384741335802456E-004
 performing expansion, best =    9.6374723912733917E-004
 performing expansion, best =    9.6373413933799920E-004
 performing expansion, best =    9.6368138838841711E-004
 performing expansion, best =    9.6367192207766773E-004
 performing expansion, best =    9.6358876035022010E-004
 performing expansion, best =    9.6349197742524948E-004
 performing expansion, best =    9.6341926431280447E-004
 performing expansion, best =    9.6340390941650330E-004
 performing expansion, best =    9.6336528795330507E-004
 performing expansion, best =    9.6336052790107151E-004
 performing expansion, best =    9.6329946960586367E-004
 performing expansion, best =    9.6327507177632759E-004
 performing expansion, best =    9.6325263656891103E-004
 performing expansion, best =    9.6323690603293945E-004
 performing expansion, best =    9.6320140124564436E-004
 performing expansion, best =    9.6315507713502703E-004
 performing expansion, best =    9.6315086957592957E-004
 performing expansion, best =    9.6313888282129284E-004
 performing expansion, best =    9.6311933723884256E-004
 performing expansion, best =    9.6307397891922351E-004
 performing expansion, best =    9.6306613283416364E-004
 performing expansion, best =    9.6301980041555574E-004
 performing expansion, best =    9.6301062526583611E-004
 performing expansion, best =    9.6298930095195165E-004
 performing expansion, best =    9.6298192031094910E-004
 performing expansion, best =    9.6296866637315059E-004
 performing expansion, best =    9.6296645639728650E-004
 performing expansion, best =    9.6293326884211905E-004
 performing expansion, best =    9.6291535586972698E-004
 performing expansion, best =    9.6290655939448259E-004
 performing expansion, best =    9.6290103915411317E-004
 performing expansion, best =    9.6286426406527823E-004
 performing expansion, best =    9.6285830633659609E-004
 performing expansion, best =    9.6280499046552030E-004
 performing expansion, best =    9.6276600831539405E-004
 performing expansion, best =    9.6276371287580911E-004
 performing expansion, best =    9.6276042867596073E-004
 performing expansion, best =    9.6271369109732392E-004
 performing expansion, best =    9.6269352058018956E-004
 performing expansion, best =    9.6267545421373365E-004
 performing expansion, best =    9.6261711848718765E-004
 performing expansion, best =    9.6250266064748546E-004
 performing expansion, best =    9.6240527558225759E-004
 performing expansion, best =    9.6231568455800516E-004
 performing expansion, best =    9.6226612331207413E-004
 performing expansion, best =    9.6218671896540562E-004
 performing expansion, best =    9.6212710056825502E-004
 performing expansion, best =    9.6206008965002540E-004
 performing expansion, best =    9.6201643423949516E-004
 performing expansion, best =    9.6188419626429408E-004
 performing expansion, best =    9.6186123398811268E-004
 performing expansion, best =    9.6185275856973569E-004
 performing expansion, best =    9.6177402679465003E-004
 performing expansion, best =    9.6172330229543157E-004
 performing expansion, best =    9.6171057745665699E-004
 performing expansion, best =    9.6166172868706766E-004
 performing expansion, best =    9.6159976657690281E-004
 performing expansion, best =    9.6156413935467931E-004
 performing expansion, best =    9.6146566963958705E-004
 performing expansion, best =    9.6134244594740608E-004
 performing expansion, best =    9.6127253954519866E-004
 performing expansion, best =    9.6114779755967171E-004
 performing expansion, best =    9.6112794975347139E-004
 performing expansion, best =    9.6102077218885218E-004
 performing expansion, best =    9.6093732663079579E-004
 performing expansion, best =    9.6092371630700430E-004
 performing expansion, best =    9.6092207664932991E-004
 performing expansion, best =    9.6090074149601215E-004
 performing expansion, best =    9.6084797696606352E-004
 performing expansion, best =    9.6084382161028682E-004
 performing expansion, best =    9.6081246440461439E-004
 performing expansion, best =    9.6079601315482855E-004
 performing expansion, best =    9.6076813228469825E-004
 performing expansion, best =    9.6069065048922937E-004
 performing expansion, best =    9.6060056263909605E-004
 performing expansion, best =    9.6043626682148933E-004
 performing expansion, best =    9.6037648302025431E-004
 performing expansion, best =    9.6030778398538321E-004
 performing expansion, best =    9.6022841521826454E-004
 performing expansion, best =    9.6018362638082728E-004
 performing expansion, best =    9.6017913143498282E-004
 performing expansion, best =    9.6015659716175406E-004
 performing expansion, best =    9.6007375269474560E-004
 performing expansion, best =    9.6001813604360117E-004
 performing expansion, best =    9.5993221752981213E-004
 performing expansion, best =    9.5987742886337432E-004
 performing expansion, best =    9.5979302514273936E-004
 performing expansion, best =    9.5972457647608498E-004
 performing expansion, best =    9.5964414686773071E-004
 performing expansion, best =    9.5952489776730961E-004
 performing expansion, best =    9.5932756780681572E-004
 performing expansion, best =    9.5912898882307633E-004
 performing expansion, best =    9.5898373060243874E-004
 performing expansion, best =    9.5895439192261148E-004
 performing expansion, best =    9.5882111525270040E-004
 performing expansion, best =    9.5866379860550107E-004
 performing expansion, best =    9.5852383266916178E-004
 performing expansion, best =    9.5840731067951617E-004
 performing expansion, best =    9.5835471935788621E-004
 performing expansion, best =    9.5828298913358274E-004
 performing expansion, best =    9.5827091216702713E-004
 performing expansion, best =    9.5820141760190639E-004
 performing expansion, best =    9.5813491037639669E-004
 performing expansion, best =    9.5809109954094504E-004
 performing expansion, best =    9.5790923747287335E-004
 performing expansion, best =    9.5750304236420509E-004
 performing expansion, best =    9.5736693029975517E-004
 performing expansion, best =    9.5727414753443653E-004
 performing expansion, best =    9.5721113286587349E-004
 performing expansion, best =    9.5717845684684610E-004
 performing expansion, best =    9.5712481338472303E-004
 performing expansion, best =    9.5689807410549699E-004
 performing expansion, best =    9.5664167092748343E-004
 performing expansion, best =    9.5653252630844079E-004
 performing expansion, best =    9.5636675213515803E-004
 performing expansion, best =    9.5631022675821023E-004
 performing expansion, best =    9.5604031891365548E-004
 performing expansion, best =    9.5588626605405799E-004
 performing expansion, best =    9.5575045740353172E-004
 performing expansion, best =    9.5571877306638048E-004
 performing expansion, best =    9.5570819267181079E-004
 performing expansion, best =    9.5568493204610820E-004
 performing expansion, best =    9.5563224921203880E-004
 performing expansion, best =    9.5540792376739095E-004
 performing expansion, best =    9.5531620302887182E-004
 performing expansion, best =    9.5527118458681409E-004
 performing expansion, best =    9.5520150770532963E-004
 performing expansion, best =    9.5516902174701040E-004
 performing expansion, best =    9.5515760100349447E-004
 performing expansion, best =    9.5503699634131537E-004
 performing expansion, best =    9.5498926163486812E-004
 performing expansion, best =    9.5489004600217550E-004
 performing expansion, best =    9.5485901561512666E-004
 performing expansion, best =    9.5468670575251323E-004
 performing expansion, best =    9.5462362900806215E-004
 performing expansion, best =    9.5460816360599704E-004
 performing expansion, best =    9.5448868843317264E-004
 performing expansion, best =    9.5447615203348812E-004
 performing expansion, best =    9.5440290924554683E-004
 performing expansion, best =    9.5424649948875825E-004
 performing expansion, best =    9.5423375527767674E-004
 performing expansion, best =    9.5415871898837500E-004
 performing expansion, best =    9.5415291117338869E-004
 performing expansion, best =    9.5414884270987328E-004
 performing expansion, best =    9.5406846183091842E-004
 performing expansion, best =    9.5405503143591820E-004
 performing expansion, best =    9.5396780751299333E-004
 performing expansion, best =    9.5388362754026941E-004
 performing expansion, best =    9.5380563787570295E-004
 performing expansion, best =    9.5376460395197216E-004
 performing expansion, best =    9.5373683019202890E-004
 performing expansion, best =    9.5369024538151717E-004
 performing expansion, best =    9.5367282970319311E-004
 performing expansion, best =    9.5365824285817587E-004
 performing expansion, best =    9.5358555756619445E-004
 performing expansion, best =    9.5346636380889873E-004
 performing expansion, best =    9.5339902175847779E-004
 performing expansion, best =    9.5328718630057548E-004
 performing expansion, best =    9.5323899539153962E-004
 performing expansion, best =    9.5316368164196925E-004
 performing expansion, best =    9.5305174131805090E-004
 performing expansion, best =    9.5303425361965290E-004
 performing expansion, best =    9.5292758336906725E-004
 performing expansion, best =    9.5274367324265068E-004
 performing expansion, best =    9.5261303435187751E-004
 performing expansion, best =    9.5260313286751538E-004
 performing expansion, best =    9.5245674334065071E-004
 performing expansion, best =    9.5241064078492067E-004
 performing expansion, best =    9.5231767386403092E-004
 performing expansion, best =    9.5218125365433037E-004
 performing expansion, best =    9.5217130202650453E-004
 performing expansion, best =    9.5215987500928384E-004
 performing expansion, best =    9.5204954064812236E-004
 performing expansion, best =    9.5203322073303886E-004
 performing expansion, best =    9.5201239408752847E-004
 performing expansion, best =    9.5191391212498370E-004
 performing expansion, best =    9.5169648627414631E-004
 performing expansion, best =    9.5149899753574872E-004
 performing expansion, best =    9.5137595332288685E-004
 performing expansion, best =    9.5133889978644493E-004
 performing expansion, best =    9.5130759925329529E-004
 performing expansion, best =    9.5130535173859132E-004
 performing expansion, best =    9.5116925257583880E-004
 performing expansion, best =    9.5113473303701072E-004
 performing expansion, best =    9.5112337068998273E-004
 performing expansion, best =    9.5104620531394585E-004
 performing expansion, best =    9.5100234704629855E-004
 performing expansion, best =    9.5089813486182672E-004
 performing expansion, best =    9.5081735219784550E-004
 performing expansion, best =    9.5075059574264021E-004
 performing expansion, best =    9.5072606897125855E-004
 performing expansion, best =    9.5067083351758539E-004
 performing expansion, best =    9.5054761875457410E-004
 performing expansion, best =    9.5052655520155654E-004
 performing expansion, best =    9.5041169662842245E-004
 performing expansion, best =    9.5036846546769861E-004
 performing expansion, best =    9.5033802610689931E-004
 performing expansion, best =    9.5022676698498711E-004
 performing expansion, best =    9.5015956568253240E-004
 performing expansion, best =    9.5013448208468505E-004
 performing expansion, best =    9.5002953891887374E-004
 performing expansion, best =    9.4996936993490568E-004
 performing expansion, best =    9.4988694795544455E-004
 performing expansion, best =    9.4979601869468766E-004
 performing expansion, best =    9.4971278148487390E-004
 performing expansion, best =    9.4961922796201403E-004
 performing expansion, best =    9.4960827784344097E-004
 performing expansion, best =    9.4959642225835885E-004
 performing expansion, best =    9.4950726382657228E-004
 performing expansion, best =    9.4950014303026671E-004
 performing expansion, best =    9.4944998188821841E-004
 performing expansion, best =    9.4940247573419305E-004
 performing expansion, best =    9.4934005675016198E-004
 performing expansion, best =    9.4926815155580563E-004
 performing expansion, best =    9.4922882452658404E-004
 performing expansion, best =    9.4920850253596607E-004
 performing expansion, best =    9.4911151294156681E-004
 performing expansion, best =    9.4905480309770678E-004
 performing expansion, best =    9.4886422268483769E-004
 performing expansion, best =    9.4871722180511016E-004
 performing expansion, best =    9.4855460206121360E-004
 performing expansion, best =    9.4848357311333399E-004
 performing expansion, best =    9.4844021117171796E-004
 performing expansion, best =    9.4838800224467112E-004
 performing expansion, best =    9.4833708154598508E-004
 performing expansion, best =    9.4830415002468567E-004
 performing expansion, best =    9.4825447171401533E-004
 performing expansion, best =    9.4824745786827231E-004
 performing expansion, best =    9.4821490144356504E-004
 performing expansion, best =    9.4815535727456898E-004
 performing expansion, best =    9.4811812207394337E-004
 performing expansion, best =    9.4802304633763088E-004
 performing expansion, best =    9.4796946050136610E-004
 performing expansion, best =    9.4793417852022041E-004
 performing expansion, best =    9.4782540546972725E-004
 performing expansion, best =    9.4770120549779642E-004
 performing expansion, best =    9.4764960621663988E-004
 performing expansion, best =    9.4764388172087336E-004
 performing expansion, best =    9.4763505609350913E-004
 performing expansion, best =    9.4759902486238638E-004
 performing expansion, best =    9.4758501578957237E-004
 performing expansion, best =    9.4757692570053402E-004
 performing expansion, best =    9.4744771957878590E-004
 performing expansion, best =    9.4743088748132137E-004
 performing expansion, best =    9.4735481447089239E-004
 performing expansion, best =    9.4726349735748490E-004
 performing expansion, best =    9.4721543524204635E-004
 performing expansion, best =    9.4719140359890398E-004
 performing expansion, best =    9.4716914358185678E-004
 performing expansion, best =    9.4716188145632099E-004
 performing expansion, best =    9.4712810623849932E-004
 performing expansion, best =    9.4711031274703490E-004
 performing expansion, best =    9.4704624037036521E-004
 performing expansion, best =    9.4699014409068284E-004
 performing expansion, best =    9.4696327232206723E-004
 performing expansion, best =    9.4695570067404870E-004
 performing expansion, best =    9.4688654747669134E-004
 performing expansion, best =    9.4686366649681655E-004
 performing expansion, best =    9.4683948587510165E-004
 performing expansion, best =    9.4669841662181370E-004
 performing expansion, best =    9.4663325948360518E-004
 performing expansion, best =    9.4660665649730043E-004
 performing expansion, best =    9.4655425162168676E-004
 performing expansion, best =    9.4653461499750297E-004
 performing expansion, best =    9.4648180251828598E-004
 performing expansion, best =    9.4645526308328413E-004
 performing expansion, best =    9.4634764960419200E-004
 performing expansion, best =    9.4627843611421868E-004
 performing expansion, best =    9.4624552554286603E-004
 performing expansion, best =    9.4617922998185865E-004
 performing expansion, best =    9.4614912987709852E-004
 performing expansion, best =    9.4606440320367492E-004
 performing expansion, best =    9.4600211800084611E-004
 performing expansion, best =    9.4594820011221277E-004
 performing expansion, best =    9.4580212191661800E-004
 performing expansion, best =    9.4556531502461001E-004
 performing expansion, best =    9.4547744580850395E-004
 performing expansion, best =    9.4539821425635893E-004
 performing expansion, best =    9.4531149807501851E-004
 performing expansion, best =    9.4525294286096166E-004
 performing expansion, best =    9.4516926286882961E-004
 performing expansion, best =    9.4515866745840298E-004
 performing expansion, best =    9.4511600075327653E-004
 performing expansion, best =    9.4511570646128276E-004
 performing expansion, best =    9.4510821509614300E-004
 performing expansion, best =    9.4499635704605334E-004
 performing expansion, best =    9.4497592949489221E-004
 performing expansion, best =    9.4490128318156137E-004
 performing expansion, best =    9.4485933604709276E-004
 performing expansion, best =    9.4484190846147421E-004
 performing expansion, best =    9.4484046485287067E-004
 performing expansion, best =    9.4479431116121213E-004
 performing expansion, best =    9.4475808749564134E-004
 performing expansion, best =    9.4473324385971065E-004
 performing expansion, best =    9.4469795193667736E-004
 performing expansion, best =    9.4468247523916255E-004
 performing expansion, best =    9.4467963506168556E-004
 performing expansion, best =    9.4467833254611110E-004
 performing expansion, best =    9.4465956386506080E-004
 performing expansion, best =    9.4465260030572931E-004
 performing expansion, best =    9.4463767004482053E-004
 performing expansion, best =    9.4463481391036681E-004
 performing expansion, best =    9.4461598180310604E-004
 performing expansion, best =    9.4461280569103987E-004
 performing expansion, best =    9.4460209610049866E-004
 performing expansion, best =    9.4458075231735694E-004
 performing expansion, best =    9.4457959189878603E-004
 performing expansion, best =    9.4456766015943547E-004
 performing expansion, best =    9.4456185927932327E-004
 performing expansion, best =    9.4455690523088877E-004
 performing expansion, best =    9.4453799572167543E-004
 performing expansion, best =    9.4451922187860111E-004
Exiting simplex optimization after 10001 iterations
RMSE         9.445192219E-04 Hartree
NEW BEST!
Best found solution for 12 charges:
        RMSE         5.926943124E-01 kcal/mol
         MAE         3.387391953E-01 kcal/mol
     max. AE         6.927502456E+00 kcal/mol

       x[bohr]       y[bohr]       z[bohr]          q[e]
     2.8676782     0.1846441    -0.5505489    -0.3219841
     3.4199917     0.5628945    -2.8902906     0.1298489
     5.6610272     0.0312778     0.3047906     0.1388929
     1.7481260     0.0766794     0.6191657    -0.9025460
     0.9653314     0.0957332     0.2654076     0.8774805
     2.5155013    -0.4091485     2.8906377     0.1596712
    -1.6836098    -2.5800249    -0.2804350    -0.2285475
    -0.3407072     0.8570612     0.1928609    -0.5766989
    -0.1359784     0.5238253     0.2289991     0.9214821
    -4.0522581     1.7929897    -0.5577514     0.2968565
    -2.1466474     2.1217372    -0.0751590    -0.8105719
    -1.6586372     3.7485730     0.2088208     0.3161163

