Running in fitting mode

Reading "/home/boittier/pydcm/models/amide1/ref/amide1.pdb.chk.p.cube"...

Running in fitting mode

Reading "/home/boittier/pydcm/models/amide1/ref/amide1.pdb.chk.p.cube"...

Running in fitting mode

Reading "/home/boittier/pydcm/models/amide1/ref/amide1.pdb.chk.p.cube"...

Running in fitting mode

Reading "/home/boittier/pydcm/models/amide1/ref/amide1.pdb.chk.p.cube"...

Running in fitting mode

Reading "/home/boittier/pydcm/models/amide1/ref/amide1.pdb.chk.p.cube"...

Running in fitting mode

Reading "/home/boittier/pydcm/models/amide1/ref/amide1.pdb.chk.p.cube"...

Running in fitting mode

Reading "/home/boittier/pydcm/models/amide1/ref/amide1.pdb.chk.p.cube"...

Running in fitting mode

Reading "/home/boittier/pydcm/models/amide1/ref/amide1.pdb.chk.p.cube"...

  amide1.pdb Potential
  Electrostatic potential from Total SCF Density
  amide1.pdb Potential
  Electrostatic potential from Total SCF Density
  amide1.pdb Potential
  Electrostatic potential from Total SCF Density
  amide1.pdb Potential
  Electrostatic potential from Total SCF Density
   12  -10.223254   -7.531078   -6.514600
  102    0.200530    0.000000    0.000000
   12  -10.223254   -7.531078   -6.514600
  102    0.200530    0.000000    0.000000
   76    0.000000    0.200530    0.000000
   66    0.000000    0.000000    0.200530
   76    0.000000    0.200530    0.000000
   66    0.000000    0.000000    0.200530
   12  -10.223254   -7.531078   -6.514600
  102    0.200530    0.000000    0.000000
   76    0.000000    0.200530    0.000000
   66    0.000000    0.000000    0.200530
    6    6.000000    3.459052   -1.018326   -0.001098
   12  -10.223254   -7.531078   -6.514600
  102    0.200530    0.000000    0.000000
   76    0.000000    0.200530    0.000000
    6    6.000000    3.459052   -1.018326   -0.001098
    6    6.000000    0.912949    0.306382    0.002044
    1    1.000000    4.539280   -0.375166    1.634531
    1    1.000000   -0.922347   -3.113256    0.004047
   66    0.000000    0.000000    0.200530
    6    6.000000    0.912949    0.306382    0.002044
    1    1.000000    4.539280   -0.375166    1.634531
    1    1.000000   -0.922347   -3.113256    0.004047
    6    6.000000    3.459052   -1.018326   -0.001098
    6    6.000000    0.912949    0.306382    0.002044
    1    1.000000    4.539280   -0.375166    1.634531
    1    1.000000   -0.922347   -3.113256    0.004047
    1    1.000000    3.325783   -3.077563    0.045150
    1    1.000000   -4.034328    0.971752    1.669280
    1    1.000000   -4.025496    0.977610   -1.670480
    7    7.000000   -1.159429   -1.226811    0.002654
    1    1.000000    3.325783   -3.077563    0.045150
    1    1.000000   -4.034328    0.971752    1.669280
    1    1.000000   -4.025496    0.977610   -1.670480
    7    7.000000   -1.159429   -1.226811    0.002654
    8    8.000000    0.727988    2.607744    0.000511
    6    6.000000   -3.710502   -0.196658   -0.001848
    1    1.000000    4.496715   -0.449918   -1.691790
    1    1.000000    3.325783   -3.077563    0.045150
    1    1.000000   -4.034328    0.971752    1.669280
    1    1.000000   -4.025496    0.977610   -1.670480
    7    7.000000   -1.159429   -1.226811    0.002654
    8    8.000000    0.727988    2.607744    0.000511
    8    8.000000    0.727988    2.607744    0.000511
    6    6.000000   -3.710502   -0.196658   -0.001848
    1    1.000000    4.496715   -0.449918   -1.691790
    1    1.000000   -5.056509   -1.756118   -0.007992
    6    6.000000    3.459052   -1.018326   -0.001098
    6    6.000000    0.912949    0.306382    0.002044
    1    1.000000    4.539280   -0.375166    1.634531
    1    1.000000   -5.056509   -1.756118   -0.007992
    6    6.000000   -3.710502   -0.196658   -0.001848
    1    1.000000    4.496715   -0.449918   -1.691790
    1    1.000000   -5.056509   -1.756118   -0.007992
    1    1.000000   -0.922347   -3.113256    0.004047
    1    1.000000    3.325783   -3.077563    0.045150
    1    1.000000   -4.034328    0.971752    1.669280
    1    1.000000   -4.025496    0.977610   -1.670480
    7    7.000000   -1.159429   -1.226811    0.002654
    8    8.000000    0.727988    2.607744    0.000511
    6    6.000000   -3.710502   -0.196658   -0.001848
    1    1.000000    4.496715   -0.449918   -1.691790
    1    1.000000   -5.056509   -1.756118   -0.007992
  amide1.pdb Potential
  Electrostatic potential from Total SCF Density
   12  -10.223254   -7.531078   -6.514600
  102    0.200530    0.000000    0.000000
   76    0.000000    0.200530    0.000000
   66    0.000000    0.000000    0.200530
  amide1.pdb Potential
  Electrostatic potential from Total SCF Density
    6    6.000000    3.459052   -1.018326   -0.001098
    6    6.000000    0.912949    0.306382    0.002044
    1    1.000000    4.539280   -0.375166    1.634531
    1    1.000000   -0.922347   -3.113256    0.004047
    1    1.000000    3.325783   -3.077563    0.045150
    1    1.000000   -4.034328    0.971752    1.669280
    1    1.000000   -4.025496    0.977610   -1.670480
    7    7.000000   -1.159429   -1.226811    0.002654
   12  -10.223254   -7.531078   -6.514600
  102    0.200530    0.000000    0.000000
   76    0.000000    0.200530    0.000000
   66    0.000000    0.000000    0.200530
    8    8.000000    0.727988    2.607744    0.000511
    6    6.000000   -3.710502   -0.196658   -0.001848
    1    1.000000    4.496715   -0.449918   -1.691790
    1    1.000000   -5.056509   -1.756118   -0.007992
    6    6.000000    3.459052   -1.018326   -0.001098
    6    6.000000    0.912949    0.306382    0.002044
    1    1.000000    4.539280   -0.375166    1.634531
    1    1.000000   -0.922347   -3.113256    0.004047
    1    1.000000    3.325783   -3.077563    0.045150
    1    1.000000   -4.034328    0.971752    1.669280
    1    1.000000   -4.025496    0.977610   -1.670480
    7    7.000000   -1.159429   -1.226811    0.002654
    8    8.000000    0.727988    2.607744    0.000511
    6    6.000000   -3.710502   -0.196658   -0.001848
    1    1.000000    4.496715   -0.449918   -1.691790
    1    1.000000   -5.056509   -1.756118   -0.007992
  amide1.pdb Potential
  Electrostatic potential from Total SCF Density
   12  -10.223254   -7.531078   -6.514600
  102    0.200530    0.000000    0.000000
   76    0.000000    0.200530    0.000000
   66    0.000000    0.000000    0.200530
    6    6.000000    3.459052   -1.018326   -0.001098
    6    6.000000    0.912949    0.306382    0.002044
    1    1.000000    4.539280   -0.375166    1.634531
    1    1.000000   -0.922347   -3.113256    0.004047
    1    1.000000    3.325783   -3.077563    0.045150
    1    1.000000   -4.034328    0.971752    1.669280
    1    1.000000   -4.025496    0.977610   -1.670480
    7    7.000000   -1.159429   -1.226811    0.002654
    8    8.000000    0.727988    2.607744    0.000511
    6    6.000000   -3.710502   -0.196658   -0.001848
    1    1.000000    4.496715   -0.449918   -1.691790
    1    1.000000   -5.056509   -1.756118   -0.007992
  amide1.pdb Potential
  Electrostatic potential from Total SCF Density
   12  -10.223254   -7.531078   -6.514600
  102    0.200530    0.000000    0.000000
   76    0.000000    0.200530    0.000000
   66    0.000000    0.000000    0.200530
    6    6.000000    3.459052   -1.018326   -0.001098
    6    6.000000    0.912949    0.306382    0.002044
    1    1.000000    4.539280   -0.375166    1.634531
    1    1.000000   -0.922347   -3.113256    0.004047
    1    1.000000    3.325783   -3.077563    0.045150
    1    1.000000   -4.034328    0.971752    1.669280
    1    1.000000   -4.025496    0.977610   -1.670480
    7    7.000000   -1.159429   -1.226811    0.002654
    8    8.000000    0.727988    2.607744    0.000511
    6    6.000000   -3.710502   -0.196658   -0.001848
    1    1.000000    4.496715   -0.449918   -1.691790
    1    1.000000   -5.056509   -1.756118   -0.007992
  9.34607E-03  9.36671E-03  9.36543E-03  9.34225E-03  9.08302E-03  9.16666E-03
       .            .            .            .            .            .
       .            .            .            .            .            .
       .            .            .            .            .            .
  3.24367E-03  2.79955E-03  7.49419E-04  3.72422E-04 -7.84459E-03 -8.02457E-03

116892 out of 511632 gridpoints are considered ( 22.8%).
  9.34607E-03  9.36671E-03  9.36543E-03  9.34225E-03  9.08302E-03  9.16666E-03
       .            .            .            .            .            .
       .            .            .            .            .            .
       .            .            .            .            .            .
  3.24367E-03  2.79955E-03  7.49419E-04  3.72422E-04 -7.84459E-03 -8.02457E-03

116892 out of 511632 gridpoints are considered ( 22.8%).

...done!





...done!




USING GREEDY MODE
USING GREEDY MODE
  9.34607E-03  9.36671E-03  9.36543E-03  9.34225E-03  9.08302E-03  9.16666E-03
       .            .            .            .            .            .
       .            .            .            .            .            .
       .            .            .            .            .            .
  3.24367E-03  2.79955E-03  7.49419E-04  3.72422E-04 -7.84459E-03 -8.02457E-03

116892 out of 511632 gridpoints are considered ( 22.8%).

...done!




USING GREEDY MODE
  9.34607E-03  9.36671E-03  9.36543E-03  9.34225E-03  9.08302E-03  9.16666E-03
       .            .            .            .            .            .
       .            .            .            .            .            .
       .            .            .            .            .            .
  3.24367E-03  2.79955E-03  7.49419E-04  3.72422E-04 -7.84459E-03 -8.02457E-03

116892 out of 511632 gridpoints are considered ( 22.8%).

...done!




USING GREEDY MODE
File "multipole10_1charges.xyz" already exists. Fitting procedure is skipped.
File "multipole10_1charges.xyz" already exists. Fitting procedure is skipped.
File "multipole10_1charges.xyz" already exists. Fitting procedure is skipped.
File "multipole10_1charges.xyz" already exists. Fitting procedure is skipped.
File "multipole10_2charges.xyz" already exists. Fitting procedure is skipped.
File "multipole10_2charges.xyz" already exists. Fitting procedure is skipped.
File "multipole10_2charges.xyz" already exists. Fitting procedure is skipped.
File "multipole10_2charges.xyz" already exists. Fitting procedure is skipped.
File "multipole10_3charges.xyz" already exists. Fitting procedure is skipped.
File "multipole10_3charges.xyz" already exists. Fitting procedure is skipped.
File "multipole10_3charges.xyz" already exists. Fitting procedure is skipped.
File "multipole10_3charges.xyz" already exists. Fitting procedure is skipped.
File "multipole10_4charges.xyz" already exists. Fitting procedure is skipped.
File "multipole10_4charges.xyz" already exists. Fitting procedure is skipped.
File "multipole10_4charges.xyz" already exists. Fitting procedure is skipped.
File "multipole10_4charges.xyz" already exists. Fitting procedure is skipped.
  9.34607E-03  9.36671E-03  9.36543E-03  9.34225E-03  9.08302E-03  9.16666E-03
       .            .            .            .            .            .
       .            .            .            .            .            .
       .            .            .            .            .            .
  3.24367E-03  2.79955E-03  7.49419E-04  3.72422E-04 -7.84459E-03 -8.02457E-03

116892 out of 511632 gridpoints are considered ( 22.8%).

...done!




USING GREEDY MODE
  9.34607E-03  9.36671E-03  9.36543E-03  9.34225E-03  9.08302E-03  9.16666E-03
       .            .            .            .            .            .
       .            .            .            .            .            .
       .            .            .            .            .            .
  3.24367E-03  2.79955E-03  7.49419E-04  3.72422E-04 -7.84459E-03 -8.02457E-03

116892 out of 511632 gridpoints are considered ( 22.8%).

...done!




USING GREEDY MODE
  9.34607E-03  9.36671E-03  9.36543E-03  9.34225E-03  9.08302E-03  9.16666E-03
       .            .            .            .            .            .
       .            .            .            .            .            .
       .            .            .            .            .            .
  3.24367E-03  2.79955E-03  7.49419E-04  3.72422E-04 -7.84459E-03 -8.02457E-03

116892 out of 511632 gridpoints are considered ( 22.8%).

...done!




USING GREEDY MODE
  9.34607E-03  9.36671E-03  9.36543E-03  9.34225E-03  9.08302E-03  9.16666E-03
       .            .            .            .            .            .
       .            .            .            .            .            .
       .            .            .            .            .            .
  3.24367E-03  2.79955E-03  7.49419E-04  3.72422E-04 -7.84459E-03 -8.02457E-03

116892 out of 511632 gridpoints are considered ( 22.8%).

...done!




USING GREEDY MODE
File "multipole6_1charges.xyz" already exists. Fitting procedure is skipped.
File "multipole6_1charges.xyz" already exists. Fitting procedure is skipped.
File "multipole6_1charges.xyz" already exists. Fitting procedure is skipped.
File "multipole6_1charges.xyz" already exists. Fitting procedure is skipped.
File "multipole6_2charges.xyz" already exists. Fitting procedure is skipped.
File "multipole6_2charges.xyz" already exists. Fitting procedure is skipped.
File "multipole6_2charges.xyz" already exists. Fitting procedure is skipped.
File "multipole6_2charges.xyz" already exists. Fitting procedure is skipped.
File "multipole6_3charges.xyz" already exists. Fitting procedure is skipped.
File "multipole6_3charges.xyz" already exists. Fitting procedure is skipped.
File "multipole6_3charges.xyz" already exists. Fitting procedure is skipped.
File "multipole6_3charges.xyz" already exists. Fitting procedure is skipped.
File "multipole6_4charges.xyz" already exists. Fitting procedure is skipped.
File "multipole6_4charges.xyz" already exists. Fitting procedure is skipped.
File "multipole6_4charges.xyz" already exists. Fitting procedure is skipped.
File "multipole6_4charges.xyz" already exists. Fitting procedure is skipped.
File "multipole10_1charges.xyz" already exists. Fitting procedure is skipped.
File "multipole10_2charges.xyz" already exists. Fitting procedure is skipped.
File "multipole10_3charges.xyz" already exists. Fitting procedure is skipped.
File "multipole10_4charges.xyz" already exists. Fitting procedure is skipped.
File "multipole10_1charges.xyz" already exists. Fitting procedure is skipped.
File "multipole10_2charges.xyz" already exists. Fitting procedure is skipped.
File "multipole10_1charges.xyz" already exists. Fitting procedure is skipped.
File "multipole10_2charges.xyz" already exists. Fitting procedure is skipped.
File "multipole10_3charges.xyz" already exists. Fitting procedure is skipped.
File "multipole10_3charges.xyz" already exists. Fitting procedure is skipped.
File "multipole10_4charges.xyz" already exists. Fitting procedure is skipped.
File "multipole10_4charges.xyz" already exists. Fitting procedure is skipped.
File "multipole10_1charges.xyz" already exists. Fitting procedure is skipped.
File "multipole10_2charges.xyz" already exists. Fitting procedure is skipped.
File "multipole10_3charges.xyz" already exists. Fitting procedure is skipped.
File "multipole10_4charges.xyz" already exists. Fitting procedure is skipped.
File "multipole12_1charges.xyz" already exists. Fitting procedure is skipped.
File "multipole12_1charges.xyz" already exists. Fitting procedure is skipped.
File "multipole12_1charges.xyz" already exists. Fitting procedure is skipped.
File "multipole12_1charges.xyz" already exists. Fitting procedure is skipped.
File "multipole12_2charges.xyz" already exists. Fitting procedure is skipped.
File "multipole12_2charges.xyz" already exists. Fitting procedure is skipped.
File "multipole12_2charges.xyz" already exists. Fitting procedure is skipped.
File "multipole12_2charges.xyz" already exists. Fitting procedure is skipped.
File "multipole12_3charges.xyz" already exists. Fitting procedure is skipped.
File "multipole12_3charges.xyz" already exists. Fitting procedure is skipped.
File "multipole12_3charges.xyz" already exists. Fitting procedure is skipped.
File "multipole12_3charges.xyz" already exists. Fitting procedure is skipped.
File "multipole6_1charges.xyz" already exists. Fitting procedure is skipped.
File "multipole6_2charges.xyz" already exists. Fitting procedure is skipped.
File "multipole12_4charges.xyz" already exists. Fitting procedure is skipped.
File "multipole12_4charges.xyz" already exists. Fitting procedure is skipped.
File "multipole12_4charges.xyz" already exists. Fitting procedure is skipped.
File "multipole12_4charges.xyz" already exists. Fitting procedure is skipped.
File "multipole6_3charges.xyz" already exists. Fitting procedure is skipped.
File "multipole6_4charges.xyz" already exists. Fitting procedure is skipped.
File "multipole6_1charges.xyz" already exists. Fitting procedure is skipped.
File "multipole6_1charges.xyz" already exists. Fitting procedure is skipped.
File "multipole6_2charges.xyz" already exists. Fitting procedure is skipped.
File "multipole6_2charges.xyz" already exists. Fitting procedure is skipped.
File "multipole6_3charges.xyz" already exists. Fitting procedure is skipped.
File "multipole6_3charges.xyz" already exists. Fitting procedure is skipped.
File "multipole6_4charges.xyz" already exists. Fitting procedure is skipped.
File "multipole6_4charges.xyz" already exists. Fitting procedure is skipped.
File "multipole6_1charges.xyz" already exists. Fitting procedure is skipped.
File "multipole6_2charges.xyz" already exists. Fitting procedure is skipped.
File "multipole6_3charges.xyz" already exists. Fitting procedure is skipped.
File "multipole6_4charges.xyz" already exists. Fitting procedure is skipped.
File "multipole12_1charges.xyz" already exists. Fitting procedure is skipped.
File "multipole12_2charges.xyz" already exists. Fitting procedure is skipped.
File "multipole12_3charges.xyz" already exists. Fitting procedure is skipped.
File "multipole12_4charges.xyz" already exists. Fitting procedure is skipped.
File "multipole7_1charges.xyz" already exists. Fitting procedure is skipped.
File "multipole7_1charges.xyz" already exists. Fitting procedure is skipped.
File "multipole7_1charges.xyz" already exists. Fitting procedure is skipped.
File "multipole7_1charges.xyz" already exists. Fitting procedure is skipped.
File "multipole7_2charges.xyz" already exists. Fitting procedure is skipped.
File "multipole7_2charges.xyz" already exists. Fitting procedure is skipped.
File "multipole7_2charges.xyz" already exists. Fitting procedure is skipped.
File "multipole7_2charges.xyz" already exists. Fitting procedure is skipped.
File "multipole12_1charges.xyz" already exists. Fitting procedure is skipped.
File "multipole12_2charges.xyz" already exists. Fitting procedure is skipped.
File "multipole12_3charges.xyz" already exists. Fitting procedure is skipped.
File "multipole12_1charges.xyz" already exists. Fitting procedure is skipped.
File "multipole7_3charges.xyz" already exists. Fitting procedure is skipped.
File "multipole7_3charges.xyz" already exists. Fitting procedure is skipped.
File "multipole7_3charges.xyz" already exists. Fitting procedure is skipped.
File "multipole7_3charges.xyz" already exists. Fitting procedure is skipped.
File "multipole12_2charges.xyz" already exists. Fitting procedure is skipped.
File "multipole12_4charges.xyz" already exists. Fitting procedure is skipped.
File "multipole7_4charges.xyz" already exists. Fitting procedure is skipped.
File "multipole7_4charges.xyz" already exists. Fitting procedure is skipped.
File "multipole7_4charges.xyz" already exists. Fitting procedure is skipped.
File "multipole7_4charges.xyz" already exists. Fitting procedure is skipped.
File "multipole12_3charges.xyz" already exists. Fitting procedure is skipped.
File "multipole12_1charges.xyz" already exists. Fitting procedure is skipped.
File "multipole12_2charges.xyz" already exists. Fitting procedure is skipped.
File "multipole12_4charges.xyz" already exists. Fitting procedure is skipped.
Fragment fit detected
Fitting to MTP grid, discarding reference MEP cube data
Subsequent stats etc. are compared to MTP data, not the
MEP from the reference cube file
Fragment fit detected
Fitting to MTP grid, discarding reference MEP cube data
Subsequent stats etc. are compared to MTP data, not the
MEP from the reference cube file
Fragment fit detected
Fitting to MTP grid, discarding reference MEP cube data
Subsequent stats etc. are compared to MTP data, not the
MEP from the reference cube file
Fragment fit detected
Fitting to MTP grid, discarding reference MEP cube data
Subsequent stats etc. are compared to MTP data, not the
MEP from the reference cube file
File "multipole12_3charges.xyz" already exists. Fitting procedure is skipped.
File "multipole12_4charges.xyz" already exists. Fitting procedure is skipped.
File "multipole7_1charges.xyz" already exists. Fitting procedure is skipped.
File "multipole7_2charges.xyz" already exists. Fitting procedure is skipped.
File "multipole7_3charges.xyz" already exists. Fitting procedure is skipped.
File "multipole7_4charges.xyz" already exists. Fitting procedure is skipped.
Fragment fit detected
Fitting to MTP grid, discarding reference MEP cube data
Subsequent stats etc. are compared to MTP data, not the
MEP from the reference cube file
File "multipole7_1charges.xyz" already exists. Fitting procedure is skipped.
File "multipole7_2charges.xyz" already exists. Fitting procedure is skipped.
File "multipole7_3charges.xyz" already exists. Fitting procedure is skipped.
File "multipole7_4charges.xyz" already exists. Fitting procedure is skipped.
File "multipole7_1charges.xyz" already exists. Fitting procedure is skipped.
File "multipole7_2charges.xyz" already exists. Fitting procedure is skipped.
Fragment fit detected
Fitting to MTP grid, discarding reference MEP cube data
Subsequent stats etc. are compared to MTP data, not the
MEP from the reference cube file
File "multipole7_3charges.xyz" already exists. Fitting procedure is skipped.
File "multipole7_1charges.xyz" already exists. Fitting procedure is skipped.
File "multipole7_4charges.xyz" already exists. Fitting procedure is skipped.
File "multipole7_2charges.xyz" already exists. Fitting procedure is skipped.
File "multipole7_3charges.xyz" already exists. Fitting procedure is skipped.
Fragment fit detected
Fitting to MTP grid, discarding reference MEP cube data
Subsequent stats etc. are compared to MTP data, not the
MEP from the reference cube file
File "multipole7_4charges.xyz" already exists. Fitting procedure is skipped.
Fragment fit detected
Fitting to MTP grid, discarding reference MEP cube data
Subsequent stats etc. are compared to MTP data, not the
MEP from the reference cube file
Total fragment charge (a.u.):         2.104288639E-01
Running DE in parallel with 8 thread(s)!

Starting fitting procedure for 3 charges, trial 1
Total fragment charge (a.u.):         2.104288639E-01
Running DE in parallel with 8 thread(s)!

Starting fitting procedure for 3 charges, trial 1
Total fragment charge (a.u.):         2.104288639E-01
Running DE in parallel with 8 thread(s)!

Starting fitting procedure for 3 charges, trial 1
Total fragment charge (a.u.):         2.104288639E-01
Running DE in parallel with 8 thread(s)!

Starting fitting procedure for 3 charges, trial 1
Total fragment charge (a.u.):         2.104288639E-01
Running DE in parallel with 8 thread(s)!

Starting fitting procedure for 3 charges, trial 1
Total fragment charge (a.u.):         2.104288639E-01
Running DE in parallel with 8 thread(s)!

Starting fitting procedure for 3 charges, trial 1
Total fragment charge (a.u.):         2.104288639E-01
Running DE in parallel with 8 thread(s)!

Starting fitting procedure for 3 charges, trial 1
Total fragment charge (a.u.):         2.104288639E-01
Running DE in parallel with 8 thread(s)!

Starting fitting procedure for 3 charges, trial 1
gen      0/6000      elitist  2.4033791E-03 feasible? T
gen      0/6000      elitist  4.6752049E-03 feasible? T
gen      0/6000      elitist  2.4033791E-03 feasible? T
gen      0/6000      elitist  4.6752049E-03 feasible? T
gen      0/6000      elitist  4.6752049E-03 feasible? T
gen      0/6000      elitist  2.4033791E-03 feasible? T
gen      0/6000      elitist  2.4033791E-03 feasible? T
gen      0/6000      elitist  4.6752049E-03 feasible? T
gen    100/6000      elitist  1.4646766E-03 feasible? T
gen    100/6000      elitist  1.5324646E-03 feasible? T
gen    100/6000      elitist  1.4961582E-03 feasible? T
gen    100/6000      elitist  1.5330694E-03 feasible? T
gen    100/6000      elitist  1.4184677E-03 feasible? T
gen    100/6000      elitist  1.5157713E-03 feasible? T
gen    100/6000      elitist  1.2948412E-03 feasible? T
gen    100/6000      elitist  1.4589431E-03 feasible? T
gen    200/6000      elitist  1.4053260E-03 feasible? T
gen    200/6000      elitist  1.3977923E-03 feasible? T
gen    200/6000      elitist  1.1885018E-03 feasible? T
gen    200/6000      elitist  1.3610753E-03 feasible? T
gen    200/6000      elitist  1.2961251E-03 feasible? T
gen    200/6000      elitist  1.4544223E-03 feasible? T
gen    200/6000      elitist  1.5068658E-03 feasible? T
gen    200/6000      elitist  1.4883746E-03 feasible? T
gen    300/6000      elitist  1.4215654E-03 feasible? T
gen    300/6000      elitist  1.4883746E-03 feasible? T
gen    300/6000      elitist  1.1586567E-03 feasible? T
gen    300/6000      elitist  1.3621446E-03 feasible? T
gen    300/6000      elitist  1.3870389E-03 feasible? T
gen    300/6000      elitist  1.3974519E-03 feasible? T
gen    300/6000      elitist  1.3257753E-03 feasible? T
gen    300/6000      elitist  1.2665044E-03 feasible? T
gen    400/6000      elitist  1.3944395E-03 feasible? T
gen    400/6000      elitist  1.1512826E-03 feasible? T
gen    400/6000      elitist  1.4846016E-03 feasible? T
gen    400/6000      elitist  1.3601383E-03 feasible? T
gen    400/6000      elitist  1.3607275E-03 feasible? T
gen    400/6000      elitist  1.3709407E-03 feasible? T
gen    400/6000      elitist  1.3218432E-03 feasible? T
gen    400/6000      elitist  1.2586177E-03 feasible? T
gen    500/6000      elitist  1.1508009E-03 feasible? T
gen    500/6000      elitist  1.3469500E-03 feasible? T
gen    500/6000      elitist  1.3595049E-03 feasible? T
gen    500/6000      elitist  1.4843626E-03 feasible? T
gen    500/6000      elitist  1.3211921E-03 feasible? T
gen    500/6000      elitist  1.2558604E-03 feasible? T
gen    500/6000      elitist  1.3695912E-03 feasible? T
gen    500/6000      elitist  1.3595084E-03 feasible? T
gen    600/6000      elitist  1.1506943E-03 feasible? T
gen    600/6000      elitist  1.3594500E-03 feasible? T
gen    600/6000      elitist  1.3409224E-03 feasible? T
gen    600/6000      elitist  1.4730818E-03 feasible? T
gen    600/6000      elitist  1.2556799E-03 feasible? T
gen    600/6000      elitist  1.3594672E-03 feasible? T
gen    600/6000      elitist  1.3211648E-03 feasible? T
gen    600/6000      elitist  1.3632287E-03 feasible? T
gen    700/6000      elitist  1.1489003E-03 feasible? T
gen    700/6000      elitist  1.3396904E-03 feasible? T
gen    700/6000      elitist  1.3594438E-03 feasible? T
gen    700/6000      elitist  1.4725609E-03 feasible? T
gen    700/6000      elitist  1.3594473E-03 feasible? T
gen    700/6000      elitist  1.2926052E-03 feasible? T
gen    700/6000      elitist  1.3598328E-03 feasible? T
gen    700/6000      elitist  1.2556608E-03 feasible? T
gen    800/6000      elitist  1.1488909E-03 feasible? T
gen    800/6000      elitist  1.4724330E-03 feasible? T
gen    800/6000      elitist  1.3594639E-03 feasible? T
gen    800/6000      elitist  1.3394451E-03 feasible? T
gen    800/6000      elitist  1.3594434E-03 feasible? T
gen    800/6000      elitist  1.3594434E-03 feasible? T
gen    800/6000      elitist  1.2903939E-03 feasible? T
gen    800/6000      elitist  1.2556603E-03 feasible? T
gen    900/6000      elitist  1.1488904E-03 feasible? T
gen    900/6000      elitist  1.4723606E-03 feasible? T
gen    900/6000      elitist  1.3594433E-03 feasible? T
gen    900/6000      elitist  1.3392955E-03 feasible? T
gen    900/6000      elitist  1.3594457E-03 feasible? T
gen    900/6000      elitist  1.3594433E-03 feasible? T
gen    900/6000      elitist  1.2899723E-03 feasible? T
gen    900/6000      elitist  1.2556602E-03 feasible? T
population converged towards a single solution after 924 generations.
Starting local simplex optimization:
Solution before refinement:      1.3594432567E-03
 performing expansion, best =    1.3594432562258163E-003
 performing expansion, best =    1.3594432561584587E-003
 performing expansion, best =    1.3594432559601007E-003
 performing expansion, best =    1.3594432552358443E-003
 performing expansion, best =    1.3594432551401513E-003
Exiting simplex optimization after   400 iterations
Solution after  refinement:      1.3594432551E-03
RMSE         1.359443255E-03 Hartree
NEW BEST!

Starting fitting procedure for 3 charges, trial 2
gen      0/6000      elitist  2.3540968E-03 feasible? T
gen   1000/6000      elitist  1.3594432E-03 feasible? T
gen   1000/6000      elitist  1.4723496E-03 feasible? T
gen   1000/6000      elitist  1.1488904E-03 feasible? T
gen   1000/6000      elitist  1.3392851E-03 feasible? T
gen   1000/6000      elitist  1.3594437E-03 feasible? T
gen   1000/6000      elitist  1.2556594E-03 feasible? T
gen   1000/6000      elitist  1.2898424E-03 feasible? T
gen    100/6000      elitist  1.4872934E-03 feasible? T
population converged towards a single solution after 1047 generations.
Starting local simplex optimization:
Solution before refinement:      1.3594432483E-03
population converged towards a single solution after 1045 generations.
Starting local simplex optimization:
Solution before refinement:      1.1488903764E-03
 performing expansion, best =    1.3594432482020480E-003
 performing expansion, best =    1.3594432481878328E-003
Exiting simplex optimization after   408 iterations
Solution after  refinement:      1.3594432482E-03
RMSE         1.359443248E-03 Hartree
NEW BEST!

Starting fitting procedure for 3 charges, trial 2
gen      0/6000      elitist  2.8562032E-03 feasible? T
 performing expansion, best =    1.1488903761623166E-003
 performing expansion, best =    1.1488903760881637E-003
Exiting simplex optimization after   412 iterations
Solution after  refinement:      1.1488903761E-03
RMSE         1.148890376E-03 Hartree
NEW BEST!

Starting fitting procedure for 3 charges, trial 2
gen      0/6000      elitist  2.3540968E-03 feasible? T
gen   1100/6000      elitist  1.4723481E-03 feasible? T
gen   1100/6000      elitist  1.3392823E-03 feasible? T
gen   1100/6000      elitist  1.3594433E-03 feasible? T
gen   1100/6000      elitist  1.2556591E-03 feasible? T
gen   1100/6000      elitist  1.2898345E-03 feasible? T
gen    200/6000      elitist  1.3985019E-03 feasible? T
gen    100/6000      elitist  1.4937919E-03 feasible? T
gen    100/6000      elitist  1.2744770E-03 feasible? T
population converged towards a single solution after 1177 generations.
Starting local simplex optimization:
Solution before refinement:      1.2556590565E-03
gen   1200/6000      elitist  1.3392811E-03 feasible? T
 performing expansion, best =    1.2556590555350289E-003
 performing expansion, best =    1.2556590554647046E-003
 performing expansion, best =    1.2556590552240277E-003
Exiting simplex optimization after   381 iterations
Solution after  refinement:      1.2556590552E-03
RMSE         1.255659055E-03 Hartree
NEW BEST!

Starting fitting procedure for 3 charges, trial 2
gen   1200/6000      elitist  1.4723480E-03 feasible? T
gen      0/6000      elitist  2.8562032E-03 feasible? T
population converged towards a single solution after 1191 generations.
Starting local simplex optimization:
Solution before refinement:      1.3594432481E-03
 performing expansion, best =    1.3594432480639902E-003
Exiting simplex optimization after   392 iterations
Solution after  refinement:      1.3594432481E-03
RMSE         1.359443248E-03 Hartree
NEW BEST!

Starting fitting procedure for 3 charges, trial 2
gen      0/6000      elitist  2.3540968E-03 feasible? T
gen   1200/6000      elitist  1.2898322E-03 feasible? T
gen    300/6000      elitist  1.3664276E-03 feasible? T
gen    200/6000      elitist  1.1519505E-03 feasible? T
gen    200/6000      elitist  1.2750723E-03 feasible? T
gen   1300/6000      elitist  1.3392810E-03 feasible? T
gen    100/6000      elitist  1.1980341E-03 feasible? T
gen   1300/6000      elitist  1.4723480E-03 feasible? T
gen    100/6000      elitist  1.4535990E-03 feasible? T
gen   1300/6000      elitist  1.2898320E-03 feasible? T
gen    400/6000      elitist  1.3413475E-03 feasible? T
gen    300/6000      elitist  1.2660583E-03 feasible? T
population converged towards a single solution after 1342 generations.
Starting local simplex optimization:
Solution before refinement:      1.4723480150E-03
 performing expansion, best =    1.4723480149865405E-003
 performing expansion, best =    1.4723480147689340E-003
 performing expansion, best =    1.4723480145682607E-003
 performing expansion, best =    1.4723480143523596E-003
Exiting simplex optimization after   409 iterations
Solution after  refinement:      1.4723480144E-03
RMSE         1.472348014E-03 Hartree
NEW BEST!

Starting fitting procedure for 3 charges, trial 2
gen      0/6000      elitist  2.8562032E-03 feasible? T
gen    300/6000      elitist  1.1492848E-03 feasible? T
population converged towards a single solution after 1386 generations.
Starting local simplex optimization:
Solution before refinement:      1.3392810334E-03
 performing expansion, best =    1.3392810331873362E-003
Exiting simplex optimization after   435 iterations
Solution after  refinement:      1.3392810332E-03
RMSE         1.339281033E-03 Hartree
NEW BEST!

Starting fitting procedure for 3 charges, trial 2
gen      0/6000      elitist  2.3540968E-03 feasible? T
gen    200/6000      elitist  1.1526267E-03 feasible? T
gen    200/6000      elitist  1.3808545E-03 feasible? T
gen   1400/6000      elitist  1.2898316E-03 feasible? T
gen    500/6000      elitist  1.3394002E-03 feasible? T
gen    400/6000      elitist  1.2629982E-03 feasible? T
gen    100/6000      elitist  1.3945718E-03 feasible? T
gen    400/6000      elitist  1.1489326E-03 feasible? T
gen    100/6000      elitist  1.4410203E-03 feasible? T
gen    300/6000      elitist  1.1489582E-03 feasible? T
gen    300/6000      elitist  1.3604451E-03 feasible? T
gen    600/6000      elitist  1.3393313E-03 feasible? T
gen   1500/6000      elitist  1.2898315E-03 feasible? T
gen    500/6000      elitist  1.2627084E-03 feasible? T
gen    200/6000      elitist  1.3712923E-03 feasible? T
gen    500/6000      elitist  1.1488917E-03 feasible? T
gen    200/6000      elitist  1.3875840E-03 feasible? T
population converged towards a single solution after 1556 generations.
Starting local simplex optimization:
Solution before refinement:      1.2898314511E-03
Exiting simplex optimization after   440 iterations
Solution after  refinement:      1.2898314511E-03
RMSE         1.289831451E-03 Hartree
NEW BEST!

Starting fitting procedure for 3 charges, trial 2
gen      0/6000      elitist  2.9942557E-03 feasible? T
gen    400/6000      elitist  1.1488942E-03 feasible? T
gen    400/6000      elitist  1.3594822E-03 feasible? T
gen    600/6000      elitist  1.2626858E-03 feasible? T
gen    700/6000      elitist  1.3392888E-03 feasible? T
gen    600/6000      elitist  1.1488904E-03 feasible? T
gen    300/6000      elitist  1.3598677E-03 feasible? T
gen    300/6000      elitist  1.3682416E-03 feasible? T
gen    100/6000      elitist  1.4808914E-03 feasible? T
gen    500/6000      elitist  1.1488905E-03 feasible? T
gen    500/6000      elitist  1.3594464E-03 feasible? T
population converged towards a single solution after 665 generations.
Starting local simplex optimization:
Solution before refinement:      1.1488903812E-03
 performing expansion, best =    1.1488903811935184E-003
Exiting simplex optimization after   409 iterations
Solution after  refinement:      1.1488903812E-03
RMSE         1.148890381E-03 Hartree
NEW BEST!

Starting fitting procedure for 3 charges, trial 3
gen      0/6000      elitist  4.4640445E-03 feasible? T
gen    800/6000      elitist  1.3392818E-03 feasible? T
gen    700/6000      elitist  1.2626852E-03 feasible? T
gen    400/6000      elitist  1.3594492E-03 feasible? T
gen    400/6000      elitist  1.3467925E-03 feasible? T
population converged towards a single solution after 744 generations.
Starting local simplex optimization:
Solution before refinement:      1.2626851798E-03
 performing expansion, best =    1.2626851796927207E-003
Exiting simplex optimization after   372 iterations
Solution after  refinement:      1.2626851797E-03
RMSE         1.262685180E-03 Hartree

Starting fitting procedure for 3 charges, trial 3
gen      0/6000      elitist  2.6646759E-03 feasible? T
gen    200/6000      elitist  1.3627524E-03 feasible? T
gen    600/6000      elitist  1.3594433E-03 feasible? T
population converged towards a single solution after 597 generations.
Starting local simplex optimization:
Solution before refinement:      1.1488903794E-03
 performing expansion, best =    1.1488903780278099E-003
 performing expansion, best =    1.1488903777153406E-003
 performing expansion, best =    1.1488903776808448E-003
Exiting simplex optimization after   397 iterations
Solution after  refinement:      1.1488903777E-03
RMSE         1.148890378E-03 Hartree
NEW BEST!

Starting fitting procedure for 3 charges, trial 3
gen      0/6000      elitist  4.4640445E-03 feasible? T
gen    100/6000      elitist  1.3397280E-03 feasible? T
gen    900/6000      elitist  1.3392812E-03 feasible? T
gen    500/6000      elitist  1.3594437E-03 feasible? T
gen    500/6000      elitist  1.3395663E-03 feasible? T
population converged towards a single solution after 686 generations.
Starting local simplex optimization:
Solution before refinement:      1.3594432480E-03
gen    100/6000      elitist  1.5191823E-03 feasible? T
gen    300/6000      elitist  1.3595489E-03 feasible? T
Exiting simplex optimization after   406 iterations
Solution after  refinement:      1.3594432480E-03
RMSE         1.359443248E-03 Hartree
NEW BEST!

Starting fitting procedure for 3 charges, trial 3
gen      0/6000      elitist  2.6646759E-03 feasible? T
gen    100/6000      elitist  1.4960709E-03 feasible? T
gen    200/6000      elitist  1.2148858E-03 feasible? T
gen   1000/6000      elitist  1.3392810E-03 feasible? T
gen    600/6000      elitist  1.3594433E-03 feasible? T
gen    600/6000      elitist  1.3393179E-03 feasible? T
gen    400/6000      elitist  1.3594850E-03 feasible? T
gen    200/6000      elitist  1.5155825E-03 feasible? T
population converged towards a single solution after 1052 generations.
Starting local simplex optimization:
Solution before refinement:      1.3392810327E-03
gen    100/6000      elitist  1.5447360E-03 feasible? T
Exiting simplex optimization after   428 iterations
Solution after  refinement:      1.3392810327E-03
RMSE         1.339281033E-03 Hartree
NEW BEST!

Starting fitting procedure for 3 charges, trial 3
gen      0/6000      elitist  4.4784300E-03 feasible? T
population converged towards a single solution after 648 generations.
Starting local simplex optimization:
Solution before refinement:      1.3594432490E-03
 performing expansion, best =    1.3594432489866916E-003
 performing expansion, best =    1.3594432488489860E-003
 performing expansion, best =    1.3594432488104099E-003
Exiting simplex optimization after   386 iterations
Solution after  refinement:      1.3594432488E-03
RMSE         1.359443249E-03 Hartree
NEW BEST!

Starting fitting procedure for 3 charges, trial 3
gen    200/6000      elitist  1.4578987E-03 feasible? T
gen      0/6000      elitist  4.4640445E-03 feasible? T
gen    300/6000      elitist  1.1605579E-03 feasible? T
gen    700/6000      elitist  1.3392821E-03 feasible? T
gen    300/6000      elitist  1.5127829E-03 feasible? T
gen    500/6000      elitist  1.3594440E-03 feasible? T
gen    200/6000      elitist  1.5134398E-03 feasible? T
gen    100/6000      elitist  1.6926191E-03 feasible? T
gen    300/6000      elitist  1.4442754E-03 feasible? T
gen    100/6000      elitist  1.3898851E-03 feasible? T
gen    400/6000      elitist  1.1521507E-03 feasible? T
gen    800/6000      elitist  1.3392811E-03 feasible? T
gen    400/6000      elitist  1.5121140E-03 feasible? T
gen    600/6000      elitist  1.3594433E-03 feasible? T
gen    300/6000      elitist  1.5120332E-03 feasible? T
gen    200/6000      elitist  1.4647776E-03 feasible? T
gen    200/6000      elitist  1.1708716E-03 feasible? T
gen    400/6000      elitist  1.4428696E-03 feasible? T
gen    500/6000      elitist  1.1507831E-03 feasible? T
population converged towards a single solution after 679 generations.
Starting local simplex optimization:
Solution before refinement:      1.3594432486E-03
population converged towards a single solution after 898 generations.
Starting local simplex optimization:
Solution before refinement:      1.3392810327E-03
 performing expansion, best =    1.3594432484993649E-003
 performing expansion, best =    1.3392810326064842E-003
 performing expansion, best =    1.3594432484185109E-003
Exiting simplex optimization after   420 iterations
Solution after  refinement:      1.3594432484E-03
RMSE         1.359443248E-03 Hartree

Starting fitting procedure for 3 charges, trial 3
gen      0/6000      elitist  2.2884921E-03 feasible? T
 performing expansion, best =    1.3392810325462002E-003
Exiting simplex optimization after   434 iterations
Solution after  refinement:      1.3392810325E-03
RMSE         1.339281033E-03 Hartree
NEW BEST!

Starting fitting procedure for 3 charges, trial 3
gen      0/6000      elitist  2.6646759E-03 feasible? T
gen    500/6000      elitist  1.5119875E-03 feasible? T
gen    400/6000      elitist  1.5119812E-03 feasible? T
gen    300/6000      elitist  1.3698327E-03 feasible? T
gen    300/6000      elitist  1.1568757E-03 feasible? T
gen    500/6000      elitist  1.4427715E-03 feasible? T
gen    600/6000      elitist  1.1507536E-03 feasible? T
gen    100/6000      elitist  1.4768868E-03 feasible? T
gen    100/6000      elitist  1.4871471E-03 feasible? T
gen    400/6000      elitist  1.3058510E-03 feasible? T
gen    600/6000      elitist  1.5119721E-03 feasible? T
gen    400/6000      elitist  1.1509097E-03 feasible? T
gen    500/6000      elitist  1.5119727E-03 feasible? T
gen    600/6000      elitist  1.4427556E-03 feasible? T
gen    700/6000      elitist  1.1507510E-03 feasible? T
gen    200/6000      elitist  1.3933959E-03 feasible? T
gen    500/6000      elitist  1.2921808E-03 feasible? T
gen    200/6000      elitist  1.4743381E-03 feasible? T
gen    700/6000      elitist  1.5119719E-03 feasible? T
gen    500/6000      elitist  1.1507546E-03 feasible? T
gen    700/6000      elitist  1.4427552E-03 feasible? T
gen    600/6000      elitist  1.5119719E-03 feasible? T
population converged towards a single solution after 715 generations.
Starting local simplex optimization:
Solution before refinement:      1.5119718794E-03
 performing expansion, best =    1.5119718794070259E-003
 performing expansion, best =    1.5119718789396953E-003
 performing expansion, best =    1.5119718788633217E-003
 performing expansion, best =    1.5119718788195995E-003
 performing expansion, best =    1.5119718786080118E-003
Exiting simplex optimization after   389 iterations
Solution after  refinement:      1.5119718786E-03
RMSE         1.511971879E-03 Hartree

Starting fitting procedure for 3 charges, trial 4
gen      0/6000      elitist  2.8577006E-03 feasible? T
gen    800/6000      elitist  1.1507509E-03 feasible? T
population converged towards a single solution after 802 generations.
Starting local simplex optimization:
Solution before refinement:      1.1507508605E-03
population converged towards a single solution after 743 generations.
Starting local simplex optimization:
Solution before refinement:      1.4427552320E-03
 performing expansion, best =    1.1507508604050125E-003
 performing expansion, best =    1.1507508601737309E-003
 performing expansion, best =    1.1507508600185784E-003
 performing expansion, best =    1.1507508595557819E-003
Exiting simplex optimization after   400 iterations
Solution after  refinement:      1.1507508596E-03
RMSE         1.150750860E-03 Hartree

Starting fitting procedure for 3 charges, trial 4
gen      0/6000      elitist  3.5189597E-03 feasible? T
 performing expansion, best =    1.4427552319313062E-003
 performing expansion, best =    1.4427552317428267E-003
Exiting simplex optimization after   422 iterations
Solution after  refinement:      1.4427552317E-03
RMSE         1.442755232E-03 Hartree

Starting fitting procedure for 3 charges, trial 4
gen      0/6000      elitist  3.5189597E-03 feasible? T
gen    300/6000      elitist  1.3290126E-03 feasible? T
gen    300/6000      elitist  1.4724909E-03 feasible? T
gen    600/6000      elitist  1.2893034E-03 feasible? T
gen    600/6000      elitist  1.1507510E-03 feasible? T
gen    700/6000      elitist  1.5119719E-03 feasible? T
gen    100/6000      elitist  1.4710355E-03 feasible? T
population converged towards a single solution after 733 generations.
Starting local simplex optimization:
Solution before refinement:      1.5119718790E-03
 performing expansion, best =    1.5119718789890356E-003
Exiting simplex optimization after   399 iterations
Solution after  refinement:      1.5119718790E-03
RMSE         1.511971879E-03 Hartree

Starting fitting procedure for 3 charges, trial 4
gen      0/6000      elitist  2.8577006E-03 feasible? T
gen    100/6000      elitist  1.4893478E-03 feasible? T
gen    100/6000      elitist  1.4492244E-03 feasible? T
gen    400/6000      elitist  1.2915028E-03 feasible? T
gen    700/6000      elitist  1.2892436E-03 feasible? T
gen    400/6000      elitist  1.4723506E-03 feasible? T
gen    700/6000      elitist  1.1507509E-03 feasible? T
gen    200/6000      elitist  1.4343097E-03 feasible? T
population converged towards a single solution after 749 generations.
Starting local simplex optimization:
Solution before refinement:      1.1507508602E-03
gen    100/6000      elitist  1.4523587E-03 feasible? T
Exiting simplex optimization after   403 iterations
Solution after  refinement:      1.1507508602E-03
RMSE         1.150750860E-03 Hartree
NEW BEST!
gen    200/6000      elitist  1.4218362E-03 feasible? T

Starting fitting procedure for 3 charges, trial 4
gen      0/6000      elitist  3.5189597E-03 feasible? T
gen    200/6000      elitist  1.1815060E-03 feasible? T
gen    500/6000      elitist  1.2899511E-03 feasible? T
gen    800/6000      elitist  1.2892372E-03 feasible? T
gen    500/6000      elitist  1.4723482E-03 feasible? T
gen    300/6000      elitist  1.3954738E-03 feasible? T
gen    200/6000      elitist  1.3665765E-03 feasible? T
gen    300/6000      elitist  1.3664035E-03 feasible? T
gen    100/6000      elitist  1.4966167E-03 feasible? T
gen    300/6000      elitist  1.1559670E-03 feasible? T
gen    600/6000      elitist  1.2898371E-03 feasible? T
gen    600/6000      elitist  1.4723480E-03 feasible? T
gen    900/6000      elitist  1.2892368E-03 feasible? T
gen    400/6000      elitist  1.3595292E-03 feasible? T
gen    300/6000      elitist  1.3595289E-03 feasible? T
gen    200/6000      elitist  1.3682826E-03 feasible? T
gen    400/6000      elitist  1.3454229E-03 feasible? T
gen    400/6000      elitist  1.1507157E-03 feasible? T
population converged towards a single solution after 966 generations.
Starting local simplex optimization:
Solution before refinement:      1.2892367987E-03
 performing expansion, best =    1.2892367985436492E-003
Exiting simplex optimization after   473 iterations
Solution after  refinement:      1.2892367985E-03
RMSE         1.289236799E-03 Hartree
NEW BEST!

Starting fitting procedure for 3 charges, trial 4
gen      0/6000      elitist  2.1276041E-03 feasible? T
population converged towards a single solution after 677 generations.
Starting local simplex optimization:
Solution before refinement:      1.4723480064E-03
 performing expansion, best =    1.4723480063030408E-003
 performing expansion, best =    1.4723480062318131E-003
 performing expansion, best =    1.4723480062026791E-003
Exiting simplex optimization after   387 iterations
Solution after  refinement:      1.4723480062E-03
RMSE         1.472348006E-03 Hartree

Starting fitting procedure for 3 charges, trial 4
gen      0/6000      elitist  2.0184184E-03 feasible? T
gen    700/6000      elitist  1.2898317E-03 feasible? T
gen    500/6000      elitist  1.3565102E-03 feasible? T
gen    400/6000      elitist  1.3594458E-03 feasible? T
gen    300/6000      elitist  1.3623410E-03 feasible? T
gen    500/6000      elitist  1.1489168E-03 feasible? T
gen    500/6000      elitist  1.3399828E-03 feasible? T
gen    100/6000      elitist  1.3878220E-03 feasible? T
gen    100/6000      elitist  1.4995995E-03 feasible? T
gen    800/6000      elitist  1.2898315E-03 feasible? T
gen    600/6000      elitist  1.3550566E-03 feasible? T
gen    400/6000      elitist  1.3597076E-03 feasible? T
gen    500/6000      elitist  1.3594437E-03 feasible? T
population converged towards a single solution after 855 generations.
Starting local simplex optimization:
Solution before refinement:      1.2898314517E-03
gen    600/6000      elitist  1.3393102E-03 feasible? T
gen    600/6000      elitist  1.1488921E-03 feasible? T
Exiting simplex optimization after   452 iterations
Solution after  refinement:      1.2898314517E-03
RMSE         1.289831452E-03 Hartree

Starting fitting procedure for 3 charges, trial 4
gen      0/6000      elitist  3.5354839E-03 feasible? T
gen    200/6000      elitist  1.3597650E-03 feasible? T
gen    200/6000      elitist  1.4813430E-03 feasible? T
gen    700/6000      elitist  1.3419181E-03 feasible? T
gen    500/6000      elitist  1.3594521E-03 feasible? T
gen    600/6000      elitist  1.3594433E-03 feasible? T
gen    700/6000      elitist  1.3392838E-03 feasible? T
gen    700/6000      elitist  1.1488904E-03 feasible? T
gen    300/6000      elitist  1.3594518E-03 feasible? T
gen    100/6000      elitist  1.4600541E-03 feasible? T
gen    300/6000      elitist  1.4738437E-03 feasible? T
population converged towards a single solution after 646 generations.
Starting local simplex optimization:
Solution before refinement:      1.3594432481E-03
Exiting simplex optimization after   396 iterations
Solution after  refinement:      1.3594432481E-03
RMSE         1.359443248E-03 Hartree

Best found solution for 3 charges:
        RMSE         8.530628732E-01 kcal/mol
         MAE         5.833396793E-01 kcal/mol
     max. AE         4.972820236E+00 kcal/mol

       x[bohr]       y[bohr]       z[bohr]          q[e]
    -3.4339813    -0.5028432    -0.0750632     0.5412544
    -3.9842924    -0.6926728     0.9068416    -0.1493193
    -3.9654081    -0.6695812    -0.9281714    -0.1815062

gen    800/6000      elitist  1.3393441E-03 feasible? T
population converged towards a single solution after 782 generations.
Starting local simplex optimization:
Solution before refinement:      1.1488903776E-03
gen    600/6000      elitist  1.3594434E-03 feasible? T
 performing expansion, best =    1.1488903774403724E-003
 performing expansion, best =    1.1488903773306481E-003
 performing expansion, best =    1.1488903771775616E-003
Exiting simplex optimization after   404 iterations
Solution after  refinement:      1.1488903772E-03
RMSE         1.148890377E-03 Hartree
NEW BEST!

Best found solution for 3 charges:
        RMSE         7.209390517E-01 kcal/mol
         MAE         4.907339614E-01 kcal/mol
     max. AE         4.693096786E+00 kcal/mol

       x[bohr]       y[bohr]       z[bohr]          q[e]
    -3.4908188    -0.7395338    -0.0495865     0.6522840
    -4.6730843    -1.9886320    -0.0519246     0.5581448
    -4.3313386    -1.5477939    -0.0538102    -1.0000000

gen    800/6000      elitist  1.3392817E-03 feasible? T
gen    400/6000      elitist  1.3594437E-03 feasible? T
gen    200/6000      elitist  1.4008018E-03 feasible? T
gen    400/6000      elitist  1.4726021E-03 feasible? T
gen    900/6000      elitist  1.3392850E-03 feasible? T
gen    700/6000      elitist  1.3594432E-03 feasible? T
gen    900/6000      elitist  1.3392811E-03 feasible? T
population converged towards a single solution after 724 generations.
Starting local simplex optimization:
Solution before refinement:      1.3594432487E-03
gen    500/6000      elitist  1.3594433E-03 feasible? T
gen    300/6000      elitist  1.3456665E-03 feasible? T
 performing expansion, best =    1.3594432487043127E-003
 performing expansion, best =    1.3594432484321120E-003
 performing expansion, best =    1.3594432482564517E-003
 performing expansion, best =    1.3594432481702646E-003
Exiting simplex optimization after   383 iterations
Solution after  refinement:      1.3594432482E-03
RMSE         1.359443248E-03 Hartree

Best found solution for 3 charges:
        RMSE         8.530628732E-01 kcal/mol
         MAE         4.914703167E-01 kcal/mol
     max. AE         4.787672645E+00 kcal/mol

       x[bohr]       y[bohr]       z[bohr]          q[e]
    -3.5602625    -0.8004432    -0.0512145     0.9980511
    -4.0145094    -1.2221024    -0.0543060    -1.0000000
    -4.7748418    -2.1979514    -0.0504859     0.2123778

gen    500/6000      elitist  1.4723759E-03 feasible? T
gen   1000/6000      elitist  1.3392814E-03 feasible? T
population converged towards a single solution after 981 generations.
Starting local simplex optimization:
Solution before refinement:      1.3392810362E-03
 performing expansion, best =    1.3392810361025321E-003
 performing expansion, best =    1.3392810360669694E-003
 performing expansion, best =    1.3392810355803766E-003
Exiting simplex optimization after   416 iterations
Solution after  refinement:      1.3392810356E-03
RMSE         1.339281036E-03 Hartree

Best found solution for 3 charges:
        RMSE         8.404109034E-01 kcal/mol
         MAE         4.907329646E-01 kcal/mol
     max. AE         4.693193288E+00 kcal/mol

       x[bohr]       y[bohr]       z[bohr]          q[e]
    -3.4908573    -0.7395094    -0.0495947     0.6523026
    -4.6731259    -1.9885592    -0.0519551     0.5581263
    -4.3313631    -1.5477136    -0.0538334    -1.0000000

gen    600/6000      elitist  1.3594432E-03 feasible? T
gen    400/6000      elitist  1.3394104E-03 feasible? T
population converged towards a single solution after 612 generations.
Starting local simplex optimization:
Solution before refinement:      1.3594432482E-03
gen    600/6000      elitist  1.4723601E-03 feasible? T
 performing expansion, best =    1.3594432481739149E-003
Exiting simplex optimization after   397 iterations
Solution after  refinement:      1.3594432482E-03
RMSE         1.359443248E-03 Hartree

Best found solution for 3 charges:
        RMSE         8.530628732E-01 kcal/mol
         MAE         5.042964560E-01 kcal/mol
     max. AE         6.347413038E+00 kcal/mol

       x[bohr]       y[bohr]       z[bohr]          q[e]
    -3.3915713     0.1979717     0.9411574    -0.8608567
    -3.1787296     0.0352333     0.6417860     1.0000000
    -4.0323895     1.3375342     2.3307708     0.0712856

gen   1100/6000      elitist  1.3392810E-03 feasible? T
gen    500/6000      elitist  1.3393159E-03 feasible? T
gen    700/6000      elitist  1.4723505E-03 feasible? T
population converged towards a single solution after 1189 generations.
Starting local simplex optimization:
Solution before refinement:      1.3392810329E-03
 performing expansion, best =    1.3392810323650925E-003
 performing expansion, best =    1.3392810323169429E-003
 performing expansion, best =    1.3392810322732493E-003
Exiting simplex optimization after   431 iterations
Solution after  refinement:      1.3392810323E-03
RMSE         1.339281032E-03 Hartree

Best found solution for 3 charges:
        RMSE         8.404109013E-01 kcal/mol
         MAE         4.907342534E-01 kcal/mol
     max. AE         4.692987714E+00 kcal/mol

       x[bohr]       y[bohr]       z[bohr]          q[e]
    -3.4908496    -0.7395611    -0.0496158     0.6523119
    -4.3313445    -1.5477821    -0.0538507    -1.0000000
    -4.6731181    -1.9886451    -0.0519643     0.5581169

gen    600/6000      elitist  1.3392969E-03 feasible? T
gen    800/6000      elitist  1.4723481E-03 feasible? T
gen    900/6000      elitist  1.4723480E-03 feasible? T
gen    700/6000      elitist  1.3392812E-03 feasible? T
population converged towards a single solution after 919 generations.
Starting local simplex optimization:
Solution before refinement:      1.4723480079E-03
 performing expansion, best =    1.4723480075173930E-003
 performing expansion, best =    1.4723480071176414E-003
 performing expansion, best =    1.4723480069662482E-003
Exiting simplex optimization after   412 iterations
Solution after  refinement:      1.4723480070E-03
RMSE         1.472348007E-03 Hartree

Best found solution for 3 charges:
        RMSE         9.239116255E-01 kcal/mol
         MAE         5.613779676E-01 kcal/mol
     max. AE         5.924860023E+00 kcal/mol

       x[bohr]       y[bohr]       z[bohr]          q[e]
    -3.9082247    -1.2476631    -0.0566433     0.6164319
    -3.7432892    -0.9176786    -0.0641529    -1.0000000
    -3.1649953    -0.3094016    -0.0618931     0.5939970

gen    800/6000      elitist  1.3392810E-03 feasible? T
population converged towards a single solution after 869 generations.
Starting local simplex optimization:
Solution before refinement:      1.3392810328E-03
 performing expansion, best =    1.3392810322517463E-003
 performing expansion, best =    1.3392810321514472E-003
Exiting simplex optimization after   454 iterations
Solution after  refinement:      1.3392810322E-03
RMSE         1.339281032E-03 Hartree

Best found solution for 3 charges:
        RMSE         8.404109012E-01 kcal/mol
         MAE         5.050749361E-01 kcal/mol
     max. AE         6.246319603E+00 kcal/mol

       x[bohr]       y[bohr]       z[bohr]          q[e]
    -3.2262598     0.0109375    -0.6899991     1.0000000
    -3.4469960     0.1629022    -0.9754956    -0.8568742
    -4.0855216     1.3140180    -2.3447180     0.0673030

