Running in fitting mode

Reading "/home/boittier/pydcm/models/fbutadiene-9/ref/B.p.cube"...

  B.pdb Potential
  Electrostatic potential from Total SCF Density
   10   -8.963761   -6.906993   -7.147215
  116    0.166667    0.000000    0.000000
   94    0.000000    0.166667    0.000000
   89    0.000000    0.000000    0.166667
    6    6.000000   -2.451009    2.070219   -0.093423
    6    6.000000   -0.935804    0.091752    0.132037
    6    6.000000    1.735923    0.020368    0.947527
    6    6.000000    3.679089    0.227463   -0.634462
    1    1.000000   -4.413669    1.842751   -0.622655
    1    1.000000   -1.720742    3.950739    0.226720
    9    9.000000   -1.900428   -2.280943   -0.227446
    1    1.000000    2.057303   -0.375645    2.939019
    1    1.000000    3.399753    0.560525   -2.637548
    1    1.000000    5.612014    0.091306    0.031400
 -1.47908E-02 -1.33987E-02 -1.30104E-02 -1.22921E-02 -1.17954E-02 -1.15017E-02
       .            .            .            .            .            .
       .            .            .            .            .            .
       .            .            .            .            .            .
  7.27027E-03  7.26738E-03  6.84883E-03  6.90194E-03  6.94673E-03  6.98262E-03

203649 out of 970456 gridpoints are considered ( 21.0%).

...done!




USING GREEDY MODE
File "multipole9_1charges.xyz" already exists. Fitting procedure is skipped.
File "multipole9_2charges.xyz" already exists. Fitting procedure is skipped.
File "multipole9_3charges.xyz" already exists. Fitting procedure is skipped.
File "multipole9_4charges.xyz" already exists. Fitting procedure is skipped.
File "multipole10_1charges.xyz" already exists. Fitting procedure is skipped.
File "multipole10_2charges.xyz" already exists. Fitting procedure is skipped.
File "multipole10_3charges.xyz" already exists. Fitting procedure is skipped.
File "multipole10_4charges.xyz" already exists. Fitting procedure is skipped.
File "multipole4_1charges.xyz" already exists. Fitting procedure is skipped.
File "multipole4_2charges.xyz" already exists. Fitting procedure is skipped.
File "multipole4_3charges.xyz" already exists. Fitting procedure is skipped.
File "multipole4_4charges.xyz" already exists. Fitting procedure is skipped.
Fragment fit detected
Fitting to MTP grid, discarding reference MEP cube data
Subsequent stats etc. are compared to MTP data, not the
MEP from the reference cube file
Total fragment charge (a.u.):         2.690993133E-02
Running DE in parallel with 1 thread(s)!

Starting fitting procedure for 4 charges, trial 1
gen      0/8000      elitist  2.1108952E-03 feasible? T
gen    100/8000      elitist  9.0211688E-04 feasible? T
gen    200/8000      elitist  7.2813697E-04 feasible? T
gen    300/8000      elitist  5.9792611E-04 feasible? T
gen    400/8000      elitist  5.8002210E-04 feasible? T
gen    500/8000      elitist  5.6245629E-04 feasible? T
gen    600/8000      elitist  5.5724069E-04 feasible? T
gen    700/8000      elitist  5.5351777E-04 feasible? T
gen    800/8000      elitist  5.4148749E-04 feasible? T
gen    900/8000      elitist  5.3729456E-04 feasible? T
gen   1000/8000      elitist  5.3698299E-04 feasible? T
gen   1100/8000      elitist  5.3695016E-04 feasible? T
gen   1200/8000      elitist  5.3694066E-04 feasible? T
gen   1300/8000      elitist  5.3692237E-04 feasible? T
gen   1400/8000      elitist  5.3690515E-04 feasible? T
gen   1500/8000      elitist  5.3690093E-04 feasible? T
gen   1600/8000      elitist  5.3690021E-04 feasible? T
gen   1700/8000      elitist  5.3690010E-04 feasible? T
gen   1800/8000      elitist  5.3690008E-04 feasible? T
population converged towards a single solution after 1900 generations.
Starting local simplex optimization:
Solution before refinement:      5.3690007226E-04
 performing expansion, best =    5.3689017511753055E-004
 performing expansion, best =    5.3686451017658963E-004
 performing expansion, best =    5.3685857034471522E-004
 performing expansion, best =    5.3684759011199997E-004
 performing expansion, best =    5.3684182957516988E-004
 performing expansion, best =    5.3683930673265599E-004
 performing expansion, best =    5.3683531730902166E-004
 performing expansion, best =    5.3683071112247511E-004
 performing expansion, best =    5.3682883527064859E-004
 performing expansion, best =    5.3682838818451138E-004
 performing expansion, best =    5.3682738186527760E-004
 performing expansion, best =    5.3682657291183095E-004
 performing expansion, best =    5.3682577764880873E-004
 performing expansion, best =    5.3682470779481037E-004
 performing expansion, best =    5.3682250537235470E-004
 performing expansion, best =    5.3682159258321919E-004
 performing expansion, best =    5.3682094278511758E-004
 performing expansion, best =    5.3682041265421638E-004
 performing expansion, best =    5.3681982497354847E-004
 performing expansion, best =    5.3681941980009292E-004
 performing expansion, best =    5.3681888923173544E-004
 performing expansion, best =    5.3681788683539384E-004
 performing expansion, best =    5.3681716140896961E-004
 performing expansion, best =    5.3681705831051915E-004
 performing expansion, best =    5.3681648461416430E-004
 performing expansion, best =    5.3681556362481788E-004
 performing expansion, best =    5.3681511717209565E-004
 performing expansion, best =    5.3681493226135821E-004
 performing expansion, best =    5.3681479417183933E-004
 performing expansion, best =    5.3681461036632762E-004
 performing expansion, best =    5.3681335774744422E-004
 performing expansion, best =    5.3681329396378465E-004
 performing expansion, best =    5.3681211033312123E-004
 performing expansion, best =    5.3681061037041727E-004
 performing expansion, best =    5.3680927539672177E-004
 performing expansion, best =    5.3680833230008019E-004
 performing expansion, best =    5.3680666511719767E-004
 performing expansion, best =    5.3680537397142599E-004
 performing expansion, best =    5.3680343573123438E-004
 performing expansion, best =    5.3680207971748637E-004
 performing expansion, best =    5.3680196555937383E-004
 performing expansion, best =    5.3680017996745103E-004
 performing expansion, best =    5.3679825550849100E-004
 performing expansion, best =    5.3679795866538405E-004
 performing expansion, best =    5.3679749090391354E-004
 performing expansion, best =    5.3679714460884030E-004
 performing expansion, best =    5.3679534407574821E-004
 performing expansion, best =    5.3679377010060333E-004
 performing expansion, best =    5.3679324258959786E-004
 performing expansion, best =    5.3679280207342495E-004
 performing expansion, best =    5.3679026478911261E-004
 performing expansion, best =    5.3678782295033271E-004
 performing expansion, best =    5.3678724668798324E-004
 performing expansion, best =    5.3678712162729401E-004
 performing expansion, best =    5.3678449089098813E-004
 performing expansion, best =    5.3678349217956163E-004
 performing expansion, best =    5.3678311966494569E-004
 performing expansion, best =    5.3678177780953820E-004
 performing expansion, best =    5.3678060636706934E-004
 performing expansion, best =    5.3677941804583279E-004
 performing expansion, best =    5.3677731594914976E-004
 performing expansion, best =    5.3677497079974306E-004
 performing expansion, best =    5.3677460234702378E-004
 performing expansion, best =    5.3677220048812602E-004
 performing expansion, best =    5.3676973722251728E-004
 performing expansion, best =    5.3676732392429110E-004
 performing expansion, best =    5.3676718132809789E-004
 performing expansion, best =    5.3676687014486148E-004
 performing expansion, best =    5.3676679868779368E-004
 performing expansion, best =    5.3676649001396771E-004
 performing expansion, best =    5.3676648253115017E-004
 performing expansion, best =    5.3676577563609770E-004
 performing expansion, best =    5.3676570794830515E-004
 performing expansion, best =    5.3676558540563838E-004
 performing expansion, best =    5.3676554049231543E-004
 performing expansion, best =    5.3676553895656192E-004
 performing expansion, best =    5.3676548110532217E-004
 performing expansion, best =    5.3676541413574114E-004
 performing expansion, best =    5.3676540389464692E-004
 performing expansion, best =    5.3676532024084472E-004
 performing expansion, best =    5.3676528755188717E-004
 performing expansion, best =    5.3676527493349885E-004
 performing expansion, best =    5.3676523879823241E-004
 performing expansion, best =    5.3676518974305496E-004
 performing expansion, best =    5.3676502193164034E-004
 performing expansion, best =    5.3676498596700814E-004
 performing expansion, best =    5.3676495821135294E-004
 performing expansion, best =    5.3676493821467838E-004
 performing expansion, best =    5.3676492802754534E-004
 performing expansion, best =    5.3676490440013802E-004
 performing expansion, best =    5.3676489109902368E-004
 performing expansion, best =    5.3676478581264001E-004
 performing expansion, best =    5.3676465743516166E-004
 performing expansion, best =    5.3676464823420385E-004
 performing expansion, best =    5.3676462888104198E-004
 performing expansion, best =    5.3676452081833606E-004
 performing expansion, best =    5.3676441878456509E-004
 performing expansion, best =    5.3676433361256489E-004
 performing expansion, best =    5.3676423552997705E-004
 performing expansion, best =    5.3676412227467163E-004
 performing expansion, best =    5.3676397908786709E-004
 performing expansion, best =    5.3676382526022062E-004
 performing expansion, best =    5.3676368108210607E-004
 performing expansion, best =    5.3676341485493024E-004
 performing expansion, best =    5.3676339226145400E-004
 performing expansion, best =    5.3676336912318904E-004
 performing expansion, best =    5.3676334518858485E-004
 performing expansion, best =    5.3676333925681198E-004
 performing expansion, best =    5.3676330531165215E-004
 performing expansion, best =    5.3676328394880425E-004
 performing expansion, best =    5.3676328365882668E-004
 performing expansion, best =    5.3676328299235698E-004
 performing expansion, best =    5.3676327057192565E-004
 performing expansion, best =    5.3676326634974976E-004
 performing expansion, best =    5.3676326348141431E-004
 performing expansion, best =    5.3676325997939782E-004
 performing expansion, best =    5.3676325821706524E-004
 performing expansion, best =    5.3676325759197704E-004
 performing expansion, best =    5.3676324042139243E-004
 performing expansion, best =    5.3676321951133716E-004
 performing expansion, best =    5.3676321624102931E-004
 performing expansion, best =    5.3676319813278904E-004
 performing expansion, best =    5.3676319122520147E-004
 performing expansion, best =    5.3676319013132268E-004
 performing expansion, best =    5.3676318775026065E-004
 performing expansion, best =    5.3676318598926435E-004
 performing expansion, best =    5.3676318596696687E-004
 performing expansion, best =    5.3676318574365982E-004
 performing expansion, best =    5.3676318298849751E-004
 performing expansion, best =    5.3676317525147381E-004
 performing expansion, best =    5.3676317389538127E-004
 performing expansion, best =    5.3676317324849248E-004
 performing expansion, best =    5.3676317079214323E-004
 performing expansion, best =    5.3676317066572526E-004
 performing expansion, best =    5.3676316933255514E-004
 performing expansion, best =    5.3676316880515973E-004
 performing expansion, best =    5.3676316770436168E-004
 performing expansion, best =    5.3676316618865756E-004
 performing expansion, best =    5.3676316117619630E-004
 performing expansion, best =    5.3676315774967964E-004
 performing expansion, best =    5.3676315772183613E-004
 performing expansion, best =    5.3676315516656449E-004
 performing expansion, best =    5.3676315454756799E-004
 performing expansion, best =    5.3676315417270010E-004
 performing expansion, best =    5.3676314931903793E-004
 performing expansion, best =    5.3676314499828920E-004
 performing expansion, best =    5.3676314041569339E-004
 performing expansion, best =    5.3676313952088779E-004
 performing expansion, best =    5.3676313811390930E-004
 performing expansion, best =    5.3676313280476469E-004
 performing expansion, best =    5.3676313260186828E-004
 performing expansion, best =    5.3676313257916867E-004
 performing expansion, best =    5.3676313239475542E-004
 performing expansion, best =    5.3676313082216191E-004
 performing expansion, best =    5.3676312824044311E-004
 performing expansion, best =    5.3676312800472520E-004
 performing expansion, best =    5.3676312795465869E-004
 performing expansion, best =    5.3676312610017186E-004
 performing expansion, best =    5.3676312564071083E-004
 performing expansion, best =    5.3676312518985880E-004
 performing expansion, best =    5.3676312508301220E-004
 performing expansion, best =    5.3676312499470751E-004
 performing expansion, best =    5.3676312360120425E-004
 performing expansion, best =    5.3676312359693867E-004
 performing expansion, best =    5.3676312244328533E-004
 performing expansion, best =    5.3676312106476682E-004
 performing expansion, best =    5.3676311896102701E-004
 performing expansion, best =    5.3676311685187247E-004
 performing expansion, best =    5.3676311469168594E-004
 performing expansion, best =    5.3676311407874471E-004
 performing expansion, best =    5.3676311073739104E-004
 performing expansion, best =    5.3676310726879562E-004
 performing expansion, best =    5.3676310389969093E-004
 performing expansion, best =    5.3676309941348818E-004
 performing expansion, best =    5.3676309448102456E-004
 performing expansion, best =    5.3676309331717918E-004
 performing expansion, best =    5.3676308599809753E-004
 performing expansion, best =    5.3676307711608196E-004
 performing expansion, best =    5.3676306703886176E-004
 performing expansion, best =    5.3676305637481866E-004
 performing expansion, best =    5.3676304418334350E-004
 performing expansion, best =    5.3676302939191804E-004
 performing expansion, best =    5.3676301322652610E-004
 performing expansion, best =    5.3676299231461902E-004
 performing expansion, best =    5.3676298855182198E-004
 performing expansion, best =    5.3676298493035470E-004
 performing expansion, best =    5.3676295823081304E-004
 performing expansion, best =    5.3676292315955518E-004
 performing expansion, best =    5.3676289056439586E-004
 performing expansion, best =    5.3676284991907098E-004
 performing expansion, best =    5.3676280740233789E-004
 performing expansion, best =    5.3676275345096371E-004
 performing expansion, best =    5.3676269330662227E-004
 performing expansion, best =    5.3676263544186892E-004
 performing expansion, best =    5.3676258199449392E-004
 performing expansion, best =    5.3676253338701303E-004
 performing expansion, best =    5.3676249921611829E-004
 performing expansion, best =    5.3676249363930910E-004
 performing expansion, best =    5.3676249254941942E-004
 performing expansion, best =    5.3676249053019901E-004
 performing expansion, best =    5.3676248817625884E-004
 performing expansion, best =    5.3676248662947314E-004
 performing expansion, best =    5.3676248436265576E-004
 performing expansion, best =    5.3676248207210010E-004
 performing expansion, best =    5.3676247661892996E-004
 performing expansion, best =    5.3676247189534548E-004
 performing expansion, best =    5.3676246797723106E-004
 performing expansion, best =    5.3676246143103627E-004
 performing expansion, best =    5.3676245344967514E-004
 performing expansion, best =    5.3676244492689912E-004
 performing expansion, best =    5.3676243802922431E-004
 performing expansion, best =    5.3676243200434732E-004
 performing expansion, best =    5.3676241874236065E-004
 performing expansion, best =    5.3676240626024971E-004
 performing expansion, best =    5.3676238376525090E-004
 performing expansion, best =    5.3676238095438423E-004
 performing expansion, best =    5.3676237958621140E-004
 performing expansion, best =    5.3676237915807243E-004
 performing expansion, best =    5.3676237639316748E-004
 performing expansion, best =    5.3676237546931654E-004
 performing expansion, best =    5.3676237363702061E-004
 performing expansion, best =    5.3676237343376859E-004
 performing expansion, best =    5.3676237343155465E-004
 performing expansion, best =    5.3676237322068004E-004
 performing expansion, best =    5.3676237267833772E-004
 performing expansion, best =    5.3676237248550379E-004
 performing expansion, best =    5.3676237240099967E-004
Exiting simplex optimization after  1633 iterations
Solution after  refinement:      5.3676237240E-04
RMSE         5.367623724E-04 Hartree
NEW BEST!

Starting fitting procedure for 4 charges, trial 2
gen      0/8000      elitist  5.5526042E-03 feasible? T
gen    100/8000      elitist  9.0643210E-04 feasible? T
gen    200/8000      elitist  5.7361478E-04 feasible? T
gen    300/8000      elitist  5.5516129E-04 feasible? T
gen    400/8000      elitist  5.4452656E-04 feasible? T
gen    500/8000      elitist  5.3808851E-04 feasible? T
gen    600/8000      elitist  5.3667581E-04 feasible? T
gen    700/8000      elitist  5.3476312E-04 feasible? T
gen    800/8000      elitist  5.3417215E-04 feasible? T
gen    900/8000      elitist  5.3412371E-04 feasible? T
gen   1000/8000      elitist  5.3379983E-04 feasible? T
gen   1100/8000      elitist  5.3368180E-04 feasible? T
gen   1200/8000      elitist  5.3367707E-04 feasible? T
gen   1300/8000      elitist  5.3367595E-04 feasible? T
gen   1400/8000      elitist  5.3367508E-04 feasible? T
gen   1500/8000      elitist  5.3367363E-04 feasible? T
gen   1600/8000      elitist  5.3367317E-04 feasible? T
gen   1700/8000      elitist  5.3367315E-04 feasible? T
gen   1800/8000      elitist  5.3367312E-04 feasible? T
population converged towards a single solution after 1805 generations.
Starting local simplex optimization:
Solution before refinement:      5.3367312385E-04
Exiting simplex optimization after   608 iterations
Solution after  refinement:      5.3367312385E-04
RMSE         5.336731238E-04 Hartree
NEW BEST!

Starting fitting procedure for 4 charges, trial 3
gen      0/8000      elitist  1.9118808E-03 feasible? T
gen    100/8000      elitist  6.3246013E-04 feasible? T
gen    200/8000      elitist  5.4486238E-04 feasible? T
gen    300/8000      elitist  5.4146338E-04 feasible? T
gen    400/8000      elitist  5.3585490E-04 feasible? T
gen    500/8000      elitist  5.3494129E-04 feasible? T
gen    600/8000      elitist  5.3440186E-04 feasible? T
gen    700/8000      elitist  5.3403106E-04 feasible? T
gen    800/8000      elitist  5.3392937E-04 feasible? T
gen    900/8000      elitist  5.3380332E-04 feasible? T
gen   1000/8000      elitist  5.3369323E-04 feasible? T
gen   1100/8000      elitist  5.3368537E-04 feasible? T
gen   1200/8000      elitist  5.3367493E-04 feasible? T
gen   1300/8000      elitist  5.3367333E-04 feasible? T
gen   1400/8000      elitist  5.3367320E-04 feasible? T
gen   1500/8000      elitist  5.3367313E-04 feasible? T
population converged towards a single solution after 1541 generations.
Starting local simplex optimization:
Solution before refinement:      5.3367313047E-04
 performing expansion, best =    5.3367312900668665E-004
 performing expansion, best =    5.3367312863499895E-004
 performing expansion, best =    5.3367312858731541E-004
 performing expansion, best =    5.3367312824279195E-004
 performing expansion, best =    5.3367312758987608E-004
 performing expansion, best =    5.3367312735388647E-004
 performing expansion, best =    5.3367312727954478E-004
 performing expansion, best =    5.3367312639456042E-004
Exiting simplex optimization after   606 iterations
Solution after  refinement:      5.3367312639E-04
RMSE         5.336731264E-04 Hartree

Starting fitting procedure for 4 charges, trial 4
gen      0/8000      elitist  9.9527079E-03 feasible? T
gen    100/8000      elitist  9.7109986E-04 feasible? T
gen    200/8000      elitist  5.9347914E-04 feasible? T
gen    300/8000      elitist  5.6725894E-04 feasible? T
gen    400/8000      elitist  5.1864169E-04 feasible? T
gen    500/8000      elitist  5.0125950E-04 feasible? T
gen    600/8000      elitist  4.9577494E-04 feasible? T
gen    700/8000      elitist  4.8885407E-04 feasible? T
gen    800/8000      elitist  4.8235030E-04 feasible? T
gen    900/8000      elitist  4.7783624E-04 feasible? T
gen   1000/8000      elitist  4.7705641E-04 feasible? T
gen   1100/8000      elitist  4.7701390E-04 feasible? T
gen   1200/8000      elitist  4.7694192E-04 feasible? T
gen   1300/8000      elitist  4.7680742E-04 feasible? T
gen   1400/8000      elitist  4.7630791E-04 feasible? T
gen   1500/8000      elitist  4.7626151E-04 feasible? T
gen   1600/8000      elitist  4.7625199E-04 feasible? T
gen   1700/8000      elitist  4.7625154E-04 feasible? T
gen   1800/8000      elitist  4.7625150E-04 feasible? T
gen   1900/8000      elitist  4.7624880E-04 feasible? T
gen   2000/8000      elitist  4.7624834E-04 feasible? T
gen   2100/8000      elitist  4.7624824E-04 feasible? T
gen   2200/8000      elitist  4.7624820E-04 feasible? T
population converged towards a single solution after 2291 generations.
Starting local simplex optimization:
Solution before refinement:      4.7624818517E-04
 performing expansion, best =    4.7624818454972199E-004
 performing expansion, best =    4.7624818423978226E-004
 performing expansion, best =    4.7624818409372943E-004
 performing expansion, best =    4.7624818387567112E-004
 performing expansion, best =    4.7624818374435884E-004
 performing expansion, best =    4.7624818369609130E-004
 performing expansion, best =    4.7624818347086965E-004
Exiting simplex optimization after   626 iterations
Solution after  refinement:      4.7624818347E-04
RMSE         4.762481835E-04 Hartree
NEW BEST!

Best found solution for 4 charges:
        RMSE         2.988500214E-01 kcal/mol
         MAE         1.808116940E-01 kcal/mol
     max. AE         2.850031438E+00 kcal/mol

       x[bohr]       y[bohr]       z[bohr]          q[e]
     3.2521801     0.4978026    -2.3706225     0.2238279
     4.3676593     0.1623678    -0.4301177    -0.9879174
     2.7239966     0.1816644    -0.1523732    -0.2090005
     4.6637400     0.1304326    -0.2248817     1.0000000

